

================================================================
== Vitis HLS Report for 'AddRoundKey92'
================================================================
* Date:           Sat Jan  1 23:30:24 2022

* Version:        2020.2 (Build 3064766 on Wed Nov 18 09:12:45 MST 2020)
* Project:        aes
* Solution:       solution1 (Vivado IP Flow Target)
* Product family: zynq
* Target device:  xc7z020-clg484-1


================================================================
== Performance Estimates
================================================================
+ Timing: 
    * Summary: 
    +--------+----------+----------+------------+
    |  Clock |  Target  | Estimated| Uncertainty|
    +--------+----------+----------+------------+
    |ap_clk  |  10.00 ns|  4.640 ns|     2.70 ns|
    +--------+----------+----------+------------+

+ Latency: 
    * Summary: 
    +---------+---------+----------+----------+-----+-----+---------+
    |  Latency (cycles) |  Latency (absolute) |  Interval | Pipeline|
    |   min   |   max   |    min   |    max   | min | max |   Type  |
    +---------+---------+----------+----------+-----+-----+---------+
    |        0|        0|      0 ns|      0 ns|    0|    0|     none|
    +---------+---------+----------+----------+-----+-----+---------+

    + Detail: 
        * Instance: 
        N/A

        * Loop: 
        N/A



================================================================
== Utilization Estimates
================================================================
* Summary: 
+-----------------+---------+-----+--------+-------+-----+
|       Name      | BRAM_18K| DSP |   FF   |  LUT  | URAM|
+-----------------+---------+-----+--------+-------+-----+
|DSP              |        -|    -|       -|      -|    -|
|Expression       |        -|    -|       0|    130|    -|
|FIFO             |        -|    -|       -|      -|    -|
|Instance         |        -|    -|       -|      -|    -|
|Memory           |        -|    -|       -|      -|    -|
|Multiplexer      |        -|    -|       -|    297|    -|
|Register         |        -|    -|     130|      -|    -|
+-----------------+---------+-----+--------+-------+-----+
|Total            |        0|    0|     130|    427|    0|
+-----------------+---------+-----+--------+-------+-----+
|Available        |      280|  220|  106400|  53200|    0|
+-----------------+---------+-----+--------+-------+-----+
|Utilization (%)  |        0|    0|      ~0|     ~0|    0|
+-----------------+---------+-----+--------+-------+-----+

+ Detail: 
    * Instance: 
    N/A

    * DSP: 
    N/A

    * Memory: 
    N/A

    * FIFO: 
    N/A

    * Expression: 
    +-----------------------+----------+----+---+----+------------+------------+
    |     Variable Name     | Operation| DSP| FF| LUT| Bitwidth P0| Bitwidth P1|
    +-----------------------+----------+----+---+----+------------+------------+
    |ap_block_state1        |        or|   0|  0|   2|           1|           1|
    |xor_ln62_16_fu_282_p2  |       xor|   0|  0|   8|           8|           8|
    |xor_ln62_17_fu_288_p2  |       xor|   0|  0|   8|           8|           8|
    |xor_ln62_18_fu_294_p2  |       xor|   0|  0|   8|           8|           8|
    |xor_ln62_19_fu_300_p2  |       xor|   0|  0|   8|           8|           8|
    |xor_ln62_20_fu_306_p2  |       xor|   0|  0|   8|           8|           8|
    |xor_ln62_21_fu_312_p2  |       xor|   0|  0|   8|           8|           8|
    |xor_ln62_22_fu_318_p2  |       xor|   0|  0|   8|           8|           8|
    |xor_ln62_23_fu_324_p2  |       xor|   0|  0|   8|           8|           8|
    |xor_ln62_24_fu_330_p2  |       xor|   0|  0|   8|           8|           8|
    |xor_ln62_25_fu_336_p2  |       xor|   0|  0|   8|           8|           8|
    |xor_ln62_26_fu_342_p2  |       xor|   0|  0|   8|           8|           8|
    |xor_ln62_27_fu_348_p2  |       xor|   0|  0|   8|           8|           8|
    |xor_ln62_28_fu_354_p2  |       xor|   0|  0|   8|           8|           8|
    |xor_ln62_29_fu_360_p2  |       xor|   0|  0|   8|           8|           8|
    |xor_ln62_30_fu_366_p2  |       xor|   0|  0|   8|           8|           8|
    |xor_ln62_fu_276_p2     |       xor|   0|  0|   8|           8|           8|
    +-----------------------+----------+----+---+----+------------+------------+
    |Total                  |          |   0|  0| 130|         129|         129|
    +-----------------------+----------+----+---+----+------------+------------+

    * Multiplexer: 
    +-------------------+----+-----------+-----+-----------+
    |        Name       | LUT| Input Size| Bits| Total Bits|
    +-------------------+----+-----------+-----+-----------+
    |RoundKey144_blk_n  |   9|          2|    1|          2|
    |RoundKey145_blk_n  |   9|          2|    1|          2|
    |RoundKey146_blk_n  |   9|          2|    1|          2|
    |RoundKey147_blk_n  |   9|          2|    1|          2|
    |RoundKey148_blk_n  |   9|          2|    1|          2|
    |RoundKey149_blk_n  |   9|          2|    1|          2|
    |RoundKey150_blk_n  |   9|          2|    1|          2|
    |RoundKey151_blk_n  |   9|          2|    1|          2|
    |RoundKey152_blk_n  |   9|          2|    1|          2|
    |RoundKey153_blk_n  |   9|          2|    1|          2|
    |RoundKey154_blk_n  |   9|          2|    1|          2|
    |RoundKey155_blk_n  |   9|          2|    1|          2|
    |RoundKey156_blk_n  |   9|          2|    1|          2|
    |RoundKey157_blk_n  |   9|          2|    1|          2|
    |RoundKey158_blk_n  |   9|          2|    1|          2|
    |RoundKey159_blk_n  |   9|          2|    1|          2|
    |ap_done            |   9|          2|    1|          2|
    |ap_return_0        |   9|          2|    8|         16|
    |ap_return_1        |   9|          2|    8|         16|
    |ap_return_10       |   9|          2|    8|         16|
    |ap_return_11       |   9|          2|    8|         16|
    |ap_return_12       |   9|          2|    8|         16|
    |ap_return_13       |   9|          2|    8|         16|
    |ap_return_14       |   9|          2|    8|         16|
    |ap_return_15       |   9|          2|    8|         16|
    |ap_return_2        |   9|          2|    8|         16|
    |ap_return_3        |   9|          2|    8|         16|
    |ap_return_4        |   9|          2|    8|         16|
    |ap_return_5        |   9|          2|    8|         16|
    |ap_return_6        |   9|          2|    8|         16|
    |ap_return_7        |   9|          2|    8|         16|
    |ap_return_8        |   9|          2|    8|         16|
    |ap_return_9        |   9|          2|    8|         16|
    +-------------------+----+-----------+-----+-----------+
    |Total              | 297|         66|  145|        290|
    +-------------------+----+-----------+-----+-----------+

    * Register: 
    +-------------------+---+----+-----+-----------+
    |        Name       | FF| LUT| Bits| Const Bits|
    +-------------------+---+----+-----+-----------+
    |ap_CS_fsm          |  1|   0|    1|          0|
    |ap_done_reg        |  1|   0|    1|          0|
    |ap_return_0_preg   |  8|   0|    8|          0|
    |ap_return_10_preg  |  8|   0|    8|          0|
    |ap_return_11_preg  |  8|   0|    8|          0|
    |ap_return_12_preg  |  8|   0|    8|          0|
    |ap_return_13_preg  |  8|   0|    8|          0|
    |ap_return_14_preg  |  8|   0|    8|          0|
    |ap_return_15_preg  |  8|   0|    8|          0|
    |ap_return_1_preg   |  8|   0|    8|          0|
    |ap_return_2_preg   |  8|   0|    8|          0|
    |ap_return_3_preg   |  8|   0|    8|          0|
    |ap_return_4_preg   |  8|   0|    8|          0|
    |ap_return_5_preg   |  8|   0|    8|          0|
    |ap_return_6_preg   |  8|   0|    8|          0|
    |ap_return_7_preg   |  8|   0|    8|          0|
    |ap_return_8_preg   |  8|   0|    8|          0|
    |ap_return_9_preg   |  8|   0|    8|          0|
    +-------------------+---+----+-----+-----------+
    |Total              |130|   0|  130|          0|
    +-------------------+---+----+-----+-----------+



================================================================
== Interface
================================================================
* Summary: 
+---------------------+-----+-----+------------+---------------+--------------+
|      RTL Ports      | Dir | Bits|  Protocol  | Source Object |    C Type    |
+---------------------+-----+-----+------------+---------------+--------------+
|ap_clk               |   in|    1|  ap_ctrl_hs|  AddRoundKey92|  return value|
|ap_rst               |   in|    1|  ap_ctrl_hs|  AddRoundKey92|  return value|
|ap_start             |   in|    1|  ap_ctrl_hs|  AddRoundKey92|  return value|
|ap_done              |  out|    1|  ap_ctrl_hs|  AddRoundKey92|  return value|
|ap_continue          |   in|    1|  ap_ctrl_hs|  AddRoundKey92|  return value|
|ap_idle              |  out|    1|  ap_ctrl_hs|  AddRoundKey92|  return value|
|ap_ready             |  out|    1|  ap_ctrl_hs|  AddRoundKey92|  return value|
|ap_return_0          |  out|    8|  ap_ctrl_hs|  AddRoundKey92|  return value|
|ap_return_1          |  out|    8|  ap_ctrl_hs|  AddRoundKey92|  return value|
|ap_return_2          |  out|    8|  ap_ctrl_hs|  AddRoundKey92|  return value|
|ap_return_3          |  out|    8|  ap_ctrl_hs|  AddRoundKey92|  return value|
|ap_return_4          |  out|    8|  ap_ctrl_hs|  AddRoundKey92|  return value|
|ap_return_5          |  out|    8|  ap_ctrl_hs|  AddRoundKey92|  return value|
|ap_return_6          |  out|    8|  ap_ctrl_hs|  AddRoundKey92|  return value|
|ap_return_7          |  out|    8|  ap_ctrl_hs|  AddRoundKey92|  return value|
|ap_return_8          |  out|    8|  ap_ctrl_hs|  AddRoundKey92|  return value|
|ap_return_9          |  out|    8|  ap_ctrl_hs|  AddRoundKey92|  return value|
|ap_return_10         |  out|    8|  ap_ctrl_hs|  AddRoundKey92|  return value|
|ap_return_11         |  out|    8|  ap_ctrl_hs|  AddRoundKey92|  return value|
|ap_return_12         |  out|    8|  ap_ctrl_hs|  AddRoundKey92|  return value|
|ap_return_13         |  out|    8|  ap_ctrl_hs|  AddRoundKey92|  return value|
|ap_return_14         |  out|    8|  ap_ctrl_hs|  AddRoundKey92|  return value|
|ap_return_15         |  out|    8|  ap_ctrl_hs|  AddRoundKey92|  return value|
|p_read               |   in|    8|     ap_none|         p_read|        scalar|
|p_read1              |   in|    8|     ap_none|        p_read1|        scalar|
|p_read2              |   in|    8|     ap_none|        p_read2|        scalar|
|p_read3              |   in|    8|     ap_none|        p_read3|        scalar|
|p_read4              |   in|    8|     ap_none|        p_read4|        scalar|
|p_read5              |   in|    8|     ap_none|        p_read5|        scalar|
|p_read6              |   in|    8|     ap_none|        p_read6|        scalar|
|p_read7              |   in|    8|     ap_none|        p_read7|        scalar|
|p_read8              |   in|    8|     ap_none|        p_read8|        scalar|
|p_read9              |   in|    8|     ap_none|        p_read9|        scalar|
|p_read10             |   in|    8|     ap_none|       p_read10|        scalar|
|p_read11             |   in|    8|     ap_none|       p_read11|        scalar|
|p_read12             |   in|    8|     ap_none|       p_read12|        scalar|
|p_read13             |   in|    8|     ap_none|       p_read13|        scalar|
|p_read14             |   in|    8|     ap_none|       p_read14|        scalar|
|p_read15             |   in|    8|     ap_none|       p_read15|        scalar|
|RoundKey144_dout     |   in|    8|     ap_fifo|    RoundKey144|       pointer|
|RoundKey144_empty_n  |   in|    1|     ap_fifo|    RoundKey144|       pointer|
|RoundKey144_read     |  out|    1|     ap_fifo|    RoundKey144|       pointer|
|RoundKey145_dout     |   in|    8|     ap_fifo|    RoundKey145|       pointer|
|RoundKey145_empty_n  |   in|    1|     ap_fifo|    RoundKey145|       pointer|
|RoundKey145_read     |  out|    1|     ap_fifo|    RoundKey145|       pointer|
|RoundKey146_dout     |   in|    8|     ap_fifo|    RoundKey146|       pointer|
|RoundKey146_empty_n  |   in|    1|     ap_fifo|    RoundKey146|       pointer|
|RoundKey146_read     |  out|    1|     ap_fifo|    RoundKey146|       pointer|
|RoundKey147_dout     |   in|    8|     ap_fifo|    RoundKey147|       pointer|
|RoundKey147_empty_n  |   in|    1|     ap_fifo|    RoundKey147|       pointer|
|RoundKey147_read     |  out|    1|     ap_fifo|    RoundKey147|       pointer|
|RoundKey148_dout     |   in|    8|     ap_fifo|    RoundKey148|       pointer|
|RoundKey148_empty_n  |   in|    1|     ap_fifo|    RoundKey148|       pointer|
|RoundKey148_read     |  out|    1|     ap_fifo|    RoundKey148|       pointer|
|RoundKey149_dout     |   in|    8|     ap_fifo|    RoundKey149|       pointer|
|RoundKey149_empty_n  |   in|    1|     ap_fifo|    RoundKey149|       pointer|
|RoundKey149_read     |  out|    1|     ap_fifo|    RoundKey149|       pointer|
|RoundKey150_dout     |   in|    8|     ap_fifo|    RoundKey150|       pointer|
|RoundKey150_empty_n  |   in|    1|     ap_fifo|    RoundKey150|       pointer|
|RoundKey150_read     |  out|    1|     ap_fifo|    RoundKey150|       pointer|
|RoundKey151_dout     |   in|    8|     ap_fifo|    RoundKey151|       pointer|
|RoundKey151_empty_n  |   in|    1|     ap_fifo|    RoundKey151|       pointer|
|RoundKey151_read     |  out|    1|     ap_fifo|    RoundKey151|       pointer|
|RoundKey152_dout     |   in|    8|     ap_fifo|    RoundKey152|       pointer|
|RoundKey152_empty_n  |   in|    1|     ap_fifo|    RoundKey152|       pointer|
|RoundKey152_read     |  out|    1|     ap_fifo|    RoundKey152|       pointer|
|RoundKey153_dout     |   in|    8|     ap_fifo|    RoundKey153|       pointer|
|RoundKey153_empty_n  |   in|    1|     ap_fifo|    RoundKey153|       pointer|
|RoundKey153_read     |  out|    1|     ap_fifo|    RoundKey153|       pointer|
|RoundKey154_dout     |   in|    8|     ap_fifo|    RoundKey154|       pointer|
|RoundKey154_empty_n  |   in|    1|     ap_fifo|    RoundKey154|       pointer|
|RoundKey154_read     |  out|    1|     ap_fifo|    RoundKey154|       pointer|
|RoundKey155_dout     |   in|    8|     ap_fifo|    RoundKey155|       pointer|
|RoundKey155_empty_n  |   in|    1|     ap_fifo|    RoundKey155|       pointer|
|RoundKey155_read     |  out|    1|     ap_fifo|    RoundKey155|       pointer|
|RoundKey156_dout     |   in|    8|     ap_fifo|    RoundKey156|       pointer|
|RoundKey156_empty_n  |   in|    1|     ap_fifo|    RoundKey156|       pointer|
|RoundKey156_read     |  out|    1|     ap_fifo|    RoundKey156|       pointer|
|RoundKey157_dout     |   in|    8|     ap_fifo|    RoundKey157|       pointer|
|RoundKey157_empty_n  |   in|    1|     ap_fifo|    RoundKey157|       pointer|
|RoundKey157_read     |  out|    1|     ap_fifo|    RoundKey157|       pointer|
|RoundKey158_dout     |   in|    8|     ap_fifo|    RoundKey158|       pointer|
|RoundKey158_empty_n  |   in|    1|     ap_fifo|    RoundKey158|       pointer|
|RoundKey158_read     |  out|    1|     ap_fifo|    RoundKey158|       pointer|
|RoundKey159_dout     |   in|    8|     ap_fifo|    RoundKey159|       pointer|
|RoundKey159_empty_n  |   in|    1|     ap_fifo|    RoundKey159|       pointer|
|RoundKey159_read     |  out|    1|     ap_fifo|    RoundKey159|       pointer|
+---------------------+-----+-----+------------+---------------+--------------+

