

================================================================
== Vitis HLS Report for 'Cipher_Block_split196237_proc'
================================================================
* Date:           Sat Jan  1 23:30:26 2022

* Version:        2020.2 (Build 3064766 on Wed Nov 18 09:12:45 MST 2020)
* Project:        aes
* Solution:       solution1 (Vivado IP Flow Target)
* Product family: zynq
* Target device:  xc7z020-clg484-1


================================================================
== Performance Estimates
================================================================
+ Timing: 
    * Summary: 
    +--------+----------+----------+------------+
    |  Clock |  Target  | Estimated| Uncertainty|
    +--------+----------+----------+------------+
    |ap_clk  |  10.00 ns|      0 ns|     2.70 ns|
    +--------+----------+----------+------------+

+ Latency: 
    * Summary: 
    +---------+---------+----------+----------+-----+-----+---------+
    |  Latency (cycles) |  Latency (absolute) |  Interval | Pipeline|
    |   min   |   max   |    min   |    max   | min | max |   Type  |
    +---------+---------+----------+----------+-----+-----+---------+
    |        0|        0|      0 ns|      0 ns|    0|    0|     none|
    +---------+---------+----------+----------+-----+-----+---------+

    + Detail: 
        * Instance: 
        N/A

        * Loop: 
        N/A



================================================================
== Utilization Estimates
================================================================
* Summary: 
+-----------------+---------+-----+--------+-------+-----+
|       Name      | BRAM_18K| DSP |   FF   |  LUT  | URAM|
+-----------------+---------+-----+--------+-------+-----+
|DSP              |        -|    -|       -|      -|    -|
|Expression       |        -|    -|       0|      2|    -|
|FIFO             |        -|    -|       -|      -|    -|
|Instance         |        -|    -|       -|      -|    -|
|Memory           |        -|    -|       -|      -|    -|
|Multiplexer      |        -|    -|       -|    153|    -|
|Register         |        -|    -|     130|      -|    -|
+-----------------+---------+-----+--------+-------+-----+
|Total            |        0|    0|     130|    155|    0|
+-----------------+---------+-----+--------+-------+-----+
|Available        |      280|  220|  106400|  53200|    0|
+-----------------+---------+-----+--------+-------+-----+
|Utilization (%)  |        0|    0|      ~0|     ~0|    0|
+-----------------+---------+-----+--------+-------+-----+

+ Detail: 
    * Instance: 
    N/A

    * DSP: 
    N/A

    * Memory: 
    N/A

    * FIFO: 
    N/A

    * Expression: 
    +-----------------+----------+----+---+----+------------+------------+
    |  Variable Name  | Operation| DSP| FF| LUT| Bitwidth P0| Bitwidth P1|
    +-----------------+----------+----+---+----+------------+------------+
    |ap_block_state1  |        or|   0|  0|   2|           1|           1|
    +-----------------+----------+----+---+----+------------+------------+
    |Total            |          |   0|  0|   2|           1|           1|
    +-----------------+----------+----+---+----+------------+------------+

    * Multiplexer: 
    +------------+----+-----------+-----+-----------+
    |    Name    | LUT| Input Size| Bits| Total Bits|
    +------------+----+-----------+-----+-----------+
    |ap_done     |   9|          2|    1|          2|
    |encrypt_0   |   9|          2|    8|         16|
    |encrypt_1   |   9|          2|    8|         16|
    |encrypt_10  |   9|          2|    8|         16|
    |encrypt_11  |   9|          2|    8|         16|
    |encrypt_12  |   9|          2|    8|         16|
    |encrypt_13  |   9|          2|    8|         16|
    |encrypt_14  |   9|          2|    8|         16|
    |encrypt_15  |   9|          2|    8|         16|
    |encrypt_2   |   9|          2|    8|         16|
    |encrypt_3   |   9|          2|    8|         16|
    |encrypt_4   |   9|          2|    8|         16|
    |encrypt_5   |   9|          2|    8|         16|
    |encrypt_6   |   9|          2|    8|         16|
    |encrypt_7   |   9|          2|    8|         16|
    |encrypt_8   |   9|          2|    8|         16|
    |encrypt_9   |   9|          2|    8|         16|
    +------------+----+-----------+-----+-----------+
    |Total       | 153|         34|  129|        258|
    +------------+----+-----------+-----+-----------+

    * Register: 
    +-----------------+---+----+-----+-----------+
    |       Name      | FF| LUT| Bits| Const Bits|
    +-----------------+---+----+-----+-----------+
    |ap_CS_fsm        |  1|   0|    1|          0|
    |ap_done_reg      |  1|   0|    1|          0|
    |encrypt_0_preg   |  8|   0|    8|          0|
    |encrypt_10_preg  |  8|   0|    8|          0|
    |encrypt_11_preg  |  8|   0|    8|          0|
    |encrypt_12_preg  |  8|   0|    8|          0|
    |encrypt_13_preg  |  8|   0|    8|          0|
    |encrypt_14_preg  |  8|   0|    8|          0|
    |encrypt_15_preg  |  8|   0|    8|          0|
    |encrypt_1_preg   |  8|   0|    8|          0|
    |encrypt_2_preg   |  8|   0|    8|          0|
    |encrypt_3_preg   |  8|   0|    8|          0|
    |encrypt_4_preg   |  8|   0|    8|          0|
    |encrypt_5_preg   |  8|   0|    8|          0|
    |encrypt_6_preg   |  8|   0|    8|          0|
    |encrypt_7_preg   |  8|   0|    8|          0|
    |encrypt_8_preg   |  8|   0|    8|          0|
    |encrypt_9_preg   |  8|   0|    8|          0|
    +-----------------+---+----+-----+-----------+
    |Total            |130|   0|  130|          0|
    +-----------------+---+----+-----+-----------+



================================================================
== Interface
================================================================
* Summary: 
+-------------------+-----+-----+------------+--------------------------------+--------------+
|     RTL Ports     | Dir | Bits|  Protocol  |          Source Object         |    C Type    |
+-------------------+-----+-----+------------+--------------------------------+--------------+
|ap_clk             |   in|    1|  ap_ctrl_hs|  Cipher_Block_.split196237_proc|  return value|
|ap_rst             |   in|    1|  ap_ctrl_hs|  Cipher_Block_.split196237_proc|  return value|
|ap_start           |   in|    1|  ap_ctrl_hs|  Cipher_Block_.split196237_proc|  return value|
|ap_done            |  out|    1|  ap_ctrl_hs|  Cipher_Block_.split196237_proc|  return value|
|ap_continue        |   in|    1|  ap_ctrl_hs|  Cipher_Block_.split196237_proc|  return value|
|ap_idle            |  out|    1|  ap_ctrl_hs|  Cipher_Block_.split196237_proc|  return value|
|ap_ready           |  out|    1|  ap_ctrl_hs|  Cipher_Block_.split196237_proc|  return value|
|p_read             |   in|    8|     ap_none|                          p_read|        scalar|
|encrypt_0          |  out|    8|      ap_vld|                       encrypt_0|       pointer|
|encrypt_0_ap_vld   |  out|    1|      ap_vld|                       encrypt_0|       pointer|
|p_read1            |   in|    8|     ap_none|                         p_read1|        scalar|
|encrypt_1          |  out|    8|      ap_vld|                       encrypt_1|       pointer|
|encrypt_1_ap_vld   |  out|    1|      ap_vld|                       encrypt_1|       pointer|
|p_read2            |   in|    8|     ap_none|                         p_read2|        scalar|
|encrypt_2          |  out|    8|      ap_vld|                       encrypt_2|       pointer|
|encrypt_2_ap_vld   |  out|    1|      ap_vld|                       encrypt_2|       pointer|
|p_read3            |   in|    8|     ap_none|                         p_read3|        scalar|
|encrypt_3          |  out|    8|      ap_vld|                       encrypt_3|       pointer|
|encrypt_3_ap_vld   |  out|    1|      ap_vld|                       encrypt_3|       pointer|
|p_read4            |   in|    8|     ap_none|                         p_read4|        scalar|
|encrypt_4          |  out|    8|      ap_vld|                       encrypt_4|       pointer|
|encrypt_4_ap_vld   |  out|    1|      ap_vld|                       encrypt_4|       pointer|
|p_read5            |   in|    8|     ap_none|                         p_read5|        scalar|
|encrypt_5          |  out|    8|      ap_vld|                       encrypt_5|       pointer|
|encrypt_5_ap_vld   |  out|    1|      ap_vld|                       encrypt_5|       pointer|
|p_read6            |   in|    8|     ap_none|                         p_read6|        scalar|
|encrypt_6          |  out|    8|      ap_vld|                       encrypt_6|       pointer|
|encrypt_6_ap_vld   |  out|    1|      ap_vld|                       encrypt_6|       pointer|
|p_read7            |   in|    8|     ap_none|                         p_read7|        scalar|
|encrypt_7          |  out|    8|      ap_vld|                       encrypt_7|       pointer|
|encrypt_7_ap_vld   |  out|    1|      ap_vld|                       encrypt_7|       pointer|
|p_read8            |   in|    8|     ap_none|                         p_read8|        scalar|
|encrypt_8          |  out|    8|      ap_vld|                       encrypt_8|       pointer|
|encrypt_8_ap_vld   |  out|    1|      ap_vld|                       encrypt_8|       pointer|
|p_read9            |   in|    8|     ap_none|                         p_read9|        scalar|
|encrypt_9          |  out|    8|      ap_vld|                       encrypt_9|       pointer|
|encrypt_9_ap_vld   |  out|    1|      ap_vld|                       encrypt_9|       pointer|
|p_read10           |   in|    8|     ap_none|                        p_read10|        scalar|
|encrypt_10         |  out|    8|      ap_vld|                      encrypt_10|       pointer|
|encrypt_10_ap_vld  |  out|    1|      ap_vld|                      encrypt_10|       pointer|
|p_read11           |   in|    8|     ap_none|                        p_read11|        scalar|
|encrypt_11         |  out|    8|      ap_vld|                      encrypt_11|       pointer|
|encrypt_11_ap_vld  |  out|    1|      ap_vld|                      encrypt_11|       pointer|
|p_read12           |   in|    8|     ap_none|                        p_read12|        scalar|
|encrypt_12         |  out|    8|      ap_vld|                      encrypt_12|       pointer|
|encrypt_12_ap_vld  |  out|    1|      ap_vld|                      encrypt_12|       pointer|
|p_read13           |   in|    8|     ap_none|                        p_read13|        scalar|
|encrypt_13         |  out|    8|      ap_vld|                      encrypt_13|       pointer|
|encrypt_13_ap_vld  |  out|    1|      ap_vld|                      encrypt_13|       pointer|
|p_read14           |   in|    8|     ap_none|                        p_read14|        scalar|
|encrypt_14         |  out|    8|      ap_vld|                      encrypt_14|       pointer|
|encrypt_14_ap_vld  |  out|    1|      ap_vld|                      encrypt_14|       pointer|
|p_read15           |   in|    8|     ap_none|                        p_read15|        scalar|
|encrypt_15         |  out|    8|      ap_vld|                      encrypt_15|       pointer|
|encrypt_15_ap_vld  |  out|    1|      ap_vld|                      encrypt_15|       pointer|
+-------------------+-----+-----+------------+--------------------------------+--------------+

