

================================================================
== Synthesis Summary Report of 'AES_ECB_encrypt'
================================================================
+ General Information: 
    * Date:           Sat Jan  1 23:31:18 2022
    * Version:        2020.2 (Build 3064766 on Wed Nov 18 09:12:45 MST 2020)
    * Project:        aes
    * Solution:       solution1 (Vivado IP Flow Target)
    * Product family: zynq
    * Target device:  xc7z020-clg484-1
    

+ Performance & Resource Estimates: 
    
    PS: '+' for module; 'o' for loop; '*' for dataflow
    +------------------------------------------------------+------+-------+---------+-----------+----------+---------+------+----------+-----------+----+-------------+--------------+-----+
    |                        Modules                       | Issue|       | Latency |  Latency  | Iteration|         | Trip |          |           |    |             |              |     |
    |                        & Loops                       | Type | Slack | (cycles)|    (ns)   |  Latency | Interval| Count| Pipelined|   BRAM    | DSP|      FF     |      LUT     | URAM|
    +------------------------------------------------------+------+-------+---------+-----------+----------+---------+------+----------+-----------+----+-------------+--------------+-----+
    |+ AES_ECB_encrypt                                     |     -|  -0.61|        -|          -|         -|        -|     -|        no|  153 (54%)|   -|  93322 (87%)|  91891 (172%)|    -|
    | + grp_Cipher_fu_18833*                               |     -|  -2.15|        6|     60.000|         -|        2|     -|  dataflow|  150 (53%)|   -|  88494 (83%)|  83664 (157%)|    -|
    |  + call_ret3_MixColumns60_fu_4054                    |     -|  -3.14|        0|      0.000|         -|        0|     -|        no|          -|   -|    130 (~0%)|      779 (1%)|    -|
    |  + call_ret5_MixColumns64_fu_4074                    |     -|  -3.14|        0|      0.000|         -|        0|     -|        no|          -|   -|    130 (~0%)|      779 (1%)|    -|
    |  + call_ret7_MixColumns68_fu_4094                    |     -|  -3.14|        0|      0.000|         -|        0|     -|        no|          -|   -|    130 (~0%)|      779 (1%)|    -|
    |  + call_ret9_MixColumns72_fu_4114                    |     -|  -3.14|        0|      0.000|         -|        0|     -|        no|          -|   -|    130 (~0%)|      779 (1%)|    -|
    |  + call_ret11_MixColumns76_fu_4134                   |     -|  -3.14|        0|      0.000|         -|        0|     -|        no|          -|   -|    130 (~0%)|      779 (1%)|    -|
    |  + call_ret13_MixColumns80_fu_4154                   |     -|  -3.14|        0|      0.000|         -|        0|     -|        no|          -|   -|    130 (~0%)|      779 (1%)|    -|
    |  + call_ret15_MixColumns84_fu_4174                   |     -|  -3.14|        0|      0.000|         -|        0|     -|        no|          -|   -|    130 (~0%)|      779 (1%)|    -|
    |  + call_ret_MixColumns88_fu_4194                     |     -|  -3.14|        0|      0.000|         -|        0|     -|        no|          -|   -|    130 (~0%)|      779 (1%)|    -|
    |  + call_ret18_MixColumns_fu_4214                     |     -|  -3.14|        0|      0.000|         -|        0|     -|        no|          -|   -|    130 (~0%)|      779 (1%)|    -|
    |  + grp_SubBytes58_fu_4234                            |     -|  -4.05|        1|     10.000|         -|        1|     -|        no|    15 (5%)|   -|    131 (~0%)|     169 (~0%)|    -|
    |  + grp_SubBytes62_fu_4272                            |     -|  -4.05|        1|     10.000|         -|        1|     -|        no|    15 (5%)|   -|    131 (~0%)|     169 (~0%)|    -|
    |  + grp_SubBytes66_fu_4310                            |     -|  -4.05|        1|     10.000|         -|        1|     -|        no|    15 (5%)|   -|    131 (~0%)|     169 (~0%)|    -|
    |  + grp_SubBytes70_fu_4348                            |     -|  -4.05|        1|     10.000|         -|        1|     -|        no|    15 (5%)|   -|    131 (~0%)|     169 (~0%)|    -|
    |  + grp_SubBytes74_fu_4386                            |     -|  -4.05|        1|     10.000|         -|        1|     -|        no|    15 (5%)|   -|    131 (~0%)|     169 (~0%)|    -|
    |  + grp_SubBytes78_fu_4424                            |     -|  -4.05|        1|     10.000|         -|        1|     -|        no|    15 (5%)|   -|    131 (~0%)|     169 (~0%)|    -|
    |  + grp_SubBytes82_fu_4462                            |     -|  -4.05|        1|     10.000|         -|        1|     -|        no|    15 (5%)|   -|    131 (~0%)|     169 (~0%)|    -|
    |  + grp_SubBytes86_fu_4500                            |     -|  -4.05|        1|     10.000|         -|        1|     -|        no|    15 (5%)|   -|    131 (~0%)|     169 (~0%)|    -|
    |  + grp_SubBytes90_fu_4538                            |     -|  -4.05|        1|     10.000|         -|        1|     -|        no|    15 (5%)|   -|    131 (~0%)|     169 (~0%)|    -|
    |  + grp_SubBytes_fu_4576                              |     -|  -4.05|        1|     10.000|         -|        1|     -|        no|    15 (5%)|   -|    131 (~0%)|     169 (~0%)|    -|
    |  + call_ret1_Cipher_Block_split196_proc115_fu_4614   |     -|  -3.65|        0|      0.000|         -|        0|     -|        no|          -|   -|    130 (~0%)|     1739 (3%)|    -|
    |  + call_ret2_AddRoundKey57_fu_5178                   |     -|  -2.68|        0|      0.000|         -|        0|     -|        no|          -|   -|    130 (~0%)|     427 (~0%)|    -|
    |  + call_ret4_AddRoundKey61_fu_5214                   |     -|  -2.72|        0|      0.000|         -|        0|     -|        no|          -|   -|    130 (~0%)|     427 (~0%)|    -|
    |  + call_ret6_AddRoundKey65_fu_5250                   |     -|  -2.70|        0|      0.000|         -|        0|     -|        no|          -|   -|    130 (~0%)|     427 (~0%)|    -|
    |  + call_ret8_AddRoundKey69_fu_5286                   |     -|  -2.66|        0|      0.000|         -|        0|     -|        no|          -|   -|    130 (~0%)|     427 (~0%)|    -|
    |  + call_ret10_AddRoundKey73_fu_5322                  |     -|  -2.66|        0|      0.000|         -|        0|     -|        no|          -|   -|    130 (~0%)|     427 (~0%)|    -|
    |  + call_ret12_AddRoundKey77_fu_5358                  |     -|  -2.66|        0|      0.000|         -|        0|     -|        no|          -|   -|    130 (~0%)|     427 (~0%)|    -|
    |  + call_ret14_AddRoundKey81_fu_5394                  |     -|  -2.66|        0|      0.000|         -|        0|     -|        no|          -|   -|    130 (~0%)|     427 (~0%)|    -|
    |  + call_ret16_AddRoundKey85_fu_5430                  |     -|  -2.66|        0|      0.000|         -|        0|     -|        no|          -|   -|    130 (~0%)|     427 (~0%)|    -|
    |  + call_ret17_AddRoundKey89_fu_5466                  |     -|  -2.66|        0|      0.000|         -|        0|     -|        no|          -|   -|    130 (~0%)|     427 (~0%)|    -|
    |  + call_ret19_AddRoundKey92_fu_5502                  |     -|  -2.66|        0|      0.000|         -|        0|     -|        no|          -|   -|    130 (~0%)|     427 (~0%)|    -|
    |  + call_ret20_AddRoundKey93_fu_5538                  |     -|  -2.66|        0|      0.000|         -|        0|     -|        no|          -|   -|    130 (~0%)|     427 (~0%)|    -|
    |  + call_ln124_ShiftRows59_fu_5574                    |     -|  -7.30|        0|      0.000|         -|        0|     -|        no|          -|   -|    130 (~0%)|     155 (~0%)|    -|
    |  + call_ln128_ShiftRows63_fu_5610                    |     -|  -7.30|        0|      0.000|         -|        0|     -|        no|          -|   -|    130 (~0%)|     155 (~0%)|    -|
    |  + call_ln132_ShiftRows67_fu_5646                    |     -|  -7.30|        0|      0.000|         -|        0|     -|        no|          -|   -|    130 (~0%)|     155 (~0%)|    -|
    |  + call_ln136_ShiftRows71_fu_5682                    |     -|  -7.30|        0|      0.000|         -|        0|     -|        no|          -|   -|    130 (~0%)|     155 (~0%)|    -|
    |  + call_ln140_ShiftRows75_fu_5718                    |     -|  -7.30|        0|      0.000|         -|        0|     -|        no|          -|   -|    130 (~0%)|     155 (~0%)|    -|
    |  + call_ln144_ShiftRows79_fu_5754                    |     -|  -7.30|        0|      0.000|         -|        0|     -|        no|          -|   -|    130 (~0%)|     155 (~0%)|    -|
    |  + call_ln148_ShiftRows83_fu_5790                    |     -|  -7.30|        0|      0.000|         -|        0|     -|        no|          -|   -|    130 (~0%)|     155 (~0%)|    -|
    |  + call_ln152_ShiftRows87_fu_5826                    |     -|  -7.30|        0|      0.000|         -|        0|     -|        no|          -|   -|    130 (~0%)|     155 (~0%)|    -|
    |  + call_ln156_ShiftRows91_fu_5862                    |     -|  -7.30|        0|      0.000|         -|        0|     -|        no|          -|   -|    130 (~0%)|     155 (~0%)|    -|
    |  + call_ln161_ShiftRows_fu_5898                      |     -|  -7.30|        0|      0.000|         -|        0|     -|        no|          -|   -|    130 (~0%)|     155 (~0%)|    -|
    |  + call_ln162_Cipher_Block_split196237_proc_fu_5934  |     -|  -7.30|        0|      0.000|         -|        0|     -|        no|          -|   -|    130 (~0%)|     155 (~0%)|    -|
    | o VITIS_LOOP_10_1                                    |     -|  -7.30|       17|    170.000|         2|        1|    16|       yes|          -|   -|            -|             -|    -|
    | o VITIS_LOOP_15_2                                    |    II|  -7.30|      201|  2.010e+03|         6|        5|    40|       yes|          -|   -|            -|             -|    -|
    | o VITIS_LOOP_188_1                                   |     -|  -7.30|        -|          -|        40|        -|     -|        no|          -|   -|            -|             -|    -|
    +------------------------------------------------------+------+-------+---------+-----------+----------+---------+------+----------+-----------+----+-------------+--------------+-----+

