INFO: [HLS 200-10] Running 'D:/Xilinx/Vivado/2018.3/bin/unwrapped/win64.o/vivado_hls.exe'
INFO: [HLS 200-10] For user 'Morris' on host 'morris' (Windows NT_amd64 version 6.2) on Tue Jan 04 16:20:32 +0800 2022
INFO: [HLS 200-10] In directory 'C:/Users/Morris/Desktop/hls_final_project-master/hls'
INFO: [HLS 200-10] Opening project 'C:/Users/Morris/Desktop/hls_final_project-master/hls/aes-encrypt'.
INFO: [HLS 200-10] Opening solution 'C:/Users/Morris/Desktop/hls_final_project-master/hls/aes-encrypt/solution1'.
INFO: [SYN 201-201] Setting up clock 'default' with a period of 5ns.
INFO: [SYN 201-201] Setting up clock 'default' with an uncertainty of 0.625ns.
INFO: [HLS 200-10] Setting target device to 'xc7z020clg484-1'
INFO: [XFORM 203-1172] Optimizing floating point zeros and discarding its signedness.
INFO: [XFORM 203-1172] Optimizing floating point zeros and discarding its signedness.
INFO: [XFORM 203-1173] Reordering floating point operations aggressively.
INFO: [XFORM 203-1176] Optimizing floating point comparison without checking NaN.
INFO: [HLS 200-435] Setting 'config_sdx -target' configuration: config_sdx -optimization_level=none
INFO: [HLS 200-435] Setting 'config_sdx -target' configuration: set_clock_uncertainty default
INFO: [SIM 211-2] *************** CSIM start ***************
INFO: [SIM 211-4] CSIM will launch GCC as the compiler.
make: 'csim.exe' is up to date.
--------KeyExpansion------------
0x97, 0xc6, 0x17, 0x85, 0xe7, 0x28, 0xa6, 0x1, 0xb8, 0xd7, 0x1d, 0xa4, 0x4c, 0xb3, 0xb, 0x1c, 
0x23, 0xff, 0xfe, 0x6d, 0x12, 0x9d, 0x25, 0xcc, 0x5f, 0xd7, 0x68, 0x56, 0x62, 0x5c, 0x8d, 0xfa, 
0xdc, 0x9b, 0x3a, 0x2f, 0x3b, 0xb3, 0x9c, 0x2e, 0x83, 0x64, 0x81, 0x8a, 0xcf, 0xd7, 0x8a, 0x96, 
0xa9, 0xf1, 0x80, 0xfd, 0xbb, 0x6c, 0xa5, 0x31, 0xe4, 0xbb, 0xcd, 0x67, 0x86, 0xe7, 0x40, 0x9d, 
0x4a, 0x92, 0x64, 0x6b, 0x71, 0x21, 0xf8, 0x45, 0xf2, 0x45, 0x79, 0xcf, 0x3d, 0x92, 0xf3, 0x59, 
0x8e, 0xbe, 0x8d, 0x36, 0x35, 0xd2, 0x28, 0x7, 0xd1, 0x69, 0xe5, 0x60, 0x57, 0x8e, 0xa5, 0xfd, 
0x57, 0x94, 0x30, 0x30, 0x26, 0xb5, 0xc8, 0x75, 0xd4, 0xf0, 0xb1, 0xba, 0xe9, 0x62, 0x42, 0xe3, 
0x90, 0x14, 0xa1, 0x27, 0xa5, 0xc6, 0x89, 0x20, 0x74, 0xaf, 0x6c, 0x40, 0x23, 0x21, 0xc9, 0xbd, 
0xa2, 0x49, 0x4a, 0x16, 0x84, 0xfc, 0x82, 0x63, 0x50, 0xc, 0x33, 0xd9, 0xb9, 0x6e, 0x71, 0x3a, 
0xc6, 0x8b, 0x2, 0xa7, 0x63, 0x4d, 0x8b, 0x87, 0x17, 0xe2, 0xe7, 0xc7, 0x34, 0xc3, 0x2e, 0x7a, 
0x9c, 0x78, 0x90, 0xe, 0x18, 0x84, 0x12, 0x6d, 0x48, 0x88, 0x21, 0xb4, 0xf1, 0xe6, 0x50, 0x8e, 
0x67, 0x5, 0x51, 0xbe, 0x4, 0x48, 0xda, 0x39, 0x13, 0xaa, 0x3d, 0xfe, 0x27, 0x69, 0x13, 0x84, 
0x45, 0x5, 0xcf, 0xc2, 0x5d, 0x81, 0xdd, 0xaf, 0x15, 0x9, 0xfc, 0x1b, 0xe4, 0xef, 0xac, 0x95, 
0xe, 0xda, 0xc0, 0x94, 0xa, 0x92, 0x1a, 0xad, 0x19, 0x38, 0x27, 0x53, 0x3e, 0x51, 0x34, 0xd7, 
0xd4, 0x1d, 0xc1, 0x70, 0x89, 0x9c, 0x1c, 0xdf, 0x9c, 0x95, 0xe0, 0xc4, 0x78, 0x7a, 0x4c, 0x51, 

key
0x97 0xc6 0x17 0x85 0xe7 0x28 0xa6 0x1 0xb8 0xd7 0x1d 0xa4 0x4c 0xb3 0xb 0x1c 0x23 0xff 0xfe 0x6d 0x12 0x9d 0x25 0xcc 0x5f 0xd7 0x68 0x56 0x62 0x5c 0x8d 0xfa 
plain
0x48 0x65 0x6c 0x6c 0x6f 0xb 0xb 0xb 0xb 0xb 0xb 0xb 0xb 0xb 0xb 0xb 
encrypt
0x31 0x73 0xce 0x18 0x13 0x53 0x78 0xb4 0xfc 0x95 0x1c 0x28 0xc4 0xb6 0x56 0x63 
recovery
0x48 0x65 0x6c 0x6c 0x6f 0xb 0xb 0xb 0xb 0xb 0xb 0xb 0xb 0xb 0xb 0xb 
INFO: [SIM 211-1] CSim done with 0 errors.
INFO: [SIM 211-3] *************** CSIM finish ***************
