

================================================================
== Vitis HLS Report for 'AddRoundKey388'
================================================================
* Date:           Wed Dec 29 21:49:54 2021

* Version:        2020.2 (Build 3064766 on Wed Nov 18 09:12:45 MST 2020)
* Project:        aes
* Solution:       solution1 (Vivado IP Flow Target)
* Product family: zynq
* Target device:  xc7z020-clg400-1


================================================================
== Performance Estimates
================================================================
+ Timing: 
    * Summary: 
    +--------+----------+----------+------------+
    |  Clock |  Target  | Estimated| Uncertainty|
    +--------+----------+----------+------------+
    |ap_clk  |  10.00 ns|  3.312 ns|     2.70 ns|
    +--------+----------+----------+------------+

+ Latency: 
    * Summary: 
    +---------+---------+----------+----------+-----+-----+---------+
    |  Latency (cycles) |  Latency (absolute) |  Interval | Pipeline|
    |   min   |   max   |    min   |    max   | min | max |   Type  |
    +---------+---------+----------+----------+-----+-----+---------+
    |       16|       16|  0.160 us|  0.160 us|   16|   16|     none|
    +---------+---------+----------+----------+-----+-----+---------+

    + Detail: 
        * Instance: 
        N/A

        * Loop: 
        N/A

============================================================
+ Verbose Summary: Synthesis Manager
============================================================
InlineROM: 1
ExposeGlobal: 0
============================================================
+ Verbose Summary: CDFG Model
============================================================
IsTopModel: 0
ResetActiveHigh: 1
IsCombinational: 2
IsDatapathOnly: 0
HasWiredReturn: 1
HasMFsm: 0
HasVarLatency: 1
IsPipeline: 0
IsRtlPipelined: 0
IsInstanceOverlapped: 0
IsDontTouch: 0
HasImplIP: 0
IsGatedGlobalClock: 0


============================================================
+ Verbose Summary: Schedule
============================================================
* Number of FSM states : 17
* Pipeline : 0
* Dataflow Pipeline: 0

* FSM state transitions: 
1 --> 2 
2 --> 3 
3 --> 4 
4 --> 5 
5 --> 6 
6 --> 7 
7 --> 8 
8 --> 9 
9 --> 10 
10 --> 11 
11 --> 12 
12 --> 13 
13 --> 14 
14 --> 15 
15 --> 16 
16 --> 17 
17 --> 

* FSM state operations: 

State 1 <SV = 0> <Delay = 2.32>
ST_1 : Operation 18 [1/1] (0.00ns)   --->   "%w_0_addr = getelementptr i8 %w_0, i64 0, i64 0" [AES.cpp:76]   --->   Operation 18 'getelementptr' 'w_0_addr' <Predicate = true> <Delay = 0.00>
ST_1 : Operation 19 [2/2] (2.32ns)   --->   "%w_0_load = load i4 %w_0_addr" [AES.cpp:76]   --->   Operation 19 'load' 'w_0_load' <Predicate = true> <Delay = 2.32> <CoreInst = "RAM_1P">   --->   Core 86 'RAM_1P' <Latency = 1> <II = 1> <Delay = 2.32> <Storage> <Opcode : 'load' 'store'> <Ports = 1> <Width = 8> <Depth = 16> <RAM>

State 2 <SV = 1> <Delay = 2.32>
ST_2 : Operation 20 [1/2] (2.32ns)   --->   "%w_0_load = load i4 %w_0_addr" [AES.cpp:76]   --->   Operation 20 'load' 'w_0_load' <Predicate = true> <Delay = 2.32> <CoreInst = "RAM_1P">   --->   Core 86 'RAM_1P' <Latency = 1> <II = 1> <Delay = 2.32> <Storage> <Opcode : 'load' 'store'> <Ports = 1> <Width = 8> <Depth = 16> <RAM>
ST_2 : Operation 21 [1/1] (0.00ns)   --->   "%w_0_addr_121 = getelementptr i8 %w_0, i64 0, i64 4" [AES.cpp:76]   --->   Operation 21 'getelementptr' 'w_0_addr_121' <Predicate = true> <Delay = 0.00>
ST_2 : Operation 22 [2/2] (2.32ns)   --->   "%w_0_load_121 = load i4 %w_0_addr_121" [AES.cpp:76]   --->   Operation 22 'load' 'w_0_load_121' <Predicate = true> <Delay = 2.32> <CoreInst = "RAM_1P">   --->   Core 86 'RAM_1P' <Latency = 1> <II = 1> <Delay = 2.32> <Storage> <Opcode : 'load' 'store'> <Ports = 1> <Width = 8> <Depth = 16> <RAM>

State 3 <SV = 2> <Delay = 2.32>
ST_3 : Operation 23 [1/2] (2.32ns)   --->   "%w_0_load_121 = load i4 %w_0_addr_121" [AES.cpp:76]   --->   Operation 23 'load' 'w_0_load_121' <Predicate = true> <Delay = 2.32> <CoreInst = "RAM_1P">   --->   Core 86 'RAM_1P' <Latency = 1> <II = 1> <Delay = 2.32> <Storage> <Opcode : 'load' 'store'> <Ports = 1> <Width = 8> <Depth = 16> <RAM>
ST_3 : Operation 24 [1/1] (0.00ns)   --->   "%w_0_addr_122 = getelementptr i8 %w_0, i64 0, i64 8" [AES.cpp:76]   --->   Operation 24 'getelementptr' 'w_0_addr_122' <Predicate = true> <Delay = 0.00>
ST_3 : Operation 25 [2/2] (2.32ns)   --->   "%w_0_load_122 = load i4 %w_0_addr_122" [AES.cpp:76]   --->   Operation 25 'load' 'w_0_load_122' <Predicate = true> <Delay = 2.32> <CoreInst = "RAM_1P">   --->   Core 86 'RAM_1P' <Latency = 1> <II = 1> <Delay = 2.32> <Storage> <Opcode : 'load' 'store'> <Ports = 1> <Width = 8> <Depth = 16> <RAM>

State 4 <SV = 3> <Delay = 2.32>
ST_4 : Operation 26 [1/2] (2.32ns)   --->   "%w_0_load_122 = load i4 %w_0_addr_122" [AES.cpp:76]   --->   Operation 26 'load' 'w_0_load_122' <Predicate = true> <Delay = 2.32> <CoreInst = "RAM_1P">   --->   Core 86 'RAM_1P' <Latency = 1> <II = 1> <Delay = 2.32> <Storage> <Opcode : 'load' 'store'> <Ports = 1> <Width = 8> <Depth = 16> <RAM>
ST_4 : Operation 27 [1/1] (0.00ns)   --->   "%w_0_addr_123 = getelementptr i8 %w_0, i64 0, i64 12" [AES.cpp:76]   --->   Operation 27 'getelementptr' 'w_0_addr_123' <Predicate = true> <Delay = 0.00>
ST_4 : Operation 28 [2/2] (2.32ns)   --->   "%w_0_load_123 = load i4 %w_0_addr_123" [AES.cpp:76]   --->   Operation 28 'load' 'w_0_load_123' <Predicate = true> <Delay = 2.32> <CoreInst = "RAM_1P">   --->   Core 86 'RAM_1P' <Latency = 1> <II = 1> <Delay = 2.32> <Storage> <Opcode : 'load' 'store'> <Ports = 1> <Width = 8> <Depth = 16> <RAM>

State 5 <SV = 4> <Delay = 2.32>
ST_5 : Operation 29 [1/2] (2.32ns)   --->   "%w_0_load_123 = load i4 %w_0_addr_123" [AES.cpp:76]   --->   Operation 29 'load' 'w_0_load_123' <Predicate = true> <Delay = 2.32> <CoreInst = "RAM_1P">   --->   Core 86 'RAM_1P' <Latency = 1> <II = 1> <Delay = 2.32> <Storage> <Opcode : 'load' 'store'> <Ports = 1> <Width = 8> <Depth = 16> <RAM>
ST_5 : Operation 30 [1/1] (0.00ns)   --->   "%w_0_addr_124 = getelementptr i8 %w_0, i64 0, i64 1" [AES.cpp:76]   --->   Operation 30 'getelementptr' 'w_0_addr_124' <Predicate = true> <Delay = 0.00>
ST_5 : Operation 31 [2/2] (2.32ns)   --->   "%w_0_load_124 = load i4 %w_0_addr_124" [AES.cpp:76]   --->   Operation 31 'load' 'w_0_load_124' <Predicate = true> <Delay = 2.32> <CoreInst = "RAM_1P">   --->   Core 86 'RAM_1P' <Latency = 1> <II = 1> <Delay = 2.32> <Storage> <Opcode : 'load' 'store'> <Ports = 1> <Width = 8> <Depth = 16> <RAM>

State 6 <SV = 5> <Delay = 2.32>
ST_6 : Operation 32 [1/2] (2.32ns)   --->   "%w_0_load_124 = load i4 %w_0_addr_124" [AES.cpp:76]   --->   Operation 32 'load' 'w_0_load_124' <Predicate = true> <Delay = 2.32> <CoreInst = "RAM_1P">   --->   Core 86 'RAM_1P' <Latency = 1> <II = 1> <Delay = 2.32> <Storage> <Opcode : 'load' 'store'> <Ports = 1> <Width = 8> <Depth = 16> <RAM>
ST_6 : Operation 33 [1/1] (0.00ns)   --->   "%w_0_addr_125 = getelementptr i8 %w_0, i64 0, i64 5" [AES.cpp:76]   --->   Operation 33 'getelementptr' 'w_0_addr_125' <Predicate = true> <Delay = 0.00>
ST_6 : Operation 34 [2/2] (2.32ns)   --->   "%w_0_load_125 = load i4 %w_0_addr_125" [AES.cpp:76]   --->   Operation 34 'load' 'w_0_load_125' <Predicate = true> <Delay = 2.32> <CoreInst = "RAM_1P">   --->   Core 86 'RAM_1P' <Latency = 1> <II = 1> <Delay = 2.32> <Storage> <Opcode : 'load' 'store'> <Ports = 1> <Width = 8> <Depth = 16> <RAM>

State 7 <SV = 6> <Delay = 2.32>
ST_7 : Operation 35 [1/2] (2.32ns)   --->   "%w_0_load_125 = load i4 %w_0_addr_125" [AES.cpp:76]   --->   Operation 35 'load' 'w_0_load_125' <Predicate = true> <Delay = 2.32> <CoreInst = "RAM_1P">   --->   Core 86 'RAM_1P' <Latency = 1> <II = 1> <Delay = 2.32> <Storage> <Opcode : 'load' 'store'> <Ports = 1> <Width = 8> <Depth = 16> <RAM>
ST_7 : Operation 36 [1/1] (0.00ns)   --->   "%w_0_addr_126 = getelementptr i8 %w_0, i64 0, i64 9" [AES.cpp:76]   --->   Operation 36 'getelementptr' 'w_0_addr_126' <Predicate = true> <Delay = 0.00>
ST_7 : Operation 37 [2/2] (2.32ns)   --->   "%w_0_load_126 = load i4 %w_0_addr_126" [AES.cpp:76]   --->   Operation 37 'load' 'w_0_load_126' <Predicate = true> <Delay = 2.32> <CoreInst = "RAM_1P">   --->   Core 86 'RAM_1P' <Latency = 1> <II = 1> <Delay = 2.32> <Storage> <Opcode : 'load' 'store'> <Ports = 1> <Width = 8> <Depth = 16> <RAM>

State 8 <SV = 7> <Delay = 2.32>
ST_8 : Operation 38 [1/2] (2.32ns)   --->   "%w_0_load_126 = load i4 %w_0_addr_126" [AES.cpp:76]   --->   Operation 38 'load' 'w_0_load_126' <Predicate = true> <Delay = 2.32> <CoreInst = "RAM_1P">   --->   Core 86 'RAM_1P' <Latency = 1> <II = 1> <Delay = 2.32> <Storage> <Opcode : 'load' 'store'> <Ports = 1> <Width = 8> <Depth = 16> <RAM>
ST_8 : Operation 39 [1/1] (0.00ns)   --->   "%w_0_addr_127 = getelementptr i8 %w_0, i64 0, i64 13" [AES.cpp:76]   --->   Operation 39 'getelementptr' 'w_0_addr_127' <Predicate = true> <Delay = 0.00>
ST_8 : Operation 40 [2/2] (2.32ns)   --->   "%w_0_load_127 = load i4 %w_0_addr_127" [AES.cpp:76]   --->   Operation 40 'load' 'w_0_load_127' <Predicate = true> <Delay = 2.32> <CoreInst = "RAM_1P">   --->   Core 86 'RAM_1P' <Latency = 1> <II = 1> <Delay = 2.32> <Storage> <Opcode : 'load' 'store'> <Ports = 1> <Width = 8> <Depth = 16> <RAM>

State 9 <SV = 8> <Delay = 2.32>
ST_9 : Operation 41 [1/2] (2.32ns)   --->   "%w_0_load_127 = load i4 %w_0_addr_127" [AES.cpp:76]   --->   Operation 41 'load' 'w_0_load_127' <Predicate = true> <Delay = 2.32> <CoreInst = "RAM_1P">   --->   Core 86 'RAM_1P' <Latency = 1> <II = 1> <Delay = 2.32> <Storage> <Opcode : 'load' 'store'> <Ports = 1> <Width = 8> <Depth = 16> <RAM>
ST_9 : Operation 42 [1/1] (0.00ns)   --->   "%w_0_addr_128 = getelementptr i8 %w_0, i64 0, i64 2" [AES.cpp:76]   --->   Operation 42 'getelementptr' 'w_0_addr_128' <Predicate = true> <Delay = 0.00>
ST_9 : Operation 43 [2/2] (2.32ns)   --->   "%w_0_load_128 = load i4 %w_0_addr_128" [AES.cpp:76]   --->   Operation 43 'load' 'w_0_load_128' <Predicate = true> <Delay = 2.32> <CoreInst = "RAM_1P">   --->   Core 86 'RAM_1P' <Latency = 1> <II = 1> <Delay = 2.32> <Storage> <Opcode : 'load' 'store'> <Ports = 1> <Width = 8> <Depth = 16> <RAM>

State 10 <SV = 9> <Delay = 2.32>
ST_10 : Operation 44 [1/2] (2.32ns)   --->   "%w_0_load_128 = load i4 %w_0_addr_128" [AES.cpp:76]   --->   Operation 44 'load' 'w_0_load_128' <Predicate = true> <Delay = 2.32> <CoreInst = "RAM_1P">   --->   Core 86 'RAM_1P' <Latency = 1> <II = 1> <Delay = 2.32> <Storage> <Opcode : 'load' 'store'> <Ports = 1> <Width = 8> <Depth = 16> <RAM>
ST_10 : Operation 45 [1/1] (0.00ns)   --->   "%w_0_addr_129 = getelementptr i8 %w_0, i64 0, i64 6" [AES.cpp:76]   --->   Operation 45 'getelementptr' 'w_0_addr_129' <Predicate = true> <Delay = 0.00>
ST_10 : Operation 46 [2/2] (2.32ns)   --->   "%w_0_load_129 = load i4 %w_0_addr_129" [AES.cpp:76]   --->   Operation 46 'load' 'w_0_load_129' <Predicate = true> <Delay = 2.32> <CoreInst = "RAM_1P">   --->   Core 86 'RAM_1P' <Latency = 1> <II = 1> <Delay = 2.32> <Storage> <Opcode : 'load' 'store'> <Ports = 1> <Width = 8> <Depth = 16> <RAM>

State 11 <SV = 10> <Delay = 2.32>
ST_11 : Operation 47 [1/2] (2.32ns)   --->   "%w_0_load_129 = load i4 %w_0_addr_129" [AES.cpp:76]   --->   Operation 47 'load' 'w_0_load_129' <Predicate = true> <Delay = 2.32> <CoreInst = "RAM_1P">   --->   Core 86 'RAM_1P' <Latency = 1> <II = 1> <Delay = 2.32> <Storage> <Opcode : 'load' 'store'> <Ports = 1> <Width = 8> <Depth = 16> <RAM>
ST_11 : Operation 48 [1/1] (0.00ns)   --->   "%w_0_addr_130 = getelementptr i8 %w_0, i64 0, i64 10" [AES.cpp:76]   --->   Operation 48 'getelementptr' 'w_0_addr_130' <Predicate = true> <Delay = 0.00>
ST_11 : Operation 49 [2/2] (2.32ns)   --->   "%w_0_load_130 = load i4 %w_0_addr_130" [AES.cpp:76]   --->   Operation 49 'load' 'w_0_load_130' <Predicate = true> <Delay = 2.32> <CoreInst = "RAM_1P">   --->   Core 86 'RAM_1P' <Latency = 1> <II = 1> <Delay = 2.32> <Storage> <Opcode : 'load' 'store'> <Ports = 1> <Width = 8> <Depth = 16> <RAM>

State 12 <SV = 11> <Delay = 2.32>
ST_12 : Operation 50 [1/2] (2.32ns)   --->   "%w_0_load_130 = load i4 %w_0_addr_130" [AES.cpp:76]   --->   Operation 50 'load' 'w_0_load_130' <Predicate = true> <Delay = 2.32> <CoreInst = "RAM_1P">   --->   Core 86 'RAM_1P' <Latency = 1> <II = 1> <Delay = 2.32> <Storage> <Opcode : 'load' 'store'> <Ports = 1> <Width = 8> <Depth = 16> <RAM>
ST_12 : Operation 51 [1/1] (0.00ns)   --->   "%w_0_addr_131 = getelementptr i8 %w_0, i64 0, i64 14" [AES.cpp:76]   --->   Operation 51 'getelementptr' 'w_0_addr_131' <Predicate = true> <Delay = 0.00>
ST_12 : Operation 52 [2/2] (2.32ns)   --->   "%w_0_load_131 = load i4 %w_0_addr_131" [AES.cpp:76]   --->   Operation 52 'load' 'w_0_load_131' <Predicate = true> <Delay = 2.32> <CoreInst = "RAM_1P">   --->   Core 86 'RAM_1P' <Latency = 1> <II = 1> <Delay = 2.32> <Storage> <Opcode : 'load' 'store'> <Ports = 1> <Width = 8> <Depth = 16> <RAM>

State 13 <SV = 12> <Delay = 2.32>
ST_13 : Operation 53 [1/2] (2.32ns)   --->   "%w_0_load_131 = load i4 %w_0_addr_131" [AES.cpp:76]   --->   Operation 53 'load' 'w_0_load_131' <Predicate = true> <Delay = 2.32> <CoreInst = "RAM_1P">   --->   Core 86 'RAM_1P' <Latency = 1> <II = 1> <Delay = 2.32> <Storage> <Opcode : 'load' 'store'> <Ports = 1> <Width = 8> <Depth = 16> <RAM>
ST_13 : Operation 54 [1/1] (0.00ns)   --->   "%w_0_addr_132 = getelementptr i8 %w_0, i64 0, i64 3" [AES.cpp:76]   --->   Operation 54 'getelementptr' 'w_0_addr_132' <Predicate = true> <Delay = 0.00>
ST_13 : Operation 55 [2/2] (2.32ns)   --->   "%w_0_load_132 = load i4 %w_0_addr_132" [AES.cpp:76]   --->   Operation 55 'load' 'w_0_load_132' <Predicate = true> <Delay = 2.32> <CoreInst = "RAM_1P">   --->   Core 86 'RAM_1P' <Latency = 1> <II = 1> <Delay = 2.32> <Storage> <Opcode : 'load' 'store'> <Ports = 1> <Width = 8> <Depth = 16> <RAM>

State 14 <SV = 13> <Delay = 2.32>
ST_14 : Operation 56 [1/2] (2.32ns)   --->   "%w_0_load_132 = load i4 %w_0_addr_132" [AES.cpp:76]   --->   Operation 56 'load' 'w_0_load_132' <Predicate = true> <Delay = 2.32> <CoreInst = "RAM_1P">   --->   Core 86 'RAM_1P' <Latency = 1> <II = 1> <Delay = 2.32> <Storage> <Opcode : 'load' 'store'> <Ports = 1> <Width = 8> <Depth = 16> <RAM>
ST_14 : Operation 57 [1/1] (0.00ns)   --->   "%w_0_addr_133 = getelementptr i8 %w_0, i64 0, i64 7" [AES.cpp:76]   --->   Operation 57 'getelementptr' 'w_0_addr_133' <Predicate = true> <Delay = 0.00>
ST_14 : Operation 58 [2/2] (2.32ns)   --->   "%w_0_load_133 = load i4 %w_0_addr_133" [AES.cpp:76]   --->   Operation 58 'load' 'w_0_load_133' <Predicate = true> <Delay = 2.32> <CoreInst = "RAM_1P">   --->   Core 86 'RAM_1P' <Latency = 1> <II = 1> <Delay = 2.32> <Storage> <Opcode : 'load' 'store'> <Ports = 1> <Width = 8> <Depth = 16> <RAM>

State 15 <SV = 14> <Delay = 2.32>
ST_15 : Operation 59 [1/2] (2.32ns)   --->   "%w_0_load_133 = load i4 %w_0_addr_133" [AES.cpp:76]   --->   Operation 59 'load' 'w_0_load_133' <Predicate = true> <Delay = 2.32> <CoreInst = "RAM_1P">   --->   Core 86 'RAM_1P' <Latency = 1> <II = 1> <Delay = 2.32> <Storage> <Opcode : 'load' 'store'> <Ports = 1> <Width = 8> <Depth = 16> <RAM>
ST_15 : Operation 60 [1/1] (0.00ns)   --->   "%w_0_addr_134 = getelementptr i8 %w_0, i64 0, i64 11" [AES.cpp:76]   --->   Operation 60 'getelementptr' 'w_0_addr_134' <Predicate = true> <Delay = 0.00>
ST_15 : Operation 61 [2/2] (2.32ns)   --->   "%w_0_load_134 = load i4 %w_0_addr_134" [AES.cpp:76]   --->   Operation 61 'load' 'w_0_load_134' <Predicate = true> <Delay = 2.32> <CoreInst = "RAM_1P">   --->   Core 86 'RAM_1P' <Latency = 1> <II = 1> <Delay = 2.32> <Storage> <Opcode : 'load' 'store'> <Ports = 1> <Width = 8> <Depth = 16> <RAM>

State 16 <SV = 15> <Delay = 2.32>
ST_16 : Operation 62 [1/2] (2.32ns)   --->   "%w_0_load_134 = load i4 %w_0_addr_134" [AES.cpp:76]   --->   Operation 62 'load' 'w_0_load_134' <Predicate = true> <Delay = 2.32> <CoreInst = "RAM_1P">   --->   Core 86 'RAM_1P' <Latency = 1> <II = 1> <Delay = 2.32> <Storage> <Opcode : 'load' 'store'> <Ports = 1> <Width = 8> <Depth = 16> <RAM>
ST_16 : Operation 63 [1/1] (0.00ns)   --->   "%w_0_addr_135 = getelementptr i8 %w_0, i64 0, i64 15" [AES.cpp:76]   --->   Operation 63 'getelementptr' 'w_0_addr_135' <Predicate = true> <Delay = 0.00>
ST_16 : Operation 64 [2/2] (2.32ns)   --->   "%w_0_load_135 = load i4 %w_0_addr_135" [AES.cpp:76]   --->   Operation 64 'load' 'w_0_load_135' <Predicate = true> <Delay = 2.32> <CoreInst = "RAM_1P">   --->   Core 86 'RAM_1P' <Latency = 1> <II = 1> <Delay = 2.32> <Storage> <Opcode : 'load' 'store'> <Ports = 1> <Width = 8> <Depth = 16> <RAM>

State 17 <SV = 16> <Delay = 3.31>
ST_17 : Operation 65 [1/1] (0.00ns)   --->   "%empty = specmemcore i32 @_ssdm_op_SpecMemCore, i8 %w_0, i32 666, i32 17, i32 1"   --->   Operation 65 'specmemcore' 'empty' <Predicate = true> <Delay = 0.00>
ST_17 : Operation 66 [1/1] (0.00ns)   --->   "%specinterface_ln0 = specinterface void @_ssdm_op_SpecInterface, i8 %w_0, void @empty_14, i32 0, i32 0, void @empty_10, i32 4294967295, i32 0, void @empty_10, void @empty_10, void @empty_10, i32 0, i32 0, i32 0, i32 0, void @empty_10, void @empty_10"   --->   Operation 66 'specinterface' 'specinterface_ln0' <Predicate = true> <Delay = 0.00>
ST_17 : Operation 67 [1/1] (0.00ns)   --->   "%p_read_249 = read i8 @_ssdm_op_Read.ap_auto.i8, i8 %p_read15" [AES.cpp:76]   --->   Operation 67 'read' 'p_read_249' <Predicate = true> <Delay = 0.00>
ST_17 : Operation 68 [1/1] (0.00ns)   --->   "%p_read_250 = read i8 @_ssdm_op_Read.ap_auto.i8, i8 %p_read14" [AES.cpp:76]   --->   Operation 68 'read' 'p_read_250' <Predicate = true> <Delay = 0.00>
ST_17 : Operation 69 [1/1] (0.00ns)   --->   "%p_read_251 = read i8 @_ssdm_op_Read.ap_auto.i8, i8 %p_read13" [AES.cpp:76]   --->   Operation 69 'read' 'p_read_251' <Predicate = true> <Delay = 0.00>
ST_17 : Operation 70 [1/1] (0.00ns)   --->   "%p_read_252 = read i8 @_ssdm_op_Read.ap_auto.i8, i8 %p_read12" [AES.cpp:76]   --->   Operation 70 'read' 'p_read_252' <Predicate = true> <Delay = 0.00>
ST_17 : Operation 71 [1/1] (0.00ns)   --->   "%p_read_253 = read i8 @_ssdm_op_Read.ap_auto.i8, i8 %p_read11" [AES.cpp:76]   --->   Operation 71 'read' 'p_read_253' <Predicate = true> <Delay = 0.00>
ST_17 : Operation 72 [1/1] (0.00ns)   --->   "%p_read10103 = read i8 @_ssdm_op_Read.ap_auto.i8, i8 %p_read10" [AES.cpp:76]   --->   Operation 72 'read' 'p_read10103' <Predicate = true> <Delay = 0.00>
ST_17 : Operation 73 [1/1] (0.00ns)   --->   "%p_read9102 = read i8 @_ssdm_op_Read.ap_auto.i8, i8 %p_read9" [AES.cpp:76]   --->   Operation 73 'read' 'p_read9102' <Predicate = true> <Delay = 0.00>
ST_17 : Operation 74 [1/1] (0.00ns)   --->   "%p_read8101 = read i8 @_ssdm_op_Read.ap_auto.i8, i8 %p_read8" [AES.cpp:76]   --->   Operation 74 'read' 'p_read8101' <Predicate = true> <Delay = 0.00>
ST_17 : Operation 75 [1/1] (0.00ns)   --->   "%p_read7100 = read i8 @_ssdm_op_Read.ap_auto.i8, i8 %p_read7" [AES.cpp:76]   --->   Operation 75 'read' 'p_read7100' <Predicate = true> <Delay = 0.00>
ST_17 : Operation 76 [1/1] (0.00ns)   --->   "%p_read699 = read i8 @_ssdm_op_Read.ap_auto.i8, i8 %p_read6" [AES.cpp:76]   --->   Operation 76 'read' 'p_read699' <Predicate = true> <Delay = 0.00>
ST_17 : Operation 77 [1/1] (0.00ns)   --->   "%p_read598 = read i8 @_ssdm_op_Read.ap_auto.i8, i8 %p_read5" [AES.cpp:76]   --->   Operation 77 'read' 'p_read598' <Predicate = true> <Delay = 0.00>
ST_17 : Operation 78 [1/1] (0.00ns)   --->   "%p_read497 = read i8 @_ssdm_op_Read.ap_auto.i8, i8 %p_read4" [AES.cpp:76]   --->   Operation 78 'read' 'p_read497' <Predicate = true> <Delay = 0.00>
ST_17 : Operation 79 [1/1] (0.00ns)   --->   "%p_read396 = read i8 @_ssdm_op_Read.ap_auto.i8, i8 %p_read3" [AES.cpp:76]   --->   Operation 79 'read' 'p_read396' <Predicate = true> <Delay = 0.00>
ST_17 : Operation 80 [1/1] (0.00ns)   --->   "%p_read295 = read i8 @_ssdm_op_Read.ap_auto.i8, i8 %p_read2" [AES.cpp:76]   --->   Operation 80 'read' 'p_read295' <Predicate = true> <Delay = 0.00>
ST_17 : Operation 81 [1/1] (0.00ns)   --->   "%p_read194 = read i8 @_ssdm_op_Read.ap_auto.i8, i8 %p_read1" [AES.cpp:76]   --->   Operation 81 'read' 'p_read194' <Predicate = true> <Delay = 0.00>
ST_17 : Operation 82 [1/1] (0.00ns)   --->   "%p_read93 = read i8 @_ssdm_op_Read.ap_auto.i8, i8 %p_read" [AES.cpp:76]   --->   Operation 82 'read' 'p_read93' <Predicate = true> <Delay = 0.00>
ST_17 : Operation 83 [1/1] (0.99ns)   --->   "%xor_ln76 = xor i8 %w_0_load, i8 %p_read93" [AES.cpp:76]   --->   Operation 83 'xor' 'xor_ln76' <Predicate = true> <Delay = 0.99> <CoreInst = "LogicGate">   --->   Core 74 'LogicGate' <Latency = 0> <II = 1> <Delay = 0.99> <FuncUnit> <Opcode : 'and' 'or' 'xor'> <InPorts = 2> <OutPorts = 1>
ST_17 : Operation 84 [1/1] (0.99ns)   --->   "%xor_ln76_121 = xor i8 %w_0_load_121, i8 %p_read194" [AES.cpp:76]   --->   Operation 84 'xor' 'xor_ln76_121' <Predicate = true> <Delay = 0.99> <CoreInst = "LogicGate">   --->   Core 74 'LogicGate' <Latency = 0> <II = 1> <Delay = 0.99> <FuncUnit> <Opcode : 'and' 'or' 'xor'> <InPorts = 2> <OutPorts = 1>
ST_17 : Operation 85 [1/1] (0.99ns)   --->   "%xor_ln76_122 = xor i8 %w_0_load_122, i8 %p_read295" [AES.cpp:76]   --->   Operation 85 'xor' 'xor_ln76_122' <Predicate = true> <Delay = 0.99> <CoreInst = "LogicGate">   --->   Core 74 'LogicGate' <Latency = 0> <II = 1> <Delay = 0.99> <FuncUnit> <Opcode : 'and' 'or' 'xor'> <InPorts = 2> <OutPorts = 1>
ST_17 : Operation 86 [1/1] (0.99ns)   --->   "%xor_ln76_123 = xor i8 %w_0_load_123, i8 %p_read396" [AES.cpp:76]   --->   Operation 86 'xor' 'xor_ln76_123' <Predicate = true> <Delay = 0.99> <CoreInst = "LogicGate">   --->   Core 74 'LogicGate' <Latency = 0> <II = 1> <Delay = 0.99> <FuncUnit> <Opcode : 'and' 'or' 'xor'> <InPorts = 2> <OutPorts = 1>
ST_17 : Operation 87 [1/1] (0.99ns)   --->   "%xor_ln76_124 = xor i8 %w_0_load_124, i8 %p_read497" [AES.cpp:76]   --->   Operation 87 'xor' 'xor_ln76_124' <Predicate = true> <Delay = 0.99> <CoreInst = "LogicGate">   --->   Core 74 'LogicGate' <Latency = 0> <II = 1> <Delay = 0.99> <FuncUnit> <Opcode : 'and' 'or' 'xor'> <InPorts = 2> <OutPorts = 1>
ST_17 : Operation 88 [1/1] (0.99ns)   --->   "%xor_ln76_125 = xor i8 %w_0_load_125, i8 %p_read598" [AES.cpp:76]   --->   Operation 88 'xor' 'xor_ln76_125' <Predicate = true> <Delay = 0.99> <CoreInst = "LogicGate">   --->   Core 74 'LogicGate' <Latency = 0> <II = 1> <Delay = 0.99> <FuncUnit> <Opcode : 'and' 'or' 'xor'> <InPorts = 2> <OutPorts = 1>
ST_17 : Operation 89 [1/1] (0.99ns)   --->   "%xor_ln76_126 = xor i8 %w_0_load_126, i8 %p_read699" [AES.cpp:76]   --->   Operation 89 'xor' 'xor_ln76_126' <Predicate = true> <Delay = 0.99> <CoreInst = "LogicGate">   --->   Core 74 'LogicGate' <Latency = 0> <II = 1> <Delay = 0.99> <FuncUnit> <Opcode : 'and' 'or' 'xor'> <InPorts = 2> <OutPorts = 1>
ST_17 : Operation 90 [1/1] (0.99ns)   --->   "%xor_ln76_127 = xor i8 %w_0_load_127, i8 %p_read7100" [AES.cpp:76]   --->   Operation 90 'xor' 'xor_ln76_127' <Predicate = true> <Delay = 0.99> <CoreInst = "LogicGate">   --->   Core 74 'LogicGate' <Latency = 0> <II = 1> <Delay = 0.99> <FuncUnit> <Opcode : 'and' 'or' 'xor'> <InPorts = 2> <OutPorts = 1>
ST_17 : Operation 91 [1/1] (0.99ns)   --->   "%xor_ln76_128 = xor i8 %w_0_load_128, i8 %p_read8101" [AES.cpp:76]   --->   Operation 91 'xor' 'xor_ln76_128' <Predicate = true> <Delay = 0.99> <CoreInst = "LogicGate">   --->   Core 74 'LogicGate' <Latency = 0> <II = 1> <Delay = 0.99> <FuncUnit> <Opcode : 'and' 'or' 'xor'> <InPorts = 2> <OutPorts = 1>
ST_17 : Operation 92 [1/1] (0.99ns)   --->   "%xor_ln76_129 = xor i8 %w_0_load_129, i8 %p_read9102" [AES.cpp:76]   --->   Operation 92 'xor' 'xor_ln76_129' <Predicate = true> <Delay = 0.99> <CoreInst = "LogicGate">   --->   Core 74 'LogicGate' <Latency = 0> <II = 1> <Delay = 0.99> <FuncUnit> <Opcode : 'and' 'or' 'xor'> <InPorts = 2> <OutPorts = 1>
ST_17 : Operation 93 [1/1] (0.99ns)   --->   "%xor_ln76_130 = xor i8 %w_0_load_130, i8 %p_read10103" [AES.cpp:76]   --->   Operation 93 'xor' 'xor_ln76_130' <Predicate = true> <Delay = 0.99> <CoreInst = "LogicGate">   --->   Core 74 'LogicGate' <Latency = 0> <II = 1> <Delay = 0.99> <FuncUnit> <Opcode : 'and' 'or' 'xor'> <InPorts = 2> <OutPorts = 1>
ST_17 : Operation 94 [1/1] (0.99ns)   --->   "%xor_ln76_131 = xor i8 %w_0_load_131, i8 %p_read_253" [AES.cpp:76]   --->   Operation 94 'xor' 'xor_ln76_131' <Predicate = true> <Delay = 0.99> <CoreInst = "LogicGate">   --->   Core 74 'LogicGate' <Latency = 0> <II = 1> <Delay = 0.99> <FuncUnit> <Opcode : 'and' 'or' 'xor'> <InPorts = 2> <OutPorts = 1>
ST_17 : Operation 95 [1/1] (0.99ns)   --->   "%xor_ln76_132 = xor i8 %w_0_load_132, i8 %p_read_252" [AES.cpp:76]   --->   Operation 95 'xor' 'xor_ln76_132' <Predicate = true> <Delay = 0.99> <CoreInst = "LogicGate">   --->   Core 74 'LogicGate' <Latency = 0> <II = 1> <Delay = 0.99> <FuncUnit> <Opcode : 'and' 'or' 'xor'> <InPorts = 2> <OutPorts = 1>
ST_17 : Operation 96 [1/1] (0.99ns)   --->   "%xor_ln76_133 = xor i8 %w_0_load_133, i8 %p_read_251" [AES.cpp:76]   --->   Operation 96 'xor' 'xor_ln76_133' <Predicate = true> <Delay = 0.99> <CoreInst = "LogicGate">   --->   Core 74 'LogicGate' <Latency = 0> <II = 1> <Delay = 0.99> <FuncUnit> <Opcode : 'and' 'or' 'xor'> <InPorts = 2> <OutPorts = 1>
ST_17 : Operation 97 [1/1] (0.99ns)   --->   "%xor_ln76_134 = xor i8 %w_0_load_134, i8 %p_read_250" [AES.cpp:76]   --->   Operation 97 'xor' 'xor_ln76_134' <Predicate = true> <Delay = 0.99> <CoreInst = "LogicGate">   --->   Core 74 'LogicGate' <Latency = 0> <II = 1> <Delay = 0.99> <FuncUnit> <Opcode : 'and' 'or' 'xor'> <InPorts = 2> <OutPorts = 1>
ST_17 : Operation 98 [1/2] (2.32ns)   --->   "%w_0_load_135 = load i4 %w_0_addr_135" [AES.cpp:76]   --->   Operation 98 'load' 'w_0_load_135' <Predicate = true> <Delay = 2.32> <CoreInst = "RAM_1P">   --->   Core 86 'RAM_1P' <Latency = 1> <II = 1> <Delay = 2.32> <Storage> <Opcode : 'load' 'store'> <Ports = 1> <Width = 8> <Depth = 16> <RAM>
ST_17 : Operation 99 [1/1] (0.99ns)   --->   "%xor_ln76_135 = xor i8 %w_0_load_135, i8 %p_read_249" [AES.cpp:76]   --->   Operation 99 'xor' 'xor_ln76_135' <Predicate = true> <Delay = 0.99> <CoreInst = "LogicGate">   --->   Core 74 'LogicGate' <Latency = 0> <II = 1> <Delay = 0.99> <FuncUnit> <Opcode : 'and' 'or' 'xor'> <InPorts = 2> <OutPorts = 1>
ST_17 : Operation 100 [1/1] (0.00ns)   --->   "%mrv = insertvalue i128 <undef>, i8 %xor_ln76" [AES.cpp:77]   --->   Operation 100 'insertvalue' 'mrv' <Predicate = true> <Delay = 0.00>
ST_17 : Operation 101 [1/1] (0.00ns)   --->   "%mrv_1 = insertvalue i128 %mrv, i8 %xor_ln76_121" [AES.cpp:77]   --->   Operation 101 'insertvalue' 'mrv_1' <Predicate = true> <Delay = 0.00>
ST_17 : Operation 102 [1/1] (0.00ns)   --->   "%mrv_2 = insertvalue i128 %mrv_1, i8 %xor_ln76_122" [AES.cpp:77]   --->   Operation 102 'insertvalue' 'mrv_2' <Predicate = true> <Delay = 0.00>
ST_17 : Operation 103 [1/1] (0.00ns)   --->   "%mrv_3 = insertvalue i128 %mrv_2, i8 %xor_ln76_123" [AES.cpp:77]   --->   Operation 103 'insertvalue' 'mrv_3' <Predicate = true> <Delay = 0.00>
ST_17 : Operation 104 [1/1] (0.00ns)   --->   "%mrv_4 = insertvalue i128 %mrv_3, i8 %xor_ln76_124" [AES.cpp:77]   --->   Operation 104 'insertvalue' 'mrv_4' <Predicate = true> <Delay = 0.00>
ST_17 : Operation 105 [1/1] (0.00ns)   --->   "%mrv_5 = insertvalue i128 %mrv_4, i8 %xor_ln76_125" [AES.cpp:77]   --->   Operation 105 'insertvalue' 'mrv_5' <Predicate = true> <Delay = 0.00>
ST_17 : Operation 106 [1/1] (0.00ns)   --->   "%mrv_6 = insertvalue i128 %mrv_5, i8 %xor_ln76_126" [AES.cpp:77]   --->   Operation 106 'insertvalue' 'mrv_6' <Predicate = true> <Delay = 0.00>
ST_17 : Operation 107 [1/1] (0.00ns)   --->   "%mrv_7 = insertvalue i128 %mrv_6, i8 %xor_ln76_127" [AES.cpp:77]   --->   Operation 107 'insertvalue' 'mrv_7' <Predicate = true> <Delay = 0.00>
ST_17 : Operation 108 [1/1] (0.00ns)   --->   "%mrv_8 = insertvalue i128 %mrv_7, i8 %xor_ln76_128" [AES.cpp:77]   --->   Operation 108 'insertvalue' 'mrv_8' <Predicate = true> <Delay = 0.00>
ST_17 : Operation 109 [1/1] (0.00ns)   --->   "%mrv_9 = insertvalue i128 %mrv_8, i8 %xor_ln76_129" [AES.cpp:77]   --->   Operation 109 'insertvalue' 'mrv_9' <Predicate = true> <Delay = 0.00>
ST_17 : Operation 110 [1/1] (0.00ns)   --->   "%mrv_10 = insertvalue i128 %mrv_9, i8 %xor_ln76_130" [AES.cpp:77]   --->   Operation 110 'insertvalue' 'mrv_10' <Predicate = true> <Delay = 0.00>
ST_17 : Operation 111 [1/1] (0.00ns)   --->   "%mrv_11 = insertvalue i128 %mrv_10, i8 %xor_ln76_131" [AES.cpp:77]   --->   Operation 111 'insertvalue' 'mrv_11' <Predicate = true> <Delay = 0.00>
ST_17 : Operation 112 [1/1] (0.00ns)   --->   "%mrv_12 = insertvalue i128 %mrv_11, i8 %xor_ln76_132" [AES.cpp:77]   --->   Operation 112 'insertvalue' 'mrv_12' <Predicate = true> <Delay = 0.00>
ST_17 : Operation 113 [1/1] (0.00ns)   --->   "%mrv_13 = insertvalue i128 %mrv_12, i8 %xor_ln76_133" [AES.cpp:77]   --->   Operation 113 'insertvalue' 'mrv_13' <Predicate = true> <Delay = 0.00>
ST_17 : Operation 114 [1/1] (0.00ns)   --->   "%mrv_14 = insertvalue i128 %mrv_13, i8 %xor_ln76_134" [AES.cpp:77]   --->   Operation 114 'insertvalue' 'mrv_14' <Predicate = true> <Delay = 0.00>
ST_17 : Operation 115 [1/1] (0.00ns)   --->   "%mrv_s = insertvalue i128 %mrv_14, i8 %xor_ln76_135" [AES.cpp:77]   --->   Operation 115 'insertvalue' 'mrv_s' <Predicate = true> <Delay = 0.00>
ST_17 : Operation 116 [1/1] (0.00ns)   --->   "%ret_ln77 = ret i128 %mrv_s" [AES.cpp:77]   --->   Operation 116 'ret' 'ret_ln77' <Predicate = true> <Delay = 0.00>


============================================================
+ Verbose Summary: Binding
============================================================
STG Binding: 
---------------- STG Properties BEGIN ----------------
- Is combinational: 0
- Is one-state seq: 0
- Is datapath-only: 0
- Is pipelined: 0
- Is top level: 0
Port [ Return ] is wired: 1; IO mode=ap_ctrl_hs:ce=0
Port [ w_0]:  wired=1; compound=1; hidden=0; nouse=0; global=0; static=0; extern=0; dir=0; type=1; pingpong=0; private_global=0; MemPort=[1]; IO mode=ap_memory:ce=0
Port [ p_read]:  wired=1; compound=0; hidden=0; nouse=0; global=0; static=0; extern=0; dir=0; type=0; pingpong=0; private_global=0; IO mode=ap_none:ce=0
Port [ p_read1]:  wired=1; compound=0; hidden=0; nouse=0; global=0; static=0; extern=0; dir=0; type=0; pingpong=0; private_global=0; IO mode=ap_none:ce=0
Port [ p_read2]:  wired=1; compound=0; hidden=0; nouse=0; global=0; static=0; extern=0; dir=0; type=0; pingpong=0; private_global=0; IO mode=ap_none:ce=0
Port [ p_read3]:  wired=1; compound=0; hidden=0; nouse=0; global=0; static=0; extern=0; dir=0; type=0; pingpong=0; private_global=0; IO mode=ap_none:ce=0
Port [ p_read4]:  wired=1; compound=0; hidden=0; nouse=0; global=0; static=0; extern=0; dir=0; type=0; pingpong=0; private_global=0; IO mode=ap_none:ce=0
Port [ p_read5]:  wired=1; compound=0; hidden=0; nouse=0; global=0; static=0; extern=0; dir=0; type=0; pingpong=0; private_global=0; IO mode=ap_none:ce=0
Port [ p_read6]:  wired=1; compound=0; hidden=0; nouse=0; global=0; static=0; extern=0; dir=0; type=0; pingpong=0; private_global=0; IO mode=ap_none:ce=0
Port [ p_read7]:  wired=1; compound=0; hidden=0; nouse=0; global=0; static=0; extern=0; dir=0; type=0; pingpong=0; private_global=0; IO mode=ap_none:ce=0
Port [ p_read8]:  wired=1; compound=0; hidden=0; nouse=0; global=0; static=0; extern=0; dir=0; type=0; pingpong=0; private_global=0; IO mode=ap_none:ce=0
Port [ p_read9]:  wired=1; compound=0; hidden=0; nouse=0; global=0; static=0; extern=0; dir=0; type=0; pingpong=0; private_global=0; IO mode=ap_none:ce=0
Port [ p_read10]:  wired=1; compound=0; hidden=0; nouse=0; global=0; static=0; extern=0; dir=0; type=0; pingpong=0; private_global=0; IO mode=ap_none:ce=0
Port [ p_read11]:  wired=1; compound=0; hidden=0; nouse=0; global=0; static=0; extern=0; dir=0; type=0; pingpong=0; private_global=0; IO mode=ap_none:ce=0
Port [ p_read12]:  wired=1; compound=0; hidden=0; nouse=0; global=0; static=0; extern=0; dir=0; type=0; pingpong=0; private_global=0; IO mode=ap_none:ce=0
Port [ p_read13]:  wired=1; compound=0; hidden=0; nouse=0; global=0; static=0; extern=0; dir=0; type=0; pingpong=0; private_global=0; IO mode=ap_none:ce=0
Port [ p_read14]:  wired=1; compound=0; hidden=0; nouse=0; global=0; static=0; extern=0; dir=0; type=0; pingpong=0; private_global=0; IO mode=ap_none:ce=0
Port [ p_read15]:  wired=1; compound=0; hidden=0; nouse=0; global=0; static=0; extern=0; dir=0; type=0; pingpong=0; private_global=0; IO mode=ap_none:ce=0
---------------- STG Properties END ------------------

---------------- Datapath Model BEGIN ----------------

<LifeTime>
<method=bitvector/>
w_0_addr          (getelementptr) [ 001000000000000000]
w_0_load          (load         ) [ 000111111111111111]
w_0_addr_121      (getelementptr) [ 000100000000000000]
w_0_load_121      (load         ) [ 000011111111111111]
w_0_addr_122      (getelementptr) [ 000010000000000000]
w_0_load_122      (load         ) [ 000001111111111111]
w_0_addr_123      (getelementptr) [ 000001000000000000]
w_0_load_123      (load         ) [ 000000111111111111]
w_0_addr_124      (getelementptr) [ 000000100000000000]
w_0_load_124      (load         ) [ 000000011111111111]
w_0_addr_125      (getelementptr) [ 000000010000000000]
w_0_load_125      (load         ) [ 000000001111111111]
w_0_addr_126      (getelementptr) [ 000000001000000000]
w_0_load_126      (load         ) [ 000000000111111111]
w_0_addr_127      (getelementptr) [ 000000000100000000]
w_0_load_127      (load         ) [ 000000000011111111]
w_0_addr_128      (getelementptr) [ 000000000010000000]
w_0_load_128      (load         ) [ 000000000001111111]
w_0_addr_129      (getelementptr) [ 000000000001000000]
w_0_load_129      (load         ) [ 000000000000111111]
w_0_addr_130      (getelementptr) [ 000000000000100000]
w_0_load_130      (load         ) [ 000000000000011111]
w_0_addr_131      (getelementptr) [ 000000000000010000]
w_0_load_131      (load         ) [ 000000000000001111]
w_0_addr_132      (getelementptr) [ 000000000000001000]
w_0_load_132      (load         ) [ 000000000000000111]
w_0_addr_133      (getelementptr) [ 000000000000000100]
w_0_load_133      (load         ) [ 000000000000000011]
w_0_addr_134      (getelementptr) [ 000000000000000010]
w_0_load_134      (load         ) [ 000000000000000001]
w_0_addr_135      (getelementptr) [ 000000000000000001]
empty             (specmemcore  ) [ 000000000000000000]
specinterface_ln0 (specinterface) [ 000000000000000000]
p_read_249        (read         ) [ 000000000000000000]
p_read_250        (read         ) [ 000000000000000000]
p_read_251        (read         ) [ 000000000000000000]
p_read_252        (read         ) [ 000000000000000000]
p_read_253        (read         ) [ 000000000000000000]
p_read10103       (read         ) [ 000000000000000000]
p_read9102        (read         ) [ 000000000000000000]
p_read8101        (read         ) [ 000000000000000000]
p_read7100        (read         ) [ 000000000000000000]
p_read699         (read         ) [ 000000000000000000]
p_read598         (read         ) [ 000000000000000000]
p_read497         (read         ) [ 000000000000000000]
p_read396         (read         ) [ 000000000000000000]
p_read295         (read         ) [ 000000000000000000]
p_read194         (read         ) [ 000000000000000000]
p_read93          (read         ) [ 000000000000000000]
xor_ln76          (xor          ) [ 000000000000000000]
xor_ln76_121      (xor          ) [ 000000000000000000]
xor_ln76_122      (xor          ) [ 000000000000000000]
xor_ln76_123      (xor          ) [ 000000000000000000]
xor_ln76_124      (xor          ) [ 000000000000000000]
xor_ln76_125      (xor          ) [ 000000000000000000]
xor_ln76_126      (xor          ) [ 000000000000000000]
xor_ln76_127      (xor          ) [ 000000000000000000]
xor_ln76_128      (xor          ) [ 000000000000000000]
xor_ln76_129      (xor          ) [ 000000000000000000]
xor_ln76_130      (xor          ) [ 000000000000000000]
xor_ln76_131      (xor          ) [ 000000000000000000]
xor_ln76_132      (xor          ) [ 000000000000000000]
xor_ln76_133      (xor          ) [ 000000000000000000]
xor_ln76_134      (xor          ) [ 000000000000000000]
w_0_load_135      (load         ) [ 000000000000000000]
xor_ln76_135      (xor          ) [ 000000000000000000]
mrv               (insertvalue  ) [ 000000000000000000]
mrv_1             (insertvalue  ) [ 000000000000000000]
mrv_2             (insertvalue  ) [ 000000000000000000]
mrv_3             (insertvalue  ) [ 000000000000000000]
mrv_4             (insertvalue  ) [ 000000000000000000]
mrv_5             (insertvalue  ) [ 000000000000000000]
mrv_6             (insertvalue  ) [ 000000000000000000]
mrv_7             (insertvalue  ) [ 000000000000000000]
mrv_8             (insertvalue  ) [ 000000000000000000]
mrv_9             (insertvalue  ) [ 000000000000000000]
mrv_10            (insertvalue  ) [ 000000000000000000]
mrv_11            (insertvalue  ) [ 000000000000000000]
mrv_12            (insertvalue  ) [ 000000000000000000]
mrv_13            (insertvalue  ) [ 000000000000000000]
mrv_14            (insertvalue  ) [ 000000000000000000]
mrv_s             (insertvalue  ) [ 000000000000000000]
ret_ln77          (ret          ) [ 000000000000000000]
</LifeTime>

<model>

<comp_list>
<comp id="0" class="1000" name="w_0">
<pin_list>
<pin id="1" dir="1" index="0" bw="1" slack="0"/>
</pin_list>
<bind>
<StgValue><ssdm name="w_0"/><MemPortTyVec>1 </MemPortTyVec>
</StgValue>
</bind>
</comp>

<comp id="2" class="1000" name="p_read">
<pin_list>
<pin id="3" dir="1" index="0" bw="1" slack="0"/>
</pin_list>
<bind>
<StgValue><ssdm name="p_read"/></StgValue>
</bind>
</comp>

<comp id="4" class="1000" name="p_read1">
<pin_list>
<pin id="5" dir="1" index="0" bw="1" slack="0"/>
</pin_list>
<bind>
<StgValue><ssdm name="p_read1"/></StgValue>
</bind>
</comp>

<comp id="6" class="1000" name="p_read2">
<pin_list>
<pin id="7" dir="1" index="0" bw="1" slack="0"/>
</pin_list>
<bind>
<StgValue><ssdm name="p_read2"/></StgValue>
</bind>
</comp>

<comp id="8" class="1000" name="p_read3">
<pin_list>
<pin id="9" dir="1" index="0" bw="1" slack="0"/>
</pin_list>
<bind>
<StgValue><ssdm name="p_read3"/></StgValue>
</bind>
</comp>

<comp id="10" class="1000" name="p_read4">
<pin_list>
<pin id="11" dir="1" index="0" bw="1" slack="0"/>
</pin_list>
<bind>
<StgValue><ssdm name="p_read4"/></StgValue>
</bind>
</comp>

<comp id="12" class="1000" name="p_read5">
<pin_list>
<pin id="13" dir="1" index="0" bw="1" slack="0"/>
</pin_list>
<bind>
<StgValue><ssdm name="p_read5"/></StgValue>
</bind>
</comp>

<comp id="14" class="1000" name="p_read6">
<pin_list>
<pin id="15" dir="1" index="0" bw="1" slack="0"/>
</pin_list>
<bind>
<StgValue><ssdm name="p_read6"/></StgValue>
</bind>
</comp>

<comp id="16" class="1000" name="p_read7">
<pin_list>
<pin id="17" dir="1" index="0" bw="1" slack="0"/>
</pin_list>
<bind>
<StgValue><ssdm name="p_read7"/></StgValue>
</bind>
</comp>

<comp id="18" class="1000" name="p_read8">
<pin_list>
<pin id="19" dir="1" index="0" bw="1" slack="0"/>
</pin_list>
<bind>
<StgValue><ssdm name="p_read8"/></StgValue>
</bind>
</comp>

<comp id="20" class="1000" name="p_read9">
<pin_list>
<pin id="21" dir="1" index="0" bw="1" slack="0"/>
</pin_list>
<bind>
<StgValue><ssdm name="p_read9"/></StgValue>
</bind>
</comp>

<comp id="22" class="1000" name="p_read10">
<pin_list>
<pin id="23" dir="1" index="0" bw="1" slack="0"/>
</pin_list>
<bind>
<StgValue><ssdm name="p_read10"/></StgValue>
</bind>
</comp>

<comp id="24" class="1000" name="p_read11">
<pin_list>
<pin id="25" dir="1" index="0" bw="1" slack="0"/>
</pin_list>
<bind>
<StgValue><ssdm name="p_read11"/></StgValue>
</bind>
</comp>

<comp id="26" class="1000" name="p_read12">
<pin_list>
<pin id="27" dir="1" index="0" bw="1" slack="0"/>
</pin_list>
<bind>
<StgValue><ssdm name="p_read12"/></StgValue>
</bind>
</comp>

<comp id="28" class="1000" name="p_read13">
<pin_list>
<pin id="29" dir="1" index="0" bw="1" slack="0"/>
</pin_list>
<bind>
<StgValue><ssdm name="p_read13"/></StgValue>
</bind>
</comp>

<comp id="30" class="1000" name="p_read14">
<pin_list>
<pin id="31" dir="1" index="0" bw="1" slack="0"/>
</pin_list>
<bind>
<StgValue><ssdm name="p_read14"/></StgValue>
</bind>
</comp>

<comp id="32" class="1000" name="p_read15">
<pin_list>
<pin id="33" dir="1" index="0" bw="1" slack="0"/>
</pin_list>
<bind>
<StgValue><ssdm name="p_read15"/></StgValue>
</bind>
</comp>

<comp id="34" class="1001" name="const_34">
<pin_list>
<pin id="35" dir="1" index="0" bw="1" slack="0"/>
</pin_list>
<bind>
<StgValue><ssdm name=""/></StgValue>
</bind>
</comp>

<comp id="36" class="1001" name="const_36">
<pin_list>
<pin id="37" dir="1" index="0" bw="1" slack="0"/>
</pin_list>
<bind>
<StgValue><ssdm name=""/></StgValue>
</bind>
</comp>

<comp id="38" class="1001" name="const_38">
<pin_list>
<pin id="39" dir="1" index="0" bw="1" slack="0"/>
</pin_list>
<bind>
<StgValue><ssdm name=""/></StgValue>
</bind>
</comp>

<comp id="40" class="1001" name="const_40">
<pin_list>
<pin id="41" dir="1" index="0" bw="1" slack="0"/>
</pin_list>
<bind>
<StgValue><ssdm name=""/></StgValue>
</bind>
</comp>

<comp id="42" class="1001" name="const_42">
<pin_list>
<pin id="43" dir="1" index="0" bw="1" slack="0"/>
</pin_list>
<bind>
<StgValue><ssdm name=""/></StgValue>
</bind>
</comp>

<comp id="44" class="1001" name="const_44">
<pin_list>
<pin id="45" dir="1" index="0" bw="1" slack="0"/>
</pin_list>
<bind>
<StgValue><ssdm name=""/></StgValue>
</bind>
</comp>

<comp id="46" class="1001" name="const_46">
<pin_list>
<pin id="47" dir="1" index="0" bw="1" slack="0"/>
</pin_list>
<bind>
<StgValue><ssdm name=""/></StgValue>
</bind>
</comp>

<comp id="48" class="1001" name="const_48">
<pin_list>
<pin id="49" dir="1" index="0" bw="1" slack="0"/>
</pin_list>
<bind>
<StgValue><ssdm name=""/></StgValue>
</bind>
</comp>

<comp id="50" class="1001" name="const_50">
<pin_list>
<pin id="51" dir="1" index="0" bw="1" slack="0"/>
</pin_list>
<bind>
<StgValue><ssdm name=""/></StgValue>
</bind>
</comp>

<comp id="52" class="1001" name="const_52">
<pin_list>
<pin id="53" dir="1" index="0" bw="1" slack="0"/>
</pin_list>
<bind>
<StgValue><ssdm name=""/></StgValue>
</bind>
</comp>

<comp id="54" class="1001" name="const_54">
<pin_list>
<pin id="55" dir="1" index="0" bw="1" slack="0"/>
</pin_list>
<bind>
<StgValue><ssdm name=""/></StgValue>
</bind>
</comp>

<comp id="56" class="1001" name="const_56">
<pin_list>
<pin id="57" dir="1" index="0" bw="1" slack="0"/>
</pin_list>
<bind>
<StgValue><ssdm name=""/></StgValue>
</bind>
</comp>

<comp id="58" class="1001" name="const_58">
<pin_list>
<pin id="59" dir="1" index="0" bw="1" slack="0"/>
</pin_list>
<bind>
<StgValue><ssdm name=""/></StgValue>
</bind>
</comp>

<comp id="60" class="1001" name="const_60">
<pin_list>
<pin id="61" dir="1" index="0" bw="1" slack="0"/>
</pin_list>
<bind>
<StgValue><ssdm name=""/></StgValue>
</bind>
</comp>

<comp id="62" class="1001" name="const_62">
<pin_list>
<pin id="63" dir="1" index="0" bw="1" slack="0"/>
</pin_list>
<bind>
<StgValue><ssdm name=""/></StgValue>
</bind>
</comp>

<comp id="64" class="1001" name="const_64">
<pin_list>
<pin id="65" dir="1" index="0" bw="1" slack="0"/>
</pin_list>
<bind>
<StgValue><ssdm name=""/></StgValue>
</bind>
</comp>

<comp id="66" class="1001" name="const_66">
<pin_list>
<pin id="67" dir="1" index="0" bw="1" slack="2147483647"/>
</pin_list>
<bind>
<StgValue><ssdm name="_ssdm_op_SpecMemCore"/></StgValue>
</bind>
</comp>

<comp id="68" class="1001" name="const_68">
<pin_list>
<pin id="69" dir="1" index="0" bw="1" slack="2147483647"/>
</pin_list>
<bind>
<StgValue><ssdm name=""/></StgValue>
</bind>
</comp>

<comp id="70" class="1001" name="const_70">
<pin_list>
<pin id="71" dir="1" index="0" bw="1" slack="2147483647"/>
</pin_list>
<bind>
<StgValue><ssdm name=""/></StgValue>
</bind>
</comp>

<comp id="72" class="1001" name="const_72">
<pin_list>
<pin id="73" dir="1" index="0" bw="1" slack="2147483647"/>
</pin_list>
<bind>
<StgValue><ssdm name=""/></StgValue>
</bind>
</comp>

<comp id="74" class="1001" name="const_74">
<pin_list>
<pin id="75" dir="1" index="0" bw="1" slack="2147483647"/>
</pin_list>
<bind>
<StgValue><ssdm name="_ssdm_op_SpecInterface"/></StgValue>
</bind>
</comp>

<comp id="76" class="1001" name="const_76">
<pin_list>
<pin id="77" dir="1" index="0" bw="1" slack="2147483647"/>
</pin_list>
<bind>
<StgValue><ssdm name="empty_14"/></StgValue>
</bind>
</comp>

<comp id="78" class="1001" name="const_78">
<pin_list>
<pin id="79" dir="1" index="0" bw="1" slack="2147483647"/>
</pin_list>
<bind>
<StgValue><ssdm name=""/></StgValue>
</bind>
</comp>

<comp id="80" class="1001" name="const_80">
<pin_list>
<pin id="81" dir="1" index="0" bw="1" slack="2147483647"/>
</pin_list>
<bind>
<StgValue><ssdm name="empty_10"/></StgValue>
</bind>
</comp>

<comp id="82" class="1001" name="const_82">
<pin_list>
<pin id="83" dir="1" index="0" bw="1" slack="2147483647"/>
</pin_list>
<bind>
<StgValue><ssdm name=""/></StgValue>
</bind>
</comp>

<comp id="84" class="1001" name="const_84">
<pin_list>
<pin id="85" dir="1" index="0" bw="1" slack="0"/>
</pin_list>
<bind>
<StgValue><ssdm name="_ssdm_op_Read.ap_auto.i8"/></StgValue>
</bind>
</comp>

<comp id="86" class="1001" name="const_86">
<pin_list>
<pin id="87" dir="1" index="0" bw="1" slack="0"/>
</pin_list>
<bind>
<StgValue><ssdm name=""/></StgValue>
</bind>
</comp>

<comp id="88" class="1004" name="p_read_249_read_fu_88">
<pin_list>
<pin id="89" dir="0" index="0" bw="8" slack="0"/>
<pin id="90" dir="0" index="1" bw="8" slack="0"/>
<pin id="91" dir="1" index="2" bw="8" slack="0"/>
</pin_list>
<bind>
<opcode="read(1150) " fcode="read"/>
<opset="p_read_249/17 "/>
</bind>
</comp>

<comp id="94" class="1004" name="p_read_250_read_fu_94">
<pin_list>
<pin id="95" dir="0" index="0" bw="8" slack="0"/>
<pin id="96" dir="0" index="1" bw="8" slack="0"/>
<pin id="97" dir="1" index="2" bw="8" slack="0"/>
</pin_list>
<bind>
<opcode="read(1150) " fcode="read"/>
<opset="p_read_250/17 "/>
</bind>
</comp>

<comp id="100" class="1004" name="p_read_251_read_fu_100">
<pin_list>
<pin id="101" dir="0" index="0" bw="8" slack="0"/>
<pin id="102" dir="0" index="1" bw="8" slack="0"/>
<pin id="103" dir="1" index="2" bw="8" slack="0"/>
</pin_list>
<bind>
<opcode="read(1150) " fcode="read"/>
<opset="p_read_251/17 "/>
</bind>
</comp>

<comp id="106" class="1004" name="p_read_252_read_fu_106">
<pin_list>
<pin id="107" dir="0" index="0" bw="8" slack="0"/>
<pin id="108" dir="0" index="1" bw="8" slack="0"/>
<pin id="109" dir="1" index="2" bw="8" slack="0"/>
</pin_list>
<bind>
<opcode="read(1150) " fcode="read"/>
<opset="p_read_252/17 "/>
</bind>
</comp>

<comp id="112" class="1004" name="p_read_253_read_fu_112">
<pin_list>
<pin id="113" dir="0" index="0" bw="8" slack="0"/>
<pin id="114" dir="0" index="1" bw="8" slack="0"/>
<pin id="115" dir="1" index="2" bw="8" slack="0"/>
</pin_list>
<bind>
<opcode="read(1150) " fcode="read"/>
<opset="p_read_253/17 "/>
</bind>
</comp>

<comp id="118" class="1004" name="p_read10103_read_fu_118">
<pin_list>
<pin id="119" dir="0" index="0" bw="8" slack="0"/>
<pin id="120" dir="0" index="1" bw="8" slack="0"/>
<pin id="121" dir="1" index="2" bw="8" slack="0"/>
</pin_list>
<bind>
<opcode="read(1150) " fcode="read"/>
<opset="p_read10103/17 "/>
</bind>
</comp>

<comp id="124" class="1004" name="p_read9102_read_fu_124">
<pin_list>
<pin id="125" dir="0" index="0" bw="8" slack="0"/>
<pin id="126" dir="0" index="1" bw="8" slack="0"/>
<pin id="127" dir="1" index="2" bw="8" slack="0"/>
</pin_list>
<bind>
<opcode="read(1150) " fcode="read"/>
<opset="p_read9102/17 "/>
</bind>
</comp>

<comp id="130" class="1004" name="p_read8101_read_fu_130">
<pin_list>
<pin id="131" dir="0" index="0" bw="8" slack="0"/>
<pin id="132" dir="0" index="1" bw="8" slack="0"/>
<pin id="133" dir="1" index="2" bw="8" slack="0"/>
</pin_list>
<bind>
<opcode="read(1150) " fcode="read"/>
<opset="p_read8101/17 "/>
</bind>
</comp>

<comp id="136" class="1004" name="p_read7100_read_fu_136">
<pin_list>
<pin id="137" dir="0" index="0" bw="8" slack="0"/>
<pin id="138" dir="0" index="1" bw="8" slack="0"/>
<pin id="139" dir="1" index="2" bw="8" slack="0"/>
</pin_list>
<bind>
<opcode="read(1150) " fcode="read"/>
<opset="p_read7100/17 "/>
</bind>
</comp>

<comp id="142" class="1004" name="p_read699_read_fu_142">
<pin_list>
<pin id="143" dir="0" index="0" bw="8" slack="0"/>
<pin id="144" dir="0" index="1" bw="8" slack="0"/>
<pin id="145" dir="1" index="2" bw="8" slack="0"/>
</pin_list>
<bind>
<opcode="read(1150) " fcode="read"/>
<opset="p_read699/17 "/>
</bind>
</comp>

<comp id="148" class="1004" name="p_read598_read_fu_148">
<pin_list>
<pin id="149" dir="0" index="0" bw="8" slack="0"/>
<pin id="150" dir="0" index="1" bw="8" slack="0"/>
<pin id="151" dir="1" index="2" bw="8" slack="0"/>
</pin_list>
<bind>
<opcode="read(1150) " fcode="read"/>
<opset="p_read598/17 "/>
</bind>
</comp>

<comp id="154" class="1004" name="p_read497_read_fu_154">
<pin_list>
<pin id="155" dir="0" index="0" bw="8" slack="0"/>
<pin id="156" dir="0" index="1" bw="8" slack="0"/>
<pin id="157" dir="1" index="2" bw="8" slack="0"/>
</pin_list>
<bind>
<opcode="read(1150) " fcode="read"/>
<opset="p_read497/17 "/>
</bind>
</comp>

<comp id="160" class="1004" name="p_read396_read_fu_160">
<pin_list>
<pin id="161" dir="0" index="0" bw="8" slack="0"/>
<pin id="162" dir="0" index="1" bw="8" slack="0"/>
<pin id="163" dir="1" index="2" bw="8" slack="0"/>
</pin_list>
<bind>
<opcode="read(1150) " fcode="read"/>
<opset="p_read396/17 "/>
</bind>
</comp>

<comp id="166" class="1004" name="p_read295_read_fu_166">
<pin_list>
<pin id="167" dir="0" index="0" bw="8" slack="0"/>
<pin id="168" dir="0" index="1" bw="8" slack="0"/>
<pin id="169" dir="1" index="2" bw="8" slack="0"/>
</pin_list>
<bind>
<opcode="read(1150) " fcode="read"/>
<opset="p_read295/17 "/>
</bind>
</comp>

<comp id="172" class="1004" name="p_read194_read_fu_172">
<pin_list>
<pin id="173" dir="0" index="0" bw="8" slack="0"/>
<pin id="174" dir="0" index="1" bw="8" slack="0"/>
<pin id="175" dir="1" index="2" bw="8" slack="0"/>
</pin_list>
<bind>
<opcode="read(1150) " fcode="read"/>
<opset="p_read194/17 "/>
</bind>
</comp>

<comp id="178" class="1004" name="p_read93_read_fu_178">
<pin_list>
<pin id="179" dir="0" index="0" bw="8" slack="0"/>
<pin id="180" dir="0" index="1" bw="8" slack="0"/>
<pin id="181" dir="1" index="2" bw="8" slack="0"/>
</pin_list>
<bind>
<opcode="read(1150) " fcode="read"/>
<opset="p_read93/17 "/>
</bind>
</comp>

<comp id="184" class="1004" name="w_0_addr_gep_fu_184">
<pin_list>
<pin id="185" dir="0" index="0" bw="8" slack="0"/>
<pin id="186" dir="0" index="1" bw="1" slack="0"/>
<pin id="187" dir="0" index="2" bw="1" slack="0"/>
<pin id="188" dir="1" index="3" bw="4" slack="0"/>
</pin_list>
<bind>
<opcode="getelementptr(29) " fcode="getelementptr"/>
<opset="w_0_addr/1 "/>
</bind>
</comp>

<comp id="192" class="1004" name="grp_access_fu_192">
<pin_list>
<pin id="193" dir="0" index="0" bw="4" slack="0"/>
<pin id="194" dir="0" index="1" bw="8" slack="2147483647"/>
<pin id="195" dir="0" index="2" bw="0" slack="2147483647"/>
<pin id="196" dir="1" index="3" bw="8" slack="0"/>
</pin_list>
<bind>
<opcode="load(27) " fcode="load"/>
<opset="w_0_load/1 w_0_load_121/2 w_0_load_122/3 w_0_load_123/4 w_0_load_124/5 w_0_load_125/6 w_0_load_126/7 w_0_load_127/8 w_0_load_128/9 w_0_load_129/10 w_0_load_130/11 w_0_load_131/12 w_0_load_132/13 w_0_load_133/14 w_0_load_134/15 w_0_load_135/16 "/>
</bind>
</comp>

<comp id="198" class="1004" name="w_0_addr_121_gep_fu_198">
<pin_list>
<pin id="199" dir="0" index="0" bw="8" slack="0"/>
<pin id="200" dir="0" index="1" bw="1" slack="0"/>
<pin id="201" dir="0" index="2" bw="4" slack="0"/>
<pin id="202" dir="1" index="3" bw="4" slack="0"/>
</pin_list>
<bind>
<opcode="getelementptr(29) " fcode="getelementptr"/>
<opset="w_0_addr_121/2 "/>
</bind>
</comp>

<comp id="207" class="1004" name="w_0_addr_122_gep_fu_207">
<pin_list>
<pin id="208" dir="0" index="0" bw="8" slack="0"/>
<pin id="209" dir="0" index="1" bw="1" slack="0"/>
<pin id="210" dir="0" index="2" bw="5" slack="0"/>
<pin id="211" dir="1" index="3" bw="4" slack="0"/>
</pin_list>
<bind>
<opcode="getelementptr(29) " fcode="getelementptr"/>
<opset="w_0_addr_122/3 "/>
</bind>
</comp>

<comp id="216" class="1004" name="w_0_addr_123_gep_fu_216">
<pin_list>
<pin id="217" dir="0" index="0" bw="8" slack="0"/>
<pin id="218" dir="0" index="1" bw="1" slack="0"/>
<pin id="219" dir="0" index="2" bw="5" slack="0"/>
<pin id="220" dir="1" index="3" bw="4" slack="0"/>
</pin_list>
<bind>
<opcode="getelementptr(29) " fcode="getelementptr"/>
<opset="w_0_addr_123/4 "/>
</bind>
</comp>

<comp id="225" class="1004" name="w_0_addr_124_gep_fu_225">
<pin_list>
<pin id="226" dir="0" index="0" bw="8" slack="0"/>
<pin id="227" dir="0" index="1" bw="1" slack="0"/>
<pin id="228" dir="0" index="2" bw="1" slack="0"/>
<pin id="229" dir="1" index="3" bw="4" slack="0"/>
</pin_list>
<bind>
<opcode="getelementptr(29) " fcode="getelementptr"/>
<opset="w_0_addr_124/5 "/>
</bind>
</comp>

<comp id="234" class="1004" name="w_0_addr_125_gep_fu_234">
<pin_list>
<pin id="235" dir="0" index="0" bw="8" slack="0"/>
<pin id="236" dir="0" index="1" bw="1" slack="0"/>
<pin id="237" dir="0" index="2" bw="4" slack="0"/>
<pin id="238" dir="1" index="3" bw="4" slack="0"/>
</pin_list>
<bind>
<opcode="getelementptr(29) " fcode="getelementptr"/>
<opset="w_0_addr_125/6 "/>
</bind>
</comp>

<comp id="243" class="1004" name="w_0_addr_126_gep_fu_243">
<pin_list>
<pin id="244" dir="0" index="0" bw="8" slack="0"/>
<pin id="245" dir="0" index="1" bw="1" slack="0"/>
<pin id="246" dir="0" index="2" bw="5" slack="0"/>
<pin id="247" dir="1" index="3" bw="4" slack="0"/>
</pin_list>
<bind>
<opcode="getelementptr(29) " fcode="getelementptr"/>
<opset="w_0_addr_126/7 "/>
</bind>
</comp>

<comp id="252" class="1004" name="w_0_addr_127_gep_fu_252">
<pin_list>
<pin id="253" dir="0" index="0" bw="8" slack="0"/>
<pin id="254" dir="0" index="1" bw="1" slack="0"/>
<pin id="255" dir="0" index="2" bw="5" slack="0"/>
<pin id="256" dir="1" index="3" bw="4" slack="0"/>
</pin_list>
<bind>
<opcode="getelementptr(29) " fcode="getelementptr"/>
<opset="w_0_addr_127/8 "/>
</bind>
</comp>

<comp id="261" class="1004" name="w_0_addr_128_gep_fu_261">
<pin_list>
<pin id="262" dir="0" index="0" bw="8" slack="0"/>
<pin id="263" dir="0" index="1" bw="1" slack="0"/>
<pin id="264" dir="0" index="2" bw="3" slack="0"/>
<pin id="265" dir="1" index="3" bw="4" slack="0"/>
</pin_list>
<bind>
<opcode="getelementptr(29) " fcode="getelementptr"/>
<opset="w_0_addr_128/9 "/>
</bind>
</comp>

<comp id="270" class="1004" name="w_0_addr_129_gep_fu_270">
<pin_list>
<pin id="271" dir="0" index="0" bw="8" slack="0"/>
<pin id="272" dir="0" index="1" bw="1" slack="0"/>
<pin id="273" dir="0" index="2" bw="4" slack="0"/>
<pin id="274" dir="1" index="3" bw="4" slack="0"/>
</pin_list>
<bind>
<opcode="getelementptr(29) " fcode="getelementptr"/>
<opset="w_0_addr_129/10 "/>
</bind>
</comp>

<comp id="279" class="1004" name="w_0_addr_130_gep_fu_279">
<pin_list>
<pin id="280" dir="0" index="0" bw="8" slack="0"/>
<pin id="281" dir="0" index="1" bw="1" slack="0"/>
<pin id="282" dir="0" index="2" bw="5" slack="0"/>
<pin id="283" dir="1" index="3" bw="4" slack="0"/>
</pin_list>
<bind>
<opcode="getelementptr(29) " fcode="getelementptr"/>
<opset="w_0_addr_130/11 "/>
</bind>
</comp>

<comp id="288" class="1004" name="w_0_addr_131_gep_fu_288">
<pin_list>
<pin id="289" dir="0" index="0" bw="8" slack="0"/>
<pin id="290" dir="0" index="1" bw="1" slack="0"/>
<pin id="291" dir="0" index="2" bw="5" slack="0"/>
<pin id="292" dir="1" index="3" bw="4" slack="0"/>
</pin_list>
<bind>
<opcode="getelementptr(29) " fcode="getelementptr"/>
<opset="w_0_addr_131/12 "/>
</bind>
</comp>

<comp id="297" class="1004" name="w_0_addr_132_gep_fu_297">
<pin_list>
<pin id="298" dir="0" index="0" bw="8" slack="0"/>
<pin id="299" dir="0" index="1" bw="1" slack="0"/>
<pin id="300" dir="0" index="2" bw="3" slack="0"/>
<pin id="301" dir="1" index="3" bw="4" slack="0"/>
</pin_list>
<bind>
<opcode="getelementptr(29) " fcode="getelementptr"/>
<opset="w_0_addr_132/13 "/>
</bind>
</comp>

<comp id="306" class="1004" name="w_0_addr_133_gep_fu_306">
<pin_list>
<pin id="307" dir="0" index="0" bw="8" slack="0"/>
<pin id="308" dir="0" index="1" bw="1" slack="0"/>
<pin id="309" dir="0" index="2" bw="4" slack="0"/>
<pin id="310" dir="1" index="3" bw="4" slack="0"/>
</pin_list>
<bind>
<opcode="getelementptr(29) " fcode="getelementptr"/>
<opset="w_0_addr_133/14 "/>
</bind>
</comp>

<comp id="315" class="1004" name="w_0_addr_134_gep_fu_315">
<pin_list>
<pin id="316" dir="0" index="0" bw="8" slack="0"/>
<pin id="317" dir="0" index="1" bw="1" slack="0"/>
<pin id="318" dir="0" index="2" bw="5" slack="0"/>
<pin id="319" dir="1" index="3" bw="4" slack="0"/>
</pin_list>
<bind>
<opcode="getelementptr(29) " fcode="getelementptr"/>
<opset="w_0_addr_134/15 "/>
</bind>
</comp>

<comp id="324" class="1004" name="w_0_addr_135_gep_fu_324">
<pin_list>
<pin id="325" dir="0" index="0" bw="8" slack="0"/>
<pin id="326" dir="0" index="1" bw="1" slack="0"/>
<pin id="327" dir="0" index="2" bw="5" slack="0"/>
<pin id="328" dir="1" index="3" bw="4" slack="0"/>
</pin_list>
<bind>
<opcode="getelementptr(29) " fcode="getelementptr"/>
<opset="w_0_addr_135/16 "/>
</bind>
</comp>

<comp id="333" class="1004" name="xor_ln76_fu_333">
<pin_list>
<pin id="334" dir="0" index="0" bw="8" slack="15"/>
<pin id="335" dir="0" index="1" bw="8" slack="0"/>
<pin id="336" dir="1" index="2" bw="8" slack="0"/>
</pin_list>
<bind>
<opcode="xor(25) " fcode="xor"/>
<opset="xor_ln76/17 "/>
</bind>
</comp>

<comp id="338" class="1004" name="xor_ln76_121_fu_338">
<pin_list>
<pin id="339" dir="0" index="0" bw="8" slack="14"/>
<pin id="340" dir="0" index="1" bw="8" slack="0"/>
<pin id="341" dir="1" index="2" bw="8" slack="0"/>
</pin_list>
<bind>
<opcode="xor(25) " fcode="xor"/>
<opset="xor_ln76_121/17 "/>
</bind>
</comp>

<comp id="343" class="1004" name="xor_ln76_122_fu_343">
<pin_list>
<pin id="344" dir="0" index="0" bw="8" slack="13"/>
<pin id="345" dir="0" index="1" bw="8" slack="0"/>
<pin id="346" dir="1" index="2" bw="8" slack="0"/>
</pin_list>
<bind>
<opcode="xor(25) " fcode="xor"/>
<opset="xor_ln76_122/17 "/>
</bind>
</comp>

<comp id="348" class="1004" name="xor_ln76_123_fu_348">
<pin_list>
<pin id="349" dir="0" index="0" bw="8" slack="12"/>
<pin id="350" dir="0" index="1" bw="8" slack="0"/>
<pin id="351" dir="1" index="2" bw="8" slack="0"/>
</pin_list>
<bind>
<opcode="xor(25) " fcode="xor"/>
<opset="xor_ln76_123/17 "/>
</bind>
</comp>

<comp id="353" class="1004" name="xor_ln76_124_fu_353">
<pin_list>
<pin id="354" dir="0" index="0" bw="8" slack="11"/>
<pin id="355" dir="0" index="1" bw="8" slack="0"/>
<pin id="356" dir="1" index="2" bw="8" slack="0"/>
</pin_list>
<bind>
<opcode="xor(25) " fcode="xor"/>
<opset="xor_ln76_124/17 "/>
</bind>
</comp>

<comp id="358" class="1004" name="xor_ln76_125_fu_358">
<pin_list>
<pin id="359" dir="0" index="0" bw="8" slack="10"/>
<pin id="360" dir="0" index="1" bw="8" slack="0"/>
<pin id="361" dir="1" index="2" bw="8" slack="0"/>
</pin_list>
<bind>
<opcode="xor(25) " fcode="xor"/>
<opset="xor_ln76_125/17 "/>
</bind>
</comp>

<comp id="363" class="1004" name="xor_ln76_126_fu_363">
<pin_list>
<pin id="364" dir="0" index="0" bw="8" slack="9"/>
<pin id="365" dir="0" index="1" bw="8" slack="0"/>
<pin id="366" dir="1" index="2" bw="8" slack="0"/>
</pin_list>
<bind>
<opcode="xor(25) " fcode="xor"/>
<opset="xor_ln76_126/17 "/>
</bind>
</comp>

<comp id="368" class="1004" name="xor_ln76_127_fu_368">
<pin_list>
<pin id="369" dir="0" index="0" bw="8" slack="8"/>
<pin id="370" dir="0" index="1" bw="8" slack="0"/>
<pin id="371" dir="1" index="2" bw="8" slack="0"/>
</pin_list>
<bind>
<opcode="xor(25) " fcode="xor"/>
<opset="xor_ln76_127/17 "/>
</bind>
</comp>

<comp id="373" class="1004" name="xor_ln76_128_fu_373">
<pin_list>
<pin id="374" dir="0" index="0" bw="8" slack="7"/>
<pin id="375" dir="0" index="1" bw="8" slack="0"/>
<pin id="376" dir="1" index="2" bw="8" slack="0"/>
</pin_list>
<bind>
<opcode="xor(25) " fcode="xor"/>
<opset="xor_ln76_128/17 "/>
</bind>
</comp>

<comp id="378" class="1004" name="xor_ln76_129_fu_378">
<pin_list>
<pin id="379" dir="0" index="0" bw="8" slack="6"/>
<pin id="380" dir="0" index="1" bw="8" slack="0"/>
<pin id="381" dir="1" index="2" bw="8" slack="0"/>
</pin_list>
<bind>
<opcode="xor(25) " fcode="xor"/>
<opset="xor_ln76_129/17 "/>
</bind>
</comp>

<comp id="383" class="1004" name="xor_ln76_130_fu_383">
<pin_list>
<pin id="384" dir="0" index="0" bw="8" slack="5"/>
<pin id="385" dir="0" index="1" bw="8" slack="0"/>
<pin id="386" dir="1" index="2" bw="8" slack="0"/>
</pin_list>
<bind>
<opcode="xor(25) " fcode="xor"/>
<opset="xor_ln76_130/17 "/>
</bind>
</comp>

<comp id="388" class="1004" name="xor_ln76_131_fu_388">
<pin_list>
<pin id="389" dir="0" index="0" bw="8" slack="4"/>
<pin id="390" dir="0" index="1" bw="8" slack="0"/>
<pin id="391" dir="1" index="2" bw="8" slack="0"/>
</pin_list>
<bind>
<opcode="xor(25) " fcode="xor"/>
<opset="xor_ln76_131/17 "/>
</bind>
</comp>

<comp id="393" class="1004" name="xor_ln76_132_fu_393">
<pin_list>
<pin id="394" dir="0" index="0" bw="8" slack="3"/>
<pin id="395" dir="0" index="1" bw="8" slack="0"/>
<pin id="396" dir="1" index="2" bw="8" slack="0"/>
</pin_list>
<bind>
<opcode="xor(25) " fcode="xor"/>
<opset="xor_ln76_132/17 "/>
</bind>
</comp>

<comp id="398" class="1004" name="xor_ln76_133_fu_398">
<pin_list>
<pin id="399" dir="0" index="0" bw="8" slack="2"/>
<pin id="400" dir="0" index="1" bw="8" slack="0"/>
<pin id="401" dir="1" index="2" bw="8" slack="0"/>
</pin_list>
<bind>
<opcode="xor(25) " fcode="xor"/>
<opset="xor_ln76_133/17 "/>
</bind>
</comp>

<comp id="403" class="1004" name="xor_ln76_134_fu_403">
<pin_list>
<pin id="404" dir="0" index="0" bw="8" slack="1"/>
<pin id="405" dir="0" index="1" bw="8" slack="0"/>
<pin id="406" dir="1" index="2" bw="8" slack="0"/>
</pin_list>
<bind>
<opcode="xor(25) " fcode="xor"/>
<opset="xor_ln76_134/17 "/>
</bind>
</comp>

<comp id="408" class="1004" name="xor_ln76_135_fu_408">
<pin_list>
<pin id="409" dir="0" index="0" bw="8" slack="0"/>
<pin id="410" dir="0" index="1" bw="8" slack="0"/>
<pin id="411" dir="1" index="2" bw="8" slack="0"/>
</pin_list>
<bind>
<opcode="xor(25) " fcode="xor"/>
<opset="xor_ln76_135/17 "/>
</bind>
</comp>

<comp id="414" class="1004" name="mrv_fu_414">
<pin_list>
<pin id="415" dir="0" index="0" bw="128" slack="0"/>
<pin id="416" dir="0" index="1" bw="8" slack="0"/>
<pin id="417" dir="1" index="2" bw="128" slack="0"/>
</pin_list>
<bind>
<opcode="insertvalue(57) " fcode="insertvalue"/>
<opset="mrv/17 "/>
</bind>
</comp>

<comp id="420" class="1004" name="mrv_1_fu_420">
<pin_list>
<pin id="421" dir="0" index="0" bw="128" slack="0"/>
<pin id="422" dir="0" index="1" bw="8" slack="0"/>
<pin id="423" dir="1" index="2" bw="128" slack="0"/>
</pin_list>
<bind>
<opcode="insertvalue(57) " fcode="insertvalue"/>
<opset="mrv_1/17 "/>
</bind>
</comp>

<comp id="426" class="1004" name="mrv_2_fu_426">
<pin_list>
<pin id="427" dir="0" index="0" bw="128" slack="0"/>
<pin id="428" dir="0" index="1" bw="8" slack="0"/>
<pin id="429" dir="1" index="2" bw="128" slack="0"/>
</pin_list>
<bind>
<opcode="insertvalue(57) " fcode="insertvalue"/>
<opset="mrv_2/17 "/>
</bind>
</comp>

<comp id="432" class="1004" name="mrv_3_fu_432">
<pin_list>
<pin id="433" dir="0" index="0" bw="128" slack="0"/>
<pin id="434" dir="0" index="1" bw="8" slack="0"/>
<pin id="435" dir="1" index="2" bw="128" slack="0"/>
</pin_list>
<bind>
<opcode="insertvalue(57) " fcode="insertvalue"/>
<opset="mrv_3/17 "/>
</bind>
</comp>

<comp id="438" class="1004" name="mrv_4_fu_438">
<pin_list>
<pin id="439" dir="0" index="0" bw="128" slack="0"/>
<pin id="440" dir="0" index="1" bw="8" slack="0"/>
<pin id="441" dir="1" index="2" bw="128" slack="0"/>
</pin_list>
<bind>
<opcode="insertvalue(57) " fcode="insertvalue"/>
<opset="mrv_4/17 "/>
</bind>
</comp>

<comp id="444" class="1004" name="mrv_5_fu_444">
<pin_list>
<pin id="445" dir="0" index="0" bw="128" slack="0"/>
<pin id="446" dir="0" index="1" bw="8" slack="0"/>
<pin id="447" dir="1" index="2" bw="128" slack="0"/>
</pin_list>
<bind>
<opcode="insertvalue(57) " fcode="insertvalue"/>
<opset="mrv_5/17 "/>
</bind>
</comp>

<comp id="450" class="1004" name="mrv_6_fu_450">
<pin_list>
<pin id="451" dir="0" index="0" bw="128" slack="0"/>
<pin id="452" dir="0" index="1" bw="8" slack="0"/>
<pin id="453" dir="1" index="2" bw="128" slack="0"/>
</pin_list>
<bind>
<opcode="insertvalue(57) " fcode="insertvalue"/>
<opset="mrv_6/17 "/>
</bind>
</comp>

<comp id="456" class="1004" name="mrv_7_fu_456">
<pin_list>
<pin id="457" dir="0" index="0" bw="128" slack="0"/>
<pin id="458" dir="0" index="1" bw="8" slack="0"/>
<pin id="459" dir="1" index="2" bw="128" slack="0"/>
</pin_list>
<bind>
<opcode="insertvalue(57) " fcode="insertvalue"/>
<opset="mrv_7/17 "/>
</bind>
</comp>

<comp id="462" class="1004" name="mrv_8_fu_462">
<pin_list>
<pin id="463" dir="0" index="0" bw="128" slack="0"/>
<pin id="464" dir="0" index="1" bw="8" slack="0"/>
<pin id="465" dir="1" index="2" bw="128" slack="0"/>
</pin_list>
<bind>
<opcode="insertvalue(57) " fcode="insertvalue"/>
<opset="mrv_8/17 "/>
</bind>
</comp>

<comp id="468" class="1004" name="mrv_9_fu_468">
<pin_list>
<pin id="469" dir="0" index="0" bw="128" slack="0"/>
<pin id="470" dir="0" index="1" bw="8" slack="0"/>
<pin id="471" dir="1" index="2" bw="128" slack="0"/>
</pin_list>
<bind>
<opcode="insertvalue(57) " fcode="insertvalue"/>
<opset="mrv_9/17 "/>
</bind>
</comp>

<comp id="474" class="1004" name="mrv_10_fu_474">
<pin_list>
<pin id="475" dir="0" index="0" bw="128" slack="0"/>
<pin id="476" dir="0" index="1" bw="8" slack="0"/>
<pin id="477" dir="1" index="2" bw="128" slack="0"/>
</pin_list>
<bind>
<opcode="insertvalue(57) " fcode="insertvalue"/>
<opset="mrv_10/17 "/>
</bind>
</comp>

<comp id="480" class="1004" name="mrv_11_fu_480">
<pin_list>
<pin id="481" dir="0" index="0" bw="128" slack="0"/>
<pin id="482" dir="0" index="1" bw="8" slack="0"/>
<pin id="483" dir="1" index="2" bw="128" slack="0"/>
</pin_list>
<bind>
<opcode="insertvalue(57) " fcode="insertvalue"/>
<opset="mrv_11/17 "/>
</bind>
</comp>

<comp id="486" class="1004" name="mrv_12_fu_486">
<pin_list>
<pin id="487" dir="0" index="0" bw="128" slack="0"/>
<pin id="488" dir="0" index="1" bw="8" slack="0"/>
<pin id="489" dir="1" index="2" bw="128" slack="0"/>
</pin_list>
<bind>
<opcode="insertvalue(57) " fcode="insertvalue"/>
<opset="mrv_12/17 "/>
</bind>
</comp>

<comp id="492" class="1004" name="mrv_13_fu_492">
<pin_list>
<pin id="493" dir="0" index="0" bw="128" slack="0"/>
<pin id="494" dir="0" index="1" bw="8" slack="0"/>
<pin id="495" dir="1" index="2" bw="128" slack="0"/>
</pin_list>
<bind>
<opcode="insertvalue(57) " fcode="insertvalue"/>
<opset="mrv_13/17 "/>
</bind>
</comp>

<comp id="498" class="1004" name="mrv_14_fu_498">
<pin_list>
<pin id="499" dir="0" index="0" bw="128" slack="0"/>
<pin id="500" dir="0" index="1" bw="8" slack="0"/>
<pin id="501" dir="1" index="2" bw="128" slack="0"/>
</pin_list>
<bind>
<opcode="insertvalue(57) " fcode="insertvalue"/>
<opset="mrv_14/17 "/>
</bind>
</comp>

<comp id="504" class="1004" name="mrv_s_fu_504">
<pin_list>
<pin id="505" dir="0" index="0" bw="128" slack="0"/>
<pin id="506" dir="0" index="1" bw="8" slack="0"/>
<pin id="507" dir="1" index="2" bw="128" slack="2147483647"/>
</pin_list>
<bind>
<opcode="insertvalue(57) " fcode="insertvalue"/>
<opset="mrv_s/17 "/>
</bind>
</comp>

<comp id="510" class="1005" name="w_0_addr_reg_510">
<pin_list>
<pin id="511" dir="0" index="0" bw="4" slack="1"/>
<pin id="512" dir="1" index="1" bw="4" slack="1"/>
</pin_list>
<bind>
<opset="w_0_addr "/>
</bind>
</comp>

<comp id="515" class="1005" name="w_0_load_reg_515">
<pin_list>
<pin id="516" dir="0" index="0" bw="8" slack="15"/>
<pin id="517" dir="1" index="1" bw="8" slack="15"/>
</pin_list>
<bind>
<opset="w_0_load "/>
</bind>
</comp>

<comp id="520" class="1005" name="w_0_addr_121_reg_520">
<pin_list>
<pin id="521" dir="0" index="0" bw="4" slack="1"/>
<pin id="522" dir="1" index="1" bw="4" slack="1"/>
</pin_list>
<bind>
<opset="w_0_addr_121 "/>
</bind>
</comp>

<comp id="525" class="1005" name="w_0_load_121_reg_525">
<pin_list>
<pin id="526" dir="0" index="0" bw="8" slack="14"/>
<pin id="527" dir="1" index="1" bw="8" slack="14"/>
</pin_list>
<bind>
<opset="w_0_load_121 "/>
</bind>
</comp>

<comp id="530" class="1005" name="w_0_addr_122_reg_530">
<pin_list>
<pin id="531" dir="0" index="0" bw="4" slack="1"/>
<pin id="532" dir="1" index="1" bw="4" slack="1"/>
</pin_list>
<bind>
<opset="w_0_addr_122 "/>
</bind>
</comp>

<comp id="535" class="1005" name="w_0_load_122_reg_535">
<pin_list>
<pin id="536" dir="0" index="0" bw="8" slack="13"/>
<pin id="537" dir="1" index="1" bw="8" slack="13"/>
</pin_list>
<bind>
<opset="w_0_load_122 "/>
</bind>
</comp>

<comp id="540" class="1005" name="w_0_addr_123_reg_540">
<pin_list>
<pin id="541" dir="0" index="0" bw="4" slack="1"/>
<pin id="542" dir="1" index="1" bw="4" slack="1"/>
</pin_list>
<bind>
<opset="w_0_addr_123 "/>
</bind>
</comp>

<comp id="545" class="1005" name="w_0_load_123_reg_545">
<pin_list>
<pin id="546" dir="0" index="0" bw="8" slack="12"/>
<pin id="547" dir="1" index="1" bw="8" slack="12"/>
</pin_list>
<bind>
<opset="w_0_load_123 "/>
</bind>
</comp>

<comp id="550" class="1005" name="w_0_addr_124_reg_550">
<pin_list>
<pin id="551" dir="0" index="0" bw="4" slack="1"/>
<pin id="552" dir="1" index="1" bw="4" slack="1"/>
</pin_list>
<bind>
<opset="w_0_addr_124 "/>
</bind>
</comp>

<comp id="555" class="1005" name="w_0_load_124_reg_555">
<pin_list>
<pin id="556" dir="0" index="0" bw="8" slack="11"/>
<pin id="557" dir="1" index="1" bw="8" slack="11"/>
</pin_list>
<bind>
<opset="w_0_load_124 "/>
</bind>
</comp>

<comp id="560" class="1005" name="w_0_addr_125_reg_560">
<pin_list>
<pin id="561" dir="0" index="0" bw="4" slack="1"/>
<pin id="562" dir="1" index="1" bw="4" slack="1"/>
</pin_list>
<bind>
<opset="w_0_addr_125 "/>
</bind>
</comp>

<comp id="565" class="1005" name="w_0_load_125_reg_565">
<pin_list>
<pin id="566" dir="0" index="0" bw="8" slack="10"/>
<pin id="567" dir="1" index="1" bw="8" slack="10"/>
</pin_list>
<bind>
<opset="w_0_load_125 "/>
</bind>
</comp>

<comp id="570" class="1005" name="w_0_addr_126_reg_570">
<pin_list>
<pin id="571" dir="0" index="0" bw="4" slack="1"/>
<pin id="572" dir="1" index="1" bw="4" slack="1"/>
</pin_list>
<bind>
<opset="w_0_addr_126 "/>
</bind>
</comp>

<comp id="575" class="1005" name="w_0_load_126_reg_575">
<pin_list>
<pin id="576" dir="0" index="0" bw="8" slack="9"/>
<pin id="577" dir="1" index="1" bw="8" slack="9"/>
</pin_list>
<bind>
<opset="w_0_load_126 "/>
</bind>
</comp>

<comp id="580" class="1005" name="w_0_addr_127_reg_580">
<pin_list>
<pin id="581" dir="0" index="0" bw="4" slack="1"/>
<pin id="582" dir="1" index="1" bw="4" slack="1"/>
</pin_list>
<bind>
<opset="w_0_addr_127 "/>
</bind>
</comp>

<comp id="585" class="1005" name="w_0_load_127_reg_585">
<pin_list>
<pin id="586" dir="0" index="0" bw="8" slack="8"/>
<pin id="587" dir="1" index="1" bw="8" slack="8"/>
</pin_list>
<bind>
<opset="w_0_load_127 "/>
</bind>
</comp>

<comp id="590" class="1005" name="w_0_addr_128_reg_590">
<pin_list>
<pin id="591" dir="0" index="0" bw="4" slack="1"/>
<pin id="592" dir="1" index="1" bw="4" slack="1"/>
</pin_list>
<bind>
<opset="w_0_addr_128 "/>
</bind>
</comp>

<comp id="595" class="1005" name="w_0_load_128_reg_595">
<pin_list>
<pin id="596" dir="0" index="0" bw="8" slack="7"/>
<pin id="597" dir="1" index="1" bw="8" slack="7"/>
</pin_list>
<bind>
<opset="w_0_load_128 "/>
</bind>
</comp>

<comp id="600" class="1005" name="w_0_addr_129_reg_600">
<pin_list>
<pin id="601" dir="0" index="0" bw="4" slack="1"/>
<pin id="602" dir="1" index="1" bw="4" slack="1"/>
</pin_list>
<bind>
<opset="w_0_addr_129 "/>
</bind>
</comp>

<comp id="605" class="1005" name="w_0_load_129_reg_605">
<pin_list>
<pin id="606" dir="0" index="0" bw="8" slack="6"/>
<pin id="607" dir="1" index="1" bw="8" slack="6"/>
</pin_list>
<bind>
<opset="w_0_load_129 "/>
</bind>
</comp>

<comp id="610" class="1005" name="w_0_addr_130_reg_610">
<pin_list>
<pin id="611" dir="0" index="0" bw="4" slack="1"/>
<pin id="612" dir="1" index="1" bw="4" slack="1"/>
</pin_list>
<bind>
<opset="w_0_addr_130 "/>
</bind>
</comp>

<comp id="615" class="1005" name="w_0_load_130_reg_615">
<pin_list>
<pin id="616" dir="0" index="0" bw="8" slack="5"/>
<pin id="617" dir="1" index="1" bw="8" slack="5"/>
</pin_list>
<bind>
<opset="w_0_load_130 "/>
</bind>
</comp>

<comp id="620" class="1005" name="w_0_addr_131_reg_620">
<pin_list>
<pin id="621" dir="0" index="0" bw="4" slack="1"/>
<pin id="622" dir="1" index="1" bw="4" slack="1"/>
</pin_list>
<bind>
<opset="w_0_addr_131 "/>
</bind>
</comp>

<comp id="625" class="1005" name="w_0_load_131_reg_625">
<pin_list>
<pin id="626" dir="0" index="0" bw="8" slack="4"/>
<pin id="627" dir="1" index="1" bw="8" slack="4"/>
</pin_list>
<bind>
<opset="w_0_load_131 "/>
</bind>
</comp>

<comp id="630" class="1005" name="w_0_addr_132_reg_630">
<pin_list>
<pin id="631" dir="0" index="0" bw="4" slack="1"/>
<pin id="632" dir="1" index="1" bw="4" slack="1"/>
</pin_list>
<bind>
<opset="w_0_addr_132 "/>
</bind>
</comp>

<comp id="635" class="1005" name="w_0_load_132_reg_635">
<pin_list>
<pin id="636" dir="0" index="0" bw="8" slack="3"/>
<pin id="637" dir="1" index="1" bw="8" slack="3"/>
</pin_list>
<bind>
<opset="w_0_load_132 "/>
</bind>
</comp>

<comp id="640" class="1005" name="w_0_addr_133_reg_640">
<pin_list>
<pin id="641" dir="0" index="0" bw="4" slack="1"/>
<pin id="642" dir="1" index="1" bw="4" slack="1"/>
</pin_list>
<bind>
<opset="w_0_addr_133 "/>
</bind>
</comp>

<comp id="645" class="1005" name="w_0_load_133_reg_645">
<pin_list>
<pin id="646" dir="0" index="0" bw="8" slack="2"/>
<pin id="647" dir="1" index="1" bw="8" slack="2"/>
</pin_list>
<bind>
<opset="w_0_load_133 "/>
</bind>
</comp>

<comp id="650" class="1005" name="w_0_addr_134_reg_650">
<pin_list>
<pin id="651" dir="0" index="0" bw="4" slack="1"/>
<pin id="652" dir="1" index="1" bw="4" slack="1"/>
</pin_list>
<bind>
<opset="w_0_addr_134 "/>
</bind>
</comp>

<comp id="655" class="1005" name="w_0_load_134_reg_655">
<pin_list>
<pin id="656" dir="0" index="0" bw="8" slack="1"/>
<pin id="657" dir="1" index="1" bw="8" slack="1"/>
</pin_list>
<bind>
<opset="w_0_load_134 "/>
</bind>
</comp>

<comp id="660" class="1005" name="w_0_addr_135_reg_660">
<pin_list>
<pin id="661" dir="0" index="0" bw="4" slack="1"/>
<pin id="662" dir="1" index="1" bw="4" slack="1"/>
</pin_list>
<bind>
<opset="w_0_addr_135 "/>
</bind>
</comp>

</comp_list>

<net_list>
<net id="92"><net_src comp="84" pin="0"/><net_sink comp="88" pin=0"/></net>

<net id="93"><net_src comp="32" pin="0"/><net_sink comp="88" pin=1"/></net>

<net id="98"><net_src comp="84" pin="0"/><net_sink comp="94" pin=0"/></net>

<net id="99"><net_src comp="30" pin="0"/><net_sink comp="94" pin=1"/></net>

<net id="104"><net_src comp="84" pin="0"/><net_sink comp="100" pin=0"/></net>

<net id="105"><net_src comp="28" pin="0"/><net_sink comp="100" pin=1"/></net>

<net id="110"><net_src comp="84" pin="0"/><net_sink comp="106" pin=0"/></net>

<net id="111"><net_src comp="26" pin="0"/><net_sink comp="106" pin=1"/></net>

<net id="116"><net_src comp="84" pin="0"/><net_sink comp="112" pin=0"/></net>

<net id="117"><net_src comp="24" pin="0"/><net_sink comp="112" pin=1"/></net>

<net id="122"><net_src comp="84" pin="0"/><net_sink comp="118" pin=0"/></net>

<net id="123"><net_src comp="22" pin="0"/><net_sink comp="118" pin=1"/></net>

<net id="128"><net_src comp="84" pin="0"/><net_sink comp="124" pin=0"/></net>

<net id="129"><net_src comp="20" pin="0"/><net_sink comp="124" pin=1"/></net>

<net id="134"><net_src comp="84" pin="0"/><net_sink comp="130" pin=0"/></net>

<net id="135"><net_src comp="18" pin="0"/><net_sink comp="130" pin=1"/></net>

<net id="140"><net_src comp="84" pin="0"/><net_sink comp="136" pin=0"/></net>

<net id="141"><net_src comp="16" pin="0"/><net_sink comp="136" pin=1"/></net>

<net id="146"><net_src comp="84" pin="0"/><net_sink comp="142" pin=0"/></net>

<net id="147"><net_src comp="14" pin="0"/><net_sink comp="142" pin=1"/></net>

<net id="152"><net_src comp="84" pin="0"/><net_sink comp="148" pin=0"/></net>

<net id="153"><net_src comp="12" pin="0"/><net_sink comp="148" pin=1"/></net>

<net id="158"><net_src comp="84" pin="0"/><net_sink comp="154" pin=0"/></net>

<net id="159"><net_src comp="10" pin="0"/><net_sink comp="154" pin=1"/></net>

<net id="164"><net_src comp="84" pin="0"/><net_sink comp="160" pin=0"/></net>

<net id="165"><net_src comp="8" pin="0"/><net_sink comp="160" pin=1"/></net>

<net id="170"><net_src comp="84" pin="0"/><net_sink comp="166" pin=0"/></net>

<net id="171"><net_src comp="6" pin="0"/><net_sink comp="166" pin=1"/></net>

<net id="176"><net_src comp="84" pin="0"/><net_sink comp="172" pin=0"/></net>

<net id="177"><net_src comp="4" pin="0"/><net_sink comp="172" pin=1"/></net>

<net id="182"><net_src comp="84" pin="0"/><net_sink comp="178" pin=0"/></net>

<net id="183"><net_src comp="2" pin="0"/><net_sink comp="178" pin=1"/></net>

<net id="189"><net_src comp="0" pin="0"/><net_sink comp="184" pin=0"/></net>

<net id="190"><net_src comp="34" pin="0"/><net_sink comp="184" pin=1"/></net>

<net id="191"><net_src comp="34" pin="0"/><net_sink comp="184" pin=2"/></net>

<net id="197"><net_src comp="184" pin="3"/><net_sink comp="192" pin=0"/></net>

<net id="203"><net_src comp="0" pin="0"/><net_sink comp="198" pin=0"/></net>

<net id="204"><net_src comp="34" pin="0"/><net_sink comp="198" pin=1"/></net>

<net id="205"><net_src comp="36" pin="0"/><net_sink comp="198" pin=2"/></net>

<net id="206"><net_src comp="198" pin="3"/><net_sink comp="192" pin=0"/></net>

<net id="212"><net_src comp="0" pin="0"/><net_sink comp="207" pin=0"/></net>

<net id="213"><net_src comp="34" pin="0"/><net_sink comp="207" pin=1"/></net>

<net id="214"><net_src comp="38" pin="0"/><net_sink comp="207" pin=2"/></net>

<net id="215"><net_src comp="207" pin="3"/><net_sink comp="192" pin=0"/></net>

<net id="221"><net_src comp="0" pin="0"/><net_sink comp="216" pin=0"/></net>

<net id="222"><net_src comp="34" pin="0"/><net_sink comp="216" pin=1"/></net>

<net id="223"><net_src comp="40" pin="0"/><net_sink comp="216" pin=2"/></net>

<net id="224"><net_src comp="216" pin="3"/><net_sink comp="192" pin=0"/></net>

<net id="230"><net_src comp="0" pin="0"/><net_sink comp="225" pin=0"/></net>

<net id="231"><net_src comp="34" pin="0"/><net_sink comp="225" pin=1"/></net>

<net id="232"><net_src comp="42" pin="0"/><net_sink comp="225" pin=2"/></net>

<net id="233"><net_src comp="225" pin="3"/><net_sink comp="192" pin=0"/></net>

<net id="239"><net_src comp="0" pin="0"/><net_sink comp="234" pin=0"/></net>

<net id="240"><net_src comp="34" pin="0"/><net_sink comp="234" pin=1"/></net>

<net id="241"><net_src comp="44" pin="0"/><net_sink comp="234" pin=2"/></net>

<net id="242"><net_src comp="234" pin="3"/><net_sink comp="192" pin=0"/></net>

<net id="248"><net_src comp="0" pin="0"/><net_sink comp="243" pin=0"/></net>

<net id="249"><net_src comp="34" pin="0"/><net_sink comp="243" pin=1"/></net>

<net id="250"><net_src comp="46" pin="0"/><net_sink comp="243" pin=2"/></net>

<net id="251"><net_src comp="243" pin="3"/><net_sink comp="192" pin=0"/></net>

<net id="257"><net_src comp="0" pin="0"/><net_sink comp="252" pin=0"/></net>

<net id="258"><net_src comp="34" pin="0"/><net_sink comp="252" pin=1"/></net>

<net id="259"><net_src comp="48" pin="0"/><net_sink comp="252" pin=2"/></net>

<net id="260"><net_src comp="252" pin="3"/><net_sink comp="192" pin=0"/></net>

<net id="266"><net_src comp="0" pin="0"/><net_sink comp="261" pin=0"/></net>

<net id="267"><net_src comp="34" pin="0"/><net_sink comp="261" pin=1"/></net>

<net id="268"><net_src comp="50" pin="0"/><net_sink comp="261" pin=2"/></net>

<net id="269"><net_src comp="261" pin="3"/><net_sink comp="192" pin=0"/></net>

<net id="275"><net_src comp="0" pin="0"/><net_sink comp="270" pin=0"/></net>

<net id="276"><net_src comp="34" pin="0"/><net_sink comp="270" pin=1"/></net>

<net id="277"><net_src comp="52" pin="0"/><net_sink comp="270" pin=2"/></net>

<net id="278"><net_src comp="270" pin="3"/><net_sink comp="192" pin=0"/></net>

<net id="284"><net_src comp="0" pin="0"/><net_sink comp="279" pin=0"/></net>

<net id="285"><net_src comp="34" pin="0"/><net_sink comp="279" pin=1"/></net>

<net id="286"><net_src comp="54" pin="0"/><net_sink comp="279" pin=2"/></net>

<net id="287"><net_src comp="279" pin="3"/><net_sink comp="192" pin=0"/></net>

<net id="293"><net_src comp="0" pin="0"/><net_sink comp="288" pin=0"/></net>

<net id="294"><net_src comp="34" pin="0"/><net_sink comp="288" pin=1"/></net>

<net id="295"><net_src comp="56" pin="0"/><net_sink comp="288" pin=2"/></net>

<net id="296"><net_src comp="288" pin="3"/><net_sink comp="192" pin=0"/></net>

<net id="302"><net_src comp="0" pin="0"/><net_sink comp="297" pin=0"/></net>

<net id="303"><net_src comp="34" pin="0"/><net_sink comp="297" pin=1"/></net>

<net id="304"><net_src comp="58" pin="0"/><net_sink comp="297" pin=2"/></net>

<net id="305"><net_src comp="297" pin="3"/><net_sink comp="192" pin=0"/></net>

<net id="311"><net_src comp="0" pin="0"/><net_sink comp="306" pin=0"/></net>

<net id="312"><net_src comp="34" pin="0"/><net_sink comp="306" pin=1"/></net>

<net id="313"><net_src comp="60" pin="0"/><net_sink comp="306" pin=2"/></net>

<net id="314"><net_src comp="306" pin="3"/><net_sink comp="192" pin=0"/></net>

<net id="320"><net_src comp="0" pin="0"/><net_sink comp="315" pin=0"/></net>

<net id="321"><net_src comp="34" pin="0"/><net_sink comp="315" pin=1"/></net>

<net id="322"><net_src comp="62" pin="0"/><net_sink comp="315" pin=2"/></net>

<net id="323"><net_src comp="315" pin="3"/><net_sink comp="192" pin=0"/></net>

<net id="329"><net_src comp="0" pin="0"/><net_sink comp="324" pin=0"/></net>

<net id="330"><net_src comp="34" pin="0"/><net_sink comp="324" pin=1"/></net>

<net id="331"><net_src comp="64" pin="0"/><net_sink comp="324" pin=2"/></net>

<net id="332"><net_src comp="324" pin="3"/><net_sink comp="192" pin=0"/></net>

<net id="337"><net_src comp="178" pin="2"/><net_sink comp="333" pin=1"/></net>

<net id="342"><net_src comp="172" pin="2"/><net_sink comp="338" pin=1"/></net>

<net id="347"><net_src comp="166" pin="2"/><net_sink comp="343" pin=1"/></net>

<net id="352"><net_src comp="160" pin="2"/><net_sink comp="348" pin=1"/></net>

<net id="357"><net_src comp="154" pin="2"/><net_sink comp="353" pin=1"/></net>

<net id="362"><net_src comp="148" pin="2"/><net_sink comp="358" pin=1"/></net>

<net id="367"><net_src comp="142" pin="2"/><net_sink comp="363" pin=1"/></net>

<net id="372"><net_src comp="136" pin="2"/><net_sink comp="368" pin=1"/></net>

<net id="377"><net_src comp="130" pin="2"/><net_sink comp="373" pin=1"/></net>

<net id="382"><net_src comp="124" pin="2"/><net_sink comp="378" pin=1"/></net>

<net id="387"><net_src comp="118" pin="2"/><net_sink comp="383" pin=1"/></net>

<net id="392"><net_src comp="112" pin="2"/><net_sink comp="388" pin=1"/></net>

<net id="397"><net_src comp="106" pin="2"/><net_sink comp="393" pin=1"/></net>

<net id="402"><net_src comp="100" pin="2"/><net_sink comp="398" pin=1"/></net>

<net id="407"><net_src comp="94" pin="2"/><net_sink comp="403" pin=1"/></net>

<net id="412"><net_src comp="192" pin="3"/><net_sink comp="408" pin=0"/></net>

<net id="413"><net_src comp="88" pin="2"/><net_sink comp="408" pin=1"/></net>

<net id="418"><net_src comp="86" pin="0"/><net_sink comp="414" pin=0"/></net>

<net id="419"><net_src comp="333" pin="2"/><net_sink comp="414" pin=1"/></net>

<net id="424"><net_src comp="414" pin="2"/><net_sink comp="420" pin=0"/></net>

<net id="425"><net_src comp="338" pin="2"/><net_sink comp="420" pin=1"/></net>

<net id="430"><net_src comp="420" pin="2"/><net_sink comp="426" pin=0"/></net>

<net id="431"><net_src comp="343" pin="2"/><net_sink comp="426" pin=1"/></net>

<net id="436"><net_src comp="426" pin="2"/><net_sink comp="432" pin=0"/></net>

<net id="437"><net_src comp="348" pin="2"/><net_sink comp="432" pin=1"/></net>

<net id="442"><net_src comp="432" pin="2"/><net_sink comp="438" pin=0"/></net>

<net id="443"><net_src comp="353" pin="2"/><net_sink comp="438" pin=1"/></net>

<net id="448"><net_src comp="438" pin="2"/><net_sink comp="444" pin=0"/></net>

<net id="449"><net_src comp="358" pin="2"/><net_sink comp="444" pin=1"/></net>

<net id="454"><net_src comp="444" pin="2"/><net_sink comp="450" pin=0"/></net>

<net id="455"><net_src comp="363" pin="2"/><net_sink comp="450" pin=1"/></net>

<net id="460"><net_src comp="450" pin="2"/><net_sink comp="456" pin=0"/></net>

<net id="461"><net_src comp="368" pin="2"/><net_sink comp="456" pin=1"/></net>

<net id="466"><net_src comp="456" pin="2"/><net_sink comp="462" pin=0"/></net>

<net id="467"><net_src comp="373" pin="2"/><net_sink comp="462" pin=1"/></net>

<net id="472"><net_src comp="462" pin="2"/><net_sink comp="468" pin=0"/></net>

<net id="473"><net_src comp="378" pin="2"/><net_sink comp="468" pin=1"/></net>

<net id="478"><net_src comp="468" pin="2"/><net_sink comp="474" pin=0"/></net>

<net id="479"><net_src comp="383" pin="2"/><net_sink comp="474" pin=1"/></net>

<net id="484"><net_src comp="474" pin="2"/><net_sink comp="480" pin=0"/></net>

<net id="485"><net_src comp="388" pin="2"/><net_sink comp="480" pin=1"/></net>

<net id="490"><net_src comp="480" pin="2"/><net_sink comp="486" pin=0"/></net>

<net id="491"><net_src comp="393" pin="2"/><net_sink comp="486" pin=1"/></net>

<net id="496"><net_src comp="486" pin="2"/><net_sink comp="492" pin=0"/></net>

<net id="497"><net_src comp="398" pin="2"/><net_sink comp="492" pin=1"/></net>

<net id="502"><net_src comp="492" pin="2"/><net_sink comp="498" pin=0"/></net>

<net id="503"><net_src comp="403" pin="2"/><net_sink comp="498" pin=1"/></net>

<net id="508"><net_src comp="498" pin="2"/><net_sink comp="504" pin=0"/></net>

<net id="509"><net_src comp="408" pin="2"/><net_sink comp="504" pin=1"/></net>

<net id="513"><net_src comp="184" pin="3"/><net_sink comp="510" pin=0"/></net>

<net id="514"><net_src comp="510" pin="1"/><net_sink comp="192" pin=0"/></net>

<net id="518"><net_src comp="192" pin="3"/><net_sink comp="515" pin=0"/></net>

<net id="519"><net_src comp="515" pin="1"/><net_sink comp="333" pin=0"/></net>

<net id="523"><net_src comp="198" pin="3"/><net_sink comp="520" pin=0"/></net>

<net id="524"><net_src comp="520" pin="1"/><net_sink comp="192" pin=0"/></net>

<net id="528"><net_src comp="192" pin="3"/><net_sink comp="525" pin=0"/></net>

<net id="529"><net_src comp="525" pin="1"/><net_sink comp="338" pin=0"/></net>

<net id="533"><net_src comp="207" pin="3"/><net_sink comp="530" pin=0"/></net>

<net id="534"><net_src comp="530" pin="1"/><net_sink comp="192" pin=0"/></net>

<net id="538"><net_src comp="192" pin="3"/><net_sink comp="535" pin=0"/></net>

<net id="539"><net_src comp="535" pin="1"/><net_sink comp="343" pin=0"/></net>

<net id="543"><net_src comp="216" pin="3"/><net_sink comp="540" pin=0"/></net>

<net id="544"><net_src comp="540" pin="1"/><net_sink comp="192" pin=0"/></net>

<net id="548"><net_src comp="192" pin="3"/><net_sink comp="545" pin=0"/></net>

<net id="549"><net_src comp="545" pin="1"/><net_sink comp="348" pin=0"/></net>

<net id="553"><net_src comp="225" pin="3"/><net_sink comp="550" pin=0"/></net>

<net id="554"><net_src comp="550" pin="1"/><net_sink comp="192" pin=0"/></net>

<net id="558"><net_src comp="192" pin="3"/><net_sink comp="555" pin=0"/></net>

<net id="559"><net_src comp="555" pin="1"/><net_sink comp="353" pin=0"/></net>

<net id="563"><net_src comp="234" pin="3"/><net_sink comp="560" pin=0"/></net>

<net id="564"><net_src comp="560" pin="1"/><net_sink comp="192" pin=0"/></net>

<net id="568"><net_src comp="192" pin="3"/><net_sink comp="565" pin=0"/></net>

<net id="569"><net_src comp="565" pin="1"/><net_sink comp="358" pin=0"/></net>

<net id="573"><net_src comp="243" pin="3"/><net_sink comp="570" pin=0"/></net>

<net id="574"><net_src comp="570" pin="1"/><net_sink comp="192" pin=0"/></net>

<net id="578"><net_src comp="192" pin="3"/><net_sink comp="575" pin=0"/></net>

<net id="579"><net_src comp="575" pin="1"/><net_sink comp="363" pin=0"/></net>

<net id="583"><net_src comp="252" pin="3"/><net_sink comp="580" pin=0"/></net>

<net id="584"><net_src comp="580" pin="1"/><net_sink comp="192" pin=0"/></net>

<net id="588"><net_src comp="192" pin="3"/><net_sink comp="585" pin=0"/></net>

<net id="589"><net_src comp="585" pin="1"/><net_sink comp="368" pin=0"/></net>

<net id="593"><net_src comp="261" pin="3"/><net_sink comp="590" pin=0"/></net>

<net id="594"><net_src comp="590" pin="1"/><net_sink comp="192" pin=0"/></net>

<net id="598"><net_src comp="192" pin="3"/><net_sink comp="595" pin=0"/></net>

<net id="599"><net_src comp="595" pin="1"/><net_sink comp="373" pin=0"/></net>

<net id="603"><net_src comp="270" pin="3"/><net_sink comp="600" pin=0"/></net>

<net id="604"><net_src comp="600" pin="1"/><net_sink comp="192" pin=0"/></net>

<net id="608"><net_src comp="192" pin="3"/><net_sink comp="605" pin=0"/></net>

<net id="609"><net_src comp="605" pin="1"/><net_sink comp="378" pin=0"/></net>

<net id="613"><net_src comp="279" pin="3"/><net_sink comp="610" pin=0"/></net>

<net id="614"><net_src comp="610" pin="1"/><net_sink comp="192" pin=0"/></net>

<net id="618"><net_src comp="192" pin="3"/><net_sink comp="615" pin=0"/></net>

<net id="619"><net_src comp="615" pin="1"/><net_sink comp="383" pin=0"/></net>

<net id="623"><net_src comp="288" pin="3"/><net_sink comp="620" pin=0"/></net>

<net id="624"><net_src comp="620" pin="1"/><net_sink comp="192" pin=0"/></net>

<net id="628"><net_src comp="192" pin="3"/><net_sink comp="625" pin=0"/></net>

<net id="629"><net_src comp="625" pin="1"/><net_sink comp="388" pin=0"/></net>

<net id="633"><net_src comp="297" pin="3"/><net_sink comp="630" pin=0"/></net>

<net id="634"><net_src comp="630" pin="1"/><net_sink comp="192" pin=0"/></net>

<net id="638"><net_src comp="192" pin="3"/><net_sink comp="635" pin=0"/></net>

<net id="639"><net_src comp="635" pin="1"/><net_sink comp="393" pin=0"/></net>

<net id="643"><net_src comp="306" pin="3"/><net_sink comp="640" pin=0"/></net>

<net id="644"><net_src comp="640" pin="1"/><net_sink comp="192" pin=0"/></net>

<net id="648"><net_src comp="192" pin="3"/><net_sink comp="645" pin=0"/></net>

<net id="649"><net_src comp="645" pin="1"/><net_sink comp="398" pin=0"/></net>

<net id="653"><net_src comp="315" pin="3"/><net_sink comp="650" pin=0"/></net>

<net id="654"><net_src comp="650" pin="1"/><net_sink comp="192" pin=0"/></net>

<net id="658"><net_src comp="192" pin="3"/><net_sink comp="655" pin=0"/></net>

<net id="659"><net_src comp="655" pin="1"/><net_sink comp="403" pin=0"/></net>

<net id="663"><net_src comp="324" pin="3"/><net_sink comp="660" pin=0"/></net>

<net id="664"><net_src comp="660" pin="1"/><net_sink comp="192" pin=0"/></net>

</net_list>

</model> 
---------------- Datapath Model END ------------------

* FSMD analyzer results:
  - Output states:
 - Input state : 
	Port: AddRoundKey388 : w_0 | {1 2 3 4 5 6 7 8 9 10 11 12 13 14 15 16 17 }
	Port: AddRoundKey388 : p_read | {17 }
	Port: AddRoundKey388 : p_read1 | {17 }
	Port: AddRoundKey388 : p_read2 | {17 }
	Port: AddRoundKey388 : p_read3 | {17 }
	Port: AddRoundKey388 : p_read4 | {17 }
	Port: AddRoundKey388 : p_read5 | {17 }
	Port: AddRoundKey388 : p_read6 | {17 }
	Port: AddRoundKey388 : p_read7 | {17 }
	Port: AddRoundKey388 : p_read8 | {17 }
	Port: AddRoundKey388 : p_read9 | {17 }
	Port: AddRoundKey388 : p_read10 | {17 }
	Port: AddRoundKey388 : p_read11 | {17 }
	Port: AddRoundKey388 : p_read12 | {17 }
	Port: AddRoundKey388 : p_read13 | {17 }
	Port: AddRoundKey388 : p_read14 | {17 }
	Port: AddRoundKey388 : p_read15 | {17 }
  - Chain level:
	State 1
		w_0_load : 1
	State 2
		w_0_load_121 : 1
	State 3
		w_0_load_122 : 1
	State 4
		w_0_load_123 : 1
	State 5
		w_0_load_124 : 1
	State 6
		w_0_load_125 : 1
	State 7
		w_0_load_126 : 1
	State 8
		w_0_load_127 : 1
	State 9
		w_0_load_128 : 1
	State 10
		w_0_load_129 : 1
	State 11
		w_0_load_130 : 1
	State 12
		w_0_load_131 : 1
	State 13
		w_0_load_132 : 1
	State 14
		w_0_load_133 : 1
	State 15
		w_0_load_134 : 1
	State 16
		w_0_load_135 : 1
	State 17
		xor_ln76_135 : 1
		mrv_1 : 1
		mrv_2 : 2
		mrv_3 : 3
		mrv_4 : 4
		mrv_5 : 5
		mrv_6 : 6
		mrv_7 : 7
		mrv_8 : 8
		mrv_9 : 9
		mrv_10 : 10
		mrv_11 : 11
		mrv_12 : 12
		mrv_13 : 13
		mrv_14 : 14
		mrv_s : 15
		ret_ln77 : 16


============================================================
+ Verbose Summary: Datapath Resource usage 
============================================================

* Functional unit list:
|----------|-------------------------|---------|---------|
| Operation|     Functional Unit     |    FF   |   LUT   |
|----------|-------------------------|---------|---------|
|          |     xor_ln76_fu_333     |    0    |    8    |
|          |   xor_ln76_121_fu_338   |    0    |    8    |
|          |   xor_ln76_122_fu_343   |    0    |    8    |
|          |   xor_ln76_123_fu_348   |    0    |    8    |
|          |   xor_ln76_124_fu_353   |    0    |    8    |
|          |   xor_ln76_125_fu_358   |    0    |    8    |
|          |   xor_ln76_126_fu_363   |    0    |    8    |
|    xor   |   xor_ln76_127_fu_368   |    0    |    8    |
|          |   xor_ln76_128_fu_373   |    0    |    8    |
|          |   xor_ln76_129_fu_378   |    0    |    8    |
|          |   xor_ln76_130_fu_383   |    0    |    8    |
|          |   xor_ln76_131_fu_388   |    0    |    8    |
|          |   xor_ln76_132_fu_393   |    0    |    8    |
|          |   xor_ln76_133_fu_398   |    0    |    8    |
|          |   xor_ln76_134_fu_403   |    0    |    8    |
|          |   xor_ln76_135_fu_408   |    0    |    8    |
|----------|-------------------------|---------|---------|
|          |  p_read_249_read_fu_88  |    0    |    0    |
|          |  p_read_250_read_fu_94  |    0    |    0    |
|          |  p_read_251_read_fu_100 |    0    |    0    |
|          |  p_read_252_read_fu_106 |    0    |    0    |
|          |  p_read_253_read_fu_112 |    0    |    0    |
|          | p_read10103_read_fu_118 |    0    |    0    |
|          |  p_read9102_read_fu_124 |    0    |    0    |
|   read   |  p_read8101_read_fu_130 |    0    |    0    |
|          |  p_read7100_read_fu_136 |    0    |    0    |
|          |  p_read699_read_fu_142  |    0    |    0    |
|          |  p_read598_read_fu_148  |    0    |    0    |
|          |  p_read497_read_fu_154  |    0    |    0    |
|          |  p_read396_read_fu_160  |    0    |    0    |
|          |  p_read295_read_fu_166  |    0    |    0    |
|          |  p_read194_read_fu_172  |    0    |    0    |
|          |   p_read93_read_fu_178  |    0    |    0    |
|----------|-------------------------|---------|---------|
|          |        mrv_fu_414       |    0    |    0    |
|          |       mrv_1_fu_420      |    0    |    0    |
|          |       mrv_2_fu_426      |    0    |    0    |
|          |       mrv_3_fu_432      |    0    |    0    |
|          |       mrv_4_fu_438      |    0    |    0    |
|          |       mrv_5_fu_444      |    0    |    0    |
|          |       mrv_6_fu_450      |    0    |    0    |
|insertvalue|       mrv_7_fu_456      |    0    |    0    |
|          |       mrv_8_fu_462      |    0    |    0    |
|          |       mrv_9_fu_468      |    0    |    0    |
|          |      mrv_10_fu_474      |    0    |    0    |
|          |      mrv_11_fu_480      |    0    |    0    |
|          |      mrv_12_fu_486      |    0    |    0    |
|          |      mrv_13_fu_492      |    0    |    0    |
|          |      mrv_14_fu_498      |    0    |    0    |
|          |       mrv_s_fu_504      |    0    |    0    |
|----------|-------------------------|---------|---------|
|   Total  |                         |    0    |   128   |
|----------|-------------------------|---------|---------|

Memories:
N/A

* Register list:
+--------------------+--------+
|                    |   FF   |
+--------------------+--------+
|w_0_addr_121_reg_520|    4   |
|w_0_addr_122_reg_530|    4   |
|w_0_addr_123_reg_540|    4   |
|w_0_addr_124_reg_550|    4   |
|w_0_addr_125_reg_560|    4   |
|w_0_addr_126_reg_570|    4   |
|w_0_addr_127_reg_580|    4   |
|w_0_addr_128_reg_590|    4   |
|w_0_addr_129_reg_600|    4   |
|w_0_addr_130_reg_610|    4   |
|w_0_addr_131_reg_620|    4   |
|w_0_addr_132_reg_630|    4   |
|w_0_addr_133_reg_640|    4   |
|w_0_addr_134_reg_650|    4   |
|w_0_addr_135_reg_660|    4   |
|  w_0_addr_reg_510  |    4   |
|w_0_load_121_reg_525|    8   |
|w_0_load_122_reg_535|    8   |
|w_0_load_123_reg_545|    8   |
|w_0_load_124_reg_555|    8   |
|w_0_load_125_reg_565|    8   |
|w_0_load_126_reg_575|    8   |
|w_0_load_127_reg_585|    8   |
|w_0_load_128_reg_595|    8   |
|w_0_load_129_reg_605|    8   |
|w_0_load_130_reg_615|    8   |
|w_0_load_131_reg_625|    8   |
|w_0_load_132_reg_635|    8   |
|w_0_load_133_reg_645|    8   |
|w_0_load_134_reg_655|    8   |
|  w_0_load_reg_515  |    8   |
+--------------------+--------+
|        Total       |   184  |
+--------------------+--------+

* Multiplexer (MUX) list: 
|-------------------|------|------|------|--------||---------||---------|
|        Comp       |  Pin | Size |  BW  | S x BW ||  Delay  ||   LUT   |
|-------------------|------|------|------|--------||---------||---------|
| grp_access_fu_192 |  p0  |  32  |   4  |   128  ||   142   |
|-------------------|------|------|------|--------||---------||---------|
|       Total       |      |      |      |   128  ||  3.205  ||   142   |
|-------------------|------|------|------|--------||---------||---------|



* Summary:
+-----------+--------+--------+--------+
|           |  Delay |   FF   |   LUT  |
+-----------+--------+--------+--------+
|  Function |    -   |    0   |   128  |
|   Memory  |    -   |    -   |    -   |
|Multiplexer|    3   |    -   |   142  |
|  Register |    -   |   184  |    -   |
+-----------+--------+--------+--------+
|   Total   |    3   |   184  |   270  |
+-----------+--------+--------+--------+
