

================================================================
== Vitis HLS Report for 'Cipher_Block_split16_proc'
================================================================
* Date:           Wed Dec 29 21:50:21 2021

* Version:        2020.2 (Build 3064766 on Wed Nov 18 09:12:45 MST 2020)
* Project:        aes
* Solution:       solution1 (Vivado IP Flow Target)
* Product family: zynq
* Target device:  xc7z020-clg400-1


================================================================
== Performance Estimates
================================================================
+ Timing: 
    * Summary: 
    +--------+----------+----------+------------+
    |  Clock |  Target  | Estimated| Uncertainty|
    +--------+----------+----------+------------+
    |ap_clk  |  10.00 ns|      0 ns|     2.70 ns|
    +--------+----------+----------+------------+

+ Latency: 
    * Summary: 
    +---------+---------+----------+----------+-----+-----+---------+
    |  Latency (cycles) |  Latency (absolute) |  Interval | Pipeline|
    |   min   |   max   |    min   |    max   | min | max |   Type  |
    +---------+---------+----------+----------+-----+-----+---------+
    |        0|        0|      0 ns|      0 ns|    0|    0|     none|
    +---------+---------+----------+----------+-----+-----+---------+

    + Detail: 
        * Instance: 
        N/A

        * Loop: 
        N/A



================================================================
== Utilization Estimates
================================================================
* Summary: 
+-----------------+---------+-----+--------+-------+-----+
|       Name      | BRAM_18K| DSP |   FF   |  LUT  | URAM|
+-----------------+---------+-----+--------+-------+-----+
|DSP              |        -|    -|       -|      -|    -|
|Expression       |        -|    -|       0|      2|    -|
|FIFO             |        -|    -|       -|      -|    -|
|Instance         |        -|    -|       -|      -|    -|
|Memory           |        -|    -|       -|      -|    -|
|Multiplexer      |        -|    -|       -|    153|    -|
|Register         |        -|    -|     130|      -|    -|
+-----------------+---------+-----+--------+-------+-----+
|Total            |        0|    0|     130|    155|    0|
+-----------------+---------+-----+--------+-------+-----+
|Available        |      280|  220|  106400|  53200|    0|
+-----------------+---------+-----+--------+-------+-----+
|Utilization (%)  |        0|    0|      ~0|     ~0|    0|
+-----------------+---------+-----+--------+-------+-----+

+ Detail: 
    * Instance: 
    N/A

    * DSP: 
    N/A

    * Memory: 
    N/A

    * FIFO: 
    N/A

    * Expression: 
    +-----------------+----------+----+---+----+------------+------------+
    |  Variable Name  | Operation| DSP| FF| LUT| Bitwidth P0| Bitwidth P1|
    +-----------------+----------+----+---+----+------------+------------+
    |ap_block_state1  |        or|   0|  0|   2|           1|           1|
    +-----------------+----------+----+---+----+------------+------------+
    |Total            |          |   0|  0|   2|           1|           1|
    +-----------------+----------+----+---+----+------------+------------+

    * Multiplexer: 
    +--------------+----+-----------+-----+-----------+
    |     Name     | LUT| Input Size| Bits| Total Bits|
    +--------------+----+-----------+-----+-----------+
    |ap_done       |   9|          2|    1|          2|
    |ap_return_0   |   9|          2|    8|         16|
    |ap_return_1   |   9|          2|    8|         16|
    |ap_return_10  |   9|          2|    8|         16|
    |ap_return_11  |   9|          2|    8|         16|
    |ap_return_12  |   9|          2|    8|         16|
    |ap_return_13  |   9|          2|    8|         16|
    |ap_return_14  |   9|          2|    8|         16|
    |ap_return_15  |   9|          2|    8|         16|
    |ap_return_2   |   9|          2|    8|         16|
    |ap_return_3   |   9|          2|    8|         16|
    |ap_return_4   |   9|          2|    8|         16|
    |ap_return_5   |   9|          2|    8|         16|
    |ap_return_6   |   9|          2|    8|         16|
    |ap_return_7   |   9|          2|    8|         16|
    |ap_return_8   |   9|          2|    8|         16|
    |ap_return_9   |   9|          2|    8|         16|
    +--------------+----+-----------+-----+-----------+
    |Total         | 153|         34|  129|        258|
    +--------------+----+-----------+-----+-----------+

    * Register: 
    +-------------------+---+----+-----+-----------+
    |        Name       | FF| LUT| Bits| Const Bits|
    +-------------------+---+----+-----+-----------+
    |ap_CS_fsm          |  1|   0|    1|          0|
    |ap_done_reg        |  1|   0|    1|          0|
    |ap_return_0_preg   |  8|   0|    8|          0|
    |ap_return_10_preg  |  8|   0|    8|          0|
    |ap_return_11_preg  |  8|   0|    8|          0|
    |ap_return_12_preg  |  8|   0|    8|          0|
    |ap_return_13_preg  |  8|   0|    8|          0|
    |ap_return_14_preg  |  8|   0|    8|          0|
    |ap_return_15_preg  |  8|   0|    8|          0|
    |ap_return_1_preg   |  8|   0|    8|          0|
    |ap_return_2_preg   |  8|   0|    8|          0|
    |ap_return_3_preg   |  8|   0|    8|          0|
    |ap_return_4_preg   |  8|   0|    8|          0|
    |ap_return_5_preg   |  8|   0|    8|          0|
    |ap_return_6_preg   |  8|   0|    8|          0|
    |ap_return_7_preg   |  8|   0|    8|          0|
    |ap_return_8_preg   |  8|   0|    8|          0|
    |ap_return_9_preg   |  8|   0|    8|          0|
    +-------------------+---+----+-----+-----------+
    |Total              |130|   0|  130|          0|
    +-------------------+---+----+-----+-----------+



================================================================
== Interface
================================================================
* Summary: 
+--------------+-----+-----+------------+----------------------------+--------------+
|   RTL Ports  | Dir | Bits|  Protocol  |        Source Object       |    C Type    |
+--------------+-----+-----+------------+----------------------------+--------------+
|ap_clk        |   in|    1|  ap_ctrl_hs|  Cipher_Block_.split16_proc|  return value|
|ap_rst        |   in|    1|  ap_ctrl_hs|  Cipher_Block_.split16_proc|  return value|
|ap_start      |   in|    1|  ap_ctrl_hs|  Cipher_Block_.split16_proc|  return value|
|ap_done       |  out|    1|  ap_ctrl_hs|  Cipher_Block_.split16_proc|  return value|
|ap_continue   |   in|    1|  ap_ctrl_hs|  Cipher_Block_.split16_proc|  return value|
|ap_idle       |  out|    1|  ap_ctrl_hs|  Cipher_Block_.split16_proc|  return value|
|ap_ready      |  out|    1|  ap_ctrl_hs|  Cipher_Block_.split16_proc|  return value|
|ap_return_0   |  out|    8|  ap_ctrl_hs|  Cipher_Block_.split16_proc|  return value|
|ap_return_1   |  out|    8|  ap_ctrl_hs|  Cipher_Block_.split16_proc|  return value|
|ap_return_2   |  out|    8|  ap_ctrl_hs|  Cipher_Block_.split16_proc|  return value|
|ap_return_3   |  out|    8|  ap_ctrl_hs|  Cipher_Block_.split16_proc|  return value|
|ap_return_4   |  out|    8|  ap_ctrl_hs|  Cipher_Block_.split16_proc|  return value|
|ap_return_5   |  out|    8|  ap_ctrl_hs|  Cipher_Block_.split16_proc|  return value|
|ap_return_6   |  out|    8|  ap_ctrl_hs|  Cipher_Block_.split16_proc|  return value|
|ap_return_7   |  out|    8|  ap_ctrl_hs|  Cipher_Block_.split16_proc|  return value|
|ap_return_8   |  out|    8|  ap_ctrl_hs|  Cipher_Block_.split16_proc|  return value|
|ap_return_9   |  out|    8|  ap_ctrl_hs|  Cipher_Block_.split16_proc|  return value|
|ap_return_10  |  out|    8|  ap_ctrl_hs|  Cipher_Block_.split16_proc|  return value|
|ap_return_11  |  out|    8|  ap_ctrl_hs|  Cipher_Block_.split16_proc|  return value|
|ap_return_12  |  out|    8|  ap_ctrl_hs|  Cipher_Block_.split16_proc|  return value|
|ap_return_13  |  out|    8|  ap_ctrl_hs|  Cipher_Block_.split16_proc|  return value|
|ap_return_14  |  out|    8|  ap_ctrl_hs|  Cipher_Block_.split16_proc|  return value|
|ap_return_15  |  out|    8|  ap_ctrl_hs|  Cipher_Block_.split16_proc|  return value|
|p_read        |   in|    8|     ap_none|                      p_read|        scalar|
|p_read12      |   in|    8|     ap_none|                    p_read12|        scalar|
|p_read2       |   in|    8|     ap_none|                     p_read2|        scalar|
|p_read35      |   in|    8|     ap_none|                    p_read35|        scalar|
|p_read47      |   in|    8|     ap_none|                    p_read47|        scalar|
|p_read5       |   in|    8|     ap_none|                     p_read5|        scalar|
|p_read610     |   in|    8|     ap_none|                   p_read610|        scalar|
|p_read7       |   in|    8|     ap_none|                     p_read7|        scalar|
|p_read814     |   in|    8|     ap_none|                   p_read814|        scalar|
|p_read916     |   in|    8|     ap_none|                   p_read916|        scalar|
|p_read10      |   in|    8|     ap_none|                    p_read10|        scalar|
|p_read1119    |   in|    8|     ap_none|                  p_read1119|        scalar|
|p_read1221    |   in|    8|     ap_none|                  p_read1221|        scalar|
|p_read1323    |   in|    8|     ap_none|                  p_read1323|        scalar|
|p_read14      |   in|    8|     ap_none|                    p_read14|        scalar|
|p_read1526    |   in|    8|     ap_none|                  p_read1526|        scalar|
+--------------+-----+-----+------------+----------------------------+--------------+

============================================================
+ Verbose Summary: Synthesis Manager
============================================================
InlineROM: 1
ExposeGlobal: 0
============================================================
+ Verbose Summary: CDFG Model
============================================================
IsTopModel: 0
ResetActiveHigh: 1
IsCombinational: 2
IsDatapathOnly: 0
HasWiredReturn: 1
HasMFsm: 0
HasVarLatency: 0
IsPipeline: 0
IsRtlPipelined: 0
IsInstanceOverlapped: 0
IsDontTouch: 0
HasImplIP: 0
IsGatedGlobalClock: 0


============================================================
+ Verbose Summary: Schedule
============================================================
* Number of FSM states : 1
* Pipeline : 0
* Dataflow Pipeline: 0

* FSM state transitions: 
1 --> 

* FSM state operations: 

State 1 <SV = 0> <Delay = 0.00>
ST_1 : Operation 2 [1/1] (0.00ns)   --->   "%p_read_194 = read i8 @_ssdm_op_Read.ap_auto.i8, i8 %p_read1526" [AES.cpp:148]   --->   Operation 2 'read' 'p_read_194' <Predicate = true> <Delay = 0.00>
ST_1 : Operation 3 [1/1] (0.00ns)   --->   "%p_read_195 = read i8 @_ssdm_op_Read.ap_auto.i8, i8 %p_read14" [AES.cpp:148]   --->   Operation 3 'read' 'p_read_195' <Predicate = true> <Delay = 0.00>
ST_1 : Operation 4 [1/1] (0.00ns)   --->   "%p_read_196 = read i8 @_ssdm_op_Read.ap_auto.i8, i8 %p_read1323" [AES.cpp:148]   --->   Operation 4 'read' 'p_read_196' <Predicate = true> <Delay = 0.00>
ST_1 : Operation 5 [1/1] (0.00ns)   --->   "%p_read_197 = read i8 @_ssdm_op_Read.ap_auto.i8, i8 %p_read1221" [AES.cpp:148]   --->   Operation 5 'read' 'p_read_197' <Predicate = true> <Delay = 0.00>
ST_1 : Operation 6 [1/1] (0.00ns)   --->   "%p_read_198 = read i8 @_ssdm_op_Read.ap_auto.i8, i8 %p_read1119" [AES.cpp:148]   --->   Operation 6 'read' 'p_read_198' <Predicate = true> <Delay = 0.00>
ST_1 : Operation 7 [1/1] (0.00ns)   --->   "%p_read1011 = read i8 @_ssdm_op_Read.ap_auto.i8, i8 %p_read10" [AES.cpp:148]   --->   Operation 7 'read' 'p_read1011' <Predicate = true> <Delay = 0.00>
ST_1 : Operation 8 [1/1] (0.00ns)   --->   "%p_read_199 = read i8 @_ssdm_op_Read.ap_auto.i8, i8 %p_read916" [AES.cpp:148]   --->   Operation 8 'read' 'p_read_199' <Predicate = true> <Delay = 0.00>
ST_1 : Operation 9 [1/1] (0.00ns)   --->   "%p_read8149 = read i8 @_ssdm_op_Read.ap_auto.i8, i8 %p_read814" [AES.cpp:148]   --->   Operation 9 'read' 'p_read8149' <Predicate = true> <Delay = 0.00>
ST_1 : Operation 10 [1/1] (0.00ns)   --->   "%p_read78 = read i8 @_ssdm_op_Read.ap_auto.i8, i8 %p_read7" [AES.cpp:148]   --->   Operation 10 'read' 'p_read78' <Predicate = true> <Delay = 0.00>
ST_1 : Operation 11 [1/1] (0.00ns)   --->   "%p_read6107 = read i8 @_ssdm_op_Read.ap_auto.i8, i8 %p_read610" [AES.cpp:148]   --->   Operation 11 'read' 'p_read6107' <Predicate = true> <Delay = 0.00>
ST_1 : Operation 12 [1/1] (0.00ns)   --->   "%p_read56 = read i8 @_ssdm_op_Read.ap_auto.i8, i8 %p_read5" [AES.cpp:148]   --->   Operation 12 'read' 'p_read56' <Predicate = true> <Delay = 0.00>
ST_1 : Operation 13 [1/1] (0.00ns)   --->   "%p_read475 = read i8 @_ssdm_op_Read.ap_auto.i8, i8 %p_read47" [AES.cpp:148]   --->   Operation 13 'read' 'p_read475' <Predicate = true> <Delay = 0.00>
ST_1 : Operation 14 [1/1] (0.00ns)   --->   "%p_read354 = read i8 @_ssdm_op_Read.ap_auto.i8, i8 %p_read35" [AES.cpp:148]   --->   Operation 14 'read' 'p_read354' <Predicate = true> <Delay = 0.00>
ST_1 : Operation 15 [1/1] (0.00ns)   --->   "%p_read23 = read i8 @_ssdm_op_Read.ap_auto.i8, i8 %p_read2" [AES.cpp:148]   --->   Operation 15 'read' 'p_read23' <Predicate = true> <Delay = 0.00>
ST_1 : Operation 16 [1/1] (0.00ns)   --->   "%p_read122 = read i8 @_ssdm_op_Read.ap_auto.i8, i8 %p_read12" [AES.cpp:148]   --->   Operation 16 'read' 'p_read122' <Predicate = true> <Delay = 0.00>
ST_1 : Operation 17 [1/1] (0.00ns)   --->   "%p_read_200 = read i8 @_ssdm_op_Read.ap_auto.i8, i8 %p_read" [AES.cpp:148]   --->   Operation 17 'read' 'p_read_200' <Predicate = true> <Delay = 0.00>
ST_1 : Operation 18 [1/1] (0.00ns)   --->   "%mrv = insertvalue i128 <undef>, i8 %p_read_200" [AES.cpp:148]   --->   Operation 18 'insertvalue' 'mrv' <Predicate = true> <Delay = 0.00>
ST_1 : Operation 19 [1/1] (0.00ns)   --->   "%mrv_1 = insertvalue i128 %mrv, i8 %p_read122" [AES.cpp:148]   --->   Operation 19 'insertvalue' 'mrv_1' <Predicate = true> <Delay = 0.00>
ST_1 : Operation 20 [1/1] (0.00ns)   --->   "%mrv_2 = insertvalue i128 %mrv_1, i8 %p_read23" [AES.cpp:148]   --->   Operation 20 'insertvalue' 'mrv_2' <Predicate = true> <Delay = 0.00>
ST_1 : Operation 21 [1/1] (0.00ns)   --->   "%mrv_3 = insertvalue i128 %mrv_2, i8 %p_read354" [AES.cpp:148]   --->   Operation 21 'insertvalue' 'mrv_3' <Predicate = true> <Delay = 0.00>
ST_1 : Operation 22 [1/1] (0.00ns)   --->   "%mrv_4 = insertvalue i128 %mrv_3, i8 %p_read475" [AES.cpp:148]   --->   Operation 22 'insertvalue' 'mrv_4' <Predicate = true> <Delay = 0.00>
ST_1 : Operation 23 [1/1] (0.00ns)   --->   "%mrv_5 = insertvalue i128 %mrv_4, i8 %p_read56" [AES.cpp:148]   --->   Operation 23 'insertvalue' 'mrv_5' <Predicate = true> <Delay = 0.00>
ST_1 : Operation 24 [1/1] (0.00ns)   --->   "%mrv_6 = insertvalue i128 %mrv_5, i8 %p_read6107" [AES.cpp:148]   --->   Operation 24 'insertvalue' 'mrv_6' <Predicate = true> <Delay = 0.00>
ST_1 : Operation 25 [1/1] (0.00ns)   --->   "%mrv_7 = insertvalue i128 %mrv_6, i8 %p_read78" [AES.cpp:148]   --->   Operation 25 'insertvalue' 'mrv_7' <Predicate = true> <Delay = 0.00>
ST_1 : Operation 26 [1/1] (0.00ns)   --->   "%mrv_8 = insertvalue i128 %mrv_7, i8 %p_read8149" [AES.cpp:148]   --->   Operation 26 'insertvalue' 'mrv_8' <Predicate = true> <Delay = 0.00>
ST_1 : Operation 27 [1/1] (0.00ns)   --->   "%mrv_9 = insertvalue i128 %mrv_8, i8 %p_read_199" [AES.cpp:148]   --->   Operation 27 'insertvalue' 'mrv_9' <Predicate = true> <Delay = 0.00>
ST_1 : Operation 28 [1/1] (0.00ns)   --->   "%mrv_10 = insertvalue i128 %mrv_9, i8 %p_read1011" [AES.cpp:148]   --->   Operation 28 'insertvalue' 'mrv_10' <Predicate = true> <Delay = 0.00>
ST_1 : Operation 29 [1/1] (0.00ns)   --->   "%mrv_11 = insertvalue i128 %mrv_10, i8 %p_read_198" [AES.cpp:148]   --->   Operation 29 'insertvalue' 'mrv_11' <Predicate = true> <Delay = 0.00>
ST_1 : Operation 30 [1/1] (0.00ns)   --->   "%mrv_12 = insertvalue i128 %mrv_11, i8 %p_read_197" [AES.cpp:148]   --->   Operation 30 'insertvalue' 'mrv_12' <Predicate = true> <Delay = 0.00>
ST_1 : Operation 31 [1/1] (0.00ns)   --->   "%mrv_13 = insertvalue i128 %mrv_12, i8 %p_read_196" [AES.cpp:148]   --->   Operation 31 'insertvalue' 'mrv_13' <Predicate = true> <Delay = 0.00>
ST_1 : Operation 32 [1/1] (0.00ns)   --->   "%mrv_14 = insertvalue i128 %mrv_13, i8 %p_read_195" [AES.cpp:148]   --->   Operation 32 'insertvalue' 'mrv_14' <Predicate = true> <Delay = 0.00>
ST_1 : Operation 33 [1/1] (0.00ns)   --->   "%mrv_s = insertvalue i128 %mrv_14, i8 %p_read_194" [AES.cpp:148]   --->   Operation 33 'insertvalue' 'mrv_s' <Predicate = true> <Delay = 0.00>
ST_1 : Operation 34 [1/1] (0.00ns)   --->   "%ret_ln148 = ret i128 %mrv_s" [AES.cpp:148]   --->   Operation 34 'ret' 'ret_ln148' <Predicate = true> <Delay = 0.00>


============================================================
+ Verbose Summary: Binding
============================================================
STG Binding: 
---------------- STG Properties BEGIN ----------------
- Is combinational: 0
- Is one-state seq: 1
- Is datapath-only: 0
- Is pipelined: 0
- Is top level: 0
Port [ Return ] is wired: 1; IO mode=ap_ctrl_hs:ce=0
Port [ p_read]:  wired=1; compound=0; hidden=0; nouse=0; global=0; static=0; extern=0; dir=0; type=0; pingpong=0; private_global=0; IO mode=ap_none:ce=0
Port [ p_read12]:  wired=1; compound=0; hidden=0; nouse=0; global=0; static=0; extern=0; dir=0; type=0; pingpong=0; private_global=0; IO mode=ap_none:ce=0
Port [ p_read2]:  wired=1; compound=0; hidden=0; nouse=0; global=0; static=0; extern=0; dir=0; type=0; pingpong=0; private_global=0; IO mode=ap_none:ce=0
Port [ p_read35]:  wired=1; compound=0; hidden=0; nouse=0; global=0; static=0; extern=0; dir=0; type=0; pingpong=0; private_global=0; IO mode=ap_none:ce=0
Port [ p_read47]:  wired=1; compound=0; hidden=0; nouse=0; global=0; static=0; extern=0; dir=0; type=0; pingpong=0; private_global=0; IO mode=ap_none:ce=0
Port [ p_read5]:  wired=1; compound=0; hidden=0; nouse=0; global=0; static=0; extern=0; dir=0; type=0; pingpong=0; private_global=0; IO mode=ap_none:ce=0
Port [ p_read610]:  wired=1; compound=0; hidden=0; nouse=0; global=0; static=0; extern=0; dir=0; type=0; pingpong=0; private_global=0; IO mode=ap_none:ce=0
Port [ p_read7]:  wired=1; compound=0; hidden=0; nouse=0; global=0; static=0; extern=0; dir=0; type=0; pingpong=0; private_global=0; IO mode=ap_none:ce=0
Port [ p_read814]:  wired=1; compound=0; hidden=0; nouse=0; global=0; static=0; extern=0; dir=0; type=0; pingpong=0; private_global=0; IO mode=ap_none:ce=0
Port [ p_read916]:  wired=1; compound=0; hidden=0; nouse=0; global=0; static=0; extern=0; dir=0; type=0; pingpong=0; private_global=0; IO mode=ap_none:ce=0
Port [ p_read10]:  wired=1; compound=0; hidden=0; nouse=0; global=0; static=0; extern=0; dir=0; type=0; pingpong=0; private_global=0; IO mode=ap_none:ce=0
Port [ p_read1119]:  wired=1; compound=0; hidden=0; nouse=0; global=0; static=0; extern=0; dir=0; type=0; pingpong=0; private_global=0; IO mode=ap_none:ce=0
Port [ p_read1221]:  wired=1; compound=0; hidden=0; nouse=0; global=0; static=0; extern=0; dir=0; type=0; pingpong=0; private_global=0; IO mode=ap_none:ce=0
Port [ p_read1323]:  wired=1; compound=0; hidden=0; nouse=0; global=0; static=0; extern=0; dir=0; type=0; pingpong=0; private_global=0; IO mode=ap_none:ce=0
Port [ p_read14]:  wired=1; compound=0; hidden=0; nouse=0; global=0; static=0; extern=0; dir=0; type=0; pingpong=0; private_global=0; IO mode=ap_none:ce=0
Port [ p_read1526]:  wired=1; compound=0; hidden=0; nouse=0; global=0; static=0; extern=0; dir=0; type=0; pingpong=0; private_global=0; IO mode=ap_none:ce=0
---------------- STG Properties END ------------------

---------------- Datapath Model BEGIN ----------------

<LifeTime>
<method=bitvector/>
p_read_194 (read       ) [ 00]
p_read_195 (read       ) [ 00]
p_read_196 (read       ) [ 00]
p_read_197 (read       ) [ 00]
p_read_198 (read       ) [ 00]
p_read1011 (read       ) [ 00]
p_read_199 (read       ) [ 00]
p_read8149 (read       ) [ 00]
p_read78   (read       ) [ 00]
p_read6107 (read       ) [ 00]
p_read56   (read       ) [ 00]
p_read475  (read       ) [ 00]
p_read354  (read       ) [ 00]
p_read23   (read       ) [ 00]
p_read122  (read       ) [ 00]
p_read_200 (read       ) [ 00]
mrv        (insertvalue) [ 00]
mrv_1      (insertvalue) [ 00]
mrv_2      (insertvalue) [ 00]
mrv_3      (insertvalue) [ 00]
mrv_4      (insertvalue) [ 00]
mrv_5      (insertvalue) [ 00]
mrv_6      (insertvalue) [ 00]
mrv_7      (insertvalue) [ 00]
mrv_8      (insertvalue) [ 00]
mrv_9      (insertvalue) [ 00]
mrv_10     (insertvalue) [ 00]
mrv_11     (insertvalue) [ 00]
mrv_12     (insertvalue) [ 00]
mrv_13     (insertvalue) [ 00]
mrv_14     (insertvalue) [ 00]
mrv_s      (insertvalue) [ 00]
ret_ln148  (ret        ) [ 00]
</LifeTime>

<model>

<comp_list>
<comp id="0" class="1000" name="p_read">
<pin_list>
<pin id="1" dir="1" index="0" bw="1" slack="0"/>
</pin_list>
<bind>
<StgValue><ssdm name="p_read"/></StgValue>
</bind>
</comp>

<comp id="2" class="1000" name="p_read12">
<pin_list>
<pin id="3" dir="1" index="0" bw="1" slack="0"/>
</pin_list>
<bind>
<StgValue><ssdm name="p_read12"/></StgValue>
</bind>
</comp>

<comp id="4" class="1000" name="p_read2">
<pin_list>
<pin id="5" dir="1" index="0" bw="1" slack="0"/>
</pin_list>
<bind>
<StgValue><ssdm name="p_read2"/></StgValue>
</bind>
</comp>

<comp id="6" class="1000" name="p_read35">
<pin_list>
<pin id="7" dir="1" index="0" bw="1" slack="0"/>
</pin_list>
<bind>
<StgValue><ssdm name="p_read35"/></StgValue>
</bind>
</comp>

<comp id="8" class="1000" name="p_read47">
<pin_list>
<pin id="9" dir="1" index="0" bw="1" slack="0"/>
</pin_list>
<bind>
<StgValue><ssdm name="p_read47"/></StgValue>
</bind>
</comp>

<comp id="10" class="1000" name="p_read5">
<pin_list>
<pin id="11" dir="1" index="0" bw="1" slack="0"/>
</pin_list>
<bind>
<StgValue><ssdm name="p_read5"/></StgValue>
</bind>
</comp>

<comp id="12" class="1000" name="p_read610">
<pin_list>
<pin id="13" dir="1" index="0" bw="1" slack="0"/>
</pin_list>
<bind>
<StgValue><ssdm name="p_read610"/></StgValue>
</bind>
</comp>

<comp id="14" class="1000" name="p_read7">
<pin_list>
<pin id="15" dir="1" index="0" bw="1" slack="0"/>
</pin_list>
<bind>
<StgValue><ssdm name="p_read7"/></StgValue>
</bind>
</comp>

<comp id="16" class="1000" name="p_read814">
<pin_list>
<pin id="17" dir="1" index="0" bw="1" slack="0"/>
</pin_list>
<bind>
<StgValue><ssdm name="p_read814"/></StgValue>
</bind>
</comp>

<comp id="18" class="1000" name="p_read916">
<pin_list>
<pin id="19" dir="1" index="0" bw="1" slack="0"/>
</pin_list>
<bind>
<StgValue><ssdm name="p_read916"/></StgValue>
</bind>
</comp>

<comp id="20" class="1000" name="p_read10">
<pin_list>
<pin id="21" dir="1" index="0" bw="1" slack="0"/>
</pin_list>
<bind>
<StgValue><ssdm name="p_read10"/></StgValue>
</bind>
</comp>

<comp id="22" class="1000" name="p_read1119">
<pin_list>
<pin id="23" dir="1" index="0" bw="1" slack="0"/>
</pin_list>
<bind>
<StgValue><ssdm name="p_read1119"/></StgValue>
</bind>
</comp>

<comp id="24" class="1000" name="p_read1221">
<pin_list>
<pin id="25" dir="1" index="0" bw="1" slack="0"/>
</pin_list>
<bind>
<StgValue><ssdm name="p_read1221"/></StgValue>
</bind>
</comp>

<comp id="26" class="1000" name="p_read1323">
<pin_list>
<pin id="27" dir="1" index="0" bw="1" slack="0"/>
</pin_list>
<bind>
<StgValue><ssdm name="p_read1323"/></StgValue>
</bind>
</comp>

<comp id="28" class="1000" name="p_read14">
<pin_list>
<pin id="29" dir="1" index="0" bw="1" slack="0"/>
</pin_list>
<bind>
<StgValue><ssdm name="p_read14"/></StgValue>
</bind>
</comp>

<comp id="30" class="1000" name="p_read1526">
<pin_list>
<pin id="31" dir="1" index="0" bw="1" slack="0"/>
</pin_list>
<bind>
<StgValue><ssdm name="p_read1526"/></StgValue>
</bind>
</comp>

<comp id="32" class="1001" name="const_32">
<pin_list>
<pin id="33" dir="1" index="0" bw="1" slack="0"/>
</pin_list>
<bind>
<StgValue><ssdm name="_ssdm_op_Read.ap_auto.i8"/></StgValue>
</bind>
</comp>

<comp id="34" class="1001" name="const_34">
<pin_list>
<pin id="35" dir="1" index="0" bw="1" slack="0"/>
</pin_list>
<bind>
<StgValue><ssdm name=""/></StgValue>
</bind>
</comp>

<comp id="36" class="1004" name="p_read_194_read_fu_36">
<pin_list>
<pin id="37" dir="0" index="0" bw="8" slack="0"/>
<pin id="38" dir="0" index="1" bw="8" slack="0"/>
<pin id="39" dir="1" index="2" bw="8" slack="0"/>
</pin_list>
<bind>
<opcode="read(1150) " fcode="read"/>
<opset="p_read_194/1 "/>
</bind>
</comp>

<comp id="42" class="1004" name="p_read_195_read_fu_42">
<pin_list>
<pin id="43" dir="0" index="0" bw="8" slack="0"/>
<pin id="44" dir="0" index="1" bw="8" slack="0"/>
<pin id="45" dir="1" index="2" bw="8" slack="0"/>
</pin_list>
<bind>
<opcode="read(1150) " fcode="read"/>
<opset="p_read_195/1 "/>
</bind>
</comp>

<comp id="48" class="1004" name="p_read_196_read_fu_48">
<pin_list>
<pin id="49" dir="0" index="0" bw="8" slack="0"/>
<pin id="50" dir="0" index="1" bw="8" slack="0"/>
<pin id="51" dir="1" index="2" bw="8" slack="0"/>
</pin_list>
<bind>
<opcode="read(1150) " fcode="read"/>
<opset="p_read_196/1 "/>
</bind>
</comp>

<comp id="54" class="1004" name="p_read_197_read_fu_54">
<pin_list>
<pin id="55" dir="0" index="0" bw="8" slack="0"/>
<pin id="56" dir="0" index="1" bw="8" slack="0"/>
<pin id="57" dir="1" index="2" bw="8" slack="0"/>
</pin_list>
<bind>
<opcode="read(1150) " fcode="read"/>
<opset="p_read_197/1 "/>
</bind>
</comp>

<comp id="60" class="1004" name="p_read_198_read_fu_60">
<pin_list>
<pin id="61" dir="0" index="0" bw="8" slack="0"/>
<pin id="62" dir="0" index="1" bw="8" slack="0"/>
<pin id="63" dir="1" index="2" bw="8" slack="0"/>
</pin_list>
<bind>
<opcode="read(1150) " fcode="read"/>
<opset="p_read_198/1 "/>
</bind>
</comp>

<comp id="66" class="1004" name="p_read1011_read_fu_66">
<pin_list>
<pin id="67" dir="0" index="0" bw="8" slack="0"/>
<pin id="68" dir="0" index="1" bw="8" slack="0"/>
<pin id="69" dir="1" index="2" bw="8" slack="0"/>
</pin_list>
<bind>
<opcode="read(1150) " fcode="read"/>
<opset="p_read1011/1 "/>
</bind>
</comp>

<comp id="72" class="1004" name="p_read_199_read_fu_72">
<pin_list>
<pin id="73" dir="0" index="0" bw="8" slack="0"/>
<pin id="74" dir="0" index="1" bw="8" slack="0"/>
<pin id="75" dir="1" index="2" bw="8" slack="0"/>
</pin_list>
<bind>
<opcode="read(1150) " fcode="read"/>
<opset="p_read_199/1 "/>
</bind>
</comp>

<comp id="78" class="1004" name="p_read8149_read_fu_78">
<pin_list>
<pin id="79" dir="0" index="0" bw="8" slack="0"/>
<pin id="80" dir="0" index="1" bw="8" slack="0"/>
<pin id="81" dir="1" index="2" bw="8" slack="0"/>
</pin_list>
<bind>
<opcode="read(1150) " fcode="read"/>
<opset="p_read8149/1 "/>
</bind>
</comp>

<comp id="84" class="1004" name="p_read78_read_fu_84">
<pin_list>
<pin id="85" dir="0" index="0" bw="8" slack="0"/>
<pin id="86" dir="0" index="1" bw="8" slack="0"/>
<pin id="87" dir="1" index="2" bw="8" slack="0"/>
</pin_list>
<bind>
<opcode="read(1150) " fcode="read"/>
<opset="p_read78/1 "/>
</bind>
</comp>

<comp id="90" class="1004" name="p_read6107_read_fu_90">
<pin_list>
<pin id="91" dir="0" index="0" bw="8" slack="0"/>
<pin id="92" dir="0" index="1" bw="8" slack="0"/>
<pin id="93" dir="1" index="2" bw="8" slack="0"/>
</pin_list>
<bind>
<opcode="read(1150) " fcode="read"/>
<opset="p_read6107/1 "/>
</bind>
</comp>

<comp id="96" class="1004" name="p_read56_read_fu_96">
<pin_list>
<pin id="97" dir="0" index="0" bw="8" slack="0"/>
<pin id="98" dir="0" index="1" bw="8" slack="0"/>
<pin id="99" dir="1" index="2" bw="8" slack="0"/>
</pin_list>
<bind>
<opcode="read(1150) " fcode="read"/>
<opset="p_read56/1 "/>
</bind>
</comp>

<comp id="102" class="1004" name="p_read475_read_fu_102">
<pin_list>
<pin id="103" dir="0" index="0" bw="8" slack="0"/>
<pin id="104" dir="0" index="1" bw="8" slack="0"/>
<pin id="105" dir="1" index="2" bw="8" slack="0"/>
</pin_list>
<bind>
<opcode="read(1150) " fcode="read"/>
<opset="p_read475/1 "/>
</bind>
</comp>

<comp id="108" class="1004" name="p_read354_read_fu_108">
<pin_list>
<pin id="109" dir="0" index="0" bw="8" slack="0"/>
<pin id="110" dir="0" index="1" bw="8" slack="0"/>
<pin id="111" dir="1" index="2" bw="8" slack="0"/>
</pin_list>
<bind>
<opcode="read(1150) " fcode="read"/>
<opset="p_read354/1 "/>
</bind>
</comp>

<comp id="114" class="1004" name="p_read23_read_fu_114">
<pin_list>
<pin id="115" dir="0" index="0" bw="8" slack="0"/>
<pin id="116" dir="0" index="1" bw="8" slack="0"/>
<pin id="117" dir="1" index="2" bw="8" slack="0"/>
</pin_list>
<bind>
<opcode="read(1150) " fcode="read"/>
<opset="p_read23/1 "/>
</bind>
</comp>

<comp id="120" class="1004" name="p_read122_read_fu_120">
<pin_list>
<pin id="121" dir="0" index="0" bw="8" slack="0"/>
<pin id="122" dir="0" index="1" bw="8" slack="0"/>
<pin id="123" dir="1" index="2" bw="8" slack="0"/>
</pin_list>
<bind>
<opcode="read(1150) " fcode="read"/>
<opset="p_read122/1 "/>
</bind>
</comp>

<comp id="126" class="1004" name="p_read_200_read_fu_126">
<pin_list>
<pin id="127" dir="0" index="0" bw="8" slack="0"/>
<pin id="128" dir="0" index="1" bw="8" slack="0"/>
<pin id="129" dir="1" index="2" bw="8" slack="0"/>
</pin_list>
<bind>
<opcode="read(1150) " fcode="read"/>
<opset="p_read_200/1 "/>
</bind>
</comp>

<comp id="132" class="1004" name="mrv_fu_132">
<pin_list>
<pin id="133" dir="0" index="0" bw="128" slack="0"/>
<pin id="134" dir="0" index="1" bw="8" slack="0"/>
<pin id="135" dir="1" index="2" bw="128" slack="0"/>
</pin_list>
<bind>
<opcode="insertvalue(57) " fcode="insertvalue"/>
<opset="mrv/1 "/>
</bind>
</comp>

<comp id="138" class="1004" name="mrv_1_fu_138">
<pin_list>
<pin id="139" dir="0" index="0" bw="128" slack="0"/>
<pin id="140" dir="0" index="1" bw="8" slack="0"/>
<pin id="141" dir="1" index="2" bw="128" slack="0"/>
</pin_list>
<bind>
<opcode="insertvalue(57) " fcode="insertvalue"/>
<opset="mrv_1/1 "/>
</bind>
</comp>

<comp id="144" class="1004" name="mrv_2_fu_144">
<pin_list>
<pin id="145" dir="0" index="0" bw="128" slack="0"/>
<pin id="146" dir="0" index="1" bw="8" slack="0"/>
<pin id="147" dir="1" index="2" bw="128" slack="0"/>
</pin_list>
<bind>
<opcode="insertvalue(57) " fcode="insertvalue"/>
<opset="mrv_2/1 "/>
</bind>
</comp>

<comp id="150" class="1004" name="mrv_3_fu_150">
<pin_list>
<pin id="151" dir="0" index="0" bw="128" slack="0"/>
<pin id="152" dir="0" index="1" bw="8" slack="0"/>
<pin id="153" dir="1" index="2" bw="128" slack="0"/>
</pin_list>
<bind>
<opcode="insertvalue(57) " fcode="insertvalue"/>
<opset="mrv_3/1 "/>
</bind>
</comp>

<comp id="156" class="1004" name="mrv_4_fu_156">
<pin_list>
<pin id="157" dir="0" index="0" bw="128" slack="0"/>
<pin id="158" dir="0" index="1" bw="8" slack="0"/>
<pin id="159" dir="1" index="2" bw="128" slack="0"/>
</pin_list>
<bind>
<opcode="insertvalue(57) " fcode="insertvalue"/>
<opset="mrv_4/1 "/>
</bind>
</comp>

<comp id="162" class="1004" name="mrv_5_fu_162">
<pin_list>
<pin id="163" dir="0" index="0" bw="128" slack="0"/>
<pin id="164" dir="0" index="1" bw="8" slack="0"/>
<pin id="165" dir="1" index="2" bw="128" slack="0"/>
</pin_list>
<bind>
<opcode="insertvalue(57) " fcode="insertvalue"/>
<opset="mrv_5/1 "/>
</bind>
</comp>

<comp id="168" class="1004" name="mrv_6_fu_168">
<pin_list>
<pin id="169" dir="0" index="0" bw="128" slack="0"/>
<pin id="170" dir="0" index="1" bw="8" slack="0"/>
<pin id="171" dir="1" index="2" bw="128" slack="0"/>
</pin_list>
<bind>
<opcode="insertvalue(57) " fcode="insertvalue"/>
<opset="mrv_6/1 "/>
</bind>
</comp>

<comp id="174" class="1004" name="mrv_7_fu_174">
<pin_list>
<pin id="175" dir="0" index="0" bw="128" slack="0"/>
<pin id="176" dir="0" index="1" bw="8" slack="0"/>
<pin id="177" dir="1" index="2" bw="128" slack="0"/>
</pin_list>
<bind>
<opcode="insertvalue(57) " fcode="insertvalue"/>
<opset="mrv_7/1 "/>
</bind>
</comp>

<comp id="180" class="1004" name="mrv_8_fu_180">
<pin_list>
<pin id="181" dir="0" index="0" bw="128" slack="0"/>
<pin id="182" dir="0" index="1" bw="8" slack="0"/>
<pin id="183" dir="1" index="2" bw="128" slack="0"/>
</pin_list>
<bind>
<opcode="insertvalue(57) " fcode="insertvalue"/>
<opset="mrv_8/1 "/>
</bind>
</comp>

<comp id="186" class="1004" name="mrv_9_fu_186">
<pin_list>
<pin id="187" dir="0" index="0" bw="128" slack="0"/>
<pin id="188" dir="0" index="1" bw="8" slack="0"/>
<pin id="189" dir="1" index="2" bw="128" slack="0"/>
</pin_list>
<bind>
<opcode="insertvalue(57) " fcode="insertvalue"/>
<opset="mrv_9/1 "/>
</bind>
</comp>

<comp id="192" class="1004" name="mrv_10_fu_192">
<pin_list>
<pin id="193" dir="0" index="0" bw="128" slack="0"/>
<pin id="194" dir="0" index="1" bw="8" slack="0"/>
<pin id="195" dir="1" index="2" bw="128" slack="0"/>
</pin_list>
<bind>
<opcode="insertvalue(57) " fcode="insertvalue"/>
<opset="mrv_10/1 "/>
</bind>
</comp>

<comp id="198" class="1004" name="mrv_11_fu_198">
<pin_list>
<pin id="199" dir="0" index="0" bw="128" slack="0"/>
<pin id="200" dir="0" index="1" bw="8" slack="0"/>
<pin id="201" dir="1" index="2" bw="128" slack="0"/>
</pin_list>
<bind>
<opcode="insertvalue(57) " fcode="insertvalue"/>
<opset="mrv_11/1 "/>
</bind>
</comp>

<comp id="204" class="1004" name="mrv_12_fu_204">
<pin_list>
<pin id="205" dir="0" index="0" bw="128" slack="0"/>
<pin id="206" dir="0" index="1" bw="8" slack="0"/>
<pin id="207" dir="1" index="2" bw="128" slack="0"/>
</pin_list>
<bind>
<opcode="insertvalue(57) " fcode="insertvalue"/>
<opset="mrv_12/1 "/>
</bind>
</comp>

<comp id="210" class="1004" name="mrv_13_fu_210">
<pin_list>
<pin id="211" dir="0" index="0" bw="128" slack="0"/>
<pin id="212" dir="0" index="1" bw="8" slack="0"/>
<pin id="213" dir="1" index="2" bw="128" slack="0"/>
</pin_list>
<bind>
<opcode="insertvalue(57) " fcode="insertvalue"/>
<opset="mrv_13/1 "/>
</bind>
</comp>

<comp id="216" class="1004" name="mrv_14_fu_216">
<pin_list>
<pin id="217" dir="0" index="0" bw="128" slack="0"/>
<pin id="218" dir="0" index="1" bw="8" slack="0"/>
<pin id="219" dir="1" index="2" bw="128" slack="0"/>
</pin_list>
<bind>
<opcode="insertvalue(57) " fcode="insertvalue"/>
<opset="mrv_14/1 "/>
</bind>
</comp>

<comp id="222" class="1004" name="mrv_s_fu_222">
<pin_list>
<pin id="223" dir="0" index="0" bw="128" slack="0"/>
<pin id="224" dir="0" index="1" bw="8" slack="0"/>
<pin id="225" dir="1" index="2" bw="128" slack="2147483647"/>
</pin_list>
<bind>
<opcode="insertvalue(57) " fcode="insertvalue"/>
<opset="mrv_s/1 "/>
</bind>
</comp>

</comp_list>

<net_list>
<net id="40"><net_src comp="32" pin="0"/><net_sink comp="36" pin=0"/></net>

<net id="41"><net_src comp="30" pin="0"/><net_sink comp="36" pin=1"/></net>

<net id="46"><net_src comp="32" pin="0"/><net_sink comp="42" pin=0"/></net>

<net id="47"><net_src comp="28" pin="0"/><net_sink comp="42" pin=1"/></net>

<net id="52"><net_src comp="32" pin="0"/><net_sink comp="48" pin=0"/></net>

<net id="53"><net_src comp="26" pin="0"/><net_sink comp="48" pin=1"/></net>

<net id="58"><net_src comp="32" pin="0"/><net_sink comp="54" pin=0"/></net>

<net id="59"><net_src comp="24" pin="0"/><net_sink comp="54" pin=1"/></net>

<net id="64"><net_src comp="32" pin="0"/><net_sink comp="60" pin=0"/></net>

<net id="65"><net_src comp="22" pin="0"/><net_sink comp="60" pin=1"/></net>

<net id="70"><net_src comp="32" pin="0"/><net_sink comp="66" pin=0"/></net>

<net id="71"><net_src comp="20" pin="0"/><net_sink comp="66" pin=1"/></net>

<net id="76"><net_src comp="32" pin="0"/><net_sink comp="72" pin=0"/></net>

<net id="77"><net_src comp="18" pin="0"/><net_sink comp="72" pin=1"/></net>

<net id="82"><net_src comp="32" pin="0"/><net_sink comp="78" pin=0"/></net>

<net id="83"><net_src comp="16" pin="0"/><net_sink comp="78" pin=1"/></net>

<net id="88"><net_src comp="32" pin="0"/><net_sink comp="84" pin=0"/></net>

<net id="89"><net_src comp="14" pin="0"/><net_sink comp="84" pin=1"/></net>

<net id="94"><net_src comp="32" pin="0"/><net_sink comp="90" pin=0"/></net>

<net id="95"><net_src comp="12" pin="0"/><net_sink comp="90" pin=1"/></net>

<net id="100"><net_src comp="32" pin="0"/><net_sink comp="96" pin=0"/></net>

<net id="101"><net_src comp="10" pin="0"/><net_sink comp="96" pin=1"/></net>

<net id="106"><net_src comp="32" pin="0"/><net_sink comp="102" pin=0"/></net>

<net id="107"><net_src comp="8" pin="0"/><net_sink comp="102" pin=1"/></net>

<net id="112"><net_src comp="32" pin="0"/><net_sink comp="108" pin=0"/></net>

<net id="113"><net_src comp="6" pin="0"/><net_sink comp="108" pin=1"/></net>

<net id="118"><net_src comp="32" pin="0"/><net_sink comp="114" pin=0"/></net>

<net id="119"><net_src comp="4" pin="0"/><net_sink comp="114" pin=1"/></net>

<net id="124"><net_src comp="32" pin="0"/><net_sink comp="120" pin=0"/></net>

<net id="125"><net_src comp="2" pin="0"/><net_sink comp="120" pin=1"/></net>

<net id="130"><net_src comp="32" pin="0"/><net_sink comp="126" pin=0"/></net>

<net id="131"><net_src comp="0" pin="0"/><net_sink comp="126" pin=1"/></net>

<net id="136"><net_src comp="34" pin="0"/><net_sink comp="132" pin=0"/></net>

<net id="137"><net_src comp="126" pin="2"/><net_sink comp="132" pin=1"/></net>

<net id="142"><net_src comp="132" pin="2"/><net_sink comp="138" pin=0"/></net>

<net id="143"><net_src comp="120" pin="2"/><net_sink comp="138" pin=1"/></net>

<net id="148"><net_src comp="138" pin="2"/><net_sink comp="144" pin=0"/></net>

<net id="149"><net_src comp="114" pin="2"/><net_sink comp="144" pin=1"/></net>

<net id="154"><net_src comp="144" pin="2"/><net_sink comp="150" pin=0"/></net>

<net id="155"><net_src comp="108" pin="2"/><net_sink comp="150" pin=1"/></net>

<net id="160"><net_src comp="150" pin="2"/><net_sink comp="156" pin=0"/></net>

<net id="161"><net_src comp="102" pin="2"/><net_sink comp="156" pin=1"/></net>

<net id="166"><net_src comp="156" pin="2"/><net_sink comp="162" pin=0"/></net>

<net id="167"><net_src comp="96" pin="2"/><net_sink comp="162" pin=1"/></net>

<net id="172"><net_src comp="162" pin="2"/><net_sink comp="168" pin=0"/></net>

<net id="173"><net_src comp="90" pin="2"/><net_sink comp="168" pin=1"/></net>

<net id="178"><net_src comp="168" pin="2"/><net_sink comp="174" pin=0"/></net>

<net id="179"><net_src comp="84" pin="2"/><net_sink comp="174" pin=1"/></net>

<net id="184"><net_src comp="174" pin="2"/><net_sink comp="180" pin=0"/></net>

<net id="185"><net_src comp="78" pin="2"/><net_sink comp="180" pin=1"/></net>

<net id="190"><net_src comp="180" pin="2"/><net_sink comp="186" pin=0"/></net>

<net id="191"><net_src comp="72" pin="2"/><net_sink comp="186" pin=1"/></net>

<net id="196"><net_src comp="186" pin="2"/><net_sink comp="192" pin=0"/></net>

<net id="197"><net_src comp="66" pin="2"/><net_sink comp="192" pin=1"/></net>

<net id="202"><net_src comp="192" pin="2"/><net_sink comp="198" pin=0"/></net>

<net id="203"><net_src comp="60" pin="2"/><net_sink comp="198" pin=1"/></net>

<net id="208"><net_src comp="198" pin="2"/><net_sink comp="204" pin=0"/></net>

<net id="209"><net_src comp="54" pin="2"/><net_sink comp="204" pin=1"/></net>

<net id="214"><net_src comp="204" pin="2"/><net_sink comp="210" pin=0"/></net>

<net id="215"><net_src comp="48" pin="2"/><net_sink comp="210" pin=1"/></net>

<net id="220"><net_src comp="210" pin="2"/><net_sink comp="216" pin=0"/></net>

<net id="221"><net_src comp="42" pin="2"/><net_sink comp="216" pin=1"/></net>

<net id="226"><net_src comp="216" pin="2"/><net_sink comp="222" pin=0"/></net>

<net id="227"><net_src comp="36" pin="2"/><net_sink comp="222" pin=1"/></net>

</net_list>

</model> 
---------------- Datapath Model END ------------------

* FSMD analyzer results:
  - Output states:
 - Input state : 
	Port: Cipher_Block_.split16_proc : p_read | {1 }
	Port: Cipher_Block_.split16_proc : p_read12 | {1 }
	Port: Cipher_Block_.split16_proc : p_read2 | {1 }
	Port: Cipher_Block_.split16_proc : p_read35 | {1 }
	Port: Cipher_Block_.split16_proc : p_read47 | {1 }
	Port: Cipher_Block_.split16_proc : p_read5 | {1 }
	Port: Cipher_Block_.split16_proc : p_read610 | {1 }
	Port: Cipher_Block_.split16_proc : p_read7 | {1 }
	Port: Cipher_Block_.split16_proc : p_read814 | {1 }
	Port: Cipher_Block_.split16_proc : p_read916 | {1 }
	Port: Cipher_Block_.split16_proc : p_read10 | {1 }
	Port: Cipher_Block_.split16_proc : p_read1119 | {1 }
	Port: Cipher_Block_.split16_proc : p_read1221 | {1 }
	Port: Cipher_Block_.split16_proc : p_read1323 | {1 }
	Port: Cipher_Block_.split16_proc : p_read14 | {1 }
	Port: Cipher_Block_.split16_proc : p_read1526 | {1 }
  - Chain level:
	State 1
		mrv_1 : 1
		mrv_2 : 2
		mrv_3 : 3
		mrv_4 : 4
		mrv_5 : 5
		mrv_6 : 6
		mrv_7 : 7
		mrv_8 : 8
		mrv_9 : 9
		mrv_10 : 10
		mrv_11 : 11
		mrv_12 : 12
		mrv_13 : 13
		mrv_14 : 14
		mrv_s : 15
		ret_ln148 : 16


============================================================
+ Verbose Summary: Datapath Resource usage 
============================================================

* Functional unit list:
|----------|------------------------|
| Operation|     Functional Unit    |
|----------|------------------------|
|          |  p_read_194_read_fu_36 |
|          |  p_read_195_read_fu_42 |
|          |  p_read_196_read_fu_48 |
|          |  p_read_197_read_fu_54 |
|          |  p_read_198_read_fu_60 |
|          |  p_read1011_read_fu_66 |
|          |  p_read_199_read_fu_72 |
|   read   |  p_read8149_read_fu_78 |
|          |   p_read78_read_fu_84  |
|          |  p_read6107_read_fu_90 |
|          |   p_read56_read_fu_96  |
|          |  p_read475_read_fu_102 |
|          |  p_read354_read_fu_108 |
|          |  p_read23_read_fu_114  |
|          |  p_read122_read_fu_120 |
|          | p_read_200_read_fu_126 |
|----------|------------------------|
|          |       mrv_fu_132       |
|          |      mrv_1_fu_138      |
|          |      mrv_2_fu_144      |
|          |      mrv_3_fu_150      |
|          |      mrv_4_fu_156      |
|          |      mrv_5_fu_162      |
|          |      mrv_6_fu_168      |
|insertvalue|      mrv_7_fu_174      |
|          |      mrv_8_fu_180      |
|          |      mrv_9_fu_186      |
|          |      mrv_10_fu_192     |
|          |      mrv_11_fu_198     |
|          |      mrv_12_fu_204     |
|          |      mrv_13_fu_210     |
|          |      mrv_14_fu_216     |
|          |      mrv_s_fu_222      |
|----------|------------------------|
|   Total  |                        |
|----------|------------------------|

Memories:
N/A

* Register list:
N/A

* Multiplexer (MUX) list: 
|--------|------|------|------|--------|
|  Comp  |  Pin | Size |  BW  | S x BW |
|--------|------|------|------|--------|
|  Total |      |      |      |    0   |
|--------|------|------|------|--------|



* Summary:
+-----------+
|           |
+-----------+
|  Function |
|   Memory  |
|Multiplexer|
|  Register |
+-----------+
|   Total   |
+-----------+
