

================================================================
== Vitis HLS Report for 'Cipher_Block_split196237_proc'
================================================================
* Date:           Thu Dec 30 15:46:39 2021

* Version:        2020.2 (Build 3064766 on Wed Nov 18 09:12:45 MST 2020)
* Project:        aes
* Solution:       solution1 (Vivado IP Flow Target)
* Product family: zynq
* Target device:  xc7z020-clg400-1


================================================================
== Performance Estimates
================================================================
+ Timing: 
    * Summary: 
    +--------+----------+----------+------------+
    |  Clock |  Target  | Estimated| Uncertainty|
    +--------+----------+----------+------------+
    |ap_clk  |  10.00 ns|      0 ns|     2.70 ns|
    +--------+----------+----------+------------+

+ Latency: 
    * Summary: 
    +---------+---------+----------+----------+-----+-----+---------+
    |  Latency (cycles) |  Latency (absolute) |  Interval | Pipeline|
    |   min   |   max   |    min   |    max   | min | max |   Type  |
    +---------+---------+----------+----------+-----+-----+---------+
    |        0|        0|      0 ns|      0 ns|    0|    0|     none|
    +---------+---------+----------+----------+-----+-----+---------+

    + Detail: 
        * Instance: 
        N/A

        * Loop: 
        N/A

============================================================
+ Verbose Summary: Synthesis Manager
============================================================
InlineROM: 1
ExposeGlobal: 0
============================================================
+ Verbose Summary: CDFG Model
============================================================
IsTopModel: 0
ResetActiveHigh: 1
IsCombinational: 2
IsDatapathOnly: 0
HasWiredReturn: 1
HasMFsm: 0
HasVarLatency: 0
IsPipeline: 0
IsRtlPipelined: 0
IsInstanceOverlapped: 0
IsDontTouch: 0
HasImplIP: 0
IsGatedGlobalClock: 0


============================================================
+ Verbose Summary: Schedule
============================================================
* Number of FSM states : 1
* Pipeline : 0
* Dataflow Pipeline: 0

* FSM state transitions: 
1 --> 

* FSM state operations: 

State 1 <SV = 0> <Delay = 0.00>
ST_1 : Operation 2 [1/1] (0.00ns)   --->   "%p_read_336 = read i8 @_ssdm_op_Read.ap_auto.i8, i8 %p_read15" [AES_encrypt.cpp:173]   --->   Operation 2 'read' 'p_read_336' <Predicate = true> <Delay = 0.00>
ST_1 : Operation 3 [1/1] (0.00ns)   --->   "%p_read_337 = read i8 @_ssdm_op_Read.ap_auto.i8, i8 %p_read14" [AES_encrypt.cpp:173]   --->   Operation 3 'read' 'p_read_337' <Predicate = true> <Delay = 0.00>
ST_1 : Operation 4 [1/1] (0.00ns)   --->   "%p_read1329 = read i8 @_ssdm_op_Read.ap_auto.i8, i8 %p_read13" [AES_encrypt.cpp:173]   --->   Operation 4 'read' 'p_read1329' <Predicate = true> <Delay = 0.00>
ST_1 : Operation 5 [1/1] (0.00ns)   --->   "%p_read1228 = read i8 @_ssdm_op_Read.ap_auto.i8, i8 %p_read12" [AES_encrypt.cpp:173]   --->   Operation 5 'read' 'p_read1228' <Predicate = true> <Delay = 0.00>
ST_1 : Operation 6 [1/1] (0.00ns)   --->   "%p_read1127 = read i8 @_ssdm_op_Read.ap_auto.i8, i8 %p_read11" [AES_encrypt.cpp:173]   --->   Operation 6 'read' 'p_read1127' <Predicate = true> <Delay = 0.00>
ST_1 : Operation 7 [1/1] (0.00ns)   --->   "%p_read1026 = read i8 @_ssdm_op_Read.ap_auto.i8, i8 %p_read10" [AES_encrypt.cpp:173]   --->   Operation 7 'read' 'p_read1026' <Predicate = true> <Delay = 0.00>
ST_1 : Operation 8 [1/1] (0.00ns)   --->   "%p_read925 = read i8 @_ssdm_op_Read.ap_auto.i8, i8 %p_read9" [AES_encrypt.cpp:173]   --->   Operation 8 'read' 'p_read925' <Predicate = true> <Delay = 0.00>
ST_1 : Operation 9 [1/1] (0.00ns)   --->   "%p_read824 = read i8 @_ssdm_op_Read.ap_auto.i8, i8 %p_read8" [AES_encrypt.cpp:173]   --->   Operation 9 'read' 'p_read824' <Predicate = true> <Delay = 0.00>
ST_1 : Operation 10 [1/1] (0.00ns)   --->   "%p_read723 = read i8 @_ssdm_op_Read.ap_auto.i8, i8 %p_read7" [AES_encrypt.cpp:173]   --->   Operation 10 'read' 'p_read723' <Predicate = true> <Delay = 0.00>
ST_1 : Operation 11 [1/1] (0.00ns)   --->   "%p_read622 = read i8 @_ssdm_op_Read.ap_auto.i8, i8 %p_read6" [AES_encrypt.cpp:173]   --->   Operation 11 'read' 'p_read622' <Predicate = true> <Delay = 0.00>
ST_1 : Operation 12 [1/1] (0.00ns)   --->   "%p_read521 = read i8 @_ssdm_op_Read.ap_auto.i8, i8 %p_read5" [AES_encrypt.cpp:173]   --->   Operation 12 'read' 'p_read521' <Predicate = true> <Delay = 0.00>
ST_1 : Operation 13 [1/1] (0.00ns)   --->   "%p_read420 = read i8 @_ssdm_op_Read.ap_auto.i8, i8 %p_read4" [AES_encrypt.cpp:173]   --->   Operation 13 'read' 'p_read420' <Predicate = true> <Delay = 0.00>
ST_1 : Operation 14 [1/1] (0.00ns)   --->   "%p_read319 = read i8 @_ssdm_op_Read.ap_auto.i8, i8 %p_read3" [AES_encrypt.cpp:173]   --->   Operation 14 'read' 'p_read319' <Predicate = true> <Delay = 0.00>
ST_1 : Operation 15 [1/1] (0.00ns)   --->   "%p_read218 = read i8 @_ssdm_op_Read.ap_auto.i8, i8 %p_read2" [AES_encrypt.cpp:173]   --->   Operation 15 'read' 'p_read218' <Predicate = true> <Delay = 0.00>
ST_1 : Operation 16 [1/1] (0.00ns)   --->   "%p_read117 = read i8 @_ssdm_op_Read.ap_auto.i8, i8 %p_read1" [AES_encrypt.cpp:173]   --->   Operation 16 'read' 'p_read117' <Predicate = true> <Delay = 0.00>
ST_1 : Operation 17 [1/1] (0.00ns)   --->   "%p_read16 = read i8 @_ssdm_op_Read.ap_auto.i8, i8 %p_read" [AES_encrypt.cpp:173]   --->   Operation 17 'read' 'p_read16' <Predicate = true> <Delay = 0.00>
ST_1 : Operation 18 [1/1] (0.00ns)   --->   "%write_ln173 = write void @_ssdm_op_Write.ap_auto.i8P0A, i8 %encrypt_0, i8 %p_read16" [AES_encrypt.cpp:173]   --->   Operation 18 'write' 'write_ln173' <Predicate = true> <Delay = 0.00>
ST_1 : Operation 19 [1/1] (0.00ns)   --->   "%write_ln173 = write void @_ssdm_op_Write.ap_auto.i8P0A, i8 %encrypt_1, i8 %p_read117" [AES_encrypt.cpp:173]   --->   Operation 19 'write' 'write_ln173' <Predicate = true> <Delay = 0.00>
ST_1 : Operation 20 [1/1] (0.00ns)   --->   "%write_ln173 = write void @_ssdm_op_Write.ap_auto.i8P0A, i8 %encrypt_2, i8 %p_read218" [AES_encrypt.cpp:173]   --->   Operation 20 'write' 'write_ln173' <Predicate = true> <Delay = 0.00>
ST_1 : Operation 21 [1/1] (0.00ns)   --->   "%write_ln173 = write void @_ssdm_op_Write.ap_auto.i8P0A, i8 %encrypt_3, i8 %p_read319" [AES_encrypt.cpp:173]   --->   Operation 21 'write' 'write_ln173' <Predicate = true> <Delay = 0.00>
ST_1 : Operation 22 [1/1] (0.00ns)   --->   "%write_ln173 = write void @_ssdm_op_Write.ap_auto.i8P0A, i8 %encrypt_4, i8 %p_read420" [AES_encrypt.cpp:173]   --->   Operation 22 'write' 'write_ln173' <Predicate = true> <Delay = 0.00>
ST_1 : Operation 23 [1/1] (0.00ns)   --->   "%write_ln173 = write void @_ssdm_op_Write.ap_auto.i8P0A, i8 %encrypt_5, i8 %p_read521" [AES_encrypt.cpp:173]   --->   Operation 23 'write' 'write_ln173' <Predicate = true> <Delay = 0.00>
ST_1 : Operation 24 [1/1] (0.00ns)   --->   "%write_ln173 = write void @_ssdm_op_Write.ap_auto.i8P0A, i8 %encrypt_6, i8 %p_read622" [AES_encrypt.cpp:173]   --->   Operation 24 'write' 'write_ln173' <Predicate = true> <Delay = 0.00>
ST_1 : Operation 25 [1/1] (0.00ns)   --->   "%write_ln173 = write void @_ssdm_op_Write.ap_auto.i8P0A, i8 %encrypt_7, i8 %p_read723" [AES_encrypt.cpp:173]   --->   Operation 25 'write' 'write_ln173' <Predicate = true> <Delay = 0.00>
ST_1 : Operation 26 [1/1] (0.00ns)   --->   "%write_ln173 = write void @_ssdm_op_Write.ap_auto.i8P0A, i8 %encrypt_8, i8 %p_read824" [AES_encrypt.cpp:173]   --->   Operation 26 'write' 'write_ln173' <Predicate = true> <Delay = 0.00>
ST_1 : Operation 27 [1/1] (0.00ns)   --->   "%write_ln173 = write void @_ssdm_op_Write.ap_auto.i8P0A, i8 %encrypt_9, i8 %p_read925" [AES_encrypt.cpp:173]   --->   Operation 27 'write' 'write_ln173' <Predicate = true> <Delay = 0.00>
ST_1 : Operation 28 [1/1] (0.00ns)   --->   "%write_ln173 = write void @_ssdm_op_Write.ap_auto.i8P0A, i8 %encrypt_10, i8 %p_read1026" [AES_encrypt.cpp:173]   --->   Operation 28 'write' 'write_ln173' <Predicate = true> <Delay = 0.00>
ST_1 : Operation 29 [1/1] (0.00ns)   --->   "%write_ln173 = write void @_ssdm_op_Write.ap_auto.i8P0A, i8 %encrypt_11, i8 %p_read1127" [AES_encrypt.cpp:173]   --->   Operation 29 'write' 'write_ln173' <Predicate = true> <Delay = 0.00>
ST_1 : Operation 30 [1/1] (0.00ns)   --->   "%write_ln173 = write void @_ssdm_op_Write.ap_auto.i8P0A, i8 %encrypt_12, i8 %p_read1228" [AES_encrypt.cpp:173]   --->   Operation 30 'write' 'write_ln173' <Predicate = true> <Delay = 0.00>
ST_1 : Operation 31 [1/1] (0.00ns)   --->   "%write_ln173 = write void @_ssdm_op_Write.ap_auto.i8P0A, i8 %encrypt_13, i8 %p_read1329" [AES_encrypt.cpp:173]   --->   Operation 31 'write' 'write_ln173' <Predicate = true> <Delay = 0.00>
ST_1 : Operation 32 [1/1] (0.00ns)   --->   "%write_ln173 = write void @_ssdm_op_Write.ap_auto.i8P0A, i8 %encrypt_14, i8 %p_read_337" [AES_encrypt.cpp:173]   --->   Operation 32 'write' 'write_ln173' <Predicate = true> <Delay = 0.00>
ST_1 : Operation 33 [1/1] (0.00ns)   --->   "%write_ln173 = write void @_ssdm_op_Write.ap_auto.i8P0A, i8 %encrypt_15, i8 %p_read_336" [AES_encrypt.cpp:173]   --->   Operation 33 'write' 'write_ln173' <Predicate = true> <Delay = 0.00>
ST_1 : Operation 34 [1/1] (0.00ns)   --->   "%ret_ln0 = ret"   --->   Operation 34 'ret' 'ret_ln0' <Predicate = true> <Delay = 0.00>


============================================================
+ Verbose Summary: Binding
============================================================
STG Binding: 
---------------- STG Properties BEGIN ----------------
- Is combinational: 0
- Is one-state seq: 1
- Is datapath-only: 0
- Is pipelined: 0
- Is top level: 0
Port [ Return ] is wired: 1; IO mode=ap_ctrl_hs:ce=0
Port [ p_read]:  wired=1; compound=0; hidden=0; nouse=0; global=0; static=0; extern=0; dir=0; type=0; pingpong=0; private_global=0; IO mode=ap_none:ce=0
Port [ encrypt_0]:  wired=1; compound=0; hidden=0; nouse=0; global=0; static=0; extern=0; dir=1; type=0; pingpong=0; private_global=0; IO mode=ap_vld:ce=0
Port [ p_read1]:  wired=1; compound=0; hidden=0; nouse=0; global=0; static=0; extern=0; dir=0; type=0; pingpong=0; private_global=0; IO mode=ap_none:ce=0
Port [ encrypt_1]:  wired=1; compound=0; hidden=0; nouse=0; global=0; static=0; extern=0; dir=1; type=0; pingpong=0; private_global=0; IO mode=ap_vld:ce=0
Port [ p_read2]:  wired=1; compound=0; hidden=0; nouse=0; global=0; static=0; extern=0; dir=0; type=0; pingpong=0; private_global=0; IO mode=ap_none:ce=0
Port [ encrypt_2]:  wired=1; compound=0; hidden=0; nouse=0; global=0; static=0; extern=0; dir=1; type=0; pingpong=0; private_global=0; IO mode=ap_vld:ce=0
Port [ p_read3]:  wired=1; compound=0; hidden=0; nouse=0; global=0; static=0; extern=0; dir=0; type=0; pingpong=0; private_global=0; IO mode=ap_none:ce=0
Port [ encrypt_3]:  wired=1; compound=0; hidden=0; nouse=0; global=0; static=0; extern=0; dir=1; type=0; pingpong=0; private_global=0; IO mode=ap_vld:ce=0
Port [ p_read4]:  wired=1; compound=0; hidden=0; nouse=0; global=0; static=0; extern=0; dir=0; type=0; pingpong=0; private_global=0; IO mode=ap_none:ce=0
Port [ encrypt_4]:  wired=1; compound=0; hidden=0; nouse=0; global=0; static=0; extern=0; dir=1; type=0; pingpong=0; private_global=0; IO mode=ap_vld:ce=0
Port [ p_read5]:  wired=1; compound=0; hidden=0; nouse=0; global=0; static=0; extern=0; dir=0; type=0; pingpong=0; private_global=0; IO mode=ap_none:ce=0
Port [ encrypt_5]:  wired=1; compound=0; hidden=0; nouse=0; global=0; static=0; extern=0; dir=1; type=0; pingpong=0; private_global=0; IO mode=ap_vld:ce=0
Port [ p_read6]:  wired=1; compound=0; hidden=0; nouse=0; global=0; static=0; extern=0; dir=0; type=0; pingpong=0; private_global=0; IO mode=ap_none:ce=0
Port [ encrypt_6]:  wired=1; compound=0; hidden=0; nouse=0; global=0; static=0; extern=0; dir=1; type=0; pingpong=0; private_global=0; IO mode=ap_vld:ce=0
Port [ p_read7]:  wired=1; compound=0; hidden=0; nouse=0; global=0; static=0; extern=0; dir=0; type=0; pingpong=0; private_global=0; IO mode=ap_none:ce=0
Port [ encrypt_7]:  wired=1; compound=0; hidden=0; nouse=0; global=0; static=0; extern=0; dir=1; type=0; pingpong=0; private_global=0; IO mode=ap_vld:ce=0
Port [ p_read8]:  wired=1; compound=0; hidden=0; nouse=0; global=0; static=0; extern=0; dir=0; type=0; pingpong=0; private_global=0; IO mode=ap_none:ce=0
Port [ encrypt_8]:  wired=1; compound=0; hidden=0; nouse=0; global=0; static=0; extern=0; dir=1; type=0; pingpong=0; private_global=0; IO mode=ap_vld:ce=0
Port [ p_read9]:  wired=1; compound=0; hidden=0; nouse=0; global=0; static=0; extern=0; dir=0; type=0; pingpong=0; private_global=0; IO mode=ap_none:ce=0
Port [ encrypt_9]:  wired=1; compound=0; hidden=0; nouse=0; global=0; static=0; extern=0; dir=1; type=0; pingpong=0; private_global=0; IO mode=ap_vld:ce=0
Port [ p_read10]:  wired=1; compound=0; hidden=0; nouse=0; global=0; static=0; extern=0; dir=0; type=0; pingpong=0; private_global=0; IO mode=ap_none:ce=0
Port [ encrypt_10]:  wired=1; compound=0; hidden=0; nouse=0; global=0; static=0; extern=0; dir=1; type=0; pingpong=0; private_global=0; IO mode=ap_vld:ce=0
Port [ p_read11]:  wired=1; compound=0; hidden=0; nouse=0; global=0; static=0; extern=0; dir=0; type=0; pingpong=0; private_global=0; IO mode=ap_none:ce=0
Port [ encrypt_11]:  wired=1; compound=0; hidden=0; nouse=0; global=0; static=0; extern=0; dir=1; type=0; pingpong=0; private_global=0; IO mode=ap_vld:ce=0
Port [ p_read12]:  wired=1; compound=0; hidden=0; nouse=0; global=0; static=0; extern=0; dir=0; type=0; pingpong=0; private_global=0; IO mode=ap_none:ce=0
Port [ encrypt_12]:  wired=1; compound=0; hidden=0; nouse=0; global=0; static=0; extern=0; dir=1; type=0; pingpong=0; private_global=0; IO mode=ap_vld:ce=0
Port [ p_read13]:  wired=1; compound=0; hidden=0; nouse=0; global=0; static=0; extern=0; dir=0; type=0; pingpong=0; private_global=0; IO mode=ap_none:ce=0
Port [ encrypt_13]:  wired=1; compound=0; hidden=0; nouse=0; global=0; static=0; extern=0; dir=1; type=0; pingpong=0; private_global=0; IO mode=ap_vld:ce=0
Port [ p_read14]:  wired=1; compound=0; hidden=0; nouse=0; global=0; static=0; extern=0; dir=0; type=0; pingpong=0; private_global=0; IO mode=ap_none:ce=0
Port [ encrypt_14]:  wired=1; compound=0; hidden=0; nouse=0; global=0; static=0; extern=0; dir=1; type=0; pingpong=0; private_global=0; IO mode=ap_vld:ce=0
Port [ p_read15]:  wired=1; compound=0; hidden=0; nouse=0; global=0; static=0; extern=0; dir=0; type=0; pingpong=0; private_global=0; IO mode=ap_none:ce=0
Port [ encrypt_15]:  wired=1; compound=0; hidden=0; nouse=0; global=0; static=0; extern=0; dir=1; type=0; pingpong=0; private_global=0; IO mode=ap_vld:ce=0
---------------- STG Properties END ------------------

---------------- Datapath Model BEGIN ----------------

<LifeTime>
<method=bitvector/>
p_read_336  (read ) [ 00]
p_read_337  (read ) [ 00]
p_read1329  (read ) [ 00]
p_read1228  (read ) [ 00]
p_read1127  (read ) [ 00]
p_read1026  (read ) [ 00]
p_read925   (read ) [ 00]
p_read824   (read ) [ 00]
p_read723   (read ) [ 00]
p_read622   (read ) [ 00]
p_read521   (read ) [ 00]
p_read420   (read ) [ 00]
p_read319   (read ) [ 00]
p_read218   (read ) [ 00]
p_read117   (read ) [ 00]
p_read16    (read ) [ 00]
write_ln173 (write) [ 00]
write_ln173 (write) [ 00]
write_ln173 (write) [ 00]
write_ln173 (write) [ 00]
write_ln173 (write) [ 00]
write_ln173 (write) [ 00]
write_ln173 (write) [ 00]
write_ln173 (write) [ 00]
write_ln173 (write) [ 00]
write_ln173 (write) [ 00]
write_ln173 (write) [ 00]
write_ln173 (write) [ 00]
write_ln173 (write) [ 00]
write_ln173 (write) [ 00]
write_ln173 (write) [ 00]
write_ln173 (write) [ 00]
ret_ln0     (ret  ) [ 00]
</LifeTime>

<model>

<comp_list>
<comp id="0" class="1000" name="p_read">
<pin_list>
<pin id="1" dir="1" index="0" bw="1" slack="0"/>
</pin_list>
<bind>
<StgValue><ssdm name="p_read"/></StgValue>
</bind>
</comp>

<comp id="2" class="1000" name="encrypt_0">
<pin_list>
<pin id="3" dir="1" index="0" bw="1" slack="0"/>
</pin_list>
<bind>
<StgValue><ssdm name="encrypt_0"/></StgValue>
</bind>
</comp>

<comp id="4" class="1000" name="p_read1">
<pin_list>
<pin id="5" dir="1" index="0" bw="1" slack="0"/>
</pin_list>
<bind>
<StgValue><ssdm name="p_read1"/></StgValue>
</bind>
</comp>

<comp id="6" class="1000" name="encrypt_1">
<pin_list>
<pin id="7" dir="1" index="0" bw="1" slack="0"/>
</pin_list>
<bind>
<StgValue><ssdm name="encrypt_1"/></StgValue>
</bind>
</comp>

<comp id="8" class="1000" name="p_read2">
<pin_list>
<pin id="9" dir="1" index="0" bw="1" slack="0"/>
</pin_list>
<bind>
<StgValue><ssdm name="p_read2"/></StgValue>
</bind>
</comp>

<comp id="10" class="1000" name="encrypt_2">
<pin_list>
<pin id="11" dir="1" index="0" bw="1" slack="0"/>
</pin_list>
<bind>
<StgValue><ssdm name="encrypt_2"/></StgValue>
</bind>
</comp>

<comp id="12" class="1000" name="p_read3">
<pin_list>
<pin id="13" dir="1" index="0" bw="1" slack="0"/>
</pin_list>
<bind>
<StgValue><ssdm name="p_read3"/></StgValue>
</bind>
</comp>

<comp id="14" class="1000" name="encrypt_3">
<pin_list>
<pin id="15" dir="1" index="0" bw="1" slack="0"/>
</pin_list>
<bind>
<StgValue><ssdm name="encrypt_3"/></StgValue>
</bind>
</comp>

<comp id="16" class="1000" name="p_read4">
<pin_list>
<pin id="17" dir="1" index="0" bw="1" slack="0"/>
</pin_list>
<bind>
<StgValue><ssdm name="p_read4"/></StgValue>
</bind>
</comp>

<comp id="18" class="1000" name="encrypt_4">
<pin_list>
<pin id="19" dir="1" index="0" bw="1" slack="0"/>
</pin_list>
<bind>
<StgValue><ssdm name="encrypt_4"/></StgValue>
</bind>
</comp>

<comp id="20" class="1000" name="p_read5">
<pin_list>
<pin id="21" dir="1" index="0" bw="1" slack="0"/>
</pin_list>
<bind>
<StgValue><ssdm name="p_read5"/></StgValue>
</bind>
</comp>

<comp id="22" class="1000" name="encrypt_5">
<pin_list>
<pin id="23" dir="1" index="0" bw="1" slack="0"/>
</pin_list>
<bind>
<StgValue><ssdm name="encrypt_5"/></StgValue>
</bind>
</comp>

<comp id="24" class="1000" name="p_read6">
<pin_list>
<pin id="25" dir="1" index="0" bw="1" slack="0"/>
</pin_list>
<bind>
<StgValue><ssdm name="p_read6"/></StgValue>
</bind>
</comp>

<comp id="26" class="1000" name="encrypt_6">
<pin_list>
<pin id="27" dir="1" index="0" bw="1" slack="0"/>
</pin_list>
<bind>
<StgValue><ssdm name="encrypt_6"/></StgValue>
</bind>
</comp>

<comp id="28" class="1000" name="p_read7">
<pin_list>
<pin id="29" dir="1" index="0" bw="1" slack="0"/>
</pin_list>
<bind>
<StgValue><ssdm name="p_read7"/></StgValue>
</bind>
</comp>

<comp id="30" class="1000" name="encrypt_7">
<pin_list>
<pin id="31" dir="1" index="0" bw="1" slack="0"/>
</pin_list>
<bind>
<StgValue><ssdm name="encrypt_7"/></StgValue>
</bind>
</comp>

<comp id="32" class="1000" name="p_read8">
<pin_list>
<pin id="33" dir="1" index="0" bw="1" slack="0"/>
</pin_list>
<bind>
<StgValue><ssdm name="p_read8"/></StgValue>
</bind>
</comp>

<comp id="34" class="1000" name="encrypt_8">
<pin_list>
<pin id="35" dir="1" index="0" bw="1" slack="0"/>
</pin_list>
<bind>
<StgValue><ssdm name="encrypt_8"/></StgValue>
</bind>
</comp>

<comp id="36" class="1000" name="p_read9">
<pin_list>
<pin id="37" dir="1" index="0" bw="1" slack="0"/>
</pin_list>
<bind>
<StgValue><ssdm name="p_read9"/></StgValue>
</bind>
</comp>

<comp id="38" class="1000" name="encrypt_9">
<pin_list>
<pin id="39" dir="1" index="0" bw="1" slack="0"/>
</pin_list>
<bind>
<StgValue><ssdm name="encrypt_9"/></StgValue>
</bind>
</comp>

<comp id="40" class="1000" name="p_read10">
<pin_list>
<pin id="41" dir="1" index="0" bw="1" slack="0"/>
</pin_list>
<bind>
<StgValue><ssdm name="p_read10"/></StgValue>
</bind>
</comp>

<comp id="42" class="1000" name="encrypt_10">
<pin_list>
<pin id="43" dir="1" index="0" bw="1" slack="0"/>
</pin_list>
<bind>
<StgValue><ssdm name="encrypt_10"/></StgValue>
</bind>
</comp>

<comp id="44" class="1000" name="p_read11">
<pin_list>
<pin id="45" dir="1" index="0" bw="1" slack="0"/>
</pin_list>
<bind>
<StgValue><ssdm name="p_read11"/></StgValue>
</bind>
</comp>

<comp id="46" class="1000" name="encrypt_11">
<pin_list>
<pin id="47" dir="1" index="0" bw="1" slack="0"/>
</pin_list>
<bind>
<StgValue><ssdm name="encrypt_11"/></StgValue>
</bind>
</comp>

<comp id="48" class="1000" name="p_read12">
<pin_list>
<pin id="49" dir="1" index="0" bw="1" slack="0"/>
</pin_list>
<bind>
<StgValue><ssdm name="p_read12"/></StgValue>
</bind>
</comp>

<comp id="50" class="1000" name="encrypt_12">
<pin_list>
<pin id="51" dir="1" index="0" bw="1" slack="0"/>
</pin_list>
<bind>
<StgValue><ssdm name="encrypt_12"/></StgValue>
</bind>
</comp>

<comp id="52" class="1000" name="p_read13">
<pin_list>
<pin id="53" dir="1" index="0" bw="1" slack="0"/>
</pin_list>
<bind>
<StgValue><ssdm name="p_read13"/></StgValue>
</bind>
</comp>

<comp id="54" class="1000" name="encrypt_13">
<pin_list>
<pin id="55" dir="1" index="0" bw="1" slack="0"/>
</pin_list>
<bind>
<StgValue><ssdm name="encrypt_13"/></StgValue>
</bind>
</comp>

<comp id="56" class="1000" name="p_read14">
<pin_list>
<pin id="57" dir="1" index="0" bw="1" slack="0"/>
</pin_list>
<bind>
<StgValue><ssdm name="p_read14"/></StgValue>
</bind>
</comp>

<comp id="58" class="1000" name="encrypt_14">
<pin_list>
<pin id="59" dir="1" index="0" bw="1" slack="0"/>
</pin_list>
<bind>
<StgValue><ssdm name="encrypt_14"/></StgValue>
</bind>
</comp>

<comp id="60" class="1000" name="p_read15">
<pin_list>
<pin id="61" dir="1" index="0" bw="1" slack="0"/>
</pin_list>
<bind>
<StgValue><ssdm name="p_read15"/></StgValue>
</bind>
</comp>

<comp id="62" class="1000" name="encrypt_15">
<pin_list>
<pin id="63" dir="1" index="0" bw="1" slack="0"/>
</pin_list>
<bind>
<StgValue><ssdm name="encrypt_15"/></StgValue>
</bind>
</comp>

<comp id="64" class="1001" name="const_64">
<pin_list>
<pin id="65" dir="1" index="0" bw="1" slack="0"/>
</pin_list>
<bind>
<StgValue><ssdm name="_ssdm_op_Read.ap_auto.i8"/></StgValue>
</bind>
</comp>

<comp id="66" class="1001" name="const_66">
<pin_list>
<pin id="67" dir="1" index="0" bw="1" slack="0"/>
</pin_list>
<bind>
<StgValue><ssdm name="_ssdm_op_Write.ap_auto.i8P0A"/></StgValue>
</bind>
</comp>

<comp id="68" class="1004" name="p_read_336_read_fu_68">
<pin_list>
<pin id="69" dir="0" index="0" bw="8" slack="0"/>
<pin id="70" dir="0" index="1" bw="8" slack="0"/>
<pin id="71" dir="1" index="2" bw="8" slack="0"/>
</pin_list>
<bind>
<opcode="read(1150) " fcode="read"/>
<opset="p_read_336/1 "/>
</bind>
</comp>

<comp id="74" class="1004" name="p_read_337_read_fu_74">
<pin_list>
<pin id="75" dir="0" index="0" bw="8" slack="0"/>
<pin id="76" dir="0" index="1" bw="8" slack="0"/>
<pin id="77" dir="1" index="2" bw="8" slack="0"/>
</pin_list>
<bind>
<opcode="read(1150) " fcode="read"/>
<opset="p_read_337/1 "/>
</bind>
</comp>

<comp id="80" class="1004" name="p_read1329_read_fu_80">
<pin_list>
<pin id="81" dir="0" index="0" bw="8" slack="0"/>
<pin id="82" dir="0" index="1" bw="8" slack="0"/>
<pin id="83" dir="1" index="2" bw="8" slack="0"/>
</pin_list>
<bind>
<opcode="read(1150) " fcode="read"/>
<opset="p_read1329/1 "/>
</bind>
</comp>

<comp id="86" class="1004" name="p_read1228_read_fu_86">
<pin_list>
<pin id="87" dir="0" index="0" bw="8" slack="0"/>
<pin id="88" dir="0" index="1" bw="8" slack="0"/>
<pin id="89" dir="1" index="2" bw="8" slack="0"/>
</pin_list>
<bind>
<opcode="read(1150) " fcode="read"/>
<opset="p_read1228/1 "/>
</bind>
</comp>

<comp id="92" class="1004" name="p_read1127_read_fu_92">
<pin_list>
<pin id="93" dir="0" index="0" bw="8" slack="0"/>
<pin id="94" dir="0" index="1" bw="8" slack="0"/>
<pin id="95" dir="1" index="2" bw="8" slack="0"/>
</pin_list>
<bind>
<opcode="read(1150) " fcode="read"/>
<opset="p_read1127/1 "/>
</bind>
</comp>

<comp id="98" class="1004" name="p_read1026_read_fu_98">
<pin_list>
<pin id="99" dir="0" index="0" bw="8" slack="0"/>
<pin id="100" dir="0" index="1" bw="8" slack="0"/>
<pin id="101" dir="1" index="2" bw="8" slack="0"/>
</pin_list>
<bind>
<opcode="read(1150) " fcode="read"/>
<opset="p_read1026/1 "/>
</bind>
</comp>

<comp id="104" class="1004" name="p_read925_read_fu_104">
<pin_list>
<pin id="105" dir="0" index="0" bw="8" slack="0"/>
<pin id="106" dir="0" index="1" bw="8" slack="0"/>
<pin id="107" dir="1" index="2" bw="8" slack="0"/>
</pin_list>
<bind>
<opcode="read(1150) " fcode="read"/>
<opset="p_read925/1 "/>
</bind>
</comp>

<comp id="110" class="1004" name="p_read824_read_fu_110">
<pin_list>
<pin id="111" dir="0" index="0" bw="8" slack="0"/>
<pin id="112" dir="0" index="1" bw="8" slack="0"/>
<pin id="113" dir="1" index="2" bw="8" slack="0"/>
</pin_list>
<bind>
<opcode="read(1150) " fcode="read"/>
<opset="p_read824/1 "/>
</bind>
</comp>

<comp id="116" class="1004" name="p_read723_read_fu_116">
<pin_list>
<pin id="117" dir="0" index="0" bw="8" slack="0"/>
<pin id="118" dir="0" index="1" bw="8" slack="0"/>
<pin id="119" dir="1" index="2" bw="8" slack="0"/>
</pin_list>
<bind>
<opcode="read(1150) " fcode="read"/>
<opset="p_read723/1 "/>
</bind>
</comp>

<comp id="122" class="1004" name="p_read622_read_fu_122">
<pin_list>
<pin id="123" dir="0" index="0" bw="8" slack="0"/>
<pin id="124" dir="0" index="1" bw="8" slack="0"/>
<pin id="125" dir="1" index="2" bw="8" slack="0"/>
</pin_list>
<bind>
<opcode="read(1150) " fcode="read"/>
<opset="p_read622/1 "/>
</bind>
</comp>

<comp id="128" class="1004" name="p_read521_read_fu_128">
<pin_list>
<pin id="129" dir="0" index="0" bw="8" slack="0"/>
<pin id="130" dir="0" index="1" bw="8" slack="0"/>
<pin id="131" dir="1" index="2" bw="8" slack="0"/>
</pin_list>
<bind>
<opcode="read(1150) " fcode="read"/>
<opset="p_read521/1 "/>
</bind>
</comp>

<comp id="134" class="1004" name="p_read420_read_fu_134">
<pin_list>
<pin id="135" dir="0" index="0" bw="8" slack="0"/>
<pin id="136" dir="0" index="1" bw="8" slack="0"/>
<pin id="137" dir="1" index="2" bw="8" slack="0"/>
</pin_list>
<bind>
<opcode="read(1150) " fcode="read"/>
<opset="p_read420/1 "/>
</bind>
</comp>

<comp id="140" class="1004" name="p_read319_read_fu_140">
<pin_list>
<pin id="141" dir="0" index="0" bw="8" slack="0"/>
<pin id="142" dir="0" index="1" bw="8" slack="0"/>
<pin id="143" dir="1" index="2" bw="8" slack="0"/>
</pin_list>
<bind>
<opcode="read(1150) " fcode="read"/>
<opset="p_read319/1 "/>
</bind>
</comp>

<comp id="146" class="1004" name="p_read218_read_fu_146">
<pin_list>
<pin id="147" dir="0" index="0" bw="8" slack="0"/>
<pin id="148" dir="0" index="1" bw="8" slack="0"/>
<pin id="149" dir="1" index="2" bw="8" slack="0"/>
</pin_list>
<bind>
<opcode="read(1150) " fcode="read"/>
<opset="p_read218/1 "/>
</bind>
</comp>

<comp id="152" class="1004" name="p_read117_read_fu_152">
<pin_list>
<pin id="153" dir="0" index="0" bw="8" slack="0"/>
<pin id="154" dir="0" index="1" bw="8" slack="0"/>
<pin id="155" dir="1" index="2" bw="8" slack="0"/>
</pin_list>
<bind>
<opcode="read(1150) " fcode="read"/>
<opset="p_read117/1 "/>
</bind>
</comp>

<comp id="158" class="1004" name="p_read16_read_fu_158">
<pin_list>
<pin id="159" dir="0" index="0" bw="8" slack="0"/>
<pin id="160" dir="0" index="1" bw="8" slack="0"/>
<pin id="161" dir="1" index="2" bw="8" slack="0"/>
</pin_list>
<bind>
<opcode="read(1150) " fcode="read"/>
<opset="p_read16/1 "/>
</bind>
</comp>

<comp id="164" class="1004" name="write_ln173_write_fu_164">
<pin_list>
<pin id="165" dir="0" index="0" bw="0" slack="0"/>
<pin id="166" dir="0" index="1" bw="8" slack="0"/>
<pin id="167" dir="0" index="2" bw="8" slack="0"/>
<pin id="168" dir="1" index="3" bw="0" slack="2147483647"/>
</pin_list>
<bind>
<opcode="write(1151) " fcode="write"/>
<opset="write_ln173/1 "/>
</bind>
</comp>

<comp id="172" class="1004" name="write_ln173_write_fu_172">
<pin_list>
<pin id="173" dir="0" index="0" bw="0" slack="0"/>
<pin id="174" dir="0" index="1" bw="8" slack="0"/>
<pin id="175" dir="0" index="2" bw="8" slack="0"/>
<pin id="176" dir="1" index="3" bw="0" slack="2147483647"/>
</pin_list>
<bind>
<opcode="write(1151) " fcode="write"/>
<opset="write_ln173/1 "/>
</bind>
</comp>

<comp id="180" class="1004" name="write_ln173_write_fu_180">
<pin_list>
<pin id="181" dir="0" index="0" bw="0" slack="0"/>
<pin id="182" dir="0" index="1" bw="8" slack="0"/>
<pin id="183" dir="0" index="2" bw="8" slack="0"/>
<pin id="184" dir="1" index="3" bw="0" slack="2147483647"/>
</pin_list>
<bind>
<opcode="write(1151) " fcode="write"/>
<opset="write_ln173/1 "/>
</bind>
</comp>

<comp id="188" class="1004" name="write_ln173_write_fu_188">
<pin_list>
<pin id="189" dir="0" index="0" bw="0" slack="0"/>
<pin id="190" dir="0" index="1" bw="8" slack="0"/>
<pin id="191" dir="0" index="2" bw="8" slack="0"/>
<pin id="192" dir="1" index="3" bw="0" slack="2147483647"/>
</pin_list>
<bind>
<opcode="write(1151) " fcode="write"/>
<opset="write_ln173/1 "/>
</bind>
</comp>

<comp id="196" class="1004" name="write_ln173_write_fu_196">
<pin_list>
<pin id="197" dir="0" index="0" bw="0" slack="0"/>
<pin id="198" dir="0" index="1" bw="8" slack="0"/>
<pin id="199" dir="0" index="2" bw="8" slack="0"/>
<pin id="200" dir="1" index="3" bw="0" slack="2147483647"/>
</pin_list>
<bind>
<opcode="write(1151) " fcode="write"/>
<opset="write_ln173/1 "/>
</bind>
</comp>

<comp id="204" class="1004" name="write_ln173_write_fu_204">
<pin_list>
<pin id="205" dir="0" index="0" bw="0" slack="0"/>
<pin id="206" dir="0" index="1" bw="8" slack="0"/>
<pin id="207" dir="0" index="2" bw="8" slack="0"/>
<pin id="208" dir="1" index="3" bw="0" slack="2147483647"/>
</pin_list>
<bind>
<opcode="write(1151) " fcode="write"/>
<opset="write_ln173/1 "/>
</bind>
</comp>

<comp id="212" class="1004" name="write_ln173_write_fu_212">
<pin_list>
<pin id="213" dir="0" index="0" bw="0" slack="0"/>
<pin id="214" dir="0" index="1" bw="8" slack="0"/>
<pin id="215" dir="0" index="2" bw="8" slack="0"/>
<pin id="216" dir="1" index="3" bw="0" slack="2147483647"/>
</pin_list>
<bind>
<opcode="write(1151) " fcode="write"/>
<opset="write_ln173/1 "/>
</bind>
</comp>

<comp id="220" class="1004" name="write_ln173_write_fu_220">
<pin_list>
<pin id="221" dir="0" index="0" bw="0" slack="0"/>
<pin id="222" dir="0" index="1" bw="8" slack="0"/>
<pin id="223" dir="0" index="2" bw="8" slack="0"/>
<pin id="224" dir="1" index="3" bw="0" slack="2147483647"/>
</pin_list>
<bind>
<opcode="write(1151) " fcode="write"/>
<opset="write_ln173/1 "/>
</bind>
</comp>

<comp id="228" class="1004" name="write_ln173_write_fu_228">
<pin_list>
<pin id="229" dir="0" index="0" bw="0" slack="0"/>
<pin id="230" dir="0" index="1" bw="8" slack="0"/>
<pin id="231" dir="0" index="2" bw="8" slack="0"/>
<pin id="232" dir="1" index="3" bw="0" slack="2147483647"/>
</pin_list>
<bind>
<opcode="write(1151) " fcode="write"/>
<opset="write_ln173/1 "/>
</bind>
</comp>

<comp id="236" class="1004" name="write_ln173_write_fu_236">
<pin_list>
<pin id="237" dir="0" index="0" bw="0" slack="0"/>
<pin id="238" dir="0" index="1" bw="8" slack="0"/>
<pin id="239" dir="0" index="2" bw="8" slack="0"/>
<pin id="240" dir="1" index="3" bw="0" slack="2147483647"/>
</pin_list>
<bind>
<opcode="write(1151) " fcode="write"/>
<opset="write_ln173/1 "/>
</bind>
</comp>

<comp id="244" class="1004" name="write_ln173_write_fu_244">
<pin_list>
<pin id="245" dir="0" index="0" bw="0" slack="0"/>
<pin id="246" dir="0" index="1" bw="8" slack="0"/>
<pin id="247" dir="0" index="2" bw="8" slack="0"/>
<pin id="248" dir="1" index="3" bw="0" slack="2147483647"/>
</pin_list>
<bind>
<opcode="write(1151) " fcode="write"/>
<opset="write_ln173/1 "/>
</bind>
</comp>

<comp id="252" class="1004" name="write_ln173_write_fu_252">
<pin_list>
<pin id="253" dir="0" index="0" bw="0" slack="0"/>
<pin id="254" dir="0" index="1" bw="8" slack="0"/>
<pin id="255" dir="0" index="2" bw="8" slack="0"/>
<pin id="256" dir="1" index="3" bw="0" slack="2147483647"/>
</pin_list>
<bind>
<opcode="write(1151) " fcode="write"/>
<opset="write_ln173/1 "/>
</bind>
</comp>

<comp id="260" class="1004" name="write_ln173_write_fu_260">
<pin_list>
<pin id="261" dir="0" index="0" bw="0" slack="0"/>
<pin id="262" dir="0" index="1" bw="8" slack="0"/>
<pin id="263" dir="0" index="2" bw="8" slack="0"/>
<pin id="264" dir="1" index="3" bw="0" slack="2147483647"/>
</pin_list>
<bind>
<opcode="write(1151) " fcode="write"/>
<opset="write_ln173/1 "/>
</bind>
</comp>

<comp id="268" class="1004" name="write_ln173_write_fu_268">
<pin_list>
<pin id="269" dir="0" index="0" bw="0" slack="0"/>
<pin id="270" dir="0" index="1" bw="8" slack="0"/>
<pin id="271" dir="0" index="2" bw="8" slack="0"/>
<pin id="272" dir="1" index="3" bw="0" slack="2147483647"/>
</pin_list>
<bind>
<opcode="write(1151) " fcode="write"/>
<opset="write_ln173/1 "/>
</bind>
</comp>

<comp id="276" class="1004" name="write_ln173_write_fu_276">
<pin_list>
<pin id="277" dir="0" index="0" bw="0" slack="0"/>
<pin id="278" dir="0" index="1" bw="8" slack="0"/>
<pin id="279" dir="0" index="2" bw="8" slack="0"/>
<pin id="280" dir="1" index="3" bw="0" slack="2147483647"/>
</pin_list>
<bind>
<opcode="write(1151) " fcode="write"/>
<opset="write_ln173/1 "/>
</bind>
</comp>

<comp id="284" class="1004" name="write_ln173_write_fu_284">
<pin_list>
<pin id="285" dir="0" index="0" bw="0" slack="0"/>
<pin id="286" dir="0" index="1" bw="8" slack="0"/>
<pin id="287" dir="0" index="2" bw="8" slack="0"/>
<pin id="288" dir="1" index="3" bw="0" slack="2147483647"/>
</pin_list>
<bind>
<opcode="write(1151) " fcode="write"/>
<opset="write_ln173/1 "/>
</bind>
</comp>

</comp_list>

<net_list>
<net id="72"><net_src comp="64" pin="0"/><net_sink comp="68" pin=0"/></net>

<net id="73"><net_src comp="60" pin="0"/><net_sink comp="68" pin=1"/></net>

<net id="78"><net_src comp="64" pin="0"/><net_sink comp="74" pin=0"/></net>

<net id="79"><net_src comp="56" pin="0"/><net_sink comp="74" pin=1"/></net>

<net id="84"><net_src comp="64" pin="0"/><net_sink comp="80" pin=0"/></net>

<net id="85"><net_src comp="52" pin="0"/><net_sink comp="80" pin=1"/></net>

<net id="90"><net_src comp="64" pin="0"/><net_sink comp="86" pin=0"/></net>

<net id="91"><net_src comp="48" pin="0"/><net_sink comp="86" pin=1"/></net>

<net id="96"><net_src comp="64" pin="0"/><net_sink comp="92" pin=0"/></net>

<net id="97"><net_src comp="44" pin="0"/><net_sink comp="92" pin=1"/></net>

<net id="102"><net_src comp="64" pin="0"/><net_sink comp="98" pin=0"/></net>

<net id="103"><net_src comp="40" pin="0"/><net_sink comp="98" pin=1"/></net>

<net id="108"><net_src comp="64" pin="0"/><net_sink comp="104" pin=0"/></net>

<net id="109"><net_src comp="36" pin="0"/><net_sink comp="104" pin=1"/></net>

<net id="114"><net_src comp="64" pin="0"/><net_sink comp="110" pin=0"/></net>

<net id="115"><net_src comp="32" pin="0"/><net_sink comp="110" pin=1"/></net>

<net id="120"><net_src comp="64" pin="0"/><net_sink comp="116" pin=0"/></net>

<net id="121"><net_src comp="28" pin="0"/><net_sink comp="116" pin=1"/></net>

<net id="126"><net_src comp="64" pin="0"/><net_sink comp="122" pin=0"/></net>

<net id="127"><net_src comp="24" pin="0"/><net_sink comp="122" pin=1"/></net>

<net id="132"><net_src comp="64" pin="0"/><net_sink comp="128" pin=0"/></net>

<net id="133"><net_src comp="20" pin="0"/><net_sink comp="128" pin=1"/></net>

<net id="138"><net_src comp="64" pin="0"/><net_sink comp="134" pin=0"/></net>

<net id="139"><net_src comp="16" pin="0"/><net_sink comp="134" pin=1"/></net>

<net id="144"><net_src comp="64" pin="0"/><net_sink comp="140" pin=0"/></net>

<net id="145"><net_src comp="12" pin="0"/><net_sink comp="140" pin=1"/></net>

<net id="150"><net_src comp="64" pin="0"/><net_sink comp="146" pin=0"/></net>

<net id="151"><net_src comp="8" pin="0"/><net_sink comp="146" pin=1"/></net>

<net id="156"><net_src comp="64" pin="0"/><net_sink comp="152" pin=0"/></net>

<net id="157"><net_src comp="4" pin="0"/><net_sink comp="152" pin=1"/></net>

<net id="162"><net_src comp="64" pin="0"/><net_sink comp="158" pin=0"/></net>

<net id="163"><net_src comp="0" pin="0"/><net_sink comp="158" pin=1"/></net>

<net id="169"><net_src comp="66" pin="0"/><net_sink comp="164" pin=0"/></net>

<net id="170"><net_src comp="2" pin="0"/><net_sink comp="164" pin=1"/></net>

<net id="171"><net_src comp="158" pin="2"/><net_sink comp="164" pin=2"/></net>

<net id="177"><net_src comp="66" pin="0"/><net_sink comp="172" pin=0"/></net>

<net id="178"><net_src comp="6" pin="0"/><net_sink comp="172" pin=1"/></net>

<net id="179"><net_src comp="152" pin="2"/><net_sink comp="172" pin=2"/></net>

<net id="185"><net_src comp="66" pin="0"/><net_sink comp="180" pin=0"/></net>

<net id="186"><net_src comp="10" pin="0"/><net_sink comp="180" pin=1"/></net>

<net id="187"><net_src comp="146" pin="2"/><net_sink comp="180" pin=2"/></net>

<net id="193"><net_src comp="66" pin="0"/><net_sink comp="188" pin=0"/></net>

<net id="194"><net_src comp="14" pin="0"/><net_sink comp="188" pin=1"/></net>

<net id="195"><net_src comp="140" pin="2"/><net_sink comp="188" pin=2"/></net>

<net id="201"><net_src comp="66" pin="0"/><net_sink comp="196" pin=0"/></net>

<net id="202"><net_src comp="18" pin="0"/><net_sink comp="196" pin=1"/></net>

<net id="203"><net_src comp="134" pin="2"/><net_sink comp="196" pin=2"/></net>

<net id="209"><net_src comp="66" pin="0"/><net_sink comp="204" pin=0"/></net>

<net id="210"><net_src comp="22" pin="0"/><net_sink comp="204" pin=1"/></net>

<net id="211"><net_src comp="128" pin="2"/><net_sink comp="204" pin=2"/></net>

<net id="217"><net_src comp="66" pin="0"/><net_sink comp="212" pin=0"/></net>

<net id="218"><net_src comp="26" pin="0"/><net_sink comp="212" pin=1"/></net>

<net id="219"><net_src comp="122" pin="2"/><net_sink comp="212" pin=2"/></net>

<net id="225"><net_src comp="66" pin="0"/><net_sink comp="220" pin=0"/></net>

<net id="226"><net_src comp="30" pin="0"/><net_sink comp="220" pin=1"/></net>

<net id="227"><net_src comp="116" pin="2"/><net_sink comp="220" pin=2"/></net>

<net id="233"><net_src comp="66" pin="0"/><net_sink comp="228" pin=0"/></net>

<net id="234"><net_src comp="34" pin="0"/><net_sink comp="228" pin=1"/></net>

<net id="235"><net_src comp="110" pin="2"/><net_sink comp="228" pin=2"/></net>

<net id="241"><net_src comp="66" pin="0"/><net_sink comp="236" pin=0"/></net>

<net id="242"><net_src comp="38" pin="0"/><net_sink comp="236" pin=1"/></net>

<net id="243"><net_src comp="104" pin="2"/><net_sink comp="236" pin=2"/></net>

<net id="249"><net_src comp="66" pin="0"/><net_sink comp="244" pin=0"/></net>

<net id="250"><net_src comp="42" pin="0"/><net_sink comp="244" pin=1"/></net>

<net id="251"><net_src comp="98" pin="2"/><net_sink comp="244" pin=2"/></net>

<net id="257"><net_src comp="66" pin="0"/><net_sink comp="252" pin=0"/></net>

<net id="258"><net_src comp="46" pin="0"/><net_sink comp="252" pin=1"/></net>

<net id="259"><net_src comp="92" pin="2"/><net_sink comp="252" pin=2"/></net>

<net id="265"><net_src comp="66" pin="0"/><net_sink comp="260" pin=0"/></net>

<net id="266"><net_src comp="50" pin="0"/><net_sink comp="260" pin=1"/></net>

<net id="267"><net_src comp="86" pin="2"/><net_sink comp="260" pin=2"/></net>

<net id="273"><net_src comp="66" pin="0"/><net_sink comp="268" pin=0"/></net>

<net id="274"><net_src comp="54" pin="0"/><net_sink comp="268" pin=1"/></net>

<net id="275"><net_src comp="80" pin="2"/><net_sink comp="268" pin=2"/></net>

<net id="281"><net_src comp="66" pin="0"/><net_sink comp="276" pin=0"/></net>

<net id="282"><net_src comp="58" pin="0"/><net_sink comp="276" pin=1"/></net>

<net id="283"><net_src comp="74" pin="2"/><net_sink comp="276" pin=2"/></net>

<net id="289"><net_src comp="66" pin="0"/><net_sink comp="284" pin=0"/></net>

<net id="290"><net_src comp="62" pin="0"/><net_sink comp="284" pin=1"/></net>

<net id="291"><net_src comp="68" pin="2"/><net_sink comp="284" pin=2"/></net>

</net_list>

</model> 
---------------- Datapath Model END ------------------

* FSMD analyzer results:
  - Output states:
	Port: encrypt_0 | {1 }
	Port: encrypt_1 | {1 }
	Port: encrypt_2 | {1 }
	Port: encrypt_3 | {1 }
	Port: encrypt_4 | {1 }
	Port: encrypt_5 | {1 }
	Port: encrypt_6 | {1 }
	Port: encrypt_7 | {1 }
	Port: encrypt_8 | {1 }
	Port: encrypt_9 | {1 }
	Port: encrypt_10 | {1 }
	Port: encrypt_11 | {1 }
	Port: encrypt_12 | {1 }
	Port: encrypt_13 | {1 }
	Port: encrypt_14 | {1 }
	Port: encrypt_15 | {1 }
 - Input state : 
	Port: Cipher_Block_.split196237_proc : p_read | {1 }
	Port: Cipher_Block_.split196237_proc : p_read1 | {1 }
	Port: Cipher_Block_.split196237_proc : p_read2 | {1 }
	Port: Cipher_Block_.split196237_proc : p_read3 | {1 }
	Port: Cipher_Block_.split196237_proc : p_read4 | {1 }
	Port: Cipher_Block_.split196237_proc : p_read5 | {1 }
	Port: Cipher_Block_.split196237_proc : p_read6 | {1 }
	Port: Cipher_Block_.split196237_proc : p_read7 | {1 }
	Port: Cipher_Block_.split196237_proc : p_read8 | {1 }
	Port: Cipher_Block_.split196237_proc : p_read9 | {1 }
	Port: Cipher_Block_.split196237_proc : p_read10 | {1 }
	Port: Cipher_Block_.split196237_proc : p_read11 | {1 }
	Port: Cipher_Block_.split196237_proc : p_read12 | {1 }
	Port: Cipher_Block_.split196237_proc : p_read13 | {1 }
	Port: Cipher_Block_.split196237_proc : p_read14 | {1 }
	Port: Cipher_Block_.split196237_proc : p_read15 | {1 }
  - Chain level:
	State 1


============================================================
+ Verbose Summary: Datapath Resource usage 
============================================================

* Functional unit list:
|----------|--------------------------|
| Operation|      Functional Unit     |
|----------|--------------------------|
|          |   p_read_336_read_fu_68  |
|          |   p_read_337_read_fu_74  |
|          |   p_read1329_read_fu_80  |
|          |   p_read1228_read_fu_86  |
|          |   p_read1127_read_fu_92  |
|          |   p_read1026_read_fu_98  |
|          |   p_read925_read_fu_104  |
|   read   |   p_read824_read_fu_110  |
|          |   p_read723_read_fu_116  |
|          |   p_read622_read_fu_122  |
|          |   p_read521_read_fu_128  |
|          |   p_read420_read_fu_134  |
|          |   p_read319_read_fu_140  |
|          |   p_read218_read_fu_146  |
|          |   p_read117_read_fu_152  |
|          |   p_read16_read_fu_158   |
|----------|--------------------------|
|          | write_ln173_write_fu_164 |
|          | write_ln173_write_fu_172 |
|          | write_ln173_write_fu_180 |
|          | write_ln173_write_fu_188 |
|          | write_ln173_write_fu_196 |
|          | write_ln173_write_fu_204 |
|          | write_ln173_write_fu_212 |
|   write  | write_ln173_write_fu_220 |
|          | write_ln173_write_fu_228 |
|          | write_ln173_write_fu_236 |
|          | write_ln173_write_fu_244 |
|          | write_ln173_write_fu_252 |
|          | write_ln173_write_fu_260 |
|          | write_ln173_write_fu_268 |
|          | write_ln173_write_fu_276 |
|          | write_ln173_write_fu_284 |
|----------|--------------------------|
|   Total  |                          |
|----------|--------------------------|

Memories:
N/A

* Register list:
N/A

* Multiplexer (MUX) list: 
|--------|------|------|------|--------|
|  Comp  |  Pin | Size |  BW  | S x BW |
|--------|------|------|------|--------|
|  Total |      |      |      |    0   |
|--------|------|------|------|--------|



* Summary:
+-----------+
|           |
+-----------+
|  Function |
|   Memory  |
|Multiplexer|
|  Register |
+-----------+
|   Total   |
+-----------+
