

================================================================
== Vitis HLS Report for 'Cipher_Block_split1657_proc'
================================================================
* Date:           Wed Dec 29 21:50:40 2021

* Version:        2020.2 (Build 3064766 on Wed Nov 18 09:12:45 MST 2020)
* Project:        aes
* Solution:       solution1 (Vivado IP Flow Target)
* Product family: zynq
* Target device:  xc7z020-clg400-1


================================================================
== Performance Estimates
================================================================
+ Timing: 
    * Summary: 
    +--------+----------+----------+------------+
    |  Clock |  Target  | Estimated| Uncertainty|
    +--------+----------+----------+------------+
    |ap_clk  |  10.00 ns|      0 ns|     2.70 ns|
    +--------+----------+----------+------------+

+ Latency: 
    * Summary: 
    +---------+---------+----------+----------+-----+-----+---------+
    |  Latency (cycles) |  Latency (absolute) |  Interval | Pipeline|
    |   min   |   max   |    min   |    max   | min | max |   Type  |
    +---------+---------+----------+----------+-----+-----+---------+
    |        0|        0|      0 ns|      0 ns|    0|    0|     none|
    +---------+---------+----------+----------+-----+-----+---------+

    + Detail: 
        * Instance: 
        N/A

        * Loop: 
        N/A



================================================================
== Utilization Estimates
================================================================
* Summary: 
+-----------------+---------+-----+--------+-------+-----+
|       Name      | BRAM_18K| DSP |   FF   |  LUT  | URAM|
+-----------------+---------+-----+--------+-------+-----+
|DSP              |        -|    -|       -|      -|    -|
|Expression       |        -|    -|       0|      2|    -|
|FIFO             |        -|    -|       -|      -|    -|
|Instance         |        -|    -|       -|      -|    -|
|Memory           |        -|    -|       -|      -|    -|
|Multiplexer      |        -|    -|       -|    153|    -|
|Register         |        -|    -|     130|      -|    -|
+-----------------+---------+-----+--------+-------+-----+
|Total            |        0|    0|     130|    155|    0|
+-----------------+---------+-----+--------+-------+-----+
|Available        |      280|  220|  106400|  53200|    0|
+-----------------+---------+-----+--------+-------+-----+
|Utilization (%)  |        0|    0|      ~0|     ~0|    0|
+-----------------+---------+-----+--------+-------+-----+

+ Detail: 
    * Instance: 
    N/A

    * DSP: 
    N/A

    * Memory: 
    N/A

    * FIFO: 
    N/A

    * Expression: 
    +-----------------+----------+----+---+----+------------+------------+
    |  Variable Name  | Operation| DSP| FF| LUT| Bitwidth P0| Bitwidth P1|
    +-----------------+----------+----+---+----+------------+------------+
    |ap_block_state1  |        or|   0|  0|   2|           1|           1|
    +-----------------+----------+----+---+----+------------+------------+
    |Total            |          |   0|  0|   2|           1|           1|
    +-----------------+----------+----+---+----+------------+------------+

    * Multiplexer: 
    +---------+----+-----------+-----+-----------+
    |   Name  | LUT| Input Size| Bits| Total Bits|
    +---------+----+-----------+-----+-----------+
    |ap_done  |   9|          2|    1|          2|
    |out16    |   9|          2|    8|         16|
    |out17    |   9|          2|    8|         16|
    |out18    |   9|          2|    8|         16|
    |out19    |   9|          2|    8|         16|
    |out20    |   9|          2|    8|         16|
    |out21    |   9|          2|    8|         16|
    |out22    |   9|          2|    8|         16|
    |out23    |   9|          2|    8|         16|
    |out24    |   9|          2|    8|         16|
    |out25    |   9|          2|    8|         16|
    |out26    |   9|          2|    8|         16|
    |out27    |   9|          2|    8|         16|
    |out28    |   9|          2|    8|         16|
    |out29    |   9|          2|    8|         16|
    |out30    |   9|          2|    8|         16|
    |out_r    |   9|          2|    8|         16|
    +---------+----+-----------+-----+-----------+
    |Total    | 153|         34|  129|        258|
    +---------+----+-----------+-----+-----------+

    * Register: 
    +-------------+---+----+-----+-----------+
    |     Name    | FF| LUT| Bits| Const Bits|
    +-------------+---+----+-----+-----------+
    |ap_CS_fsm    |  1|   0|    1|          0|
    |ap_done_reg  |  1|   0|    1|          0|
    |out16_preg   |  8|   0|    8|          0|
    |out17_preg   |  8|   0|    8|          0|
    |out18_preg   |  8|   0|    8|          0|
    |out19_preg   |  8|   0|    8|          0|
    |out20_preg   |  8|   0|    8|          0|
    |out21_preg   |  8|   0|    8|          0|
    |out22_preg   |  8|   0|    8|          0|
    |out23_preg   |  8|   0|    8|          0|
    |out24_preg   |  8|   0|    8|          0|
    |out25_preg   |  8|   0|    8|          0|
    |out26_preg   |  8|   0|    8|          0|
    |out27_preg   |  8|   0|    8|          0|
    |out28_preg   |  8|   0|    8|          0|
    |out29_preg   |  8|   0|    8|          0|
    |out30_preg   |  8|   0|    8|          0|
    |out_r_preg   |  8|   0|    8|          0|
    +-------------+---+----+-----+-----------+
    |Total        |130|   0|  130|          0|
    +-------------+---+----+-----+-----------+



================================================================
== Interface
================================================================
* Summary: 
+--------------+-----+-----+------------+------------------------------+--------------+
|   RTL Ports  | Dir | Bits|  Protocol  |         Source Object        |    C Type    |
+--------------+-----+-----+------------+------------------------------+--------------+
|ap_clk        |   in|    1|  ap_ctrl_hs|  Cipher_Block_.split1657_proc|  return value|
|ap_rst        |   in|    1|  ap_ctrl_hs|  Cipher_Block_.split1657_proc|  return value|
|ap_start      |   in|    1|  ap_ctrl_hs|  Cipher_Block_.split1657_proc|  return value|
|ap_done       |  out|    1|  ap_ctrl_hs|  Cipher_Block_.split1657_proc|  return value|
|ap_continue   |   in|    1|  ap_ctrl_hs|  Cipher_Block_.split1657_proc|  return value|
|ap_idle       |  out|    1|  ap_ctrl_hs|  Cipher_Block_.split1657_proc|  return value|
|ap_ready      |  out|    1|  ap_ctrl_hs|  Cipher_Block_.split1657_proc|  return value|
|p_read        |   in|    8|     ap_none|                        p_read|        scalar|
|out_r         |  out|    8|      ap_vld|                         out_r|       pointer|
|out_r_ap_vld  |  out|    1|      ap_vld|                         out_r|       pointer|
|p_read1       |   in|    8|     ap_none|                       p_read1|        scalar|
|out16         |  out|    8|      ap_vld|                         out16|       pointer|
|out16_ap_vld  |  out|    1|      ap_vld|                         out16|       pointer|
|p_read2       |   in|    8|     ap_none|                       p_read2|        scalar|
|out17         |  out|    8|      ap_vld|                         out17|       pointer|
|out17_ap_vld  |  out|    1|      ap_vld|                         out17|       pointer|
|p_read3       |   in|    8|     ap_none|                       p_read3|        scalar|
|out18         |  out|    8|      ap_vld|                         out18|       pointer|
|out18_ap_vld  |  out|    1|      ap_vld|                         out18|       pointer|
|p_read4       |   in|    8|     ap_none|                       p_read4|        scalar|
|out19         |  out|    8|      ap_vld|                         out19|       pointer|
|out19_ap_vld  |  out|    1|      ap_vld|                         out19|       pointer|
|p_read5       |   in|    8|     ap_none|                       p_read5|        scalar|
|out20         |  out|    8|      ap_vld|                         out20|       pointer|
|out20_ap_vld  |  out|    1|      ap_vld|                         out20|       pointer|
|p_read6       |   in|    8|     ap_none|                       p_read6|        scalar|
|out21         |  out|    8|      ap_vld|                         out21|       pointer|
|out21_ap_vld  |  out|    1|      ap_vld|                         out21|       pointer|
|p_read7       |   in|    8|     ap_none|                       p_read7|        scalar|
|out22         |  out|    8|      ap_vld|                         out22|       pointer|
|out22_ap_vld  |  out|    1|      ap_vld|                         out22|       pointer|
|p_read8       |   in|    8|     ap_none|                       p_read8|        scalar|
|out23         |  out|    8|      ap_vld|                         out23|       pointer|
|out23_ap_vld  |  out|    1|      ap_vld|                         out23|       pointer|
|p_read9       |   in|    8|     ap_none|                       p_read9|        scalar|
|out24         |  out|    8|      ap_vld|                         out24|       pointer|
|out24_ap_vld  |  out|    1|      ap_vld|                         out24|       pointer|
|p_read10      |   in|    8|     ap_none|                      p_read10|        scalar|
|out25         |  out|    8|      ap_vld|                         out25|       pointer|
|out25_ap_vld  |  out|    1|      ap_vld|                         out25|       pointer|
|p_read11      |   in|    8|     ap_none|                      p_read11|        scalar|
|out26         |  out|    8|      ap_vld|                         out26|       pointer|
|out26_ap_vld  |  out|    1|      ap_vld|                         out26|       pointer|
|p_read12      |   in|    8|     ap_none|                      p_read12|        scalar|
|out27         |  out|    8|      ap_vld|                         out27|       pointer|
|out27_ap_vld  |  out|    1|      ap_vld|                         out27|       pointer|
|p_read13      |   in|    8|     ap_none|                      p_read13|        scalar|
|out28         |  out|    8|      ap_vld|                         out28|       pointer|
|out28_ap_vld  |  out|    1|      ap_vld|                         out28|       pointer|
|p_read14      |   in|    8|     ap_none|                      p_read14|        scalar|
|out29         |  out|    8|      ap_vld|                         out29|       pointer|
|out29_ap_vld  |  out|    1|      ap_vld|                         out29|       pointer|
|p_read15      |   in|    8|     ap_none|                      p_read15|        scalar|
|out30         |  out|    8|      ap_vld|                         out30|       pointer|
|out30_ap_vld  |  out|    1|      ap_vld|                         out30|       pointer|
+--------------+-----+-----+------------+------------------------------+--------------+

============================================================
+ Verbose Summary: Synthesis Manager
============================================================
InlineROM: 1
ExposeGlobal: 0
============================================================
+ Verbose Summary: CDFG Model
============================================================
IsTopModel: 0
ResetActiveHigh: 1
IsCombinational: 2
IsDatapathOnly: 0
HasWiredReturn: 1
HasMFsm: 0
HasVarLatency: 0
IsPipeline: 0
IsRtlPipelined: 0
IsInstanceOverlapped: 0
IsDontTouch: 0
HasImplIP: 0
IsGatedGlobalClock: 0


============================================================
+ Verbose Summary: Schedule
============================================================
* Number of FSM states : 1
* Pipeline : 0
* Dataflow Pipeline: 0

* FSM state transitions: 
1 --> 

* FSM state operations: 

State 1 <SV = 0> <Delay = 0.00>
ST_1 : Operation 2 [1/1] (0.00ns)   --->   "%p_read_201 = read i8 @_ssdm_op_Read.ap_auto.i8, i8 %p_read15" [AES.cpp:208]   --->   Operation 2 'read' 'p_read_201' <Predicate = true> <Delay = 0.00>
ST_1 : Operation 3 [1/1] (0.00ns)   --->   "%p_read_202 = read i8 @_ssdm_op_Read.ap_auto.i8, i8 %p_read14" [AES.cpp:208]   --->   Operation 3 'read' 'p_read_202' <Predicate = true> <Delay = 0.00>
ST_1 : Operation 4 [1/1] (0.00ns)   --->   "%p_read_203 = read i8 @_ssdm_op_Read.ap_auto.i8, i8 %p_read13" [AES.cpp:208]   --->   Operation 4 'read' 'p_read_203' <Predicate = true> <Delay = 0.00>
ST_1 : Operation 5 [1/1] (0.00ns)   --->   "%p_read_204 = read i8 @_ssdm_op_Read.ap_auto.i8, i8 %p_read12" [AES.cpp:208]   --->   Operation 5 'read' 'p_read_204' <Predicate = true> <Delay = 0.00>
ST_1 : Operation 6 [1/1] (0.00ns)   --->   "%p_read1127 = read i8 @_ssdm_op_Read.ap_auto.i8, i8 %p_read11" [AES.cpp:208]   --->   Operation 6 'read' 'p_read1127' <Predicate = true> <Delay = 0.00>
ST_1 : Operation 7 [1/1] (0.00ns)   --->   "%p_read1026 = read i8 @_ssdm_op_Read.ap_auto.i8, i8 %p_read10" [AES.cpp:208]   --->   Operation 7 'read' 'p_read1026' <Predicate = true> <Delay = 0.00>
ST_1 : Operation 8 [1/1] (0.00ns)   --->   "%p_read925 = read i8 @_ssdm_op_Read.ap_auto.i8, i8 %p_read9" [AES.cpp:208]   --->   Operation 8 'read' 'p_read925' <Predicate = true> <Delay = 0.00>
ST_1 : Operation 9 [1/1] (0.00ns)   --->   "%p_read824 = read i8 @_ssdm_op_Read.ap_auto.i8, i8 %p_read8" [AES.cpp:208]   --->   Operation 9 'read' 'p_read824' <Predicate = true> <Delay = 0.00>
ST_1 : Operation 10 [1/1] (0.00ns)   --->   "%p_read723 = read i8 @_ssdm_op_Read.ap_auto.i8, i8 %p_read7" [AES.cpp:208]   --->   Operation 10 'read' 'p_read723' <Predicate = true> <Delay = 0.00>
ST_1 : Operation 11 [1/1] (0.00ns)   --->   "%p_read622 = read i8 @_ssdm_op_Read.ap_auto.i8, i8 %p_read6" [AES.cpp:208]   --->   Operation 11 'read' 'p_read622' <Predicate = true> <Delay = 0.00>
ST_1 : Operation 12 [1/1] (0.00ns)   --->   "%p_read521 = read i8 @_ssdm_op_Read.ap_auto.i8, i8 %p_read5" [AES.cpp:208]   --->   Operation 12 'read' 'p_read521' <Predicate = true> <Delay = 0.00>
ST_1 : Operation 13 [1/1] (0.00ns)   --->   "%p_read420 = read i8 @_ssdm_op_Read.ap_auto.i8, i8 %p_read4" [AES.cpp:208]   --->   Operation 13 'read' 'p_read420' <Predicate = true> <Delay = 0.00>
ST_1 : Operation 14 [1/1] (0.00ns)   --->   "%p_read319 = read i8 @_ssdm_op_Read.ap_auto.i8, i8 %p_read3" [AES.cpp:208]   --->   Operation 14 'read' 'p_read319' <Predicate = true> <Delay = 0.00>
ST_1 : Operation 15 [1/1] (0.00ns)   --->   "%p_read218 = read i8 @_ssdm_op_Read.ap_auto.i8, i8 %p_read2" [AES.cpp:208]   --->   Operation 15 'read' 'p_read218' <Predicate = true> <Delay = 0.00>
ST_1 : Operation 16 [1/1] (0.00ns)   --->   "%p_read117 = read i8 @_ssdm_op_Read.ap_auto.i8, i8 %p_read1" [AES.cpp:208]   --->   Operation 16 'read' 'p_read117' <Predicate = true> <Delay = 0.00>
ST_1 : Operation 17 [1/1] (0.00ns)   --->   "%p_read16 = read i8 @_ssdm_op_Read.ap_auto.i8, i8 %p_read" [AES.cpp:208]   --->   Operation 17 'read' 'p_read16' <Predicate = true> <Delay = 0.00>
ST_1 : Operation 18 [1/1] (0.00ns)   --->   "%write_ln208 = write void @_ssdm_op_Write.ap_auto.i8P0A, i8 %out_r, i8 %p_read16" [AES.cpp:208]   --->   Operation 18 'write' 'write_ln208' <Predicate = true> <Delay = 0.00>
ST_1 : Operation 19 [1/1] (0.00ns)   --->   "%write_ln208 = write void @_ssdm_op_Write.ap_auto.i8P0A, i8 %out16, i8 %p_read117" [AES.cpp:208]   --->   Operation 19 'write' 'write_ln208' <Predicate = true> <Delay = 0.00>
ST_1 : Operation 20 [1/1] (0.00ns)   --->   "%write_ln208 = write void @_ssdm_op_Write.ap_auto.i8P0A, i8 %out17, i8 %p_read218" [AES.cpp:208]   --->   Operation 20 'write' 'write_ln208' <Predicate = true> <Delay = 0.00>
ST_1 : Operation 21 [1/1] (0.00ns)   --->   "%write_ln208 = write void @_ssdm_op_Write.ap_auto.i8P0A, i8 %out18, i8 %p_read319" [AES.cpp:208]   --->   Operation 21 'write' 'write_ln208' <Predicate = true> <Delay = 0.00>
ST_1 : Operation 22 [1/1] (0.00ns)   --->   "%write_ln208 = write void @_ssdm_op_Write.ap_auto.i8P0A, i8 %out19, i8 %p_read420" [AES.cpp:208]   --->   Operation 22 'write' 'write_ln208' <Predicate = true> <Delay = 0.00>
ST_1 : Operation 23 [1/1] (0.00ns)   --->   "%write_ln208 = write void @_ssdm_op_Write.ap_auto.i8P0A, i8 %out20, i8 %p_read521" [AES.cpp:208]   --->   Operation 23 'write' 'write_ln208' <Predicate = true> <Delay = 0.00>
ST_1 : Operation 24 [1/1] (0.00ns)   --->   "%write_ln208 = write void @_ssdm_op_Write.ap_auto.i8P0A, i8 %out21, i8 %p_read622" [AES.cpp:208]   --->   Operation 24 'write' 'write_ln208' <Predicate = true> <Delay = 0.00>
ST_1 : Operation 25 [1/1] (0.00ns)   --->   "%write_ln208 = write void @_ssdm_op_Write.ap_auto.i8P0A, i8 %out22, i8 %p_read723" [AES.cpp:208]   --->   Operation 25 'write' 'write_ln208' <Predicate = true> <Delay = 0.00>
ST_1 : Operation 26 [1/1] (0.00ns)   --->   "%write_ln208 = write void @_ssdm_op_Write.ap_auto.i8P0A, i8 %out23, i8 %p_read824" [AES.cpp:208]   --->   Operation 26 'write' 'write_ln208' <Predicate = true> <Delay = 0.00>
ST_1 : Operation 27 [1/1] (0.00ns)   --->   "%write_ln208 = write void @_ssdm_op_Write.ap_auto.i8P0A, i8 %out24, i8 %p_read925" [AES.cpp:208]   --->   Operation 27 'write' 'write_ln208' <Predicate = true> <Delay = 0.00>
ST_1 : Operation 28 [1/1] (0.00ns)   --->   "%write_ln208 = write void @_ssdm_op_Write.ap_auto.i8P0A, i8 %out25, i8 %p_read1026" [AES.cpp:208]   --->   Operation 28 'write' 'write_ln208' <Predicate = true> <Delay = 0.00>
ST_1 : Operation 29 [1/1] (0.00ns)   --->   "%write_ln208 = write void @_ssdm_op_Write.ap_auto.i8P0A, i8 %out26, i8 %p_read1127" [AES.cpp:208]   --->   Operation 29 'write' 'write_ln208' <Predicate = true> <Delay = 0.00>
ST_1 : Operation 30 [1/1] (0.00ns)   --->   "%write_ln208 = write void @_ssdm_op_Write.ap_auto.i8P0A, i8 %out27, i8 %p_read_204" [AES.cpp:208]   --->   Operation 30 'write' 'write_ln208' <Predicate = true> <Delay = 0.00>
ST_1 : Operation 31 [1/1] (0.00ns)   --->   "%write_ln208 = write void @_ssdm_op_Write.ap_auto.i8P0A, i8 %out28, i8 %p_read_203" [AES.cpp:208]   --->   Operation 31 'write' 'write_ln208' <Predicate = true> <Delay = 0.00>
ST_1 : Operation 32 [1/1] (0.00ns)   --->   "%write_ln208 = write void @_ssdm_op_Write.ap_auto.i8P0A, i8 %out29, i8 %p_read_202" [AES.cpp:208]   --->   Operation 32 'write' 'write_ln208' <Predicate = true> <Delay = 0.00>
ST_1 : Operation 33 [1/1] (0.00ns)   --->   "%write_ln208 = write void @_ssdm_op_Write.ap_auto.i8P0A, i8 %out30, i8 %p_read_201" [AES.cpp:208]   --->   Operation 33 'write' 'write_ln208' <Predicate = true> <Delay = 0.00>
ST_1 : Operation 34 [1/1] (0.00ns)   --->   "%ret_ln0 = ret"   --->   Operation 34 'ret' 'ret_ln0' <Predicate = true> <Delay = 0.00>


============================================================
+ Verbose Summary: Binding
============================================================
STG Binding: 
---------------- STG Properties BEGIN ----------------
- Is combinational: 0
- Is one-state seq: 1
- Is datapath-only: 0
- Is pipelined: 0
- Is top level: 0
Port [ Return ] is wired: 1; IO mode=ap_ctrl_hs:ce=0
Port [ p_read]:  wired=1; compound=0; hidden=0; nouse=0; global=0; static=0; extern=0; dir=0; type=0; pingpong=0; private_global=0; IO mode=ap_none:ce=0
Port [ out_r]:  wired=1; compound=0; hidden=0; nouse=0; global=0; static=0; extern=0; dir=1; type=0; pingpong=0; private_global=0; IO mode=ap_vld:ce=0
Port [ p_read1]:  wired=1; compound=0; hidden=0; nouse=0; global=0; static=0; extern=0; dir=0; type=0; pingpong=0; private_global=0; IO mode=ap_none:ce=0
Port [ out16]:  wired=1; compound=0; hidden=0; nouse=0; global=0; static=0; extern=0; dir=1; type=0; pingpong=0; private_global=0; IO mode=ap_vld:ce=0
Port [ p_read2]:  wired=1; compound=0; hidden=0; nouse=0; global=0; static=0; extern=0; dir=0; type=0; pingpong=0; private_global=0; IO mode=ap_none:ce=0
Port [ out17]:  wired=1; compound=0; hidden=0; nouse=0; global=0; static=0; extern=0; dir=1; type=0; pingpong=0; private_global=0; IO mode=ap_vld:ce=0
Port [ p_read3]:  wired=1; compound=0; hidden=0; nouse=0; global=0; static=0; extern=0; dir=0; type=0; pingpong=0; private_global=0; IO mode=ap_none:ce=0
Port [ out18]:  wired=1; compound=0; hidden=0; nouse=0; global=0; static=0; extern=0; dir=1; type=0; pingpong=0; private_global=0; IO mode=ap_vld:ce=0
Port [ p_read4]:  wired=1; compound=0; hidden=0; nouse=0; global=0; static=0; extern=0; dir=0; type=0; pingpong=0; private_global=0; IO mode=ap_none:ce=0
Port [ out19]:  wired=1; compound=0; hidden=0; nouse=0; global=0; static=0; extern=0; dir=1; type=0; pingpong=0; private_global=0; IO mode=ap_vld:ce=0
Port [ p_read5]:  wired=1; compound=0; hidden=0; nouse=0; global=0; static=0; extern=0; dir=0; type=0; pingpong=0; private_global=0; IO mode=ap_none:ce=0
Port [ out20]:  wired=1; compound=0; hidden=0; nouse=0; global=0; static=0; extern=0; dir=1; type=0; pingpong=0; private_global=0; IO mode=ap_vld:ce=0
Port [ p_read6]:  wired=1; compound=0; hidden=0; nouse=0; global=0; static=0; extern=0; dir=0; type=0; pingpong=0; private_global=0; IO mode=ap_none:ce=0
Port [ out21]:  wired=1; compound=0; hidden=0; nouse=0; global=0; static=0; extern=0; dir=1; type=0; pingpong=0; private_global=0; IO mode=ap_vld:ce=0
Port [ p_read7]:  wired=1; compound=0; hidden=0; nouse=0; global=0; static=0; extern=0; dir=0; type=0; pingpong=0; private_global=0; IO mode=ap_none:ce=0
Port [ out22]:  wired=1; compound=0; hidden=0; nouse=0; global=0; static=0; extern=0; dir=1; type=0; pingpong=0; private_global=0; IO mode=ap_vld:ce=0
Port [ p_read8]:  wired=1; compound=0; hidden=0; nouse=0; global=0; static=0; extern=0; dir=0; type=0; pingpong=0; private_global=0; IO mode=ap_none:ce=0
Port [ out23]:  wired=1; compound=0; hidden=0; nouse=0; global=0; static=0; extern=0; dir=1; type=0; pingpong=0; private_global=0; IO mode=ap_vld:ce=0
Port [ p_read9]:  wired=1; compound=0; hidden=0; nouse=0; global=0; static=0; extern=0; dir=0; type=0; pingpong=0; private_global=0; IO mode=ap_none:ce=0
Port [ out24]:  wired=1; compound=0; hidden=0; nouse=0; global=0; static=0; extern=0; dir=1; type=0; pingpong=0; private_global=0; IO mode=ap_vld:ce=0
Port [ p_read10]:  wired=1; compound=0; hidden=0; nouse=0; global=0; static=0; extern=0; dir=0; type=0; pingpong=0; private_global=0; IO mode=ap_none:ce=0
Port [ out25]:  wired=1; compound=0; hidden=0; nouse=0; global=0; static=0; extern=0; dir=1; type=0; pingpong=0; private_global=0; IO mode=ap_vld:ce=0
Port [ p_read11]:  wired=1; compound=0; hidden=0; nouse=0; global=0; static=0; extern=0; dir=0; type=0; pingpong=0; private_global=0; IO mode=ap_none:ce=0
Port [ out26]:  wired=1; compound=0; hidden=0; nouse=0; global=0; static=0; extern=0; dir=1; type=0; pingpong=0; private_global=0; IO mode=ap_vld:ce=0
Port [ p_read12]:  wired=1; compound=0; hidden=0; nouse=0; global=0; static=0; extern=0; dir=0; type=0; pingpong=0; private_global=0; IO mode=ap_none:ce=0
Port [ out27]:  wired=1; compound=0; hidden=0; nouse=0; global=0; static=0; extern=0; dir=1; type=0; pingpong=0; private_global=0; IO mode=ap_vld:ce=0
Port [ p_read13]:  wired=1; compound=0; hidden=0; nouse=0; global=0; static=0; extern=0; dir=0; type=0; pingpong=0; private_global=0; IO mode=ap_none:ce=0
Port [ out28]:  wired=1; compound=0; hidden=0; nouse=0; global=0; static=0; extern=0; dir=1; type=0; pingpong=0; private_global=0; IO mode=ap_vld:ce=0
Port [ p_read14]:  wired=1; compound=0; hidden=0; nouse=0; global=0; static=0; extern=0; dir=0; type=0; pingpong=0; private_global=0; IO mode=ap_none:ce=0
Port [ out29]:  wired=1; compound=0; hidden=0; nouse=0; global=0; static=0; extern=0; dir=1; type=0; pingpong=0; private_global=0; IO mode=ap_vld:ce=0
Port [ p_read15]:  wired=1; compound=0; hidden=0; nouse=0; global=0; static=0; extern=0; dir=0; type=0; pingpong=0; private_global=0; IO mode=ap_none:ce=0
Port [ out30]:  wired=1; compound=0; hidden=0; nouse=0; global=0; static=0; extern=0; dir=1; type=0; pingpong=0; private_global=0; IO mode=ap_vld:ce=0
---------------- STG Properties END ------------------

---------------- Datapath Model BEGIN ----------------

<LifeTime>
<method=bitvector/>
p_read_201  (read ) [ 00]
p_read_202  (read ) [ 00]
p_read_203  (read ) [ 00]
p_read_204  (read ) [ 00]
p_read1127  (read ) [ 00]
p_read1026  (read ) [ 00]
p_read925   (read ) [ 00]
p_read824   (read ) [ 00]
p_read723   (read ) [ 00]
p_read622   (read ) [ 00]
p_read521   (read ) [ 00]
p_read420   (read ) [ 00]
p_read319   (read ) [ 00]
p_read218   (read ) [ 00]
p_read117   (read ) [ 00]
p_read16    (read ) [ 00]
write_ln208 (write) [ 00]
write_ln208 (write) [ 00]
write_ln208 (write) [ 00]
write_ln208 (write) [ 00]
write_ln208 (write) [ 00]
write_ln208 (write) [ 00]
write_ln208 (write) [ 00]
write_ln208 (write) [ 00]
write_ln208 (write) [ 00]
write_ln208 (write) [ 00]
write_ln208 (write) [ 00]
write_ln208 (write) [ 00]
write_ln208 (write) [ 00]
write_ln208 (write) [ 00]
write_ln208 (write) [ 00]
write_ln208 (write) [ 00]
ret_ln0     (ret  ) [ 00]
</LifeTime>

<model>

<comp_list>
<comp id="0" class="1000" name="p_read">
<pin_list>
<pin id="1" dir="1" index="0" bw="1" slack="0"/>
</pin_list>
<bind>
<StgValue><ssdm name="p_read"/></StgValue>
</bind>
</comp>

<comp id="2" class="1000" name="out_r">
<pin_list>
<pin id="3" dir="1" index="0" bw="1" slack="0"/>
</pin_list>
<bind>
<StgValue><ssdm name="out_r"/></StgValue>
</bind>
</comp>

<comp id="4" class="1000" name="p_read1">
<pin_list>
<pin id="5" dir="1" index="0" bw="1" slack="0"/>
</pin_list>
<bind>
<StgValue><ssdm name="p_read1"/></StgValue>
</bind>
</comp>

<comp id="6" class="1000" name="out16">
<pin_list>
<pin id="7" dir="1" index="0" bw="1" slack="0"/>
</pin_list>
<bind>
<StgValue><ssdm name="out16"/></StgValue>
</bind>
</comp>

<comp id="8" class="1000" name="p_read2">
<pin_list>
<pin id="9" dir="1" index="0" bw="1" slack="0"/>
</pin_list>
<bind>
<StgValue><ssdm name="p_read2"/></StgValue>
</bind>
</comp>

<comp id="10" class="1000" name="out17">
<pin_list>
<pin id="11" dir="1" index="0" bw="1" slack="0"/>
</pin_list>
<bind>
<StgValue><ssdm name="out17"/></StgValue>
</bind>
</comp>

<comp id="12" class="1000" name="p_read3">
<pin_list>
<pin id="13" dir="1" index="0" bw="1" slack="0"/>
</pin_list>
<bind>
<StgValue><ssdm name="p_read3"/></StgValue>
</bind>
</comp>

<comp id="14" class="1000" name="out18">
<pin_list>
<pin id="15" dir="1" index="0" bw="1" slack="0"/>
</pin_list>
<bind>
<StgValue><ssdm name="out18"/></StgValue>
</bind>
</comp>

<comp id="16" class="1000" name="p_read4">
<pin_list>
<pin id="17" dir="1" index="0" bw="1" slack="0"/>
</pin_list>
<bind>
<StgValue><ssdm name="p_read4"/></StgValue>
</bind>
</comp>

<comp id="18" class="1000" name="out19">
<pin_list>
<pin id="19" dir="1" index="0" bw="1" slack="0"/>
</pin_list>
<bind>
<StgValue><ssdm name="out19"/></StgValue>
</bind>
</comp>

<comp id="20" class="1000" name="p_read5">
<pin_list>
<pin id="21" dir="1" index="0" bw="1" slack="0"/>
</pin_list>
<bind>
<StgValue><ssdm name="p_read5"/></StgValue>
</bind>
</comp>

<comp id="22" class="1000" name="out20">
<pin_list>
<pin id="23" dir="1" index="0" bw="1" slack="0"/>
</pin_list>
<bind>
<StgValue><ssdm name="out20"/></StgValue>
</bind>
</comp>

<comp id="24" class="1000" name="p_read6">
<pin_list>
<pin id="25" dir="1" index="0" bw="1" slack="0"/>
</pin_list>
<bind>
<StgValue><ssdm name="p_read6"/></StgValue>
</bind>
</comp>

<comp id="26" class="1000" name="out21">
<pin_list>
<pin id="27" dir="1" index="0" bw="1" slack="0"/>
</pin_list>
<bind>
<StgValue><ssdm name="out21"/></StgValue>
</bind>
</comp>

<comp id="28" class="1000" name="p_read7">
<pin_list>
<pin id="29" dir="1" index="0" bw="1" slack="0"/>
</pin_list>
<bind>
<StgValue><ssdm name="p_read7"/></StgValue>
</bind>
</comp>

<comp id="30" class="1000" name="out22">
<pin_list>
<pin id="31" dir="1" index="0" bw="1" slack="0"/>
</pin_list>
<bind>
<StgValue><ssdm name="out22"/></StgValue>
</bind>
</comp>

<comp id="32" class="1000" name="p_read8">
<pin_list>
<pin id="33" dir="1" index="0" bw="1" slack="0"/>
</pin_list>
<bind>
<StgValue><ssdm name="p_read8"/></StgValue>
</bind>
</comp>

<comp id="34" class="1000" name="out23">
<pin_list>
<pin id="35" dir="1" index="0" bw="1" slack="0"/>
</pin_list>
<bind>
<StgValue><ssdm name="out23"/></StgValue>
</bind>
</comp>

<comp id="36" class="1000" name="p_read9">
<pin_list>
<pin id="37" dir="1" index="0" bw="1" slack="0"/>
</pin_list>
<bind>
<StgValue><ssdm name="p_read9"/></StgValue>
</bind>
</comp>

<comp id="38" class="1000" name="out24">
<pin_list>
<pin id="39" dir="1" index="0" bw="1" slack="0"/>
</pin_list>
<bind>
<StgValue><ssdm name="out24"/></StgValue>
</bind>
</comp>

<comp id="40" class="1000" name="p_read10">
<pin_list>
<pin id="41" dir="1" index="0" bw="1" slack="0"/>
</pin_list>
<bind>
<StgValue><ssdm name="p_read10"/></StgValue>
</bind>
</comp>

<comp id="42" class="1000" name="out25">
<pin_list>
<pin id="43" dir="1" index="0" bw="1" slack="0"/>
</pin_list>
<bind>
<StgValue><ssdm name="out25"/></StgValue>
</bind>
</comp>

<comp id="44" class="1000" name="p_read11">
<pin_list>
<pin id="45" dir="1" index="0" bw="1" slack="0"/>
</pin_list>
<bind>
<StgValue><ssdm name="p_read11"/></StgValue>
</bind>
</comp>

<comp id="46" class="1000" name="out26">
<pin_list>
<pin id="47" dir="1" index="0" bw="1" slack="0"/>
</pin_list>
<bind>
<StgValue><ssdm name="out26"/></StgValue>
</bind>
</comp>

<comp id="48" class="1000" name="p_read12">
<pin_list>
<pin id="49" dir="1" index="0" bw="1" slack="0"/>
</pin_list>
<bind>
<StgValue><ssdm name="p_read12"/></StgValue>
</bind>
</comp>

<comp id="50" class="1000" name="out27">
<pin_list>
<pin id="51" dir="1" index="0" bw="1" slack="0"/>
</pin_list>
<bind>
<StgValue><ssdm name="out27"/></StgValue>
</bind>
</comp>

<comp id="52" class="1000" name="p_read13">
<pin_list>
<pin id="53" dir="1" index="0" bw="1" slack="0"/>
</pin_list>
<bind>
<StgValue><ssdm name="p_read13"/></StgValue>
</bind>
</comp>

<comp id="54" class="1000" name="out28">
<pin_list>
<pin id="55" dir="1" index="0" bw="1" slack="0"/>
</pin_list>
<bind>
<StgValue><ssdm name="out28"/></StgValue>
</bind>
</comp>

<comp id="56" class="1000" name="p_read14">
<pin_list>
<pin id="57" dir="1" index="0" bw="1" slack="0"/>
</pin_list>
<bind>
<StgValue><ssdm name="p_read14"/></StgValue>
</bind>
</comp>

<comp id="58" class="1000" name="out29">
<pin_list>
<pin id="59" dir="1" index="0" bw="1" slack="0"/>
</pin_list>
<bind>
<StgValue><ssdm name="out29"/></StgValue>
</bind>
</comp>

<comp id="60" class="1000" name="p_read15">
<pin_list>
<pin id="61" dir="1" index="0" bw="1" slack="0"/>
</pin_list>
<bind>
<StgValue><ssdm name="p_read15"/></StgValue>
</bind>
</comp>

<comp id="62" class="1000" name="out30">
<pin_list>
<pin id="63" dir="1" index="0" bw="1" slack="0"/>
</pin_list>
<bind>
<StgValue><ssdm name="out30"/></StgValue>
</bind>
</comp>

<comp id="64" class="1001" name="const_64">
<pin_list>
<pin id="65" dir="1" index="0" bw="1" slack="0"/>
</pin_list>
<bind>
<StgValue><ssdm name="_ssdm_op_Read.ap_auto.i8"/></StgValue>
</bind>
</comp>

<comp id="66" class="1001" name="const_66">
<pin_list>
<pin id="67" dir="1" index="0" bw="1" slack="0"/>
</pin_list>
<bind>
<StgValue><ssdm name="_ssdm_op_Write.ap_auto.i8P0A"/></StgValue>
</bind>
</comp>

<comp id="68" class="1004" name="p_read_201_read_fu_68">
<pin_list>
<pin id="69" dir="0" index="0" bw="8" slack="0"/>
<pin id="70" dir="0" index="1" bw="8" slack="0"/>
<pin id="71" dir="1" index="2" bw="8" slack="0"/>
</pin_list>
<bind>
<opcode="read(1150) " fcode="read"/>
<opset="p_read_201/1 "/>
</bind>
</comp>

<comp id="74" class="1004" name="p_read_202_read_fu_74">
<pin_list>
<pin id="75" dir="0" index="0" bw="8" slack="0"/>
<pin id="76" dir="0" index="1" bw="8" slack="0"/>
<pin id="77" dir="1" index="2" bw="8" slack="0"/>
</pin_list>
<bind>
<opcode="read(1150) " fcode="read"/>
<opset="p_read_202/1 "/>
</bind>
</comp>

<comp id="80" class="1004" name="p_read_203_read_fu_80">
<pin_list>
<pin id="81" dir="0" index="0" bw="8" slack="0"/>
<pin id="82" dir="0" index="1" bw="8" slack="0"/>
<pin id="83" dir="1" index="2" bw="8" slack="0"/>
</pin_list>
<bind>
<opcode="read(1150) " fcode="read"/>
<opset="p_read_203/1 "/>
</bind>
</comp>

<comp id="86" class="1004" name="p_read_204_read_fu_86">
<pin_list>
<pin id="87" dir="0" index="0" bw="8" slack="0"/>
<pin id="88" dir="0" index="1" bw="8" slack="0"/>
<pin id="89" dir="1" index="2" bw="8" slack="0"/>
</pin_list>
<bind>
<opcode="read(1150) " fcode="read"/>
<opset="p_read_204/1 "/>
</bind>
</comp>

<comp id="92" class="1004" name="p_read1127_read_fu_92">
<pin_list>
<pin id="93" dir="0" index="0" bw="8" slack="0"/>
<pin id="94" dir="0" index="1" bw="8" slack="0"/>
<pin id="95" dir="1" index="2" bw="8" slack="0"/>
</pin_list>
<bind>
<opcode="read(1150) " fcode="read"/>
<opset="p_read1127/1 "/>
</bind>
</comp>

<comp id="98" class="1004" name="p_read1026_read_fu_98">
<pin_list>
<pin id="99" dir="0" index="0" bw="8" slack="0"/>
<pin id="100" dir="0" index="1" bw="8" slack="0"/>
<pin id="101" dir="1" index="2" bw="8" slack="0"/>
</pin_list>
<bind>
<opcode="read(1150) " fcode="read"/>
<opset="p_read1026/1 "/>
</bind>
</comp>

<comp id="104" class="1004" name="p_read925_read_fu_104">
<pin_list>
<pin id="105" dir="0" index="0" bw="8" slack="0"/>
<pin id="106" dir="0" index="1" bw="8" slack="0"/>
<pin id="107" dir="1" index="2" bw="8" slack="0"/>
</pin_list>
<bind>
<opcode="read(1150) " fcode="read"/>
<opset="p_read925/1 "/>
</bind>
</comp>

<comp id="110" class="1004" name="p_read824_read_fu_110">
<pin_list>
<pin id="111" dir="0" index="0" bw="8" slack="0"/>
<pin id="112" dir="0" index="1" bw="8" slack="0"/>
<pin id="113" dir="1" index="2" bw="8" slack="0"/>
</pin_list>
<bind>
<opcode="read(1150) " fcode="read"/>
<opset="p_read824/1 "/>
</bind>
</comp>

<comp id="116" class="1004" name="p_read723_read_fu_116">
<pin_list>
<pin id="117" dir="0" index="0" bw="8" slack="0"/>
<pin id="118" dir="0" index="1" bw="8" slack="0"/>
<pin id="119" dir="1" index="2" bw="8" slack="0"/>
</pin_list>
<bind>
<opcode="read(1150) " fcode="read"/>
<opset="p_read723/1 "/>
</bind>
</comp>

<comp id="122" class="1004" name="p_read622_read_fu_122">
<pin_list>
<pin id="123" dir="0" index="0" bw="8" slack="0"/>
<pin id="124" dir="0" index="1" bw="8" slack="0"/>
<pin id="125" dir="1" index="2" bw="8" slack="0"/>
</pin_list>
<bind>
<opcode="read(1150) " fcode="read"/>
<opset="p_read622/1 "/>
</bind>
</comp>

<comp id="128" class="1004" name="p_read521_read_fu_128">
<pin_list>
<pin id="129" dir="0" index="0" bw="8" slack="0"/>
<pin id="130" dir="0" index="1" bw="8" slack="0"/>
<pin id="131" dir="1" index="2" bw="8" slack="0"/>
</pin_list>
<bind>
<opcode="read(1150) " fcode="read"/>
<opset="p_read521/1 "/>
</bind>
</comp>

<comp id="134" class="1004" name="p_read420_read_fu_134">
<pin_list>
<pin id="135" dir="0" index="0" bw="8" slack="0"/>
<pin id="136" dir="0" index="1" bw="8" slack="0"/>
<pin id="137" dir="1" index="2" bw="8" slack="0"/>
</pin_list>
<bind>
<opcode="read(1150) " fcode="read"/>
<opset="p_read420/1 "/>
</bind>
</comp>

<comp id="140" class="1004" name="p_read319_read_fu_140">
<pin_list>
<pin id="141" dir="0" index="0" bw="8" slack="0"/>
<pin id="142" dir="0" index="1" bw="8" slack="0"/>
<pin id="143" dir="1" index="2" bw="8" slack="0"/>
</pin_list>
<bind>
<opcode="read(1150) " fcode="read"/>
<opset="p_read319/1 "/>
</bind>
</comp>

<comp id="146" class="1004" name="p_read218_read_fu_146">
<pin_list>
<pin id="147" dir="0" index="0" bw="8" slack="0"/>
<pin id="148" dir="0" index="1" bw="8" slack="0"/>
<pin id="149" dir="1" index="2" bw="8" slack="0"/>
</pin_list>
<bind>
<opcode="read(1150) " fcode="read"/>
<opset="p_read218/1 "/>
</bind>
</comp>

<comp id="152" class="1004" name="p_read117_read_fu_152">
<pin_list>
<pin id="153" dir="0" index="0" bw="8" slack="0"/>
<pin id="154" dir="0" index="1" bw="8" slack="0"/>
<pin id="155" dir="1" index="2" bw="8" slack="0"/>
</pin_list>
<bind>
<opcode="read(1150) " fcode="read"/>
<opset="p_read117/1 "/>
</bind>
</comp>

<comp id="158" class="1004" name="p_read16_read_fu_158">
<pin_list>
<pin id="159" dir="0" index="0" bw="8" slack="0"/>
<pin id="160" dir="0" index="1" bw="8" slack="0"/>
<pin id="161" dir="1" index="2" bw="8" slack="0"/>
</pin_list>
<bind>
<opcode="read(1150) " fcode="read"/>
<opset="p_read16/1 "/>
</bind>
</comp>

<comp id="164" class="1004" name="write_ln208_write_fu_164">
<pin_list>
<pin id="165" dir="0" index="0" bw="0" slack="0"/>
<pin id="166" dir="0" index="1" bw="8" slack="0"/>
<pin id="167" dir="0" index="2" bw="8" slack="0"/>
<pin id="168" dir="1" index="3" bw="0" slack="2147483647"/>
</pin_list>
<bind>
<opcode="write(1151) " fcode="write"/>
<opset="write_ln208/1 "/>
</bind>
</comp>

<comp id="172" class="1004" name="write_ln208_write_fu_172">
<pin_list>
<pin id="173" dir="0" index="0" bw="0" slack="0"/>
<pin id="174" dir="0" index="1" bw="8" slack="0"/>
<pin id="175" dir="0" index="2" bw="8" slack="0"/>
<pin id="176" dir="1" index="3" bw="0" slack="2147483647"/>
</pin_list>
<bind>
<opcode="write(1151) " fcode="write"/>
<opset="write_ln208/1 "/>
</bind>
</comp>

<comp id="180" class="1004" name="write_ln208_write_fu_180">
<pin_list>
<pin id="181" dir="0" index="0" bw="0" slack="0"/>
<pin id="182" dir="0" index="1" bw="8" slack="0"/>
<pin id="183" dir="0" index="2" bw="8" slack="0"/>
<pin id="184" dir="1" index="3" bw="0" slack="2147483647"/>
</pin_list>
<bind>
<opcode="write(1151) " fcode="write"/>
<opset="write_ln208/1 "/>
</bind>
</comp>

<comp id="188" class="1004" name="write_ln208_write_fu_188">
<pin_list>
<pin id="189" dir="0" index="0" bw="0" slack="0"/>
<pin id="190" dir="0" index="1" bw="8" slack="0"/>
<pin id="191" dir="0" index="2" bw="8" slack="0"/>
<pin id="192" dir="1" index="3" bw="0" slack="2147483647"/>
</pin_list>
<bind>
<opcode="write(1151) " fcode="write"/>
<opset="write_ln208/1 "/>
</bind>
</comp>

<comp id="196" class="1004" name="write_ln208_write_fu_196">
<pin_list>
<pin id="197" dir="0" index="0" bw="0" slack="0"/>
<pin id="198" dir="0" index="1" bw="8" slack="0"/>
<pin id="199" dir="0" index="2" bw="8" slack="0"/>
<pin id="200" dir="1" index="3" bw="0" slack="2147483647"/>
</pin_list>
<bind>
<opcode="write(1151) " fcode="write"/>
<opset="write_ln208/1 "/>
</bind>
</comp>

<comp id="204" class="1004" name="write_ln208_write_fu_204">
<pin_list>
<pin id="205" dir="0" index="0" bw="0" slack="0"/>
<pin id="206" dir="0" index="1" bw="8" slack="0"/>
<pin id="207" dir="0" index="2" bw="8" slack="0"/>
<pin id="208" dir="1" index="3" bw="0" slack="2147483647"/>
</pin_list>
<bind>
<opcode="write(1151) " fcode="write"/>
<opset="write_ln208/1 "/>
</bind>
</comp>

<comp id="212" class="1004" name="write_ln208_write_fu_212">
<pin_list>
<pin id="213" dir="0" index="0" bw="0" slack="0"/>
<pin id="214" dir="0" index="1" bw="8" slack="0"/>
<pin id="215" dir="0" index="2" bw="8" slack="0"/>
<pin id="216" dir="1" index="3" bw="0" slack="2147483647"/>
</pin_list>
<bind>
<opcode="write(1151) " fcode="write"/>
<opset="write_ln208/1 "/>
</bind>
</comp>

<comp id="220" class="1004" name="write_ln208_write_fu_220">
<pin_list>
<pin id="221" dir="0" index="0" bw="0" slack="0"/>
<pin id="222" dir="0" index="1" bw="8" slack="0"/>
<pin id="223" dir="0" index="2" bw="8" slack="0"/>
<pin id="224" dir="1" index="3" bw="0" slack="2147483647"/>
</pin_list>
<bind>
<opcode="write(1151) " fcode="write"/>
<opset="write_ln208/1 "/>
</bind>
</comp>

<comp id="228" class="1004" name="write_ln208_write_fu_228">
<pin_list>
<pin id="229" dir="0" index="0" bw="0" slack="0"/>
<pin id="230" dir="0" index="1" bw="8" slack="0"/>
<pin id="231" dir="0" index="2" bw="8" slack="0"/>
<pin id="232" dir="1" index="3" bw="0" slack="2147483647"/>
</pin_list>
<bind>
<opcode="write(1151) " fcode="write"/>
<opset="write_ln208/1 "/>
</bind>
</comp>

<comp id="236" class="1004" name="write_ln208_write_fu_236">
<pin_list>
<pin id="237" dir="0" index="0" bw="0" slack="0"/>
<pin id="238" dir="0" index="1" bw="8" slack="0"/>
<pin id="239" dir="0" index="2" bw="8" slack="0"/>
<pin id="240" dir="1" index="3" bw="0" slack="2147483647"/>
</pin_list>
<bind>
<opcode="write(1151) " fcode="write"/>
<opset="write_ln208/1 "/>
</bind>
</comp>

<comp id="244" class="1004" name="write_ln208_write_fu_244">
<pin_list>
<pin id="245" dir="0" index="0" bw="0" slack="0"/>
<pin id="246" dir="0" index="1" bw="8" slack="0"/>
<pin id="247" dir="0" index="2" bw="8" slack="0"/>
<pin id="248" dir="1" index="3" bw="0" slack="2147483647"/>
</pin_list>
<bind>
<opcode="write(1151) " fcode="write"/>
<opset="write_ln208/1 "/>
</bind>
</comp>

<comp id="252" class="1004" name="write_ln208_write_fu_252">
<pin_list>
<pin id="253" dir="0" index="0" bw="0" slack="0"/>
<pin id="254" dir="0" index="1" bw="8" slack="0"/>
<pin id="255" dir="0" index="2" bw="8" slack="0"/>
<pin id="256" dir="1" index="3" bw="0" slack="2147483647"/>
</pin_list>
<bind>
<opcode="write(1151) " fcode="write"/>
<opset="write_ln208/1 "/>
</bind>
</comp>

<comp id="260" class="1004" name="write_ln208_write_fu_260">
<pin_list>
<pin id="261" dir="0" index="0" bw="0" slack="0"/>
<pin id="262" dir="0" index="1" bw="8" slack="0"/>
<pin id="263" dir="0" index="2" bw="8" slack="0"/>
<pin id="264" dir="1" index="3" bw="0" slack="2147483647"/>
</pin_list>
<bind>
<opcode="write(1151) " fcode="write"/>
<opset="write_ln208/1 "/>
</bind>
</comp>

<comp id="268" class="1004" name="write_ln208_write_fu_268">
<pin_list>
<pin id="269" dir="0" index="0" bw="0" slack="0"/>
<pin id="270" dir="0" index="1" bw="8" slack="0"/>
<pin id="271" dir="0" index="2" bw="8" slack="0"/>
<pin id="272" dir="1" index="3" bw="0" slack="2147483647"/>
</pin_list>
<bind>
<opcode="write(1151) " fcode="write"/>
<opset="write_ln208/1 "/>
</bind>
</comp>

<comp id="276" class="1004" name="write_ln208_write_fu_276">
<pin_list>
<pin id="277" dir="0" index="0" bw="0" slack="0"/>
<pin id="278" dir="0" index="1" bw="8" slack="0"/>
<pin id="279" dir="0" index="2" bw="8" slack="0"/>
<pin id="280" dir="1" index="3" bw="0" slack="2147483647"/>
</pin_list>
<bind>
<opcode="write(1151) " fcode="write"/>
<opset="write_ln208/1 "/>
</bind>
</comp>

<comp id="284" class="1004" name="write_ln208_write_fu_284">
<pin_list>
<pin id="285" dir="0" index="0" bw="0" slack="0"/>
<pin id="286" dir="0" index="1" bw="8" slack="0"/>
<pin id="287" dir="0" index="2" bw="8" slack="0"/>
<pin id="288" dir="1" index="3" bw="0" slack="2147483647"/>
</pin_list>
<bind>
<opcode="write(1151) " fcode="write"/>
<opset="write_ln208/1 "/>
</bind>
</comp>

</comp_list>

<net_list>
<net id="72"><net_src comp="64" pin="0"/><net_sink comp="68" pin=0"/></net>

<net id="73"><net_src comp="60" pin="0"/><net_sink comp="68" pin=1"/></net>

<net id="78"><net_src comp="64" pin="0"/><net_sink comp="74" pin=0"/></net>

<net id="79"><net_src comp="56" pin="0"/><net_sink comp="74" pin=1"/></net>

<net id="84"><net_src comp="64" pin="0"/><net_sink comp="80" pin=0"/></net>

<net id="85"><net_src comp="52" pin="0"/><net_sink comp="80" pin=1"/></net>

<net id="90"><net_src comp="64" pin="0"/><net_sink comp="86" pin=0"/></net>

<net id="91"><net_src comp="48" pin="0"/><net_sink comp="86" pin=1"/></net>

<net id="96"><net_src comp="64" pin="0"/><net_sink comp="92" pin=0"/></net>

<net id="97"><net_src comp="44" pin="0"/><net_sink comp="92" pin=1"/></net>

<net id="102"><net_src comp="64" pin="0"/><net_sink comp="98" pin=0"/></net>

<net id="103"><net_src comp="40" pin="0"/><net_sink comp="98" pin=1"/></net>

<net id="108"><net_src comp="64" pin="0"/><net_sink comp="104" pin=0"/></net>

<net id="109"><net_src comp="36" pin="0"/><net_sink comp="104" pin=1"/></net>

<net id="114"><net_src comp="64" pin="0"/><net_sink comp="110" pin=0"/></net>

<net id="115"><net_src comp="32" pin="0"/><net_sink comp="110" pin=1"/></net>

<net id="120"><net_src comp="64" pin="0"/><net_sink comp="116" pin=0"/></net>

<net id="121"><net_src comp="28" pin="0"/><net_sink comp="116" pin=1"/></net>

<net id="126"><net_src comp="64" pin="0"/><net_sink comp="122" pin=0"/></net>

<net id="127"><net_src comp="24" pin="0"/><net_sink comp="122" pin=1"/></net>

<net id="132"><net_src comp="64" pin="0"/><net_sink comp="128" pin=0"/></net>

<net id="133"><net_src comp="20" pin="0"/><net_sink comp="128" pin=1"/></net>

<net id="138"><net_src comp="64" pin="0"/><net_sink comp="134" pin=0"/></net>

<net id="139"><net_src comp="16" pin="0"/><net_sink comp="134" pin=1"/></net>

<net id="144"><net_src comp="64" pin="0"/><net_sink comp="140" pin=0"/></net>

<net id="145"><net_src comp="12" pin="0"/><net_sink comp="140" pin=1"/></net>

<net id="150"><net_src comp="64" pin="0"/><net_sink comp="146" pin=0"/></net>

<net id="151"><net_src comp="8" pin="0"/><net_sink comp="146" pin=1"/></net>

<net id="156"><net_src comp="64" pin="0"/><net_sink comp="152" pin=0"/></net>

<net id="157"><net_src comp="4" pin="0"/><net_sink comp="152" pin=1"/></net>

<net id="162"><net_src comp="64" pin="0"/><net_sink comp="158" pin=0"/></net>

<net id="163"><net_src comp="0" pin="0"/><net_sink comp="158" pin=1"/></net>

<net id="169"><net_src comp="66" pin="0"/><net_sink comp="164" pin=0"/></net>

<net id="170"><net_src comp="2" pin="0"/><net_sink comp="164" pin=1"/></net>

<net id="171"><net_src comp="158" pin="2"/><net_sink comp="164" pin=2"/></net>

<net id="177"><net_src comp="66" pin="0"/><net_sink comp="172" pin=0"/></net>

<net id="178"><net_src comp="6" pin="0"/><net_sink comp="172" pin=1"/></net>

<net id="179"><net_src comp="152" pin="2"/><net_sink comp="172" pin=2"/></net>

<net id="185"><net_src comp="66" pin="0"/><net_sink comp="180" pin=0"/></net>

<net id="186"><net_src comp="10" pin="0"/><net_sink comp="180" pin=1"/></net>

<net id="187"><net_src comp="146" pin="2"/><net_sink comp="180" pin=2"/></net>

<net id="193"><net_src comp="66" pin="0"/><net_sink comp="188" pin=0"/></net>

<net id="194"><net_src comp="14" pin="0"/><net_sink comp="188" pin=1"/></net>

<net id="195"><net_src comp="140" pin="2"/><net_sink comp="188" pin=2"/></net>

<net id="201"><net_src comp="66" pin="0"/><net_sink comp="196" pin=0"/></net>

<net id="202"><net_src comp="18" pin="0"/><net_sink comp="196" pin=1"/></net>

<net id="203"><net_src comp="134" pin="2"/><net_sink comp="196" pin=2"/></net>

<net id="209"><net_src comp="66" pin="0"/><net_sink comp="204" pin=0"/></net>

<net id="210"><net_src comp="22" pin="0"/><net_sink comp="204" pin=1"/></net>

<net id="211"><net_src comp="128" pin="2"/><net_sink comp="204" pin=2"/></net>

<net id="217"><net_src comp="66" pin="0"/><net_sink comp="212" pin=0"/></net>

<net id="218"><net_src comp="26" pin="0"/><net_sink comp="212" pin=1"/></net>

<net id="219"><net_src comp="122" pin="2"/><net_sink comp="212" pin=2"/></net>

<net id="225"><net_src comp="66" pin="0"/><net_sink comp="220" pin=0"/></net>

<net id="226"><net_src comp="30" pin="0"/><net_sink comp="220" pin=1"/></net>

<net id="227"><net_src comp="116" pin="2"/><net_sink comp="220" pin=2"/></net>

<net id="233"><net_src comp="66" pin="0"/><net_sink comp="228" pin=0"/></net>

<net id="234"><net_src comp="34" pin="0"/><net_sink comp="228" pin=1"/></net>

<net id="235"><net_src comp="110" pin="2"/><net_sink comp="228" pin=2"/></net>

<net id="241"><net_src comp="66" pin="0"/><net_sink comp="236" pin=0"/></net>

<net id="242"><net_src comp="38" pin="0"/><net_sink comp="236" pin=1"/></net>

<net id="243"><net_src comp="104" pin="2"/><net_sink comp="236" pin=2"/></net>

<net id="249"><net_src comp="66" pin="0"/><net_sink comp="244" pin=0"/></net>

<net id="250"><net_src comp="42" pin="0"/><net_sink comp="244" pin=1"/></net>

<net id="251"><net_src comp="98" pin="2"/><net_sink comp="244" pin=2"/></net>

<net id="257"><net_src comp="66" pin="0"/><net_sink comp="252" pin=0"/></net>

<net id="258"><net_src comp="46" pin="0"/><net_sink comp="252" pin=1"/></net>

<net id="259"><net_src comp="92" pin="2"/><net_sink comp="252" pin=2"/></net>

<net id="265"><net_src comp="66" pin="0"/><net_sink comp="260" pin=0"/></net>

<net id="266"><net_src comp="50" pin="0"/><net_sink comp="260" pin=1"/></net>

<net id="267"><net_src comp="86" pin="2"/><net_sink comp="260" pin=2"/></net>

<net id="273"><net_src comp="66" pin="0"/><net_sink comp="268" pin=0"/></net>

<net id="274"><net_src comp="54" pin="0"/><net_sink comp="268" pin=1"/></net>

<net id="275"><net_src comp="80" pin="2"/><net_sink comp="268" pin=2"/></net>

<net id="281"><net_src comp="66" pin="0"/><net_sink comp="276" pin=0"/></net>

<net id="282"><net_src comp="58" pin="0"/><net_sink comp="276" pin=1"/></net>

<net id="283"><net_src comp="74" pin="2"/><net_sink comp="276" pin=2"/></net>

<net id="289"><net_src comp="66" pin="0"/><net_sink comp="284" pin=0"/></net>

<net id="290"><net_src comp="62" pin="0"/><net_sink comp="284" pin=1"/></net>

<net id="291"><net_src comp="68" pin="2"/><net_sink comp="284" pin=2"/></net>

</net_list>

</model> 
---------------- Datapath Model END ------------------

* FSMD analyzer results:
  - Output states:
	Port: out_r | {1 }
	Port: out16 | {1 }
	Port: out17 | {1 }
	Port: out18 | {1 }
	Port: out19 | {1 }
	Port: out20 | {1 }
	Port: out21 | {1 }
	Port: out22 | {1 }
	Port: out23 | {1 }
	Port: out24 | {1 }
	Port: out25 | {1 }
	Port: out26 | {1 }
	Port: out27 | {1 }
	Port: out28 | {1 }
	Port: out29 | {1 }
	Port: out30 | {1 }
 - Input state : 
	Port: Cipher_Block_.split1657_proc : p_read | {1 }
	Port: Cipher_Block_.split1657_proc : out_r | {}
	Port: Cipher_Block_.split1657_proc : p_read1 | {1 }
	Port: Cipher_Block_.split1657_proc : out16 | {}
	Port: Cipher_Block_.split1657_proc : p_read2 | {1 }
	Port: Cipher_Block_.split1657_proc : out17 | {}
	Port: Cipher_Block_.split1657_proc : p_read3 | {1 }
	Port: Cipher_Block_.split1657_proc : out18 | {}
	Port: Cipher_Block_.split1657_proc : p_read4 | {1 }
	Port: Cipher_Block_.split1657_proc : out19 | {}
	Port: Cipher_Block_.split1657_proc : p_read5 | {1 }
	Port: Cipher_Block_.split1657_proc : out20 | {}
	Port: Cipher_Block_.split1657_proc : p_read6 | {1 }
	Port: Cipher_Block_.split1657_proc : out21 | {}
	Port: Cipher_Block_.split1657_proc : p_read7 | {1 }
	Port: Cipher_Block_.split1657_proc : out22 | {}
	Port: Cipher_Block_.split1657_proc : p_read8 | {1 }
	Port: Cipher_Block_.split1657_proc : out23 | {}
	Port: Cipher_Block_.split1657_proc : p_read9 | {1 }
	Port: Cipher_Block_.split1657_proc : out24 | {}
	Port: Cipher_Block_.split1657_proc : p_read10 | {1 }
	Port: Cipher_Block_.split1657_proc : out25 | {}
	Port: Cipher_Block_.split1657_proc : p_read11 | {1 }
	Port: Cipher_Block_.split1657_proc : out26 | {}
	Port: Cipher_Block_.split1657_proc : p_read12 | {1 }
	Port: Cipher_Block_.split1657_proc : out27 | {}
	Port: Cipher_Block_.split1657_proc : p_read13 | {1 }
	Port: Cipher_Block_.split1657_proc : out28 | {}
	Port: Cipher_Block_.split1657_proc : p_read14 | {1 }
	Port: Cipher_Block_.split1657_proc : out29 | {}
	Port: Cipher_Block_.split1657_proc : p_read15 | {1 }
	Port: Cipher_Block_.split1657_proc : out30 | {}
  - Chain level:
	State 1


============================================================
+ Verbose Summary: Datapath Resource usage 
============================================================

* Functional unit list:
|----------|--------------------------|
| Operation|      Functional Unit     |
|----------|--------------------------|
|          |   p_read_201_read_fu_68  |
|          |   p_read_202_read_fu_74  |
|          |   p_read_203_read_fu_80  |
|          |   p_read_204_read_fu_86  |
|          |   p_read1127_read_fu_92  |
|          |   p_read1026_read_fu_98  |
|          |   p_read925_read_fu_104  |
|   read   |   p_read824_read_fu_110  |
|          |   p_read723_read_fu_116  |
|          |   p_read622_read_fu_122  |
|          |   p_read521_read_fu_128  |
|          |   p_read420_read_fu_134  |
|          |   p_read319_read_fu_140  |
|          |   p_read218_read_fu_146  |
|          |   p_read117_read_fu_152  |
|          |   p_read16_read_fu_158   |
|----------|--------------------------|
|          | write_ln208_write_fu_164 |
|          | write_ln208_write_fu_172 |
|          | write_ln208_write_fu_180 |
|          | write_ln208_write_fu_188 |
|          | write_ln208_write_fu_196 |
|          | write_ln208_write_fu_204 |
|          | write_ln208_write_fu_212 |
|   write  | write_ln208_write_fu_220 |
|          | write_ln208_write_fu_228 |
|          | write_ln208_write_fu_236 |
|          | write_ln208_write_fu_244 |
|          | write_ln208_write_fu_252 |
|          | write_ln208_write_fu_260 |
|          | write_ln208_write_fu_268 |
|          | write_ln208_write_fu_276 |
|          | write_ln208_write_fu_284 |
|----------|--------------------------|
|   Total  |                          |
|----------|--------------------------|

Memories:
N/A

* Register list:
N/A

* Multiplexer (MUX) list: 
|--------|------|------|------|--------|
|  Comp  |  Pin | Size |  BW  | S x BW |
|--------|------|------|------|--------|
|  Total |      |      |      |    0   |
|--------|------|------|------|--------|



* Summary:
+-----------+
|           |
+-----------+
|  Function |
|   Memory  |
|Multiplexer|
|  Register |
+-----------+
|   Total   |
+-----------+
