

================================================================
== Vitis HLS Report for 'MixColumns395'
================================================================
* Date:           Wed Dec 29 21:50:27 2021

* Version:        2020.2 (Build 3064766 on Wed Nov 18 09:12:45 MST 2020)
* Project:        aes
* Solution:       solution1 (Vivado IP Flow Target)
* Product family: zynq
* Target device:  xc7z020-clg400-1


================================================================
== Performance Estimates
================================================================
+ Timing: 
    * Summary: 
    +--------+----------+----------+------------+
    |  Clock |  Target  | Estimated| Uncertainty|
    +--------+----------+----------+------------+
    |ap_clk  |  10.00 ns|  4.065 ns|     2.70 ns|
    +--------+----------+----------+------------+

+ Latency: 
    * Summary: 
    +---------+---------+----------+----------+-----+-----+---------+
    |  Latency (cycles) |  Latency (absolute) |  Interval | Pipeline|
    |   min   |   max   |    min   |    max   | min | max |   Type  |
    +---------+---------+----------+----------+-----+-----+---------+
    |        0|        0|      0 ns|      0 ns|    0|    0|     none|
    +---------+---------+----------+----------+-----+-----+---------+

    + Detail: 
        * Instance: 
        +-------------------------------------------+--------------------------+---------+---------+----------+----------+-----+-----+---------+
        |                                           |                          |  Latency (cycles) |  Latency (absolute) |  Interval | Pipeline|
        |                  Instance                 |          Module          |   min   |   max   |    min   |    max   | min | max |   Type  |
        +-------------------------------------------+--------------------------+---------+---------+----------+----------+-----+-----+---------+
        |call_ret_Four_Term_Multiplication_fu_134   |Four_Term_Multiplication  |        0|        0|      0 ns|      0 ns|    0|    0|     none|
        |call_ret7_Four_Term_Multiplication_fu_146  |Four_Term_Multiplication  |        0|        0|      0 ns|      0 ns|    0|    0|     none|
        |call_ret8_Four_Term_Multiplication_fu_158  |Four_Term_Multiplication  |        0|        0|      0 ns|      0 ns|    0|    0|     none|
        |call_ret9_Four_Term_Multiplication_fu_170  |Four_Term_Multiplication  |        0|        0|      0 ns|      0 ns|    0|    0|     none|
        +-------------------------------------------+--------------------------+---------+---------+----------+----------+-----+-----+---------+

        * Loop: 
        N/A



================================================================
== Utilization Estimates
================================================================
* Summary: 
+-----------------+---------+-----+--------+-------+-----+
|       Name      | BRAM_18K| DSP |   FF   |  LUT  | URAM|
+-----------------+---------+-----+--------+-------+-----+
|DSP              |        -|    -|       -|      -|    -|
|Expression       |        -|    -|       0|      2|    -|
|FIFO             |        -|    -|       -|      -|    -|
|Instance         |        -|    -|       0|    736|    -|
|Memory           |        -|    -|       -|      -|    -|
|Multiplexer      |        -|    -|       -|      9|    -|
|Register         |        -|    -|       2|      -|    -|
+-----------------+---------+-----+--------+-------+-----+
|Total            |        0|    0|       2|    747|    0|
+-----------------+---------+-----+--------+-------+-----+
|Available        |      280|  220|  106400|  53200|    0|
+-----------------+---------+-----+--------+-------+-----+
|Utilization (%)  |        0|    0|      ~0|      1|    0|
+-----------------+---------+-----+--------+-------+-----+

+ Detail: 
    * Instance: 
    +-------------------------------------------+--------------------------+---------+----+---+-----+-----+
    |                  Instance                 |          Module          | BRAM_18K| DSP| FF| LUT | URAM|
    +-------------------------------------------+--------------------------+---------+----+---+-----+-----+
    |call_ret_Four_Term_Multiplication_fu_134   |Four_Term_Multiplication  |        0|   0|  0|  184|    0|
    |call_ret7_Four_Term_Multiplication_fu_146  |Four_Term_Multiplication  |        0|   0|  0|  184|    0|
    |call_ret8_Four_Term_Multiplication_fu_158  |Four_Term_Multiplication  |        0|   0|  0|  184|    0|
    |call_ret9_Four_Term_Multiplication_fu_170  |Four_Term_Multiplication  |        0|   0|  0|  184|    0|
    +-------------------------------------------+--------------------------+---------+----+---+-----+-----+
    |Total                                      |                          |        0|   0|  0|  736|    0|
    +-------------------------------------------+--------------------------+---------+----+---+-----+-----+

    * DSP: 
    N/A

    * Memory: 
    N/A

    * FIFO: 
    N/A

    * Expression: 
    +-----------------+----------+----+---+----+------------+------------+
    |  Variable Name  | Operation| DSP| FF| LUT| Bitwidth P0| Bitwidth P1|
    +-----------------+----------+----+---+----+------------+------------+
    |ap_block_state1  |        or|   0|  0|   2|           1|           1|
    +-----------------+----------+----+---+----+------------+------------+
    |Total            |          |   0|  0|   2|           1|           1|
    +-----------------+----------+----+---+----+------------+------------+

    * Multiplexer: 
    +---------+----+-----------+-----+-----------+
    |   Name  | LUT| Input Size| Bits| Total Bits|
    +---------+----+-----------+-----+-----------+
    |ap_done  |   9|          2|    1|          2|
    +---------+----+-----------+-----+-----------+
    |Total    |   9|          2|    1|          2|
    +---------+----+-----------+-----+-----------+

    * Register: 
    +-------------+---+----+-----+-----------+
    |     Name    | FF| LUT| Bits| Const Bits|
    +-------------+---+----+-----+-----------+
    |ap_CS_fsm    |  1|   0|    1|          0|
    |ap_done_reg  |  1|   0|    1|          0|
    +-------------+---+----+-----+-----------+
    |Total        |  2|   0|    2|          0|
    +-------------+---+----+-----+-----------+



================================================================
== Interface
================================================================
* Summary: 
+--------------+-----+-----+------------+---------------+--------------+
|   RTL Ports  | Dir | Bits|  Protocol  | Source Object |    C Type    |
+--------------+-----+-----+------------+---------------+--------------+
|ap_clk        |   in|    1|  ap_ctrl_hs|  MixColumns395|  return value|
|ap_rst        |   in|    1|  ap_ctrl_hs|  MixColumns395|  return value|
|ap_start      |   in|    1|  ap_ctrl_hs|  MixColumns395|  return value|
|ap_done       |  out|    1|  ap_ctrl_hs|  MixColumns395|  return value|
|ap_continue   |   in|    1|  ap_ctrl_hs|  MixColumns395|  return value|
|ap_idle       |  out|    1|  ap_ctrl_hs|  MixColumns395|  return value|
|ap_ready      |  out|    1|  ap_ctrl_hs|  MixColumns395|  return value|
|ap_return_0   |  out|    8|  ap_ctrl_hs|  MixColumns395|  return value|
|ap_return_1   |  out|    8|  ap_ctrl_hs|  MixColumns395|  return value|
|ap_return_2   |  out|    8|  ap_ctrl_hs|  MixColumns395|  return value|
|ap_return_3   |  out|    8|  ap_ctrl_hs|  MixColumns395|  return value|
|ap_return_4   |  out|    8|  ap_ctrl_hs|  MixColumns395|  return value|
|ap_return_5   |  out|    8|  ap_ctrl_hs|  MixColumns395|  return value|
|ap_return_6   |  out|    8|  ap_ctrl_hs|  MixColumns395|  return value|
|ap_return_7   |  out|    8|  ap_ctrl_hs|  MixColumns395|  return value|
|ap_return_8   |  out|    8|  ap_ctrl_hs|  MixColumns395|  return value|
|ap_return_9   |  out|    8|  ap_ctrl_hs|  MixColumns395|  return value|
|ap_return_10  |  out|    8|  ap_ctrl_hs|  MixColumns395|  return value|
|ap_return_11  |  out|    8|  ap_ctrl_hs|  MixColumns395|  return value|
|ap_return_12  |  out|    8|  ap_ctrl_hs|  MixColumns395|  return value|
|ap_return_13  |  out|    8|  ap_ctrl_hs|  MixColumns395|  return value|
|ap_return_14  |  out|    8|  ap_ctrl_hs|  MixColumns395|  return value|
|ap_return_15  |  out|    8|  ap_ctrl_hs|  MixColumns395|  return value|
|p_read        |   in|    8|     ap_none|         p_read|        scalar|
|p_read1       |   in|    8|     ap_none|        p_read1|        scalar|
|p_read2       |   in|    8|     ap_none|        p_read2|        scalar|
|p_read3       |   in|    8|     ap_none|        p_read3|        scalar|
|p_read4       |   in|    8|     ap_none|        p_read4|        scalar|
|p_read5       |   in|    8|     ap_none|        p_read5|        scalar|
|p_read6       |   in|    8|     ap_none|        p_read6|        scalar|
|p_read7       |   in|    8|     ap_none|        p_read7|        scalar|
|p_read8       |   in|    8|     ap_none|        p_read8|        scalar|
|p_read9       |   in|    8|     ap_none|        p_read9|        scalar|
|p_read10      |   in|    8|     ap_none|       p_read10|        scalar|
|p_read11      |   in|    8|     ap_none|       p_read11|        scalar|
|p_read12      |   in|    8|     ap_none|       p_read12|        scalar|
|p_read13      |   in|    8|     ap_none|       p_read13|        scalar|
|p_read14      |   in|    8|     ap_none|       p_read14|        scalar|
|p_read15      |   in|    8|     ap_none|       p_read15|        scalar|
+--------------+-----+-----+------------+---------------+--------------+

============================================================
+ Verbose Summary: Synthesis Manager
============================================================
InlineROM: 1
ExposeGlobal: 0
============================================================
+ Verbose Summary: CDFG Model
============================================================
IsTopModel: 0
ResetActiveHigh: 1
IsCombinational: 2
IsDatapathOnly: 0
HasWiredReturn: 1
HasMFsm: 0
HasVarLatency: 0
IsPipeline: 0
IsRtlPipelined: 0
IsInstanceOverlapped: 0
IsDontTouch: 0
HasImplIP: 0
IsGatedGlobalClock: 0


============================================================
+ Verbose Summary: Schedule
============================================================
* Number of FSM states : 1
* Pipeline : 0
* Dataflow Pipeline: 0

* FSM state transitions: 
1 --> 

* FSM state operations: 

State 1 <SV = 0> <Delay = 4.06>
ST_1 : Operation 2 [1/1] (0.00ns)   --->   "%p_read_177 = read i8 @_ssdm_op_Read.ap_auto.i8, i8 %p_read15" [AES.cpp:65]   --->   Operation 2 'read' 'p_read_177' <Predicate = true> <Delay = 0.00>
ST_1 : Operation 3 [1/1] (0.00ns)   --->   "%p_read_178 = read i8 @_ssdm_op_Read.ap_auto.i8, i8 %p_read14" [AES.cpp:65]   --->   Operation 3 'read' 'p_read_178' <Predicate = true> <Delay = 0.00>
ST_1 : Operation 4 [1/1] (0.00ns)   --->   "%p_read_179 = read i8 @_ssdm_op_Read.ap_auto.i8, i8 %p_read13" [AES.cpp:65]   --->   Operation 4 'read' 'p_read_179' <Predicate = true> <Delay = 0.00>
ST_1 : Operation 5 [1/1] (0.00ns)   --->   "%p_read_180 = read i8 @_ssdm_op_Read.ap_auto.i8, i8 %p_read12" [AES.cpp:65]   --->   Operation 5 'read' 'p_read_180' <Predicate = true> <Delay = 0.00>
ST_1 : Operation 6 [1/1] (0.00ns)   --->   "%p_read1127 = read i8 @_ssdm_op_Read.ap_auto.i8, i8 %p_read11" [AES.cpp:65]   --->   Operation 6 'read' 'p_read1127' <Predicate = true> <Delay = 0.00>
ST_1 : Operation 7 [1/1] (0.00ns)   --->   "%p_read1026 = read i8 @_ssdm_op_Read.ap_auto.i8, i8 %p_read10" [AES.cpp:65]   --->   Operation 7 'read' 'p_read1026' <Predicate = true> <Delay = 0.00>
ST_1 : Operation 8 [1/1] (0.00ns)   --->   "%p_read925 = read i8 @_ssdm_op_Read.ap_auto.i8, i8 %p_read9" [AES.cpp:65]   --->   Operation 8 'read' 'p_read925' <Predicate = true> <Delay = 0.00>
ST_1 : Operation 9 [1/1] (0.00ns)   --->   "%p_read824 = read i8 @_ssdm_op_Read.ap_auto.i8, i8 %p_read8" [AES.cpp:65]   --->   Operation 9 'read' 'p_read824' <Predicate = true> <Delay = 0.00>
ST_1 : Operation 10 [1/1] (0.00ns)   --->   "%p_read723 = read i8 @_ssdm_op_Read.ap_auto.i8, i8 %p_read7" [AES.cpp:65]   --->   Operation 10 'read' 'p_read723' <Predicate = true> <Delay = 0.00>
ST_1 : Operation 11 [1/1] (0.00ns)   --->   "%p_read622 = read i8 @_ssdm_op_Read.ap_auto.i8, i8 %p_read6" [AES.cpp:65]   --->   Operation 11 'read' 'p_read622' <Predicate = true> <Delay = 0.00>
ST_1 : Operation 12 [1/1] (0.00ns)   --->   "%p_read521 = read i8 @_ssdm_op_Read.ap_auto.i8, i8 %p_read5" [AES.cpp:65]   --->   Operation 12 'read' 'p_read521' <Predicate = true> <Delay = 0.00>
ST_1 : Operation 13 [1/1] (0.00ns)   --->   "%p_read420 = read i8 @_ssdm_op_Read.ap_auto.i8, i8 %p_read4" [AES.cpp:65]   --->   Operation 13 'read' 'p_read420' <Predicate = true> <Delay = 0.00>
ST_1 : Operation 14 [1/1] (0.00ns)   --->   "%p_read319 = read i8 @_ssdm_op_Read.ap_auto.i8, i8 %p_read3" [AES.cpp:65]   --->   Operation 14 'read' 'p_read319' <Predicate = true> <Delay = 0.00>
ST_1 : Operation 15 [1/1] (0.00ns)   --->   "%p_read218 = read i8 @_ssdm_op_Read.ap_auto.i8, i8 %p_read2" [AES.cpp:65]   --->   Operation 15 'read' 'p_read218' <Predicate = true> <Delay = 0.00>
ST_1 : Operation 16 [1/1] (0.00ns)   --->   "%p_read117 = read i8 @_ssdm_op_Read.ap_auto.i8, i8 %p_read1" [AES.cpp:65]   --->   Operation 16 'read' 'p_read117' <Predicate = true> <Delay = 0.00>
ST_1 : Operation 17 [1/1] (0.00ns)   --->   "%p_read16 = read i8 @_ssdm_op_Read.ap_auto.i8, i8 %p_read" [AES.cpp:65]   --->   Operation 17 'read' 'p_read16' <Predicate = true> <Delay = 0.00>
ST_1 : Operation 18 [1/1] (4.06ns)   --->   "%call_ret = call i32 @Four_Term_Multiplication, i8 %p_read16, i8 %p_read420, i8 %p_read824, i8 %p_read_180" [AES.cpp:66]   --->   Operation 18 'call' 'call_ret' <Predicate = true> <Delay = 4.06> <CoreType = "Generic">   --->   Core 0 '' <Latency = 0> <II = 1> <Delay = 1.00> <Generic> <Opcode : >
ST_1 : Operation 19 [1/1] (0.00ns)   --->   "%temp_0 = extractvalue i32 %call_ret" [AES.cpp:66]   --->   Operation 19 'extractvalue' 'temp_0' <Predicate = true> <Delay = 0.00>
ST_1 : Operation 20 [1/1] (0.00ns)   --->   "%temp_1 = extractvalue i32 %call_ret" [AES.cpp:66]   --->   Operation 20 'extractvalue' 'temp_1' <Predicate = true> <Delay = 0.00>
ST_1 : Operation 21 [1/1] (0.00ns)   --->   "%temp_2 = extractvalue i32 %call_ret" [AES.cpp:66]   --->   Operation 21 'extractvalue' 'temp_2' <Predicate = true> <Delay = 0.00>
ST_1 : Operation 22 [1/1] (0.00ns)   --->   "%temp_3 = extractvalue i32 %call_ret" [AES.cpp:66]   --->   Operation 22 'extractvalue' 'temp_3' <Predicate = true> <Delay = 0.00>
ST_1 : Operation 23 [1/1] (4.06ns)   --->   "%call_ret7 = call i32 @Four_Term_Multiplication, i8 %p_read117, i8 %p_read521, i8 %p_read925, i8 %p_read_179" [AES.cpp:66]   --->   Operation 23 'call' 'call_ret7' <Predicate = true> <Delay = 4.06> <CoreType = "Generic">   --->   Core 0 '' <Latency = 0> <II = 1> <Delay = 1.00> <Generic> <Opcode : >
ST_1 : Operation 24 [1/1] (0.00ns)   --->   "%temp_0_16 = extractvalue i32 %call_ret7" [AES.cpp:66]   --->   Operation 24 'extractvalue' 'temp_0_16' <Predicate = true> <Delay = 0.00>
ST_1 : Operation 25 [1/1] (0.00ns)   --->   "%temp_1_16 = extractvalue i32 %call_ret7" [AES.cpp:66]   --->   Operation 25 'extractvalue' 'temp_1_16' <Predicate = true> <Delay = 0.00>
ST_1 : Operation 26 [1/1] (0.00ns)   --->   "%temp_2_16 = extractvalue i32 %call_ret7" [AES.cpp:66]   --->   Operation 26 'extractvalue' 'temp_2_16' <Predicate = true> <Delay = 0.00>
ST_1 : Operation 27 [1/1] (0.00ns)   --->   "%temp_3_16 = extractvalue i32 %call_ret7" [AES.cpp:66]   --->   Operation 27 'extractvalue' 'temp_3_16' <Predicate = true> <Delay = 0.00>
ST_1 : Operation 28 [1/1] (4.06ns)   --->   "%call_ret8 = call i32 @Four_Term_Multiplication, i8 %p_read218, i8 %p_read622, i8 %p_read1026, i8 %p_read_178" [AES.cpp:66]   --->   Operation 28 'call' 'call_ret8' <Predicate = true> <Delay = 4.06> <CoreType = "Generic">   --->   Core 0 '' <Latency = 0> <II = 1> <Delay = 1.00> <Generic> <Opcode : >
ST_1 : Operation 29 [1/1] (0.00ns)   --->   "%temp_0_17 = extractvalue i32 %call_ret8" [AES.cpp:66]   --->   Operation 29 'extractvalue' 'temp_0_17' <Predicate = true> <Delay = 0.00>
ST_1 : Operation 30 [1/1] (0.00ns)   --->   "%temp_1_17 = extractvalue i32 %call_ret8" [AES.cpp:66]   --->   Operation 30 'extractvalue' 'temp_1_17' <Predicate = true> <Delay = 0.00>
ST_1 : Operation 31 [1/1] (0.00ns)   --->   "%temp_2_17 = extractvalue i32 %call_ret8" [AES.cpp:66]   --->   Operation 31 'extractvalue' 'temp_2_17' <Predicate = true> <Delay = 0.00>
ST_1 : Operation 32 [1/1] (0.00ns)   --->   "%temp_3_17 = extractvalue i32 %call_ret8" [AES.cpp:66]   --->   Operation 32 'extractvalue' 'temp_3_17' <Predicate = true> <Delay = 0.00>
ST_1 : Operation 33 [1/1] (4.06ns)   --->   "%call_ret9 = call i32 @Four_Term_Multiplication, i8 %p_read319, i8 %p_read723, i8 %p_read1127, i8 %p_read_177" [AES.cpp:66]   --->   Operation 33 'call' 'call_ret9' <Predicate = true> <Delay = 4.06> <CoreType = "Generic">   --->   Core 0 '' <Latency = 0> <II = 1> <Delay = 1.00> <Generic> <Opcode : >
ST_1 : Operation 34 [1/1] (0.00ns)   --->   "%temp_0_18 = extractvalue i32 %call_ret9" [AES.cpp:66]   --->   Operation 34 'extractvalue' 'temp_0_18' <Predicate = true> <Delay = 0.00>
ST_1 : Operation 35 [1/1] (0.00ns)   --->   "%temp_1_18 = extractvalue i32 %call_ret9" [AES.cpp:66]   --->   Operation 35 'extractvalue' 'temp_1_18' <Predicate = true> <Delay = 0.00>
ST_1 : Operation 36 [1/1] (0.00ns)   --->   "%temp_2_18 = extractvalue i32 %call_ret9" [AES.cpp:66]   --->   Operation 36 'extractvalue' 'temp_2_18' <Predicate = true> <Delay = 0.00>
ST_1 : Operation 37 [1/1] (0.00ns)   --->   "%temp_3_18 = extractvalue i32 %call_ret9" [AES.cpp:66]   --->   Operation 37 'extractvalue' 'temp_3_18' <Predicate = true> <Delay = 0.00>
ST_1 : Operation 38 [1/1] (0.00ns)   --->   "%mrv = insertvalue i128 <undef>, i8 %temp_0" [AES.cpp:69]   --->   Operation 38 'insertvalue' 'mrv' <Predicate = true> <Delay = 0.00>
ST_1 : Operation 39 [1/1] (0.00ns)   --->   "%mrv_1 = insertvalue i128 %mrv, i8 %temp_0_16" [AES.cpp:69]   --->   Operation 39 'insertvalue' 'mrv_1' <Predicate = true> <Delay = 0.00>
ST_1 : Operation 40 [1/1] (0.00ns)   --->   "%mrv_2 = insertvalue i128 %mrv_1, i8 %temp_0_17" [AES.cpp:69]   --->   Operation 40 'insertvalue' 'mrv_2' <Predicate = true> <Delay = 0.00>
ST_1 : Operation 41 [1/1] (0.00ns)   --->   "%mrv_3 = insertvalue i128 %mrv_2, i8 %temp_0_18" [AES.cpp:69]   --->   Operation 41 'insertvalue' 'mrv_3' <Predicate = true> <Delay = 0.00>
ST_1 : Operation 42 [1/1] (0.00ns)   --->   "%mrv_4 = insertvalue i128 %mrv_3, i8 %temp_1" [AES.cpp:69]   --->   Operation 42 'insertvalue' 'mrv_4' <Predicate = true> <Delay = 0.00>
ST_1 : Operation 43 [1/1] (0.00ns)   --->   "%mrv_5 = insertvalue i128 %mrv_4, i8 %temp_1_16" [AES.cpp:69]   --->   Operation 43 'insertvalue' 'mrv_5' <Predicate = true> <Delay = 0.00>
ST_1 : Operation 44 [1/1] (0.00ns)   --->   "%mrv_6 = insertvalue i128 %mrv_5, i8 %temp_1_17" [AES.cpp:69]   --->   Operation 44 'insertvalue' 'mrv_6' <Predicate = true> <Delay = 0.00>
ST_1 : Operation 45 [1/1] (0.00ns)   --->   "%mrv_7 = insertvalue i128 %mrv_6, i8 %temp_1_18" [AES.cpp:69]   --->   Operation 45 'insertvalue' 'mrv_7' <Predicate = true> <Delay = 0.00>
ST_1 : Operation 46 [1/1] (0.00ns)   --->   "%mrv_8 = insertvalue i128 %mrv_7, i8 %temp_2" [AES.cpp:69]   --->   Operation 46 'insertvalue' 'mrv_8' <Predicate = true> <Delay = 0.00>
ST_1 : Operation 47 [1/1] (0.00ns)   --->   "%mrv_9 = insertvalue i128 %mrv_8, i8 %temp_2_16" [AES.cpp:69]   --->   Operation 47 'insertvalue' 'mrv_9' <Predicate = true> <Delay = 0.00>
ST_1 : Operation 48 [1/1] (0.00ns)   --->   "%mrv_10 = insertvalue i128 %mrv_9, i8 %temp_2_17" [AES.cpp:69]   --->   Operation 48 'insertvalue' 'mrv_10' <Predicate = true> <Delay = 0.00>
ST_1 : Operation 49 [1/1] (0.00ns)   --->   "%mrv_11 = insertvalue i128 %mrv_10, i8 %temp_2_18" [AES.cpp:69]   --->   Operation 49 'insertvalue' 'mrv_11' <Predicate = true> <Delay = 0.00>
ST_1 : Operation 50 [1/1] (0.00ns)   --->   "%mrv_12 = insertvalue i128 %mrv_11, i8 %temp_3" [AES.cpp:69]   --->   Operation 50 'insertvalue' 'mrv_12' <Predicate = true> <Delay = 0.00>
ST_1 : Operation 51 [1/1] (0.00ns)   --->   "%mrv_13 = insertvalue i128 %mrv_12, i8 %temp_3_16" [AES.cpp:69]   --->   Operation 51 'insertvalue' 'mrv_13' <Predicate = true> <Delay = 0.00>
ST_1 : Operation 52 [1/1] (0.00ns)   --->   "%mrv_14 = insertvalue i128 %mrv_13, i8 %temp_3_17" [AES.cpp:69]   --->   Operation 52 'insertvalue' 'mrv_14' <Predicate = true> <Delay = 0.00>
ST_1 : Operation 53 [1/1] (0.00ns)   --->   "%mrv_s = insertvalue i128 %mrv_14, i8 %temp_3_18" [AES.cpp:69]   --->   Operation 53 'insertvalue' 'mrv_s' <Predicate = true> <Delay = 0.00>
ST_1 : Operation 54 [1/1] (0.00ns)   --->   "%ret_ln69 = ret i128 %mrv_s" [AES.cpp:69]   --->   Operation 54 'ret' 'ret_ln69' <Predicate = true> <Delay = 0.00>


============================================================
+ Verbose Summary: Binding
============================================================
STG Binding: 
---------------- STG Properties BEGIN ----------------
- Is combinational: 0
- Is one-state seq: 1
- Is datapath-only: 0
- Is pipelined: 0
- Is top level: 0
Port [ Return ] is wired: 1; IO mode=ap_ctrl_hs:ce=0
Port [ p_read]:  wired=1; compound=0; hidden=0; nouse=0; global=0; static=0; extern=0; dir=0; type=0; pingpong=0; private_global=0; IO mode=ap_none:ce=0
Port [ p_read1]:  wired=1; compound=0; hidden=0; nouse=0; global=0; static=0; extern=0; dir=0; type=0; pingpong=0; private_global=0; IO mode=ap_none:ce=0
Port [ p_read2]:  wired=1; compound=0; hidden=0; nouse=0; global=0; static=0; extern=0; dir=0; type=0; pingpong=0; private_global=0; IO mode=ap_none:ce=0
Port [ p_read3]:  wired=1; compound=0; hidden=0; nouse=0; global=0; static=0; extern=0; dir=0; type=0; pingpong=0; private_global=0; IO mode=ap_none:ce=0
Port [ p_read4]:  wired=1; compound=0; hidden=0; nouse=0; global=0; static=0; extern=0; dir=0; type=0; pingpong=0; private_global=0; IO mode=ap_none:ce=0
Port [ p_read5]:  wired=1; compound=0; hidden=0; nouse=0; global=0; static=0; extern=0; dir=0; type=0; pingpong=0; private_global=0; IO mode=ap_none:ce=0
Port [ p_read6]:  wired=1; compound=0; hidden=0; nouse=0; global=0; static=0; extern=0; dir=0; type=0; pingpong=0; private_global=0; IO mode=ap_none:ce=0
Port [ p_read7]:  wired=1; compound=0; hidden=0; nouse=0; global=0; static=0; extern=0; dir=0; type=0; pingpong=0; private_global=0; IO mode=ap_none:ce=0
Port [ p_read8]:  wired=1; compound=0; hidden=0; nouse=0; global=0; static=0; extern=0; dir=0; type=0; pingpong=0; private_global=0; IO mode=ap_none:ce=0
Port [ p_read9]:  wired=1; compound=0; hidden=0; nouse=0; global=0; static=0; extern=0; dir=0; type=0; pingpong=0; private_global=0; IO mode=ap_none:ce=0
Port [ p_read10]:  wired=1; compound=0; hidden=0; nouse=0; global=0; static=0; extern=0; dir=0; type=0; pingpong=0; private_global=0; IO mode=ap_none:ce=0
Port [ p_read11]:  wired=1; compound=0; hidden=0; nouse=0; global=0; static=0; extern=0; dir=0; type=0; pingpong=0; private_global=0; IO mode=ap_none:ce=0
Port [ p_read12]:  wired=1; compound=0; hidden=0; nouse=0; global=0; static=0; extern=0; dir=0; type=0; pingpong=0; private_global=0; IO mode=ap_none:ce=0
Port [ p_read13]:  wired=1; compound=0; hidden=0; nouse=0; global=0; static=0; extern=0; dir=0; type=0; pingpong=0; private_global=0; IO mode=ap_none:ce=0
Port [ p_read14]:  wired=1; compound=0; hidden=0; nouse=0; global=0; static=0; extern=0; dir=0; type=0; pingpong=0; private_global=0; IO mode=ap_none:ce=0
Port [ p_read15]:  wired=1; compound=0; hidden=0; nouse=0; global=0; static=0; extern=0; dir=0; type=0; pingpong=0; private_global=0; IO mode=ap_none:ce=0
---------------- STG Properties END ------------------

---------------- Datapath Model BEGIN ----------------

<LifeTime>
<method=bitvector/>
p_read_177 (read        ) [ 00]
p_read_178 (read        ) [ 00]
p_read_179 (read        ) [ 00]
p_read_180 (read        ) [ 00]
p_read1127 (read        ) [ 00]
p_read1026 (read        ) [ 00]
p_read925  (read        ) [ 00]
p_read824  (read        ) [ 00]
p_read723  (read        ) [ 00]
p_read622  (read        ) [ 00]
p_read521  (read        ) [ 00]
p_read420  (read        ) [ 00]
p_read319  (read        ) [ 00]
p_read218  (read        ) [ 00]
p_read117  (read        ) [ 00]
p_read16   (read        ) [ 00]
call_ret   (call        ) [ 00]
temp_0     (extractvalue) [ 00]
temp_1     (extractvalue) [ 00]
temp_2     (extractvalue) [ 00]
temp_3     (extractvalue) [ 00]
call_ret7  (call        ) [ 00]
temp_0_16  (extractvalue) [ 00]
temp_1_16  (extractvalue) [ 00]
temp_2_16  (extractvalue) [ 00]
temp_3_16  (extractvalue) [ 00]
call_ret8  (call        ) [ 00]
temp_0_17  (extractvalue) [ 00]
temp_1_17  (extractvalue) [ 00]
temp_2_17  (extractvalue) [ 00]
temp_3_17  (extractvalue) [ 00]
call_ret9  (call        ) [ 00]
temp_0_18  (extractvalue) [ 00]
temp_1_18  (extractvalue) [ 00]
temp_2_18  (extractvalue) [ 00]
temp_3_18  (extractvalue) [ 00]
mrv        (insertvalue ) [ 00]
mrv_1      (insertvalue ) [ 00]
mrv_2      (insertvalue ) [ 00]
mrv_3      (insertvalue ) [ 00]
mrv_4      (insertvalue ) [ 00]
mrv_5      (insertvalue ) [ 00]
mrv_6      (insertvalue ) [ 00]
mrv_7      (insertvalue ) [ 00]
mrv_8      (insertvalue ) [ 00]
mrv_9      (insertvalue ) [ 00]
mrv_10     (insertvalue ) [ 00]
mrv_11     (insertvalue ) [ 00]
mrv_12     (insertvalue ) [ 00]
mrv_13     (insertvalue ) [ 00]
mrv_14     (insertvalue ) [ 00]
mrv_s      (insertvalue ) [ 00]
ret_ln69   (ret         ) [ 00]
</LifeTime>

<model>

<comp_list>
<comp id="0" class="1000" name="p_read">
<pin_list>
<pin id="1" dir="1" index="0" bw="1" slack="0"/>
</pin_list>
<bind>
<StgValue><ssdm name="p_read"/></StgValue>
</bind>
</comp>

<comp id="2" class="1000" name="p_read1">
<pin_list>
<pin id="3" dir="1" index="0" bw="1" slack="0"/>
</pin_list>
<bind>
<StgValue><ssdm name="p_read1"/></StgValue>
</bind>
</comp>

<comp id="4" class="1000" name="p_read2">
<pin_list>
<pin id="5" dir="1" index="0" bw="1" slack="0"/>
</pin_list>
<bind>
<StgValue><ssdm name="p_read2"/></StgValue>
</bind>
</comp>

<comp id="6" class="1000" name="p_read3">
<pin_list>
<pin id="7" dir="1" index="0" bw="1" slack="0"/>
</pin_list>
<bind>
<StgValue><ssdm name="p_read3"/></StgValue>
</bind>
</comp>

<comp id="8" class="1000" name="p_read4">
<pin_list>
<pin id="9" dir="1" index="0" bw="1" slack="0"/>
</pin_list>
<bind>
<StgValue><ssdm name="p_read4"/></StgValue>
</bind>
</comp>

<comp id="10" class="1000" name="p_read5">
<pin_list>
<pin id="11" dir="1" index="0" bw="1" slack="0"/>
</pin_list>
<bind>
<StgValue><ssdm name="p_read5"/></StgValue>
</bind>
</comp>

<comp id="12" class="1000" name="p_read6">
<pin_list>
<pin id="13" dir="1" index="0" bw="1" slack="0"/>
</pin_list>
<bind>
<StgValue><ssdm name="p_read6"/></StgValue>
</bind>
</comp>

<comp id="14" class="1000" name="p_read7">
<pin_list>
<pin id="15" dir="1" index="0" bw="1" slack="0"/>
</pin_list>
<bind>
<StgValue><ssdm name="p_read7"/></StgValue>
</bind>
</comp>

<comp id="16" class="1000" name="p_read8">
<pin_list>
<pin id="17" dir="1" index="0" bw="1" slack="0"/>
</pin_list>
<bind>
<StgValue><ssdm name="p_read8"/></StgValue>
</bind>
</comp>

<comp id="18" class="1000" name="p_read9">
<pin_list>
<pin id="19" dir="1" index="0" bw="1" slack="0"/>
</pin_list>
<bind>
<StgValue><ssdm name="p_read9"/></StgValue>
</bind>
</comp>

<comp id="20" class="1000" name="p_read10">
<pin_list>
<pin id="21" dir="1" index="0" bw="1" slack="0"/>
</pin_list>
<bind>
<StgValue><ssdm name="p_read10"/></StgValue>
</bind>
</comp>

<comp id="22" class="1000" name="p_read11">
<pin_list>
<pin id="23" dir="1" index="0" bw="1" slack="0"/>
</pin_list>
<bind>
<StgValue><ssdm name="p_read11"/></StgValue>
</bind>
</comp>

<comp id="24" class="1000" name="p_read12">
<pin_list>
<pin id="25" dir="1" index="0" bw="1" slack="0"/>
</pin_list>
<bind>
<StgValue><ssdm name="p_read12"/></StgValue>
</bind>
</comp>

<comp id="26" class="1000" name="p_read13">
<pin_list>
<pin id="27" dir="1" index="0" bw="1" slack="0"/>
</pin_list>
<bind>
<StgValue><ssdm name="p_read13"/></StgValue>
</bind>
</comp>

<comp id="28" class="1000" name="p_read14">
<pin_list>
<pin id="29" dir="1" index="0" bw="1" slack="0"/>
</pin_list>
<bind>
<StgValue><ssdm name="p_read14"/></StgValue>
</bind>
</comp>

<comp id="30" class="1000" name="p_read15">
<pin_list>
<pin id="31" dir="1" index="0" bw="1" slack="0"/>
</pin_list>
<bind>
<StgValue><ssdm name="p_read15"/></StgValue>
</bind>
</comp>

<comp id="32" class="1001" name="const_32">
<pin_list>
<pin id="33" dir="1" index="0" bw="1" slack="0"/>
</pin_list>
<bind>
<StgValue><ssdm name="_ssdm_op_Read.ap_auto.i8"/></StgValue>
</bind>
</comp>

<comp id="34" class="1001" name="const_34">
<pin_list>
<pin id="35" dir="1" index="0" bw="1" slack="0"/>
</pin_list>
<bind>
<StgValue><ssdm name="Four_Term_Multiplication"/></StgValue>
</bind>
</comp>

<comp id="36" class="1001" name="const_36">
<pin_list>
<pin id="37" dir="1" index="0" bw="1" slack="0"/>
</pin_list>
<bind>
<StgValue><ssdm name=""/></StgValue>
</bind>
</comp>

<comp id="38" class="1004" name="p_read_177_read_fu_38">
<pin_list>
<pin id="39" dir="0" index="0" bw="8" slack="0"/>
<pin id="40" dir="0" index="1" bw="8" slack="0"/>
<pin id="41" dir="1" index="2" bw="8" slack="0"/>
</pin_list>
<bind>
<opcode="read(1150) " fcode="read"/>
<opset="p_read_177/1 "/>
</bind>
</comp>

<comp id="44" class="1004" name="p_read_178_read_fu_44">
<pin_list>
<pin id="45" dir="0" index="0" bw="8" slack="0"/>
<pin id="46" dir="0" index="1" bw="8" slack="0"/>
<pin id="47" dir="1" index="2" bw="8" slack="0"/>
</pin_list>
<bind>
<opcode="read(1150) " fcode="read"/>
<opset="p_read_178/1 "/>
</bind>
</comp>

<comp id="50" class="1004" name="p_read_179_read_fu_50">
<pin_list>
<pin id="51" dir="0" index="0" bw="8" slack="0"/>
<pin id="52" dir="0" index="1" bw="8" slack="0"/>
<pin id="53" dir="1" index="2" bw="8" slack="0"/>
</pin_list>
<bind>
<opcode="read(1150) " fcode="read"/>
<opset="p_read_179/1 "/>
</bind>
</comp>

<comp id="56" class="1004" name="p_read_180_read_fu_56">
<pin_list>
<pin id="57" dir="0" index="0" bw="8" slack="0"/>
<pin id="58" dir="0" index="1" bw="8" slack="0"/>
<pin id="59" dir="1" index="2" bw="8" slack="0"/>
</pin_list>
<bind>
<opcode="read(1150) " fcode="read"/>
<opset="p_read_180/1 "/>
</bind>
</comp>

<comp id="62" class="1004" name="p_read1127_read_fu_62">
<pin_list>
<pin id="63" dir="0" index="0" bw="8" slack="0"/>
<pin id="64" dir="0" index="1" bw="8" slack="0"/>
<pin id="65" dir="1" index="2" bw="8" slack="0"/>
</pin_list>
<bind>
<opcode="read(1150) " fcode="read"/>
<opset="p_read1127/1 "/>
</bind>
</comp>

<comp id="68" class="1004" name="p_read1026_read_fu_68">
<pin_list>
<pin id="69" dir="0" index="0" bw="8" slack="0"/>
<pin id="70" dir="0" index="1" bw="8" slack="0"/>
<pin id="71" dir="1" index="2" bw="8" slack="0"/>
</pin_list>
<bind>
<opcode="read(1150) " fcode="read"/>
<opset="p_read1026/1 "/>
</bind>
</comp>

<comp id="74" class="1004" name="p_read925_read_fu_74">
<pin_list>
<pin id="75" dir="0" index="0" bw="8" slack="0"/>
<pin id="76" dir="0" index="1" bw="8" slack="0"/>
<pin id="77" dir="1" index="2" bw="8" slack="0"/>
</pin_list>
<bind>
<opcode="read(1150) " fcode="read"/>
<opset="p_read925/1 "/>
</bind>
</comp>

<comp id="80" class="1004" name="p_read824_read_fu_80">
<pin_list>
<pin id="81" dir="0" index="0" bw="8" slack="0"/>
<pin id="82" dir="0" index="1" bw="8" slack="0"/>
<pin id="83" dir="1" index="2" bw="8" slack="0"/>
</pin_list>
<bind>
<opcode="read(1150) " fcode="read"/>
<opset="p_read824/1 "/>
</bind>
</comp>

<comp id="86" class="1004" name="p_read723_read_fu_86">
<pin_list>
<pin id="87" dir="0" index="0" bw="8" slack="0"/>
<pin id="88" dir="0" index="1" bw="8" slack="0"/>
<pin id="89" dir="1" index="2" bw="8" slack="0"/>
</pin_list>
<bind>
<opcode="read(1150) " fcode="read"/>
<opset="p_read723/1 "/>
</bind>
</comp>

<comp id="92" class="1004" name="p_read622_read_fu_92">
<pin_list>
<pin id="93" dir="0" index="0" bw="8" slack="0"/>
<pin id="94" dir="0" index="1" bw="8" slack="0"/>
<pin id="95" dir="1" index="2" bw="8" slack="0"/>
</pin_list>
<bind>
<opcode="read(1150) " fcode="read"/>
<opset="p_read622/1 "/>
</bind>
</comp>

<comp id="98" class="1004" name="p_read521_read_fu_98">
<pin_list>
<pin id="99" dir="0" index="0" bw="8" slack="0"/>
<pin id="100" dir="0" index="1" bw="8" slack="0"/>
<pin id="101" dir="1" index="2" bw="8" slack="0"/>
</pin_list>
<bind>
<opcode="read(1150) " fcode="read"/>
<opset="p_read521/1 "/>
</bind>
</comp>

<comp id="104" class="1004" name="p_read420_read_fu_104">
<pin_list>
<pin id="105" dir="0" index="0" bw="8" slack="0"/>
<pin id="106" dir="0" index="1" bw="8" slack="0"/>
<pin id="107" dir="1" index="2" bw="8" slack="0"/>
</pin_list>
<bind>
<opcode="read(1150) " fcode="read"/>
<opset="p_read420/1 "/>
</bind>
</comp>

<comp id="110" class="1004" name="p_read319_read_fu_110">
<pin_list>
<pin id="111" dir="0" index="0" bw="8" slack="0"/>
<pin id="112" dir="0" index="1" bw="8" slack="0"/>
<pin id="113" dir="1" index="2" bw="8" slack="0"/>
</pin_list>
<bind>
<opcode="read(1150) " fcode="read"/>
<opset="p_read319/1 "/>
</bind>
</comp>

<comp id="116" class="1004" name="p_read218_read_fu_116">
<pin_list>
<pin id="117" dir="0" index="0" bw="8" slack="0"/>
<pin id="118" dir="0" index="1" bw="8" slack="0"/>
<pin id="119" dir="1" index="2" bw="8" slack="0"/>
</pin_list>
<bind>
<opcode="read(1150) " fcode="read"/>
<opset="p_read218/1 "/>
</bind>
</comp>

<comp id="122" class="1004" name="p_read117_read_fu_122">
<pin_list>
<pin id="123" dir="0" index="0" bw="8" slack="0"/>
<pin id="124" dir="0" index="1" bw="8" slack="0"/>
<pin id="125" dir="1" index="2" bw="8" slack="0"/>
</pin_list>
<bind>
<opcode="read(1150) " fcode="read"/>
<opset="p_read117/1 "/>
</bind>
</comp>

<comp id="128" class="1004" name="p_read16_read_fu_128">
<pin_list>
<pin id="129" dir="0" index="0" bw="8" slack="0"/>
<pin id="130" dir="0" index="1" bw="8" slack="0"/>
<pin id="131" dir="1" index="2" bw="8" slack="0"/>
</pin_list>
<bind>
<opcode="read(1150) " fcode="read"/>
<opset="p_read16/1 "/>
</bind>
</comp>

<comp id="134" class="1004" name="call_ret_Four_Term_Multiplication_fu_134">
<pin_list>
<pin id="135" dir="0" index="0" bw="32" slack="0"/>
<pin id="136" dir="0" index="1" bw="8" slack="0"/>
<pin id="137" dir="0" index="2" bw="8" slack="0"/>
<pin id="138" dir="0" index="3" bw="8" slack="0"/>
<pin id="139" dir="0" index="4" bw="8" slack="0"/>
<pin id="140" dir="1" index="5" bw="32" slack="0"/>
</pin_list>
<bind>
<opcode="call(48) " fcode="call"/>
<opset="call_ret/1 "/>
</bind>
</comp>

<comp id="146" class="1004" name="call_ret7_Four_Term_Multiplication_fu_146">
<pin_list>
<pin id="147" dir="0" index="0" bw="32" slack="0"/>
<pin id="148" dir="0" index="1" bw="8" slack="0"/>
<pin id="149" dir="0" index="2" bw="8" slack="0"/>
<pin id="150" dir="0" index="3" bw="8" slack="0"/>
<pin id="151" dir="0" index="4" bw="8" slack="0"/>
<pin id="152" dir="1" index="5" bw="32" slack="0"/>
</pin_list>
<bind>
<opcode="call(48) " fcode="call"/>
<opset="call_ret7/1 "/>
</bind>
</comp>

<comp id="158" class="1004" name="call_ret8_Four_Term_Multiplication_fu_158">
<pin_list>
<pin id="159" dir="0" index="0" bw="32" slack="0"/>
<pin id="160" dir="0" index="1" bw="8" slack="0"/>
<pin id="161" dir="0" index="2" bw="8" slack="0"/>
<pin id="162" dir="0" index="3" bw="8" slack="0"/>
<pin id="163" dir="0" index="4" bw="8" slack="0"/>
<pin id="164" dir="1" index="5" bw="32" slack="0"/>
</pin_list>
<bind>
<opcode="call(48) " fcode="call"/>
<opset="call_ret8/1 "/>
</bind>
</comp>

<comp id="170" class="1004" name="call_ret9_Four_Term_Multiplication_fu_170">
<pin_list>
<pin id="171" dir="0" index="0" bw="32" slack="0"/>
<pin id="172" dir="0" index="1" bw="8" slack="0"/>
<pin id="173" dir="0" index="2" bw="8" slack="0"/>
<pin id="174" dir="0" index="3" bw="8" slack="0"/>
<pin id="175" dir="0" index="4" bw="8" slack="0"/>
<pin id="176" dir="1" index="5" bw="32" slack="0"/>
</pin_list>
<bind>
<opcode="call(48) " fcode="call"/>
<opset="call_ret9/1 "/>
</bind>
</comp>

<comp id="182" class="1004" name="temp_0_fu_182">
<pin_list>
<pin id="183" dir="0" index="0" bw="32" slack="0"/>
<pin id="184" dir="1" index="1" bw="8" slack="0"/>
</pin_list>
<bind>
<opcode="extractvalue(56) " fcode="extractvalue"/>
<opset="temp_0/1 "/>
</bind>
</comp>

<comp id="186" class="1004" name="temp_1_fu_186">
<pin_list>
<pin id="187" dir="0" index="0" bw="32" slack="0"/>
<pin id="188" dir="1" index="1" bw="8" slack="0"/>
</pin_list>
<bind>
<opcode="extractvalue(56) " fcode="extractvalue"/>
<opset="temp_1/1 "/>
</bind>
</comp>

<comp id="190" class="1004" name="temp_2_fu_190">
<pin_list>
<pin id="191" dir="0" index="0" bw="32" slack="0"/>
<pin id="192" dir="1" index="1" bw="8" slack="0"/>
</pin_list>
<bind>
<opcode="extractvalue(56) " fcode="extractvalue"/>
<opset="temp_2/1 "/>
</bind>
</comp>

<comp id="194" class="1004" name="temp_3_fu_194">
<pin_list>
<pin id="195" dir="0" index="0" bw="32" slack="0"/>
<pin id="196" dir="1" index="1" bw="8" slack="0"/>
</pin_list>
<bind>
<opcode="extractvalue(56) " fcode="extractvalue"/>
<opset="temp_3/1 "/>
</bind>
</comp>

<comp id="198" class="1004" name="temp_0_16_fu_198">
<pin_list>
<pin id="199" dir="0" index="0" bw="32" slack="0"/>
<pin id="200" dir="1" index="1" bw="8" slack="0"/>
</pin_list>
<bind>
<opcode="extractvalue(56) " fcode="extractvalue"/>
<opset="temp_0_16/1 "/>
</bind>
</comp>

<comp id="202" class="1004" name="temp_1_16_fu_202">
<pin_list>
<pin id="203" dir="0" index="0" bw="32" slack="0"/>
<pin id="204" dir="1" index="1" bw="8" slack="0"/>
</pin_list>
<bind>
<opcode="extractvalue(56) " fcode="extractvalue"/>
<opset="temp_1_16/1 "/>
</bind>
</comp>

<comp id="206" class="1004" name="temp_2_16_fu_206">
<pin_list>
<pin id="207" dir="0" index="0" bw="32" slack="0"/>
<pin id="208" dir="1" index="1" bw="8" slack="0"/>
</pin_list>
<bind>
<opcode="extractvalue(56) " fcode="extractvalue"/>
<opset="temp_2_16/1 "/>
</bind>
</comp>

<comp id="210" class="1004" name="temp_3_16_fu_210">
<pin_list>
<pin id="211" dir="0" index="0" bw="32" slack="0"/>
<pin id="212" dir="1" index="1" bw="8" slack="0"/>
</pin_list>
<bind>
<opcode="extractvalue(56) " fcode="extractvalue"/>
<opset="temp_3_16/1 "/>
</bind>
</comp>

<comp id="214" class="1004" name="temp_0_17_fu_214">
<pin_list>
<pin id="215" dir="0" index="0" bw="32" slack="0"/>
<pin id="216" dir="1" index="1" bw="8" slack="0"/>
</pin_list>
<bind>
<opcode="extractvalue(56) " fcode="extractvalue"/>
<opset="temp_0_17/1 "/>
</bind>
</comp>

<comp id="218" class="1004" name="temp_1_17_fu_218">
<pin_list>
<pin id="219" dir="0" index="0" bw="32" slack="0"/>
<pin id="220" dir="1" index="1" bw="8" slack="0"/>
</pin_list>
<bind>
<opcode="extractvalue(56) " fcode="extractvalue"/>
<opset="temp_1_17/1 "/>
</bind>
</comp>

<comp id="222" class="1004" name="temp_2_17_fu_222">
<pin_list>
<pin id="223" dir="0" index="0" bw="32" slack="0"/>
<pin id="224" dir="1" index="1" bw="8" slack="0"/>
</pin_list>
<bind>
<opcode="extractvalue(56) " fcode="extractvalue"/>
<opset="temp_2_17/1 "/>
</bind>
</comp>

<comp id="226" class="1004" name="temp_3_17_fu_226">
<pin_list>
<pin id="227" dir="0" index="0" bw="32" slack="0"/>
<pin id="228" dir="1" index="1" bw="8" slack="0"/>
</pin_list>
<bind>
<opcode="extractvalue(56) " fcode="extractvalue"/>
<opset="temp_3_17/1 "/>
</bind>
</comp>

<comp id="230" class="1004" name="temp_0_18_fu_230">
<pin_list>
<pin id="231" dir="0" index="0" bw="32" slack="0"/>
<pin id="232" dir="1" index="1" bw="8" slack="0"/>
</pin_list>
<bind>
<opcode="extractvalue(56) " fcode="extractvalue"/>
<opset="temp_0_18/1 "/>
</bind>
</comp>

<comp id="234" class="1004" name="temp_1_18_fu_234">
<pin_list>
<pin id="235" dir="0" index="0" bw="32" slack="0"/>
<pin id="236" dir="1" index="1" bw="8" slack="0"/>
</pin_list>
<bind>
<opcode="extractvalue(56) " fcode="extractvalue"/>
<opset="temp_1_18/1 "/>
</bind>
</comp>

<comp id="238" class="1004" name="temp_2_18_fu_238">
<pin_list>
<pin id="239" dir="0" index="0" bw="32" slack="0"/>
<pin id="240" dir="1" index="1" bw="8" slack="0"/>
</pin_list>
<bind>
<opcode="extractvalue(56) " fcode="extractvalue"/>
<opset="temp_2_18/1 "/>
</bind>
</comp>

<comp id="242" class="1004" name="temp_3_18_fu_242">
<pin_list>
<pin id="243" dir="0" index="0" bw="32" slack="0"/>
<pin id="244" dir="1" index="1" bw="8" slack="0"/>
</pin_list>
<bind>
<opcode="extractvalue(56) " fcode="extractvalue"/>
<opset="temp_3_18/1 "/>
</bind>
</comp>

<comp id="246" class="1004" name="mrv_fu_246">
<pin_list>
<pin id="247" dir="0" index="0" bw="128" slack="0"/>
<pin id="248" dir="0" index="1" bw="8" slack="0"/>
<pin id="249" dir="1" index="2" bw="128" slack="0"/>
</pin_list>
<bind>
<opcode="insertvalue(57) " fcode="insertvalue"/>
<opset="mrv/1 "/>
</bind>
</comp>

<comp id="252" class="1004" name="mrv_1_fu_252">
<pin_list>
<pin id="253" dir="0" index="0" bw="128" slack="0"/>
<pin id="254" dir="0" index="1" bw="8" slack="0"/>
<pin id="255" dir="1" index="2" bw="128" slack="0"/>
</pin_list>
<bind>
<opcode="insertvalue(57) " fcode="insertvalue"/>
<opset="mrv_1/1 "/>
</bind>
</comp>

<comp id="258" class="1004" name="mrv_2_fu_258">
<pin_list>
<pin id="259" dir="0" index="0" bw="128" slack="0"/>
<pin id="260" dir="0" index="1" bw="8" slack="0"/>
<pin id="261" dir="1" index="2" bw="128" slack="0"/>
</pin_list>
<bind>
<opcode="insertvalue(57) " fcode="insertvalue"/>
<opset="mrv_2/1 "/>
</bind>
</comp>

<comp id="264" class="1004" name="mrv_3_fu_264">
<pin_list>
<pin id="265" dir="0" index="0" bw="128" slack="0"/>
<pin id="266" dir="0" index="1" bw="8" slack="0"/>
<pin id="267" dir="1" index="2" bw="128" slack="0"/>
</pin_list>
<bind>
<opcode="insertvalue(57) " fcode="insertvalue"/>
<opset="mrv_3/1 "/>
</bind>
</comp>

<comp id="270" class="1004" name="mrv_4_fu_270">
<pin_list>
<pin id="271" dir="0" index="0" bw="128" slack="0"/>
<pin id="272" dir="0" index="1" bw="8" slack="0"/>
<pin id="273" dir="1" index="2" bw="128" slack="0"/>
</pin_list>
<bind>
<opcode="insertvalue(57) " fcode="insertvalue"/>
<opset="mrv_4/1 "/>
</bind>
</comp>

<comp id="276" class="1004" name="mrv_5_fu_276">
<pin_list>
<pin id="277" dir="0" index="0" bw="128" slack="0"/>
<pin id="278" dir="0" index="1" bw="8" slack="0"/>
<pin id="279" dir="1" index="2" bw="128" slack="0"/>
</pin_list>
<bind>
<opcode="insertvalue(57) " fcode="insertvalue"/>
<opset="mrv_5/1 "/>
</bind>
</comp>

<comp id="282" class="1004" name="mrv_6_fu_282">
<pin_list>
<pin id="283" dir="0" index="0" bw="128" slack="0"/>
<pin id="284" dir="0" index="1" bw="8" slack="0"/>
<pin id="285" dir="1" index="2" bw="128" slack="0"/>
</pin_list>
<bind>
<opcode="insertvalue(57) " fcode="insertvalue"/>
<opset="mrv_6/1 "/>
</bind>
</comp>

<comp id="288" class="1004" name="mrv_7_fu_288">
<pin_list>
<pin id="289" dir="0" index="0" bw="128" slack="0"/>
<pin id="290" dir="0" index="1" bw="8" slack="0"/>
<pin id="291" dir="1" index="2" bw="128" slack="0"/>
</pin_list>
<bind>
<opcode="insertvalue(57) " fcode="insertvalue"/>
<opset="mrv_7/1 "/>
</bind>
</comp>

<comp id="294" class="1004" name="mrv_8_fu_294">
<pin_list>
<pin id="295" dir="0" index="0" bw="128" slack="0"/>
<pin id="296" dir="0" index="1" bw="8" slack="0"/>
<pin id="297" dir="1" index="2" bw="128" slack="0"/>
</pin_list>
<bind>
<opcode="insertvalue(57) " fcode="insertvalue"/>
<opset="mrv_8/1 "/>
</bind>
</comp>

<comp id="300" class="1004" name="mrv_9_fu_300">
<pin_list>
<pin id="301" dir="0" index="0" bw="128" slack="0"/>
<pin id="302" dir="0" index="1" bw="8" slack="0"/>
<pin id="303" dir="1" index="2" bw="128" slack="0"/>
</pin_list>
<bind>
<opcode="insertvalue(57) " fcode="insertvalue"/>
<opset="mrv_9/1 "/>
</bind>
</comp>

<comp id="306" class="1004" name="mrv_10_fu_306">
<pin_list>
<pin id="307" dir="0" index="0" bw="128" slack="0"/>
<pin id="308" dir="0" index="1" bw="8" slack="0"/>
<pin id="309" dir="1" index="2" bw="128" slack="0"/>
</pin_list>
<bind>
<opcode="insertvalue(57) " fcode="insertvalue"/>
<opset="mrv_10/1 "/>
</bind>
</comp>

<comp id="312" class="1004" name="mrv_11_fu_312">
<pin_list>
<pin id="313" dir="0" index="0" bw="128" slack="0"/>
<pin id="314" dir="0" index="1" bw="8" slack="0"/>
<pin id="315" dir="1" index="2" bw="128" slack="0"/>
</pin_list>
<bind>
<opcode="insertvalue(57) " fcode="insertvalue"/>
<opset="mrv_11/1 "/>
</bind>
</comp>

<comp id="318" class="1004" name="mrv_12_fu_318">
<pin_list>
<pin id="319" dir="0" index="0" bw="128" slack="0"/>
<pin id="320" dir="0" index="1" bw="8" slack="0"/>
<pin id="321" dir="1" index="2" bw="128" slack="0"/>
</pin_list>
<bind>
<opcode="insertvalue(57) " fcode="insertvalue"/>
<opset="mrv_12/1 "/>
</bind>
</comp>

<comp id="324" class="1004" name="mrv_13_fu_324">
<pin_list>
<pin id="325" dir="0" index="0" bw="128" slack="0"/>
<pin id="326" dir="0" index="1" bw="8" slack="0"/>
<pin id="327" dir="1" index="2" bw="128" slack="0"/>
</pin_list>
<bind>
<opcode="insertvalue(57) " fcode="insertvalue"/>
<opset="mrv_13/1 "/>
</bind>
</comp>

<comp id="330" class="1004" name="mrv_14_fu_330">
<pin_list>
<pin id="331" dir="0" index="0" bw="128" slack="0"/>
<pin id="332" dir="0" index="1" bw="8" slack="0"/>
<pin id="333" dir="1" index="2" bw="128" slack="0"/>
</pin_list>
<bind>
<opcode="insertvalue(57) " fcode="insertvalue"/>
<opset="mrv_14/1 "/>
</bind>
</comp>

<comp id="336" class="1004" name="mrv_s_fu_336">
<pin_list>
<pin id="337" dir="0" index="0" bw="128" slack="0"/>
<pin id="338" dir="0" index="1" bw="8" slack="0"/>
<pin id="339" dir="1" index="2" bw="128" slack="2147483647"/>
</pin_list>
<bind>
<opcode="insertvalue(57) " fcode="insertvalue"/>
<opset="mrv_s/1 "/>
</bind>
</comp>

</comp_list>

<net_list>
<net id="42"><net_src comp="32" pin="0"/><net_sink comp="38" pin=0"/></net>

<net id="43"><net_src comp="30" pin="0"/><net_sink comp="38" pin=1"/></net>

<net id="48"><net_src comp="32" pin="0"/><net_sink comp="44" pin=0"/></net>

<net id="49"><net_src comp="28" pin="0"/><net_sink comp="44" pin=1"/></net>

<net id="54"><net_src comp="32" pin="0"/><net_sink comp="50" pin=0"/></net>

<net id="55"><net_src comp="26" pin="0"/><net_sink comp="50" pin=1"/></net>

<net id="60"><net_src comp="32" pin="0"/><net_sink comp="56" pin=0"/></net>

<net id="61"><net_src comp="24" pin="0"/><net_sink comp="56" pin=1"/></net>

<net id="66"><net_src comp="32" pin="0"/><net_sink comp="62" pin=0"/></net>

<net id="67"><net_src comp="22" pin="0"/><net_sink comp="62" pin=1"/></net>

<net id="72"><net_src comp="32" pin="0"/><net_sink comp="68" pin=0"/></net>

<net id="73"><net_src comp="20" pin="0"/><net_sink comp="68" pin=1"/></net>

<net id="78"><net_src comp="32" pin="0"/><net_sink comp="74" pin=0"/></net>

<net id="79"><net_src comp="18" pin="0"/><net_sink comp="74" pin=1"/></net>

<net id="84"><net_src comp="32" pin="0"/><net_sink comp="80" pin=0"/></net>

<net id="85"><net_src comp="16" pin="0"/><net_sink comp="80" pin=1"/></net>

<net id="90"><net_src comp="32" pin="0"/><net_sink comp="86" pin=0"/></net>

<net id="91"><net_src comp="14" pin="0"/><net_sink comp="86" pin=1"/></net>

<net id="96"><net_src comp="32" pin="0"/><net_sink comp="92" pin=0"/></net>

<net id="97"><net_src comp="12" pin="0"/><net_sink comp="92" pin=1"/></net>

<net id="102"><net_src comp="32" pin="0"/><net_sink comp="98" pin=0"/></net>

<net id="103"><net_src comp="10" pin="0"/><net_sink comp="98" pin=1"/></net>

<net id="108"><net_src comp="32" pin="0"/><net_sink comp="104" pin=0"/></net>

<net id="109"><net_src comp="8" pin="0"/><net_sink comp="104" pin=1"/></net>

<net id="114"><net_src comp="32" pin="0"/><net_sink comp="110" pin=0"/></net>

<net id="115"><net_src comp="6" pin="0"/><net_sink comp="110" pin=1"/></net>

<net id="120"><net_src comp="32" pin="0"/><net_sink comp="116" pin=0"/></net>

<net id="121"><net_src comp="4" pin="0"/><net_sink comp="116" pin=1"/></net>

<net id="126"><net_src comp="32" pin="0"/><net_sink comp="122" pin=0"/></net>

<net id="127"><net_src comp="2" pin="0"/><net_sink comp="122" pin=1"/></net>

<net id="132"><net_src comp="32" pin="0"/><net_sink comp="128" pin=0"/></net>

<net id="133"><net_src comp="0" pin="0"/><net_sink comp="128" pin=1"/></net>

<net id="141"><net_src comp="34" pin="0"/><net_sink comp="134" pin=0"/></net>

<net id="142"><net_src comp="128" pin="2"/><net_sink comp="134" pin=1"/></net>

<net id="143"><net_src comp="104" pin="2"/><net_sink comp="134" pin=2"/></net>

<net id="144"><net_src comp="80" pin="2"/><net_sink comp="134" pin=3"/></net>

<net id="145"><net_src comp="56" pin="2"/><net_sink comp="134" pin=4"/></net>

<net id="153"><net_src comp="34" pin="0"/><net_sink comp="146" pin=0"/></net>

<net id="154"><net_src comp="122" pin="2"/><net_sink comp="146" pin=1"/></net>

<net id="155"><net_src comp="98" pin="2"/><net_sink comp="146" pin=2"/></net>

<net id="156"><net_src comp="74" pin="2"/><net_sink comp="146" pin=3"/></net>

<net id="157"><net_src comp="50" pin="2"/><net_sink comp="146" pin=4"/></net>

<net id="165"><net_src comp="34" pin="0"/><net_sink comp="158" pin=0"/></net>

<net id="166"><net_src comp="116" pin="2"/><net_sink comp="158" pin=1"/></net>

<net id="167"><net_src comp="92" pin="2"/><net_sink comp="158" pin=2"/></net>

<net id="168"><net_src comp="68" pin="2"/><net_sink comp="158" pin=3"/></net>

<net id="169"><net_src comp="44" pin="2"/><net_sink comp="158" pin=4"/></net>

<net id="177"><net_src comp="34" pin="0"/><net_sink comp="170" pin=0"/></net>

<net id="178"><net_src comp="110" pin="2"/><net_sink comp="170" pin=1"/></net>

<net id="179"><net_src comp="86" pin="2"/><net_sink comp="170" pin=2"/></net>

<net id="180"><net_src comp="62" pin="2"/><net_sink comp="170" pin=3"/></net>

<net id="181"><net_src comp="38" pin="2"/><net_sink comp="170" pin=4"/></net>

<net id="185"><net_src comp="134" pin="5"/><net_sink comp="182" pin=0"/></net>

<net id="189"><net_src comp="134" pin="5"/><net_sink comp="186" pin=0"/></net>

<net id="193"><net_src comp="134" pin="5"/><net_sink comp="190" pin=0"/></net>

<net id="197"><net_src comp="134" pin="5"/><net_sink comp="194" pin=0"/></net>

<net id="201"><net_src comp="146" pin="5"/><net_sink comp="198" pin=0"/></net>

<net id="205"><net_src comp="146" pin="5"/><net_sink comp="202" pin=0"/></net>

<net id="209"><net_src comp="146" pin="5"/><net_sink comp="206" pin=0"/></net>

<net id="213"><net_src comp="146" pin="5"/><net_sink comp="210" pin=0"/></net>

<net id="217"><net_src comp="158" pin="5"/><net_sink comp="214" pin=0"/></net>

<net id="221"><net_src comp="158" pin="5"/><net_sink comp="218" pin=0"/></net>

<net id="225"><net_src comp="158" pin="5"/><net_sink comp="222" pin=0"/></net>

<net id="229"><net_src comp="158" pin="5"/><net_sink comp="226" pin=0"/></net>

<net id="233"><net_src comp="170" pin="5"/><net_sink comp="230" pin=0"/></net>

<net id="237"><net_src comp="170" pin="5"/><net_sink comp="234" pin=0"/></net>

<net id="241"><net_src comp="170" pin="5"/><net_sink comp="238" pin=0"/></net>

<net id="245"><net_src comp="170" pin="5"/><net_sink comp="242" pin=0"/></net>

<net id="250"><net_src comp="36" pin="0"/><net_sink comp="246" pin=0"/></net>

<net id="251"><net_src comp="182" pin="1"/><net_sink comp="246" pin=1"/></net>

<net id="256"><net_src comp="246" pin="2"/><net_sink comp="252" pin=0"/></net>

<net id="257"><net_src comp="198" pin="1"/><net_sink comp="252" pin=1"/></net>

<net id="262"><net_src comp="252" pin="2"/><net_sink comp="258" pin=0"/></net>

<net id="263"><net_src comp="214" pin="1"/><net_sink comp="258" pin=1"/></net>

<net id="268"><net_src comp="258" pin="2"/><net_sink comp="264" pin=0"/></net>

<net id="269"><net_src comp="230" pin="1"/><net_sink comp="264" pin=1"/></net>

<net id="274"><net_src comp="264" pin="2"/><net_sink comp="270" pin=0"/></net>

<net id="275"><net_src comp="186" pin="1"/><net_sink comp="270" pin=1"/></net>

<net id="280"><net_src comp="270" pin="2"/><net_sink comp="276" pin=0"/></net>

<net id="281"><net_src comp="202" pin="1"/><net_sink comp="276" pin=1"/></net>

<net id="286"><net_src comp="276" pin="2"/><net_sink comp="282" pin=0"/></net>

<net id="287"><net_src comp="218" pin="1"/><net_sink comp="282" pin=1"/></net>

<net id="292"><net_src comp="282" pin="2"/><net_sink comp="288" pin=0"/></net>

<net id="293"><net_src comp="234" pin="1"/><net_sink comp="288" pin=1"/></net>

<net id="298"><net_src comp="288" pin="2"/><net_sink comp="294" pin=0"/></net>

<net id="299"><net_src comp="190" pin="1"/><net_sink comp="294" pin=1"/></net>

<net id="304"><net_src comp="294" pin="2"/><net_sink comp="300" pin=0"/></net>

<net id="305"><net_src comp="206" pin="1"/><net_sink comp="300" pin=1"/></net>

<net id="310"><net_src comp="300" pin="2"/><net_sink comp="306" pin=0"/></net>

<net id="311"><net_src comp="222" pin="1"/><net_sink comp="306" pin=1"/></net>

<net id="316"><net_src comp="306" pin="2"/><net_sink comp="312" pin=0"/></net>

<net id="317"><net_src comp="238" pin="1"/><net_sink comp="312" pin=1"/></net>

<net id="322"><net_src comp="312" pin="2"/><net_sink comp="318" pin=0"/></net>

<net id="323"><net_src comp="194" pin="1"/><net_sink comp="318" pin=1"/></net>

<net id="328"><net_src comp="318" pin="2"/><net_sink comp="324" pin=0"/></net>

<net id="329"><net_src comp="210" pin="1"/><net_sink comp="324" pin=1"/></net>

<net id="334"><net_src comp="324" pin="2"/><net_sink comp="330" pin=0"/></net>

<net id="335"><net_src comp="226" pin="1"/><net_sink comp="330" pin=1"/></net>

<net id="340"><net_src comp="330" pin="2"/><net_sink comp="336" pin=0"/></net>

<net id="341"><net_src comp="242" pin="1"/><net_sink comp="336" pin=1"/></net>

</net_list>

</model> 
---------------- Datapath Model END ------------------

* FSMD analyzer results:
  - Output states:
 - Input state : 
	Port: MixColumns395 : p_read | {1 }
	Port: MixColumns395 : p_read1 | {1 }
	Port: MixColumns395 : p_read2 | {1 }
	Port: MixColumns395 : p_read3 | {1 }
	Port: MixColumns395 : p_read4 | {1 }
	Port: MixColumns395 : p_read5 | {1 }
	Port: MixColumns395 : p_read6 | {1 }
	Port: MixColumns395 : p_read7 | {1 }
	Port: MixColumns395 : p_read8 | {1 }
	Port: MixColumns395 : p_read9 | {1 }
	Port: MixColumns395 : p_read10 | {1 }
	Port: MixColumns395 : p_read11 | {1 }
	Port: MixColumns395 : p_read12 | {1 }
	Port: MixColumns395 : p_read13 | {1 }
	Port: MixColumns395 : p_read14 | {1 }
	Port: MixColumns395 : p_read15 | {1 }
  - Chain level:
	State 1
		temp_0 : 1
		temp_1 : 1
		temp_2 : 1
		temp_3 : 1
		temp_0_16 : 1
		temp_1_16 : 1
		temp_2_16 : 1
		temp_3_16 : 1
		temp_0_17 : 1
		temp_1_17 : 1
		temp_2_17 : 1
		temp_3_17 : 1
		temp_0_18 : 1
		temp_1_18 : 1
		temp_2_18 : 1
		temp_3_18 : 1
		mrv : 2
		mrv_1 : 3
		mrv_2 : 4
		mrv_3 : 5
		mrv_4 : 6
		mrv_5 : 7
		mrv_6 : 8
		mrv_7 : 9
		mrv_8 : 10
		mrv_9 : 11
		mrv_10 : 12
		mrv_11 : 13
		mrv_12 : 14
		mrv_13 : 15
		mrv_14 : 16
		mrv_s : 17
		ret_ln69 : 18


============================================================
+ Verbose Summary: Datapath Resource usage 
============================================================

* Functional unit list:
|----------|-------------------------------------------|---------|---------|
| Operation|              Functional Unit              |    FF   |   LUT   |
|----------|-------------------------------------------|---------|---------|
|          |  call_ret_Four_Term_Multiplication_fu_134 |    0    |   184   |
|   call   | call_ret7_Four_Term_Multiplication_fu_146 |    0    |   184   |
|          | call_ret8_Four_Term_Multiplication_fu_158 |    0    |   184   |
|          | call_ret9_Four_Term_Multiplication_fu_170 |    0    |   184   |
|----------|-------------------------------------------|---------|---------|
|          |           p_read_177_read_fu_38           |    0    |    0    |
|          |           p_read_178_read_fu_44           |    0    |    0    |
|          |           p_read_179_read_fu_50           |    0    |    0    |
|          |           p_read_180_read_fu_56           |    0    |    0    |
|          |           p_read1127_read_fu_62           |    0    |    0    |
|          |           p_read1026_read_fu_68           |    0    |    0    |
|          |            p_read925_read_fu_74           |    0    |    0    |
|   read   |            p_read824_read_fu_80           |    0    |    0    |
|          |            p_read723_read_fu_86           |    0    |    0    |
|          |            p_read622_read_fu_92           |    0    |    0    |
|          |            p_read521_read_fu_98           |    0    |    0    |
|          |           p_read420_read_fu_104           |    0    |    0    |
|          |           p_read319_read_fu_110           |    0    |    0    |
|          |           p_read218_read_fu_116           |    0    |    0    |
|          |           p_read117_read_fu_122           |    0    |    0    |
|          |            p_read16_read_fu_128           |    0    |    0    |
|----------|-------------------------------------------|---------|---------|
|          |               temp_0_fu_182               |    0    |    0    |
|          |               temp_1_fu_186               |    0    |    0    |
|          |               temp_2_fu_190               |    0    |    0    |
|          |               temp_3_fu_194               |    0    |    0    |
|          |              temp_0_16_fu_198             |    0    |    0    |
|          |              temp_1_16_fu_202             |    0    |    0    |
|          |              temp_2_16_fu_206             |    0    |    0    |
|extractvalue|              temp_3_16_fu_210             |    0    |    0    |
|          |              temp_0_17_fu_214             |    0    |    0    |
|          |              temp_1_17_fu_218             |    0    |    0    |
|          |              temp_2_17_fu_222             |    0    |    0    |
|          |              temp_3_17_fu_226             |    0    |    0    |
|          |              temp_0_18_fu_230             |    0    |    0    |
|          |              temp_1_18_fu_234             |    0    |    0    |
|          |              temp_2_18_fu_238             |    0    |    0    |
|          |              temp_3_18_fu_242             |    0    |    0    |
|----------|-------------------------------------------|---------|---------|
|          |                 mrv_fu_246                |    0    |    0    |
|          |                mrv_1_fu_252               |    0    |    0    |
|          |                mrv_2_fu_258               |    0    |    0    |
|          |                mrv_3_fu_264               |    0    |    0    |
|          |                mrv_4_fu_270               |    0    |    0    |
|          |                mrv_5_fu_276               |    0    |    0    |
|          |                mrv_6_fu_282               |    0    |    0    |
|insertvalue|                mrv_7_fu_288               |    0    |    0    |
|          |                mrv_8_fu_294               |    0    |    0    |
|          |                mrv_9_fu_300               |    0    |    0    |
|          |               mrv_10_fu_306               |    0    |    0    |
|          |               mrv_11_fu_312               |    0    |    0    |
|          |               mrv_12_fu_318               |    0    |    0    |
|          |               mrv_13_fu_324               |    0    |    0    |
|          |               mrv_14_fu_330               |    0    |    0    |
|          |                mrv_s_fu_336               |    0    |    0    |
|----------|-------------------------------------------|---------|---------|
|   Total  |                                           |    0    |   736   |
|----------|-------------------------------------------|---------|---------|

Memories:
N/A

* Register list:
N/A

* Multiplexer (MUX) list: 
|--------|------|------|------|--------|
|  Comp  |  Pin | Size |  BW  | S x BW |
|--------|------|------|------|--------|
|  Total |      |      |      |    0   |
|--------|------|------|------|--------|



* Summary:
+-----------+--------+--------+
|           |   FF   |   LUT  |
+-----------+--------+--------+
|  Function |    0   |   736  |
|   Memory  |    -   |    -   |
|Multiplexer|    -   |    -   |
|  Register |    -   |    -   |
+-----------+--------+--------+
|   Total   |    0   |   736  |
+-----------+--------+--------+
