

================================================================
== Vitis HLS Report for 'MixColumns68'
================================================================
* Date:           Thu Dec 30 15:46:29 2021

* Version:        2020.2 (Build 3064766 on Wed Nov 18 09:12:45 MST 2020)
* Project:        aes
* Solution:       solution1 (Vivado IP Flow Target)
* Product family: zynq
* Target device:  xc7z020-clg400-1


================================================================
== Performance Estimates
================================================================
+ Timing: 
    * Summary: 
    +--------+----------+----------+------------+
    |  Clock |  Target  | Estimated| Uncertainty|
    +--------+----------+----------+------------+
    |ap_clk  |  10.00 ns|  4.158 ns|     2.70 ns|
    +--------+----------+----------+------------+

+ Latency: 
    * Summary: 
    +---------+---------+----------+----------+-----+-----+---------+
    |  Latency (cycles) |  Latency (absolute) |  Interval | Pipeline|
    |   min   |   max   |    min   |    max   | min | max |   Type  |
    +---------+---------+----------+----------+-----+-----+---------+
    |        0|        0|      0 ns|      0 ns|    0|    0|     none|
    +---------+---------+----------+----------+-----+-----+---------+

    + Detail: 
        * Instance: 
        N/A

        * Loop: 
        N/A

============================================================
+ Verbose Summary: Synthesis Manager
============================================================
InlineROM: 1
ExposeGlobal: 0
============================================================
+ Verbose Summary: CDFG Model
============================================================
IsTopModel: 0
ResetActiveHigh: 1
IsCombinational: 2
IsDatapathOnly: 0
HasWiredReturn: 1
HasMFsm: 0
HasVarLatency: 0
IsPipeline: 0
IsRtlPipelined: 0
IsInstanceOverlapped: 0
IsDontTouch: 0
HasImplIP: 0
IsGatedGlobalClock: 0


============================================================
+ Verbose Summary: Schedule
============================================================
* Number of FSM states : 1
* Pipeline : 0
* Dataflow Pipeline: 0

* FSM state transitions: 
1 --> 

* FSM state operations: 

State 1 <SV = 0> <Delay = 4.15>
ST_1 : Operation 2 [1/1] (0.00ns)   --->   "%p_read_169 = read i8 @_ssdm_op_Read.ap_auto.i8, i8 %p_read15" [AES_encrypt.cpp:45]   --->   Operation 2 'read' 'p_read_169' <Predicate = true> <Delay = 0.00>
ST_1 : Operation 3 [1/1] (0.00ns)   --->   "%p_read_170 = read i8 @_ssdm_op_Read.ap_auto.i8, i8 %p_read14" [AES_encrypt.cpp:45]   --->   Operation 3 'read' 'p_read_170' <Predicate = true> <Delay = 0.00>
ST_1 : Operation 4 [1/1] (0.00ns)   --->   "%p_read_171 = read i8 @_ssdm_op_Read.ap_auto.i8, i8 %p_read13" [AES_encrypt.cpp:45]   --->   Operation 4 'read' 'p_read_171' <Predicate = true> <Delay = 0.00>
ST_1 : Operation 5 [1/1] (0.00ns)   --->   "%p_read_172 = read i8 @_ssdm_op_Read.ap_auto.i8, i8 %p_read12" [AES_encrypt.cpp:45]   --->   Operation 5 'read' 'p_read_172' <Predicate = true> <Delay = 0.00>
ST_1 : Operation 6 [1/1] (0.00ns)   --->   "%p_read1128 = read i8 @_ssdm_op_Read.ap_auto.i8, i8 %p_read11" [AES_encrypt.cpp:45]   --->   Operation 6 'read' 'p_read1128' <Predicate = true> <Delay = 0.00>
ST_1 : Operation 7 [1/1] (0.00ns)   --->   "%p_read1027 = read i8 @_ssdm_op_Read.ap_auto.i8, i8 %p_read10" [AES_encrypt.cpp:45]   --->   Operation 7 'read' 'p_read1027' <Predicate = true> <Delay = 0.00>
ST_1 : Operation 8 [1/1] (0.00ns)   --->   "%p_read926 = read i8 @_ssdm_op_Read.ap_auto.i8, i8 %p_read9" [AES_encrypt.cpp:45]   --->   Operation 8 'read' 'p_read926' <Predicate = true> <Delay = 0.00>
ST_1 : Operation 9 [1/1] (0.00ns)   --->   "%p_read825 = read i8 @_ssdm_op_Read.ap_auto.i8, i8 %p_read8" [AES_encrypt.cpp:45]   --->   Operation 9 'read' 'p_read825' <Predicate = true> <Delay = 0.00>
ST_1 : Operation 10 [1/1] (0.00ns)   --->   "%p_read724 = read i8 @_ssdm_op_Read.ap_auto.i8, i8 %p_read7" [AES_encrypt.cpp:45]   --->   Operation 10 'read' 'p_read724' <Predicate = true> <Delay = 0.00>
ST_1 : Operation 11 [1/1] (0.00ns)   --->   "%p_read623 = read i8 @_ssdm_op_Read.ap_auto.i8, i8 %p_read6" [AES_encrypt.cpp:45]   --->   Operation 11 'read' 'p_read623' <Predicate = true> <Delay = 0.00>
ST_1 : Operation 12 [1/1] (0.00ns)   --->   "%p_read522 = read i8 @_ssdm_op_Read.ap_auto.i8, i8 %p_read5" [AES_encrypt.cpp:45]   --->   Operation 12 'read' 'p_read522' <Predicate = true> <Delay = 0.00>
ST_1 : Operation 13 [1/1] (0.00ns)   --->   "%p_read421 = read i8 @_ssdm_op_Read.ap_auto.i8, i8 %p_read4" [AES_encrypt.cpp:45]   --->   Operation 13 'read' 'p_read421' <Predicate = true> <Delay = 0.00>
ST_1 : Operation 14 [1/1] (0.00ns)   --->   "%p_read320 = read i8 @_ssdm_op_Read.ap_auto.i8, i8 %p_read3" [AES_encrypt.cpp:45]   --->   Operation 14 'read' 'p_read320' <Predicate = true> <Delay = 0.00>
ST_1 : Operation 15 [1/1] (0.00ns)   --->   "%p_read219 = read i8 @_ssdm_op_Read.ap_auto.i8, i8 %p_read2" [AES_encrypt.cpp:45]   --->   Operation 15 'read' 'p_read219' <Predicate = true> <Delay = 0.00>
ST_1 : Operation 16 [1/1] (0.00ns)   --->   "%p_read118 = read i8 @_ssdm_op_Read.ap_auto.i8, i8 %p_read1" [AES_encrypt.cpp:45]   --->   Operation 16 'read' 'p_read118' <Predicate = true> <Delay = 0.00>
ST_1 : Operation 17 [1/1] (0.00ns)   --->   "%p_read17 = read i8 @_ssdm_op_Read.ap_auto.i8, i8 %p_read" [AES_encrypt.cpp:45]   --->   Operation 17 'read' 'p_read17' <Predicate = true> <Delay = 0.00>
ST_1 : Operation 18 [1/1] (0.99ns)   --->   "%xor_ln50 = xor i8 %p_read118, i8 %p_read17" [AES_encrypt.cpp:50]   --->   Operation 18 'xor' 'xor_ln50' <Predicate = true> <Delay = 0.99> <CoreInst = "LogicGate">   --->   Core 74 'LogicGate' <Latency = 0> <II = 1> <Delay = 0.99> <FuncUnit> <Opcode : 'and' 'or' 'xor'> <InPorts = 2> <OutPorts = 1>
ST_1 : Operation 19 [1/1] (0.99ns)   --->   "%xor_ln50_56 = xor i8 %xor_ln50, i8 %p_read219" [AES_encrypt.cpp:50]   --->   Operation 19 'xor' 'xor_ln50_56' <Predicate = true> <Delay = 0.99> <CoreInst = "LogicGate">   --->   Core 74 'LogicGate' <Latency = 0> <II = 1> <Delay = 0.99> <FuncUnit> <Opcode : 'and' 'or' 'xor'> <InPorts = 2> <OutPorts = 1>
ST_1 : Operation 20 [1/1] (0.99ns)   --->   "%xor_ln50_57 = xor i8 %xor_ln50_56, i8 %p_read320" [AES_encrypt.cpp:50]   --->   Operation 20 'xor' 'xor_ln50_57' <Predicate = true> <Delay = 0.99> <CoreInst = "LogicGate">   --->   Core 74 'LogicGate' <Latency = 0> <II = 1> <Delay = 0.99> <FuncUnit> <Opcode : 'and' 'or' 'xor'> <InPorts = 2> <OutPorts = 1>
ST_1 : Operation 21 [1/1] (0.00ns) (grouped into LUT with out node xor_ln53_57)   --->   "%shl_ln75 = shl i8 %xor_ln50, i8 1" [AES_common.cpp:75]   --->   Operation 21 'shl' 'shl_ln75' <Predicate = true> <Delay = 0.00>
ST_1 : Operation 22 [1/1] (0.00ns) (grouped into LUT with out node xor_ln53_57)   --->   "%tmp = bitselect i1 @_ssdm_op_BitSelect.i1.i8.i32, i8 %xor_ln50, i32 7" [AES_common.cpp:75]   --->   Operation 22 'bitselect' 'tmp' <Predicate = true> <Delay = 0.00>
ST_1 : Operation 23 [1/1] (0.00ns) (grouped into LUT with out node xor_ln53_57)   --->   "%select_ln53 = select i1 %tmp, i8 27, i8 0" [AES_encrypt.cpp:53]   --->   Operation 23 'select' 'select_ln53' <Predicate = true> <Delay = 0.00> <CoreInst = "Sel">   --->   Core 73 'Sel' <Latency = 0> <II = 1> <Delay = 1.18> <FuncUnit> <Opcode : 'select'> <InPorts = 3> <OutPorts = 1>
ST_1 : Operation 24 [1/1] (0.00ns) (grouped into LUT with out node xor_ln53_57)   --->   "%xor_ln53 = xor i8 %shl_ln75, i8 %p_read17" [AES_encrypt.cpp:53]   --->   Operation 24 'xor' 'xor_ln53' <Predicate = true> <Delay = 0.00> <CoreInst = "LogicGate">   --->   Core 74 'LogicGate' <Latency = 0> <II = 1> <Delay = 0.99> <FuncUnit> <Opcode : 'and' 'or' 'xor'> <InPorts = 2> <OutPorts = 1>
ST_1 : Operation 25 [1/1] (0.00ns) (grouped into LUT with out node xor_ln53_57)   --->   "%xor_ln53_56 = xor i8 %select_ln53, i8 %xor_ln50_57" [AES_encrypt.cpp:53]   --->   Operation 25 'xor' 'xor_ln53_56' <Predicate = true> <Delay = 0.00> <CoreInst = "LogicGate">   --->   Core 74 'LogicGate' <Latency = 0> <II = 1> <Delay = 0.99> <FuncUnit> <Opcode : 'and' 'or' 'xor'> <InPorts = 2> <OutPorts = 1>
ST_1 : Operation 26 [1/1] (1.18ns) (out node of the LUT)   --->   "%xor_ln53_57 = xor i8 %xor_ln53_56, i8 %xor_ln53" [AES_encrypt.cpp:53]   --->   Operation 26 'xor' 'xor_ln53_57' <Predicate = true> <Delay = 1.18> <CoreInst = "LogicGate">   --->   Core 74 'LogicGate' <Latency = 0> <II = 1> <Delay = 0.99> <FuncUnit> <Opcode : 'and' 'or' 'xor'> <InPorts = 2> <OutPorts = 1>
ST_1 : Operation 27 [1/1] (0.99ns)   --->   "%xor_ln55 = xor i8 %p_read219, i8 %p_read118" [AES_encrypt.cpp:55]   --->   Operation 27 'xor' 'xor_ln55' <Predicate = true> <Delay = 0.99> <CoreInst = "LogicGate">   --->   Core 74 'LogicGate' <Latency = 0> <II = 1> <Delay = 0.99> <FuncUnit> <Opcode : 'and' 'or' 'xor'> <InPorts = 2> <OutPorts = 1>
ST_1 : Operation 28 [1/1] (0.00ns) (grouped into LUT with out node xor_ln57_57)   --->   "%shl_ln75_76 = shl i8 %xor_ln55, i8 1" [AES_common.cpp:75]   --->   Operation 28 'shl' 'shl_ln75_76' <Predicate = true> <Delay = 0.00>
ST_1 : Operation 29 [1/1] (0.00ns) (grouped into LUT with out node xor_ln57_57)   --->   "%tmp_76 = bitselect i1 @_ssdm_op_BitSelect.i1.i8.i32, i8 %xor_ln55, i32 7" [AES_common.cpp:75]   --->   Operation 29 'bitselect' 'tmp_76' <Predicate = true> <Delay = 0.00>
ST_1 : Operation 30 [1/1] (0.00ns) (grouped into LUT with out node xor_ln57_57)   --->   "%select_ln57 = select i1 %tmp_76, i8 27, i8 0" [AES_encrypt.cpp:57]   --->   Operation 30 'select' 'select_ln57' <Predicate = true> <Delay = 0.00> <CoreInst = "Sel">   --->   Core 73 'Sel' <Latency = 0> <II = 1> <Delay = 1.18> <FuncUnit> <Opcode : 'select'> <InPorts = 3> <OutPorts = 1>
ST_1 : Operation 31 [1/1] (0.00ns) (grouped into LUT with out node xor_ln57_57)   --->   "%xor_ln57 = xor i8 %shl_ln75_76, i8 %p_read118" [AES_encrypt.cpp:57]   --->   Operation 31 'xor' 'xor_ln57' <Predicate = true> <Delay = 0.00> <CoreInst = "LogicGate">   --->   Core 74 'LogicGate' <Latency = 0> <II = 1> <Delay = 0.99> <FuncUnit> <Opcode : 'and' 'or' 'xor'> <InPorts = 2> <OutPorts = 1>
ST_1 : Operation 32 [1/1] (0.00ns) (grouped into LUT with out node xor_ln57_57)   --->   "%xor_ln57_56 = xor i8 %select_ln57, i8 %xor_ln50_57" [AES_encrypt.cpp:57]   --->   Operation 32 'xor' 'xor_ln57_56' <Predicate = true> <Delay = 0.00> <CoreInst = "LogicGate">   --->   Core 74 'LogicGate' <Latency = 0> <II = 1> <Delay = 0.99> <FuncUnit> <Opcode : 'and' 'or' 'xor'> <InPorts = 2> <OutPorts = 1>
ST_1 : Operation 33 [1/1] (1.18ns) (out node of the LUT)   --->   "%xor_ln57_57 = xor i8 %xor_ln57_56, i8 %xor_ln57" [AES_encrypt.cpp:57]   --->   Operation 33 'xor' 'xor_ln57_57' <Predicate = true> <Delay = 1.18> <CoreInst = "LogicGate">   --->   Core 74 'LogicGate' <Latency = 0> <II = 1> <Delay = 0.99> <FuncUnit> <Opcode : 'and' 'or' 'xor'> <InPorts = 2> <OutPorts = 1>
ST_1 : Operation 34 [1/1] (0.99ns)   --->   "%xor_ln59 = xor i8 %p_read320, i8 %p_read219" [AES_encrypt.cpp:59]   --->   Operation 34 'xor' 'xor_ln59' <Predicate = true> <Delay = 0.99> <CoreInst = "LogicGate">   --->   Core 74 'LogicGate' <Latency = 0> <II = 1> <Delay = 0.99> <FuncUnit> <Opcode : 'and' 'or' 'xor'> <InPorts = 2> <OutPorts = 1>
ST_1 : Operation 35 [1/1] (0.00ns) (grouped into LUT with out node xor_ln61_57)   --->   "%shl_ln75_77 = shl i8 %xor_ln59, i8 1" [AES_common.cpp:75]   --->   Operation 35 'shl' 'shl_ln75_77' <Predicate = true> <Delay = 0.00>
ST_1 : Operation 36 [1/1] (0.00ns) (grouped into LUT with out node xor_ln61_57)   --->   "%tmp_77 = bitselect i1 @_ssdm_op_BitSelect.i1.i8.i32, i8 %xor_ln59, i32 7" [AES_common.cpp:75]   --->   Operation 36 'bitselect' 'tmp_77' <Predicate = true> <Delay = 0.00>
ST_1 : Operation 37 [1/1] (0.00ns) (grouped into LUT with out node xor_ln61_57)   --->   "%select_ln61 = select i1 %tmp_77, i8 27, i8 0" [AES_encrypt.cpp:61]   --->   Operation 37 'select' 'select_ln61' <Predicate = true> <Delay = 0.00> <CoreInst = "Sel">   --->   Core 73 'Sel' <Latency = 0> <II = 1> <Delay = 1.18> <FuncUnit> <Opcode : 'select'> <InPorts = 3> <OutPorts = 1>
ST_1 : Operation 38 [1/1] (0.00ns) (grouped into LUT with out node xor_ln61_57)   --->   "%xor_ln61 = xor i8 %xor_ln50, i8 %p_read320" [AES_encrypt.cpp:61]   --->   Operation 38 'xor' 'xor_ln61' <Predicate = true> <Delay = 0.00> <CoreInst = "LogicGate">   --->   Core 74 'LogicGate' <Latency = 0> <II = 1> <Delay = 0.99> <FuncUnit> <Opcode : 'and' 'or' 'xor'> <InPorts = 2> <OutPorts = 1>
ST_1 : Operation 39 [1/1] (0.00ns) (grouped into LUT with out node xor_ln61_57)   --->   "%xor_ln61_56 = xor i8 %shl_ln75_77, i8 %select_ln61" [AES_encrypt.cpp:61]   --->   Operation 39 'xor' 'xor_ln61_56' <Predicate = true> <Delay = 0.00> <CoreInst = "LogicGate">   --->   Core 74 'LogicGate' <Latency = 0> <II = 1> <Delay = 0.99> <FuncUnit> <Opcode : 'and' 'or' 'xor'> <InPorts = 2> <OutPorts = 1>
ST_1 : Operation 40 [1/1] (1.18ns) (out node of the LUT)   --->   "%xor_ln61_57 = xor i8 %xor_ln61_56, i8 %xor_ln61" [AES_encrypt.cpp:61]   --->   Operation 40 'xor' 'xor_ln61_57' <Predicate = true> <Delay = 1.18> <CoreInst = "LogicGate">   --->   Core 74 'LogicGate' <Latency = 0> <II = 1> <Delay = 0.99> <FuncUnit> <Opcode : 'and' 'or' 'xor'> <InPorts = 2> <OutPorts = 1>
ST_1 : Operation 41 [1/1] (0.99ns)   --->   "%xor_ln63 = xor i8 %p_read320, i8 %p_read17" [AES_encrypt.cpp:63]   --->   Operation 41 'xor' 'xor_ln63' <Predicate = true> <Delay = 0.99> <CoreInst = "LogicGate">   --->   Core 74 'LogicGate' <Latency = 0> <II = 1> <Delay = 0.99> <FuncUnit> <Opcode : 'and' 'or' 'xor'> <InPorts = 2> <OutPorts = 1>
ST_1 : Operation 42 [1/1] (0.00ns) (grouped into LUT with out node xor_ln65_36)   --->   "%shl_ln75_78 = shl i8 %xor_ln63, i8 1" [AES_common.cpp:75]   --->   Operation 42 'shl' 'shl_ln75_78' <Predicate = true> <Delay = 0.00>
ST_1 : Operation 43 [1/1] (0.00ns) (grouped into LUT with out node xor_ln65_36)   --->   "%tmp_78 = bitselect i1 @_ssdm_op_BitSelect.i1.i8.i32, i8 %xor_ln63, i32 7" [AES_common.cpp:75]   --->   Operation 43 'bitselect' 'tmp_78' <Predicate = true> <Delay = 0.00>
ST_1 : Operation 44 [1/1] (0.00ns) (grouped into LUT with out node xor_ln65_36)   --->   "%select_ln65 = select i1 %tmp_78, i8 27, i8 0" [AES_encrypt.cpp:65]   --->   Operation 44 'select' 'select_ln65' <Predicate = true> <Delay = 0.00> <CoreInst = "Sel">   --->   Core 73 'Sel' <Latency = 0> <II = 1> <Delay = 1.18> <FuncUnit> <Opcode : 'select'> <InPorts = 3> <OutPorts = 1>
ST_1 : Operation 45 [1/1] (0.00ns) (grouped into LUT with out node xor_ln65_36)   --->   "%xor_ln65 = xor i8 %xor_ln50_56, i8 %select_ln65" [AES_encrypt.cpp:65]   --->   Operation 45 'xor' 'xor_ln65' <Predicate = true> <Delay = 0.00> <CoreInst = "LogicGate">   --->   Core 74 'LogicGate' <Latency = 0> <II = 1> <Delay = 0.99> <FuncUnit> <Opcode : 'and' 'or' 'xor'> <InPorts = 2> <OutPorts = 1>
ST_1 : Operation 46 [1/1] (1.18ns) (out node of the LUT)   --->   "%xor_ln65_36 = xor i8 %xor_ln65, i8 %shl_ln75_78" [AES_encrypt.cpp:65]   --->   Operation 46 'xor' 'xor_ln65_36' <Predicate = true> <Delay = 1.18> <CoreInst = "LogicGate">   --->   Core 74 'LogicGate' <Latency = 0> <II = 1> <Delay = 0.99> <FuncUnit> <Opcode : 'and' 'or' 'xor'> <InPorts = 2> <OutPorts = 1>
ST_1 : Operation 47 [1/1] (0.99ns)   --->   "%xor_ln50_58 = xor i8 %p_read522, i8 %p_read421" [AES_encrypt.cpp:50]   --->   Operation 47 'xor' 'xor_ln50_58' <Predicate = true> <Delay = 0.99> <CoreInst = "LogicGate">   --->   Core 74 'LogicGate' <Latency = 0> <II = 1> <Delay = 0.99> <FuncUnit> <Opcode : 'and' 'or' 'xor'> <InPorts = 2> <OutPorts = 1>
ST_1 : Operation 48 [1/1] (0.99ns)   --->   "%xor_ln50_59 = xor i8 %xor_ln50_58, i8 %p_read623" [AES_encrypt.cpp:50]   --->   Operation 48 'xor' 'xor_ln50_59' <Predicate = true> <Delay = 0.99> <CoreInst = "LogicGate">   --->   Core 74 'LogicGate' <Latency = 0> <II = 1> <Delay = 0.99> <FuncUnit> <Opcode : 'and' 'or' 'xor'> <InPorts = 2> <OutPorts = 1>
ST_1 : Operation 49 [1/1] (0.99ns)   --->   "%xor_ln50_60 = xor i8 %xor_ln50_59, i8 %p_read724" [AES_encrypt.cpp:50]   --->   Operation 49 'xor' 'xor_ln50_60' <Predicate = true> <Delay = 0.99> <CoreInst = "LogicGate">   --->   Core 74 'LogicGate' <Latency = 0> <II = 1> <Delay = 0.99> <FuncUnit> <Opcode : 'and' 'or' 'xor'> <InPorts = 2> <OutPorts = 1>
ST_1 : Operation 50 [1/1] (0.00ns) (grouped into LUT with out node xor_ln53_60)   --->   "%shl_ln75_79 = shl i8 %xor_ln50_58, i8 1" [AES_common.cpp:75]   --->   Operation 50 'shl' 'shl_ln75_79' <Predicate = true> <Delay = 0.00>
ST_1 : Operation 51 [1/1] (0.00ns) (grouped into LUT with out node xor_ln53_60)   --->   "%tmp_79 = bitselect i1 @_ssdm_op_BitSelect.i1.i8.i32, i8 %xor_ln50_58, i32 7" [AES_common.cpp:75]   --->   Operation 51 'bitselect' 'tmp_79' <Predicate = true> <Delay = 0.00>
ST_1 : Operation 52 [1/1] (0.00ns) (grouped into LUT with out node xor_ln53_60)   --->   "%select_ln53_16 = select i1 %tmp_79, i8 27, i8 0" [AES_encrypt.cpp:53]   --->   Operation 52 'select' 'select_ln53_16' <Predicate = true> <Delay = 0.00> <CoreInst = "Sel">   --->   Core 73 'Sel' <Latency = 0> <II = 1> <Delay = 1.18> <FuncUnit> <Opcode : 'select'> <InPorts = 3> <OutPorts = 1>
ST_1 : Operation 53 [1/1] (0.00ns) (grouped into LUT with out node xor_ln53_60)   --->   "%xor_ln53_58 = xor i8 %shl_ln75_79, i8 %p_read421" [AES_encrypt.cpp:53]   --->   Operation 53 'xor' 'xor_ln53_58' <Predicate = true> <Delay = 0.00> <CoreInst = "LogicGate">   --->   Core 74 'LogicGate' <Latency = 0> <II = 1> <Delay = 0.99> <FuncUnit> <Opcode : 'and' 'or' 'xor'> <InPorts = 2> <OutPorts = 1>
ST_1 : Operation 54 [1/1] (0.00ns) (grouped into LUT with out node xor_ln53_60)   --->   "%xor_ln53_59 = xor i8 %select_ln53_16, i8 %xor_ln50_60" [AES_encrypt.cpp:53]   --->   Operation 54 'xor' 'xor_ln53_59' <Predicate = true> <Delay = 0.00> <CoreInst = "LogicGate">   --->   Core 74 'LogicGate' <Latency = 0> <II = 1> <Delay = 0.99> <FuncUnit> <Opcode : 'and' 'or' 'xor'> <InPorts = 2> <OutPorts = 1>
ST_1 : Operation 55 [1/1] (1.18ns) (out node of the LUT)   --->   "%xor_ln53_60 = xor i8 %xor_ln53_59, i8 %xor_ln53_58" [AES_encrypt.cpp:53]   --->   Operation 55 'xor' 'xor_ln53_60' <Predicate = true> <Delay = 1.18> <CoreInst = "LogicGate">   --->   Core 74 'LogicGate' <Latency = 0> <II = 1> <Delay = 0.99> <FuncUnit> <Opcode : 'and' 'or' 'xor'> <InPorts = 2> <OutPorts = 1>
ST_1 : Operation 56 [1/1] (0.99ns)   --->   "%xor_ln55_16 = xor i8 %p_read623, i8 %p_read522" [AES_encrypt.cpp:55]   --->   Operation 56 'xor' 'xor_ln55_16' <Predicate = true> <Delay = 0.99> <CoreInst = "LogicGate">   --->   Core 74 'LogicGate' <Latency = 0> <II = 1> <Delay = 0.99> <FuncUnit> <Opcode : 'and' 'or' 'xor'> <InPorts = 2> <OutPorts = 1>
ST_1 : Operation 57 [1/1] (0.00ns) (grouped into LUT with out node xor_ln57_60)   --->   "%shl_ln75_80 = shl i8 %xor_ln55_16, i8 1" [AES_common.cpp:75]   --->   Operation 57 'shl' 'shl_ln75_80' <Predicate = true> <Delay = 0.00>
ST_1 : Operation 58 [1/1] (0.00ns) (grouped into LUT with out node xor_ln57_60)   --->   "%tmp_80 = bitselect i1 @_ssdm_op_BitSelect.i1.i8.i32, i8 %xor_ln55_16, i32 7" [AES_common.cpp:75]   --->   Operation 58 'bitselect' 'tmp_80' <Predicate = true> <Delay = 0.00>
ST_1 : Operation 59 [1/1] (0.00ns) (grouped into LUT with out node xor_ln57_60)   --->   "%select_ln57_16 = select i1 %tmp_80, i8 27, i8 0" [AES_encrypt.cpp:57]   --->   Operation 59 'select' 'select_ln57_16' <Predicate = true> <Delay = 0.00> <CoreInst = "Sel">   --->   Core 73 'Sel' <Latency = 0> <II = 1> <Delay = 1.18> <FuncUnit> <Opcode : 'select'> <InPorts = 3> <OutPorts = 1>
ST_1 : Operation 60 [1/1] (0.00ns) (grouped into LUT with out node xor_ln57_60)   --->   "%xor_ln57_58 = xor i8 %shl_ln75_80, i8 %p_read522" [AES_encrypt.cpp:57]   --->   Operation 60 'xor' 'xor_ln57_58' <Predicate = true> <Delay = 0.00> <CoreInst = "LogicGate">   --->   Core 74 'LogicGate' <Latency = 0> <II = 1> <Delay = 0.99> <FuncUnit> <Opcode : 'and' 'or' 'xor'> <InPorts = 2> <OutPorts = 1>
ST_1 : Operation 61 [1/1] (0.00ns) (grouped into LUT with out node xor_ln57_60)   --->   "%xor_ln57_59 = xor i8 %select_ln57_16, i8 %xor_ln50_60" [AES_encrypt.cpp:57]   --->   Operation 61 'xor' 'xor_ln57_59' <Predicate = true> <Delay = 0.00> <CoreInst = "LogicGate">   --->   Core 74 'LogicGate' <Latency = 0> <II = 1> <Delay = 0.99> <FuncUnit> <Opcode : 'and' 'or' 'xor'> <InPorts = 2> <OutPorts = 1>
ST_1 : Operation 62 [1/1] (1.18ns) (out node of the LUT)   --->   "%xor_ln57_60 = xor i8 %xor_ln57_59, i8 %xor_ln57_58" [AES_encrypt.cpp:57]   --->   Operation 62 'xor' 'xor_ln57_60' <Predicate = true> <Delay = 1.18> <CoreInst = "LogicGate">   --->   Core 74 'LogicGate' <Latency = 0> <II = 1> <Delay = 0.99> <FuncUnit> <Opcode : 'and' 'or' 'xor'> <InPorts = 2> <OutPorts = 1>
ST_1 : Operation 63 [1/1] (0.99ns)   --->   "%xor_ln59_16 = xor i8 %p_read724, i8 %p_read623" [AES_encrypt.cpp:59]   --->   Operation 63 'xor' 'xor_ln59_16' <Predicate = true> <Delay = 0.99> <CoreInst = "LogicGate">   --->   Core 74 'LogicGate' <Latency = 0> <II = 1> <Delay = 0.99> <FuncUnit> <Opcode : 'and' 'or' 'xor'> <InPorts = 2> <OutPorts = 1>
ST_1 : Operation 64 [1/1] (0.00ns) (grouped into LUT with out node xor_ln61_60)   --->   "%shl_ln75_81 = shl i8 %xor_ln59_16, i8 1" [AES_common.cpp:75]   --->   Operation 64 'shl' 'shl_ln75_81' <Predicate = true> <Delay = 0.00>
ST_1 : Operation 65 [1/1] (0.00ns) (grouped into LUT with out node xor_ln61_60)   --->   "%tmp_81 = bitselect i1 @_ssdm_op_BitSelect.i1.i8.i32, i8 %xor_ln59_16, i32 7" [AES_common.cpp:75]   --->   Operation 65 'bitselect' 'tmp_81' <Predicate = true> <Delay = 0.00>
ST_1 : Operation 66 [1/1] (0.00ns) (grouped into LUT with out node xor_ln61_60)   --->   "%select_ln61_16 = select i1 %tmp_81, i8 27, i8 0" [AES_encrypt.cpp:61]   --->   Operation 66 'select' 'select_ln61_16' <Predicate = true> <Delay = 0.00> <CoreInst = "Sel">   --->   Core 73 'Sel' <Latency = 0> <II = 1> <Delay = 1.18> <FuncUnit> <Opcode : 'select'> <InPorts = 3> <OutPorts = 1>
ST_1 : Operation 67 [1/1] (0.00ns) (grouped into LUT with out node xor_ln61_60)   --->   "%xor_ln61_58 = xor i8 %xor_ln50_58, i8 %p_read724" [AES_encrypt.cpp:61]   --->   Operation 67 'xor' 'xor_ln61_58' <Predicate = true> <Delay = 0.00> <CoreInst = "LogicGate">   --->   Core 74 'LogicGate' <Latency = 0> <II = 1> <Delay = 0.99> <FuncUnit> <Opcode : 'and' 'or' 'xor'> <InPorts = 2> <OutPorts = 1>
ST_1 : Operation 68 [1/1] (0.00ns) (grouped into LUT with out node xor_ln61_60)   --->   "%xor_ln61_59 = xor i8 %shl_ln75_81, i8 %select_ln61_16" [AES_encrypt.cpp:61]   --->   Operation 68 'xor' 'xor_ln61_59' <Predicate = true> <Delay = 0.00> <CoreInst = "LogicGate">   --->   Core 74 'LogicGate' <Latency = 0> <II = 1> <Delay = 0.99> <FuncUnit> <Opcode : 'and' 'or' 'xor'> <InPorts = 2> <OutPorts = 1>
ST_1 : Operation 69 [1/1] (1.18ns) (out node of the LUT)   --->   "%xor_ln61_60 = xor i8 %xor_ln61_59, i8 %xor_ln61_58" [AES_encrypt.cpp:61]   --->   Operation 69 'xor' 'xor_ln61_60' <Predicate = true> <Delay = 1.18> <CoreInst = "LogicGate">   --->   Core 74 'LogicGate' <Latency = 0> <II = 1> <Delay = 0.99> <FuncUnit> <Opcode : 'and' 'or' 'xor'> <InPorts = 2> <OutPorts = 1>
ST_1 : Operation 70 [1/1] (0.99ns)   --->   "%xor_ln63_16 = xor i8 %p_read724, i8 %p_read421" [AES_encrypt.cpp:63]   --->   Operation 70 'xor' 'xor_ln63_16' <Predicate = true> <Delay = 0.99> <CoreInst = "LogicGate">   --->   Core 74 'LogicGate' <Latency = 0> <II = 1> <Delay = 0.99> <FuncUnit> <Opcode : 'and' 'or' 'xor'> <InPorts = 2> <OutPorts = 1>
ST_1 : Operation 71 [1/1] (0.00ns) (grouped into LUT with out node xor_ln65_38)   --->   "%shl_ln75_82 = shl i8 %xor_ln63_16, i8 1" [AES_common.cpp:75]   --->   Operation 71 'shl' 'shl_ln75_82' <Predicate = true> <Delay = 0.00>
ST_1 : Operation 72 [1/1] (0.00ns) (grouped into LUT with out node xor_ln65_38)   --->   "%tmp_82 = bitselect i1 @_ssdm_op_BitSelect.i1.i8.i32, i8 %xor_ln63_16, i32 7" [AES_common.cpp:75]   --->   Operation 72 'bitselect' 'tmp_82' <Predicate = true> <Delay = 0.00>
ST_1 : Operation 73 [1/1] (0.00ns) (grouped into LUT with out node xor_ln65_38)   --->   "%select_ln65_16 = select i1 %tmp_82, i8 27, i8 0" [AES_encrypt.cpp:65]   --->   Operation 73 'select' 'select_ln65_16' <Predicate = true> <Delay = 0.00> <CoreInst = "Sel">   --->   Core 73 'Sel' <Latency = 0> <II = 1> <Delay = 1.18> <FuncUnit> <Opcode : 'select'> <InPorts = 3> <OutPorts = 1>
ST_1 : Operation 74 [1/1] (0.00ns) (grouped into LUT with out node xor_ln65_38)   --->   "%xor_ln65_37 = xor i8 %xor_ln50_59, i8 %select_ln65_16" [AES_encrypt.cpp:65]   --->   Operation 74 'xor' 'xor_ln65_37' <Predicate = true> <Delay = 0.00> <CoreInst = "LogicGate">   --->   Core 74 'LogicGate' <Latency = 0> <II = 1> <Delay = 0.99> <FuncUnit> <Opcode : 'and' 'or' 'xor'> <InPorts = 2> <OutPorts = 1>
ST_1 : Operation 75 [1/1] (1.18ns) (out node of the LUT)   --->   "%xor_ln65_38 = xor i8 %xor_ln65_37, i8 %shl_ln75_82" [AES_encrypt.cpp:65]   --->   Operation 75 'xor' 'xor_ln65_38' <Predicate = true> <Delay = 1.18> <CoreInst = "LogicGate">   --->   Core 74 'LogicGate' <Latency = 0> <II = 1> <Delay = 0.99> <FuncUnit> <Opcode : 'and' 'or' 'xor'> <InPorts = 2> <OutPorts = 1>
ST_1 : Operation 76 [1/1] (0.99ns)   --->   "%xor_ln50_61 = xor i8 %p_read926, i8 %p_read825" [AES_encrypt.cpp:50]   --->   Operation 76 'xor' 'xor_ln50_61' <Predicate = true> <Delay = 0.99> <CoreInst = "LogicGate">   --->   Core 74 'LogicGate' <Latency = 0> <II = 1> <Delay = 0.99> <FuncUnit> <Opcode : 'and' 'or' 'xor'> <InPorts = 2> <OutPorts = 1>
ST_1 : Operation 77 [1/1] (0.99ns)   --->   "%xor_ln50_62 = xor i8 %xor_ln50_61, i8 %p_read1027" [AES_encrypt.cpp:50]   --->   Operation 77 'xor' 'xor_ln50_62' <Predicate = true> <Delay = 0.99> <CoreInst = "LogicGate">   --->   Core 74 'LogicGate' <Latency = 0> <II = 1> <Delay = 0.99> <FuncUnit> <Opcode : 'and' 'or' 'xor'> <InPorts = 2> <OutPorts = 1>
ST_1 : Operation 78 [1/1] (0.99ns)   --->   "%xor_ln50_63 = xor i8 %xor_ln50_62, i8 %p_read1128" [AES_encrypt.cpp:50]   --->   Operation 78 'xor' 'xor_ln50_63' <Predicate = true> <Delay = 0.99> <CoreInst = "LogicGate">   --->   Core 74 'LogicGate' <Latency = 0> <II = 1> <Delay = 0.99> <FuncUnit> <Opcode : 'and' 'or' 'xor'> <InPorts = 2> <OutPorts = 1>
ST_1 : Operation 79 [1/1] (0.00ns) (grouped into LUT with out node xor_ln53_63)   --->   "%shl_ln75_83 = shl i8 %xor_ln50_61, i8 1" [AES_common.cpp:75]   --->   Operation 79 'shl' 'shl_ln75_83' <Predicate = true> <Delay = 0.00>
ST_1 : Operation 80 [1/1] (0.00ns) (grouped into LUT with out node xor_ln53_63)   --->   "%tmp_83 = bitselect i1 @_ssdm_op_BitSelect.i1.i8.i32, i8 %xor_ln50_61, i32 7" [AES_common.cpp:75]   --->   Operation 80 'bitselect' 'tmp_83' <Predicate = true> <Delay = 0.00>
ST_1 : Operation 81 [1/1] (0.00ns) (grouped into LUT with out node xor_ln53_63)   --->   "%select_ln53_17 = select i1 %tmp_83, i8 27, i8 0" [AES_encrypt.cpp:53]   --->   Operation 81 'select' 'select_ln53_17' <Predicate = true> <Delay = 0.00> <CoreInst = "Sel">   --->   Core 73 'Sel' <Latency = 0> <II = 1> <Delay = 1.18> <FuncUnit> <Opcode : 'select'> <InPorts = 3> <OutPorts = 1>
ST_1 : Operation 82 [1/1] (0.00ns) (grouped into LUT with out node xor_ln53_63)   --->   "%xor_ln53_61 = xor i8 %shl_ln75_83, i8 %p_read825" [AES_encrypt.cpp:53]   --->   Operation 82 'xor' 'xor_ln53_61' <Predicate = true> <Delay = 0.00> <CoreInst = "LogicGate">   --->   Core 74 'LogicGate' <Latency = 0> <II = 1> <Delay = 0.99> <FuncUnit> <Opcode : 'and' 'or' 'xor'> <InPorts = 2> <OutPorts = 1>
ST_1 : Operation 83 [1/1] (0.00ns) (grouped into LUT with out node xor_ln53_63)   --->   "%xor_ln53_62 = xor i8 %select_ln53_17, i8 %xor_ln50_63" [AES_encrypt.cpp:53]   --->   Operation 83 'xor' 'xor_ln53_62' <Predicate = true> <Delay = 0.00> <CoreInst = "LogicGate">   --->   Core 74 'LogicGate' <Latency = 0> <II = 1> <Delay = 0.99> <FuncUnit> <Opcode : 'and' 'or' 'xor'> <InPorts = 2> <OutPorts = 1>
ST_1 : Operation 84 [1/1] (1.18ns) (out node of the LUT)   --->   "%xor_ln53_63 = xor i8 %xor_ln53_62, i8 %xor_ln53_61" [AES_encrypt.cpp:53]   --->   Operation 84 'xor' 'xor_ln53_63' <Predicate = true> <Delay = 1.18> <CoreInst = "LogicGate">   --->   Core 74 'LogicGate' <Latency = 0> <II = 1> <Delay = 0.99> <FuncUnit> <Opcode : 'and' 'or' 'xor'> <InPorts = 2> <OutPorts = 1>
ST_1 : Operation 85 [1/1] (0.99ns)   --->   "%xor_ln55_17 = xor i8 %p_read1027, i8 %p_read926" [AES_encrypt.cpp:55]   --->   Operation 85 'xor' 'xor_ln55_17' <Predicate = true> <Delay = 0.99> <CoreInst = "LogicGate">   --->   Core 74 'LogicGate' <Latency = 0> <II = 1> <Delay = 0.99> <FuncUnit> <Opcode : 'and' 'or' 'xor'> <InPorts = 2> <OutPorts = 1>
ST_1 : Operation 86 [1/1] (0.00ns) (grouped into LUT with out node xor_ln57_63)   --->   "%shl_ln75_84 = shl i8 %xor_ln55_17, i8 1" [AES_common.cpp:75]   --->   Operation 86 'shl' 'shl_ln75_84' <Predicate = true> <Delay = 0.00>
ST_1 : Operation 87 [1/1] (0.00ns) (grouped into LUT with out node xor_ln57_63)   --->   "%tmp_84 = bitselect i1 @_ssdm_op_BitSelect.i1.i8.i32, i8 %xor_ln55_17, i32 7" [AES_common.cpp:75]   --->   Operation 87 'bitselect' 'tmp_84' <Predicate = true> <Delay = 0.00>
ST_1 : Operation 88 [1/1] (0.00ns) (grouped into LUT with out node xor_ln57_63)   --->   "%select_ln57_17 = select i1 %tmp_84, i8 27, i8 0" [AES_encrypt.cpp:57]   --->   Operation 88 'select' 'select_ln57_17' <Predicate = true> <Delay = 0.00> <CoreInst = "Sel">   --->   Core 73 'Sel' <Latency = 0> <II = 1> <Delay = 1.18> <FuncUnit> <Opcode : 'select'> <InPorts = 3> <OutPorts = 1>
ST_1 : Operation 89 [1/1] (0.00ns) (grouped into LUT with out node xor_ln57_63)   --->   "%xor_ln57_61 = xor i8 %shl_ln75_84, i8 %p_read926" [AES_encrypt.cpp:57]   --->   Operation 89 'xor' 'xor_ln57_61' <Predicate = true> <Delay = 0.00> <CoreInst = "LogicGate">   --->   Core 74 'LogicGate' <Latency = 0> <II = 1> <Delay = 0.99> <FuncUnit> <Opcode : 'and' 'or' 'xor'> <InPorts = 2> <OutPorts = 1>
ST_1 : Operation 90 [1/1] (0.00ns) (grouped into LUT with out node xor_ln57_63)   --->   "%xor_ln57_62 = xor i8 %select_ln57_17, i8 %xor_ln50_63" [AES_encrypt.cpp:57]   --->   Operation 90 'xor' 'xor_ln57_62' <Predicate = true> <Delay = 0.00> <CoreInst = "LogicGate">   --->   Core 74 'LogicGate' <Latency = 0> <II = 1> <Delay = 0.99> <FuncUnit> <Opcode : 'and' 'or' 'xor'> <InPorts = 2> <OutPorts = 1>
ST_1 : Operation 91 [1/1] (1.18ns) (out node of the LUT)   --->   "%xor_ln57_63 = xor i8 %xor_ln57_62, i8 %xor_ln57_61" [AES_encrypt.cpp:57]   --->   Operation 91 'xor' 'xor_ln57_63' <Predicate = true> <Delay = 1.18> <CoreInst = "LogicGate">   --->   Core 74 'LogicGate' <Latency = 0> <II = 1> <Delay = 0.99> <FuncUnit> <Opcode : 'and' 'or' 'xor'> <InPorts = 2> <OutPorts = 1>
ST_1 : Operation 92 [1/1] (0.99ns)   --->   "%xor_ln59_17 = xor i8 %p_read1128, i8 %p_read1027" [AES_encrypt.cpp:59]   --->   Operation 92 'xor' 'xor_ln59_17' <Predicate = true> <Delay = 0.99> <CoreInst = "LogicGate">   --->   Core 74 'LogicGate' <Latency = 0> <II = 1> <Delay = 0.99> <FuncUnit> <Opcode : 'and' 'or' 'xor'> <InPorts = 2> <OutPorts = 1>
ST_1 : Operation 93 [1/1] (0.00ns) (grouped into LUT with out node xor_ln61_63)   --->   "%shl_ln75_85 = shl i8 %xor_ln59_17, i8 1" [AES_common.cpp:75]   --->   Operation 93 'shl' 'shl_ln75_85' <Predicate = true> <Delay = 0.00>
ST_1 : Operation 94 [1/1] (0.00ns) (grouped into LUT with out node xor_ln61_63)   --->   "%tmp_85 = bitselect i1 @_ssdm_op_BitSelect.i1.i8.i32, i8 %xor_ln59_17, i32 7" [AES_common.cpp:75]   --->   Operation 94 'bitselect' 'tmp_85' <Predicate = true> <Delay = 0.00>
ST_1 : Operation 95 [1/1] (0.00ns) (grouped into LUT with out node xor_ln61_63)   --->   "%select_ln61_17 = select i1 %tmp_85, i8 27, i8 0" [AES_encrypt.cpp:61]   --->   Operation 95 'select' 'select_ln61_17' <Predicate = true> <Delay = 0.00> <CoreInst = "Sel">   --->   Core 73 'Sel' <Latency = 0> <II = 1> <Delay = 1.18> <FuncUnit> <Opcode : 'select'> <InPorts = 3> <OutPorts = 1>
ST_1 : Operation 96 [1/1] (0.00ns) (grouped into LUT with out node xor_ln61_63)   --->   "%xor_ln61_61 = xor i8 %xor_ln50_61, i8 %p_read1128" [AES_encrypt.cpp:61]   --->   Operation 96 'xor' 'xor_ln61_61' <Predicate = true> <Delay = 0.00> <CoreInst = "LogicGate">   --->   Core 74 'LogicGate' <Latency = 0> <II = 1> <Delay = 0.99> <FuncUnit> <Opcode : 'and' 'or' 'xor'> <InPorts = 2> <OutPorts = 1>
ST_1 : Operation 97 [1/1] (0.00ns) (grouped into LUT with out node xor_ln61_63)   --->   "%xor_ln61_62 = xor i8 %shl_ln75_85, i8 %select_ln61_17" [AES_encrypt.cpp:61]   --->   Operation 97 'xor' 'xor_ln61_62' <Predicate = true> <Delay = 0.00> <CoreInst = "LogicGate">   --->   Core 74 'LogicGate' <Latency = 0> <II = 1> <Delay = 0.99> <FuncUnit> <Opcode : 'and' 'or' 'xor'> <InPorts = 2> <OutPorts = 1>
ST_1 : Operation 98 [1/1] (1.18ns) (out node of the LUT)   --->   "%xor_ln61_63 = xor i8 %xor_ln61_62, i8 %xor_ln61_61" [AES_encrypt.cpp:61]   --->   Operation 98 'xor' 'xor_ln61_63' <Predicate = true> <Delay = 1.18> <CoreInst = "LogicGate">   --->   Core 74 'LogicGate' <Latency = 0> <II = 1> <Delay = 0.99> <FuncUnit> <Opcode : 'and' 'or' 'xor'> <InPorts = 2> <OutPorts = 1>
ST_1 : Operation 99 [1/1] (0.99ns)   --->   "%xor_ln63_17 = xor i8 %p_read1128, i8 %p_read825" [AES_encrypt.cpp:63]   --->   Operation 99 'xor' 'xor_ln63_17' <Predicate = true> <Delay = 0.99> <CoreInst = "LogicGate">   --->   Core 74 'LogicGate' <Latency = 0> <II = 1> <Delay = 0.99> <FuncUnit> <Opcode : 'and' 'or' 'xor'> <InPorts = 2> <OutPorts = 1>
ST_1 : Operation 100 [1/1] (0.00ns) (grouped into LUT with out node xor_ln65_40)   --->   "%shl_ln75_86 = shl i8 %xor_ln63_17, i8 1" [AES_common.cpp:75]   --->   Operation 100 'shl' 'shl_ln75_86' <Predicate = true> <Delay = 0.00>
ST_1 : Operation 101 [1/1] (0.00ns) (grouped into LUT with out node xor_ln65_40)   --->   "%tmp_86 = bitselect i1 @_ssdm_op_BitSelect.i1.i8.i32, i8 %xor_ln63_17, i32 7" [AES_common.cpp:75]   --->   Operation 101 'bitselect' 'tmp_86' <Predicate = true> <Delay = 0.00>
ST_1 : Operation 102 [1/1] (0.00ns) (grouped into LUT with out node xor_ln65_40)   --->   "%select_ln65_17 = select i1 %tmp_86, i8 27, i8 0" [AES_encrypt.cpp:65]   --->   Operation 102 'select' 'select_ln65_17' <Predicate = true> <Delay = 0.00> <CoreInst = "Sel">   --->   Core 73 'Sel' <Latency = 0> <II = 1> <Delay = 1.18> <FuncUnit> <Opcode : 'select'> <InPorts = 3> <OutPorts = 1>
ST_1 : Operation 103 [1/1] (0.00ns) (grouped into LUT with out node xor_ln65_40)   --->   "%xor_ln65_39 = xor i8 %xor_ln50_62, i8 %select_ln65_17" [AES_encrypt.cpp:65]   --->   Operation 103 'xor' 'xor_ln65_39' <Predicate = true> <Delay = 0.00> <CoreInst = "LogicGate">   --->   Core 74 'LogicGate' <Latency = 0> <II = 1> <Delay = 0.99> <FuncUnit> <Opcode : 'and' 'or' 'xor'> <InPorts = 2> <OutPorts = 1>
ST_1 : Operation 104 [1/1] (1.18ns) (out node of the LUT)   --->   "%xor_ln65_40 = xor i8 %xor_ln65_39, i8 %shl_ln75_86" [AES_encrypt.cpp:65]   --->   Operation 104 'xor' 'xor_ln65_40' <Predicate = true> <Delay = 1.18> <CoreInst = "LogicGate">   --->   Core 74 'LogicGate' <Latency = 0> <II = 1> <Delay = 0.99> <FuncUnit> <Opcode : 'and' 'or' 'xor'> <InPorts = 2> <OutPorts = 1>
ST_1 : Operation 105 [1/1] (0.99ns)   --->   "%xor_ln50_64 = xor i8 %p_read_171, i8 %p_read_172" [AES_encrypt.cpp:50]   --->   Operation 105 'xor' 'xor_ln50_64' <Predicate = true> <Delay = 0.99> <CoreInst = "LogicGate">   --->   Core 74 'LogicGate' <Latency = 0> <II = 1> <Delay = 0.99> <FuncUnit> <Opcode : 'and' 'or' 'xor'> <InPorts = 2> <OutPorts = 1>
ST_1 : Operation 106 [1/1] (0.99ns)   --->   "%xor_ln50_65 = xor i8 %xor_ln50_64, i8 %p_read_170" [AES_encrypt.cpp:50]   --->   Operation 106 'xor' 'xor_ln50_65' <Predicate = true> <Delay = 0.99> <CoreInst = "LogicGate">   --->   Core 74 'LogicGate' <Latency = 0> <II = 1> <Delay = 0.99> <FuncUnit> <Opcode : 'and' 'or' 'xor'> <InPorts = 2> <OutPorts = 1>
ST_1 : Operation 107 [1/1] (0.99ns)   --->   "%xor_ln50_66 = xor i8 %xor_ln50_65, i8 %p_read_169" [AES_encrypt.cpp:50]   --->   Operation 107 'xor' 'xor_ln50_66' <Predicate = true> <Delay = 0.99> <CoreInst = "LogicGate">   --->   Core 74 'LogicGate' <Latency = 0> <II = 1> <Delay = 0.99> <FuncUnit> <Opcode : 'and' 'or' 'xor'> <InPorts = 2> <OutPorts = 1>
ST_1 : Operation 108 [1/1] (0.00ns) (grouped into LUT with out node xor_ln53_66)   --->   "%shl_ln75_87 = shl i8 %xor_ln50_64, i8 1" [AES_common.cpp:75]   --->   Operation 108 'shl' 'shl_ln75_87' <Predicate = true> <Delay = 0.00>
ST_1 : Operation 109 [1/1] (0.00ns) (grouped into LUT with out node xor_ln53_66)   --->   "%tmp_87 = bitselect i1 @_ssdm_op_BitSelect.i1.i8.i32, i8 %xor_ln50_64, i32 7" [AES_common.cpp:75]   --->   Operation 109 'bitselect' 'tmp_87' <Predicate = true> <Delay = 0.00>
ST_1 : Operation 110 [1/1] (0.00ns) (grouped into LUT with out node xor_ln53_66)   --->   "%select_ln53_18 = select i1 %tmp_87, i8 27, i8 0" [AES_encrypt.cpp:53]   --->   Operation 110 'select' 'select_ln53_18' <Predicate = true> <Delay = 0.00> <CoreInst = "Sel">   --->   Core 73 'Sel' <Latency = 0> <II = 1> <Delay = 1.18> <FuncUnit> <Opcode : 'select'> <InPorts = 3> <OutPorts = 1>
ST_1 : Operation 111 [1/1] (0.00ns) (grouped into LUT with out node xor_ln53_66)   --->   "%xor_ln53_64 = xor i8 %shl_ln75_87, i8 %p_read_172" [AES_encrypt.cpp:53]   --->   Operation 111 'xor' 'xor_ln53_64' <Predicate = true> <Delay = 0.00> <CoreInst = "LogicGate">   --->   Core 74 'LogicGate' <Latency = 0> <II = 1> <Delay = 0.99> <FuncUnit> <Opcode : 'and' 'or' 'xor'> <InPorts = 2> <OutPorts = 1>
ST_1 : Operation 112 [1/1] (0.00ns) (grouped into LUT with out node xor_ln53_66)   --->   "%xor_ln53_65 = xor i8 %select_ln53_18, i8 %xor_ln50_66" [AES_encrypt.cpp:53]   --->   Operation 112 'xor' 'xor_ln53_65' <Predicate = true> <Delay = 0.00> <CoreInst = "LogicGate">   --->   Core 74 'LogicGate' <Latency = 0> <II = 1> <Delay = 0.99> <FuncUnit> <Opcode : 'and' 'or' 'xor'> <InPorts = 2> <OutPorts = 1>
ST_1 : Operation 113 [1/1] (1.18ns) (out node of the LUT)   --->   "%xor_ln53_66 = xor i8 %xor_ln53_65, i8 %xor_ln53_64" [AES_encrypt.cpp:53]   --->   Operation 113 'xor' 'xor_ln53_66' <Predicate = true> <Delay = 1.18> <CoreInst = "LogicGate">   --->   Core 74 'LogicGate' <Latency = 0> <II = 1> <Delay = 0.99> <FuncUnit> <Opcode : 'and' 'or' 'xor'> <InPorts = 2> <OutPorts = 1>
ST_1 : Operation 114 [1/1] (0.99ns)   --->   "%xor_ln55_18 = xor i8 %p_read_170, i8 %p_read_171" [AES_encrypt.cpp:55]   --->   Operation 114 'xor' 'xor_ln55_18' <Predicate = true> <Delay = 0.99> <CoreInst = "LogicGate">   --->   Core 74 'LogicGate' <Latency = 0> <II = 1> <Delay = 0.99> <FuncUnit> <Opcode : 'and' 'or' 'xor'> <InPorts = 2> <OutPorts = 1>
ST_1 : Operation 115 [1/1] (0.00ns) (grouped into LUT with out node xor_ln57_66)   --->   "%shl_ln75_88 = shl i8 %xor_ln55_18, i8 1" [AES_common.cpp:75]   --->   Operation 115 'shl' 'shl_ln75_88' <Predicate = true> <Delay = 0.00>
ST_1 : Operation 116 [1/1] (0.00ns) (grouped into LUT with out node xor_ln57_66)   --->   "%tmp_88 = bitselect i1 @_ssdm_op_BitSelect.i1.i8.i32, i8 %xor_ln55_18, i32 7" [AES_common.cpp:75]   --->   Operation 116 'bitselect' 'tmp_88' <Predicate = true> <Delay = 0.00>
ST_1 : Operation 117 [1/1] (0.00ns) (grouped into LUT with out node xor_ln57_66)   --->   "%select_ln57_18 = select i1 %tmp_88, i8 27, i8 0" [AES_encrypt.cpp:57]   --->   Operation 117 'select' 'select_ln57_18' <Predicate = true> <Delay = 0.00> <CoreInst = "Sel">   --->   Core 73 'Sel' <Latency = 0> <II = 1> <Delay = 1.18> <FuncUnit> <Opcode : 'select'> <InPorts = 3> <OutPorts = 1>
ST_1 : Operation 118 [1/1] (0.00ns) (grouped into LUT with out node xor_ln57_66)   --->   "%xor_ln57_64 = xor i8 %shl_ln75_88, i8 %p_read_171" [AES_encrypt.cpp:57]   --->   Operation 118 'xor' 'xor_ln57_64' <Predicate = true> <Delay = 0.00> <CoreInst = "LogicGate">   --->   Core 74 'LogicGate' <Latency = 0> <II = 1> <Delay = 0.99> <FuncUnit> <Opcode : 'and' 'or' 'xor'> <InPorts = 2> <OutPorts = 1>
ST_1 : Operation 119 [1/1] (0.00ns) (grouped into LUT with out node xor_ln57_66)   --->   "%xor_ln57_65 = xor i8 %select_ln57_18, i8 %xor_ln50_66" [AES_encrypt.cpp:57]   --->   Operation 119 'xor' 'xor_ln57_65' <Predicate = true> <Delay = 0.00> <CoreInst = "LogicGate">   --->   Core 74 'LogicGate' <Latency = 0> <II = 1> <Delay = 0.99> <FuncUnit> <Opcode : 'and' 'or' 'xor'> <InPorts = 2> <OutPorts = 1>
ST_1 : Operation 120 [1/1] (1.18ns) (out node of the LUT)   --->   "%xor_ln57_66 = xor i8 %xor_ln57_65, i8 %xor_ln57_64" [AES_encrypt.cpp:57]   --->   Operation 120 'xor' 'xor_ln57_66' <Predicate = true> <Delay = 1.18> <CoreInst = "LogicGate">   --->   Core 74 'LogicGate' <Latency = 0> <II = 1> <Delay = 0.99> <FuncUnit> <Opcode : 'and' 'or' 'xor'> <InPorts = 2> <OutPorts = 1>
ST_1 : Operation 121 [1/1] (0.99ns)   --->   "%xor_ln59_18 = xor i8 %p_read_169, i8 %p_read_170" [AES_encrypt.cpp:59]   --->   Operation 121 'xor' 'xor_ln59_18' <Predicate = true> <Delay = 0.99> <CoreInst = "LogicGate">   --->   Core 74 'LogicGate' <Latency = 0> <II = 1> <Delay = 0.99> <FuncUnit> <Opcode : 'and' 'or' 'xor'> <InPorts = 2> <OutPorts = 1>
ST_1 : Operation 122 [1/1] (0.00ns) (grouped into LUT with out node xor_ln61_66)   --->   "%shl_ln75_89 = shl i8 %xor_ln59_18, i8 1" [AES_common.cpp:75]   --->   Operation 122 'shl' 'shl_ln75_89' <Predicate = true> <Delay = 0.00>
ST_1 : Operation 123 [1/1] (0.00ns) (grouped into LUT with out node xor_ln61_66)   --->   "%tmp_89 = bitselect i1 @_ssdm_op_BitSelect.i1.i8.i32, i8 %xor_ln59_18, i32 7" [AES_common.cpp:75]   --->   Operation 123 'bitselect' 'tmp_89' <Predicate = true> <Delay = 0.00>
ST_1 : Operation 124 [1/1] (0.00ns) (grouped into LUT with out node xor_ln61_66)   --->   "%select_ln61_18 = select i1 %tmp_89, i8 27, i8 0" [AES_encrypt.cpp:61]   --->   Operation 124 'select' 'select_ln61_18' <Predicate = true> <Delay = 0.00> <CoreInst = "Sel">   --->   Core 73 'Sel' <Latency = 0> <II = 1> <Delay = 1.18> <FuncUnit> <Opcode : 'select'> <InPorts = 3> <OutPorts = 1>
ST_1 : Operation 125 [1/1] (0.00ns) (grouped into LUT with out node xor_ln61_66)   --->   "%xor_ln61_64 = xor i8 %xor_ln50_64, i8 %p_read_169" [AES_encrypt.cpp:61]   --->   Operation 125 'xor' 'xor_ln61_64' <Predicate = true> <Delay = 0.00> <CoreInst = "LogicGate">   --->   Core 74 'LogicGate' <Latency = 0> <II = 1> <Delay = 0.99> <FuncUnit> <Opcode : 'and' 'or' 'xor'> <InPorts = 2> <OutPorts = 1>
ST_1 : Operation 126 [1/1] (0.00ns) (grouped into LUT with out node xor_ln61_66)   --->   "%xor_ln61_65 = xor i8 %shl_ln75_89, i8 %select_ln61_18" [AES_encrypt.cpp:61]   --->   Operation 126 'xor' 'xor_ln61_65' <Predicate = true> <Delay = 0.00> <CoreInst = "LogicGate">   --->   Core 74 'LogicGate' <Latency = 0> <II = 1> <Delay = 0.99> <FuncUnit> <Opcode : 'and' 'or' 'xor'> <InPorts = 2> <OutPorts = 1>
ST_1 : Operation 127 [1/1] (1.18ns) (out node of the LUT)   --->   "%xor_ln61_66 = xor i8 %xor_ln61_65, i8 %xor_ln61_64" [AES_encrypt.cpp:61]   --->   Operation 127 'xor' 'xor_ln61_66' <Predicate = true> <Delay = 1.18> <CoreInst = "LogicGate">   --->   Core 74 'LogicGate' <Latency = 0> <II = 1> <Delay = 0.99> <FuncUnit> <Opcode : 'and' 'or' 'xor'> <InPorts = 2> <OutPorts = 1>
ST_1 : Operation 128 [1/1] (0.99ns)   --->   "%xor_ln63_18 = xor i8 %p_read_169, i8 %p_read_172" [AES_encrypt.cpp:63]   --->   Operation 128 'xor' 'xor_ln63_18' <Predicate = true> <Delay = 0.99> <CoreInst = "LogicGate">   --->   Core 74 'LogicGate' <Latency = 0> <II = 1> <Delay = 0.99> <FuncUnit> <Opcode : 'and' 'or' 'xor'> <InPorts = 2> <OutPorts = 1>
ST_1 : Operation 129 [1/1] (0.00ns) (grouped into LUT with out node xor_ln65_42)   --->   "%shl_ln75_90 = shl i8 %xor_ln63_18, i8 1" [AES_common.cpp:75]   --->   Operation 129 'shl' 'shl_ln75_90' <Predicate = true> <Delay = 0.00>
ST_1 : Operation 130 [1/1] (0.00ns) (grouped into LUT with out node xor_ln65_42)   --->   "%tmp_90 = bitselect i1 @_ssdm_op_BitSelect.i1.i8.i32, i8 %xor_ln63_18, i32 7" [AES_common.cpp:75]   --->   Operation 130 'bitselect' 'tmp_90' <Predicate = true> <Delay = 0.00>
ST_1 : Operation 131 [1/1] (0.00ns) (grouped into LUT with out node xor_ln65_42)   --->   "%select_ln65_18 = select i1 %tmp_90, i8 27, i8 0" [AES_encrypt.cpp:65]   --->   Operation 131 'select' 'select_ln65_18' <Predicate = true> <Delay = 0.00> <CoreInst = "Sel">   --->   Core 73 'Sel' <Latency = 0> <II = 1> <Delay = 1.18> <FuncUnit> <Opcode : 'select'> <InPorts = 3> <OutPorts = 1>
ST_1 : Operation 132 [1/1] (0.00ns) (grouped into LUT with out node xor_ln65_42)   --->   "%xor_ln65_41 = xor i8 %xor_ln50_65, i8 %select_ln65_18" [AES_encrypt.cpp:65]   --->   Operation 132 'xor' 'xor_ln65_41' <Predicate = true> <Delay = 0.00> <CoreInst = "LogicGate">   --->   Core 74 'LogicGate' <Latency = 0> <II = 1> <Delay = 0.99> <FuncUnit> <Opcode : 'and' 'or' 'xor'> <InPorts = 2> <OutPorts = 1>
ST_1 : Operation 133 [1/1] (1.18ns) (out node of the LUT)   --->   "%xor_ln65_42 = xor i8 %xor_ln65_41, i8 %shl_ln75_90" [AES_encrypt.cpp:65]   --->   Operation 133 'xor' 'xor_ln65_42' <Predicate = true> <Delay = 1.18> <CoreInst = "LogicGate">   --->   Core 74 'LogicGate' <Latency = 0> <II = 1> <Delay = 0.99> <FuncUnit> <Opcode : 'and' 'or' 'xor'> <InPorts = 2> <OutPorts = 1>
ST_1 : Operation 134 [1/1] (0.00ns)   --->   "%mrv = insertvalue i128 <undef>, i8 %xor_ln53_57" [AES_encrypt.cpp:67]   --->   Operation 134 'insertvalue' 'mrv' <Predicate = true> <Delay = 0.00>
ST_1 : Operation 135 [1/1] (0.00ns)   --->   "%mrv_1 = insertvalue i128 %mrv, i8 %xor_ln57_57" [AES_encrypt.cpp:67]   --->   Operation 135 'insertvalue' 'mrv_1' <Predicate = true> <Delay = 0.00>
ST_1 : Operation 136 [1/1] (0.00ns)   --->   "%mrv_2 = insertvalue i128 %mrv_1, i8 %xor_ln61_57" [AES_encrypt.cpp:67]   --->   Operation 136 'insertvalue' 'mrv_2' <Predicate = true> <Delay = 0.00>
ST_1 : Operation 137 [1/1] (0.00ns)   --->   "%mrv_3 = insertvalue i128 %mrv_2, i8 %xor_ln65_36" [AES_encrypt.cpp:67]   --->   Operation 137 'insertvalue' 'mrv_3' <Predicate = true> <Delay = 0.00>
ST_1 : Operation 138 [1/1] (0.00ns)   --->   "%mrv_4 = insertvalue i128 %mrv_3, i8 %xor_ln53_60" [AES_encrypt.cpp:67]   --->   Operation 138 'insertvalue' 'mrv_4' <Predicate = true> <Delay = 0.00>
ST_1 : Operation 139 [1/1] (0.00ns)   --->   "%mrv_5 = insertvalue i128 %mrv_4, i8 %xor_ln57_60" [AES_encrypt.cpp:67]   --->   Operation 139 'insertvalue' 'mrv_5' <Predicate = true> <Delay = 0.00>
ST_1 : Operation 140 [1/1] (0.00ns)   --->   "%mrv_6 = insertvalue i128 %mrv_5, i8 %xor_ln61_60" [AES_encrypt.cpp:67]   --->   Operation 140 'insertvalue' 'mrv_6' <Predicate = true> <Delay = 0.00>
ST_1 : Operation 141 [1/1] (0.00ns)   --->   "%mrv_7 = insertvalue i128 %mrv_6, i8 %xor_ln65_38" [AES_encrypt.cpp:67]   --->   Operation 141 'insertvalue' 'mrv_7' <Predicate = true> <Delay = 0.00>
ST_1 : Operation 142 [1/1] (0.00ns)   --->   "%mrv_8 = insertvalue i128 %mrv_7, i8 %xor_ln53_63" [AES_encrypt.cpp:67]   --->   Operation 142 'insertvalue' 'mrv_8' <Predicate = true> <Delay = 0.00>
ST_1 : Operation 143 [1/1] (0.00ns)   --->   "%mrv_9 = insertvalue i128 %mrv_8, i8 %xor_ln57_63" [AES_encrypt.cpp:67]   --->   Operation 143 'insertvalue' 'mrv_9' <Predicate = true> <Delay = 0.00>
ST_1 : Operation 144 [1/1] (0.00ns)   --->   "%mrv_10 = insertvalue i128 %mrv_9, i8 %xor_ln61_63" [AES_encrypt.cpp:67]   --->   Operation 144 'insertvalue' 'mrv_10' <Predicate = true> <Delay = 0.00>
ST_1 : Operation 145 [1/1] (0.00ns)   --->   "%mrv_11 = insertvalue i128 %mrv_10, i8 %xor_ln65_40" [AES_encrypt.cpp:67]   --->   Operation 145 'insertvalue' 'mrv_11' <Predicate = true> <Delay = 0.00>
ST_1 : Operation 146 [1/1] (0.00ns)   --->   "%mrv_12 = insertvalue i128 %mrv_11, i8 %xor_ln53_66" [AES_encrypt.cpp:67]   --->   Operation 146 'insertvalue' 'mrv_12' <Predicate = true> <Delay = 0.00>
ST_1 : Operation 147 [1/1] (0.00ns)   --->   "%mrv_13 = insertvalue i128 %mrv_12, i8 %xor_ln57_66" [AES_encrypt.cpp:67]   --->   Operation 147 'insertvalue' 'mrv_13' <Predicate = true> <Delay = 0.00>
ST_1 : Operation 148 [1/1] (0.00ns)   --->   "%mrv_14 = insertvalue i128 %mrv_13, i8 %xor_ln61_66" [AES_encrypt.cpp:67]   --->   Operation 148 'insertvalue' 'mrv_14' <Predicate = true> <Delay = 0.00>
ST_1 : Operation 149 [1/1] (0.00ns)   --->   "%mrv_s = insertvalue i128 %mrv_14, i8 %xor_ln65_42" [AES_encrypt.cpp:67]   --->   Operation 149 'insertvalue' 'mrv_s' <Predicate = true> <Delay = 0.00>
ST_1 : Operation 150 [1/1] (0.00ns)   --->   "%ret_ln67 = ret i128 %mrv_s" [AES_encrypt.cpp:67]   --->   Operation 150 'ret' 'ret_ln67' <Predicate = true> <Delay = 0.00>


============================================================
+ Verbose Summary: Timing violations
============================================================
Target clock period: 10ns, clock uncertainty: 2.7ns.

 <State 1>: 4.16ns
The critical path consists of the following:
	wire read on port 'p_read1' (AES_encrypt.cpp:45) [31]  (0 ns)
	'xor' operation ('xor_ln50', AES_encrypt.cpp:50) [33]  (0.99 ns)
	'xor' operation ('xor_ln50_56', AES_encrypt.cpp:50) [34]  (0.99 ns)
	'xor' operation ('xor_ln50_57', AES_encrypt.cpp:50) [35]  (0.99 ns)
	'xor' operation ('xor_ln53_56', AES_encrypt.cpp:53) [40]  (0 ns)
	'xor' operation ('out[0]', AES_encrypt.cpp:53) [41]  (1.19 ns)


============================================================
+ Verbose Summary: Binding
============================================================
N/A
* FSMD analyzer results:
  - Output states:
 - Input state : 
  - Chain level:
	State 1


============================================================
+ Verbose Summary: Datapath Resource usage 
============================================================
N/A
