

================================================================
== Vitis HLS Report for 'MixColumns80'
================================================================
* Date:           Thu Dec 30 15:46:33 2021

* Version:        2020.2 (Build 3064766 on Wed Nov 18 09:12:45 MST 2020)
* Project:        aes
* Solution:       solution1 (Vivado IP Flow Target)
* Product family: zynq
* Target device:  xc7z020-clg400-1


================================================================
== Performance Estimates
================================================================
+ Timing: 
    * Summary: 
    +--------+----------+----------+------------+
    |  Clock |  Target  | Estimated| Uncertainty|
    +--------+----------+----------+------------+
    |ap_clk  |  10.00 ns|  4.158 ns|     2.70 ns|
    +--------+----------+----------+------------+

+ Latency: 
    * Summary: 
    +---------+---------+----------+----------+-----+-----+---------+
    |  Latency (cycles) |  Latency (absolute) |  Interval | Pipeline|
    |   min   |   max   |    min   |    max   | min | max |   Type  |
    +---------+---------+----------+----------+-----+-----+---------+
    |        0|        0|      0 ns|      0 ns|    0|    0|     none|
    +---------+---------+----------+----------+-----+-----+---------+

    + Detail: 
        * Instance: 
        N/A

        * Loop: 
        N/A

============================================================
+ Verbose Summary: Synthesis Manager
============================================================
InlineROM: 1
ExposeGlobal: 0
============================================================
+ Verbose Summary: CDFG Model
============================================================
IsTopModel: 0
ResetActiveHigh: 1
IsCombinational: 2
IsDatapathOnly: 0
HasWiredReturn: 1
HasMFsm: 0
HasVarLatency: 0
IsPipeline: 0
IsRtlPipelined: 0
IsInstanceOverlapped: 0
IsDontTouch: 0
HasImplIP: 0
IsGatedGlobalClock: 0


============================================================
+ Verbose Summary: Schedule
============================================================
* Number of FSM states : 1
* Pipeline : 0
* Dataflow Pipeline: 0

* FSM state transitions: 
1 --> 

* FSM state operations: 

State 1 <SV = 0> <Delay = 4.15>
ST_1 : Operation 2 [1/1] (0.00ns)   --->   "%p_read_157 = read i8 @_ssdm_op_Read.ap_auto.i8, i8 %p_read15" [AES_encrypt.cpp:45]   --->   Operation 2 'read' 'p_read_157' <Predicate = true> <Delay = 0.00>
ST_1 : Operation 3 [1/1] (0.00ns)   --->   "%p_read_158 = read i8 @_ssdm_op_Read.ap_auto.i8, i8 %p_read14" [AES_encrypt.cpp:45]   --->   Operation 3 'read' 'p_read_158' <Predicate = true> <Delay = 0.00>
ST_1 : Operation 4 [1/1] (0.00ns)   --->   "%p_read_159 = read i8 @_ssdm_op_Read.ap_auto.i8, i8 %p_read13" [AES_encrypt.cpp:45]   --->   Operation 4 'read' 'p_read_159' <Predicate = true> <Delay = 0.00>
ST_1 : Operation 5 [1/1] (0.00ns)   --->   "%p_read_160 = read i8 @_ssdm_op_Read.ap_auto.i8, i8 %p_read12" [AES_encrypt.cpp:45]   --->   Operation 5 'read' 'p_read_160' <Predicate = true> <Delay = 0.00>
ST_1 : Operation 6 [1/1] (0.00ns)   --->   "%p_read1128 = read i8 @_ssdm_op_Read.ap_auto.i8, i8 %p_read11" [AES_encrypt.cpp:45]   --->   Operation 6 'read' 'p_read1128' <Predicate = true> <Delay = 0.00>
ST_1 : Operation 7 [1/1] (0.00ns)   --->   "%p_read1027 = read i8 @_ssdm_op_Read.ap_auto.i8, i8 %p_read10" [AES_encrypt.cpp:45]   --->   Operation 7 'read' 'p_read1027' <Predicate = true> <Delay = 0.00>
ST_1 : Operation 8 [1/1] (0.00ns)   --->   "%p_read926 = read i8 @_ssdm_op_Read.ap_auto.i8, i8 %p_read9" [AES_encrypt.cpp:45]   --->   Operation 8 'read' 'p_read926' <Predicate = true> <Delay = 0.00>
ST_1 : Operation 9 [1/1] (0.00ns)   --->   "%p_read825 = read i8 @_ssdm_op_Read.ap_auto.i8, i8 %p_read8" [AES_encrypt.cpp:45]   --->   Operation 9 'read' 'p_read825' <Predicate = true> <Delay = 0.00>
ST_1 : Operation 10 [1/1] (0.00ns)   --->   "%p_read724 = read i8 @_ssdm_op_Read.ap_auto.i8, i8 %p_read7" [AES_encrypt.cpp:45]   --->   Operation 10 'read' 'p_read724' <Predicate = true> <Delay = 0.00>
ST_1 : Operation 11 [1/1] (0.00ns)   --->   "%p_read623 = read i8 @_ssdm_op_Read.ap_auto.i8, i8 %p_read6" [AES_encrypt.cpp:45]   --->   Operation 11 'read' 'p_read623' <Predicate = true> <Delay = 0.00>
ST_1 : Operation 12 [1/1] (0.00ns)   --->   "%p_read522 = read i8 @_ssdm_op_Read.ap_auto.i8, i8 %p_read5" [AES_encrypt.cpp:45]   --->   Operation 12 'read' 'p_read522' <Predicate = true> <Delay = 0.00>
ST_1 : Operation 13 [1/1] (0.00ns)   --->   "%p_read421 = read i8 @_ssdm_op_Read.ap_auto.i8, i8 %p_read4" [AES_encrypt.cpp:45]   --->   Operation 13 'read' 'p_read421' <Predicate = true> <Delay = 0.00>
ST_1 : Operation 14 [1/1] (0.00ns)   --->   "%p_read320 = read i8 @_ssdm_op_Read.ap_auto.i8, i8 %p_read3" [AES_encrypt.cpp:45]   --->   Operation 14 'read' 'p_read320' <Predicate = true> <Delay = 0.00>
ST_1 : Operation 15 [1/1] (0.00ns)   --->   "%p_read219 = read i8 @_ssdm_op_Read.ap_auto.i8, i8 %p_read2" [AES_encrypt.cpp:45]   --->   Operation 15 'read' 'p_read219' <Predicate = true> <Delay = 0.00>
ST_1 : Operation 16 [1/1] (0.00ns)   --->   "%p_read118 = read i8 @_ssdm_op_Read.ap_auto.i8, i8 %p_read1" [AES_encrypt.cpp:45]   --->   Operation 16 'read' 'p_read118' <Predicate = true> <Delay = 0.00>
ST_1 : Operation 17 [1/1] (0.00ns)   --->   "%p_read17 = read i8 @_ssdm_op_Read.ap_auto.i8, i8 %p_read" [AES_encrypt.cpp:45]   --->   Operation 17 'read' 'p_read17' <Predicate = true> <Delay = 0.00>
ST_1 : Operation 18 [1/1] (0.99ns)   --->   "%xor_ln50 = xor i8 %p_read118, i8 %p_read17" [AES_encrypt.cpp:50]   --->   Operation 18 'xor' 'xor_ln50' <Predicate = true> <Delay = 0.99> <CoreInst = "LogicGate">   --->   Core 74 'LogicGate' <Latency = 0> <II = 1> <Delay = 0.99> <FuncUnit> <Opcode : 'and' 'or' 'xor'> <InPorts = 2> <OutPorts = 1>
ST_1 : Operation 19 [1/1] (0.99ns)   --->   "%xor_ln50_23 = xor i8 %xor_ln50, i8 %p_read219" [AES_encrypt.cpp:50]   --->   Operation 19 'xor' 'xor_ln50_23' <Predicate = true> <Delay = 0.99> <CoreInst = "LogicGate">   --->   Core 74 'LogicGate' <Latency = 0> <II = 1> <Delay = 0.99> <FuncUnit> <Opcode : 'and' 'or' 'xor'> <InPorts = 2> <OutPorts = 1>
ST_1 : Operation 20 [1/1] (0.99ns)   --->   "%xor_ln50_24 = xor i8 %xor_ln50_23, i8 %p_read320" [AES_encrypt.cpp:50]   --->   Operation 20 'xor' 'xor_ln50_24' <Predicate = true> <Delay = 0.99> <CoreInst = "LogicGate">   --->   Core 74 'LogicGate' <Latency = 0> <II = 1> <Delay = 0.99> <FuncUnit> <Opcode : 'and' 'or' 'xor'> <InPorts = 2> <OutPorts = 1>
ST_1 : Operation 21 [1/1] (0.00ns) (grouped into LUT with out node xor_ln53_24)   --->   "%shl_ln75 = shl i8 %xor_ln50, i8 1" [AES_common.cpp:75]   --->   Operation 21 'shl' 'shl_ln75' <Predicate = true> <Delay = 0.00>
ST_1 : Operation 22 [1/1] (0.00ns) (grouped into LUT with out node xor_ln53_24)   --->   "%tmp = bitselect i1 @_ssdm_op_BitSelect.i1.i8.i32, i8 %xor_ln50, i32 7" [AES_common.cpp:75]   --->   Operation 22 'bitselect' 'tmp' <Predicate = true> <Delay = 0.00>
ST_1 : Operation 23 [1/1] (0.00ns) (grouped into LUT with out node xor_ln53_24)   --->   "%select_ln53 = select i1 %tmp, i8 27, i8 0" [AES_encrypt.cpp:53]   --->   Operation 23 'select' 'select_ln53' <Predicate = true> <Delay = 0.00> <CoreInst = "Sel">   --->   Core 73 'Sel' <Latency = 0> <II = 1> <Delay = 1.18> <FuncUnit> <Opcode : 'select'> <InPorts = 3> <OutPorts = 1>
ST_1 : Operation 24 [1/1] (0.00ns) (grouped into LUT with out node xor_ln53_24)   --->   "%xor_ln53 = xor i8 %shl_ln75, i8 %p_read17" [AES_encrypt.cpp:53]   --->   Operation 24 'xor' 'xor_ln53' <Predicate = true> <Delay = 0.00> <CoreInst = "LogicGate">   --->   Core 74 'LogicGate' <Latency = 0> <II = 1> <Delay = 0.99> <FuncUnit> <Opcode : 'and' 'or' 'xor'> <InPorts = 2> <OutPorts = 1>
ST_1 : Operation 25 [1/1] (0.00ns) (grouped into LUT with out node xor_ln53_24)   --->   "%xor_ln53_23 = xor i8 %select_ln53, i8 %xor_ln50_24" [AES_encrypt.cpp:53]   --->   Operation 25 'xor' 'xor_ln53_23' <Predicate = true> <Delay = 0.00> <CoreInst = "LogicGate">   --->   Core 74 'LogicGate' <Latency = 0> <II = 1> <Delay = 0.99> <FuncUnit> <Opcode : 'and' 'or' 'xor'> <InPorts = 2> <OutPorts = 1>
ST_1 : Operation 26 [1/1] (1.18ns) (out node of the LUT)   --->   "%xor_ln53_24 = xor i8 %xor_ln53_23, i8 %xor_ln53" [AES_encrypt.cpp:53]   --->   Operation 26 'xor' 'xor_ln53_24' <Predicate = true> <Delay = 1.18> <CoreInst = "LogicGate">   --->   Core 74 'LogicGate' <Latency = 0> <II = 1> <Delay = 0.99> <FuncUnit> <Opcode : 'and' 'or' 'xor'> <InPorts = 2> <OutPorts = 1>
ST_1 : Operation 27 [1/1] (0.99ns)   --->   "%xor_ln55 = xor i8 %p_read219, i8 %p_read118" [AES_encrypt.cpp:55]   --->   Operation 27 'xor' 'xor_ln55' <Predicate = true> <Delay = 0.99> <CoreInst = "LogicGate">   --->   Core 74 'LogicGate' <Latency = 0> <II = 1> <Delay = 0.99> <FuncUnit> <Opcode : 'and' 'or' 'xor'> <InPorts = 2> <OutPorts = 1>
ST_1 : Operation 28 [1/1] (0.00ns) (grouped into LUT with out node xor_ln57_24)   --->   "%shl_ln75_31 = shl i8 %xor_ln55, i8 1" [AES_common.cpp:75]   --->   Operation 28 'shl' 'shl_ln75_31' <Predicate = true> <Delay = 0.00>
ST_1 : Operation 29 [1/1] (0.00ns) (grouped into LUT with out node xor_ln57_24)   --->   "%tmp_31 = bitselect i1 @_ssdm_op_BitSelect.i1.i8.i32, i8 %xor_ln55, i32 7" [AES_common.cpp:75]   --->   Operation 29 'bitselect' 'tmp_31' <Predicate = true> <Delay = 0.00>
ST_1 : Operation 30 [1/1] (0.00ns) (grouped into LUT with out node xor_ln57_24)   --->   "%select_ln57 = select i1 %tmp_31, i8 27, i8 0" [AES_encrypt.cpp:57]   --->   Operation 30 'select' 'select_ln57' <Predicate = true> <Delay = 0.00> <CoreInst = "Sel">   --->   Core 73 'Sel' <Latency = 0> <II = 1> <Delay = 1.18> <FuncUnit> <Opcode : 'select'> <InPorts = 3> <OutPorts = 1>
ST_1 : Operation 31 [1/1] (0.00ns) (grouped into LUT with out node xor_ln57_24)   --->   "%xor_ln57 = xor i8 %shl_ln75_31, i8 %p_read118" [AES_encrypt.cpp:57]   --->   Operation 31 'xor' 'xor_ln57' <Predicate = true> <Delay = 0.00> <CoreInst = "LogicGate">   --->   Core 74 'LogicGate' <Latency = 0> <II = 1> <Delay = 0.99> <FuncUnit> <Opcode : 'and' 'or' 'xor'> <InPorts = 2> <OutPorts = 1>
ST_1 : Operation 32 [1/1] (0.00ns) (grouped into LUT with out node xor_ln57_24)   --->   "%xor_ln57_23 = xor i8 %select_ln57, i8 %xor_ln50_24" [AES_encrypt.cpp:57]   --->   Operation 32 'xor' 'xor_ln57_23' <Predicate = true> <Delay = 0.00> <CoreInst = "LogicGate">   --->   Core 74 'LogicGate' <Latency = 0> <II = 1> <Delay = 0.99> <FuncUnit> <Opcode : 'and' 'or' 'xor'> <InPorts = 2> <OutPorts = 1>
ST_1 : Operation 33 [1/1] (1.18ns) (out node of the LUT)   --->   "%xor_ln57_24 = xor i8 %xor_ln57_23, i8 %xor_ln57" [AES_encrypt.cpp:57]   --->   Operation 33 'xor' 'xor_ln57_24' <Predicate = true> <Delay = 1.18> <CoreInst = "LogicGate">   --->   Core 74 'LogicGate' <Latency = 0> <II = 1> <Delay = 0.99> <FuncUnit> <Opcode : 'and' 'or' 'xor'> <InPorts = 2> <OutPorts = 1>
ST_1 : Operation 34 [1/1] (0.99ns)   --->   "%xor_ln59 = xor i8 %p_read320, i8 %p_read219" [AES_encrypt.cpp:59]   --->   Operation 34 'xor' 'xor_ln59' <Predicate = true> <Delay = 0.99> <CoreInst = "LogicGate">   --->   Core 74 'LogicGate' <Latency = 0> <II = 1> <Delay = 0.99> <FuncUnit> <Opcode : 'and' 'or' 'xor'> <InPorts = 2> <OutPorts = 1>
ST_1 : Operation 35 [1/1] (0.00ns) (grouped into LUT with out node xor_ln61_24)   --->   "%shl_ln75_32 = shl i8 %xor_ln59, i8 1" [AES_common.cpp:75]   --->   Operation 35 'shl' 'shl_ln75_32' <Predicate = true> <Delay = 0.00>
ST_1 : Operation 36 [1/1] (0.00ns) (grouped into LUT with out node xor_ln61_24)   --->   "%tmp_32 = bitselect i1 @_ssdm_op_BitSelect.i1.i8.i32, i8 %xor_ln59, i32 7" [AES_common.cpp:75]   --->   Operation 36 'bitselect' 'tmp_32' <Predicate = true> <Delay = 0.00>
ST_1 : Operation 37 [1/1] (0.00ns) (grouped into LUT with out node xor_ln61_24)   --->   "%select_ln61 = select i1 %tmp_32, i8 27, i8 0" [AES_encrypt.cpp:61]   --->   Operation 37 'select' 'select_ln61' <Predicate = true> <Delay = 0.00> <CoreInst = "Sel">   --->   Core 73 'Sel' <Latency = 0> <II = 1> <Delay = 1.18> <FuncUnit> <Opcode : 'select'> <InPorts = 3> <OutPorts = 1>
ST_1 : Operation 38 [1/1] (0.00ns) (grouped into LUT with out node xor_ln61_24)   --->   "%xor_ln61 = xor i8 %xor_ln50, i8 %p_read320" [AES_encrypt.cpp:61]   --->   Operation 38 'xor' 'xor_ln61' <Predicate = true> <Delay = 0.00> <CoreInst = "LogicGate">   --->   Core 74 'LogicGate' <Latency = 0> <II = 1> <Delay = 0.99> <FuncUnit> <Opcode : 'and' 'or' 'xor'> <InPorts = 2> <OutPorts = 1>
ST_1 : Operation 39 [1/1] (0.00ns) (grouped into LUT with out node xor_ln61_24)   --->   "%xor_ln61_23 = xor i8 %shl_ln75_32, i8 %select_ln61" [AES_encrypt.cpp:61]   --->   Operation 39 'xor' 'xor_ln61_23' <Predicate = true> <Delay = 0.00> <CoreInst = "LogicGate">   --->   Core 74 'LogicGate' <Latency = 0> <II = 1> <Delay = 0.99> <FuncUnit> <Opcode : 'and' 'or' 'xor'> <InPorts = 2> <OutPorts = 1>
ST_1 : Operation 40 [1/1] (1.18ns) (out node of the LUT)   --->   "%xor_ln61_24 = xor i8 %xor_ln61_23, i8 %xor_ln61" [AES_encrypt.cpp:61]   --->   Operation 40 'xor' 'xor_ln61_24' <Predicate = true> <Delay = 1.18> <CoreInst = "LogicGate">   --->   Core 74 'LogicGate' <Latency = 0> <II = 1> <Delay = 0.99> <FuncUnit> <Opcode : 'and' 'or' 'xor'> <InPorts = 2> <OutPorts = 1>
ST_1 : Operation 41 [1/1] (0.99ns)   --->   "%xor_ln63 = xor i8 %p_read320, i8 %p_read17" [AES_encrypt.cpp:63]   --->   Operation 41 'xor' 'xor_ln63' <Predicate = true> <Delay = 0.99> <CoreInst = "LogicGate">   --->   Core 74 'LogicGate' <Latency = 0> <II = 1> <Delay = 0.99> <FuncUnit> <Opcode : 'and' 'or' 'xor'> <InPorts = 2> <OutPorts = 1>
ST_1 : Operation 42 [1/1] (0.00ns) (grouped into LUT with out node xor_ln65_15)   --->   "%shl_ln75_33 = shl i8 %xor_ln63, i8 1" [AES_common.cpp:75]   --->   Operation 42 'shl' 'shl_ln75_33' <Predicate = true> <Delay = 0.00>
ST_1 : Operation 43 [1/1] (0.00ns) (grouped into LUT with out node xor_ln65_15)   --->   "%tmp_33 = bitselect i1 @_ssdm_op_BitSelect.i1.i8.i32, i8 %xor_ln63, i32 7" [AES_common.cpp:75]   --->   Operation 43 'bitselect' 'tmp_33' <Predicate = true> <Delay = 0.00>
ST_1 : Operation 44 [1/1] (0.00ns) (grouped into LUT with out node xor_ln65_15)   --->   "%select_ln65 = select i1 %tmp_33, i8 27, i8 0" [AES_encrypt.cpp:65]   --->   Operation 44 'select' 'select_ln65' <Predicate = true> <Delay = 0.00> <CoreInst = "Sel">   --->   Core 73 'Sel' <Latency = 0> <II = 1> <Delay = 1.18> <FuncUnit> <Opcode : 'select'> <InPorts = 3> <OutPorts = 1>
ST_1 : Operation 45 [1/1] (0.00ns) (grouped into LUT with out node xor_ln65_15)   --->   "%xor_ln65 = xor i8 %xor_ln50_23, i8 %select_ln65" [AES_encrypt.cpp:65]   --->   Operation 45 'xor' 'xor_ln65' <Predicate = true> <Delay = 0.00> <CoreInst = "LogicGate">   --->   Core 74 'LogicGate' <Latency = 0> <II = 1> <Delay = 0.99> <FuncUnit> <Opcode : 'and' 'or' 'xor'> <InPorts = 2> <OutPorts = 1>
ST_1 : Operation 46 [1/1] (1.18ns) (out node of the LUT)   --->   "%xor_ln65_15 = xor i8 %xor_ln65, i8 %shl_ln75_33" [AES_encrypt.cpp:65]   --->   Operation 46 'xor' 'xor_ln65_15' <Predicate = true> <Delay = 1.18> <CoreInst = "LogicGate">   --->   Core 74 'LogicGate' <Latency = 0> <II = 1> <Delay = 0.99> <FuncUnit> <Opcode : 'and' 'or' 'xor'> <InPorts = 2> <OutPorts = 1>
ST_1 : Operation 47 [1/1] (0.99ns)   --->   "%xor_ln50_25 = xor i8 %p_read522, i8 %p_read421" [AES_encrypt.cpp:50]   --->   Operation 47 'xor' 'xor_ln50_25' <Predicate = true> <Delay = 0.99> <CoreInst = "LogicGate">   --->   Core 74 'LogicGate' <Latency = 0> <II = 1> <Delay = 0.99> <FuncUnit> <Opcode : 'and' 'or' 'xor'> <InPorts = 2> <OutPorts = 1>
ST_1 : Operation 48 [1/1] (0.99ns)   --->   "%xor_ln50_26 = xor i8 %xor_ln50_25, i8 %p_read623" [AES_encrypt.cpp:50]   --->   Operation 48 'xor' 'xor_ln50_26' <Predicate = true> <Delay = 0.99> <CoreInst = "LogicGate">   --->   Core 74 'LogicGate' <Latency = 0> <II = 1> <Delay = 0.99> <FuncUnit> <Opcode : 'and' 'or' 'xor'> <InPorts = 2> <OutPorts = 1>
ST_1 : Operation 49 [1/1] (0.99ns)   --->   "%xor_ln50_27 = xor i8 %xor_ln50_26, i8 %p_read724" [AES_encrypt.cpp:50]   --->   Operation 49 'xor' 'xor_ln50_27' <Predicate = true> <Delay = 0.99> <CoreInst = "LogicGate">   --->   Core 74 'LogicGate' <Latency = 0> <II = 1> <Delay = 0.99> <FuncUnit> <Opcode : 'and' 'or' 'xor'> <InPorts = 2> <OutPorts = 1>
ST_1 : Operation 50 [1/1] (0.00ns) (grouped into LUT with out node xor_ln53_27)   --->   "%shl_ln75_34 = shl i8 %xor_ln50_25, i8 1" [AES_common.cpp:75]   --->   Operation 50 'shl' 'shl_ln75_34' <Predicate = true> <Delay = 0.00>
ST_1 : Operation 51 [1/1] (0.00ns) (grouped into LUT with out node xor_ln53_27)   --->   "%tmp_34 = bitselect i1 @_ssdm_op_BitSelect.i1.i8.i32, i8 %xor_ln50_25, i32 7" [AES_common.cpp:75]   --->   Operation 51 'bitselect' 'tmp_34' <Predicate = true> <Delay = 0.00>
ST_1 : Operation 52 [1/1] (0.00ns) (grouped into LUT with out node xor_ln53_27)   --->   "%select_ln53_7 = select i1 %tmp_34, i8 27, i8 0" [AES_encrypt.cpp:53]   --->   Operation 52 'select' 'select_ln53_7' <Predicate = true> <Delay = 0.00> <CoreInst = "Sel">   --->   Core 73 'Sel' <Latency = 0> <II = 1> <Delay = 1.18> <FuncUnit> <Opcode : 'select'> <InPorts = 3> <OutPorts = 1>
ST_1 : Operation 53 [1/1] (0.00ns) (grouped into LUT with out node xor_ln53_27)   --->   "%xor_ln53_25 = xor i8 %shl_ln75_34, i8 %p_read421" [AES_encrypt.cpp:53]   --->   Operation 53 'xor' 'xor_ln53_25' <Predicate = true> <Delay = 0.00> <CoreInst = "LogicGate">   --->   Core 74 'LogicGate' <Latency = 0> <II = 1> <Delay = 0.99> <FuncUnit> <Opcode : 'and' 'or' 'xor'> <InPorts = 2> <OutPorts = 1>
ST_1 : Operation 54 [1/1] (0.00ns) (grouped into LUT with out node xor_ln53_27)   --->   "%xor_ln53_26 = xor i8 %select_ln53_7, i8 %xor_ln50_27" [AES_encrypt.cpp:53]   --->   Operation 54 'xor' 'xor_ln53_26' <Predicate = true> <Delay = 0.00> <CoreInst = "LogicGate">   --->   Core 74 'LogicGate' <Latency = 0> <II = 1> <Delay = 0.99> <FuncUnit> <Opcode : 'and' 'or' 'xor'> <InPorts = 2> <OutPorts = 1>
ST_1 : Operation 55 [1/1] (1.18ns) (out node of the LUT)   --->   "%xor_ln53_27 = xor i8 %xor_ln53_26, i8 %xor_ln53_25" [AES_encrypt.cpp:53]   --->   Operation 55 'xor' 'xor_ln53_27' <Predicate = true> <Delay = 1.18> <CoreInst = "LogicGate">   --->   Core 74 'LogicGate' <Latency = 0> <II = 1> <Delay = 0.99> <FuncUnit> <Opcode : 'and' 'or' 'xor'> <InPorts = 2> <OutPorts = 1>
ST_1 : Operation 56 [1/1] (0.99ns)   --->   "%xor_ln55_7 = xor i8 %p_read623, i8 %p_read522" [AES_encrypt.cpp:55]   --->   Operation 56 'xor' 'xor_ln55_7' <Predicate = true> <Delay = 0.99> <CoreInst = "LogicGate">   --->   Core 74 'LogicGate' <Latency = 0> <II = 1> <Delay = 0.99> <FuncUnit> <Opcode : 'and' 'or' 'xor'> <InPorts = 2> <OutPorts = 1>
ST_1 : Operation 57 [1/1] (0.00ns) (grouped into LUT with out node xor_ln57_27)   --->   "%shl_ln75_35 = shl i8 %xor_ln55_7, i8 1" [AES_common.cpp:75]   --->   Operation 57 'shl' 'shl_ln75_35' <Predicate = true> <Delay = 0.00>
ST_1 : Operation 58 [1/1] (0.00ns) (grouped into LUT with out node xor_ln57_27)   --->   "%tmp_35 = bitselect i1 @_ssdm_op_BitSelect.i1.i8.i32, i8 %xor_ln55_7, i32 7" [AES_common.cpp:75]   --->   Operation 58 'bitselect' 'tmp_35' <Predicate = true> <Delay = 0.00>
ST_1 : Operation 59 [1/1] (0.00ns) (grouped into LUT with out node xor_ln57_27)   --->   "%select_ln57_7 = select i1 %tmp_35, i8 27, i8 0" [AES_encrypt.cpp:57]   --->   Operation 59 'select' 'select_ln57_7' <Predicate = true> <Delay = 0.00> <CoreInst = "Sel">   --->   Core 73 'Sel' <Latency = 0> <II = 1> <Delay = 1.18> <FuncUnit> <Opcode : 'select'> <InPorts = 3> <OutPorts = 1>
ST_1 : Operation 60 [1/1] (0.00ns) (grouped into LUT with out node xor_ln57_27)   --->   "%xor_ln57_25 = xor i8 %shl_ln75_35, i8 %p_read522" [AES_encrypt.cpp:57]   --->   Operation 60 'xor' 'xor_ln57_25' <Predicate = true> <Delay = 0.00> <CoreInst = "LogicGate">   --->   Core 74 'LogicGate' <Latency = 0> <II = 1> <Delay = 0.99> <FuncUnit> <Opcode : 'and' 'or' 'xor'> <InPorts = 2> <OutPorts = 1>
ST_1 : Operation 61 [1/1] (0.00ns) (grouped into LUT with out node xor_ln57_27)   --->   "%xor_ln57_26 = xor i8 %select_ln57_7, i8 %xor_ln50_27" [AES_encrypt.cpp:57]   --->   Operation 61 'xor' 'xor_ln57_26' <Predicate = true> <Delay = 0.00> <CoreInst = "LogicGate">   --->   Core 74 'LogicGate' <Latency = 0> <II = 1> <Delay = 0.99> <FuncUnit> <Opcode : 'and' 'or' 'xor'> <InPorts = 2> <OutPorts = 1>
ST_1 : Operation 62 [1/1] (1.18ns) (out node of the LUT)   --->   "%xor_ln57_27 = xor i8 %xor_ln57_26, i8 %xor_ln57_25" [AES_encrypt.cpp:57]   --->   Operation 62 'xor' 'xor_ln57_27' <Predicate = true> <Delay = 1.18> <CoreInst = "LogicGate">   --->   Core 74 'LogicGate' <Latency = 0> <II = 1> <Delay = 0.99> <FuncUnit> <Opcode : 'and' 'or' 'xor'> <InPorts = 2> <OutPorts = 1>
ST_1 : Operation 63 [1/1] (0.99ns)   --->   "%xor_ln59_7 = xor i8 %p_read724, i8 %p_read623" [AES_encrypt.cpp:59]   --->   Operation 63 'xor' 'xor_ln59_7' <Predicate = true> <Delay = 0.99> <CoreInst = "LogicGate">   --->   Core 74 'LogicGate' <Latency = 0> <II = 1> <Delay = 0.99> <FuncUnit> <Opcode : 'and' 'or' 'xor'> <InPorts = 2> <OutPorts = 1>
ST_1 : Operation 64 [1/1] (0.00ns) (grouped into LUT with out node xor_ln61_27)   --->   "%shl_ln75_36 = shl i8 %xor_ln59_7, i8 1" [AES_common.cpp:75]   --->   Operation 64 'shl' 'shl_ln75_36' <Predicate = true> <Delay = 0.00>
ST_1 : Operation 65 [1/1] (0.00ns) (grouped into LUT with out node xor_ln61_27)   --->   "%tmp_36 = bitselect i1 @_ssdm_op_BitSelect.i1.i8.i32, i8 %xor_ln59_7, i32 7" [AES_common.cpp:75]   --->   Operation 65 'bitselect' 'tmp_36' <Predicate = true> <Delay = 0.00>
ST_1 : Operation 66 [1/1] (0.00ns) (grouped into LUT with out node xor_ln61_27)   --->   "%select_ln61_7 = select i1 %tmp_36, i8 27, i8 0" [AES_encrypt.cpp:61]   --->   Operation 66 'select' 'select_ln61_7' <Predicate = true> <Delay = 0.00> <CoreInst = "Sel">   --->   Core 73 'Sel' <Latency = 0> <II = 1> <Delay = 1.18> <FuncUnit> <Opcode : 'select'> <InPorts = 3> <OutPorts = 1>
ST_1 : Operation 67 [1/1] (0.00ns) (grouped into LUT with out node xor_ln61_27)   --->   "%xor_ln61_25 = xor i8 %xor_ln50_25, i8 %p_read724" [AES_encrypt.cpp:61]   --->   Operation 67 'xor' 'xor_ln61_25' <Predicate = true> <Delay = 0.00> <CoreInst = "LogicGate">   --->   Core 74 'LogicGate' <Latency = 0> <II = 1> <Delay = 0.99> <FuncUnit> <Opcode : 'and' 'or' 'xor'> <InPorts = 2> <OutPorts = 1>
ST_1 : Operation 68 [1/1] (0.00ns) (grouped into LUT with out node xor_ln61_27)   --->   "%xor_ln61_26 = xor i8 %shl_ln75_36, i8 %select_ln61_7" [AES_encrypt.cpp:61]   --->   Operation 68 'xor' 'xor_ln61_26' <Predicate = true> <Delay = 0.00> <CoreInst = "LogicGate">   --->   Core 74 'LogicGate' <Latency = 0> <II = 1> <Delay = 0.99> <FuncUnit> <Opcode : 'and' 'or' 'xor'> <InPorts = 2> <OutPorts = 1>
ST_1 : Operation 69 [1/1] (1.18ns) (out node of the LUT)   --->   "%xor_ln61_27 = xor i8 %xor_ln61_26, i8 %xor_ln61_25" [AES_encrypt.cpp:61]   --->   Operation 69 'xor' 'xor_ln61_27' <Predicate = true> <Delay = 1.18> <CoreInst = "LogicGate">   --->   Core 74 'LogicGate' <Latency = 0> <II = 1> <Delay = 0.99> <FuncUnit> <Opcode : 'and' 'or' 'xor'> <InPorts = 2> <OutPorts = 1>
ST_1 : Operation 70 [1/1] (0.99ns)   --->   "%xor_ln63_7 = xor i8 %p_read724, i8 %p_read421" [AES_encrypt.cpp:63]   --->   Operation 70 'xor' 'xor_ln63_7' <Predicate = true> <Delay = 0.99> <CoreInst = "LogicGate">   --->   Core 74 'LogicGate' <Latency = 0> <II = 1> <Delay = 0.99> <FuncUnit> <Opcode : 'and' 'or' 'xor'> <InPorts = 2> <OutPorts = 1>
ST_1 : Operation 71 [1/1] (0.00ns) (grouped into LUT with out node xor_ln65_17)   --->   "%shl_ln75_37 = shl i8 %xor_ln63_7, i8 1" [AES_common.cpp:75]   --->   Operation 71 'shl' 'shl_ln75_37' <Predicate = true> <Delay = 0.00>
ST_1 : Operation 72 [1/1] (0.00ns) (grouped into LUT with out node xor_ln65_17)   --->   "%tmp_37 = bitselect i1 @_ssdm_op_BitSelect.i1.i8.i32, i8 %xor_ln63_7, i32 7" [AES_common.cpp:75]   --->   Operation 72 'bitselect' 'tmp_37' <Predicate = true> <Delay = 0.00>
ST_1 : Operation 73 [1/1] (0.00ns) (grouped into LUT with out node xor_ln65_17)   --->   "%select_ln65_7 = select i1 %tmp_37, i8 27, i8 0" [AES_encrypt.cpp:65]   --->   Operation 73 'select' 'select_ln65_7' <Predicate = true> <Delay = 0.00> <CoreInst = "Sel">   --->   Core 73 'Sel' <Latency = 0> <II = 1> <Delay = 1.18> <FuncUnit> <Opcode : 'select'> <InPorts = 3> <OutPorts = 1>
ST_1 : Operation 74 [1/1] (0.00ns) (grouped into LUT with out node xor_ln65_17)   --->   "%xor_ln65_16 = xor i8 %xor_ln50_26, i8 %select_ln65_7" [AES_encrypt.cpp:65]   --->   Operation 74 'xor' 'xor_ln65_16' <Predicate = true> <Delay = 0.00> <CoreInst = "LogicGate">   --->   Core 74 'LogicGate' <Latency = 0> <II = 1> <Delay = 0.99> <FuncUnit> <Opcode : 'and' 'or' 'xor'> <InPorts = 2> <OutPorts = 1>
ST_1 : Operation 75 [1/1] (1.18ns) (out node of the LUT)   --->   "%xor_ln65_17 = xor i8 %xor_ln65_16, i8 %shl_ln75_37" [AES_encrypt.cpp:65]   --->   Operation 75 'xor' 'xor_ln65_17' <Predicate = true> <Delay = 1.18> <CoreInst = "LogicGate">   --->   Core 74 'LogicGate' <Latency = 0> <II = 1> <Delay = 0.99> <FuncUnit> <Opcode : 'and' 'or' 'xor'> <InPorts = 2> <OutPorts = 1>
ST_1 : Operation 76 [1/1] (0.99ns)   --->   "%xor_ln50_28 = xor i8 %p_read926, i8 %p_read825" [AES_encrypt.cpp:50]   --->   Operation 76 'xor' 'xor_ln50_28' <Predicate = true> <Delay = 0.99> <CoreInst = "LogicGate">   --->   Core 74 'LogicGate' <Latency = 0> <II = 1> <Delay = 0.99> <FuncUnit> <Opcode : 'and' 'or' 'xor'> <InPorts = 2> <OutPorts = 1>
ST_1 : Operation 77 [1/1] (0.99ns)   --->   "%xor_ln50_29 = xor i8 %xor_ln50_28, i8 %p_read1027" [AES_encrypt.cpp:50]   --->   Operation 77 'xor' 'xor_ln50_29' <Predicate = true> <Delay = 0.99> <CoreInst = "LogicGate">   --->   Core 74 'LogicGate' <Latency = 0> <II = 1> <Delay = 0.99> <FuncUnit> <Opcode : 'and' 'or' 'xor'> <InPorts = 2> <OutPorts = 1>
ST_1 : Operation 78 [1/1] (0.99ns)   --->   "%xor_ln50_30 = xor i8 %xor_ln50_29, i8 %p_read1128" [AES_encrypt.cpp:50]   --->   Operation 78 'xor' 'xor_ln50_30' <Predicate = true> <Delay = 0.99> <CoreInst = "LogicGate">   --->   Core 74 'LogicGate' <Latency = 0> <II = 1> <Delay = 0.99> <FuncUnit> <Opcode : 'and' 'or' 'xor'> <InPorts = 2> <OutPorts = 1>
ST_1 : Operation 79 [1/1] (0.00ns) (grouped into LUT with out node xor_ln53_30)   --->   "%shl_ln75_38 = shl i8 %xor_ln50_28, i8 1" [AES_common.cpp:75]   --->   Operation 79 'shl' 'shl_ln75_38' <Predicate = true> <Delay = 0.00>
ST_1 : Operation 80 [1/1] (0.00ns) (grouped into LUT with out node xor_ln53_30)   --->   "%tmp_38 = bitselect i1 @_ssdm_op_BitSelect.i1.i8.i32, i8 %xor_ln50_28, i32 7" [AES_common.cpp:75]   --->   Operation 80 'bitselect' 'tmp_38' <Predicate = true> <Delay = 0.00>
ST_1 : Operation 81 [1/1] (0.00ns) (grouped into LUT with out node xor_ln53_30)   --->   "%select_ln53_8 = select i1 %tmp_38, i8 27, i8 0" [AES_encrypt.cpp:53]   --->   Operation 81 'select' 'select_ln53_8' <Predicate = true> <Delay = 0.00> <CoreInst = "Sel">   --->   Core 73 'Sel' <Latency = 0> <II = 1> <Delay = 1.18> <FuncUnit> <Opcode : 'select'> <InPorts = 3> <OutPorts = 1>
ST_1 : Operation 82 [1/1] (0.00ns) (grouped into LUT with out node xor_ln53_30)   --->   "%xor_ln53_28 = xor i8 %shl_ln75_38, i8 %p_read825" [AES_encrypt.cpp:53]   --->   Operation 82 'xor' 'xor_ln53_28' <Predicate = true> <Delay = 0.00> <CoreInst = "LogicGate">   --->   Core 74 'LogicGate' <Latency = 0> <II = 1> <Delay = 0.99> <FuncUnit> <Opcode : 'and' 'or' 'xor'> <InPorts = 2> <OutPorts = 1>
ST_1 : Operation 83 [1/1] (0.00ns) (grouped into LUT with out node xor_ln53_30)   --->   "%xor_ln53_29 = xor i8 %select_ln53_8, i8 %xor_ln50_30" [AES_encrypt.cpp:53]   --->   Operation 83 'xor' 'xor_ln53_29' <Predicate = true> <Delay = 0.00> <CoreInst = "LogicGate">   --->   Core 74 'LogicGate' <Latency = 0> <II = 1> <Delay = 0.99> <FuncUnit> <Opcode : 'and' 'or' 'xor'> <InPorts = 2> <OutPorts = 1>
ST_1 : Operation 84 [1/1] (1.18ns) (out node of the LUT)   --->   "%xor_ln53_30 = xor i8 %xor_ln53_29, i8 %xor_ln53_28" [AES_encrypt.cpp:53]   --->   Operation 84 'xor' 'xor_ln53_30' <Predicate = true> <Delay = 1.18> <CoreInst = "LogicGate">   --->   Core 74 'LogicGate' <Latency = 0> <II = 1> <Delay = 0.99> <FuncUnit> <Opcode : 'and' 'or' 'xor'> <InPorts = 2> <OutPorts = 1>
ST_1 : Operation 85 [1/1] (0.99ns)   --->   "%xor_ln55_8 = xor i8 %p_read1027, i8 %p_read926" [AES_encrypt.cpp:55]   --->   Operation 85 'xor' 'xor_ln55_8' <Predicate = true> <Delay = 0.99> <CoreInst = "LogicGate">   --->   Core 74 'LogicGate' <Latency = 0> <II = 1> <Delay = 0.99> <FuncUnit> <Opcode : 'and' 'or' 'xor'> <InPorts = 2> <OutPorts = 1>
ST_1 : Operation 86 [1/1] (0.00ns) (grouped into LUT with out node xor_ln57_30)   --->   "%shl_ln75_39 = shl i8 %xor_ln55_8, i8 1" [AES_common.cpp:75]   --->   Operation 86 'shl' 'shl_ln75_39' <Predicate = true> <Delay = 0.00>
ST_1 : Operation 87 [1/1] (0.00ns) (grouped into LUT with out node xor_ln57_30)   --->   "%tmp_39 = bitselect i1 @_ssdm_op_BitSelect.i1.i8.i32, i8 %xor_ln55_8, i32 7" [AES_common.cpp:75]   --->   Operation 87 'bitselect' 'tmp_39' <Predicate = true> <Delay = 0.00>
ST_1 : Operation 88 [1/1] (0.00ns) (grouped into LUT with out node xor_ln57_30)   --->   "%select_ln57_8 = select i1 %tmp_39, i8 27, i8 0" [AES_encrypt.cpp:57]   --->   Operation 88 'select' 'select_ln57_8' <Predicate = true> <Delay = 0.00> <CoreInst = "Sel">   --->   Core 73 'Sel' <Latency = 0> <II = 1> <Delay = 1.18> <FuncUnit> <Opcode : 'select'> <InPorts = 3> <OutPorts = 1>
ST_1 : Operation 89 [1/1] (0.00ns) (grouped into LUT with out node xor_ln57_30)   --->   "%xor_ln57_28 = xor i8 %shl_ln75_39, i8 %p_read926" [AES_encrypt.cpp:57]   --->   Operation 89 'xor' 'xor_ln57_28' <Predicate = true> <Delay = 0.00> <CoreInst = "LogicGate">   --->   Core 74 'LogicGate' <Latency = 0> <II = 1> <Delay = 0.99> <FuncUnit> <Opcode : 'and' 'or' 'xor'> <InPorts = 2> <OutPorts = 1>
ST_1 : Operation 90 [1/1] (0.00ns) (grouped into LUT with out node xor_ln57_30)   --->   "%xor_ln57_29 = xor i8 %select_ln57_8, i8 %xor_ln50_30" [AES_encrypt.cpp:57]   --->   Operation 90 'xor' 'xor_ln57_29' <Predicate = true> <Delay = 0.00> <CoreInst = "LogicGate">   --->   Core 74 'LogicGate' <Latency = 0> <II = 1> <Delay = 0.99> <FuncUnit> <Opcode : 'and' 'or' 'xor'> <InPorts = 2> <OutPorts = 1>
ST_1 : Operation 91 [1/1] (1.18ns) (out node of the LUT)   --->   "%xor_ln57_30 = xor i8 %xor_ln57_29, i8 %xor_ln57_28" [AES_encrypt.cpp:57]   --->   Operation 91 'xor' 'xor_ln57_30' <Predicate = true> <Delay = 1.18> <CoreInst = "LogicGate">   --->   Core 74 'LogicGate' <Latency = 0> <II = 1> <Delay = 0.99> <FuncUnit> <Opcode : 'and' 'or' 'xor'> <InPorts = 2> <OutPorts = 1>
ST_1 : Operation 92 [1/1] (0.99ns)   --->   "%xor_ln59_8 = xor i8 %p_read1128, i8 %p_read1027" [AES_encrypt.cpp:59]   --->   Operation 92 'xor' 'xor_ln59_8' <Predicate = true> <Delay = 0.99> <CoreInst = "LogicGate">   --->   Core 74 'LogicGate' <Latency = 0> <II = 1> <Delay = 0.99> <FuncUnit> <Opcode : 'and' 'or' 'xor'> <InPorts = 2> <OutPorts = 1>
ST_1 : Operation 93 [1/1] (0.00ns) (grouped into LUT with out node xor_ln61_30)   --->   "%shl_ln75_40 = shl i8 %xor_ln59_8, i8 1" [AES_common.cpp:75]   --->   Operation 93 'shl' 'shl_ln75_40' <Predicate = true> <Delay = 0.00>
ST_1 : Operation 94 [1/1] (0.00ns) (grouped into LUT with out node xor_ln61_30)   --->   "%tmp_40 = bitselect i1 @_ssdm_op_BitSelect.i1.i8.i32, i8 %xor_ln59_8, i32 7" [AES_common.cpp:75]   --->   Operation 94 'bitselect' 'tmp_40' <Predicate = true> <Delay = 0.00>
ST_1 : Operation 95 [1/1] (0.00ns) (grouped into LUT with out node xor_ln61_30)   --->   "%select_ln61_8 = select i1 %tmp_40, i8 27, i8 0" [AES_encrypt.cpp:61]   --->   Operation 95 'select' 'select_ln61_8' <Predicate = true> <Delay = 0.00> <CoreInst = "Sel">   --->   Core 73 'Sel' <Latency = 0> <II = 1> <Delay = 1.18> <FuncUnit> <Opcode : 'select'> <InPorts = 3> <OutPorts = 1>
ST_1 : Operation 96 [1/1] (0.00ns) (grouped into LUT with out node xor_ln61_30)   --->   "%xor_ln61_28 = xor i8 %xor_ln50_28, i8 %p_read1128" [AES_encrypt.cpp:61]   --->   Operation 96 'xor' 'xor_ln61_28' <Predicate = true> <Delay = 0.00> <CoreInst = "LogicGate">   --->   Core 74 'LogicGate' <Latency = 0> <II = 1> <Delay = 0.99> <FuncUnit> <Opcode : 'and' 'or' 'xor'> <InPorts = 2> <OutPorts = 1>
ST_1 : Operation 97 [1/1] (0.00ns) (grouped into LUT with out node xor_ln61_30)   --->   "%xor_ln61_29 = xor i8 %shl_ln75_40, i8 %select_ln61_8" [AES_encrypt.cpp:61]   --->   Operation 97 'xor' 'xor_ln61_29' <Predicate = true> <Delay = 0.00> <CoreInst = "LogicGate">   --->   Core 74 'LogicGate' <Latency = 0> <II = 1> <Delay = 0.99> <FuncUnit> <Opcode : 'and' 'or' 'xor'> <InPorts = 2> <OutPorts = 1>
ST_1 : Operation 98 [1/1] (1.18ns) (out node of the LUT)   --->   "%xor_ln61_30 = xor i8 %xor_ln61_29, i8 %xor_ln61_28" [AES_encrypt.cpp:61]   --->   Operation 98 'xor' 'xor_ln61_30' <Predicate = true> <Delay = 1.18> <CoreInst = "LogicGate">   --->   Core 74 'LogicGate' <Latency = 0> <II = 1> <Delay = 0.99> <FuncUnit> <Opcode : 'and' 'or' 'xor'> <InPorts = 2> <OutPorts = 1>
ST_1 : Operation 99 [1/1] (0.99ns)   --->   "%xor_ln63_8 = xor i8 %p_read1128, i8 %p_read825" [AES_encrypt.cpp:63]   --->   Operation 99 'xor' 'xor_ln63_8' <Predicate = true> <Delay = 0.99> <CoreInst = "LogicGate">   --->   Core 74 'LogicGate' <Latency = 0> <II = 1> <Delay = 0.99> <FuncUnit> <Opcode : 'and' 'or' 'xor'> <InPorts = 2> <OutPorts = 1>
ST_1 : Operation 100 [1/1] (0.00ns) (grouped into LUT with out node xor_ln65_19)   --->   "%shl_ln75_41 = shl i8 %xor_ln63_8, i8 1" [AES_common.cpp:75]   --->   Operation 100 'shl' 'shl_ln75_41' <Predicate = true> <Delay = 0.00>
ST_1 : Operation 101 [1/1] (0.00ns) (grouped into LUT with out node xor_ln65_19)   --->   "%tmp_41 = bitselect i1 @_ssdm_op_BitSelect.i1.i8.i32, i8 %xor_ln63_8, i32 7" [AES_common.cpp:75]   --->   Operation 101 'bitselect' 'tmp_41' <Predicate = true> <Delay = 0.00>
ST_1 : Operation 102 [1/1] (0.00ns) (grouped into LUT with out node xor_ln65_19)   --->   "%select_ln65_8 = select i1 %tmp_41, i8 27, i8 0" [AES_encrypt.cpp:65]   --->   Operation 102 'select' 'select_ln65_8' <Predicate = true> <Delay = 0.00> <CoreInst = "Sel">   --->   Core 73 'Sel' <Latency = 0> <II = 1> <Delay = 1.18> <FuncUnit> <Opcode : 'select'> <InPorts = 3> <OutPorts = 1>
ST_1 : Operation 103 [1/1] (0.00ns) (grouped into LUT with out node xor_ln65_19)   --->   "%xor_ln65_18 = xor i8 %xor_ln50_29, i8 %select_ln65_8" [AES_encrypt.cpp:65]   --->   Operation 103 'xor' 'xor_ln65_18' <Predicate = true> <Delay = 0.00> <CoreInst = "LogicGate">   --->   Core 74 'LogicGate' <Latency = 0> <II = 1> <Delay = 0.99> <FuncUnit> <Opcode : 'and' 'or' 'xor'> <InPorts = 2> <OutPorts = 1>
ST_1 : Operation 104 [1/1] (1.18ns) (out node of the LUT)   --->   "%xor_ln65_19 = xor i8 %xor_ln65_18, i8 %shl_ln75_41" [AES_encrypt.cpp:65]   --->   Operation 104 'xor' 'xor_ln65_19' <Predicate = true> <Delay = 1.18> <CoreInst = "LogicGate">   --->   Core 74 'LogicGate' <Latency = 0> <II = 1> <Delay = 0.99> <FuncUnit> <Opcode : 'and' 'or' 'xor'> <InPorts = 2> <OutPorts = 1>
ST_1 : Operation 105 [1/1] (0.99ns)   --->   "%xor_ln50_31 = xor i8 %p_read_159, i8 %p_read_160" [AES_encrypt.cpp:50]   --->   Operation 105 'xor' 'xor_ln50_31' <Predicate = true> <Delay = 0.99> <CoreInst = "LogicGate">   --->   Core 74 'LogicGate' <Latency = 0> <II = 1> <Delay = 0.99> <FuncUnit> <Opcode : 'and' 'or' 'xor'> <InPorts = 2> <OutPorts = 1>
ST_1 : Operation 106 [1/1] (0.99ns)   --->   "%xor_ln50_32 = xor i8 %xor_ln50_31, i8 %p_read_158" [AES_encrypt.cpp:50]   --->   Operation 106 'xor' 'xor_ln50_32' <Predicate = true> <Delay = 0.99> <CoreInst = "LogicGate">   --->   Core 74 'LogicGate' <Latency = 0> <II = 1> <Delay = 0.99> <FuncUnit> <Opcode : 'and' 'or' 'xor'> <InPorts = 2> <OutPorts = 1>
ST_1 : Operation 107 [1/1] (0.99ns)   --->   "%xor_ln50_33 = xor i8 %xor_ln50_32, i8 %p_read_157" [AES_encrypt.cpp:50]   --->   Operation 107 'xor' 'xor_ln50_33' <Predicate = true> <Delay = 0.99> <CoreInst = "LogicGate">   --->   Core 74 'LogicGate' <Latency = 0> <II = 1> <Delay = 0.99> <FuncUnit> <Opcode : 'and' 'or' 'xor'> <InPorts = 2> <OutPorts = 1>
ST_1 : Operation 108 [1/1] (0.00ns) (grouped into LUT with out node xor_ln53_33)   --->   "%shl_ln75_42 = shl i8 %xor_ln50_31, i8 1" [AES_common.cpp:75]   --->   Operation 108 'shl' 'shl_ln75_42' <Predicate = true> <Delay = 0.00>
ST_1 : Operation 109 [1/1] (0.00ns) (grouped into LUT with out node xor_ln53_33)   --->   "%tmp_42 = bitselect i1 @_ssdm_op_BitSelect.i1.i8.i32, i8 %xor_ln50_31, i32 7" [AES_common.cpp:75]   --->   Operation 109 'bitselect' 'tmp_42' <Predicate = true> <Delay = 0.00>
ST_1 : Operation 110 [1/1] (0.00ns) (grouped into LUT with out node xor_ln53_33)   --->   "%select_ln53_9 = select i1 %tmp_42, i8 27, i8 0" [AES_encrypt.cpp:53]   --->   Operation 110 'select' 'select_ln53_9' <Predicate = true> <Delay = 0.00> <CoreInst = "Sel">   --->   Core 73 'Sel' <Latency = 0> <II = 1> <Delay = 1.18> <FuncUnit> <Opcode : 'select'> <InPorts = 3> <OutPorts = 1>
ST_1 : Operation 111 [1/1] (0.00ns) (grouped into LUT with out node xor_ln53_33)   --->   "%xor_ln53_31 = xor i8 %shl_ln75_42, i8 %p_read_160" [AES_encrypt.cpp:53]   --->   Operation 111 'xor' 'xor_ln53_31' <Predicate = true> <Delay = 0.00> <CoreInst = "LogicGate">   --->   Core 74 'LogicGate' <Latency = 0> <II = 1> <Delay = 0.99> <FuncUnit> <Opcode : 'and' 'or' 'xor'> <InPorts = 2> <OutPorts = 1>
ST_1 : Operation 112 [1/1] (0.00ns) (grouped into LUT with out node xor_ln53_33)   --->   "%xor_ln53_32 = xor i8 %select_ln53_9, i8 %xor_ln50_33" [AES_encrypt.cpp:53]   --->   Operation 112 'xor' 'xor_ln53_32' <Predicate = true> <Delay = 0.00> <CoreInst = "LogicGate">   --->   Core 74 'LogicGate' <Latency = 0> <II = 1> <Delay = 0.99> <FuncUnit> <Opcode : 'and' 'or' 'xor'> <InPorts = 2> <OutPorts = 1>
ST_1 : Operation 113 [1/1] (1.18ns) (out node of the LUT)   --->   "%xor_ln53_33 = xor i8 %xor_ln53_32, i8 %xor_ln53_31" [AES_encrypt.cpp:53]   --->   Operation 113 'xor' 'xor_ln53_33' <Predicate = true> <Delay = 1.18> <CoreInst = "LogicGate">   --->   Core 74 'LogicGate' <Latency = 0> <II = 1> <Delay = 0.99> <FuncUnit> <Opcode : 'and' 'or' 'xor'> <InPorts = 2> <OutPorts = 1>
ST_1 : Operation 114 [1/1] (0.99ns)   --->   "%xor_ln55_9 = xor i8 %p_read_158, i8 %p_read_159" [AES_encrypt.cpp:55]   --->   Operation 114 'xor' 'xor_ln55_9' <Predicate = true> <Delay = 0.99> <CoreInst = "LogicGate">   --->   Core 74 'LogicGate' <Latency = 0> <II = 1> <Delay = 0.99> <FuncUnit> <Opcode : 'and' 'or' 'xor'> <InPorts = 2> <OutPorts = 1>
ST_1 : Operation 115 [1/1] (0.00ns) (grouped into LUT with out node xor_ln57_33)   --->   "%shl_ln75_43 = shl i8 %xor_ln55_9, i8 1" [AES_common.cpp:75]   --->   Operation 115 'shl' 'shl_ln75_43' <Predicate = true> <Delay = 0.00>
ST_1 : Operation 116 [1/1] (0.00ns) (grouped into LUT with out node xor_ln57_33)   --->   "%tmp_43 = bitselect i1 @_ssdm_op_BitSelect.i1.i8.i32, i8 %xor_ln55_9, i32 7" [AES_common.cpp:75]   --->   Operation 116 'bitselect' 'tmp_43' <Predicate = true> <Delay = 0.00>
ST_1 : Operation 117 [1/1] (0.00ns) (grouped into LUT with out node xor_ln57_33)   --->   "%select_ln57_9 = select i1 %tmp_43, i8 27, i8 0" [AES_encrypt.cpp:57]   --->   Operation 117 'select' 'select_ln57_9' <Predicate = true> <Delay = 0.00> <CoreInst = "Sel">   --->   Core 73 'Sel' <Latency = 0> <II = 1> <Delay = 1.18> <FuncUnit> <Opcode : 'select'> <InPorts = 3> <OutPorts = 1>
ST_1 : Operation 118 [1/1] (0.00ns) (grouped into LUT with out node xor_ln57_33)   --->   "%xor_ln57_31 = xor i8 %shl_ln75_43, i8 %p_read_159" [AES_encrypt.cpp:57]   --->   Operation 118 'xor' 'xor_ln57_31' <Predicate = true> <Delay = 0.00> <CoreInst = "LogicGate">   --->   Core 74 'LogicGate' <Latency = 0> <II = 1> <Delay = 0.99> <FuncUnit> <Opcode : 'and' 'or' 'xor'> <InPorts = 2> <OutPorts = 1>
ST_1 : Operation 119 [1/1] (0.00ns) (grouped into LUT with out node xor_ln57_33)   --->   "%xor_ln57_32 = xor i8 %select_ln57_9, i8 %xor_ln50_33" [AES_encrypt.cpp:57]   --->   Operation 119 'xor' 'xor_ln57_32' <Predicate = true> <Delay = 0.00> <CoreInst = "LogicGate">   --->   Core 74 'LogicGate' <Latency = 0> <II = 1> <Delay = 0.99> <FuncUnit> <Opcode : 'and' 'or' 'xor'> <InPorts = 2> <OutPorts = 1>
ST_1 : Operation 120 [1/1] (1.18ns) (out node of the LUT)   --->   "%xor_ln57_33 = xor i8 %xor_ln57_32, i8 %xor_ln57_31" [AES_encrypt.cpp:57]   --->   Operation 120 'xor' 'xor_ln57_33' <Predicate = true> <Delay = 1.18> <CoreInst = "LogicGate">   --->   Core 74 'LogicGate' <Latency = 0> <II = 1> <Delay = 0.99> <FuncUnit> <Opcode : 'and' 'or' 'xor'> <InPorts = 2> <OutPorts = 1>
ST_1 : Operation 121 [1/1] (0.99ns)   --->   "%xor_ln59_9 = xor i8 %p_read_157, i8 %p_read_158" [AES_encrypt.cpp:59]   --->   Operation 121 'xor' 'xor_ln59_9' <Predicate = true> <Delay = 0.99> <CoreInst = "LogicGate">   --->   Core 74 'LogicGate' <Latency = 0> <II = 1> <Delay = 0.99> <FuncUnit> <Opcode : 'and' 'or' 'xor'> <InPorts = 2> <OutPorts = 1>
ST_1 : Operation 122 [1/1] (0.00ns) (grouped into LUT with out node xor_ln61_33)   --->   "%shl_ln75_44 = shl i8 %xor_ln59_9, i8 1" [AES_common.cpp:75]   --->   Operation 122 'shl' 'shl_ln75_44' <Predicate = true> <Delay = 0.00>
ST_1 : Operation 123 [1/1] (0.00ns) (grouped into LUT with out node xor_ln61_33)   --->   "%tmp_44 = bitselect i1 @_ssdm_op_BitSelect.i1.i8.i32, i8 %xor_ln59_9, i32 7" [AES_common.cpp:75]   --->   Operation 123 'bitselect' 'tmp_44' <Predicate = true> <Delay = 0.00>
ST_1 : Operation 124 [1/1] (0.00ns) (grouped into LUT with out node xor_ln61_33)   --->   "%select_ln61_9 = select i1 %tmp_44, i8 27, i8 0" [AES_encrypt.cpp:61]   --->   Operation 124 'select' 'select_ln61_9' <Predicate = true> <Delay = 0.00> <CoreInst = "Sel">   --->   Core 73 'Sel' <Latency = 0> <II = 1> <Delay = 1.18> <FuncUnit> <Opcode : 'select'> <InPorts = 3> <OutPorts = 1>
ST_1 : Operation 125 [1/1] (0.00ns) (grouped into LUT with out node xor_ln61_33)   --->   "%xor_ln61_31 = xor i8 %xor_ln50_31, i8 %p_read_157" [AES_encrypt.cpp:61]   --->   Operation 125 'xor' 'xor_ln61_31' <Predicate = true> <Delay = 0.00> <CoreInst = "LogicGate">   --->   Core 74 'LogicGate' <Latency = 0> <II = 1> <Delay = 0.99> <FuncUnit> <Opcode : 'and' 'or' 'xor'> <InPorts = 2> <OutPorts = 1>
ST_1 : Operation 126 [1/1] (0.00ns) (grouped into LUT with out node xor_ln61_33)   --->   "%xor_ln61_32 = xor i8 %shl_ln75_44, i8 %select_ln61_9" [AES_encrypt.cpp:61]   --->   Operation 126 'xor' 'xor_ln61_32' <Predicate = true> <Delay = 0.00> <CoreInst = "LogicGate">   --->   Core 74 'LogicGate' <Latency = 0> <II = 1> <Delay = 0.99> <FuncUnit> <Opcode : 'and' 'or' 'xor'> <InPorts = 2> <OutPorts = 1>
ST_1 : Operation 127 [1/1] (1.18ns) (out node of the LUT)   --->   "%xor_ln61_33 = xor i8 %xor_ln61_32, i8 %xor_ln61_31" [AES_encrypt.cpp:61]   --->   Operation 127 'xor' 'xor_ln61_33' <Predicate = true> <Delay = 1.18> <CoreInst = "LogicGate">   --->   Core 74 'LogicGate' <Latency = 0> <II = 1> <Delay = 0.99> <FuncUnit> <Opcode : 'and' 'or' 'xor'> <InPorts = 2> <OutPorts = 1>
ST_1 : Operation 128 [1/1] (0.99ns)   --->   "%xor_ln63_9 = xor i8 %p_read_157, i8 %p_read_160" [AES_encrypt.cpp:63]   --->   Operation 128 'xor' 'xor_ln63_9' <Predicate = true> <Delay = 0.99> <CoreInst = "LogicGate">   --->   Core 74 'LogicGate' <Latency = 0> <II = 1> <Delay = 0.99> <FuncUnit> <Opcode : 'and' 'or' 'xor'> <InPorts = 2> <OutPorts = 1>
ST_1 : Operation 129 [1/1] (0.00ns) (grouped into LUT with out node xor_ln65_21)   --->   "%shl_ln75_45 = shl i8 %xor_ln63_9, i8 1" [AES_common.cpp:75]   --->   Operation 129 'shl' 'shl_ln75_45' <Predicate = true> <Delay = 0.00>
ST_1 : Operation 130 [1/1] (0.00ns) (grouped into LUT with out node xor_ln65_21)   --->   "%tmp_45 = bitselect i1 @_ssdm_op_BitSelect.i1.i8.i32, i8 %xor_ln63_9, i32 7" [AES_common.cpp:75]   --->   Operation 130 'bitselect' 'tmp_45' <Predicate = true> <Delay = 0.00>
ST_1 : Operation 131 [1/1] (0.00ns) (grouped into LUT with out node xor_ln65_21)   --->   "%select_ln65_9 = select i1 %tmp_45, i8 27, i8 0" [AES_encrypt.cpp:65]   --->   Operation 131 'select' 'select_ln65_9' <Predicate = true> <Delay = 0.00> <CoreInst = "Sel">   --->   Core 73 'Sel' <Latency = 0> <II = 1> <Delay = 1.18> <FuncUnit> <Opcode : 'select'> <InPorts = 3> <OutPorts = 1>
ST_1 : Operation 132 [1/1] (0.00ns) (grouped into LUT with out node xor_ln65_21)   --->   "%xor_ln65_20 = xor i8 %xor_ln50_32, i8 %select_ln65_9" [AES_encrypt.cpp:65]   --->   Operation 132 'xor' 'xor_ln65_20' <Predicate = true> <Delay = 0.00> <CoreInst = "LogicGate">   --->   Core 74 'LogicGate' <Latency = 0> <II = 1> <Delay = 0.99> <FuncUnit> <Opcode : 'and' 'or' 'xor'> <InPorts = 2> <OutPorts = 1>
ST_1 : Operation 133 [1/1] (1.18ns) (out node of the LUT)   --->   "%xor_ln65_21 = xor i8 %xor_ln65_20, i8 %shl_ln75_45" [AES_encrypt.cpp:65]   --->   Operation 133 'xor' 'xor_ln65_21' <Predicate = true> <Delay = 1.18> <CoreInst = "LogicGate">   --->   Core 74 'LogicGate' <Latency = 0> <II = 1> <Delay = 0.99> <FuncUnit> <Opcode : 'and' 'or' 'xor'> <InPorts = 2> <OutPorts = 1>
ST_1 : Operation 134 [1/1] (0.00ns)   --->   "%mrv = insertvalue i128 <undef>, i8 %xor_ln53_24" [AES_encrypt.cpp:67]   --->   Operation 134 'insertvalue' 'mrv' <Predicate = true> <Delay = 0.00>
ST_1 : Operation 135 [1/1] (0.00ns)   --->   "%mrv_1 = insertvalue i128 %mrv, i8 %xor_ln57_24" [AES_encrypt.cpp:67]   --->   Operation 135 'insertvalue' 'mrv_1' <Predicate = true> <Delay = 0.00>
ST_1 : Operation 136 [1/1] (0.00ns)   --->   "%mrv_2 = insertvalue i128 %mrv_1, i8 %xor_ln61_24" [AES_encrypt.cpp:67]   --->   Operation 136 'insertvalue' 'mrv_2' <Predicate = true> <Delay = 0.00>
ST_1 : Operation 137 [1/1] (0.00ns)   --->   "%mrv_3 = insertvalue i128 %mrv_2, i8 %xor_ln65_15" [AES_encrypt.cpp:67]   --->   Operation 137 'insertvalue' 'mrv_3' <Predicate = true> <Delay = 0.00>
ST_1 : Operation 138 [1/1] (0.00ns)   --->   "%mrv_4 = insertvalue i128 %mrv_3, i8 %xor_ln53_27" [AES_encrypt.cpp:67]   --->   Operation 138 'insertvalue' 'mrv_4' <Predicate = true> <Delay = 0.00>
ST_1 : Operation 139 [1/1] (0.00ns)   --->   "%mrv_5 = insertvalue i128 %mrv_4, i8 %xor_ln57_27" [AES_encrypt.cpp:67]   --->   Operation 139 'insertvalue' 'mrv_5' <Predicate = true> <Delay = 0.00>
ST_1 : Operation 140 [1/1] (0.00ns)   --->   "%mrv_6 = insertvalue i128 %mrv_5, i8 %xor_ln61_27" [AES_encrypt.cpp:67]   --->   Operation 140 'insertvalue' 'mrv_6' <Predicate = true> <Delay = 0.00>
ST_1 : Operation 141 [1/1] (0.00ns)   --->   "%mrv_7 = insertvalue i128 %mrv_6, i8 %xor_ln65_17" [AES_encrypt.cpp:67]   --->   Operation 141 'insertvalue' 'mrv_7' <Predicate = true> <Delay = 0.00>
ST_1 : Operation 142 [1/1] (0.00ns)   --->   "%mrv_8 = insertvalue i128 %mrv_7, i8 %xor_ln53_30" [AES_encrypt.cpp:67]   --->   Operation 142 'insertvalue' 'mrv_8' <Predicate = true> <Delay = 0.00>
ST_1 : Operation 143 [1/1] (0.00ns)   --->   "%mrv_9 = insertvalue i128 %mrv_8, i8 %xor_ln57_30" [AES_encrypt.cpp:67]   --->   Operation 143 'insertvalue' 'mrv_9' <Predicate = true> <Delay = 0.00>
ST_1 : Operation 144 [1/1] (0.00ns)   --->   "%mrv_10 = insertvalue i128 %mrv_9, i8 %xor_ln61_30" [AES_encrypt.cpp:67]   --->   Operation 144 'insertvalue' 'mrv_10' <Predicate = true> <Delay = 0.00>
ST_1 : Operation 145 [1/1] (0.00ns)   --->   "%mrv_11 = insertvalue i128 %mrv_10, i8 %xor_ln65_19" [AES_encrypt.cpp:67]   --->   Operation 145 'insertvalue' 'mrv_11' <Predicate = true> <Delay = 0.00>
ST_1 : Operation 146 [1/1] (0.00ns)   --->   "%mrv_12 = insertvalue i128 %mrv_11, i8 %xor_ln53_33" [AES_encrypt.cpp:67]   --->   Operation 146 'insertvalue' 'mrv_12' <Predicate = true> <Delay = 0.00>
ST_1 : Operation 147 [1/1] (0.00ns)   --->   "%mrv_13 = insertvalue i128 %mrv_12, i8 %xor_ln57_33" [AES_encrypt.cpp:67]   --->   Operation 147 'insertvalue' 'mrv_13' <Predicate = true> <Delay = 0.00>
ST_1 : Operation 148 [1/1] (0.00ns)   --->   "%mrv_14 = insertvalue i128 %mrv_13, i8 %xor_ln61_33" [AES_encrypt.cpp:67]   --->   Operation 148 'insertvalue' 'mrv_14' <Predicate = true> <Delay = 0.00>
ST_1 : Operation 149 [1/1] (0.00ns)   --->   "%mrv_s = insertvalue i128 %mrv_14, i8 %xor_ln65_21" [AES_encrypt.cpp:67]   --->   Operation 149 'insertvalue' 'mrv_s' <Predicate = true> <Delay = 0.00>
ST_1 : Operation 150 [1/1] (0.00ns)   --->   "%ret_ln67 = ret i128 %mrv_s" [AES_encrypt.cpp:67]   --->   Operation 150 'ret' 'ret_ln67' <Predicate = true> <Delay = 0.00>


============================================================
+ Verbose Summary: Timing violations
============================================================
Target clock period: 10ns, clock uncertainty: 2.7ns.

 <State 1>: 4.16ns
The critical path consists of the following:
	wire read on port 'p_read1' (AES_encrypt.cpp:45) [31]  (0 ns)
	'xor' operation ('xor_ln50', AES_encrypt.cpp:50) [33]  (0.99 ns)
	'xor' operation ('xor_ln50_23', AES_encrypt.cpp:50) [34]  (0.99 ns)
	'xor' operation ('xor_ln50_24', AES_encrypt.cpp:50) [35]  (0.99 ns)
	'xor' operation ('xor_ln53_23', AES_encrypt.cpp:53) [40]  (0 ns)
	'xor' operation ('out[0]', AES_encrypt.cpp:53) [41]  (1.19 ns)


============================================================
+ Verbose Summary: Binding
============================================================
N/A
* FSMD analyzer results:
  - Output states:
 - Input state : 
  - Chain level:
	State 1


============================================================
+ Verbose Summary: Datapath Resource usage 
============================================================
N/A
