

================================================================
== Vitis HLS Report for 'ShiftRows'
================================================================
* Date:           Thu Dec 30 15:46:38 2021

* Version:        2020.2 (Build 3064766 on Wed Nov 18 09:12:45 MST 2020)
* Project:        aes
* Solution:       solution1 (Vivado IP Flow Target)
* Product family: zynq
* Target device:  xc7z020-clg400-1


================================================================
== Performance Estimates
================================================================
+ Timing: 
    * Summary: 
    +--------+----------+----------+------------+
    |  Clock |  Target  | Estimated| Uncertainty|
    +--------+----------+----------+------------+
    |ap_clk  |  10.00 ns|      0 ns|     2.70 ns|
    +--------+----------+----------+------------+

+ Latency: 
    * Summary: 
    +---------+---------+----------+----------+-----+-----+---------+
    |  Latency (cycles) |  Latency (absolute) |  Interval | Pipeline|
    |   min   |   max   |    min   |    max   | min | max |   Type  |
    +---------+---------+----------+----------+-----+-----+---------+
    |        0|        0|      0 ns|      0 ns|    0|    0|     none|
    +---------+---------+----------+----------+-----+-----+---------+

    + Detail: 
        * Instance: 
        N/A

        * Loop: 
        N/A

============================================================
+ Verbose Summary: Synthesis Manager
============================================================
InlineROM: 1
ExposeGlobal: 0
============================================================
+ Verbose Summary: CDFG Model
============================================================
IsTopModel: 0
ResetActiveHigh: 1
IsCombinational: 2
IsDatapathOnly: 0
HasWiredReturn: 1
HasMFsm: 0
HasVarLatency: 0
IsPipeline: 0
IsRtlPipelined: 0
IsInstanceOverlapped: 0
IsDontTouch: 0
HasImplIP: 0
IsGatedGlobalClock: 0


============================================================
+ Verbose Summary: Schedule
============================================================
* Number of FSM states : 1
* Pipeline : 0
* Dataflow Pipeline: 0

* FSM state transitions: 
1 --> 

* FSM state operations: 

State 1 <SV = 0> <Delay = 0.00>
ST_1 : Operation 2 [1/1] (0.00ns)   --->   "%in_15_read_2 = read i8 @_ssdm_op_Read.ap_auto.i8, i8 %in_15_read" [AES_encrypt.cpp:17]   --->   Operation 2 'read' 'in_15_read_2' <Predicate = true> <Delay = 0.00>
ST_1 : Operation 3 [1/1] (0.00ns)   --->   "%in_14_read_2 = read i8 @_ssdm_op_Read.ap_auto.i8, i8 %in_14_read" [AES_encrypt.cpp:17]   --->   Operation 3 'read' 'in_14_read_2' <Predicate = true> <Delay = 0.00>
ST_1 : Operation 4 [1/1] (0.00ns)   --->   "%in_13_read_2 = read i8 @_ssdm_op_Read.ap_auto.i8, i8 %in_13_read" [AES_encrypt.cpp:17]   --->   Operation 4 'read' 'in_13_read_2' <Predicate = true> <Delay = 0.00>
ST_1 : Operation 5 [1/1] (0.00ns)   --->   "%in_12_read_2 = read i8 @_ssdm_op_Read.ap_auto.i8, i8 %in_12_read" [AES_encrypt.cpp:17]   --->   Operation 5 'read' 'in_12_read_2' <Predicate = true> <Delay = 0.00>
ST_1 : Operation 6 [1/1] (0.00ns)   --->   "%in_11_read_2 = read i8 @_ssdm_op_Read.ap_auto.i8, i8 %in_11_read" [AES_encrypt.cpp:17]   --->   Operation 6 'read' 'in_11_read_2' <Predicate = true> <Delay = 0.00>
ST_1 : Operation 7 [1/1] (0.00ns)   --->   "%in_10_read11 = read i8 @_ssdm_op_Read.ap_auto.i8, i8 %in_10_read" [AES_encrypt.cpp:17]   --->   Operation 7 'read' 'in_10_read11' <Predicate = true> <Delay = 0.00>
ST_1 : Operation 8 [1/1] (0.00ns)   --->   "%in_9_read_2 = read i8 @_ssdm_op_Read.ap_auto.i8, i8 %in_9_read" [AES_encrypt.cpp:17]   --->   Operation 8 'read' 'in_9_read_2' <Predicate = true> <Delay = 0.00>
ST_1 : Operation 9 [1/1] (0.00ns)   --->   "%in_8_read_2 = read i8 @_ssdm_op_Read.ap_auto.i8, i8 %in_8_read" [AES_encrypt.cpp:17]   --->   Operation 9 'read' 'in_8_read_2' <Predicate = true> <Delay = 0.00>
ST_1 : Operation 10 [1/1] (0.00ns)   --->   "%in_7_read_2 = read i8 @_ssdm_op_Read.ap_auto.i8, i8 %in_7_read" [AES_encrypt.cpp:17]   --->   Operation 10 'read' 'in_7_read_2' <Predicate = true> <Delay = 0.00>
ST_1 : Operation 11 [1/1] (0.00ns)   --->   "%in_6_read_2 = read i8 @_ssdm_op_Read.ap_auto.i8, i8 %in_6_read" [AES_encrypt.cpp:17]   --->   Operation 11 'read' 'in_6_read_2' <Predicate = true> <Delay = 0.00>
ST_1 : Operation 12 [1/1] (0.00ns)   --->   "%in_5_read_2 = read i8 @_ssdm_op_Read.ap_auto.i8, i8 %in_5_read" [AES_encrypt.cpp:17]   --->   Operation 12 'read' 'in_5_read_2' <Predicate = true> <Delay = 0.00>
ST_1 : Operation 13 [1/1] (0.00ns)   --->   "%in_4_read_2 = read i8 @_ssdm_op_Read.ap_auto.i8, i8 %in_4_read" [AES_encrypt.cpp:17]   --->   Operation 13 'read' 'in_4_read_2' <Predicate = true> <Delay = 0.00>
ST_1 : Operation 14 [1/1] (0.00ns)   --->   "%in_3_read_2 = read i8 @_ssdm_op_Read.ap_auto.i8, i8 %in_3_read" [AES_encrypt.cpp:17]   --->   Operation 14 'read' 'in_3_read_2' <Predicate = true> <Delay = 0.00>
ST_1 : Operation 15 [1/1] (0.00ns)   --->   "%in_2_read_2 = read i8 @_ssdm_op_Read.ap_auto.i8, i8 %in_2_read" [AES_encrypt.cpp:17]   --->   Operation 15 'read' 'in_2_read_2' <Predicate = true> <Delay = 0.00>
ST_1 : Operation 16 [1/1] (0.00ns)   --->   "%in_1_read_2 = read i8 @_ssdm_op_Read.ap_auto.i8, i8 %in_1_read" [AES_encrypt.cpp:17]   --->   Operation 16 'read' 'in_1_read_2' <Predicate = true> <Delay = 0.00>
ST_1 : Operation 17 [1/1] (0.00ns)   --->   "%in_0_read_2 = read i8 @_ssdm_op_Read.ap_auto.i8, i8 %in_0_read" [AES_encrypt.cpp:17]   --->   Operation 17 'read' 'in_0_read_2' <Predicate = true> <Delay = 0.00>
ST_1 : Operation 18 [1/1] (0.00ns)   --->   "%mrv = insertvalue i128 <undef>, i8 %in_0_read_2" [AES_encrypt.cpp:42]   --->   Operation 18 'insertvalue' 'mrv' <Predicate = true> <Delay = 0.00>
ST_1 : Operation 19 [1/1] (0.00ns)   --->   "%mrv_1 = insertvalue i128 %mrv, i8 %in_5_read_2" [AES_encrypt.cpp:42]   --->   Operation 19 'insertvalue' 'mrv_1' <Predicate = true> <Delay = 0.00>
ST_1 : Operation 20 [1/1] (0.00ns)   --->   "%mrv_2 = insertvalue i128 %mrv_1, i8 %in_10_read11" [AES_encrypt.cpp:42]   --->   Operation 20 'insertvalue' 'mrv_2' <Predicate = true> <Delay = 0.00>
ST_1 : Operation 21 [1/1] (0.00ns)   --->   "%mrv_3 = insertvalue i128 %mrv_2, i8 %in_15_read_2" [AES_encrypt.cpp:42]   --->   Operation 21 'insertvalue' 'mrv_3' <Predicate = true> <Delay = 0.00>
ST_1 : Operation 22 [1/1] (0.00ns)   --->   "%mrv_4 = insertvalue i128 %mrv_3, i8 %in_4_read_2" [AES_encrypt.cpp:42]   --->   Operation 22 'insertvalue' 'mrv_4' <Predicate = true> <Delay = 0.00>
ST_1 : Operation 23 [1/1] (0.00ns)   --->   "%mrv_5 = insertvalue i128 %mrv_4, i8 %in_9_read_2" [AES_encrypt.cpp:42]   --->   Operation 23 'insertvalue' 'mrv_5' <Predicate = true> <Delay = 0.00>
ST_1 : Operation 24 [1/1] (0.00ns)   --->   "%mrv_6 = insertvalue i128 %mrv_5, i8 %in_14_read_2" [AES_encrypt.cpp:42]   --->   Operation 24 'insertvalue' 'mrv_6' <Predicate = true> <Delay = 0.00>
ST_1 : Operation 25 [1/1] (0.00ns)   --->   "%mrv_7 = insertvalue i128 %mrv_6, i8 %in_3_read_2" [AES_encrypt.cpp:42]   --->   Operation 25 'insertvalue' 'mrv_7' <Predicate = true> <Delay = 0.00>
ST_1 : Operation 26 [1/1] (0.00ns)   --->   "%mrv_8 = insertvalue i128 %mrv_7, i8 %in_8_read_2" [AES_encrypt.cpp:42]   --->   Operation 26 'insertvalue' 'mrv_8' <Predicate = true> <Delay = 0.00>
ST_1 : Operation 27 [1/1] (0.00ns)   --->   "%mrv_9 = insertvalue i128 %mrv_8, i8 %in_13_read_2" [AES_encrypt.cpp:42]   --->   Operation 27 'insertvalue' 'mrv_9' <Predicate = true> <Delay = 0.00>
ST_1 : Operation 28 [1/1] (0.00ns)   --->   "%mrv_10 = insertvalue i128 %mrv_9, i8 %in_2_read_2" [AES_encrypt.cpp:42]   --->   Operation 28 'insertvalue' 'mrv_10' <Predicate = true> <Delay = 0.00>
ST_1 : Operation 29 [1/1] (0.00ns)   --->   "%mrv_11 = insertvalue i128 %mrv_10, i8 %in_7_read_2" [AES_encrypt.cpp:42]   --->   Operation 29 'insertvalue' 'mrv_11' <Predicate = true> <Delay = 0.00>
ST_1 : Operation 30 [1/1] (0.00ns)   --->   "%mrv_12 = insertvalue i128 %mrv_11, i8 %in_12_read_2" [AES_encrypt.cpp:42]   --->   Operation 30 'insertvalue' 'mrv_12' <Predicate = true> <Delay = 0.00>
ST_1 : Operation 31 [1/1] (0.00ns)   --->   "%mrv_13 = insertvalue i128 %mrv_12, i8 %in_1_read_2" [AES_encrypt.cpp:42]   --->   Operation 31 'insertvalue' 'mrv_13' <Predicate = true> <Delay = 0.00>
ST_1 : Operation 32 [1/1] (0.00ns)   --->   "%mrv_14 = insertvalue i128 %mrv_13, i8 %in_6_read_2" [AES_encrypt.cpp:42]   --->   Operation 32 'insertvalue' 'mrv_14' <Predicate = true> <Delay = 0.00>
ST_1 : Operation 33 [1/1] (0.00ns)   --->   "%mrv_s = insertvalue i128 %mrv_14, i8 %in_11_read_2" [AES_encrypt.cpp:42]   --->   Operation 33 'insertvalue' 'mrv_s' <Predicate = true> <Delay = 0.00>
ST_1 : Operation 34 [1/1] (0.00ns)   --->   "%ret_ln42 = ret i128 %mrv_s" [AES_encrypt.cpp:42]   --->   Operation 34 'ret' 'ret_ln42' <Predicate = true> <Delay = 0.00>


============================================================
+ Verbose Summary: Timing violations
============================================================
Target clock period: 10ns, clock uncertainty: 2.7ns.

 <State 1>: 0ns
The critical path consists of the following:


============================================================
+ Verbose Summary: Binding
============================================================
N/A
* FSMD analyzer results:
  - Output states:
 - Input state : 
  - Chain level:
	State 1


============================================================
+ Verbose Summary: Datapath Resource usage 
============================================================
N/A
