

================================================================
== Vitis HLS Report for 'ShiftRows'
================================================================
* Date:           Thu Dec 30 15:47:59 2021

* Version:        2020.2 (Build 3064766 on Wed Nov 18 09:12:45 MST 2020)
* Project:        aes
* Solution:       solution1 (Vivado IP Flow Target)
* Product family: zynq
* Target device:  xc7z020-clg400-1


================================================================
== Performance Estimates
================================================================
+ Timing: 
    * Summary: 
    +--------+----------+----------+------------+
    |  Clock |  Target  | Estimated| Uncertainty|
    +--------+----------+----------+------------+
    |ap_clk  |  10.00 ns|      0 ns|     2.70 ns|
    +--------+----------+----------+------------+

+ Latency: 
    * Summary: 
    +---------+---------+----------+----------+-----+-----+---------+
    |  Latency (cycles) |  Latency (absolute) |  Interval | Pipeline|
    |   min   |   max   |    min   |    max   | min | max |   Type  |
    +---------+---------+----------+----------+-----+-----+---------+
    |        0|        0|      0 ns|      0 ns|    0|    0|     none|
    +---------+---------+----------+----------+-----+-----+---------+

    + Detail: 
        * Instance: 
        N/A

        * Loop: 
        N/A



================================================================
== Utilization Estimates
================================================================
* Summary: 
+-----------------+---------+-----+--------+-------+-----+
|       Name      | BRAM_18K| DSP |   FF   |  LUT  | URAM|
+-----------------+---------+-----+--------+-------+-----+
|DSP              |        -|    -|       -|      -|    -|
|Expression       |        -|    -|       0|      2|    -|
|FIFO             |        -|    -|       -|      -|    -|
|Instance         |        -|    -|       -|      -|    -|
|Memory           |        -|    -|       -|      -|    -|
|Multiplexer      |        -|    -|       -|    153|    -|
|Register         |        -|    -|     130|      -|    -|
+-----------------+---------+-----+--------+-------+-----+
|Total            |        0|    0|     130|    155|    0|
+-----------------+---------+-----+--------+-------+-----+
|Available        |      280|  220|  106400|  53200|    0|
+-----------------+---------+-----+--------+-------+-----+
|Utilization (%)  |        0|    0|      ~0|     ~0|    0|
+-----------------+---------+-----+--------+-------+-----+

+ Detail: 
    * Instance: 
    N/A

    * DSP: 
    N/A

    * Memory: 
    N/A

    * FIFO: 
    N/A

    * Expression: 
    +-----------------+----------+----+---+----+------------+------------+
    |  Variable Name  | Operation| DSP| FF| LUT| Bitwidth P0| Bitwidth P1|
    +-----------------+----------+----+---+----+------------+------------+
    |ap_block_state1  |        or|   0|  0|   2|           1|           1|
    +-----------------+----------+----+---+----+------------+------------+
    |Total            |          |   0|  0|   2|           1|           1|
    +-----------------+----------+----+---+----+------------+------------+

    * Multiplexer: 
    +--------------+----+-----------+-----+-----------+
    |     Name     | LUT| Input Size| Bits| Total Bits|
    +--------------+----+-----------+-----+-----------+
    |ap_done       |   9|          2|    1|          2|
    |ap_return_0   |   9|          2|    8|         16|
    |ap_return_1   |   9|          2|    8|         16|
    |ap_return_10  |   9|          2|    8|         16|
    |ap_return_11  |   9|          2|    8|         16|
    |ap_return_12  |   9|          2|    8|         16|
    |ap_return_13  |   9|          2|    8|         16|
    |ap_return_14  |   9|          2|    8|         16|
    |ap_return_15  |   9|          2|    8|         16|
    |ap_return_2   |   9|          2|    8|         16|
    |ap_return_3   |   9|          2|    8|         16|
    |ap_return_4   |   9|          2|    8|         16|
    |ap_return_5   |   9|          2|    8|         16|
    |ap_return_6   |   9|          2|    8|         16|
    |ap_return_7   |   9|          2|    8|         16|
    |ap_return_8   |   9|          2|    8|         16|
    |ap_return_9   |   9|          2|    8|         16|
    +--------------+----+-----------+-----+-----------+
    |Total         | 153|         34|  129|        258|
    +--------------+----+-----------+-----+-----------+

    * Register: 
    +-------------------+---+----+-----+-----------+
    |        Name       | FF| LUT| Bits| Const Bits|
    +-------------------+---+----+-----+-----------+
    |ap_CS_fsm          |  1|   0|    1|          0|
    |ap_done_reg        |  1|   0|    1|          0|
    |ap_return_0_preg   |  8|   0|    8|          0|
    |ap_return_10_preg  |  8|   0|    8|          0|
    |ap_return_11_preg  |  8|   0|    8|          0|
    |ap_return_12_preg  |  8|   0|    8|          0|
    |ap_return_13_preg  |  8|   0|    8|          0|
    |ap_return_14_preg  |  8|   0|    8|          0|
    |ap_return_15_preg  |  8|   0|    8|          0|
    |ap_return_1_preg   |  8|   0|    8|          0|
    |ap_return_2_preg   |  8|   0|    8|          0|
    |ap_return_3_preg   |  8|   0|    8|          0|
    |ap_return_4_preg   |  8|   0|    8|          0|
    |ap_return_5_preg   |  8|   0|    8|          0|
    |ap_return_6_preg   |  8|   0|    8|          0|
    |ap_return_7_preg   |  8|   0|    8|          0|
    |ap_return_8_preg   |  8|   0|    8|          0|
    |ap_return_9_preg   |  8|   0|    8|          0|
    +-------------------+---+----+-----+-----------+
    |Total              |130|   0|  130|          0|
    +-------------------+---+----+-----+-----------+



================================================================
== Interface
================================================================
* Summary: 
+--------------+-----+-----+------------+--------------+--------------+
|   RTL Ports  | Dir | Bits|  Protocol  | Source Object|    C Type    |
+--------------+-----+-----+------------+--------------+--------------+
|ap_clk        |   in|    1|  ap_ctrl_hs|     ShiftRows|  return value|
|ap_rst        |   in|    1|  ap_ctrl_hs|     ShiftRows|  return value|
|ap_start      |   in|    1|  ap_ctrl_hs|     ShiftRows|  return value|
|ap_done       |  out|    1|  ap_ctrl_hs|     ShiftRows|  return value|
|ap_continue   |   in|    1|  ap_ctrl_hs|     ShiftRows|  return value|
|ap_idle       |  out|    1|  ap_ctrl_hs|     ShiftRows|  return value|
|ap_ready      |  out|    1|  ap_ctrl_hs|     ShiftRows|  return value|
|ap_return_0   |  out|    8|  ap_ctrl_hs|     ShiftRows|  return value|
|ap_return_1   |  out|    8|  ap_ctrl_hs|     ShiftRows|  return value|
|ap_return_2   |  out|    8|  ap_ctrl_hs|     ShiftRows|  return value|
|ap_return_3   |  out|    8|  ap_ctrl_hs|     ShiftRows|  return value|
|ap_return_4   |  out|    8|  ap_ctrl_hs|     ShiftRows|  return value|
|ap_return_5   |  out|    8|  ap_ctrl_hs|     ShiftRows|  return value|
|ap_return_6   |  out|    8|  ap_ctrl_hs|     ShiftRows|  return value|
|ap_return_7   |  out|    8|  ap_ctrl_hs|     ShiftRows|  return value|
|ap_return_8   |  out|    8|  ap_ctrl_hs|     ShiftRows|  return value|
|ap_return_9   |  out|    8|  ap_ctrl_hs|     ShiftRows|  return value|
|ap_return_10  |  out|    8|  ap_ctrl_hs|     ShiftRows|  return value|
|ap_return_11  |  out|    8|  ap_ctrl_hs|     ShiftRows|  return value|
|ap_return_12  |  out|    8|  ap_ctrl_hs|     ShiftRows|  return value|
|ap_return_13  |  out|    8|  ap_ctrl_hs|     ShiftRows|  return value|
|ap_return_14  |  out|    8|  ap_ctrl_hs|     ShiftRows|  return value|
|ap_return_15  |  out|    8|  ap_ctrl_hs|     ShiftRows|  return value|
|in_0_read     |   in|    8|     ap_none|     in_0_read|        scalar|
|in_1_read     |   in|    8|     ap_none|     in_1_read|        scalar|
|in_2_read     |   in|    8|     ap_none|     in_2_read|        scalar|
|in_3_read     |   in|    8|     ap_none|     in_3_read|        scalar|
|in_4_read     |   in|    8|     ap_none|     in_4_read|        scalar|
|in_5_read     |   in|    8|     ap_none|     in_5_read|        scalar|
|in_6_read     |   in|    8|     ap_none|     in_6_read|        scalar|
|in_7_read     |   in|    8|     ap_none|     in_7_read|        scalar|
|in_8_read     |   in|    8|     ap_none|     in_8_read|        scalar|
|in_9_read     |   in|    8|     ap_none|     in_9_read|        scalar|
|in_10_read    |   in|    8|     ap_none|    in_10_read|        scalar|
|in_11_read    |   in|    8|     ap_none|    in_11_read|        scalar|
|in_12_read    |   in|    8|     ap_none|    in_12_read|        scalar|
|in_13_read    |   in|    8|     ap_none|    in_13_read|        scalar|
|in_14_read    |   in|    8|     ap_none|    in_14_read|        scalar|
|in_15_read    |   in|    8|     ap_none|    in_15_read|        scalar|
+--------------+-----+-----+------------+--------------+--------------+

============================================================
+ Verbose Summary: Synthesis Manager
============================================================
InlineROM: 1
ExposeGlobal: 0
============================================================
+ Verbose Summary: CDFG Model
============================================================
IsTopModel: 0
ResetActiveHigh: 1
IsCombinational: 2
IsDatapathOnly: 0
HasWiredReturn: 1
HasMFsm: 0
HasVarLatency: 0
IsPipeline: 0
IsRtlPipelined: 0
IsInstanceOverlapped: 0
IsDontTouch: 0
HasImplIP: 0
IsGatedGlobalClock: 0


============================================================
+ Verbose Summary: Schedule
============================================================
* Number of FSM states : 1
* Pipeline : 0
* Dataflow Pipeline: 0

* FSM state transitions: 
1 --> 

* FSM state operations: 

State 1 <SV = 0> <Delay = 0.00>
ST_1 : Operation 2 [1/1] (0.00ns)   --->   "%in_15_read_2 = read i8 @_ssdm_op_Read.ap_auto.i8, i8 %in_15_read" [AES_encrypt.cpp:17]   --->   Operation 2 'read' 'in_15_read_2' <Predicate = true> <Delay = 0.00>
ST_1 : Operation 3 [1/1] (0.00ns)   --->   "%in_14_read_2 = read i8 @_ssdm_op_Read.ap_auto.i8, i8 %in_14_read" [AES_encrypt.cpp:17]   --->   Operation 3 'read' 'in_14_read_2' <Predicate = true> <Delay = 0.00>
ST_1 : Operation 4 [1/1] (0.00ns)   --->   "%in_13_read_2 = read i8 @_ssdm_op_Read.ap_auto.i8, i8 %in_13_read" [AES_encrypt.cpp:17]   --->   Operation 4 'read' 'in_13_read_2' <Predicate = true> <Delay = 0.00>
ST_1 : Operation 5 [1/1] (0.00ns)   --->   "%in_12_read_2 = read i8 @_ssdm_op_Read.ap_auto.i8, i8 %in_12_read" [AES_encrypt.cpp:17]   --->   Operation 5 'read' 'in_12_read_2' <Predicate = true> <Delay = 0.00>
ST_1 : Operation 6 [1/1] (0.00ns)   --->   "%in_11_read_2 = read i8 @_ssdm_op_Read.ap_auto.i8, i8 %in_11_read" [AES_encrypt.cpp:17]   --->   Operation 6 'read' 'in_11_read_2' <Predicate = true> <Delay = 0.00>
ST_1 : Operation 7 [1/1] (0.00ns)   --->   "%in_10_read11 = read i8 @_ssdm_op_Read.ap_auto.i8, i8 %in_10_read" [AES_encrypt.cpp:17]   --->   Operation 7 'read' 'in_10_read11' <Predicate = true> <Delay = 0.00>
ST_1 : Operation 8 [1/1] (0.00ns)   --->   "%in_9_read_2 = read i8 @_ssdm_op_Read.ap_auto.i8, i8 %in_9_read" [AES_encrypt.cpp:17]   --->   Operation 8 'read' 'in_9_read_2' <Predicate = true> <Delay = 0.00>
ST_1 : Operation 9 [1/1] (0.00ns)   --->   "%in_8_read_2 = read i8 @_ssdm_op_Read.ap_auto.i8, i8 %in_8_read" [AES_encrypt.cpp:17]   --->   Operation 9 'read' 'in_8_read_2' <Predicate = true> <Delay = 0.00>
ST_1 : Operation 10 [1/1] (0.00ns)   --->   "%in_7_read_2 = read i8 @_ssdm_op_Read.ap_auto.i8, i8 %in_7_read" [AES_encrypt.cpp:17]   --->   Operation 10 'read' 'in_7_read_2' <Predicate = true> <Delay = 0.00>
ST_1 : Operation 11 [1/1] (0.00ns)   --->   "%in_6_read_2 = read i8 @_ssdm_op_Read.ap_auto.i8, i8 %in_6_read" [AES_encrypt.cpp:17]   --->   Operation 11 'read' 'in_6_read_2' <Predicate = true> <Delay = 0.00>
ST_1 : Operation 12 [1/1] (0.00ns)   --->   "%in_5_read_2 = read i8 @_ssdm_op_Read.ap_auto.i8, i8 %in_5_read" [AES_encrypt.cpp:17]   --->   Operation 12 'read' 'in_5_read_2' <Predicate = true> <Delay = 0.00>
ST_1 : Operation 13 [1/1] (0.00ns)   --->   "%in_4_read_2 = read i8 @_ssdm_op_Read.ap_auto.i8, i8 %in_4_read" [AES_encrypt.cpp:17]   --->   Operation 13 'read' 'in_4_read_2' <Predicate = true> <Delay = 0.00>
ST_1 : Operation 14 [1/1] (0.00ns)   --->   "%in_3_read_2 = read i8 @_ssdm_op_Read.ap_auto.i8, i8 %in_3_read" [AES_encrypt.cpp:17]   --->   Operation 14 'read' 'in_3_read_2' <Predicate = true> <Delay = 0.00>
ST_1 : Operation 15 [1/1] (0.00ns)   --->   "%in_2_read_2 = read i8 @_ssdm_op_Read.ap_auto.i8, i8 %in_2_read" [AES_encrypt.cpp:17]   --->   Operation 15 'read' 'in_2_read_2' <Predicate = true> <Delay = 0.00>
ST_1 : Operation 16 [1/1] (0.00ns)   --->   "%in_1_read_2 = read i8 @_ssdm_op_Read.ap_auto.i8, i8 %in_1_read" [AES_encrypt.cpp:17]   --->   Operation 16 'read' 'in_1_read_2' <Predicate = true> <Delay = 0.00>
ST_1 : Operation 17 [1/1] (0.00ns)   --->   "%in_0_read_2 = read i8 @_ssdm_op_Read.ap_auto.i8, i8 %in_0_read" [AES_encrypt.cpp:17]   --->   Operation 17 'read' 'in_0_read_2' <Predicate = true> <Delay = 0.00>
ST_1 : Operation 18 [1/1] (0.00ns)   --->   "%mrv = insertvalue i128 <undef>, i8 %in_0_read_2" [AES_encrypt.cpp:42]   --->   Operation 18 'insertvalue' 'mrv' <Predicate = true> <Delay = 0.00>
ST_1 : Operation 19 [1/1] (0.00ns)   --->   "%mrv_1 = insertvalue i128 %mrv, i8 %in_5_read_2" [AES_encrypt.cpp:42]   --->   Operation 19 'insertvalue' 'mrv_1' <Predicate = true> <Delay = 0.00>
ST_1 : Operation 20 [1/1] (0.00ns)   --->   "%mrv_2 = insertvalue i128 %mrv_1, i8 %in_10_read11" [AES_encrypt.cpp:42]   --->   Operation 20 'insertvalue' 'mrv_2' <Predicate = true> <Delay = 0.00>
ST_1 : Operation 21 [1/1] (0.00ns)   --->   "%mrv_3 = insertvalue i128 %mrv_2, i8 %in_15_read_2" [AES_encrypt.cpp:42]   --->   Operation 21 'insertvalue' 'mrv_3' <Predicate = true> <Delay = 0.00>
ST_1 : Operation 22 [1/1] (0.00ns)   --->   "%mrv_4 = insertvalue i128 %mrv_3, i8 %in_4_read_2" [AES_encrypt.cpp:42]   --->   Operation 22 'insertvalue' 'mrv_4' <Predicate = true> <Delay = 0.00>
ST_1 : Operation 23 [1/1] (0.00ns)   --->   "%mrv_5 = insertvalue i128 %mrv_4, i8 %in_9_read_2" [AES_encrypt.cpp:42]   --->   Operation 23 'insertvalue' 'mrv_5' <Predicate = true> <Delay = 0.00>
ST_1 : Operation 24 [1/1] (0.00ns)   --->   "%mrv_6 = insertvalue i128 %mrv_5, i8 %in_14_read_2" [AES_encrypt.cpp:42]   --->   Operation 24 'insertvalue' 'mrv_6' <Predicate = true> <Delay = 0.00>
ST_1 : Operation 25 [1/1] (0.00ns)   --->   "%mrv_7 = insertvalue i128 %mrv_6, i8 %in_3_read_2" [AES_encrypt.cpp:42]   --->   Operation 25 'insertvalue' 'mrv_7' <Predicate = true> <Delay = 0.00>
ST_1 : Operation 26 [1/1] (0.00ns)   --->   "%mrv_8 = insertvalue i128 %mrv_7, i8 %in_8_read_2" [AES_encrypt.cpp:42]   --->   Operation 26 'insertvalue' 'mrv_8' <Predicate = true> <Delay = 0.00>
ST_1 : Operation 27 [1/1] (0.00ns)   --->   "%mrv_9 = insertvalue i128 %mrv_8, i8 %in_13_read_2" [AES_encrypt.cpp:42]   --->   Operation 27 'insertvalue' 'mrv_9' <Predicate = true> <Delay = 0.00>
ST_1 : Operation 28 [1/1] (0.00ns)   --->   "%mrv_10 = insertvalue i128 %mrv_9, i8 %in_2_read_2" [AES_encrypt.cpp:42]   --->   Operation 28 'insertvalue' 'mrv_10' <Predicate = true> <Delay = 0.00>
ST_1 : Operation 29 [1/1] (0.00ns)   --->   "%mrv_11 = insertvalue i128 %mrv_10, i8 %in_7_read_2" [AES_encrypt.cpp:42]   --->   Operation 29 'insertvalue' 'mrv_11' <Predicate = true> <Delay = 0.00>
ST_1 : Operation 30 [1/1] (0.00ns)   --->   "%mrv_12 = insertvalue i128 %mrv_11, i8 %in_12_read_2" [AES_encrypt.cpp:42]   --->   Operation 30 'insertvalue' 'mrv_12' <Predicate = true> <Delay = 0.00>
ST_1 : Operation 31 [1/1] (0.00ns)   --->   "%mrv_13 = insertvalue i128 %mrv_12, i8 %in_1_read_2" [AES_encrypt.cpp:42]   --->   Operation 31 'insertvalue' 'mrv_13' <Predicate = true> <Delay = 0.00>
ST_1 : Operation 32 [1/1] (0.00ns)   --->   "%mrv_14 = insertvalue i128 %mrv_13, i8 %in_6_read_2" [AES_encrypt.cpp:42]   --->   Operation 32 'insertvalue' 'mrv_14' <Predicate = true> <Delay = 0.00>
ST_1 : Operation 33 [1/1] (0.00ns)   --->   "%mrv_s = insertvalue i128 %mrv_14, i8 %in_11_read_2" [AES_encrypt.cpp:42]   --->   Operation 33 'insertvalue' 'mrv_s' <Predicate = true> <Delay = 0.00>
ST_1 : Operation 34 [1/1] (0.00ns)   --->   "%ret_ln42 = ret i128 %mrv_s" [AES_encrypt.cpp:42]   --->   Operation 34 'ret' 'ret_ln42' <Predicate = true> <Delay = 0.00>


============================================================
+ Verbose Summary: Binding
============================================================
STG Binding: 
---------------- STG Properties BEGIN ----------------
- Is combinational: 0
- Is one-state seq: 1
- Is datapath-only: 0
- Is pipelined: 0
- Is top level: 0
Port [ Return ] is wired: 1; IO mode=ap_ctrl_hs:ce=0
Port [ in_0_read]:  wired=1; compound=0; hidden=0; nouse=0; global=0; static=0; extern=0; dir=0; type=0; pingpong=0; private_global=0; IO mode=ap_none:ce=0
Port [ in_1_read]:  wired=1; compound=0; hidden=0; nouse=0; global=0; static=0; extern=0; dir=0; type=0; pingpong=0; private_global=0; IO mode=ap_none:ce=0
Port [ in_2_read]:  wired=1; compound=0; hidden=0; nouse=0; global=0; static=0; extern=0; dir=0; type=0; pingpong=0; private_global=0; IO mode=ap_none:ce=0
Port [ in_3_read]:  wired=1; compound=0; hidden=0; nouse=0; global=0; static=0; extern=0; dir=0; type=0; pingpong=0; private_global=0; IO mode=ap_none:ce=0
Port [ in_4_read]:  wired=1; compound=0; hidden=0; nouse=0; global=0; static=0; extern=0; dir=0; type=0; pingpong=0; private_global=0; IO mode=ap_none:ce=0
Port [ in_5_read]:  wired=1; compound=0; hidden=0; nouse=0; global=0; static=0; extern=0; dir=0; type=0; pingpong=0; private_global=0; IO mode=ap_none:ce=0
Port [ in_6_read]:  wired=1; compound=0; hidden=0; nouse=0; global=0; static=0; extern=0; dir=0; type=0; pingpong=0; private_global=0; IO mode=ap_none:ce=0
Port [ in_7_read]:  wired=1; compound=0; hidden=0; nouse=0; global=0; static=0; extern=0; dir=0; type=0; pingpong=0; private_global=0; IO mode=ap_none:ce=0
Port [ in_8_read]:  wired=1; compound=0; hidden=0; nouse=0; global=0; static=0; extern=0; dir=0; type=0; pingpong=0; private_global=0; IO mode=ap_none:ce=0
Port [ in_9_read]:  wired=1; compound=0; hidden=0; nouse=0; global=0; static=0; extern=0; dir=0; type=0; pingpong=0; private_global=0; IO mode=ap_none:ce=0
Port [ in_10_read]:  wired=1; compound=0; hidden=0; nouse=0; global=0; static=0; extern=0; dir=0; type=0; pingpong=0; private_global=0; IO mode=ap_none:ce=0
Port [ in_11_read]:  wired=1; compound=0; hidden=0; nouse=0; global=0; static=0; extern=0; dir=0; type=0; pingpong=0; private_global=0; IO mode=ap_none:ce=0
Port [ in_12_read]:  wired=1; compound=0; hidden=0; nouse=0; global=0; static=0; extern=0; dir=0; type=0; pingpong=0; private_global=0; IO mode=ap_none:ce=0
Port [ in_13_read]:  wired=1; compound=0; hidden=0; nouse=0; global=0; static=0; extern=0; dir=0; type=0; pingpong=0; private_global=0; IO mode=ap_none:ce=0
Port [ in_14_read]:  wired=1; compound=0; hidden=0; nouse=0; global=0; static=0; extern=0; dir=0; type=0; pingpong=0; private_global=0; IO mode=ap_none:ce=0
Port [ in_15_read]:  wired=1; compound=0; hidden=0; nouse=0; global=0; static=0; extern=0; dir=0; type=0; pingpong=0; private_global=0; IO mode=ap_none:ce=0
---------------- STG Properties END ------------------

---------------- Datapath Model BEGIN ----------------

<LifeTime>
<method=bitvector/>
in_15_read_2 (read       ) [ 00]
in_14_read_2 (read       ) [ 00]
in_13_read_2 (read       ) [ 00]
in_12_read_2 (read       ) [ 00]
in_11_read_2 (read       ) [ 00]
in_10_read11 (read       ) [ 00]
in_9_read_2  (read       ) [ 00]
in_8_read_2  (read       ) [ 00]
in_7_read_2  (read       ) [ 00]
in_6_read_2  (read       ) [ 00]
in_5_read_2  (read       ) [ 00]
in_4_read_2  (read       ) [ 00]
in_3_read_2  (read       ) [ 00]
in_2_read_2  (read       ) [ 00]
in_1_read_2  (read       ) [ 00]
in_0_read_2  (read       ) [ 00]
mrv          (insertvalue) [ 00]
mrv_1        (insertvalue) [ 00]
mrv_2        (insertvalue) [ 00]
mrv_3        (insertvalue) [ 00]
mrv_4        (insertvalue) [ 00]
mrv_5        (insertvalue) [ 00]
mrv_6        (insertvalue) [ 00]
mrv_7        (insertvalue) [ 00]
mrv_8        (insertvalue) [ 00]
mrv_9        (insertvalue) [ 00]
mrv_10       (insertvalue) [ 00]
mrv_11       (insertvalue) [ 00]
mrv_12       (insertvalue) [ 00]
mrv_13       (insertvalue) [ 00]
mrv_14       (insertvalue) [ 00]
mrv_s        (insertvalue) [ 00]
ret_ln42     (ret        ) [ 00]
</LifeTime>

<model>

<comp_list>
<comp id="0" class="1000" name="in_0_read">
<pin_list>
<pin id="1" dir="1" index="0" bw="1" slack="0"/>
</pin_list>
<bind>
<StgValue><ssdm name="in_0_read"/></StgValue>
</bind>
</comp>

<comp id="2" class="1000" name="in_1_read">
<pin_list>
<pin id="3" dir="1" index="0" bw="1" slack="0"/>
</pin_list>
<bind>
<StgValue><ssdm name="in_1_read"/></StgValue>
</bind>
</comp>

<comp id="4" class="1000" name="in_2_read">
<pin_list>
<pin id="5" dir="1" index="0" bw="1" slack="0"/>
</pin_list>
<bind>
<StgValue><ssdm name="in_2_read"/></StgValue>
</bind>
</comp>

<comp id="6" class="1000" name="in_3_read">
<pin_list>
<pin id="7" dir="1" index="0" bw="1" slack="0"/>
</pin_list>
<bind>
<StgValue><ssdm name="in_3_read"/></StgValue>
</bind>
</comp>

<comp id="8" class="1000" name="in_4_read">
<pin_list>
<pin id="9" dir="1" index="0" bw="1" slack="0"/>
</pin_list>
<bind>
<StgValue><ssdm name="in_4_read"/></StgValue>
</bind>
</comp>

<comp id="10" class="1000" name="in_5_read">
<pin_list>
<pin id="11" dir="1" index="0" bw="1" slack="0"/>
</pin_list>
<bind>
<StgValue><ssdm name="in_5_read"/></StgValue>
</bind>
</comp>

<comp id="12" class="1000" name="in_6_read">
<pin_list>
<pin id="13" dir="1" index="0" bw="1" slack="0"/>
</pin_list>
<bind>
<StgValue><ssdm name="in_6_read"/></StgValue>
</bind>
</comp>

<comp id="14" class="1000" name="in_7_read">
<pin_list>
<pin id="15" dir="1" index="0" bw="1" slack="0"/>
</pin_list>
<bind>
<StgValue><ssdm name="in_7_read"/></StgValue>
</bind>
</comp>

<comp id="16" class="1000" name="in_8_read">
<pin_list>
<pin id="17" dir="1" index="0" bw="1" slack="0"/>
</pin_list>
<bind>
<StgValue><ssdm name="in_8_read"/></StgValue>
</bind>
</comp>

<comp id="18" class="1000" name="in_9_read">
<pin_list>
<pin id="19" dir="1" index="0" bw="1" slack="0"/>
</pin_list>
<bind>
<StgValue><ssdm name="in_9_read"/></StgValue>
</bind>
</comp>

<comp id="20" class="1000" name="in_10_read">
<pin_list>
<pin id="21" dir="1" index="0" bw="1" slack="0"/>
</pin_list>
<bind>
<StgValue><ssdm name="in_10_read"/></StgValue>
</bind>
</comp>

<comp id="22" class="1000" name="in_11_read">
<pin_list>
<pin id="23" dir="1" index="0" bw="1" slack="0"/>
</pin_list>
<bind>
<StgValue><ssdm name="in_11_read"/></StgValue>
</bind>
</comp>

<comp id="24" class="1000" name="in_12_read">
<pin_list>
<pin id="25" dir="1" index="0" bw="1" slack="0"/>
</pin_list>
<bind>
<StgValue><ssdm name="in_12_read"/></StgValue>
</bind>
</comp>

<comp id="26" class="1000" name="in_13_read">
<pin_list>
<pin id="27" dir="1" index="0" bw="1" slack="0"/>
</pin_list>
<bind>
<StgValue><ssdm name="in_13_read"/></StgValue>
</bind>
</comp>

<comp id="28" class="1000" name="in_14_read">
<pin_list>
<pin id="29" dir="1" index="0" bw="1" slack="0"/>
</pin_list>
<bind>
<StgValue><ssdm name="in_14_read"/></StgValue>
</bind>
</comp>

<comp id="30" class="1000" name="in_15_read">
<pin_list>
<pin id="31" dir="1" index="0" bw="1" slack="0"/>
</pin_list>
<bind>
<StgValue><ssdm name="in_15_read"/></StgValue>
</bind>
</comp>

<comp id="32" class="1001" name="const_32">
<pin_list>
<pin id="33" dir="1" index="0" bw="1" slack="0"/>
</pin_list>
<bind>
<StgValue><ssdm name="_ssdm_op_Read.ap_auto.i8"/></StgValue>
</bind>
</comp>

<comp id="34" class="1001" name="const_34">
<pin_list>
<pin id="35" dir="1" index="0" bw="1" slack="0"/>
</pin_list>
<bind>
<StgValue><ssdm name=""/></StgValue>
</bind>
</comp>

<comp id="36" class="1004" name="in_15_read_2_read_fu_36">
<pin_list>
<pin id="37" dir="0" index="0" bw="8" slack="0"/>
<pin id="38" dir="0" index="1" bw="8" slack="0"/>
<pin id="39" dir="1" index="2" bw="8" slack="0"/>
</pin_list>
<bind>
<opcode="read(1150) " fcode="read"/>
<opset="in_15_read_2/1 "/>
</bind>
</comp>

<comp id="42" class="1004" name="in_14_read_2_read_fu_42">
<pin_list>
<pin id="43" dir="0" index="0" bw="8" slack="0"/>
<pin id="44" dir="0" index="1" bw="8" slack="0"/>
<pin id="45" dir="1" index="2" bw="8" slack="0"/>
</pin_list>
<bind>
<opcode="read(1150) " fcode="read"/>
<opset="in_14_read_2/1 "/>
</bind>
</comp>

<comp id="48" class="1004" name="in_13_read_2_read_fu_48">
<pin_list>
<pin id="49" dir="0" index="0" bw="8" slack="0"/>
<pin id="50" dir="0" index="1" bw="8" slack="0"/>
<pin id="51" dir="1" index="2" bw="8" slack="0"/>
</pin_list>
<bind>
<opcode="read(1150) " fcode="read"/>
<opset="in_13_read_2/1 "/>
</bind>
</comp>

<comp id="54" class="1004" name="in_12_read_2_read_fu_54">
<pin_list>
<pin id="55" dir="0" index="0" bw="8" slack="0"/>
<pin id="56" dir="0" index="1" bw="8" slack="0"/>
<pin id="57" dir="1" index="2" bw="8" slack="0"/>
</pin_list>
<bind>
<opcode="read(1150) " fcode="read"/>
<opset="in_12_read_2/1 "/>
</bind>
</comp>

<comp id="60" class="1004" name="in_11_read_2_read_fu_60">
<pin_list>
<pin id="61" dir="0" index="0" bw="8" slack="0"/>
<pin id="62" dir="0" index="1" bw="8" slack="0"/>
<pin id="63" dir="1" index="2" bw="8" slack="0"/>
</pin_list>
<bind>
<opcode="read(1150) " fcode="read"/>
<opset="in_11_read_2/1 "/>
</bind>
</comp>

<comp id="66" class="1004" name="in_10_read11_read_fu_66">
<pin_list>
<pin id="67" dir="0" index="0" bw="8" slack="0"/>
<pin id="68" dir="0" index="1" bw="8" slack="0"/>
<pin id="69" dir="1" index="2" bw="8" slack="0"/>
</pin_list>
<bind>
<opcode="read(1150) " fcode="read"/>
<opset="in_10_read11/1 "/>
</bind>
</comp>

<comp id="72" class="1004" name="in_9_read_2_read_fu_72">
<pin_list>
<pin id="73" dir="0" index="0" bw="8" slack="0"/>
<pin id="74" dir="0" index="1" bw="8" slack="0"/>
<pin id="75" dir="1" index="2" bw="8" slack="0"/>
</pin_list>
<bind>
<opcode="read(1150) " fcode="read"/>
<opset="in_9_read_2/1 "/>
</bind>
</comp>

<comp id="78" class="1004" name="in_8_read_2_read_fu_78">
<pin_list>
<pin id="79" dir="0" index="0" bw="8" slack="0"/>
<pin id="80" dir="0" index="1" bw="8" slack="0"/>
<pin id="81" dir="1" index="2" bw="8" slack="0"/>
</pin_list>
<bind>
<opcode="read(1150) " fcode="read"/>
<opset="in_8_read_2/1 "/>
</bind>
</comp>

<comp id="84" class="1004" name="in_7_read_2_read_fu_84">
<pin_list>
<pin id="85" dir="0" index="0" bw="8" slack="0"/>
<pin id="86" dir="0" index="1" bw="8" slack="0"/>
<pin id="87" dir="1" index="2" bw="8" slack="0"/>
</pin_list>
<bind>
<opcode="read(1150) " fcode="read"/>
<opset="in_7_read_2/1 "/>
</bind>
</comp>

<comp id="90" class="1004" name="in_6_read_2_read_fu_90">
<pin_list>
<pin id="91" dir="0" index="0" bw="8" slack="0"/>
<pin id="92" dir="0" index="1" bw="8" slack="0"/>
<pin id="93" dir="1" index="2" bw="8" slack="0"/>
</pin_list>
<bind>
<opcode="read(1150) " fcode="read"/>
<opset="in_6_read_2/1 "/>
</bind>
</comp>

<comp id="96" class="1004" name="in_5_read_2_read_fu_96">
<pin_list>
<pin id="97" dir="0" index="0" bw="8" slack="0"/>
<pin id="98" dir="0" index="1" bw="8" slack="0"/>
<pin id="99" dir="1" index="2" bw="8" slack="0"/>
</pin_list>
<bind>
<opcode="read(1150) " fcode="read"/>
<opset="in_5_read_2/1 "/>
</bind>
</comp>

<comp id="102" class="1004" name="in_4_read_2_read_fu_102">
<pin_list>
<pin id="103" dir="0" index="0" bw="8" slack="0"/>
<pin id="104" dir="0" index="1" bw="8" slack="0"/>
<pin id="105" dir="1" index="2" bw="8" slack="0"/>
</pin_list>
<bind>
<opcode="read(1150) " fcode="read"/>
<opset="in_4_read_2/1 "/>
</bind>
</comp>

<comp id="108" class="1004" name="in_3_read_2_read_fu_108">
<pin_list>
<pin id="109" dir="0" index="0" bw="8" slack="0"/>
<pin id="110" dir="0" index="1" bw="8" slack="0"/>
<pin id="111" dir="1" index="2" bw="8" slack="0"/>
</pin_list>
<bind>
<opcode="read(1150) " fcode="read"/>
<opset="in_3_read_2/1 "/>
</bind>
</comp>

<comp id="114" class="1004" name="in_2_read_2_read_fu_114">
<pin_list>
<pin id="115" dir="0" index="0" bw="8" slack="0"/>
<pin id="116" dir="0" index="1" bw="8" slack="0"/>
<pin id="117" dir="1" index="2" bw="8" slack="0"/>
</pin_list>
<bind>
<opcode="read(1150) " fcode="read"/>
<opset="in_2_read_2/1 "/>
</bind>
</comp>

<comp id="120" class="1004" name="in_1_read_2_read_fu_120">
<pin_list>
<pin id="121" dir="0" index="0" bw="8" slack="0"/>
<pin id="122" dir="0" index="1" bw="8" slack="0"/>
<pin id="123" dir="1" index="2" bw="8" slack="0"/>
</pin_list>
<bind>
<opcode="read(1150) " fcode="read"/>
<opset="in_1_read_2/1 "/>
</bind>
</comp>

<comp id="126" class="1004" name="in_0_read_2_read_fu_126">
<pin_list>
<pin id="127" dir="0" index="0" bw="8" slack="0"/>
<pin id="128" dir="0" index="1" bw="8" slack="0"/>
<pin id="129" dir="1" index="2" bw="8" slack="0"/>
</pin_list>
<bind>
<opcode="read(1150) " fcode="read"/>
<opset="in_0_read_2/1 "/>
</bind>
</comp>

<comp id="132" class="1004" name="mrv_fu_132">
<pin_list>
<pin id="133" dir="0" index="0" bw="128" slack="0"/>
<pin id="134" dir="0" index="1" bw="8" slack="0"/>
<pin id="135" dir="1" index="2" bw="128" slack="0"/>
</pin_list>
<bind>
<opcode="insertvalue(57) " fcode="insertvalue"/>
<opset="mrv/1 "/>
</bind>
</comp>

<comp id="138" class="1004" name="mrv_1_fu_138">
<pin_list>
<pin id="139" dir="0" index="0" bw="128" slack="0"/>
<pin id="140" dir="0" index="1" bw="8" slack="0"/>
<pin id="141" dir="1" index="2" bw="128" slack="0"/>
</pin_list>
<bind>
<opcode="insertvalue(57) " fcode="insertvalue"/>
<opset="mrv_1/1 "/>
</bind>
</comp>

<comp id="144" class="1004" name="mrv_2_fu_144">
<pin_list>
<pin id="145" dir="0" index="0" bw="128" slack="0"/>
<pin id="146" dir="0" index="1" bw="8" slack="0"/>
<pin id="147" dir="1" index="2" bw="128" slack="0"/>
</pin_list>
<bind>
<opcode="insertvalue(57) " fcode="insertvalue"/>
<opset="mrv_2/1 "/>
</bind>
</comp>

<comp id="150" class="1004" name="mrv_3_fu_150">
<pin_list>
<pin id="151" dir="0" index="0" bw="128" slack="0"/>
<pin id="152" dir="0" index="1" bw="8" slack="0"/>
<pin id="153" dir="1" index="2" bw="128" slack="0"/>
</pin_list>
<bind>
<opcode="insertvalue(57) " fcode="insertvalue"/>
<opset="mrv_3/1 "/>
</bind>
</comp>

<comp id="156" class="1004" name="mrv_4_fu_156">
<pin_list>
<pin id="157" dir="0" index="0" bw="128" slack="0"/>
<pin id="158" dir="0" index="1" bw="8" slack="0"/>
<pin id="159" dir="1" index="2" bw="128" slack="0"/>
</pin_list>
<bind>
<opcode="insertvalue(57) " fcode="insertvalue"/>
<opset="mrv_4/1 "/>
</bind>
</comp>

<comp id="162" class="1004" name="mrv_5_fu_162">
<pin_list>
<pin id="163" dir="0" index="0" bw="128" slack="0"/>
<pin id="164" dir="0" index="1" bw="8" slack="0"/>
<pin id="165" dir="1" index="2" bw="128" slack="0"/>
</pin_list>
<bind>
<opcode="insertvalue(57) " fcode="insertvalue"/>
<opset="mrv_5/1 "/>
</bind>
</comp>

<comp id="168" class="1004" name="mrv_6_fu_168">
<pin_list>
<pin id="169" dir="0" index="0" bw="128" slack="0"/>
<pin id="170" dir="0" index="1" bw="8" slack="0"/>
<pin id="171" dir="1" index="2" bw="128" slack="0"/>
</pin_list>
<bind>
<opcode="insertvalue(57) " fcode="insertvalue"/>
<opset="mrv_6/1 "/>
</bind>
</comp>

<comp id="174" class="1004" name="mrv_7_fu_174">
<pin_list>
<pin id="175" dir="0" index="0" bw="128" slack="0"/>
<pin id="176" dir="0" index="1" bw="8" slack="0"/>
<pin id="177" dir="1" index="2" bw="128" slack="0"/>
</pin_list>
<bind>
<opcode="insertvalue(57) " fcode="insertvalue"/>
<opset="mrv_7/1 "/>
</bind>
</comp>

<comp id="180" class="1004" name="mrv_8_fu_180">
<pin_list>
<pin id="181" dir="0" index="0" bw="128" slack="0"/>
<pin id="182" dir="0" index="1" bw="8" slack="0"/>
<pin id="183" dir="1" index="2" bw="128" slack="0"/>
</pin_list>
<bind>
<opcode="insertvalue(57) " fcode="insertvalue"/>
<opset="mrv_8/1 "/>
</bind>
</comp>

<comp id="186" class="1004" name="mrv_9_fu_186">
<pin_list>
<pin id="187" dir="0" index="0" bw="128" slack="0"/>
<pin id="188" dir="0" index="1" bw="8" slack="0"/>
<pin id="189" dir="1" index="2" bw="128" slack="0"/>
</pin_list>
<bind>
<opcode="insertvalue(57) " fcode="insertvalue"/>
<opset="mrv_9/1 "/>
</bind>
</comp>

<comp id="192" class="1004" name="mrv_10_fu_192">
<pin_list>
<pin id="193" dir="0" index="0" bw="128" slack="0"/>
<pin id="194" dir="0" index="1" bw="8" slack="0"/>
<pin id="195" dir="1" index="2" bw="128" slack="0"/>
</pin_list>
<bind>
<opcode="insertvalue(57) " fcode="insertvalue"/>
<opset="mrv_10/1 "/>
</bind>
</comp>

<comp id="198" class="1004" name="mrv_11_fu_198">
<pin_list>
<pin id="199" dir="0" index="0" bw="128" slack="0"/>
<pin id="200" dir="0" index="1" bw="8" slack="0"/>
<pin id="201" dir="1" index="2" bw="128" slack="0"/>
</pin_list>
<bind>
<opcode="insertvalue(57) " fcode="insertvalue"/>
<opset="mrv_11/1 "/>
</bind>
</comp>

<comp id="204" class="1004" name="mrv_12_fu_204">
<pin_list>
<pin id="205" dir="0" index="0" bw="128" slack="0"/>
<pin id="206" dir="0" index="1" bw="8" slack="0"/>
<pin id="207" dir="1" index="2" bw="128" slack="0"/>
</pin_list>
<bind>
<opcode="insertvalue(57) " fcode="insertvalue"/>
<opset="mrv_12/1 "/>
</bind>
</comp>

<comp id="210" class="1004" name="mrv_13_fu_210">
<pin_list>
<pin id="211" dir="0" index="0" bw="128" slack="0"/>
<pin id="212" dir="0" index="1" bw="8" slack="0"/>
<pin id="213" dir="1" index="2" bw="128" slack="0"/>
</pin_list>
<bind>
<opcode="insertvalue(57) " fcode="insertvalue"/>
<opset="mrv_13/1 "/>
</bind>
</comp>

<comp id="216" class="1004" name="mrv_14_fu_216">
<pin_list>
<pin id="217" dir="0" index="0" bw="128" slack="0"/>
<pin id="218" dir="0" index="1" bw="8" slack="0"/>
<pin id="219" dir="1" index="2" bw="128" slack="0"/>
</pin_list>
<bind>
<opcode="insertvalue(57) " fcode="insertvalue"/>
<opset="mrv_14/1 "/>
</bind>
</comp>

<comp id="222" class="1004" name="mrv_s_fu_222">
<pin_list>
<pin id="223" dir="0" index="0" bw="128" slack="0"/>
<pin id="224" dir="0" index="1" bw="8" slack="0"/>
<pin id="225" dir="1" index="2" bw="128" slack="2147483647"/>
</pin_list>
<bind>
<opcode="insertvalue(57) " fcode="insertvalue"/>
<opset="mrv_s/1 "/>
</bind>
</comp>

</comp_list>

<net_list>
<net id="40"><net_src comp="32" pin="0"/><net_sink comp="36" pin=0"/></net>

<net id="41"><net_src comp="30" pin="0"/><net_sink comp="36" pin=1"/></net>

<net id="46"><net_src comp="32" pin="0"/><net_sink comp="42" pin=0"/></net>

<net id="47"><net_src comp="28" pin="0"/><net_sink comp="42" pin=1"/></net>

<net id="52"><net_src comp="32" pin="0"/><net_sink comp="48" pin=0"/></net>

<net id="53"><net_src comp="26" pin="0"/><net_sink comp="48" pin=1"/></net>

<net id="58"><net_src comp="32" pin="0"/><net_sink comp="54" pin=0"/></net>

<net id="59"><net_src comp="24" pin="0"/><net_sink comp="54" pin=1"/></net>

<net id="64"><net_src comp="32" pin="0"/><net_sink comp="60" pin=0"/></net>

<net id="65"><net_src comp="22" pin="0"/><net_sink comp="60" pin=1"/></net>

<net id="70"><net_src comp="32" pin="0"/><net_sink comp="66" pin=0"/></net>

<net id="71"><net_src comp="20" pin="0"/><net_sink comp="66" pin=1"/></net>

<net id="76"><net_src comp="32" pin="0"/><net_sink comp="72" pin=0"/></net>

<net id="77"><net_src comp="18" pin="0"/><net_sink comp="72" pin=1"/></net>

<net id="82"><net_src comp="32" pin="0"/><net_sink comp="78" pin=0"/></net>

<net id="83"><net_src comp="16" pin="0"/><net_sink comp="78" pin=1"/></net>

<net id="88"><net_src comp="32" pin="0"/><net_sink comp="84" pin=0"/></net>

<net id="89"><net_src comp="14" pin="0"/><net_sink comp="84" pin=1"/></net>

<net id="94"><net_src comp="32" pin="0"/><net_sink comp="90" pin=0"/></net>

<net id="95"><net_src comp="12" pin="0"/><net_sink comp="90" pin=1"/></net>

<net id="100"><net_src comp="32" pin="0"/><net_sink comp="96" pin=0"/></net>

<net id="101"><net_src comp="10" pin="0"/><net_sink comp="96" pin=1"/></net>

<net id="106"><net_src comp="32" pin="0"/><net_sink comp="102" pin=0"/></net>

<net id="107"><net_src comp="8" pin="0"/><net_sink comp="102" pin=1"/></net>

<net id="112"><net_src comp="32" pin="0"/><net_sink comp="108" pin=0"/></net>

<net id="113"><net_src comp="6" pin="0"/><net_sink comp="108" pin=1"/></net>

<net id="118"><net_src comp="32" pin="0"/><net_sink comp="114" pin=0"/></net>

<net id="119"><net_src comp="4" pin="0"/><net_sink comp="114" pin=1"/></net>

<net id="124"><net_src comp="32" pin="0"/><net_sink comp="120" pin=0"/></net>

<net id="125"><net_src comp="2" pin="0"/><net_sink comp="120" pin=1"/></net>

<net id="130"><net_src comp="32" pin="0"/><net_sink comp="126" pin=0"/></net>

<net id="131"><net_src comp="0" pin="0"/><net_sink comp="126" pin=1"/></net>

<net id="136"><net_src comp="34" pin="0"/><net_sink comp="132" pin=0"/></net>

<net id="137"><net_src comp="126" pin="2"/><net_sink comp="132" pin=1"/></net>

<net id="142"><net_src comp="132" pin="2"/><net_sink comp="138" pin=0"/></net>

<net id="143"><net_src comp="96" pin="2"/><net_sink comp="138" pin=1"/></net>

<net id="148"><net_src comp="138" pin="2"/><net_sink comp="144" pin=0"/></net>

<net id="149"><net_src comp="66" pin="2"/><net_sink comp="144" pin=1"/></net>

<net id="154"><net_src comp="144" pin="2"/><net_sink comp="150" pin=0"/></net>

<net id="155"><net_src comp="36" pin="2"/><net_sink comp="150" pin=1"/></net>

<net id="160"><net_src comp="150" pin="2"/><net_sink comp="156" pin=0"/></net>

<net id="161"><net_src comp="102" pin="2"/><net_sink comp="156" pin=1"/></net>

<net id="166"><net_src comp="156" pin="2"/><net_sink comp="162" pin=0"/></net>

<net id="167"><net_src comp="72" pin="2"/><net_sink comp="162" pin=1"/></net>

<net id="172"><net_src comp="162" pin="2"/><net_sink comp="168" pin=0"/></net>

<net id="173"><net_src comp="42" pin="2"/><net_sink comp="168" pin=1"/></net>

<net id="178"><net_src comp="168" pin="2"/><net_sink comp="174" pin=0"/></net>

<net id="179"><net_src comp="108" pin="2"/><net_sink comp="174" pin=1"/></net>

<net id="184"><net_src comp="174" pin="2"/><net_sink comp="180" pin=0"/></net>

<net id="185"><net_src comp="78" pin="2"/><net_sink comp="180" pin=1"/></net>

<net id="190"><net_src comp="180" pin="2"/><net_sink comp="186" pin=0"/></net>

<net id="191"><net_src comp="48" pin="2"/><net_sink comp="186" pin=1"/></net>

<net id="196"><net_src comp="186" pin="2"/><net_sink comp="192" pin=0"/></net>

<net id="197"><net_src comp="114" pin="2"/><net_sink comp="192" pin=1"/></net>

<net id="202"><net_src comp="192" pin="2"/><net_sink comp="198" pin=0"/></net>

<net id="203"><net_src comp="84" pin="2"/><net_sink comp="198" pin=1"/></net>

<net id="208"><net_src comp="198" pin="2"/><net_sink comp="204" pin=0"/></net>

<net id="209"><net_src comp="54" pin="2"/><net_sink comp="204" pin=1"/></net>

<net id="214"><net_src comp="204" pin="2"/><net_sink comp="210" pin=0"/></net>

<net id="215"><net_src comp="120" pin="2"/><net_sink comp="210" pin=1"/></net>

<net id="220"><net_src comp="210" pin="2"/><net_sink comp="216" pin=0"/></net>

<net id="221"><net_src comp="90" pin="2"/><net_sink comp="216" pin=1"/></net>

<net id="226"><net_src comp="216" pin="2"/><net_sink comp="222" pin=0"/></net>

<net id="227"><net_src comp="60" pin="2"/><net_sink comp="222" pin=1"/></net>

</net_list>

</model> 
---------------- Datapath Model END ------------------

* FSMD analyzer results:
  - Output states:
 - Input state : 
	Port: ShiftRows : in_0_read | {1 }
	Port: ShiftRows : in_1_read | {1 }
	Port: ShiftRows : in_2_read | {1 }
	Port: ShiftRows : in_3_read | {1 }
	Port: ShiftRows : in_4_read | {1 }
	Port: ShiftRows : in_5_read | {1 }
	Port: ShiftRows : in_6_read | {1 }
	Port: ShiftRows : in_7_read | {1 }
	Port: ShiftRows : in_8_read | {1 }
	Port: ShiftRows : in_9_read | {1 }
	Port: ShiftRows : in_10_read | {1 }
	Port: ShiftRows : in_11_read | {1 }
	Port: ShiftRows : in_12_read | {1 }
	Port: ShiftRows : in_13_read | {1 }
	Port: ShiftRows : in_14_read | {1 }
	Port: ShiftRows : in_15_read | {1 }
  - Chain level:
	State 1
		mrv_1 : 1
		mrv_2 : 2
		mrv_3 : 3
		mrv_4 : 4
		mrv_5 : 5
		mrv_6 : 6
		mrv_7 : 7
		mrv_8 : 8
		mrv_9 : 9
		mrv_10 : 10
		mrv_11 : 11
		mrv_12 : 12
		mrv_13 : 13
		mrv_14 : 14
		mrv_s : 15
		ret_ln42 : 16


============================================================
+ Verbose Summary: Datapath Resource usage 
============================================================

* Functional unit list:
|----------|-------------------------|
| Operation|     Functional Unit     |
|----------|-------------------------|
|          | in_15_read_2_read_fu_36 |
|          | in_14_read_2_read_fu_42 |
|          | in_13_read_2_read_fu_48 |
|          | in_12_read_2_read_fu_54 |
|          | in_11_read_2_read_fu_60 |
|          | in_10_read11_read_fu_66 |
|          |  in_9_read_2_read_fu_72 |
|   read   |  in_8_read_2_read_fu_78 |
|          |  in_7_read_2_read_fu_84 |
|          |  in_6_read_2_read_fu_90 |
|          |  in_5_read_2_read_fu_96 |
|          | in_4_read_2_read_fu_102 |
|          | in_3_read_2_read_fu_108 |
|          | in_2_read_2_read_fu_114 |
|          | in_1_read_2_read_fu_120 |
|          | in_0_read_2_read_fu_126 |
|----------|-------------------------|
|          |        mrv_fu_132       |
|          |       mrv_1_fu_138      |
|          |       mrv_2_fu_144      |
|          |       mrv_3_fu_150      |
|          |       mrv_4_fu_156      |
|          |       mrv_5_fu_162      |
|          |       mrv_6_fu_168      |
|insertvalue|       mrv_7_fu_174      |
|          |       mrv_8_fu_180      |
|          |       mrv_9_fu_186      |
|          |      mrv_10_fu_192      |
|          |      mrv_11_fu_198      |
|          |      mrv_12_fu_204      |
|          |      mrv_13_fu_210      |
|          |      mrv_14_fu_216      |
|          |       mrv_s_fu_222      |
|----------|-------------------------|
|   Total  |                         |
|----------|-------------------------|

Memories:
N/A

* Register list:
N/A

* Multiplexer (MUX) list: 
|--------|------|------|------|--------|
|  Comp  |  Pin | Size |  BW  | S x BW |
|--------|------|------|------|--------|
|  Total |      |      |      |    0   |
|--------|------|------|------|--------|



* Summary:
+-----------+
|           |
+-----------+
|  Function |
|   Memory  |
|Multiplexer|
|  Register |
+-----------+
|   Total   |
+-----------+
