

================================================================
== Vitis HLS Report for 'SubBytes66'
================================================================
* Date:           Thu Dec 30 15:46:28 2021

* Version:        2020.2 (Build 3064766 on Wed Nov 18 09:12:45 MST 2020)
* Project:        aes
* Solution:       solution1 (Vivado IP Flow Target)
* Product family: zynq
* Target device:  xc7z020-clg400-1


================================================================
== Performance Estimates
================================================================
+ Timing: 
    * Summary: 
    +--------+----------+----------+------------+
    |  Clock |  Target  | Estimated| Uncertainty|
    +--------+----------+----------+------------+
    |ap_clk  |  10.00 ns|  3.254 ns|     2.70 ns|
    +--------+----------+----------+------------+

+ Latency: 
    * Summary: 
    +---------+---------+-----------+-----------+-----+-----+---------+
    |  Latency (cycles) |   Latency (absolute)  |  Interval | Pipeline|
    |   min   |   max   |    min    |    max    | min | max |   Type  |
    +---------+---------+-----------+-----------+-----+-----+---------+
    |        1|        1|  10.000 ns|  10.000 ns|    1|    1|     none|
    +---------+---------+-----------+-----------+-----+-----+---------+

    + Detail: 
        * Instance: 
        N/A

        * Loop: 
        N/A

============================================================
+ Verbose Summary: Synthesis Manager
============================================================
InlineROM: 1
ExposeGlobal: 0
============================================================
+ Verbose Summary: CDFG Model
============================================================
IsTopModel: 0
ResetActiveHigh: 1
IsCombinational: 2
IsDatapathOnly: 0
HasWiredReturn: 1
HasMFsm: 0
HasVarLatency: 1
IsPipeline: 0
IsRtlPipelined: 0
IsInstanceOverlapped: 0
IsDontTouch: 0
HasImplIP: 0
IsGatedGlobalClock: 0


============================================================
+ Verbose Summary: Schedule
============================================================
* Number of FSM states : 2
* Pipeline : 0
* Dataflow Pipeline: 0

* FSM state transitions: 
1 --> 2 
2 --> 

* FSM state operations: 

State 1 <SV = 0> <Delay = 3.25>
ST_1 : Operation 3 [1/1] (0.00ns)   --->   "%p_read_91 = read i8 @_ssdm_op_Read.ap_auto.i8, i8 %p_read15" [AES_encrypt.cpp:7]   --->   Operation 3 'read' 'p_read_91' <Predicate = true> <Delay = 0.00>
ST_1 : Operation 4 [1/1] (0.00ns)   --->   "%p_read_92 = read i8 @_ssdm_op_Read.ap_auto.i8, i8 %p_read14" [AES_encrypt.cpp:7]   --->   Operation 4 'read' 'p_read_92' <Predicate = true> <Delay = 0.00>
ST_1 : Operation 5 [1/1] (0.00ns)   --->   "%p_read_93 = read i8 @_ssdm_op_Read.ap_auto.i8, i8 %p_read13" [AES_encrypt.cpp:7]   --->   Operation 5 'read' 'p_read_93' <Predicate = true> <Delay = 0.00>
ST_1 : Operation 6 [1/1] (0.00ns)   --->   "%p_read_94 = read i8 @_ssdm_op_Read.ap_auto.i8, i8 %p_read12" [AES_encrypt.cpp:7]   --->   Operation 6 'read' 'p_read_94' <Predicate = true> <Delay = 0.00>
ST_1 : Operation 7 [1/1] (0.00ns)   --->   "%p_read_95 = read i8 @_ssdm_op_Read.ap_auto.i8, i8 %p_read11" [AES_encrypt.cpp:7]   --->   Operation 7 'read' 'p_read_95' <Predicate = true> <Delay = 0.00>
ST_1 : Operation 8 [1/1] (0.00ns)   --->   "%p_read_96 = read i8 @_ssdm_op_Read.ap_auto.i8, i8 %p_read10" [AES_encrypt.cpp:7]   --->   Operation 8 'read' 'p_read_96' <Predicate = true> <Delay = 0.00>
ST_1 : Operation 9 [1/1] (0.00ns)   --->   "%p_read_97 = read i8 @_ssdm_op_Read.ap_auto.i8, i8 %p_read9" [AES_encrypt.cpp:7]   --->   Operation 9 'read' 'p_read_97' <Predicate = true> <Delay = 0.00>
ST_1 : Operation 10 [1/1] (0.00ns)   --->   "%p_read_98 = read i8 @_ssdm_op_Read.ap_auto.i8, i8 %p_read8" [AES_encrypt.cpp:7]   --->   Operation 10 'read' 'p_read_98' <Predicate = true> <Delay = 0.00>
ST_1 : Operation 11 [1/1] (0.00ns)   --->   "%p_read_99 = read i8 @_ssdm_op_Read.ap_auto.i8, i8 %p_read7" [AES_encrypt.cpp:7]   --->   Operation 11 'read' 'p_read_99' <Predicate = true> <Delay = 0.00>
ST_1 : Operation 12 [1/1] (0.00ns)   --->   "%p_read699 = read i8 @_ssdm_op_Read.ap_auto.i8, i8 %p_read6" [AES_encrypt.cpp:7]   --->   Operation 12 'read' 'p_read699' <Predicate = true> <Delay = 0.00>
ST_1 : Operation 13 [1/1] (0.00ns)   --->   "%p_read598 = read i8 @_ssdm_op_Read.ap_auto.i8, i8 %p_read5" [AES_encrypt.cpp:7]   --->   Operation 13 'read' 'p_read598' <Predicate = true> <Delay = 0.00>
ST_1 : Operation 14 [1/1] (0.00ns)   --->   "%p_read497 = read i8 @_ssdm_op_Read.ap_auto.i8, i8 %p_read4" [AES_encrypt.cpp:7]   --->   Operation 14 'read' 'p_read497' <Predicate = true> <Delay = 0.00>
ST_1 : Operation 15 [1/1] (0.00ns)   --->   "%p_read396 = read i8 @_ssdm_op_Read.ap_auto.i8, i8 %p_read3" [AES_encrypt.cpp:7]   --->   Operation 15 'read' 'p_read396' <Predicate = true> <Delay = 0.00>
ST_1 : Operation 16 [1/1] (0.00ns)   --->   "%p_read295 = read i8 @_ssdm_op_Read.ap_auto.i8, i8 %p_read2" [AES_encrypt.cpp:7]   --->   Operation 16 'read' 'p_read295' <Predicate = true> <Delay = 0.00>
ST_1 : Operation 17 [1/1] (0.00ns)   --->   "%p_read194 = read i8 @_ssdm_op_Read.ap_auto.i8, i8 %p_read1" [AES_encrypt.cpp:7]   --->   Operation 17 'read' 'p_read194' <Predicate = true> <Delay = 0.00>
ST_1 : Operation 18 [1/1] (0.00ns)   --->   "%p_read93 = read i8 @_ssdm_op_Read.ap_auto.i8, i8 %p_read" [AES_encrypt.cpp:7]   --->   Operation 18 'read' 'p_read93' <Predicate = true> <Delay = 0.00>
ST_1 : Operation 19 [1/1] (0.00ns)   --->   "%zext_ln10 = zext i8 %p_read93" [AES_encrypt.cpp:10]   --->   Operation 19 'zext' 'zext_ln10' <Predicate = true> <Delay = 0.00>
ST_1 : Operation 20 [1/1] (0.00ns)   --->   "%sbox111_addr = getelementptr i8 %sbox111, i64 0, i64 %zext_ln10" [AES_encrypt.cpp:10]   --->   Operation 20 'getelementptr' 'sbox111_addr' <Predicate = true> <Delay = 0.00>
ST_1 : Operation 21 [2/2] (3.25ns)   --->   "%sbox111_load = load i8 %sbox111_addr" [AES_encrypt.cpp:10]   --->   Operation 21 'load' 'sbox111_load' <Predicate = true> <Delay = 3.25> <CoreInst = "ROM">   --->   Core 95 'ROM' <Latency = 1> <II = 1> <Delay = 3.25> <Storage> <Opcode : 'load'> <Ports = 0> <Width = 8> <Depth = 256> <ROM>
ST_1 : Operation 22 [1/1] (0.00ns)   --->   "%zext_ln10_1 = zext i8 %p_read194" [AES_encrypt.cpp:10]   --->   Operation 22 'zext' 'zext_ln10_1' <Predicate = true> <Delay = 0.00>
ST_1 : Operation 23 [1/1] (0.00ns)   --->   "%sbox111_addr_1 = getelementptr i8 %sbox111, i64 0, i64 %zext_ln10_1" [AES_encrypt.cpp:10]   --->   Operation 23 'getelementptr' 'sbox111_addr_1' <Predicate = true> <Delay = 0.00>
ST_1 : Operation 24 [2/2] (3.25ns)   --->   "%sbox111_load_1 = load i8 %sbox111_addr_1" [AES_encrypt.cpp:10]   --->   Operation 24 'load' 'sbox111_load_1' <Predicate = true> <Delay = 3.25> <CoreInst = "ROM">   --->   Core 95 'ROM' <Latency = 1> <II = 1> <Delay = 3.25> <Storage> <Opcode : 'load'> <Ports = 0> <Width = 8> <Depth = 256> <ROM>
ST_1 : Operation 25 [1/1] (0.00ns)   --->   "%zext_ln10_2 = zext i8 %p_read295" [AES_encrypt.cpp:10]   --->   Operation 25 'zext' 'zext_ln10_2' <Predicate = true> <Delay = 0.00>
ST_1 : Operation 26 [1/1] (0.00ns)   --->   "%sbox111_addr_2 = getelementptr i8 %sbox111, i64 0, i64 %zext_ln10_2" [AES_encrypt.cpp:10]   --->   Operation 26 'getelementptr' 'sbox111_addr_2' <Predicate = true> <Delay = 0.00>
ST_1 : Operation 27 [2/2] (3.25ns)   --->   "%sbox111_load_2 = load i8 %sbox111_addr_2" [AES_encrypt.cpp:10]   --->   Operation 27 'load' 'sbox111_load_2' <Predicate = true> <Delay = 3.25> <CoreInst = "ROM">   --->   Core 95 'ROM' <Latency = 1> <II = 1> <Delay = 3.25> <Storage> <Opcode : 'load'> <Ports = 0> <Width = 8> <Depth = 256> <ROM>
ST_1 : Operation 28 [1/1] (0.00ns)   --->   "%zext_ln10_3 = zext i8 %p_read396" [AES_encrypt.cpp:10]   --->   Operation 28 'zext' 'zext_ln10_3' <Predicate = true> <Delay = 0.00>
ST_1 : Operation 29 [1/1] (0.00ns)   --->   "%sbox111_addr_3 = getelementptr i8 %sbox111, i64 0, i64 %zext_ln10_3" [AES_encrypt.cpp:10]   --->   Operation 29 'getelementptr' 'sbox111_addr_3' <Predicate = true> <Delay = 0.00>
ST_1 : Operation 30 [2/2] (3.25ns)   --->   "%sbox111_load_3 = load i8 %sbox111_addr_3" [AES_encrypt.cpp:10]   --->   Operation 30 'load' 'sbox111_load_3' <Predicate = true> <Delay = 3.25> <CoreInst = "ROM">   --->   Core 95 'ROM' <Latency = 1> <II = 1> <Delay = 3.25> <Storage> <Opcode : 'load'> <Ports = 0> <Width = 8> <Depth = 256> <ROM>
ST_1 : Operation 31 [1/1] (0.00ns)   --->   "%zext_ln10_4 = zext i8 %p_read497" [AES_encrypt.cpp:10]   --->   Operation 31 'zext' 'zext_ln10_4' <Predicate = true> <Delay = 0.00>
ST_1 : Operation 32 [1/1] (0.00ns)   --->   "%sbox111_addr_4 = getelementptr i8 %sbox111, i64 0, i64 %zext_ln10_4" [AES_encrypt.cpp:10]   --->   Operation 32 'getelementptr' 'sbox111_addr_4' <Predicate = true> <Delay = 0.00>
ST_1 : Operation 33 [2/2] (3.25ns)   --->   "%sbox111_load_4 = load i8 %sbox111_addr_4" [AES_encrypt.cpp:10]   --->   Operation 33 'load' 'sbox111_load_4' <Predicate = true> <Delay = 3.25> <CoreInst = "ROM">   --->   Core 95 'ROM' <Latency = 1> <II = 1> <Delay = 3.25> <Storage> <Opcode : 'load'> <Ports = 0> <Width = 8> <Depth = 256> <ROM>
ST_1 : Operation 34 [1/1] (0.00ns)   --->   "%zext_ln10_5 = zext i8 %p_read598" [AES_encrypt.cpp:10]   --->   Operation 34 'zext' 'zext_ln10_5' <Predicate = true> <Delay = 0.00>
ST_1 : Operation 35 [1/1] (0.00ns)   --->   "%sbox111_addr_5 = getelementptr i8 %sbox111, i64 0, i64 %zext_ln10_5" [AES_encrypt.cpp:10]   --->   Operation 35 'getelementptr' 'sbox111_addr_5' <Predicate = true> <Delay = 0.00>
ST_1 : Operation 36 [2/2] (3.25ns)   --->   "%sbox111_load_5 = load i8 %sbox111_addr_5" [AES_encrypt.cpp:10]   --->   Operation 36 'load' 'sbox111_load_5' <Predicate = true> <Delay = 3.25> <CoreInst = "ROM">   --->   Core 95 'ROM' <Latency = 1> <II = 1> <Delay = 3.25> <Storage> <Opcode : 'load'> <Ports = 0> <Width = 8> <Depth = 256> <ROM>
ST_1 : Operation 37 [1/1] (0.00ns)   --->   "%zext_ln10_6 = zext i8 %p_read699" [AES_encrypt.cpp:10]   --->   Operation 37 'zext' 'zext_ln10_6' <Predicate = true> <Delay = 0.00>
ST_1 : Operation 38 [1/1] (0.00ns)   --->   "%sbox111_addr_6 = getelementptr i8 %sbox111, i64 0, i64 %zext_ln10_6" [AES_encrypt.cpp:10]   --->   Operation 38 'getelementptr' 'sbox111_addr_6' <Predicate = true> <Delay = 0.00>
ST_1 : Operation 39 [2/2] (3.25ns)   --->   "%sbox111_load_6 = load i8 %sbox111_addr_6" [AES_encrypt.cpp:10]   --->   Operation 39 'load' 'sbox111_load_6' <Predicate = true> <Delay = 3.25> <CoreInst = "ROM">   --->   Core 95 'ROM' <Latency = 1> <II = 1> <Delay = 3.25> <Storage> <Opcode : 'load'> <Ports = 0> <Width = 8> <Depth = 256> <ROM>
ST_1 : Operation 40 [1/1] (0.00ns)   --->   "%zext_ln10_7 = zext i8 %p_read_99" [AES_encrypt.cpp:10]   --->   Operation 40 'zext' 'zext_ln10_7' <Predicate = true> <Delay = 0.00>
ST_1 : Operation 41 [1/1] (0.00ns)   --->   "%sbox111_addr_7 = getelementptr i8 %sbox111, i64 0, i64 %zext_ln10_7" [AES_encrypt.cpp:10]   --->   Operation 41 'getelementptr' 'sbox111_addr_7' <Predicate = true> <Delay = 0.00>
ST_1 : Operation 42 [2/2] (3.25ns)   --->   "%sbox111_load_7 = load i8 %sbox111_addr_7" [AES_encrypt.cpp:10]   --->   Operation 42 'load' 'sbox111_load_7' <Predicate = true> <Delay = 3.25> <CoreInst = "ROM">   --->   Core 95 'ROM' <Latency = 1> <II = 1> <Delay = 3.25> <Storage> <Opcode : 'load'> <Ports = 0> <Width = 8> <Depth = 256> <ROM>
ST_1 : Operation 43 [1/1] (0.00ns)   --->   "%zext_ln10_8 = zext i8 %p_read_98" [AES_encrypt.cpp:10]   --->   Operation 43 'zext' 'zext_ln10_8' <Predicate = true> <Delay = 0.00>
ST_1 : Operation 44 [1/1] (0.00ns)   --->   "%sbox111_addr_8 = getelementptr i8 %sbox111, i64 0, i64 %zext_ln10_8" [AES_encrypt.cpp:10]   --->   Operation 44 'getelementptr' 'sbox111_addr_8' <Predicate = true> <Delay = 0.00>
ST_1 : Operation 45 [2/2] (3.25ns)   --->   "%sbox111_load_8 = load i8 %sbox111_addr_8" [AES_encrypt.cpp:10]   --->   Operation 45 'load' 'sbox111_load_8' <Predicate = true> <Delay = 3.25> <CoreInst = "ROM">   --->   Core 95 'ROM' <Latency = 1> <II = 1> <Delay = 3.25> <Storage> <Opcode : 'load'> <Ports = 0> <Width = 8> <Depth = 256> <ROM>
ST_1 : Operation 46 [1/1] (0.00ns)   --->   "%zext_ln10_9 = zext i8 %p_read_97" [AES_encrypt.cpp:10]   --->   Operation 46 'zext' 'zext_ln10_9' <Predicate = true> <Delay = 0.00>
ST_1 : Operation 47 [1/1] (0.00ns)   --->   "%sbox111_addr_9 = getelementptr i8 %sbox111, i64 0, i64 %zext_ln10_9" [AES_encrypt.cpp:10]   --->   Operation 47 'getelementptr' 'sbox111_addr_9' <Predicate = true> <Delay = 0.00>
ST_1 : Operation 48 [2/2] (3.25ns)   --->   "%sbox111_load_9 = load i8 %sbox111_addr_9" [AES_encrypt.cpp:10]   --->   Operation 48 'load' 'sbox111_load_9' <Predicate = true> <Delay = 3.25> <CoreInst = "ROM">   --->   Core 95 'ROM' <Latency = 1> <II = 1> <Delay = 3.25> <Storage> <Opcode : 'load'> <Ports = 0> <Width = 8> <Depth = 256> <ROM>
ST_1 : Operation 49 [1/1] (0.00ns)   --->   "%zext_ln10_10 = zext i8 %p_read_96" [AES_encrypt.cpp:10]   --->   Operation 49 'zext' 'zext_ln10_10' <Predicate = true> <Delay = 0.00>
ST_1 : Operation 50 [1/1] (0.00ns)   --->   "%sbox111_addr_10 = getelementptr i8 %sbox111, i64 0, i64 %zext_ln10_10" [AES_encrypt.cpp:10]   --->   Operation 50 'getelementptr' 'sbox111_addr_10' <Predicate = true> <Delay = 0.00>
ST_1 : Operation 51 [2/2] (3.25ns)   --->   "%sbox111_load_10 = load i8 %sbox111_addr_10" [AES_encrypt.cpp:10]   --->   Operation 51 'load' 'sbox111_load_10' <Predicate = true> <Delay = 3.25> <CoreInst = "ROM">   --->   Core 95 'ROM' <Latency = 1> <II = 1> <Delay = 3.25> <Storage> <Opcode : 'load'> <Ports = 0> <Width = 8> <Depth = 256> <ROM>
ST_1 : Operation 52 [1/1] (0.00ns)   --->   "%zext_ln10_11 = zext i8 %p_read_95" [AES_encrypt.cpp:10]   --->   Operation 52 'zext' 'zext_ln10_11' <Predicate = true> <Delay = 0.00>
ST_1 : Operation 53 [1/1] (0.00ns)   --->   "%sbox111_addr_11 = getelementptr i8 %sbox111, i64 0, i64 %zext_ln10_11" [AES_encrypt.cpp:10]   --->   Operation 53 'getelementptr' 'sbox111_addr_11' <Predicate = true> <Delay = 0.00>
ST_1 : Operation 54 [2/2] (3.25ns)   --->   "%sbox111_load_11 = load i8 %sbox111_addr_11" [AES_encrypt.cpp:10]   --->   Operation 54 'load' 'sbox111_load_11' <Predicate = true> <Delay = 3.25> <CoreInst = "ROM">   --->   Core 95 'ROM' <Latency = 1> <II = 1> <Delay = 3.25> <Storage> <Opcode : 'load'> <Ports = 0> <Width = 8> <Depth = 256> <ROM>
ST_1 : Operation 55 [1/1] (0.00ns)   --->   "%zext_ln10_12 = zext i8 %p_read_94" [AES_encrypt.cpp:10]   --->   Operation 55 'zext' 'zext_ln10_12' <Predicate = true> <Delay = 0.00>
ST_1 : Operation 56 [1/1] (0.00ns)   --->   "%sbox111_addr_12 = getelementptr i8 %sbox111, i64 0, i64 %zext_ln10_12" [AES_encrypt.cpp:10]   --->   Operation 56 'getelementptr' 'sbox111_addr_12' <Predicate = true> <Delay = 0.00>
ST_1 : Operation 57 [2/2] (3.25ns)   --->   "%sbox111_load_12 = load i8 %sbox111_addr_12" [AES_encrypt.cpp:10]   --->   Operation 57 'load' 'sbox111_load_12' <Predicate = true> <Delay = 3.25> <CoreInst = "ROM">   --->   Core 95 'ROM' <Latency = 1> <II = 1> <Delay = 3.25> <Storage> <Opcode : 'load'> <Ports = 0> <Width = 8> <Depth = 256> <ROM>
ST_1 : Operation 58 [1/1] (0.00ns)   --->   "%zext_ln10_13 = zext i8 %p_read_93" [AES_encrypt.cpp:10]   --->   Operation 58 'zext' 'zext_ln10_13' <Predicate = true> <Delay = 0.00>
ST_1 : Operation 59 [1/1] (0.00ns)   --->   "%sbox111_addr_13 = getelementptr i8 %sbox111, i64 0, i64 %zext_ln10_13" [AES_encrypt.cpp:10]   --->   Operation 59 'getelementptr' 'sbox111_addr_13' <Predicate = true> <Delay = 0.00>
ST_1 : Operation 60 [2/2] (3.25ns)   --->   "%sbox111_load_13 = load i8 %sbox111_addr_13" [AES_encrypt.cpp:10]   --->   Operation 60 'load' 'sbox111_load_13' <Predicate = true> <Delay = 3.25> <CoreInst = "ROM">   --->   Core 95 'ROM' <Latency = 1> <II = 1> <Delay = 3.25> <Storage> <Opcode : 'load'> <Ports = 0> <Width = 8> <Depth = 256> <ROM>
ST_1 : Operation 61 [1/1] (0.00ns)   --->   "%zext_ln10_14 = zext i8 %p_read_92" [AES_encrypt.cpp:10]   --->   Operation 61 'zext' 'zext_ln10_14' <Predicate = true> <Delay = 0.00>
ST_1 : Operation 62 [1/1] (0.00ns)   --->   "%sbox111_addr_14 = getelementptr i8 %sbox111, i64 0, i64 %zext_ln10_14" [AES_encrypt.cpp:10]   --->   Operation 62 'getelementptr' 'sbox111_addr_14' <Predicate = true> <Delay = 0.00>
ST_1 : Operation 63 [2/2] (3.25ns)   --->   "%sbox111_load_14 = load i8 %sbox111_addr_14" [AES_encrypt.cpp:10]   --->   Operation 63 'load' 'sbox111_load_14' <Predicate = true> <Delay = 3.25> <CoreInst = "ROM">   --->   Core 95 'ROM' <Latency = 1> <II = 1> <Delay = 3.25> <Storage> <Opcode : 'load'> <Ports = 0> <Width = 8> <Depth = 256> <ROM>
ST_1 : Operation 64 [1/1] (0.00ns)   --->   "%zext_ln10_15 = zext i8 %p_read_91" [AES_encrypt.cpp:10]   --->   Operation 64 'zext' 'zext_ln10_15' <Predicate = true> <Delay = 0.00>
ST_1 : Operation 65 [1/1] (0.00ns)   --->   "%sbox111_addr_15 = getelementptr i8 %sbox111, i64 0, i64 %zext_ln10_15" [AES_encrypt.cpp:10]   --->   Operation 65 'getelementptr' 'sbox111_addr_15' <Predicate = true> <Delay = 0.00>
ST_1 : Operation 66 [2/2] (3.25ns)   --->   "%sbox111_load_15 = load i8 %sbox111_addr_15" [AES_encrypt.cpp:10]   --->   Operation 66 'load' 'sbox111_load_15' <Predicate = true> <Delay = 3.25> <CoreInst = "ROM">   --->   Core 95 'ROM' <Latency = 1> <II = 1> <Delay = 3.25> <Storage> <Opcode : 'load'> <Ports = 0> <Width = 8> <Depth = 256> <ROM>

State 2 <SV = 1> <Delay = 3.25>
ST_2 : Operation 67 [1/2] (3.25ns)   --->   "%sbox111_load = load i8 %sbox111_addr" [AES_encrypt.cpp:10]   --->   Operation 67 'load' 'sbox111_load' <Predicate = true> <Delay = 3.25> <CoreInst = "ROM">   --->   Core 95 'ROM' <Latency = 1> <II = 1> <Delay = 3.25> <Storage> <Opcode : 'load'> <Ports = 0> <Width = 8> <Depth = 256> <ROM>
ST_2 : Operation 68 [1/2] (3.25ns)   --->   "%sbox111_load_1 = load i8 %sbox111_addr_1" [AES_encrypt.cpp:10]   --->   Operation 68 'load' 'sbox111_load_1' <Predicate = true> <Delay = 3.25> <CoreInst = "ROM">   --->   Core 95 'ROM' <Latency = 1> <II = 1> <Delay = 3.25> <Storage> <Opcode : 'load'> <Ports = 0> <Width = 8> <Depth = 256> <ROM>
ST_2 : Operation 69 [1/2] (3.25ns)   --->   "%sbox111_load_2 = load i8 %sbox111_addr_2" [AES_encrypt.cpp:10]   --->   Operation 69 'load' 'sbox111_load_2' <Predicate = true> <Delay = 3.25> <CoreInst = "ROM">   --->   Core 95 'ROM' <Latency = 1> <II = 1> <Delay = 3.25> <Storage> <Opcode : 'load'> <Ports = 0> <Width = 8> <Depth = 256> <ROM>
ST_2 : Operation 70 [1/2] (3.25ns)   --->   "%sbox111_load_3 = load i8 %sbox111_addr_3" [AES_encrypt.cpp:10]   --->   Operation 70 'load' 'sbox111_load_3' <Predicate = true> <Delay = 3.25> <CoreInst = "ROM">   --->   Core 95 'ROM' <Latency = 1> <II = 1> <Delay = 3.25> <Storage> <Opcode : 'load'> <Ports = 0> <Width = 8> <Depth = 256> <ROM>
ST_2 : Operation 71 [1/2] (3.25ns)   --->   "%sbox111_load_4 = load i8 %sbox111_addr_4" [AES_encrypt.cpp:10]   --->   Operation 71 'load' 'sbox111_load_4' <Predicate = true> <Delay = 3.25> <CoreInst = "ROM">   --->   Core 95 'ROM' <Latency = 1> <II = 1> <Delay = 3.25> <Storage> <Opcode : 'load'> <Ports = 0> <Width = 8> <Depth = 256> <ROM>
ST_2 : Operation 72 [1/2] (3.25ns)   --->   "%sbox111_load_5 = load i8 %sbox111_addr_5" [AES_encrypt.cpp:10]   --->   Operation 72 'load' 'sbox111_load_5' <Predicate = true> <Delay = 3.25> <CoreInst = "ROM">   --->   Core 95 'ROM' <Latency = 1> <II = 1> <Delay = 3.25> <Storage> <Opcode : 'load'> <Ports = 0> <Width = 8> <Depth = 256> <ROM>
ST_2 : Operation 73 [1/2] (3.25ns)   --->   "%sbox111_load_6 = load i8 %sbox111_addr_6" [AES_encrypt.cpp:10]   --->   Operation 73 'load' 'sbox111_load_6' <Predicate = true> <Delay = 3.25> <CoreInst = "ROM">   --->   Core 95 'ROM' <Latency = 1> <II = 1> <Delay = 3.25> <Storage> <Opcode : 'load'> <Ports = 0> <Width = 8> <Depth = 256> <ROM>
ST_2 : Operation 74 [1/2] (3.25ns)   --->   "%sbox111_load_7 = load i8 %sbox111_addr_7" [AES_encrypt.cpp:10]   --->   Operation 74 'load' 'sbox111_load_7' <Predicate = true> <Delay = 3.25> <CoreInst = "ROM">   --->   Core 95 'ROM' <Latency = 1> <II = 1> <Delay = 3.25> <Storage> <Opcode : 'load'> <Ports = 0> <Width = 8> <Depth = 256> <ROM>
ST_2 : Operation 75 [1/2] (3.25ns)   --->   "%sbox111_load_8 = load i8 %sbox111_addr_8" [AES_encrypt.cpp:10]   --->   Operation 75 'load' 'sbox111_load_8' <Predicate = true> <Delay = 3.25> <CoreInst = "ROM">   --->   Core 95 'ROM' <Latency = 1> <II = 1> <Delay = 3.25> <Storage> <Opcode : 'load'> <Ports = 0> <Width = 8> <Depth = 256> <ROM>
ST_2 : Operation 76 [1/2] (3.25ns)   --->   "%sbox111_load_9 = load i8 %sbox111_addr_9" [AES_encrypt.cpp:10]   --->   Operation 76 'load' 'sbox111_load_9' <Predicate = true> <Delay = 3.25> <CoreInst = "ROM">   --->   Core 95 'ROM' <Latency = 1> <II = 1> <Delay = 3.25> <Storage> <Opcode : 'load'> <Ports = 0> <Width = 8> <Depth = 256> <ROM>
ST_2 : Operation 77 [1/2] (3.25ns)   --->   "%sbox111_load_10 = load i8 %sbox111_addr_10" [AES_encrypt.cpp:10]   --->   Operation 77 'load' 'sbox111_load_10' <Predicate = true> <Delay = 3.25> <CoreInst = "ROM">   --->   Core 95 'ROM' <Latency = 1> <II = 1> <Delay = 3.25> <Storage> <Opcode : 'load'> <Ports = 0> <Width = 8> <Depth = 256> <ROM>
ST_2 : Operation 78 [1/2] (3.25ns)   --->   "%sbox111_load_11 = load i8 %sbox111_addr_11" [AES_encrypt.cpp:10]   --->   Operation 78 'load' 'sbox111_load_11' <Predicate = true> <Delay = 3.25> <CoreInst = "ROM">   --->   Core 95 'ROM' <Latency = 1> <II = 1> <Delay = 3.25> <Storage> <Opcode : 'load'> <Ports = 0> <Width = 8> <Depth = 256> <ROM>
ST_2 : Operation 79 [1/2] (3.25ns)   --->   "%sbox111_load_12 = load i8 %sbox111_addr_12" [AES_encrypt.cpp:10]   --->   Operation 79 'load' 'sbox111_load_12' <Predicate = true> <Delay = 3.25> <CoreInst = "ROM">   --->   Core 95 'ROM' <Latency = 1> <II = 1> <Delay = 3.25> <Storage> <Opcode : 'load'> <Ports = 0> <Width = 8> <Depth = 256> <ROM>
ST_2 : Operation 80 [1/2] (3.25ns)   --->   "%sbox111_load_13 = load i8 %sbox111_addr_13" [AES_encrypt.cpp:10]   --->   Operation 80 'load' 'sbox111_load_13' <Predicate = true> <Delay = 3.25> <CoreInst = "ROM">   --->   Core 95 'ROM' <Latency = 1> <II = 1> <Delay = 3.25> <Storage> <Opcode : 'load'> <Ports = 0> <Width = 8> <Depth = 256> <ROM>
ST_2 : Operation 81 [1/2] (3.25ns)   --->   "%sbox111_load_14 = load i8 %sbox111_addr_14" [AES_encrypt.cpp:10]   --->   Operation 81 'load' 'sbox111_load_14' <Predicate = true> <Delay = 3.25> <CoreInst = "ROM">   --->   Core 95 'ROM' <Latency = 1> <II = 1> <Delay = 3.25> <Storage> <Opcode : 'load'> <Ports = 0> <Width = 8> <Depth = 256> <ROM>
ST_2 : Operation 82 [1/2] (3.25ns)   --->   "%sbox111_load_15 = load i8 %sbox111_addr_15" [AES_encrypt.cpp:10]   --->   Operation 82 'load' 'sbox111_load_15' <Predicate = true> <Delay = 3.25> <CoreInst = "ROM">   --->   Core 95 'ROM' <Latency = 1> <II = 1> <Delay = 3.25> <Storage> <Opcode : 'load'> <Ports = 0> <Width = 8> <Depth = 256> <ROM>
ST_2 : Operation 83 [1/1] (0.00ns)   --->   "%mrv = insertvalue i128 <undef>, i8 %sbox111_load" [AES_encrypt.cpp:12]   --->   Operation 83 'insertvalue' 'mrv' <Predicate = true> <Delay = 0.00>
ST_2 : Operation 84 [1/1] (0.00ns)   --->   "%mrv_1 = insertvalue i128 %mrv, i8 %sbox111_load_1" [AES_encrypt.cpp:12]   --->   Operation 84 'insertvalue' 'mrv_1' <Predicate = true> <Delay = 0.00>
ST_2 : Operation 85 [1/1] (0.00ns)   --->   "%mrv_2 = insertvalue i128 %mrv_1, i8 %sbox111_load_2" [AES_encrypt.cpp:12]   --->   Operation 85 'insertvalue' 'mrv_2' <Predicate = true> <Delay = 0.00>
ST_2 : Operation 86 [1/1] (0.00ns)   --->   "%mrv_3 = insertvalue i128 %mrv_2, i8 %sbox111_load_3" [AES_encrypt.cpp:12]   --->   Operation 86 'insertvalue' 'mrv_3' <Predicate = true> <Delay = 0.00>
ST_2 : Operation 87 [1/1] (0.00ns)   --->   "%mrv_4 = insertvalue i128 %mrv_3, i8 %sbox111_load_4" [AES_encrypt.cpp:12]   --->   Operation 87 'insertvalue' 'mrv_4' <Predicate = true> <Delay = 0.00>
ST_2 : Operation 88 [1/1] (0.00ns)   --->   "%mrv_5 = insertvalue i128 %mrv_4, i8 %sbox111_load_5" [AES_encrypt.cpp:12]   --->   Operation 88 'insertvalue' 'mrv_5' <Predicate = true> <Delay = 0.00>
ST_2 : Operation 89 [1/1] (0.00ns)   --->   "%mrv_6 = insertvalue i128 %mrv_5, i8 %sbox111_load_6" [AES_encrypt.cpp:12]   --->   Operation 89 'insertvalue' 'mrv_6' <Predicate = true> <Delay = 0.00>
ST_2 : Operation 90 [1/1] (0.00ns)   --->   "%mrv_7 = insertvalue i128 %mrv_6, i8 %sbox111_load_7" [AES_encrypt.cpp:12]   --->   Operation 90 'insertvalue' 'mrv_7' <Predicate = true> <Delay = 0.00>
ST_2 : Operation 91 [1/1] (0.00ns)   --->   "%mrv_8 = insertvalue i128 %mrv_7, i8 %sbox111_load_8" [AES_encrypt.cpp:12]   --->   Operation 91 'insertvalue' 'mrv_8' <Predicate = true> <Delay = 0.00>
ST_2 : Operation 92 [1/1] (0.00ns)   --->   "%mrv_9 = insertvalue i128 %mrv_8, i8 %sbox111_load_9" [AES_encrypt.cpp:12]   --->   Operation 92 'insertvalue' 'mrv_9' <Predicate = true> <Delay = 0.00>
ST_2 : Operation 93 [1/1] (0.00ns)   --->   "%mrv_10 = insertvalue i128 %mrv_9, i8 %sbox111_load_10" [AES_encrypt.cpp:12]   --->   Operation 93 'insertvalue' 'mrv_10' <Predicate = true> <Delay = 0.00>
ST_2 : Operation 94 [1/1] (0.00ns)   --->   "%mrv_11 = insertvalue i128 %mrv_10, i8 %sbox111_load_11" [AES_encrypt.cpp:12]   --->   Operation 94 'insertvalue' 'mrv_11' <Predicate = true> <Delay = 0.00>
ST_2 : Operation 95 [1/1] (0.00ns)   --->   "%mrv_12 = insertvalue i128 %mrv_11, i8 %sbox111_load_12" [AES_encrypt.cpp:12]   --->   Operation 95 'insertvalue' 'mrv_12' <Predicate = true> <Delay = 0.00>
ST_2 : Operation 96 [1/1] (0.00ns)   --->   "%mrv_13 = insertvalue i128 %mrv_12, i8 %sbox111_load_13" [AES_encrypt.cpp:12]   --->   Operation 96 'insertvalue' 'mrv_13' <Predicate = true> <Delay = 0.00>
ST_2 : Operation 97 [1/1] (0.00ns)   --->   "%mrv_14 = insertvalue i128 %mrv_13, i8 %sbox111_load_14" [AES_encrypt.cpp:12]   --->   Operation 97 'insertvalue' 'mrv_14' <Predicate = true> <Delay = 0.00>
ST_2 : Operation 98 [1/1] (0.00ns)   --->   "%mrv_s = insertvalue i128 %mrv_14, i8 %sbox111_load_15" [AES_encrypt.cpp:12]   --->   Operation 98 'insertvalue' 'mrv_s' <Predicate = true> <Delay = 0.00>
ST_2 : Operation 99 [1/1] (0.00ns)   --->   "%ret_ln12 = ret i128 %mrv_s" [AES_encrypt.cpp:12]   --->   Operation 99 'ret' 'ret_ln12' <Predicate = true> <Delay = 0.00>


============================================================
+ Verbose Summary: Timing violations
============================================================
Target clock period: 10ns, clock uncertainty: 2.7ns.

 <State 1>: 3.25ns
The critical path consists of the following:
	wire read on port 'p_read' (AES_encrypt.cpp:7) [34]  (0 ns)
	'getelementptr' operation ('sbox111_addr', AES_encrypt.cpp:10) [36]  (0 ns)
	'load' operation ('out[0]', AES_encrypt.cpp:10) on array 'sbox111' [37]  (3.25 ns)

 <State 2>: 3.25ns
The critical path consists of the following:
	'load' operation ('out[0]', AES_encrypt.cpp:10) on array 'sbox111' [37]  (3.25 ns)


============================================================
+ Verbose Summary: Binding
============================================================
N/A
* FSMD analyzer results:
  - Output states:
 - Input state : 
  - Chain level:
	State 1
	State 2


============================================================
+ Verbose Summary: Datapath Resource usage 
============================================================
N/A
