

================================================================
== Vitis HLS Report for 'AddRoundKey93'
================================================================
* Date:           Sat Jan  1 23:30:26 2022

* Version:        2020.2 (Build 3064766 on Wed Nov 18 09:12:45 MST 2020)
* Project:        aes
* Solution:       solution1 (Vivado IP Flow Target)
* Product family: zynq
* Target device:  xc7z020-clg484-1


================================================================
== Performance Estimates
================================================================
+ Timing: 
    * Summary: 
    +--------+----------+----------+------------+
    |  Clock |  Target  | Estimated| Uncertainty|
    +--------+----------+----------+------------+
    |ap_clk  |  10.00 ns|  4.640 ns|     2.70 ns|
    +--------+----------+----------+------------+

+ Latency: 
    * Summary: 
    +---------+---------+----------+----------+-----+-----+---------+
    |  Latency (cycles) |  Latency (absolute) |  Interval | Pipeline|
    |   min   |   max   |    min   |    max   | min | max |   Type  |
    +---------+---------+----------+----------+-----+-----+---------+
    |        0|        0|      0 ns|      0 ns|    0|    0|     none|
    +---------+---------+----------+----------+-----+-----+---------+

    + Detail: 
        * Instance: 
        N/A

        * Loop: 
        N/A



================================================================
== Utilization Estimates
================================================================
* Summary: 
+-----------------+---------+-----+--------+-------+-----+
|       Name      | BRAM_18K| DSP |   FF   |  LUT  | URAM|
+-----------------+---------+-----+--------+-------+-----+
|DSP              |        -|    -|       -|      -|    -|
|Expression       |        -|    -|       0|    130|    -|
|FIFO             |        -|    -|       -|      -|    -|
|Instance         |        -|    -|       -|      -|    -|
|Memory           |        -|    -|       -|      -|    -|
|Multiplexer      |        -|    -|       -|    297|    -|
|Register         |        -|    -|     130|      -|    -|
+-----------------+---------+-----+--------+-------+-----+
|Total            |        0|    0|     130|    427|    0|
+-----------------+---------+-----+--------+-------+-----+
|Available        |      280|  220|  106400|  53200|    0|
+-----------------+---------+-----+--------+-------+-----+
|Utilization (%)  |        0|    0|      ~0|     ~0|    0|
+-----------------+---------+-----+--------+-------+-----+

+ Detail: 
    * Instance: 
    N/A

    * DSP: 
    N/A

    * Memory: 
    N/A

    * FIFO: 
    N/A

    * Expression: 
    +-----------------------+----------+----+---+----+------------+------------+
    |     Variable Name     | Operation| DSP| FF| LUT| Bitwidth P0| Bitwidth P1|
    +-----------------------+----------+----+---+----+------------+------------+
    |ap_block_state1        |        or|   0|  0|   2|           1|           1|
    |xor_ln62_10_fu_336_p2  |       xor|   0|  0|   8|           8|           8|
    |xor_ln62_11_fu_342_p2  |       xor|   0|  0|   8|           8|           8|
    |xor_ln62_12_fu_348_p2  |       xor|   0|  0|   8|           8|           8|
    |xor_ln62_13_fu_354_p2  |       xor|   0|  0|   8|           8|           8|
    |xor_ln62_14_fu_360_p2  |       xor|   0|  0|   8|           8|           8|
    |xor_ln62_15_fu_366_p2  |       xor|   0|  0|   8|           8|           8|
    |xor_ln62_1_fu_282_p2   |       xor|   0|  0|   8|           8|           8|
    |xor_ln62_2_fu_288_p2   |       xor|   0|  0|   8|           8|           8|
    |xor_ln62_3_fu_294_p2   |       xor|   0|  0|   8|           8|           8|
    |xor_ln62_4_fu_300_p2   |       xor|   0|  0|   8|           8|           8|
    |xor_ln62_5_fu_306_p2   |       xor|   0|  0|   8|           8|           8|
    |xor_ln62_6_fu_312_p2   |       xor|   0|  0|   8|           8|           8|
    |xor_ln62_7_fu_318_p2   |       xor|   0|  0|   8|           8|           8|
    |xor_ln62_8_fu_324_p2   |       xor|   0|  0|   8|           8|           8|
    |xor_ln62_9_fu_330_p2   |       xor|   0|  0|   8|           8|           8|
    |xor_ln62_fu_276_p2     |       xor|   0|  0|   8|           8|           8|
    +-----------------------+----------+----+---+----+------------+------------+
    |Total                  |          |   0|  0| 130|         129|         129|
    +-----------------------+----------+----+---+----+------------+------------+

    * Multiplexer: 
    +-------------------+----+-----------+-----+-----------+
    |        Name       | LUT| Input Size| Bits| Total Bits|
    +-------------------+----+-----------+-----+-----------+
    |RoundKey160_blk_n  |   9|          2|    1|          2|
    |RoundKey161_blk_n  |   9|          2|    1|          2|
    |RoundKey162_blk_n  |   9|          2|    1|          2|
    |RoundKey163_blk_n  |   9|          2|    1|          2|
    |RoundKey164_blk_n  |   9|          2|    1|          2|
    |RoundKey165_blk_n  |   9|          2|    1|          2|
    |RoundKey166_blk_n  |   9|          2|    1|          2|
    |RoundKey167_blk_n  |   9|          2|    1|          2|
    |RoundKey168_blk_n  |   9|          2|    1|          2|
    |RoundKey169_blk_n  |   9|          2|    1|          2|
    |RoundKey170_blk_n  |   9|          2|    1|          2|
    |RoundKey171_blk_n  |   9|          2|    1|          2|
    |RoundKey172_blk_n  |   9|          2|    1|          2|
    |RoundKey173_blk_n  |   9|          2|    1|          2|
    |RoundKey174_blk_n  |   9|          2|    1|          2|
    |RoundKey175_blk_n  |   9|          2|    1|          2|
    |ap_done            |   9|          2|    1|          2|
    |ap_return_0        |   9|          2|    8|         16|
    |ap_return_1        |   9|          2|    8|         16|
    |ap_return_10       |   9|          2|    8|         16|
    |ap_return_11       |   9|          2|    8|         16|
    |ap_return_12       |   9|          2|    8|         16|
    |ap_return_13       |   9|          2|    8|         16|
    |ap_return_14       |   9|          2|    8|         16|
    |ap_return_15       |   9|          2|    8|         16|
    |ap_return_2        |   9|          2|    8|         16|
    |ap_return_3        |   9|          2|    8|         16|
    |ap_return_4        |   9|          2|    8|         16|
    |ap_return_5        |   9|          2|    8|         16|
    |ap_return_6        |   9|          2|    8|         16|
    |ap_return_7        |   9|          2|    8|         16|
    |ap_return_8        |   9|          2|    8|         16|
    |ap_return_9        |   9|          2|    8|         16|
    +-------------------+----+-----------+-----+-----------+
    |Total              | 297|         66|  145|        290|
    +-------------------+----+-----------+-----+-----------+

    * Register: 
    +-------------------+---+----+-----+-----------+
    |        Name       | FF| LUT| Bits| Const Bits|
    +-------------------+---+----+-----+-----------+
    |ap_CS_fsm          |  1|   0|    1|          0|
    |ap_done_reg        |  1|   0|    1|          0|
    |ap_return_0_preg   |  8|   0|    8|          0|
    |ap_return_10_preg  |  8|   0|    8|          0|
    |ap_return_11_preg  |  8|   0|    8|          0|
    |ap_return_12_preg  |  8|   0|    8|          0|
    |ap_return_13_preg  |  8|   0|    8|          0|
    |ap_return_14_preg  |  8|   0|    8|          0|
    |ap_return_15_preg  |  8|   0|    8|          0|
    |ap_return_1_preg   |  8|   0|    8|          0|
    |ap_return_2_preg   |  8|   0|    8|          0|
    |ap_return_3_preg   |  8|   0|    8|          0|
    |ap_return_4_preg   |  8|   0|    8|          0|
    |ap_return_5_preg   |  8|   0|    8|          0|
    |ap_return_6_preg   |  8|   0|    8|          0|
    |ap_return_7_preg   |  8|   0|    8|          0|
    |ap_return_8_preg   |  8|   0|    8|          0|
    |ap_return_9_preg   |  8|   0|    8|          0|
    +-------------------+---+----+-----+-----------+
    |Total              |130|   0|  130|          0|
    +-------------------+---+----+-----+-----------+



================================================================
== Interface
================================================================
* Summary: 
+---------------------+-----+-----+------------+---------------+--------------+
|      RTL Ports      | Dir | Bits|  Protocol  | Source Object |    C Type    |
+---------------------+-----+-----+------------+---------------+--------------+
|ap_clk               |   in|    1|  ap_ctrl_hs|  AddRoundKey93|  return value|
|ap_rst               |   in|    1|  ap_ctrl_hs|  AddRoundKey93|  return value|
|ap_start             |   in|    1|  ap_ctrl_hs|  AddRoundKey93|  return value|
|ap_done              |  out|    1|  ap_ctrl_hs|  AddRoundKey93|  return value|
|ap_continue          |   in|    1|  ap_ctrl_hs|  AddRoundKey93|  return value|
|ap_idle              |  out|    1|  ap_ctrl_hs|  AddRoundKey93|  return value|
|ap_ready             |  out|    1|  ap_ctrl_hs|  AddRoundKey93|  return value|
|ap_return_0          |  out|    8|  ap_ctrl_hs|  AddRoundKey93|  return value|
|ap_return_1          |  out|    8|  ap_ctrl_hs|  AddRoundKey93|  return value|
|ap_return_2          |  out|    8|  ap_ctrl_hs|  AddRoundKey93|  return value|
|ap_return_3          |  out|    8|  ap_ctrl_hs|  AddRoundKey93|  return value|
|ap_return_4          |  out|    8|  ap_ctrl_hs|  AddRoundKey93|  return value|
|ap_return_5          |  out|    8|  ap_ctrl_hs|  AddRoundKey93|  return value|
|ap_return_6          |  out|    8|  ap_ctrl_hs|  AddRoundKey93|  return value|
|ap_return_7          |  out|    8|  ap_ctrl_hs|  AddRoundKey93|  return value|
|ap_return_8          |  out|    8|  ap_ctrl_hs|  AddRoundKey93|  return value|
|ap_return_9          |  out|    8|  ap_ctrl_hs|  AddRoundKey93|  return value|
|ap_return_10         |  out|    8|  ap_ctrl_hs|  AddRoundKey93|  return value|
|ap_return_11         |  out|    8|  ap_ctrl_hs|  AddRoundKey93|  return value|
|ap_return_12         |  out|    8|  ap_ctrl_hs|  AddRoundKey93|  return value|
|ap_return_13         |  out|    8|  ap_ctrl_hs|  AddRoundKey93|  return value|
|ap_return_14         |  out|    8|  ap_ctrl_hs|  AddRoundKey93|  return value|
|ap_return_15         |  out|    8|  ap_ctrl_hs|  AddRoundKey93|  return value|
|in_0                 |   in|    8|     ap_none|           in_0|       pointer|
|in_1                 |   in|    8|     ap_none|           in_1|       pointer|
|in_2                 |   in|    8|     ap_none|           in_2|       pointer|
|in_3                 |   in|    8|     ap_none|           in_3|       pointer|
|in_4                 |   in|    8|     ap_none|           in_4|       pointer|
|in_5                 |   in|    8|     ap_none|           in_5|       pointer|
|in_6                 |   in|    8|     ap_none|           in_6|       pointer|
|in_7                 |   in|    8|     ap_none|           in_7|       pointer|
|in_8                 |   in|    8|     ap_none|           in_8|       pointer|
|in_9                 |   in|    8|     ap_none|           in_9|       pointer|
|in_10                |   in|    8|     ap_none|          in_10|       pointer|
|in_11                |   in|    8|     ap_none|          in_11|       pointer|
|in_12                |   in|    8|     ap_none|          in_12|       pointer|
|in_13                |   in|    8|     ap_none|          in_13|       pointer|
|in_14                |   in|    8|     ap_none|          in_14|       pointer|
|in_15                |   in|    8|     ap_none|          in_15|       pointer|
|RoundKey160_dout     |   in|    8|     ap_fifo|    RoundKey160|       pointer|
|RoundKey160_empty_n  |   in|    1|     ap_fifo|    RoundKey160|       pointer|
|RoundKey160_read     |  out|    1|     ap_fifo|    RoundKey160|       pointer|
|RoundKey161_dout     |   in|    8|     ap_fifo|    RoundKey161|       pointer|
|RoundKey161_empty_n  |   in|    1|     ap_fifo|    RoundKey161|       pointer|
|RoundKey161_read     |  out|    1|     ap_fifo|    RoundKey161|       pointer|
|RoundKey162_dout     |   in|    8|     ap_fifo|    RoundKey162|       pointer|
|RoundKey162_empty_n  |   in|    1|     ap_fifo|    RoundKey162|       pointer|
|RoundKey162_read     |  out|    1|     ap_fifo|    RoundKey162|       pointer|
|RoundKey163_dout     |   in|    8|     ap_fifo|    RoundKey163|       pointer|
|RoundKey163_empty_n  |   in|    1|     ap_fifo|    RoundKey163|       pointer|
|RoundKey163_read     |  out|    1|     ap_fifo|    RoundKey163|       pointer|
|RoundKey164_dout     |   in|    8|     ap_fifo|    RoundKey164|       pointer|
|RoundKey164_empty_n  |   in|    1|     ap_fifo|    RoundKey164|       pointer|
|RoundKey164_read     |  out|    1|     ap_fifo|    RoundKey164|       pointer|
|RoundKey165_dout     |   in|    8|     ap_fifo|    RoundKey165|       pointer|
|RoundKey165_empty_n  |   in|    1|     ap_fifo|    RoundKey165|       pointer|
|RoundKey165_read     |  out|    1|     ap_fifo|    RoundKey165|       pointer|
|RoundKey166_dout     |   in|    8|     ap_fifo|    RoundKey166|       pointer|
|RoundKey166_empty_n  |   in|    1|     ap_fifo|    RoundKey166|       pointer|
|RoundKey166_read     |  out|    1|     ap_fifo|    RoundKey166|       pointer|
|RoundKey167_dout     |   in|    8|     ap_fifo|    RoundKey167|       pointer|
|RoundKey167_empty_n  |   in|    1|     ap_fifo|    RoundKey167|       pointer|
|RoundKey167_read     |  out|    1|     ap_fifo|    RoundKey167|       pointer|
|RoundKey168_dout     |   in|    8|     ap_fifo|    RoundKey168|       pointer|
|RoundKey168_empty_n  |   in|    1|     ap_fifo|    RoundKey168|       pointer|
|RoundKey168_read     |  out|    1|     ap_fifo|    RoundKey168|       pointer|
|RoundKey169_dout     |   in|    8|     ap_fifo|    RoundKey169|       pointer|
|RoundKey169_empty_n  |   in|    1|     ap_fifo|    RoundKey169|       pointer|
|RoundKey169_read     |  out|    1|     ap_fifo|    RoundKey169|       pointer|
|RoundKey170_dout     |   in|    8|     ap_fifo|    RoundKey170|       pointer|
|RoundKey170_empty_n  |   in|    1|     ap_fifo|    RoundKey170|       pointer|
|RoundKey170_read     |  out|    1|     ap_fifo|    RoundKey170|       pointer|
|RoundKey171_dout     |   in|    8|     ap_fifo|    RoundKey171|       pointer|
|RoundKey171_empty_n  |   in|    1|     ap_fifo|    RoundKey171|       pointer|
|RoundKey171_read     |  out|    1|     ap_fifo|    RoundKey171|       pointer|
|RoundKey172_dout     |   in|    8|     ap_fifo|    RoundKey172|       pointer|
|RoundKey172_empty_n  |   in|    1|     ap_fifo|    RoundKey172|       pointer|
|RoundKey172_read     |  out|    1|     ap_fifo|    RoundKey172|       pointer|
|RoundKey173_dout     |   in|    8|     ap_fifo|    RoundKey173|       pointer|
|RoundKey173_empty_n  |   in|    1|     ap_fifo|    RoundKey173|       pointer|
|RoundKey173_read     |  out|    1|     ap_fifo|    RoundKey173|       pointer|
|RoundKey174_dout     |   in|    8|     ap_fifo|    RoundKey174|       pointer|
|RoundKey174_empty_n  |   in|    1|     ap_fifo|    RoundKey174|       pointer|
|RoundKey174_read     |  out|    1|     ap_fifo|    RoundKey174|       pointer|
|RoundKey175_dout     |   in|    8|     ap_fifo|    RoundKey175|       pointer|
|RoundKey175_empty_n  |   in|    1|     ap_fifo|    RoundKey175|       pointer|
|RoundKey175_read     |  out|    1|     ap_fifo|    RoundKey175|       pointer|
+---------------------+-----+-----+------------+---------------+--------------+

============================================================
+ Verbose Summary: Synthesis Manager
============================================================
InlineROM: 1
ExposeGlobal: 0
============================================================
+ Verbose Summary: CDFG Model
============================================================
IsTopModel: 0
ResetActiveHigh: 1
IsCombinational: 2
IsDatapathOnly: 0
HasWiredReturn: 1
HasMFsm: 0
HasVarLatency: 0
IsPipeline: 0
IsRtlPipelined: 0
IsInstanceOverlapped: 0
IsDontTouch: 0
HasImplIP: 0
IsGatedGlobalClock: 0


============================================================
+ Verbose Summary: Schedule
============================================================
* Number of FSM states : 1
* Pipeline : 0
* Dataflow Pipeline: 0

* FSM state transitions: 
1 --> 

* FSM state operations: 

State 1 <SV = 0> <Delay = 4.64>
ST_1 : Operation 2 [1/1] (0.00ns)   --->   "%specinterface_ln0 = specinterface void @_ssdm_op_SpecInterface, i8 %RoundKey160, void @ap_fifo_str, i32 0, i32 0, void @p_str, i32 0, i32 0, void @p_str, void @p_str, void @p_str, i32 2, i32 2, i32 16, i32 16, void @p_str, void @ScalarProp_str"   --->   Operation 2 'specinterface' 'specinterface_ln0' <Predicate = true> <Delay = 0.00>
ST_1 : Operation 3 [1/1] (0.00ns)   --->   "%specinterface_ln0 = specinterface void @_ssdm_op_SpecInterface, i8 %RoundKey161, void @ap_fifo_str, i32 0, i32 0, void @p_str, i32 0, i32 0, void @p_str, void @p_str, void @p_str, i32 2, i32 2, i32 16, i32 16, void @p_str, void @ScalarProp_str"   --->   Operation 3 'specinterface' 'specinterface_ln0' <Predicate = true> <Delay = 0.00>
ST_1 : Operation 4 [1/1] (0.00ns)   --->   "%specinterface_ln0 = specinterface void @_ssdm_op_SpecInterface, i8 %RoundKey162, void @ap_fifo_str, i32 0, i32 0, void @p_str, i32 0, i32 0, void @p_str, void @p_str, void @p_str, i32 2, i32 2, i32 16, i32 16, void @p_str, void @ScalarProp_str"   --->   Operation 4 'specinterface' 'specinterface_ln0' <Predicate = true> <Delay = 0.00>
ST_1 : Operation 5 [1/1] (0.00ns)   --->   "%specinterface_ln0 = specinterface void @_ssdm_op_SpecInterface, i8 %RoundKey163, void @ap_fifo_str, i32 0, i32 0, void @p_str, i32 0, i32 0, void @p_str, void @p_str, void @p_str, i32 2, i32 2, i32 16, i32 16, void @p_str, void @ScalarProp_str"   --->   Operation 5 'specinterface' 'specinterface_ln0' <Predicate = true> <Delay = 0.00>
ST_1 : Operation 6 [1/1] (0.00ns)   --->   "%specinterface_ln0 = specinterface void @_ssdm_op_SpecInterface, i8 %RoundKey164, void @ap_fifo_str, i32 0, i32 0, void @p_str, i32 0, i32 0, void @p_str, void @p_str, void @p_str, i32 2, i32 2, i32 16, i32 16, void @p_str, void @ScalarProp_str"   --->   Operation 6 'specinterface' 'specinterface_ln0' <Predicate = true> <Delay = 0.00>
ST_1 : Operation 7 [1/1] (0.00ns)   --->   "%specinterface_ln0 = specinterface void @_ssdm_op_SpecInterface, i8 %RoundKey165, void @ap_fifo_str, i32 0, i32 0, void @p_str, i32 0, i32 0, void @p_str, void @p_str, void @p_str, i32 2, i32 2, i32 16, i32 16, void @p_str, void @ScalarProp_str"   --->   Operation 7 'specinterface' 'specinterface_ln0' <Predicate = true> <Delay = 0.00>
ST_1 : Operation 8 [1/1] (0.00ns)   --->   "%specinterface_ln0 = specinterface void @_ssdm_op_SpecInterface, i8 %RoundKey166, void @ap_fifo_str, i32 0, i32 0, void @p_str, i32 0, i32 0, void @p_str, void @p_str, void @p_str, i32 2, i32 2, i32 16, i32 16, void @p_str, void @ScalarProp_str"   --->   Operation 8 'specinterface' 'specinterface_ln0' <Predicate = true> <Delay = 0.00>
ST_1 : Operation 9 [1/1] (0.00ns)   --->   "%specinterface_ln0 = specinterface void @_ssdm_op_SpecInterface, i8 %RoundKey167, void @ap_fifo_str, i32 0, i32 0, void @p_str, i32 0, i32 0, void @p_str, void @p_str, void @p_str, i32 2, i32 2, i32 16, i32 16, void @p_str, void @ScalarProp_str"   --->   Operation 9 'specinterface' 'specinterface_ln0' <Predicate = true> <Delay = 0.00>
ST_1 : Operation 10 [1/1] (0.00ns)   --->   "%specinterface_ln0 = specinterface void @_ssdm_op_SpecInterface, i8 %RoundKey168, void @ap_fifo_str, i32 0, i32 0, void @p_str, i32 0, i32 0, void @p_str, void @p_str, void @p_str, i32 2, i32 2, i32 16, i32 16, void @p_str, void @ScalarProp_str"   --->   Operation 10 'specinterface' 'specinterface_ln0' <Predicate = true> <Delay = 0.00>
ST_1 : Operation 11 [1/1] (0.00ns)   --->   "%specinterface_ln0 = specinterface void @_ssdm_op_SpecInterface, i8 %RoundKey169, void @ap_fifo_str, i32 0, i32 0, void @p_str, i32 0, i32 0, void @p_str, void @p_str, void @p_str, i32 2, i32 2, i32 16, i32 16, void @p_str, void @ScalarProp_str"   --->   Operation 11 'specinterface' 'specinterface_ln0' <Predicate = true> <Delay = 0.00>
ST_1 : Operation 12 [1/1] (0.00ns)   --->   "%specinterface_ln0 = specinterface void @_ssdm_op_SpecInterface, i8 %RoundKey170, void @ap_fifo_str, i32 0, i32 0, void @p_str, i32 0, i32 0, void @p_str, void @p_str, void @p_str, i32 2, i32 2, i32 16, i32 16, void @p_str, void @ScalarProp_str"   --->   Operation 12 'specinterface' 'specinterface_ln0' <Predicate = true> <Delay = 0.00>
ST_1 : Operation 13 [1/1] (0.00ns)   --->   "%specinterface_ln0 = specinterface void @_ssdm_op_SpecInterface, i8 %RoundKey171, void @ap_fifo_str, i32 0, i32 0, void @p_str, i32 0, i32 0, void @p_str, void @p_str, void @p_str, i32 2, i32 2, i32 16, i32 16, void @p_str, void @ScalarProp_str"   --->   Operation 13 'specinterface' 'specinterface_ln0' <Predicate = true> <Delay = 0.00>
ST_1 : Operation 14 [1/1] (0.00ns)   --->   "%specinterface_ln0 = specinterface void @_ssdm_op_SpecInterface, i8 %RoundKey172, void @ap_fifo_str, i32 0, i32 0, void @p_str, i32 0, i32 0, void @p_str, void @p_str, void @p_str, i32 2, i32 2, i32 16, i32 16, void @p_str, void @ScalarProp_str"   --->   Operation 14 'specinterface' 'specinterface_ln0' <Predicate = true> <Delay = 0.00>
ST_1 : Operation 15 [1/1] (0.00ns)   --->   "%specinterface_ln0 = specinterface void @_ssdm_op_SpecInterface, i8 %RoundKey173, void @ap_fifo_str, i32 0, i32 0, void @p_str, i32 0, i32 0, void @p_str, void @p_str, void @p_str, i32 2, i32 2, i32 16, i32 16, void @p_str, void @ScalarProp_str"   --->   Operation 15 'specinterface' 'specinterface_ln0' <Predicate = true> <Delay = 0.00>
ST_1 : Operation 16 [1/1] (0.00ns)   --->   "%specinterface_ln0 = specinterface void @_ssdm_op_SpecInterface, i8 %RoundKey174, void @ap_fifo_str, i32 0, i32 0, void @p_str, i32 0, i32 0, void @p_str, void @p_str, void @p_str, i32 2, i32 2, i32 16, i32 16, void @p_str, void @ScalarProp_str"   --->   Operation 16 'specinterface' 'specinterface_ln0' <Predicate = true> <Delay = 0.00>
ST_1 : Operation 17 [1/1] (0.00ns)   --->   "%specinterface_ln0 = specinterface void @_ssdm_op_SpecInterface, i8 %RoundKey175, void @ap_fifo_str, i32 0, i32 0, void @p_str, i32 0, i32 0, void @p_str, void @p_str, void @p_str, i32 2, i32 2, i32 16, i32 16, void @p_str, void @ScalarProp_str"   --->   Operation 17 'specinterface' 'specinterface_ln0' <Predicate = true> <Delay = 0.00>
ST_1 : Operation 18 [1/1] (0.00ns)   --->   "%in_0_read = read i8 @_ssdm_op_Read.ap_auto.i8P0A, i8 %in_0" [../src/AES_common.cpp:62->../src/AES_encrypt.cpp:73]   --->   Operation 18 'read' 'in_0_read' <Predicate = true> <Delay = 0.00>
ST_1 : Operation 19 [1/1] (3.65ns)   --->   "%RoundKey160_read = read i8 @_ssdm_op_Read.ap_fifo.i8P0A, i8 %RoundKey160" [../src/AES_common.cpp:62->../src/AES_encrypt.cpp:73]   --->   Operation 19 'read' 'RoundKey160_read' <Predicate = true> <Delay = 3.65> <CoreInst = "FIFO_SRL">   --->   Core 81 'FIFO_SRL' <Latency = 0> <II = 1> <Delay = 3.72> <Storage> <Opcode : 'read' 'write' 'nbread' 'nbwrite'> <Ports = 0> <Width = 8> <Depth = 41> <FIFO>
ST_1 : Operation 20 [1/1] (0.99ns)   --->   "%xor_ln62 = xor i8 %RoundKey160_read, i8 %in_0_read" [../src/AES_common.cpp:62->../src/AES_encrypt.cpp:73]   --->   Operation 20 'xor' 'xor_ln62' <Predicate = true> <Delay = 0.99> <CoreInst = "LogicGate">   --->   Core 74 'LogicGate' <Latency = 0> <II = 1> <Delay = 0.99> <FuncUnit> <Opcode : 'and' 'or' 'xor'> <InPorts = 2> <OutPorts = 1>
ST_1 : Operation 21 [1/1] (0.00ns)   --->   "%in_1_read = read i8 @_ssdm_op_Read.ap_auto.i8P0A, i8 %in_1" [../src/AES_common.cpp:62->../src/AES_encrypt.cpp:73]   --->   Operation 21 'read' 'in_1_read' <Predicate = true> <Delay = 0.00>
ST_1 : Operation 22 [1/1] (3.65ns)   --->   "%RoundKey161_read = read i8 @_ssdm_op_Read.ap_fifo.i8P0A, i8 %RoundKey161" [../src/AES_common.cpp:62->../src/AES_encrypt.cpp:73]   --->   Operation 22 'read' 'RoundKey161_read' <Predicate = true> <Delay = 3.65> <CoreInst = "FIFO_SRL">   --->   Core 81 'FIFO_SRL' <Latency = 0> <II = 1> <Delay = 3.72> <Storage> <Opcode : 'read' 'write' 'nbread' 'nbwrite'> <Ports = 0> <Width = 8> <Depth = 41> <FIFO>
ST_1 : Operation 23 [1/1] (0.99ns)   --->   "%xor_ln62_1 = xor i8 %RoundKey161_read, i8 %in_1_read" [../src/AES_common.cpp:62->../src/AES_encrypt.cpp:73]   --->   Operation 23 'xor' 'xor_ln62_1' <Predicate = true> <Delay = 0.99> <CoreInst = "LogicGate">   --->   Core 74 'LogicGate' <Latency = 0> <II = 1> <Delay = 0.99> <FuncUnit> <Opcode : 'and' 'or' 'xor'> <InPorts = 2> <OutPorts = 1>
ST_1 : Operation 24 [1/1] (0.00ns)   --->   "%in_2_read = read i8 @_ssdm_op_Read.ap_auto.i8P0A, i8 %in_2" [../src/AES_common.cpp:62->../src/AES_encrypt.cpp:73]   --->   Operation 24 'read' 'in_2_read' <Predicate = true> <Delay = 0.00>
ST_1 : Operation 25 [1/1] (3.65ns)   --->   "%RoundKey162_read = read i8 @_ssdm_op_Read.ap_fifo.i8P0A, i8 %RoundKey162" [../src/AES_common.cpp:62->../src/AES_encrypt.cpp:73]   --->   Operation 25 'read' 'RoundKey162_read' <Predicate = true> <Delay = 3.65> <CoreInst = "FIFO_SRL">   --->   Core 81 'FIFO_SRL' <Latency = 0> <II = 1> <Delay = 3.72> <Storage> <Opcode : 'read' 'write' 'nbread' 'nbwrite'> <Ports = 0> <Width = 8> <Depth = 41> <FIFO>
ST_1 : Operation 26 [1/1] (0.99ns)   --->   "%xor_ln62_2 = xor i8 %RoundKey162_read, i8 %in_2_read" [../src/AES_common.cpp:62->../src/AES_encrypt.cpp:73]   --->   Operation 26 'xor' 'xor_ln62_2' <Predicate = true> <Delay = 0.99> <CoreInst = "LogicGate">   --->   Core 74 'LogicGate' <Latency = 0> <II = 1> <Delay = 0.99> <FuncUnit> <Opcode : 'and' 'or' 'xor'> <InPorts = 2> <OutPorts = 1>
ST_1 : Operation 27 [1/1] (0.00ns)   --->   "%in_3_read = read i8 @_ssdm_op_Read.ap_auto.i8P0A, i8 %in_3" [../src/AES_common.cpp:62->../src/AES_encrypt.cpp:73]   --->   Operation 27 'read' 'in_3_read' <Predicate = true> <Delay = 0.00>
ST_1 : Operation 28 [1/1] (3.65ns)   --->   "%RoundKey163_read = read i8 @_ssdm_op_Read.ap_fifo.i8P0A, i8 %RoundKey163" [../src/AES_common.cpp:62->../src/AES_encrypt.cpp:73]   --->   Operation 28 'read' 'RoundKey163_read' <Predicate = true> <Delay = 3.65> <CoreInst = "FIFO_SRL">   --->   Core 81 'FIFO_SRL' <Latency = 0> <II = 1> <Delay = 3.72> <Storage> <Opcode : 'read' 'write' 'nbread' 'nbwrite'> <Ports = 0> <Width = 8> <Depth = 41> <FIFO>
ST_1 : Operation 29 [1/1] (0.99ns)   --->   "%xor_ln62_3 = xor i8 %RoundKey163_read, i8 %in_3_read" [../src/AES_common.cpp:62->../src/AES_encrypt.cpp:73]   --->   Operation 29 'xor' 'xor_ln62_3' <Predicate = true> <Delay = 0.99> <CoreInst = "LogicGate">   --->   Core 74 'LogicGate' <Latency = 0> <II = 1> <Delay = 0.99> <FuncUnit> <Opcode : 'and' 'or' 'xor'> <InPorts = 2> <OutPorts = 1>
ST_1 : Operation 30 [1/1] (0.00ns)   --->   "%in_4_read = read i8 @_ssdm_op_Read.ap_auto.i8P0A, i8 %in_4" [../src/AES_common.cpp:62->../src/AES_encrypt.cpp:73]   --->   Operation 30 'read' 'in_4_read' <Predicate = true> <Delay = 0.00>
ST_1 : Operation 31 [1/1] (3.65ns)   --->   "%RoundKey164_read = read i8 @_ssdm_op_Read.ap_fifo.i8P0A, i8 %RoundKey164" [../src/AES_common.cpp:62->../src/AES_encrypt.cpp:73]   --->   Operation 31 'read' 'RoundKey164_read' <Predicate = true> <Delay = 3.65> <CoreInst = "FIFO_SRL">   --->   Core 81 'FIFO_SRL' <Latency = 0> <II = 1> <Delay = 3.72> <Storage> <Opcode : 'read' 'write' 'nbread' 'nbwrite'> <Ports = 0> <Width = 8> <Depth = 41> <FIFO>
ST_1 : Operation 32 [1/1] (0.99ns)   --->   "%xor_ln62_4 = xor i8 %RoundKey164_read, i8 %in_4_read" [../src/AES_common.cpp:62->../src/AES_encrypt.cpp:73]   --->   Operation 32 'xor' 'xor_ln62_4' <Predicate = true> <Delay = 0.99> <CoreInst = "LogicGate">   --->   Core 74 'LogicGate' <Latency = 0> <II = 1> <Delay = 0.99> <FuncUnit> <Opcode : 'and' 'or' 'xor'> <InPorts = 2> <OutPorts = 1>
ST_1 : Operation 33 [1/1] (0.00ns)   --->   "%in_5_read = read i8 @_ssdm_op_Read.ap_auto.i8P0A, i8 %in_5" [../src/AES_common.cpp:62->../src/AES_encrypt.cpp:73]   --->   Operation 33 'read' 'in_5_read' <Predicate = true> <Delay = 0.00>
ST_1 : Operation 34 [1/1] (3.65ns)   --->   "%RoundKey165_read = read i8 @_ssdm_op_Read.ap_fifo.i8P0A, i8 %RoundKey165" [../src/AES_common.cpp:62->../src/AES_encrypt.cpp:73]   --->   Operation 34 'read' 'RoundKey165_read' <Predicate = true> <Delay = 3.65> <CoreInst = "FIFO_SRL">   --->   Core 81 'FIFO_SRL' <Latency = 0> <II = 1> <Delay = 3.72> <Storage> <Opcode : 'read' 'write' 'nbread' 'nbwrite'> <Ports = 0> <Width = 8> <Depth = 41> <FIFO>
ST_1 : Operation 35 [1/1] (0.99ns)   --->   "%xor_ln62_5 = xor i8 %RoundKey165_read, i8 %in_5_read" [../src/AES_common.cpp:62->../src/AES_encrypt.cpp:73]   --->   Operation 35 'xor' 'xor_ln62_5' <Predicate = true> <Delay = 0.99> <CoreInst = "LogicGate">   --->   Core 74 'LogicGate' <Latency = 0> <II = 1> <Delay = 0.99> <FuncUnit> <Opcode : 'and' 'or' 'xor'> <InPorts = 2> <OutPorts = 1>
ST_1 : Operation 36 [1/1] (0.00ns)   --->   "%in_6_read = read i8 @_ssdm_op_Read.ap_auto.i8P0A, i8 %in_6" [../src/AES_common.cpp:62->../src/AES_encrypt.cpp:73]   --->   Operation 36 'read' 'in_6_read' <Predicate = true> <Delay = 0.00>
ST_1 : Operation 37 [1/1] (3.65ns)   --->   "%RoundKey166_read = read i8 @_ssdm_op_Read.ap_fifo.i8P0A, i8 %RoundKey166" [../src/AES_common.cpp:62->../src/AES_encrypt.cpp:73]   --->   Operation 37 'read' 'RoundKey166_read' <Predicate = true> <Delay = 3.65> <CoreInst = "FIFO_SRL">   --->   Core 81 'FIFO_SRL' <Latency = 0> <II = 1> <Delay = 3.72> <Storage> <Opcode : 'read' 'write' 'nbread' 'nbwrite'> <Ports = 0> <Width = 8> <Depth = 41> <FIFO>
ST_1 : Operation 38 [1/1] (0.99ns)   --->   "%xor_ln62_6 = xor i8 %RoundKey166_read, i8 %in_6_read" [../src/AES_common.cpp:62->../src/AES_encrypt.cpp:73]   --->   Operation 38 'xor' 'xor_ln62_6' <Predicate = true> <Delay = 0.99> <CoreInst = "LogicGate">   --->   Core 74 'LogicGate' <Latency = 0> <II = 1> <Delay = 0.99> <FuncUnit> <Opcode : 'and' 'or' 'xor'> <InPorts = 2> <OutPorts = 1>
ST_1 : Operation 39 [1/1] (0.00ns)   --->   "%in_7_read = read i8 @_ssdm_op_Read.ap_auto.i8P0A, i8 %in_7" [../src/AES_common.cpp:62->../src/AES_encrypt.cpp:73]   --->   Operation 39 'read' 'in_7_read' <Predicate = true> <Delay = 0.00>
ST_1 : Operation 40 [1/1] (3.65ns)   --->   "%RoundKey167_read = read i8 @_ssdm_op_Read.ap_fifo.i8P0A, i8 %RoundKey167" [../src/AES_common.cpp:62->../src/AES_encrypt.cpp:73]   --->   Operation 40 'read' 'RoundKey167_read' <Predicate = true> <Delay = 3.65> <CoreInst = "FIFO_SRL">   --->   Core 81 'FIFO_SRL' <Latency = 0> <II = 1> <Delay = 3.72> <Storage> <Opcode : 'read' 'write' 'nbread' 'nbwrite'> <Ports = 0> <Width = 8> <Depth = 41> <FIFO>
ST_1 : Operation 41 [1/1] (0.99ns)   --->   "%xor_ln62_7 = xor i8 %RoundKey167_read, i8 %in_7_read" [../src/AES_common.cpp:62->../src/AES_encrypt.cpp:73]   --->   Operation 41 'xor' 'xor_ln62_7' <Predicate = true> <Delay = 0.99> <CoreInst = "LogicGate">   --->   Core 74 'LogicGate' <Latency = 0> <II = 1> <Delay = 0.99> <FuncUnit> <Opcode : 'and' 'or' 'xor'> <InPorts = 2> <OutPorts = 1>
ST_1 : Operation 42 [1/1] (0.00ns)   --->   "%in_8_read = read i8 @_ssdm_op_Read.ap_auto.i8P0A, i8 %in_8" [../src/AES_common.cpp:62->../src/AES_encrypt.cpp:73]   --->   Operation 42 'read' 'in_8_read' <Predicate = true> <Delay = 0.00>
ST_1 : Operation 43 [1/1] (3.65ns)   --->   "%RoundKey168_read = read i8 @_ssdm_op_Read.ap_fifo.i8P0A, i8 %RoundKey168" [../src/AES_common.cpp:62->../src/AES_encrypt.cpp:73]   --->   Operation 43 'read' 'RoundKey168_read' <Predicate = true> <Delay = 3.65> <CoreInst = "FIFO_SRL">   --->   Core 81 'FIFO_SRL' <Latency = 0> <II = 1> <Delay = 3.72> <Storage> <Opcode : 'read' 'write' 'nbread' 'nbwrite'> <Ports = 0> <Width = 8> <Depth = 41> <FIFO>
ST_1 : Operation 44 [1/1] (0.99ns)   --->   "%xor_ln62_8 = xor i8 %RoundKey168_read, i8 %in_8_read" [../src/AES_common.cpp:62->../src/AES_encrypt.cpp:73]   --->   Operation 44 'xor' 'xor_ln62_8' <Predicate = true> <Delay = 0.99> <CoreInst = "LogicGate">   --->   Core 74 'LogicGate' <Latency = 0> <II = 1> <Delay = 0.99> <FuncUnit> <Opcode : 'and' 'or' 'xor'> <InPorts = 2> <OutPorts = 1>
ST_1 : Operation 45 [1/1] (0.00ns)   --->   "%in_9_read = read i8 @_ssdm_op_Read.ap_auto.i8P0A, i8 %in_9" [../src/AES_common.cpp:62->../src/AES_encrypt.cpp:73]   --->   Operation 45 'read' 'in_9_read' <Predicate = true> <Delay = 0.00>
ST_1 : Operation 46 [1/1] (3.65ns)   --->   "%RoundKey169_read = read i8 @_ssdm_op_Read.ap_fifo.i8P0A, i8 %RoundKey169" [../src/AES_common.cpp:62->../src/AES_encrypt.cpp:73]   --->   Operation 46 'read' 'RoundKey169_read' <Predicate = true> <Delay = 3.65> <CoreInst = "FIFO_SRL">   --->   Core 81 'FIFO_SRL' <Latency = 0> <II = 1> <Delay = 3.72> <Storage> <Opcode : 'read' 'write' 'nbread' 'nbwrite'> <Ports = 0> <Width = 8> <Depth = 41> <FIFO>
ST_1 : Operation 47 [1/1] (0.99ns)   --->   "%xor_ln62_9 = xor i8 %RoundKey169_read, i8 %in_9_read" [../src/AES_common.cpp:62->../src/AES_encrypt.cpp:73]   --->   Operation 47 'xor' 'xor_ln62_9' <Predicate = true> <Delay = 0.99> <CoreInst = "LogicGate">   --->   Core 74 'LogicGate' <Latency = 0> <II = 1> <Delay = 0.99> <FuncUnit> <Opcode : 'and' 'or' 'xor'> <InPorts = 2> <OutPorts = 1>
ST_1 : Operation 48 [1/1] (0.00ns)   --->   "%in_10_read = read i8 @_ssdm_op_Read.ap_auto.i8P0A, i8 %in_10" [../src/AES_common.cpp:62->../src/AES_encrypt.cpp:73]   --->   Operation 48 'read' 'in_10_read' <Predicate = true> <Delay = 0.00>
ST_1 : Operation 49 [1/1] (3.65ns)   --->   "%RoundKey170_read = read i8 @_ssdm_op_Read.ap_fifo.i8P0A, i8 %RoundKey170" [../src/AES_common.cpp:62->../src/AES_encrypt.cpp:73]   --->   Operation 49 'read' 'RoundKey170_read' <Predicate = true> <Delay = 3.65> <CoreInst = "FIFO_SRL">   --->   Core 81 'FIFO_SRL' <Latency = 0> <II = 1> <Delay = 3.72> <Storage> <Opcode : 'read' 'write' 'nbread' 'nbwrite'> <Ports = 0> <Width = 8> <Depth = 41> <FIFO>
ST_1 : Operation 50 [1/1] (0.99ns)   --->   "%xor_ln62_10 = xor i8 %RoundKey170_read, i8 %in_10_read" [../src/AES_common.cpp:62->../src/AES_encrypt.cpp:73]   --->   Operation 50 'xor' 'xor_ln62_10' <Predicate = true> <Delay = 0.99> <CoreInst = "LogicGate">   --->   Core 74 'LogicGate' <Latency = 0> <II = 1> <Delay = 0.99> <FuncUnit> <Opcode : 'and' 'or' 'xor'> <InPorts = 2> <OutPorts = 1>
ST_1 : Operation 51 [1/1] (0.00ns)   --->   "%in_11_read = read i8 @_ssdm_op_Read.ap_auto.i8P0A, i8 %in_11" [../src/AES_common.cpp:62->../src/AES_encrypt.cpp:73]   --->   Operation 51 'read' 'in_11_read' <Predicate = true> <Delay = 0.00>
ST_1 : Operation 52 [1/1] (3.65ns)   --->   "%RoundKey171_read = read i8 @_ssdm_op_Read.ap_fifo.i8P0A, i8 %RoundKey171" [../src/AES_common.cpp:62->../src/AES_encrypt.cpp:73]   --->   Operation 52 'read' 'RoundKey171_read' <Predicate = true> <Delay = 3.65> <CoreInst = "FIFO_SRL">   --->   Core 81 'FIFO_SRL' <Latency = 0> <II = 1> <Delay = 3.72> <Storage> <Opcode : 'read' 'write' 'nbread' 'nbwrite'> <Ports = 0> <Width = 8> <Depth = 41> <FIFO>
ST_1 : Operation 53 [1/1] (0.99ns)   --->   "%xor_ln62_11 = xor i8 %RoundKey171_read, i8 %in_11_read" [../src/AES_common.cpp:62->../src/AES_encrypt.cpp:73]   --->   Operation 53 'xor' 'xor_ln62_11' <Predicate = true> <Delay = 0.99> <CoreInst = "LogicGate">   --->   Core 74 'LogicGate' <Latency = 0> <II = 1> <Delay = 0.99> <FuncUnit> <Opcode : 'and' 'or' 'xor'> <InPorts = 2> <OutPorts = 1>
ST_1 : Operation 54 [1/1] (0.00ns)   --->   "%in_12_read = read i8 @_ssdm_op_Read.ap_auto.i8P0A, i8 %in_12" [../src/AES_common.cpp:62->../src/AES_encrypt.cpp:73]   --->   Operation 54 'read' 'in_12_read' <Predicate = true> <Delay = 0.00>
ST_1 : Operation 55 [1/1] (3.65ns)   --->   "%RoundKey172_read = read i8 @_ssdm_op_Read.ap_fifo.i8P0A, i8 %RoundKey172" [../src/AES_common.cpp:62->../src/AES_encrypt.cpp:73]   --->   Operation 55 'read' 'RoundKey172_read' <Predicate = true> <Delay = 3.65> <CoreInst = "FIFO_SRL">   --->   Core 81 'FIFO_SRL' <Latency = 0> <II = 1> <Delay = 3.72> <Storage> <Opcode : 'read' 'write' 'nbread' 'nbwrite'> <Ports = 0> <Width = 8> <Depth = 41> <FIFO>
ST_1 : Operation 56 [1/1] (0.99ns)   --->   "%xor_ln62_12 = xor i8 %RoundKey172_read, i8 %in_12_read" [../src/AES_common.cpp:62->../src/AES_encrypt.cpp:73]   --->   Operation 56 'xor' 'xor_ln62_12' <Predicate = true> <Delay = 0.99> <CoreInst = "LogicGate">   --->   Core 74 'LogicGate' <Latency = 0> <II = 1> <Delay = 0.99> <FuncUnit> <Opcode : 'and' 'or' 'xor'> <InPorts = 2> <OutPorts = 1>
ST_1 : Operation 57 [1/1] (0.00ns)   --->   "%in_13_read = read i8 @_ssdm_op_Read.ap_auto.i8P0A, i8 %in_13" [../src/AES_common.cpp:62->../src/AES_encrypt.cpp:73]   --->   Operation 57 'read' 'in_13_read' <Predicate = true> <Delay = 0.00>
ST_1 : Operation 58 [1/1] (3.65ns)   --->   "%RoundKey173_read = read i8 @_ssdm_op_Read.ap_fifo.i8P0A, i8 %RoundKey173" [../src/AES_common.cpp:62->../src/AES_encrypt.cpp:73]   --->   Operation 58 'read' 'RoundKey173_read' <Predicate = true> <Delay = 3.65> <CoreInst = "FIFO_SRL">   --->   Core 81 'FIFO_SRL' <Latency = 0> <II = 1> <Delay = 3.72> <Storage> <Opcode : 'read' 'write' 'nbread' 'nbwrite'> <Ports = 0> <Width = 8> <Depth = 41> <FIFO>
ST_1 : Operation 59 [1/1] (0.99ns)   --->   "%xor_ln62_13 = xor i8 %RoundKey173_read, i8 %in_13_read" [../src/AES_common.cpp:62->../src/AES_encrypt.cpp:73]   --->   Operation 59 'xor' 'xor_ln62_13' <Predicate = true> <Delay = 0.99> <CoreInst = "LogicGate">   --->   Core 74 'LogicGate' <Latency = 0> <II = 1> <Delay = 0.99> <FuncUnit> <Opcode : 'and' 'or' 'xor'> <InPorts = 2> <OutPorts = 1>
ST_1 : Operation 60 [1/1] (0.00ns)   --->   "%in_14_read = read i8 @_ssdm_op_Read.ap_auto.i8P0A, i8 %in_14" [../src/AES_common.cpp:62->../src/AES_encrypt.cpp:73]   --->   Operation 60 'read' 'in_14_read' <Predicate = true> <Delay = 0.00>
ST_1 : Operation 61 [1/1] (3.65ns)   --->   "%RoundKey174_read = read i8 @_ssdm_op_Read.ap_fifo.i8P0A, i8 %RoundKey174" [../src/AES_common.cpp:62->../src/AES_encrypt.cpp:73]   --->   Operation 61 'read' 'RoundKey174_read' <Predicate = true> <Delay = 3.65> <CoreInst = "FIFO_SRL">   --->   Core 81 'FIFO_SRL' <Latency = 0> <II = 1> <Delay = 3.72> <Storage> <Opcode : 'read' 'write' 'nbread' 'nbwrite'> <Ports = 0> <Width = 8> <Depth = 41> <FIFO>
ST_1 : Operation 62 [1/1] (0.99ns)   --->   "%xor_ln62_14 = xor i8 %RoundKey174_read, i8 %in_14_read" [../src/AES_common.cpp:62->../src/AES_encrypt.cpp:73]   --->   Operation 62 'xor' 'xor_ln62_14' <Predicate = true> <Delay = 0.99> <CoreInst = "LogicGate">   --->   Core 74 'LogicGate' <Latency = 0> <II = 1> <Delay = 0.99> <FuncUnit> <Opcode : 'and' 'or' 'xor'> <InPorts = 2> <OutPorts = 1>
ST_1 : Operation 63 [1/1] (0.00ns)   --->   "%in_15_read = read i8 @_ssdm_op_Read.ap_auto.i8P0A, i8 %in_15" [../src/AES_common.cpp:62->../src/AES_encrypt.cpp:73]   --->   Operation 63 'read' 'in_15_read' <Predicate = true> <Delay = 0.00>
ST_1 : Operation 64 [1/1] (3.65ns)   --->   "%RoundKey175_read = read i8 @_ssdm_op_Read.ap_fifo.i8P0A, i8 %RoundKey175" [../src/AES_common.cpp:62->../src/AES_encrypt.cpp:73]   --->   Operation 64 'read' 'RoundKey175_read' <Predicate = true> <Delay = 3.65> <CoreInst = "FIFO_SRL">   --->   Core 81 'FIFO_SRL' <Latency = 0> <II = 1> <Delay = 3.72> <Storage> <Opcode : 'read' 'write' 'nbread' 'nbwrite'> <Ports = 0> <Width = 8> <Depth = 41> <FIFO>
ST_1 : Operation 65 [1/1] (0.99ns)   --->   "%xor_ln62_15 = xor i8 %RoundKey175_read, i8 %in_15_read" [../src/AES_common.cpp:62->../src/AES_encrypt.cpp:73]   --->   Operation 65 'xor' 'xor_ln62_15' <Predicate = true> <Delay = 0.99> <CoreInst = "LogicGate">   --->   Core 74 'LogicGate' <Latency = 0> <II = 1> <Delay = 0.99> <FuncUnit> <Opcode : 'and' 'or' 'xor'> <InPorts = 2> <OutPorts = 1>
ST_1 : Operation 66 [1/1] (0.00ns)   --->   "%mrv = insertvalue i128 <undef>, i8 %xor_ln62" [../src/AES_encrypt.cpp:73]   --->   Operation 66 'insertvalue' 'mrv' <Predicate = true> <Delay = 0.00>
ST_1 : Operation 67 [1/1] (0.00ns)   --->   "%mrv_1 = insertvalue i128 %mrv, i8 %xor_ln62_1" [../src/AES_encrypt.cpp:73]   --->   Operation 67 'insertvalue' 'mrv_1' <Predicate = true> <Delay = 0.00>
ST_1 : Operation 68 [1/1] (0.00ns)   --->   "%mrv_2 = insertvalue i128 %mrv_1, i8 %xor_ln62_2" [../src/AES_encrypt.cpp:73]   --->   Operation 68 'insertvalue' 'mrv_2' <Predicate = true> <Delay = 0.00>
ST_1 : Operation 69 [1/1] (0.00ns)   --->   "%mrv_3 = insertvalue i128 %mrv_2, i8 %xor_ln62_3" [../src/AES_encrypt.cpp:73]   --->   Operation 69 'insertvalue' 'mrv_3' <Predicate = true> <Delay = 0.00>
ST_1 : Operation 70 [1/1] (0.00ns)   --->   "%mrv_4 = insertvalue i128 %mrv_3, i8 %xor_ln62_4" [../src/AES_encrypt.cpp:73]   --->   Operation 70 'insertvalue' 'mrv_4' <Predicate = true> <Delay = 0.00>
ST_1 : Operation 71 [1/1] (0.00ns)   --->   "%mrv_5 = insertvalue i128 %mrv_4, i8 %xor_ln62_5" [../src/AES_encrypt.cpp:73]   --->   Operation 71 'insertvalue' 'mrv_5' <Predicate = true> <Delay = 0.00>
ST_1 : Operation 72 [1/1] (0.00ns)   --->   "%mrv_6 = insertvalue i128 %mrv_5, i8 %xor_ln62_6" [../src/AES_encrypt.cpp:73]   --->   Operation 72 'insertvalue' 'mrv_6' <Predicate = true> <Delay = 0.00>
ST_1 : Operation 73 [1/1] (0.00ns)   --->   "%mrv_7 = insertvalue i128 %mrv_6, i8 %xor_ln62_7" [../src/AES_encrypt.cpp:73]   --->   Operation 73 'insertvalue' 'mrv_7' <Predicate = true> <Delay = 0.00>
ST_1 : Operation 74 [1/1] (0.00ns)   --->   "%mrv_8 = insertvalue i128 %mrv_7, i8 %xor_ln62_8" [../src/AES_encrypt.cpp:73]   --->   Operation 74 'insertvalue' 'mrv_8' <Predicate = true> <Delay = 0.00>
ST_1 : Operation 75 [1/1] (0.00ns)   --->   "%mrv_9 = insertvalue i128 %mrv_8, i8 %xor_ln62_9" [../src/AES_encrypt.cpp:73]   --->   Operation 75 'insertvalue' 'mrv_9' <Predicate = true> <Delay = 0.00>
ST_1 : Operation 76 [1/1] (0.00ns)   --->   "%mrv_10 = insertvalue i128 %mrv_9, i8 %xor_ln62_10" [../src/AES_encrypt.cpp:73]   --->   Operation 76 'insertvalue' 'mrv_10' <Predicate = true> <Delay = 0.00>
ST_1 : Operation 77 [1/1] (0.00ns)   --->   "%mrv_11 = insertvalue i128 %mrv_10, i8 %xor_ln62_11" [../src/AES_encrypt.cpp:73]   --->   Operation 77 'insertvalue' 'mrv_11' <Predicate = true> <Delay = 0.00>
ST_1 : Operation 78 [1/1] (0.00ns)   --->   "%mrv_12 = insertvalue i128 %mrv_11, i8 %xor_ln62_12" [../src/AES_encrypt.cpp:73]   --->   Operation 78 'insertvalue' 'mrv_12' <Predicate = true> <Delay = 0.00>
ST_1 : Operation 79 [1/1] (0.00ns)   --->   "%mrv_13 = insertvalue i128 %mrv_12, i8 %xor_ln62_13" [../src/AES_encrypt.cpp:73]   --->   Operation 79 'insertvalue' 'mrv_13' <Predicate = true> <Delay = 0.00>
ST_1 : Operation 80 [1/1] (0.00ns)   --->   "%mrv_14 = insertvalue i128 %mrv_13, i8 %xor_ln62_14" [../src/AES_encrypt.cpp:73]   --->   Operation 80 'insertvalue' 'mrv_14' <Predicate = true> <Delay = 0.00>
ST_1 : Operation 81 [1/1] (0.00ns)   --->   "%mrv_s = insertvalue i128 %mrv_14, i8 %xor_ln62_15" [../src/AES_encrypt.cpp:73]   --->   Operation 81 'insertvalue' 'mrv_s' <Predicate = true> <Delay = 0.00>
ST_1 : Operation 82 [1/1] (0.00ns)   --->   "%ret_ln73 = ret i128 %mrv_s" [../src/AES_encrypt.cpp:73]   --->   Operation 82 'ret' 'ret_ln73' <Predicate = true> <Delay = 0.00>


============================================================
+ Verbose Summary: Binding
============================================================
STG Binding: 
---------------- STG Properties BEGIN ----------------
- Is combinational: 0
- Is one-state seq: 1
- Is datapath-only: 0
- Is pipelined: 0
- Is top level: 0
Port [ Return ] is wired: 1; IO mode=ap_ctrl_hs:ce=0
Port [ in_0]:  wired=1; compound=0; hidden=0; nouse=0; global=0; static=0; extern=0; dir=0; type=0; pingpong=0; private_global=0; IO mode=ap_none:ce=0
Port [ in_1]:  wired=1; compound=0; hidden=0; nouse=0; global=0; static=0; extern=0; dir=0; type=0; pingpong=0; private_global=0; IO mode=ap_none:ce=0
Port [ in_2]:  wired=1; compound=0; hidden=0; nouse=0; global=0; static=0; extern=0; dir=0; type=0; pingpong=0; private_global=0; IO mode=ap_none:ce=0
Port [ in_3]:  wired=1; compound=0; hidden=0; nouse=0; global=0; static=0; extern=0; dir=0; type=0; pingpong=0; private_global=0; IO mode=ap_none:ce=0
Port [ in_4]:  wired=1; compound=0; hidden=0; nouse=0; global=0; static=0; extern=0; dir=0; type=0; pingpong=0; private_global=0; IO mode=ap_none:ce=0
Port [ in_5]:  wired=1; compound=0; hidden=0; nouse=0; global=0; static=0; extern=0; dir=0; type=0; pingpong=0; private_global=0; IO mode=ap_none:ce=0
Port [ in_6]:  wired=1; compound=0; hidden=0; nouse=0; global=0; static=0; extern=0; dir=0; type=0; pingpong=0; private_global=0; IO mode=ap_none:ce=0
Port [ in_7]:  wired=1; compound=0; hidden=0; nouse=0; global=0; static=0; extern=0; dir=0; type=0; pingpong=0; private_global=0; IO mode=ap_none:ce=0
Port [ in_8]:  wired=1; compound=0; hidden=0; nouse=0; global=0; static=0; extern=0; dir=0; type=0; pingpong=0; private_global=0; IO mode=ap_none:ce=0
Port [ in_9]:  wired=1; compound=0; hidden=0; nouse=0; global=0; static=0; extern=0; dir=0; type=0; pingpong=0; private_global=0; IO mode=ap_none:ce=0
Port [ in_10]:  wired=1; compound=0; hidden=0; nouse=0; global=0; static=0; extern=0; dir=0; type=0; pingpong=0; private_global=0; IO mode=ap_none:ce=0
Port [ in_11]:  wired=1; compound=0; hidden=0; nouse=0; global=0; static=0; extern=0; dir=0; type=0; pingpong=0; private_global=0; IO mode=ap_none:ce=0
Port [ in_12]:  wired=1; compound=0; hidden=0; nouse=0; global=0; static=0; extern=0; dir=0; type=0; pingpong=0; private_global=0; IO mode=ap_none:ce=0
Port [ in_13]:  wired=1; compound=0; hidden=0; nouse=0; global=0; static=0; extern=0; dir=0; type=0; pingpong=0; private_global=0; IO mode=ap_none:ce=0
Port [ in_14]:  wired=1; compound=0; hidden=0; nouse=0; global=0; static=0; extern=0; dir=0; type=0; pingpong=0; private_global=0; IO mode=ap_none:ce=0
Port [ in_15]:  wired=1; compound=0; hidden=0; nouse=0; global=0; static=0; extern=0; dir=0; type=0; pingpong=0; private_global=0; IO mode=ap_none:ce=0
Port [ RoundKey160]:  wired=1; compound=1; hidden=0; nouse=0; global=0; static=0; extern=0; dir=0; type=3; pingpong=0; private_global=0; IO mode=ap_fifo:ce=0
Port [ RoundKey161]:  wired=1; compound=1; hidden=0; nouse=0; global=0; static=0; extern=0; dir=0; type=3; pingpong=0; private_global=0; IO mode=ap_fifo:ce=0
Port [ RoundKey162]:  wired=1; compound=1; hidden=0; nouse=0; global=0; static=0; extern=0; dir=0; type=3; pingpong=0; private_global=0; IO mode=ap_fifo:ce=0
Port [ RoundKey163]:  wired=1; compound=1; hidden=0; nouse=0; global=0; static=0; extern=0; dir=0; type=3; pingpong=0; private_global=0; IO mode=ap_fifo:ce=0
Port [ RoundKey164]:  wired=1; compound=1; hidden=0; nouse=0; global=0; static=0; extern=0; dir=0; type=3; pingpong=0; private_global=0; IO mode=ap_fifo:ce=0
Port [ RoundKey165]:  wired=1; compound=1; hidden=0; nouse=0; global=0; static=0; extern=0; dir=0; type=3; pingpong=0; private_global=0; IO mode=ap_fifo:ce=0
Port [ RoundKey166]:  wired=1; compound=1; hidden=0; nouse=0; global=0; static=0; extern=0; dir=0; type=3; pingpong=0; private_global=0; IO mode=ap_fifo:ce=0
Port [ RoundKey167]:  wired=1; compound=1; hidden=0; nouse=0; global=0; static=0; extern=0; dir=0; type=3; pingpong=0; private_global=0; IO mode=ap_fifo:ce=0
Port [ RoundKey168]:  wired=1; compound=1; hidden=0; nouse=0; global=0; static=0; extern=0; dir=0; type=3; pingpong=0; private_global=0; IO mode=ap_fifo:ce=0
Port [ RoundKey169]:  wired=1; compound=1; hidden=0; nouse=0; global=0; static=0; extern=0; dir=0; type=3; pingpong=0; private_global=0; IO mode=ap_fifo:ce=0
Port [ RoundKey170]:  wired=1; compound=1; hidden=0; nouse=0; global=0; static=0; extern=0; dir=0; type=3; pingpong=0; private_global=0; IO mode=ap_fifo:ce=0
Port [ RoundKey171]:  wired=1; compound=1; hidden=0; nouse=0; global=0; static=0; extern=0; dir=0; type=3; pingpong=0; private_global=0; IO mode=ap_fifo:ce=0
Port [ RoundKey172]:  wired=1; compound=1; hidden=0; nouse=0; global=0; static=0; extern=0; dir=0; type=3; pingpong=0; private_global=0; IO mode=ap_fifo:ce=0
Port [ RoundKey173]:  wired=1; compound=1; hidden=0; nouse=0; global=0; static=0; extern=0; dir=0; type=3; pingpong=0; private_global=0; IO mode=ap_fifo:ce=0
Port [ RoundKey174]:  wired=1; compound=1; hidden=0; nouse=0; global=0; static=0; extern=0; dir=0; type=3; pingpong=0; private_global=0; IO mode=ap_fifo:ce=0
Port [ RoundKey175]:  wired=1; compound=1; hidden=0; nouse=0; global=0; static=0; extern=0; dir=0; type=3; pingpong=0; private_global=0; IO mode=ap_fifo:ce=0
---------------- STG Properties END ------------------

---------------- Datapath Model BEGIN ----------------

<LifeTime>
<method=bitvector/>
specinterface_ln0 (specinterface) [ 00]
specinterface_ln0 (specinterface) [ 00]
specinterface_ln0 (specinterface) [ 00]
specinterface_ln0 (specinterface) [ 00]
specinterface_ln0 (specinterface) [ 00]
specinterface_ln0 (specinterface) [ 00]
specinterface_ln0 (specinterface) [ 00]
specinterface_ln0 (specinterface) [ 00]
specinterface_ln0 (specinterface) [ 00]
specinterface_ln0 (specinterface) [ 00]
specinterface_ln0 (specinterface) [ 00]
specinterface_ln0 (specinterface) [ 00]
specinterface_ln0 (specinterface) [ 00]
specinterface_ln0 (specinterface) [ 00]
specinterface_ln0 (specinterface) [ 00]
specinterface_ln0 (specinterface) [ 00]
in_0_read         (read         ) [ 00]
RoundKey160_read  (read         ) [ 00]
xor_ln62          (xor          ) [ 00]
in_1_read         (read         ) [ 00]
RoundKey161_read  (read         ) [ 00]
xor_ln62_1        (xor          ) [ 00]
in_2_read         (read         ) [ 00]
RoundKey162_read  (read         ) [ 00]
xor_ln62_2        (xor          ) [ 00]
in_3_read         (read         ) [ 00]
RoundKey163_read  (read         ) [ 00]
xor_ln62_3        (xor          ) [ 00]
in_4_read         (read         ) [ 00]
RoundKey164_read  (read         ) [ 00]
xor_ln62_4        (xor          ) [ 00]
in_5_read         (read         ) [ 00]
RoundKey165_read  (read         ) [ 00]
xor_ln62_5        (xor          ) [ 00]
in_6_read         (read         ) [ 00]
RoundKey166_read  (read         ) [ 00]
xor_ln62_6        (xor          ) [ 00]
in_7_read         (read         ) [ 00]
RoundKey167_read  (read         ) [ 00]
xor_ln62_7        (xor          ) [ 00]
in_8_read         (read         ) [ 00]
RoundKey168_read  (read         ) [ 00]
xor_ln62_8        (xor          ) [ 00]
in_9_read         (read         ) [ 00]
RoundKey169_read  (read         ) [ 00]
xor_ln62_9        (xor          ) [ 00]
in_10_read        (read         ) [ 00]
RoundKey170_read  (read         ) [ 00]
xor_ln62_10       (xor          ) [ 00]
in_11_read        (read         ) [ 00]
RoundKey171_read  (read         ) [ 00]
xor_ln62_11       (xor          ) [ 00]
in_12_read        (read         ) [ 00]
RoundKey172_read  (read         ) [ 00]
xor_ln62_12       (xor          ) [ 00]
in_13_read        (read         ) [ 00]
RoundKey173_read  (read         ) [ 00]
xor_ln62_13       (xor          ) [ 00]
in_14_read        (read         ) [ 00]
RoundKey174_read  (read         ) [ 00]
xor_ln62_14       (xor          ) [ 00]
in_15_read        (read         ) [ 00]
RoundKey175_read  (read         ) [ 00]
xor_ln62_15       (xor          ) [ 00]
mrv               (insertvalue  ) [ 00]
mrv_1             (insertvalue  ) [ 00]
mrv_2             (insertvalue  ) [ 00]
mrv_3             (insertvalue  ) [ 00]
mrv_4             (insertvalue  ) [ 00]
mrv_5             (insertvalue  ) [ 00]
mrv_6             (insertvalue  ) [ 00]
mrv_7             (insertvalue  ) [ 00]
mrv_8             (insertvalue  ) [ 00]
mrv_9             (insertvalue  ) [ 00]
mrv_10            (insertvalue  ) [ 00]
mrv_11            (insertvalue  ) [ 00]
mrv_12            (insertvalue  ) [ 00]
mrv_13            (insertvalue  ) [ 00]
mrv_14            (insertvalue  ) [ 00]
mrv_s             (insertvalue  ) [ 00]
ret_ln73          (ret          ) [ 00]
</LifeTime>

<model>

<comp_list>
<comp id="0" class="1000" name="in_0">
<pin_list>
<pin id="1" dir="1" index="0" bw="1" slack="0"/>
</pin_list>
<bind>
<StgValue><ssdm name="in_0"/></StgValue>
</bind>
</comp>

<comp id="2" class="1000" name="in_1">
<pin_list>
<pin id="3" dir="1" index="0" bw="1" slack="0"/>
</pin_list>
<bind>
<StgValue><ssdm name="in_1"/></StgValue>
</bind>
</comp>

<comp id="4" class="1000" name="in_2">
<pin_list>
<pin id="5" dir="1" index="0" bw="1" slack="0"/>
</pin_list>
<bind>
<StgValue><ssdm name="in_2"/></StgValue>
</bind>
</comp>

<comp id="6" class="1000" name="in_3">
<pin_list>
<pin id="7" dir="1" index="0" bw="1" slack="0"/>
</pin_list>
<bind>
<StgValue><ssdm name="in_3"/></StgValue>
</bind>
</comp>

<comp id="8" class="1000" name="in_4">
<pin_list>
<pin id="9" dir="1" index="0" bw="1" slack="0"/>
</pin_list>
<bind>
<StgValue><ssdm name="in_4"/></StgValue>
</bind>
</comp>

<comp id="10" class="1000" name="in_5">
<pin_list>
<pin id="11" dir="1" index="0" bw="1" slack="0"/>
</pin_list>
<bind>
<StgValue><ssdm name="in_5"/></StgValue>
</bind>
</comp>

<comp id="12" class="1000" name="in_6">
<pin_list>
<pin id="13" dir="1" index="0" bw="1" slack="0"/>
</pin_list>
<bind>
<StgValue><ssdm name="in_6"/></StgValue>
</bind>
</comp>

<comp id="14" class="1000" name="in_7">
<pin_list>
<pin id="15" dir="1" index="0" bw="1" slack="0"/>
</pin_list>
<bind>
<StgValue><ssdm name="in_7"/></StgValue>
</bind>
</comp>

<comp id="16" class="1000" name="in_8">
<pin_list>
<pin id="17" dir="1" index="0" bw="1" slack="0"/>
</pin_list>
<bind>
<StgValue><ssdm name="in_8"/></StgValue>
</bind>
</comp>

<comp id="18" class="1000" name="in_9">
<pin_list>
<pin id="19" dir="1" index="0" bw="1" slack="0"/>
</pin_list>
<bind>
<StgValue><ssdm name="in_9"/></StgValue>
</bind>
</comp>

<comp id="20" class="1000" name="in_10">
<pin_list>
<pin id="21" dir="1" index="0" bw="1" slack="0"/>
</pin_list>
<bind>
<StgValue><ssdm name="in_10"/></StgValue>
</bind>
</comp>

<comp id="22" class="1000" name="in_11">
<pin_list>
<pin id="23" dir="1" index="0" bw="1" slack="0"/>
</pin_list>
<bind>
<StgValue><ssdm name="in_11"/></StgValue>
</bind>
</comp>

<comp id="24" class="1000" name="in_12">
<pin_list>
<pin id="25" dir="1" index="0" bw="1" slack="0"/>
</pin_list>
<bind>
<StgValue><ssdm name="in_12"/></StgValue>
</bind>
</comp>

<comp id="26" class="1000" name="in_13">
<pin_list>
<pin id="27" dir="1" index="0" bw="1" slack="0"/>
</pin_list>
<bind>
<StgValue><ssdm name="in_13"/></StgValue>
</bind>
</comp>

<comp id="28" class="1000" name="in_14">
<pin_list>
<pin id="29" dir="1" index="0" bw="1" slack="0"/>
</pin_list>
<bind>
<StgValue><ssdm name="in_14"/></StgValue>
</bind>
</comp>

<comp id="30" class="1000" name="in_15">
<pin_list>
<pin id="31" dir="1" index="0" bw="1" slack="0"/>
</pin_list>
<bind>
<StgValue><ssdm name="in_15"/></StgValue>
</bind>
</comp>

<comp id="32" class="1000" name="RoundKey160">
<pin_list>
<pin id="33" dir="1" index="0" bw="1" slack="0"/>
</pin_list>
<bind>
<StgValue><ssdm name="RoundKey160"/></StgValue>
</bind>
</comp>

<comp id="34" class="1000" name="RoundKey161">
<pin_list>
<pin id="35" dir="1" index="0" bw="1" slack="0"/>
</pin_list>
<bind>
<StgValue><ssdm name="RoundKey161"/></StgValue>
</bind>
</comp>

<comp id="36" class="1000" name="RoundKey162">
<pin_list>
<pin id="37" dir="1" index="0" bw="1" slack="0"/>
</pin_list>
<bind>
<StgValue><ssdm name="RoundKey162"/></StgValue>
</bind>
</comp>

<comp id="38" class="1000" name="RoundKey163">
<pin_list>
<pin id="39" dir="1" index="0" bw="1" slack="0"/>
</pin_list>
<bind>
<StgValue><ssdm name="RoundKey163"/></StgValue>
</bind>
</comp>

<comp id="40" class="1000" name="RoundKey164">
<pin_list>
<pin id="41" dir="1" index="0" bw="1" slack="0"/>
</pin_list>
<bind>
<StgValue><ssdm name="RoundKey164"/></StgValue>
</bind>
</comp>

<comp id="42" class="1000" name="RoundKey165">
<pin_list>
<pin id="43" dir="1" index="0" bw="1" slack="0"/>
</pin_list>
<bind>
<StgValue><ssdm name="RoundKey165"/></StgValue>
</bind>
</comp>

<comp id="44" class="1000" name="RoundKey166">
<pin_list>
<pin id="45" dir="1" index="0" bw="1" slack="0"/>
</pin_list>
<bind>
<StgValue><ssdm name="RoundKey166"/></StgValue>
</bind>
</comp>

<comp id="46" class="1000" name="RoundKey167">
<pin_list>
<pin id="47" dir="1" index="0" bw="1" slack="0"/>
</pin_list>
<bind>
<StgValue><ssdm name="RoundKey167"/></StgValue>
</bind>
</comp>

<comp id="48" class="1000" name="RoundKey168">
<pin_list>
<pin id="49" dir="1" index="0" bw="1" slack="0"/>
</pin_list>
<bind>
<StgValue><ssdm name="RoundKey168"/></StgValue>
</bind>
</comp>

<comp id="50" class="1000" name="RoundKey169">
<pin_list>
<pin id="51" dir="1" index="0" bw="1" slack="0"/>
</pin_list>
<bind>
<StgValue><ssdm name="RoundKey169"/></StgValue>
</bind>
</comp>

<comp id="52" class="1000" name="RoundKey170">
<pin_list>
<pin id="53" dir="1" index="0" bw="1" slack="0"/>
</pin_list>
<bind>
<StgValue><ssdm name="RoundKey170"/></StgValue>
</bind>
</comp>

<comp id="54" class="1000" name="RoundKey171">
<pin_list>
<pin id="55" dir="1" index="0" bw="1" slack="0"/>
</pin_list>
<bind>
<StgValue><ssdm name="RoundKey171"/></StgValue>
</bind>
</comp>

<comp id="56" class="1000" name="RoundKey172">
<pin_list>
<pin id="57" dir="1" index="0" bw="1" slack="0"/>
</pin_list>
<bind>
<StgValue><ssdm name="RoundKey172"/></StgValue>
</bind>
</comp>

<comp id="58" class="1000" name="RoundKey173">
<pin_list>
<pin id="59" dir="1" index="0" bw="1" slack="0"/>
</pin_list>
<bind>
<StgValue><ssdm name="RoundKey173"/></StgValue>
</bind>
</comp>

<comp id="60" class="1000" name="RoundKey174">
<pin_list>
<pin id="61" dir="1" index="0" bw="1" slack="0"/>
</pin_list>
<bind>
<StgValue><ssdm name="RoundKey174"/></StgValue>
</bind>
</comp>

<comp id="62" class="1000" name="RoundKey175">
<pin_list>
<pin id="63" dir="1" index="0" bw="1" slack="0"/>
</pin_list>
<bind>
<StgValue><ssdm name="RoundKey175"/></StgValue>
</bind>
</comp>

<comp id="64" class="1001" name="const_64">
<pin_list>
<pin id="65" dir="1" index="0" bw="1" slack="2147483647"/>
</pin_list>
<bind>
<StgValue><ssdm name="_ssdm_op_SpecInterface"/></StgValue>
</bind>
</comp>

<comp id="66" class="1001" name="const_66">
<pin_list>
<pin id="67" dir="1" index="0" bw="1" slack="2147483647"/>
</pin_list>
<bind>
<StgValue><ssdm name="ap_fifo_str"/></StgValue>
</bind>
</comp>

<comp id="68" class="1001" name="const_68">
<pin_list>
<pin id="69" dir="1" index="0" bw="1" slack="2147483647"/>
</pin_list>
<bind>
<StgValue><ssdm name=""/></StgValue>
</bind>
</comp>

<comp id="70" class="1001" name="const_70">
<pin_list>
<pin id="71" dir="1" index="0" bw="1" slack="2147483647"/>
</pin_list>
<bind>
<StgValue><ssdm name="p_str"/></StgValue>
</bind>
</comp>

<comp id="72" class="1001" name="const_72">
<pin_list>
<pin id="73" dir="1" index="0" bw="1" slack="2147483647"/>
</pin_list>
<bind>
<StgValue><ssdm name=""/></StgValue>
</bind>
</comp>

<comp id="74" class="1001" name="const_74">
<pin_list>
<pin id="75" dir="1" index="0" bw="1" slack="2147483647"/>
</pin_list>
<bind>
<StgValue><ssdm name=""/></StgValue>
</bind>
</comp>

<comp id="76" class="1001" name="const_76">
<pin_list>
<pin id="77" dir="1" index="0" bw="1" slack="2147483647"/>
</pin_list>
<bind>
<StgValue><ssdm name="ScalarProp_str"/></StgValue>
</bind>
</comp>

<comp id="78" class="1001" name="const_78">
<pin_list>
<pin id="79" dir="1" index="0" bw="1" slack="0"/>
</pin_list>
<bind>
<StgValue><ssdm name="_ssdm_op_Read.ap_auto.i8P0A"/></StgValue>
</bind>
</comp>

<comp id="80" class="1001" name="const_80">
<pin_list>
<pin id="81" dir="1" index="0" bw="1" slack="0"/>
</pin_list>
<bind>
<StgValue><ssdm name="_ssdm_op_Read.ap_fifo.i8P0A"/></StgValue>
</bind>
</comp>

<comp id="82" class="1001" name="const_82">
<pin_list>
<pin id="83" dir="1" index="0" bw="1" slack="0"/>
</pin_list>
<bind>
<StgValue><ssdm name=""/></StgValue>
</bind>
</comp>

<comp id="84" class="1004" name="in_0_read_read_fu_84">
<pin_list>
<pin id="85" dir="0" index="0" bw="8" slack="0"/>
<pin id="86" dir="0" index="1" bw="8" slack="0"/>
<pin id="87" dir="1" index="2" bw="8" slack="0"/>
</pin_list>
<bind>
<opcode="read(1150) " fcode="read"/>
<opset="in_0_read/1 "/>
</bind>
</comp>

<comp id="90" class="1004" name="RoundKey160_read_read_fu_90">
<pin_list>
<pin id="91" dir="0" index="0" bw="8" slack="0"/>
<pin id="92" dir="0" index="1" bw="8" slack="0"/>
<pin id="93" dir="1" index="2" bw="8" slack="0"/>
</pin_list>
<bind>
<opcode="read(1150) " fcode="read"/>
<opset="RoundKey160_read/1 "/>
</bind>
</comp>

<comp id="96" class="1004" name="in_1_read_read_fu_96">
<pin_list>
<pin id="97" dir="0" index="0" bw="8" slack="0"/>
<pin id="98" dir="0" index="1" bw="8" slack="0"/>
<pin id="99" dir="1" index="2" bw="8" slack="0"/>
</pin_list>
<bind>
<opcode="read(1150) " fcode="read"/>
<opset="in_1_read/1 "/>
</bind>
</comp>

<comp id="102" class="1004" name="RoundKey161_read_read_fu_102">
<pin_list>
<pin id="103" dir="0" index="0" bw="8" slack="0"/>
<pin id="104" dir="0" index="1" bw="8" slack="0"/>
<pin id="105" dir="1" index="2" bw="8" slack="0"/>
</pin_list>
<bind>
<opcode="read(1150) " fcode="read"/>
<opset="RoundKey161_read/1 "/>
</bind>
</comp>

<comp id="108" class="1004" name="in_2_read_read_fu_108">
<pin_list>
<pin id="109" dir="0" index="0" bw="8" slack="0"/>
<pin id="110" dir="0" index="1" bw="8" slack="0"/>
<pin id="111" dir="1" index="2" bw="8" slack="0"/>
</pin_list>
<bind>
<opcode="read(1150) " fcode="read"/>
<opset="in_2_read/1 "/>
</bind>
</comp>

<comp id="114" class="1004" name="RoundKey162_read_read_fu_114">
<pin_list>
<pin id="115" dir="0" index="0" bw="8" slack="0"/>
<pin id="116" dir="0" index="1" bw="8" slack="0"/>
<pin id="117" dir="1" index="2" bw="8" slack="0"/>
</pin_list>
<bind>
<opcode="read(1150) " fcode="read"/>
<opset="RoundKey162_read/1 "/>
</bind>
</comp>

<comp id="120" class="1004" name="in_3_read_read_fu_120">
<pin_list>
<pin id="121" dir="0" index="0" bw="8" slack="0"/>
<pin id="122" dir="0" index="1" bw="8" slack="0"/>
<pin id="123" dir="1" index="2" bw="8" slack="0"/>
</pin_list>
<bind>
<opcode="read(1150) " fcode="read"/>
<opset="in_3_read/1 "/>
</bind>
</comp>

<comp id="126" class="1004" name="RoundKey163_read_read_fu_126">
<pin_list>
<pin id="127" dir="0" index="0" bw="8" slack="0"/>
<pin id="128" dir="0" index="1" bw="8" slack="0"/>
<pin id="129" dir="1" index="2" bw="8" slack="0"/>
</pin_list>
<bind>
<opcode="read(1150) " fcode="read"/>
<opset="RoundKey163_read/1 "/>
</bind>
</comp>

<comp id="132" class="1004" name="in_4_read_read_fu_132">
<pin_list>
<pin id="133" dir="0" index="0" bw="8" slack="0"/>
<pin id="134" dir="0" index="1" bw="8" slack="0"/>
<pin id="135" dir="1" index="2" bw="8" slack="0"/>
</pin_list>
<bind>
<opcode="read(1150) " fcode="read"/>
<opset="in_4_read/1 "/>
</bind>
</comp>

<comp id="138" class="1004" name="RoundKey164_read_read_fu_138">
<pin_list>
<pin id="139" dir="0" index="0" bw="8" slack="0"/>
<pin id="140" dir="0" index="1" bw="8" slack="0"/>
<pin id="141" dir="1" index="2" bw="8" slack="0"/>
</pin_list>
<bind>
<opcode="read(1150) " fcode="read"/>
<opset="RoundKey164_read/1 "/>
</bind>
</comp>

<comp id="144" class="1004" name="in_5_read_read_fu_144">
<pin_list>
<pin id="145" dir="0" index="0" bw="8" slack="0"/>
<pin id="146" dir="0" index="1" bw="8" slack="0"/>
<pin id="147" dir="1" index="2" bw="8" slack="0"/>
</pin_list>
<bind>
<opcode="read(1150) " fcode="read"/>
<opset="in_5_read/1 "/>
</bind>
</comp>

<comp id="150" class="1004" name="RoundKey165_read_read_fu_150">
<pin_list>
<pin id="151" dir="0" index="0" bw="8" slack="0"/>
<pin id="152" dir="0" index="1" bw="8" slack="0"/>
<pin id="153" dir="1" index="2" bw="8" slack="0"/>
</pin_list>
<bind>
<opcode="read(1150) " fcode="read"/>
<opset="RoundKey165_read/1 "/>
</bind>
</comp>

<comp id="156" class="1004" name="in_6_read_read_fu_156">
<pin_list>
<pin id="157" dir="0" index="0" bw="8" slack="0"/>
<pin id="158" dir="0" index="1" bw="8" slack="0"/>
<pin id="159" dir="1" index="2" bw="8" slack="0"/>
</pin_list>
<bind>
<opcode="read(1150) " fcode="read"/>
<opset="in_6_read/1 "/>
</bind>
</comp>

<comp id="162" class="1004" name="RoundKey166_read_read_fu_162">
<pin_list>
<pin id="163" dir="0" index="0" bw="8" slack="0"/>
<pin id="164" dir="0" index="1" bw="8" slack="0"/>
<pin id="165" dir="1" index="2" bw="8" slack="0"/>
</pin_list>
<bind>
<opcode="read(1150) " fcode="read"/>
<opset="RoundKey166_read/1 "/>
</bind>
</comp>

<comp id="168" class="1004" name="in_7_read_read_fu_168">
<pin_list>
<pin id="169" dir="0" index="0" bw="8" slack="0"/>
<pin id="170" dir="0" index="1" bw="8" slack="0"/>
<pin id="171" dir="1" index="2" bw="8" slack="0"/>
</pin_list>
<bind>
<opcode="read(1150) " fcode="read"/>
<opset="in_7_read/1 "/>
</bind>
</comp>

<comp id="174" class="1004" name="RoundKey167_read_read_fu_174">
<pin_list>
<pin id="175" dir="0" index="0" bw="8" slack="0"/>
<pin id="176" dir="0" index="1" bw="8" slack="0"/>
<pin id="177" dir="1" index="2" bw="8" slack="0"/>
</pin_list>
<bind>
<opcode="read(1150) " fcode="read"/>
<opset="RoundKey167_read/1 "/>
</bind>
</comp>

<comp id="180" class="1004" name="in_8_read_read_fu_180">
<pin_list>
<pin id="181" dir="0" index="0" bw="8" slack="0"/>
<pin id="182" dir="0" index="1" bw="8" slack="0"/>
<pin id="183" dir="1" index="2" bw="8" slack="0"/>
</pin_list>
<bind>
<opcode="read(1150) " fcode="read"/>
<opset="in_8_read/1 "/>
</bind>
</comp>

<comp id="186" class="1004" name="RoundKey168_read_read_fu_186">
<pin_list>
<pin id="187" dir="0" index="0" bw="8" slack="0"/>
<pin id="188" dir="0" index="1" bw="8" slack="0"/>
<pin id="189" dir="1" index="2" bw="8" slack="0"/>
</pin_list>
<bind>
<opcode="read(1150) " fcode="read"/>
<opset="RoundKey168_read/1 "/>
</bind>
</comp>

<comp id="192" class="1004" name="in_9_read_read_fu_192">
<pin_list>
<pin id="193" dir="0" index="0" bw="8" slack="0"/>
<pin id="194" dir="0" index="1" bw="8" slack="0"/>
<pin id="195" dir="1" index="2" bw="8" slack="0"/>
</pin_list>
<bind>
<opcode="read(1150) " fcode="read"/>
<opset="in_9_read/1 "/>
</bind>
</comp>

<comp id="198" class="1004" name="RoundKey169_read_read_fu_198">
<pin_list>
<pin id="199" dir="0" index="0" bw="8" slack="0"/>
<pin id="200" dir="0" index="1" bw="8" slack="0"/>
<pin id="201" dir="1" index="2" bw="8" slack="0"/>
</pin_list>
<bind>
<opcode="read(1150) " fcode="read"/>
<opset="RoundKey169_read/1 "/>
</bind>
</comp>

<comp id="204" class="1004" name="in_10_read_read_fu_204">
<pin_list>
<pin id="205" dir="0" index="0" bw="8" slack="0"/>
<pin id="206" dir="0" index="1" bw="8" slack="0"/>
<pin id="207" dir="1" index="2" bw="8" slack="0"/>
</pin_list>
<bind>
<opcode="read(1150) " fcode="read"/>
<opset="in_10_read/1 "/>
</bind>
</comp>

<comp id="210" class="1004" name="RoundKey170_read_read_fu_210">
<pin_list>
<pin id="211" dir="0" index="0" bw="8" slack="0"/>
<pin id="212" dir="0" index="1" bw="8" slack="0"/>
<pin id="213" dir="1" index="2" bw="8" slack="0"/>
</pin_list>
<bind>
<opcode="read(1150) " fcode="read"/>
<opset="RoundKey170_read/1 "/>
</bind>
</comp>

<comp id="216" class="1004" name="in_11_read_read_fu_216">
<pin_list>
<pin id="217" dir="0" index="0" bw="8" slack="0"/>
<pin id="218" dir="0" index="1" bw="8" slack="0"/>
<pin id="219" dir="1" index="2" bw="8" slack="0"/>
</pin_list>
<bind>
<opcode="read(1150) " fcode="read"/>
<opset="in_11_read/1 "/>
</bind>
</comp>

<comp id="222" class="1004" name="RoundKey171_read_read_fu_222">
<pin_list>
<pin id="223" dir="0" index="0" bw="8" slack="0"/>
<pin id="224" dir="0" index="1" bw="8" slack="0"/>
<pin id="225" dir="1" index="2" bw="8" slack="0"/>
</pin_list>
<bind>
<opcode="read(1150) " fcode="read"/>
<opset="RoundKey171_read/1 "/>
</bind>
</comp>

<comp id="228" class="1004" name="in_12_read_read_fu_228">
<pin_list>
<pin id="229" dir="0" index="0" bw="8" slack="0"/>
<pin id="230" dir="0" index="1" bw="8" slack="0"/>
<pin id="231" dir="1" index="2" bw="8" slack="0"/>
</pin_list>
<bind>
<opcode="read(1150) " fcode="read"/>
<opset="in_12_read/1 "/>
</bind>
</comp>

<comp id="234" class="1004" name="RoundKey172_read_read_fu_234">
<pin_list>
<pin id="235" dir="0" index="0" bw="8" slack="0"/>
<pin id="236" dir="0" index="1" bw="8" slack="0"/>
<pin id="237" dir="1" index="2" bw="8" slack="0"/>
</pin_list>
<bind>
<opcode="read(1150) " fcode="read"/>
<opset="RoundKey172_read/1 "/>
</bind>
</comp>

<comp id="240" class="1004" name="in_13_read_read_fu_240">
<pin_list>
<pin id="241" dir="0" index="0" bw="8" slack="0"/>
<pin id="242" dir="0" index="1" bw="8" slack="0"/>
<pin id="243" dir="1" index="2" bw="8" slack="0"/>
</pin_list>
<bind>
<opcode="read(1150) " fcode="read"/>
<opset="in_13_read/1 "/>
</bind>
</comp>

<comp id="246" class="1004" name="RoundKey173_read_read_fu_246">
<pin_list>
<pin id="247" dir="0" index="0" bw="8" slack="0"/>
<pin id="248" dir="0" index="1" bw="8" slack="0"/>
<pin id="249" dir="1" index="2" bw="8" slack="0"/>
</pin_list>
<bind>
<opcode="read(1150) " fcode="read"/>
<opset="RoundKey173_read/1 "/>
</bind>
</comp>

<comp id="252" class="1004" name="in_14_read_read_fu_252">
<pin_list>
<pin id="253" dir="0" index="0" bw="8" slack="0"/>
<pin id="254" dir="0" index="1" bw="8" slack="0"/>
<pin id="255" dir="1" index="2" bw="8" slack="0"/>
</pin_list>
<bind>
<opcode="read(1150) " fcode="read"/>
<opset="in_14_read/1 "/>
</bind>
</comp>

<comp id="258" class="1004" name="RoundKey174_read_read_fu_258">
<pin_list>
<pin id="259" dir="0" index="0" bw="8" slack="0"/>
<pin id="260" dir="0" index="1" bw="8" slack="0"/>
<pin id="261" dir="1" index="2" bw="8" slack="0"/>
</pin_list>
<bind>
<opcode="read(1150) " fcode="read"/>
<opset="RoundKey174_read/1 "/>
</bind>
</comp>

<comp id="264" class="1004" name="in_15_read_read_fu_264">
<pin_list>
<pin id="265" dir="0" index="0" bw="8" slack="0"/>
<pin id="266" dir="0" index="1" bw="8" slack="0"/>
<pin id="267" dir="1" index="2" bw="8" slack="0"/>
</pin_list>
<bind>
<opcode="read(1150) " fcode="read"/>
<opset="in_15_read/1 "/>
</bind>
</comp>

<comp id="270" class="1004" name="RoundKey175_read_read_fu_270">
<pin_list>
<pin id="271" dir="0" index="0" bw="8" slack="0"/>
<pin id="272" dir="0" index="1" bw="8" slack="0"/>
<pin id="273" dir="1" index="2" bw="8" slack="0"/>
</pin_list>
<bind>
<opcode="read(1150) " fcode="read"/>
<opset="RoundKey175_read/1 "/>
</bind>
</comp>

<comp id="276" class="1004" name="xor_ln62_fu_276">
<pin_list>
<pin id="277" dir="0" index="0" bw="8" slack="0"/>
<pin id="278" dir="0" index="1" bw="8" slack="0"/>
<pin id="279" dir="1" index="2" bw="8" slack="0"/>
</pin_list>
<bind>
<opcode="xor(25) " fcode="xor"/>
<opset="xor_ln62/1 "/>
</bind>
</comp>

<comp id="282" class="1004" name="xor_ln62_1_fu_282">
<pin_list>
<pin id="283" dir="0" index="0" bw="8" slack="0"/>
<pin id="284" dir="0" index="1" bw="8" slack="0"/>
<pin id="285" dir="1" index="2" bw="8" slack="0"/>
</pin_list>
<bind>
<opcode="xor(25) " fcode="xor"/>
<opset="xor_ln62_1/1 "/>
</bind>
</comp>

<comp id="288" class="1004" name="xor_ln62_2_fu_288">
<pin_list>
<pin id="289" dir="0" index="0" bw="8" slack="0"/>
<pin id="290" dir="0" index="1" bw="8" slack="0"/>
<pin id="291" dir="1" index="2" bw="8" slack="0"/>
</pin_list>
<bind>
<opcode="xor(25) " fcode="xor"/>
<opset="xor_ln62_2/1 "/>
</bind>
</comp>

<comp id="294" class="1004" name="xor_ln62_3_fu_294">
<pin_list>
<pin id="295" dir="0" index="0" bw="8" slack="0"/>
<pin id="296" dir="0" index="1" bw="8" slack="0"/>
<pin id="297" dir="1" index="2" bw="8" slack="0"/>
</pin_list>
<bind>
<opcode="xor(25) " fcode="xor"/>
<opset="xor_ln62_3/1 "/>
</bind>
</comp>

<comp id="300" class="1004" name="xor_ln62_4_fu_300">
<pin_list>
<pin id="301" dir="0" index="0" bw="8" slack="0"/>
<pin id="302" dir="0" index="1" bw="8" slack="0"/>
<pin id="303" dir="1" index="2" bw="8" slack="0"/>
</pin_list>
<bind>
<opcode="xor(25) " fcode="xor"/>
<opset="xor_ln62_4/1 "/>
</bind>
</comp>

<comp id="306" class="1004" name="xor_ln62_5_fu_306">
<pin_list>
<pin id="307" dir="0" index="0" bw="8" slack="0"/>
<pin id="308" dir="0" index="1" bw="8" slack="0"/>
<pin id="309" dir="1" index="2" bw="8" slack="0"/>
</pin_list>
<bind>
<opcode="xor(25) " fcode="xor"/>
<opset="xor_ln62_5/1 "/>
</bind>
</comp>

<comp id="312" class="1004" name="xor_ln62_6_fu_312">
<pin_list>
<pin id="313" dir="0" index="0" bw="8" slack="0"/>
<pin id="314" dir="0" index="1" bw="8" slack="0"/>
<pin id="315" dir="1" index="2" bw="8" slack="0"/>
</pin_list>
<bind>
<opcode="xor(25) " fcode="xor"/>
<opset="xor_ln62_6/1 "/>
</bind>
</comp>

<comp id="318" class="1004" name="xor_ln62_7_fu_318">
<pin_list>
<pin id="319" dir="0" index="0" bw="8" slack="0"/>
<pin id="320" dir="0" index="1" bw="8" slack="0"/>
<pin id="321" dir="1" index="2" bw="8" slack="0"/>
</pin_list>
<bind>
<opcode="xor(25) " fcode="xor"/>
<opset="xor_ln62_7/1 "/>
</bind>
</comp>

<comp id="324" class="1004" name="xor_ln62_8_fu_324">
<pin_list>
<pin id="325" dir="0" index="0" bw="8" slack="0"/>
<pin id="326" dir="0" index="1" bw="8" slack="0"/>
<pin id="327" dir="1" index="2" bw="8" slack="0"/>
</pin_list>
<bind>
<opcode="xor(25) " fcode="xor"/>
<opset="xor_ln62_8/1 "/>
</bind>
</comp>

<comp id="330" class="1004" name="xor_ln62_9_fu_330">
<pin_list>
<pin id="331" dir="0" index="0" bw="8" slack="0"/>
<pin id="332" dir="0" index="1" bw="8" slack="0"/>
<pin id="333" dir="1" index="2" bw="8" slack="0"/>
</pin_list>
<bind>
<opcode="xor(25) " fcode="xor"/>
<opset="xor_ln62_9/1 "/>
</bind>
</comp>

<comp id="336" class="1004" name="xor_ln62_10_fu_336">
<pin_list>
<pin id="337" dir="0" index="0" bw="8" slack="0"/>
<pin id="338" dir="0" index="1" bw="8" slack="0"/>
<pin id="339" dir="1" index="2" bw="8" slack="0"/>
</pin_list>
<bind>
<opcode="xor(25) " fcode="xor"/>
<opset="xor_ln62_10/1 "/>
</bind>
</comp>

<comp id="342" class="1004" name="xor_ln62_11_fu_342">
<pin_list>
<pin id="343" dir="0" index="0" bw="8" slack="0"/>
<pin id="344" dir="0" index="1" bw="8" slack="0"/>
<pin id="345" dir="1" index="2" bw="8" slack="0"/>
</pin_list>
<bind>
<opcode="xor(25) " fcode="xor"/>
<opset="xor_ln62_11/1 "/>
</bind>
</comp>

<comp id="348" class="1004" name="xor_ln62_12_fu_348">
<pin_list>
<pin id="349" dir="0" index="0" bw="8" slack="0"/>
<pin id="350" dir="0" index="1" bw="8" slack="0"/>
<pin id="351" dir="1" index="2" bw="8" slack="0"/>
</pin_list>
<bind>
<opcode="xor(25) " fcode="xor"/>
<opset="xor_ln62_12/1 "/>
</bind>
</comp>

<comp id="354" class="1004" name="xor_ln62_13_fu_354">
<pin_list>
<pin id="355" dir="0" index="0" bw="8" slack="0"/>
<pin id="356" dir="0" index="1" bw="8" slack="0"/>
<pin id="357" dir="1" index="2" bw="8" slack="0"/>
</pin_list>
<bind>
<opcode="xor(25) " fcode="xor"/>
<opset="xor_ln62_13/1 "/>
</bind>
</comp>

<comp id="360" class="1004" name="xor_ln62_14_fu_360">
<pin_list>
<pin id="361" dir="0" index="0" bw="8" slack="0"/>
<pin id="362" dir="0" index="1" bw="8" slack="0"/>
<pin id="363" dir="1" index="2" bw="8" slack="0"/>
</pin_list>
<bind>
<opcode="xor(25) " fcode="xor"/>
<opset="xor_ln62_14/1 "/>
</bind>
</comp>

<comp id="366" class="1004" name="xor_ln62_15_fu_366">
<pin_list>
<pin id="367" dir="0" index="0" bw="8" slack="0"/>
<pin id="368" dir="0" index="1" bw="8" slack="0"/>
<pin id="369" dir="1" index="2" bw="8" slack="0"/>
</pin_list>
<bind>
<opcode="xor(25) " fcode="xor"/>
<opset="xor_ln62_15/1 "/>
</bind>
</comp>

<comp id="372" class="1004" name="mrv_fu_372">
<pin_list>
<pin id="373" dir="0" index="0" bw="128" slack="0"/>
<pin id="374" dir="0" index="1" bw="8" slack="0"/>
<pin id="375" dir="1" index="2" bw="128" slack="0"/>
</pin_list>
<bind>
<opcode="insertvalue(57) " fcode="insertvalue"/>
<opset="mrv/1 "/>
</bind>
</comp>

<comp id="378" class="1004" name="mrv_1_fu_378">
<pin_list>
<pin id="379" dir="0" index="0" bw="128" slack="0"/>
<pin id="380" dir="0" index="1" bw="8" slack="0"/>
<pin id="381" dir="1" index="2" bw="128" slack="0"/>
</pin_list>
<bind>
<opcode="insertvalue(57) " fcode="insertvalue"/>
<opset="mrv_1/1 "/>
</bind>
</comp>

<comp id="384" class="1004" name="mrv_2_fu_384">
<pin_list>
<pin id="385" dir="0" index="0" bw="128" slack="0"/>
<pin id="386" dir="0" index="1" bw="8" slack="0"/>
<pin id="387" dir="1" index="2" bw="128" slack="0"/>
</pin_list>
<bind>
<opcode="insertvalue(57) " fcode="insertvalue"/>
<opset="mrv_2/1 "/>
</bind>
</comp>

<comp id="390" class="1004" name="mrv_3_fu_390">
<pin_list>
<pin id="391" dir="0" index="0" bw="128" slack="0"/>
<pin id="392" dir="0" index="1" bw="8" slack="0"/>
<pin id="393" dir="1" index="2" bw="128" slack="0"/>
</pin_list>
<bind>
<opcode="insertvalue(57) " fcode="insertvalue"/>
<opset="mrv_3/1 "/>
</bind>
</comp>

<comp id="396" class="1004" name="mrv_4_fu_396">
<pin_list>
<pin id="397" dir="0" index="0" bw="128" slack="0"/>
<pin id="398" dir="0" index="1" bw="8" slack="0"/>
<pin id="399" dir="1" index="2" bw="128" slack="0"/>
</pin_list>
<bind>
<opcode="insertvalue(57) " fcode="insertvalue"/>
<opset="mrv_4/1 "/>
</bind>
</comp>

<comp id="402" class="1004" name="mrv_5_fu_402">
<pin_list>
<pin id="403" dir="0" index="0" bw="128" slack="0"/>
<pin id="404" dir="0" index="1" bw="8" slack="0"/>
<pin id="405" dir="1" index="2" bw="128" slack="0"/>
</pin_list>
<bind>
<opcode="insertvalue(57) " fcode="insertvalue"/>
<opset="mrv_5/1 "/>
</bind>
</comp>

<comp id="408" class="1004" name="mrv_6_fu_408">
<pin_list>
<pin id="409" dir="0" index="0" bw="128" slack="0"/>
<pin id="410" dir="0" index="1" bw="8" slack="0"/>
<pin id="411" dir="1" index="2" bw="128" slack="0"/>
</pin_list>
<bind>
<opcode="insertvalue(57) " fcode="insertvalue"/>
<opset="mrv_6/1 "/>
</bind>
</comp>

<comp id="414" class="1004" name="mrv_7_fu_414">
<pin_list>
<pin id="415" dir="0" index="0" bw="128" slack="0"/>
<pin id="416" dir="0" index="1" bw="8" slack="0"/>
<pin id="417" dir="1" index="2" bw="128" slack="0"/>
</pin_list>
<bind>
<opcode="insertvalue(57) " fcode="insertvalue"/>
<opset="mrv_7/1 "/>
</bind>
</comp>

<comp id="420" class="1004" name="mrv_8_fu_420">
<pin_list>
<pin id="421" dir="0" index="0" bw="128" slack="0"/>
<pin id="422" dir="0" index="1" bw="8" slack="0"/>
<pin id="423" dir="1" index="2" bw="128" slack="0"/>
</pin_list>
<bind>
<opcode="insertvalue(57) " fcode="insertvalue"/>
<opset="mrv_8/1 "/>
</bind>
</comp>

<comp id="426" class="1004" name="mrv_9_fu_426">
<pin_list>
<pin id="427" dir="0" index="0" bw="128" slack="0"/>
<pin id="428" dir="0" index="1" bw="8" slack="0"/>
<pin id="429" dir="1" index="2" bw="128" slack="0"/>
</pin_list>
<bind>
<opcode="insertvalue(57) " fcode="insertvalue"/>
<opset="mrv_9/1 "/>
</bind>
</comp>

<comp id="432" class="1004" name="mrv_10_fu_432">
<pin_list>
<pin id="433" dir="0" index="0" bw="128" slack="0"/>
<pin id="434" dir="0" index="1" bw="8" slack="0"/>
<pin id="435" dir="1" index="2" bw="128" slack="0"/>
</pin_list>
<bind>
<opcode="insertvalue(57) " fcode="insertvalue"/>
<opset="mrv_10/1 "/>
</bind>
</comp>

<comp id="438" class="1004" name="mrv_11_fu_438">
<pin_list>
<pin id="439" dir="0" index="0" bw="128" slack="0"/>
<pin id="440" dir="0" index="1" bw="8" slack="0"/>
<pin id="441" dir="1" index="2" bw="128" slack="0"/>
</pin_list>
<bind>
<opcode="insertvalue(57) " fcode="insertvalue"/>
<opset="mrv_11/1 "/>
</bind>
</comp>

<comp id="444" class="1004" name="mrv_12_fu_444">
<pin_list>
<pin id="445" dir="0" index="0" bw="128" slack="0"/>
<pin id="446" dir="0" index="1" bw="8" slack="0"/>
<pin id="447" dir="1" index="2" bw="128" slack="0"/>
</pin_list>
<bind>
<opcode="insertvalue(57) " fcode="insertvalue"/>
<opset="mrv_12/1 "/>
</bind>
</comp>

<comp id="450" class="1004" name="mrv_13_fu_450">
<pin_list>
<pin id="451" dir="0" index="0" bw="128" slack="0"/>
<pin id="452" dir="0" index="1" bw="8" slack="0"/>
<pin id="453" dir="1" index="2" bw="128" slack="0"/>
</pin_list>
<bind>
<opcode="insertvalue(57) " fcode="insertvalue"/>
<opset="mrv_13/1 "/>
</bind>
</comp>

<comp id="456" class="1004" name="mrv_14_fu_456">
<pin_list>
<pin id="457" dir="0" index="0" bw="128" slack="0"/>
<pin id="458" dir="0" index="1" bw="8" slack="0"/>
<pin id="459" dir="1" index="2" bw="128" slack="0"/>
</pin_list>
<bind>
<opcode="insertvalue(57) " fcode="insertvalue"/>
<opset="mrv_14/1 "/>
</bind>
</comp>

<comp id="462" class="1004" name="mrv_s_fu_462">
<pin_list>
<pin id="463" dir="0" index="0" bw="128" slack="0"/>
<pin id="464" dir="0" index="1" bw="8" slack="0"/>
<pin id="465" dir="1" index="2" bw="128" slack="2147483647"/>
</pin_list>
<bind>
<opcode="insertvalue(57) " fcode="insertvalue"/>
<opset="mrv_s/1 "/>
</bind>
</comp>

</comp_list>

<net_list>
<net id="88"><net_src comp="78" pin="0"/><net_sink comp="84" pin=0"/></net>

<net id="89"><net_src comp="0" pin="0"/><net_sink comp="84" pin=1"/></net>

<net id="94"><net_src comp="80" pin="0"/><net_sink comp="90" pin=0"/></net>

<net id="95"><net_src comp="32" pin="0"/><net_sink comp="90" pin=1"/></net>

<net id="100"><net_src comp="78" pin="0"/><net_sink comp="96" pin=0"/></net>

<net id="101"><net_src comp="2" pin="0"/><net_sink comp="96" pin=1"/></net>

<net id="106"><net_src comp="80" pin="0"/><net_sink comp="102" pin=0"/></net>

<net id="107"><net_src comp="34" pin="0"/><net_sink comp="102" pin=1"/></net>

<net id="112"><net_src comp="78" pin="0"/><net_sink comp="108" pin=0"/></net>

<net id="113"><net_src comp="4" pin="0"/><net_sink comp="108" pin=1"/></net>

<net id="118"><net_src comp="80" pin="0"/><net_sink comp="114" pin=0"/></net>

<net id="119"><net_src comp="36" pin="0"/><net_sink comp="114" pin=1"/></net>

<net id="124"><net_src comp="78" pin="0"/><net_sink comp="120" pin=0"/></net>

<net id="125"><net_src comp="6" pin="0"/><net_sink comp="120" pin=1"/></net>

<net id="130"><net_src comp="80" pin="0"/><net_sink comp="126" pin=0"/></net>

<net id="131"><net_src comp="38" pin="0"/><net_sink comp="126" pin=1"/></net>

<net id="136"><net_src comp="78" pin="0"/><net_sink comp="132" pin=0"/></net>

<net id="137"><net_src comp="8" pin="0"/><net_sink comp="132" pin=1"/></net>

<net id="142"><net_src comp="80" pin="0"/><net_sink comp="138" pin=0"/></net>

<net id="143"><net_src comp="40" pin="0"/><net_sink comp="138" pin=1"/></net>

<net id="148"><net_src comp="78" pin="0"/><net_sink comp="144" pin=0"/></net>

<net id="149"><net_src comp="10" pin="0"/><net_sink comp="144" pin=1"/></net>

<net id="154"><net_src comp="80" pin="0"/><net_sink comp="150" pin=0"/></net>

<net id="155"><net_src comp="42" pin="0"/><net_sink comp="150" pin=1"/></net>

<net id="160"><net_src comp="78" pin="0"/><net_sink comp="156" pin=0"/></net>

<net id="161"><net_src comp="12" pin="0"/><net_sink comp="156" pin=1"/></net>

<net id="166"><net_src comp="80" pin="0"/><net_sink comp="162" pin=0"/></net>

<net id="167"><net_src comp="44" pin="0"/><net_sink comp="162" pin=1"/></net>

<net id="172"><net_src comp="78" pin="0"/><net_sink comp="168" pin=0"/></net>

<net id="173"><net_src comp="14" pin="0"/><net_sink comp="168" pin=1"/></net>

<net id="178"><net_src comp="80" pin="0"/><net_sink comp="174" pin=0"/></net>

<net id="179"><net_src comp="46" pin="0"/><net_sink comp="174" pin=1"/></net>

<net id="184"><net_src comp="78" pin="0"/><net_sink comp="180" pin=0"/></net>

<net id="185"><net_src comp="16" pin="0"/><net_sink comp="180" pin=1"/></net>

<net id="190"><net_src comp="80" pin="0"/><net_sink comp="186" pin=0"/></net>

<net id="191"><net_src comp="48" pin="0"/><net_sink comp="186" pin=1"/></net>

<net id="196"><net_src comp="78" pin="0"/><net_sink comp="192" pin=0"/></net>

<net id="197"><net_src comp="18" pin="0"/><net_sink comp="192" pin=1"/></net>

<net id="202"><net_src comp="80" pin="0"/><net_sink comp="198" pin=0"/></net>

<net id="203"><net_src comp="50" pin="0"/><net_sink comp="198" pin=1"/></net>

<net id="208"><net_src comp="78" pin="0"/><net_sink comp="204" pin=0"/></net>

<net id="209"><net_src comp="20" pin="0"/><net_sink comp="204" pin=1"/></net>

<net id="214"><net_src comp="80" pin="0"/><net_sink comp="210" pin=0"/></net>

<net id="215"><net_src comp="52" pin="0"/><net_sink comp="210" pin=1"/></net>

<net id="220"><net_src comp="78" pin="0"/><net_sink comp="216" pin=0"/></net>

<net id="221"><net_src comp="22" pin="0"/><net_sink comp="216" pin=1"/></net>

<net id="226"><net_src comp="80" pin="0"/><net_sink comp="222" pin=0"/></net>

<net id="227"><net_src comp="54" pin="0"/><net_sink comp="222" pin=1"/></net>

<net id="232"><net_src comp="78" pin="0"/><net_sink comp="228" pin=0"/></net>

<net id="233"><net_src comp="24" pin="0"/><net_sink comp="228" pin=1"/></net>

<net id="238"><net_src comp="80" pin="0"/><net_sink comp="234" pin=0"/></net>

<net id="239"><net_src comp="56" pin="0"/><net_sink comp="234" pin=1"/></net>

<net id="244"><net_src comp="78" pin="0"/><net_sink comp="240" pin=0"/></net>

<net id="245"><net_src comp="26" pin="0"/><net_sink comp="240" pin=1"/></net>

<net id="250"><net_src comp="80" pin="0"/><net_sink comp="246" pin=0"/></net>

<net id="251"><net_src comp="58" pin="0"/><net_sink comp="246" pin=1"/></net>

<net id="256"><net_src comp="78" pin="0"/><net_sink comp="252" pin=0"/></net>

<net id="257"><net_src comp="28" pin="0"/><net_sink comp="252" pin=1"/></net>

<net id="262"><net_src comp="80" pin="0"/><net_sink comp="258" pin=0"/></net>

<net id="263"><net_src comp="60" pin="0"/><net_sink comp="258" pin=1"/></net>

<net id="268"><net_src comp="78" pin="0"/><net_sink comp="264" pin=0"/></net>

<net id="269"><net_src comp="30" pin="0"/><net_sink comp="264" pin=1"/></net>

<net id="274"><net_src comp="80" pin="0"/><net_sink comp="270" pin=0"/></net>

<net id="275"><net_src comp="62" pin="0"/><net_sink comp="270" pin=1"/></net>

<net id="280"><net_src comp="90" pin="2"/><net_sink comp="276" pin=0"/></net>

<net id="281"><net_src comp="84" pin="2"/><net_sink comp="276" pin=1"/></net>

<net id="286"><net_src comp="102" pin="2"/><net_sink comp="282" pin=0"/></net>

<net id="287"><net_src comp="96" pin="2"/><net_sink comp="282" pin=1"/></net>

<net id="292"><net_src comp="114" pin="2"/><net_sink comp="288" pin=0"/></net>

<net id="293"><net_src comp="108" pin="2"/><net_sink comp="288" pin=1"/></net>

<net id="298"><net_src comp="126" pin="2"/><net_sink comp="294" pin=0"/></net>

<net id="299"><net_src comp="120" pin="2"/><net_sink comp="294" pin=1"/></net>

<net id="304"><net_src comp="138" pin="2"/><net_sink comp="300" pin=0"/></net>

<net id="305"><net_src comp="132" pin="2"/><net_sink comp="300" pin=1"/></net>

<net id="310"><net_src comp="150" pin="2"/><net_sink comp="306" pin=0"/></net>

<net id="311"><net_src comp="144" pin="2"/><net_sink comp="306" pin=1"/></net>

<net id="316"><net_src comp="162" pin="2"/><net_sink comp="312" pin=0"/></net>

<net id="317"><net_src comp="156" pin="2"/><net_sink comp="312" pin=1"/></net>

<net id="322"><net_src comp="174" pin="2"/><net_sink comp="318" pin=0"/></net>

<net id="323"><net_src comp="168" pin="2"/><net_sink comp="318" pin=1"/></net>

<net id="328"><net_src comp="186" pin="2"/><net_sink comp="324" pin=0"/></net>

<net id="329"><net_src comp="180" pin="2"/><net_sink comp="324" pin=1"/></net>

<net id="334"><net_src comp="198" pin="2"/><net_sink comp="330" pin=0"/></net>

<net id="335"><net_src comp="192" pin="2"/><net_sink comp="330" pin=1"/></net>

<net id="340"><net_src comp="210" pin="2"/><net_sink comp="336" pin=0"/></net>

<net id="341"><net_src comp="204" pin="2"/><net_sink comp="336" pin=1"/></net>

<net id="346"><net_src comp="222" pin="2"/><net_sink comp="342" pin=0"/></net>

<net id="347"><net_src comp="216" pin="2"/><net_sink comp="342" pin=1"/></net>

<net id="352"><net_src comp="234" pin="2"/><net_sink comp="348" pin=0"/></net>

<net id="353"><net_src comp="228" pin="2"/><net_sink comp="348" pin=1"/></net>

<net id="358"><net_src comp="246" pin="2"/><net_sink comp="354" pin=0"/></net>

<net id="359"><net_src comp="240" pin="2"/><net_sink comp="354" pin=1"/></net>

<net id="364"><net_src comp="258" pin="2"/><net_sink comp="360" pin=0"/></net>

<net id="365"><net_src comp="252" pin="2"/><net_sink comp="360" pin=1"/></net>

<net id="370"><net_src comp="270" pin="2"/><net_sink comp="366" pin=0"/></net>

<net id="371"><net_src comp="264" pin="2"/><net_sink comp="366" pin=1"/></net>

<net id="376"><net_src comp="82" pin="0"/><net_sink comp="372" pin=0"/></net>

<net id="377"><net_src comp="276" pin="2"/><net_sink comp="372" pin=1"/></net>

<net id="382"><net_src comp="372" pin="2"/><net_sink comp="378" pin=0"/></net>

<net id="383"><net_src comp="282" pin="2"/><net_sink comp="378" pin=1"/></net>

<net id="388"><net_src comp="378" pin="2"/><net_sink comp="384" pin=0"/></net>

<net id="389"><net_src comp="288" pin="2"/><net_sink comp="384" pin=1"/></net>

<net id="394"><net_src comp="384" pin="2"/><net_sink comp="390" pin=0"/></net>

<net id="395"><net_src comp="294" pin="2"/><net_sink comp="390" pin=1"/></net>

<net id="400"><net_src comp="390" pin="2"/><net_sink comp="396" pin=0"/></net>

<net id="401"><net_src comp="300" pin="2"/><net_sink comp="396" pin=1"/></net>

<net id="406"><net_src comp="396" pin="2"/><net_sink comp="402" pin=0"/></net>

<net id="407"><net_src comp="306" pin="2"/><net_sink comp="402" pin=1"/></net>

<net id="412"><net_src comp="402" pin="2"/><net_sink comp="408" pin=0"/></net>

<net id="413"><net_src comp="312" pin="2"/><net_sink comp="408" pin=1"/></net>

<net id="418"><net_src comp="408" pin="2"/><net_sink comp="414" pin=0"/></net>

<net id="419"><net_src comp="318" pin="2"/><net_sink comp="414" pin=1"/></net>

<net id="424"><net_src comp="414" pin="2"/><net_sink comp="420" pin=0"/></net>

<net id="425"><net_src comp="324" pin="2"/><net_sink comp="420" pin=1"/></net>

<net id="430"><net_src comp="420" pin="2"/><net_sink comp="426" pin=0"/></net>

<net id="431"><net_src comp="330" pin="2"/><net_sink comp="426" pin=1"/></net>

<net id="436"><net_src comp="426" pin="2"/><net_sink comp="432" pin=0"/></net>

<net id="437"><net_src comp="336" pin="2"/><net_sink comp="432" pin=1"/></net>

<net id="442"><net_src comp="432" pin="2"/><net_sink comp="438" pin=0"/></net>

<net id="443"><net_src comp="342" pin="2"/><net_sink comp="438" pin=1"/></net>

<net id="448"><net_src comp="438" pin="2"/><net_sink comp="444" pin=0"/></net>

<net id="449"><net_src comp="348" pin="2"/><net_sink comp="444" pin=1"/></net>

<net id="454"><net_src comp="444" pin="2"/><net_sink comp="450" pin=0"/></net>

<net id="455"><net_src comp="354" pin="2"/><net_sink comp="450" pin=1"/></net>

<net id="460"><net_src comp="450" pin="2"/><net_sink comp="456" pin=0"/></net>

<net id="461"><net_src comp="360" pin="2"/><net_sink comp="456" pin=1"/></net>

<net id="466"><net_src comp="456" pin="2"/><net_sink comp="462" pin=0"/></net>

<net id="467"><net_src comp="366" pin="2"/><net_sink comp="462" pin=1"/></net>

</net_list>

</model> 
---------------- Datapath Model END ------------------

* FSMD analyzer results:
  - Output states:
 - Input state : 
	Port: AddRoundKey93 : in_0 | {1 }
	Port: AddRoundKey93 : in_1 | {1 }
	Port: AddRoundKey93 : in_2 | {1 }
	Port: AddRoundKey93 : in_3 | {1 }
	Port: AddRoundKey93 : in_4 | {1 }
	Port: AddRoundKey93 : in_5 | {1 }
	Port: AddRoundKey93 : in_6 | {1 }
	Port: AddRoundKey93 : in_7 | {1 }
	Port: AddRoundKey93 : in_8 | {1 }
	Port: AddRoundKey93 : in_9 | {1 }
	Port: AddRoundKey93 : in_10 | {1 }
	Port: AddRoundKey93 : in_11 | {1 }
	Port: AddRoundKey93 : in_12 | {1 }
	Port: AddRoundKey93 : in_13 | {1 }
	Port: AddRoundKey93 : in_14 | {1 }
	Port: AddRoundKey93 : in_15 | {1 }
	Port: AddRoundKey93 : RoundKey160 | {1 }
	Port: AddRoundKey93 : RoundKey161 | {1 }
	Port: AddRoundKey93 : RoundKey162 | {1 }
	Port: AddRoundKey93 : RoundKey163 | {1 }
	Port: AddRoundKey93 : RoundKey164 | {1 }
	Port: AddRoundKey93 : RoundKey165 | {1 }
	Port: AddRoundKey93 : RoundKey166 | {1 }
	Port: AddRoundKey93 : RoundKey167 | {1 }
	Port: AddRoundKey93 : RoundKey168 | {1 }
	Port: AddRoundKey93 : RoundKey169 | {1 }
	Port: AddRoundKey93 : RoundKey170 | {1 }
	Port: AddRoundKey93 : RoundKey171 | {1 }
	Port: AddRoundKey93 : RoundKey172 | {1 }
	Port: AddRoundKey93 : RoundKey173 | {1 }
	Port: AddRoundKey93 : RoundKey174 | {1 }
	Port: AddRoundKey93 : RoundKey175 | {1 }
  - Chain level:
	State 1
		mrv_1 : 1
		mrv_2 : 2
		mrv_3 : 3
		mrv_4 : 4
		mrv_5 : 5
		mrv_6 : 6
		mrv_7 : 7
		mrv_8 : 8
		mrv_9 : 9
		mrv_10 : 10
		mrv_11 : 11
		mrv_12 : 12
		mrv_13 : 13
		mrv_14 : 14
		mrv_s : 15
		ret_ln73 : 16


============================================================
+ Verbose Summary: Datapath Resource usage 
============================================================

* Functional unit list:
|----------|------------------------------|---------|---------|
| Operation|        Functional Unit       |    FF   |   LUT   |
|----------|------------------------------|---------|---------|
|          |        xor_ln62_fu_276       |    0    |    8    |
|          |       xor_ln62_1_fu_282      |    0    |    8    |
|          |       xor_ln62_2_fu_288      |    0    |    8    |
|          |       xor_ln62_3_fu_294      |    0    |    8    |
|          |       xor_ln62_4_fu_300      |    0    |    8    |
|          |       xor_ln62_5_fu_306      |    0    |    8    |
|          |       xor_ln62_6_fu_312      |    0    |    8    |
|    xor   |       xor_ln62_7_fu_318      |    0    |    8    |
|          |       xor_ln62_8_fu_324      |    0    |    8    |
|          |       xor_ln62_9_fu_330      |    0    |    8    |
|          |      xor_ln62_10_fu_336      |    0    |    8    |
|          |      xor_ln62_11_fu_342      |    0    |    8    |
|          |      xor_ln62_12_fu_348      |    0    |    8    |
|          |      xor_ln62_13_fu_354      |    0    |    8    |
|          |      xor_ln62_14_fu_360      |    0    |    8    |
|          |      xor_ln62_15_fu_366      |    0    |    8    |
|----------|------------------------------|---------|---------|
|          |     in_0_read_read_fu_84     |    0    |    0    |
|          |  RoundKey160_read_read_fu_90 |    0    |    0    |
|          |     in_1_read_read_fu_96     |    0    |    0    |
|          | RoundKey161_read_read_fu_102 |    0    |    0    |
|          |     in_2_read_read_fu_108    |    0    |    0    |
|          | RoundKey162_read_read_fu_114 |    0    |    0    |
|          |     in_3_read_read_fu_120    |    0    |    0    |
|          | RoundKey163_read_read_fu_126 |    0    |    0    |
|          |     in_4_read_read_fu_132    |    0    |    0    |
|          | RoundKey164_read_read_fu_138 |    0    |    0    |
|          |     in_5_read_read_fu_144    |    0    |    0    |
|          | RoundKey165_read_read_fu_150 |    0    |    0    |
|          |     in_6_read_read_fu_156    |    0    |    0    |
|          | RoundKey166_read_read_fu_162 |    0    |    0    |
|          |     in_7_read_read_fu_168    |    0    |    0    |
|   read   | RoundKey167_read_read_fu_174 |    0    |    0    |
|          |     in_8_read_read_fu_180    |    0    |    0    |
|          | RoundKey168_read_read_fu_186 |    0    |    0    |
|          |     in_9_read_read_fu_192    |    0    |    0    |
|          | RoundKey169_read_read_fu_198 |    0    |    0    |
|          |    in_10_read_read_fu_204    |    0    |    0    |
|          | RoundKey170_read_read_fu_210 |    0    |    0    |
|          |    in_11_read_read_fu_216    |    0    |    0    |
|          | RoundKey171_read_read_fu_222 |    0    |    0    |
|          |    in_12_read_read_fu_228    |    0    |    0    |
|          | RoundKey172_read_read_fu_234 |    0    |    0    |
|          |    in_13_read_read_fu_240    |    0    |    0    |
|          | RoundKey173_read_read_fu_246 |    0    |    0    |
|          |    in_14_read_read_fu_252    |    0    |    0    |
|          | RoundKey174_read_read_fu_258 |    0    |    0    |
|          |    in_15_read_read_fu_264    |    0    |    0    |
|          | RoundKey175_read_read_fu_270 |    0    |    0    |
|----------|------------------------------|---------|---------|
|          |          mrv_fu_372          |    0    |    0    |
|          |         mrv_1_fu_378         |    0    |    0    |
|          |         mrv_2_fu_384         |    0    |    0    |
|          |         mrv_3_fu_390         |    0    |    0    |
|          |         mrv_4_fu_396         |    0    |    0    |
|          |         mrv_5_fu_402         |    0    |    0    |
|          |         mrv_6_fu_408         |    0    |    0    |
|insertvalue|         mrv_7_fu_414         |    0    |    0    |
|          |         mrv_8_fu_420         |    0    |    0    |
|          |         mrv_9_fu_426         |    0    |    0    |
|          |         mrv_10_fu_432        |    0    |    0    |
|          |         mrv_11_fu_438        |    0    |    0    |
|          |         mrv_12_fu_444        |    0    |    0    |
|          |         mrv_13_fu_450        |    0    |    0    |
|          |         mrv_14_fu_456        |    0    |    0    |
|          |         mrv_s_fu_462         |    0    |    0    |
|----------|------------------------------|---------|---------|
|   Total  |                              |    0    |   128   |
|----------|------------------------------|---------|---------|

Memories:
N/A

* Register list:
N/A

* Multiplexer (MUX) list: 
|--------|------|------|------|--------|
|  Comp  |  Pin | Size |  BW  | S x BW |
|--------|------|------|------|--------|
|  Total |      |      |      |    0   |
|--------|------|------|------|--------|



* Summary:
+-----------+--------+--------+
|           |   FF   |   LUT  |
+-----------+--------+--------+
|  Function |    0   |   128  |
|   Memory  |    -   |    -   |
|Multiplexer|    -   |    -   |
|  Register |    -   |    -   |
+-----------+--------+--------+
|   Total   |    0   |   128  |
+-----------+--------+--------+
