

================================================================
== Vitis HLS Report for 'MixColumns72'
================================================================
* Date:           Sat Jan  1 23:28:55 2022

* Version:        2020.2 (Build 3064766 on Wed Nov 18 09:12:45 MST 2020)
* Project:        aes
* Solution:       solution1 (Vivado IP Flow Target)
* Product family: zynq
* Target device:  xc7z020-clg484-1


================================================================
== Performance Estimates
================================================================
+ Timing: 
    * Summary: 
    +--------+----------+----------+------------+
    |  Clock |  Target  | Estimated| Uncertainty|
    +--------+----------+----------+------------+
    |ap_clk  |  10.00 ns|  4.158 ns|     2.70 ns|
    +--------+----------+----------+------------+

+ Latency: 
    * Summary: 
    +---------+---------+----------+----------+-----+-----+---------+
    |  Latency (cycles) |  Latency (absolute) |  Interval | Pipeline|
    |   min   |   max   |    min   |    max   | min | max |   Type  |
    +---------+---------+----------+----------+-----+-----+---------+
    |        0|        0|      0 ns|      0 ns|    0|    0|     none|
    +---------+---------+----------+----------+-----+-----+---------+

    + Detail: 
        * Instance: 
        N/A

        * Loop: 
        N/A

============================================================
+ Verbose Summary: Synthesis Manager
============================================================
InlineROM: 1
ExposeGlobal: 0
============================================================
+ Verbose Summary: CDFG Model
============================================================
IsTopModel: 0
ResetActiveHigh: 1
IsCombinational: 2
IsDatapathOnly: 0
HasWiredReturn: 1
HasMFsm: 0
HasVarLatency: 0
IsPipeline: 0
IsRtlPipelined: 0
IsInstanceOverlapped: 0
IsDontTouch: 0
HasImplIP: 0
IsGatedGlobalClock: 0


============================================================
+ Verbose Summary: Schedule
============================================================
* Number of FSM states : 1
* Pipeline : 0
* Dataflow Pipeline: 0

* FSM state transitions: 
1 --> 

* FSM state operations: 

State 1 <SV = 0> <Delay = 4.15>
ST_1 : Operation 2 [1/1] (0.00ns)   --->   "%in_0_read = read i8 @_ssdm_op_Read.ap_auto.i8P0A, i8 %in_0" [../src/AES_encrypt.cpp:51]   --->   Operation 2 'read' 'in_0_read' <Predicate = true> <Delay = 0.00>
ST_1 : Operation 3 [1/1] (0.00ns)   --->   "%in_1_read = read i8 @_ssdm_op_Read.ap_auto.i8P0A, i8 %in_1" [../src/AES_encrypt.cpp:52]   --->   Operation 3 'read' 'in_1_read' <Predicate = true> <Delay = 0.00>
ST_1 : Operation 4 [1/1] (0.99ns)   --->   "%xor_ln52 = xor i8 %in_1_read, i8 %in_0_read" [../src/AES_encrypt.cpp:52]   --->   Operation 4 'xor' 'xor_ln52' <Predicate = true> <Delay = 0.99> <CoreInst = "LogicGate">   --->   Core 74 'LogicGate' <Latency = 0> <II = 1> <Delay = 0.99> <FuncUnit> <Opcode : 'and' 'or' 'xor'> <InPorts = 2> <OutPorts = 1>
ST_1 : Operation 5 [1/1] (0.00ns)   --->   "%in_2_read = read i8 @_ssdm_op_Read.ap_auto.i8P0A, i8 %in_2" [../src/AES_encrypt.cpp:52]   --->   Operation 5 'read' 'in_2_read' <Predicate = true> <Delay = 0.00>
ST_1 : Operation 6 [1/1] (0.99ns)   --->   "%xor_ln52_45 = xor i8 %in_2_read, i8 %xor_ln52" [../src/AES_encrypt.cpp:52]   --->   Operation 6 'xor' 'xor_ln52_45' <Predicate = true> <Delay = 0.99> <CoreInst = "LogicGate">   --->   Core 74 'LogicGate' <Latency = 0> <II = 1> <Delay = 0.99> <FuncUnit> <Opcode : 'and' 'or' 'xor'> <InPorts = 2> <OutPorts = 1>
ST_1 : Operation 7 [1/1] (0.00ns)   --->   "%in_3_read = read i8 @_ssdm_op_Read.ap_auto.i8P0A, i8 %in_3" [../src/AES_encrypt.cpp:52]   --->   Operation 7 'read' 'in_3_read' <Predicate = true> <Delay = 0.00>
ST_1 : Operation 8 [1/1] (0.99ns)   --->   "%xor_ln52_46 = xor i8 %in_3_read, i8 %xor_ln52_45" [../src/AES_encrypt.cpp:52]   --->   Operation 8 'xor' 'xor_ln52_46' <Predicate = true> <Delay = 0.99> <CoreInst = "LogicGate">   --->   Core 74 'LogicGate' <Latency = 0> <II = 1> <Delay = 0.99> <FuncUnit> <Opcode : 'and' 'or' 'xor'> <InPorts = 2> <OutPorts = 1>
ST_1 : Operation 9 [1/1] (0.00ns) (grouped into LUT with out node xor_ln55_46)   --->   "%shl_ln68 = shl i8 %xor_ln52, i8 1" [../src/AES_common.cpp:68]   --->   Operation 9 'shl' 'shl_ln68' <Predicate = true> <Delay = 0.00>
ST_1 : Operation 10 [1/1] (0.00ns) (grouped into LUT with out node xor_ln55_46)   --->   "%tmp = bitselect i1 @_ssdm_op_BitSelect.i1.i8.i32, i8 %xor_ln52, i32 7" [../src/AES_common.cpp:68]   --->   Operation 10 'bitselect' 'tmp' <Predicate = true> <Delay = 0.00>
ST_1 : Operation 11 [1/1] (0.00ns) (grouped into LUT with out node xor_ln55_46)   --->   "%select_ln55 = select i1 %tmp, i8 27, i8 0" [../src/AES_encrypt.cpp:55]   --->   Operation 11 'select' 'select_ln55' <Predicate = true> <Delay = 0.00> <CoreInst = "Sel">   --->   Core 73 'Sel' <Latency = 0> <II = 1> <Delay = 1.18> <FuncUnit> <Opcode : 'select'> <InPorts = 3> <OutPorts = 1>
ST_1 : Operation 12 [1/1] (0.00ns) (grouped into LUT with out node xor_ln55_46)   --->   "%xor_ln55 = xor i8 %in_0_read, i8 %shl_ln68" [../src/AES_encrypt.cpp:55]   --->   Operation 12 'xor' 'xor_ln55' <Predicate = true> <Delay = 0.00> <CoreInst = "LogicGate">   --->   Core 74 'LogicGate' <Latency = 0> <II = 1> <Delay = 0.99> <FuncUnit> <Opcode : 'and' 'or' 'xor'> <InPorts = 2> <OutPorts = 1>
ST_1 : Operation 13 [1/1] (0.00ns) (grouped into LUT with out node xor_ln55_46)   --->   "%xor_ln55_45 = xor i8 %select_ln55, i8 %xor_ln52_46" [../src/AES_encrypt.cpp:55]   --->   Operation 13 'xor' 'xor_ln55_45' <Predicate = true> <Delay = 0.00> <CoreInst = "LogicGate">   --->   Core 74 'LogicGate' <Latency = 0> <II = 1> <Delay = 0.99> <FuncUnit> <Opcode : 'and' 'or' 'xor'> <InPorts = 2> <OutPorts = 1>
ST_1 : Operation 14 [1/1] (1.18ns) (out node of the LUT)   --->   "%xor_ln55_46 = xor i8 %xor_ln55_45, i8 %xor_ln55" [../src/AES_encrypt.cpp:55]   --->   Operation 14 'xor' 'xor_ln55_46' <Predicate = true> <Delay = 1.18> <CoreInst = "LogicGate">   --->   Core 74 'LogicGate' <Latency = 0> <II = 1> <Delay = 0.99> <FuncUnit> <Opcode : 'and' 'or' 'xor'> <InPorts = 2> <OutPorts = 1>
ST_1 : Operation 15 [1/1] (0.99ns)   --->   "%xor_ln57 = xor i8 %in_2_read, i8 %in_1_read" [../src/AES_encrypt.cpp:57]   --->   Operation 15 'xor' 'xor_ln57' <Predicate = true> <Delay = 0.99> <CoreInst = "LogicGate">   --->   Core 74 'LogicGate' <Latency = 0> <II = 1> <Delay = 0.99> <FuncUnit> <Opcode : 'and' 'or' 'xor'> <InPorts = 2> <OutPorts = 1>
ST_1 : Operation 16 [1/1] (0.00ns) (grouped into LUT with out node xor_ln59_46)   --->   "%shl_ln68_61 = shl i8 %xor_ln57, i8 1" [../src/AES_common.cpp:68]   --->   Operation 16 'shl' 'shl_ln68_61' <Predicate = true> <Delay = 0.00>
ST_1 : Operation 17 [1/1] (0.00ns) (grouped into LUT with out node xor_ln59_46)   --->   "%tmp_61 = bitselect i1 @_ssdm_op_BitSelect.i1.i8.i32, i8 %xor_ln57, i32 7" [../src/AES_common.cpp:68]   --->   Operation 17 'bitselect' 'tmp_61' <Predicate = true> <Delay = 0.00>
ST_1 : Operation 18 [1/1] (0.00ns) (grouped into LUT with out node xor_ln59_46)   --->   "%select_ln59 = select i1 %tmp_61, i8 27, i8 0" [../src/AES_encrypt.cpp:59]   --->   Operation 18 'select' 'select_ln59' <Predicate = true> <Delay = 0.00> <CoreInst = "Sel">   --->   Core 73 'Sel' <Latency = 0> <II = 1> <Delay = 1.18> <FuncUnit> <Opcode : 'select'> <InPorts = 3> <OutPorts = 1>
ST_1 : Operation 19 [1/1] (0.00ns) (grouped into LUT with out node xor_ln59_46)   --->   "%xor_ln59 = xor i8 %in_1_read, i8 %shl_ln68_61" [../src/AES_encrypt.cpp:59]   --->   Operation 19 'xor' 'xor_ln59' <Predicate = true> <Delay = 0.00> <CoreInst = "LogicGate">   --->   Core 74 'LogicGate' <Latency = 0> <II = 1> <Delay = 0.99> <FuncUnit> <Opcode : 'and' 'or' 'xor'> <InPorts = 2> <OutPorts = 1>
ST_1 : Operation 20 [1/1] (0.00ns) (grouped into LUT with out node xor_ln59_46)   --->   "%xor_ln59_45 = xor i8 %select_ln59, i8 %xor_ln52_46" [../src/AES_encrypt.cpp:59]   --->   Operation 20 'xor' 'xor_ln59_45' <Predicate = true> <Delay = 0.00> <CoreInst = "LogicGate">   --->   Core 74 'LogicGate' <Latency = 0> <II = 1> <Delay = 0.99> <FuncUnit> <Opcode : 'and' 'or' 'xor'> <InPorts = 2> <OutPorts = 1>
ST_1 : Operation 21 [1/1] (1.18ns) (out node of the LUT)   --->   "%xor_ln59_46 = xor i8 %xor_ln59_45, i8 %xor_ln59" [../src/AES_encrypt.cpp:59]   --->   Operation 21 'xor' 'xor_ln59_46' <Predicate = true> <Delay = 1.18> <CoreInst = "LogicGate">   --->   Core 74 'LogicGate' <Latency = 0> <II = 1> <Delay = 0.99> <FuncUnit> <Opcode : 'and' 'or' 'xor'> <InPorts = 2> <OutPorts = 1>
ST_1 : Operation 22 [1/1] (0.99ns)   --->   "%xor_ln61 = xor i8 %in_3_read, i8 %in_2_read" [../src/AES_encrypt.cpp:61]   --->   Operation 22 'xor' 'xor_ln61' <Predicate = true> <Delay = 0.99> <CoreInst = "LogicGate">   --->   Core 74 'LogicGate' <Latency = 0> <II = 1> <Delay = 0.99> <FuncUnit> <Opcode : 'and' 'or' 'xor'> <InPorts = 2> <OutPorts = 1>
ST_1 : Operation 23 [1/1] (0.00ns) (grouped into LUT with out node xor_ln63_46)   --->   "%shl_ln68_62 = shl i8 %xor_ln61, i8 1" [../src/AES_common.cpp:68]   --->   Operation 23 'shl' 'shl_ln68_62' <Predicate = true> <Delay = 0.00>
ST_1 : Operation 24 [1/1] (0.00ns) (grouped into LUT with out node xor_ln63_46)   --->   "%tmp_62 = bitselect i1 @_ssdm_op_BitSelect.i1.i8.i32, i8 %xor_ln61, i32 7" [../src/AES_common.cpp:68]   --->   Operation 24 'bitselect' 'tmp_62' <Predicate = true> <Delay = 0.00>
ST_1 : Operation 25 [1/1] (0.00ns) (grouped into LUT with out node xor_ln63_46)   --->   "%select_ln63 = select i1 %tmp_62, i8 27, i8 0" [../src/AES_encrypt.cpp:63]   --->   Operation 25 'select' 'select_ln63' <Predicate = true> <Delay = 0.00> <CoreInst = "Sel">   --->   Core 73 'Sel' <Latency = 0> <II = 1> <Delay = 1.18> <FuncUnit> <Opcode : 'select'> <InPorts = 3> <OutPorts = 1>
ST_1 : Operation 26 [1/1] (0.00ns) (grouped into LUT with out node xor_ln63_46)   --->   "%xor_ln63 = xor i8 %in_3_read, i8 %xor_ln52" [../src/AES_encrypt.cpp:63]   --->   Operation 26 'xor' 'xor_ln63' <Predicate = true> <Delay = 0.00> <CoreInst = "LogicGate">   --->   Core 74 'LogicGate' <Latency = 0> <II = 1> <Delay = 0.99> <FuncUnit> <Opcode : 'and' 'or' 'xor'> <InPorts = 2> <OutPorts = 1>
ST_1 : Operation 27 [1/1] (0.00ns) (grouped into LUT with out node xor_ln63_46)   --->   "%xor_ln63_45 = xor i8 %shl_ln68_62, i8 %select_ln63" [../src/AES_encrypt.cpp:63]   --->   Operation 27 'xor' 'xor_ln63_45' <Predicate = true> <Delay = 0.00> <CoreInst = "LogicGate">   --->   Core 74 'LogicGate' <Latency = 0> <II = 1> <Delay = 0.99> <FuncUnit> <Opcode : 'and' 'or' 'xor'> <InPorts = 2> <OutPorts = 1>
ST_1 : Operation 28 [1/1] (1.18ns) (out node of the LUT)   --->   "%xor_ln63_46 = xor i8 %xor_ln63_45, i8 %xor_ln63" [../src/AES_encrypt.cpp:63]   --->   Operation 28 'xor' 'xor_ln63_46' <Predicate = true> <Delay = 1.18> <CoreInst = "LogicGate">   --->   Core 74 'LogicGate' <Latency = 0> <II = 1> <Delay = 0.99> <FuncUnit> <Opcode : 'and' 'or' 'xor'> <InPorts = 2> <OutPorts = 1>
ST_1 : Operation 29 [1/1] (0.99ns)   --->   "%xor_ln65 = xor i8 %in_3_read, i8 %in_0_read" [../src/AES_encrypt.cpp:65]   --->   Operation 29 'xor' 'xor_ln65' <Predicate = true> <Delay = 0.99> <CoreInst = "LogicGate">   --->   Core 74 'LogicGate' <Latency = 0> <II = 1> <Delay = 0.99> <FuncUnit> <Opcode : 'and' 'or' 'xor'> <InPorts = 2> <OutPorts = 1>
ST_1 : Operation 30 [1/1] (0.00ns) (grouped into LUT with out node xor_ln67_29)   --->   "%shl_ln68_63 = shl i8 %xor_ln65, i8 1" [../src/AES_common.cpp:68]   --->   Operation 30 'shl' 'shl_ln68_63' <Predicate = true> <Delay = 0.00>
ST_1 : Operation 31 [1/1] (0.00ns) (grouped into LUT with out node xor_ln67_29)   --->   "%tmp_63 = bitselect i1 @_ssdm_op_BitSelect.i1.i8.i32, i8 %xor_ln65, i32 7" [../src/AES_common.cpp:68]   --->   Operation 31 'bitselect' 'tmp_63' <Predicate = true> <Delay = 0.00>
ST_1 : Operation 32 [1/1] (0.00ns) (grouped into LUT with out node xor_ln67_29)   --->   "%select_ln67 = select i1 %tmp_63, i8 27, i8 0" [../src/AES_encrypt.cpp:67]   --->   Operation 32 'select' 'select_ln67' <Predicate = true> <Delay = 0.00> <CoreInst = "Sel">   --->   Core 73 'Sel' <Latency = 0> <II = 1> <Delay = 1.18> <FuncUnit> <Opcode : 'select'> <InPorts = 3> <OutPorts = 1>
ST_1 : Operation 33 [1/1] (0.00ns) (grouped into LUT with out node xor_ln67_29)   --->   "%xor_ln67 = xor i8 %xor_ln52_45, i8 %select_ln67" [../src/AES_encrypt.cpp:67]   --->   Operation 33 'xor' 'xor_ln67' <Predicate = true> <Delay = 0.00> <CoreInst = "LogicGate">   --->   Core 74 'LogicGate' <Latency = 0> <II = 1> <Delay = 0.99> <FuncUnit> <Opcode : 'and' 'or' 'xor'> <InPorts = 2> <OutPorts = 1>
ST_1 : Operation 34 [1/1] (1.18ns) (out node of the LUT)   --->   "%xor_ln67_29 = xor i8 %xor_ln67, i8 %shl_ln68_63" [../src/AES_encrypt.cpp:67]   --->   Operation 34 'xor' 'xor_ln67_29' <Predicate = true> <Delay = 1.18> <CoreInst = "LogicGate">   --->   Core 74 'LogicGate' <Latency = 0> <II = 1> <Delay = 0.99> <FuncUnit> <Opcode : 'and' 'or' 'xor'> <InPorts = 2> <OutPorts = 1>
ST_1 : Operation 35 [1/1] (0.00ns)   --->   "%in_4_read = read i8 @_ssdm_op_Read.ap_auto.i8P0A, i8 %in_4" [../src/AES_encrypt.cpp:51]   --->   Operation 35 'read' 'in_4_read' <Predicate = true> <Delay = 0.00>
ST_1 : Operation 36 [1/1] (0.00ns)   --->   "%in_5_read = read i8 @_ssdm_op_Read.ap_auto.i8P0A, i8 %in_5" [../src/AES_encrypt.cpp:52]   --->   Operation 36 'read' 'in_5_read' <Predicate = true> <Delay = 0.00>
ST_1 : Operation 37 [1/1] (0.99ns)   --->   "%xor_ln52_47 = xor i8 %in_5_read, i8 %in_4_read" [../src/AES_encrypt.cpp:52]   --->   Operation 37 'xor' 'xor_ln52_47' <Predicate = true> <Delay = 0.99> <CoreInst = "LogicGate">   --->   Core 74 'LogicGate' <Latency = 0> <II = 1> <Delay = 0.99> <FuncUnit> <Opcode : 'and' 'or' 'xor'> <InPorts = 2> <OutPorts = 1>
ST_1 : Operation 38 [1/1] (0.00ns)   --->   "%in_6_read = read i8 @_ssdm_op_Read.ap_auto.i8P0A, i8 %in_6" [../src/AES_encrypt.cpp:52]   --->   Operation 38 'read' 'in_6_read' <Predicate = true> <Delay = 0.00>
ST_1 : Operation 39 [1/1] (0.99ns)   --->   "%xor_ln52_48 = xor i8 %in_6_read, i8 %xor_ln52_47" [../src/AES_encrypt.cpp:52]   --->   Operation 39 'xor' 'xor_ln52_48' <Predicate = true> <Delay = 0.99> <CoreInst = "LogicGate">   --->   Core 74 'LogicGate' <Latency = 0> <II = 1> <Delay = 0.99> <FuncUnit> <Opcode : 'and' 'or' 'xor'> <InPorts = 2> <OutPorts = 1>
ST_1 : Operation 40 [1/1] (0.00ns)   --->   "%in_7_read = read i8 @_ssdm_op_Read.ap_auto.i8P0A, i8 %in_7" [../src/AES_encrypt.cpp:52]   --->   Operation 40 'read' 'in_7_read' <Predicate = true> <Delay = 0.00>
ST_1 : Operation 41 [1/1] (0.99ns)   --->   "%xor_ln52_49 = xor i8 %in_7_read, i8 %xor_ln52_48" [../src/AES_encrypt.cpp:52]   --->   Operation 41 'xor' 'xor_ln52_49' <Predicate = true> <Delay = 0.99> <CoreInst = "LogicGate">   --->   Core 74 'LogicGate' <Latency = 0> <II = 1> <Delay = 0.99> <FuncUnit> <Opcode : 'and' 'or' 'xor'> <InPorts = 2> <OutPorts = 1>
ST_1 : Operation 42 [1/1] (0.00ns) (grouped into LUT with out node xor_ln55_49)   --->   "%shl_ln68_64 = shl i8 %xor_ln52_47, i8 1" [../src/AES_common.cpp:68]   --->   Operation 42 'shl' 'shl_ln68_64' <Predicate = true> <Delay = 0.00>
ST_1 : Operation 43 [1/1] (0.00ns) (grouped into LUT with out node xor_ln55_49)   --->   "%tmp_64 = bitselect i1 @_ssdm_op_BitSelect.i1.i8.i32, i8 %xor_ln52_47, i32 7" [../src/AES_common.cpp:68]   --->   Operation 43 'bitselect' 'tmp_64' <Predicate = true> <Delay = 0.00>
ST_1 : Operation 44 [1/1] (0.00ns) (grouped into LUT with out node xor_ln55_49)   --->   "%select_ln55_13 = select i1 %tmp_64, i8 27, i8 0" [../src/AES_encrypt.cpp:55]   --->   Operation 44 'select' 'select_ln55_13' <Predicate = true> <Delay = 0.00> <CoreInst = "Sel">   --->   Core 73 'Sel' <Latency = 0> <II = 1> <Delay = 1.18> <FuncUnit> <Opcode : 'select'> <InPorts = 3> <OutPorts = 1>
ST_1 : Operation 45 [1/1] (0.00ns) (grouped into LUT with out node xor_ln55_49)   --->   "%xor_ln55_47 = xor i8 %in_4_read, i8 %shl_ln68_64" [../src/AES_encrypt.cpp:55]   --->   Operation 45 'xor' 'xor_ln55_47' <Predicate = true> <Delay = 0.00> <CoreInst = "LogicGate">   --->   Core 74 'LogicGate' <Latency = 0> <II = 1> <Delay = 0.99> <FuncUnit> <Opcode : 'and' 'or' 'xor'> <InPorts = 2> <OutPorts = 1>
ST_1 : Operation 46 [1/1] (0.00ns) (grouped into LUT with out node xor_ln55_49)   --->   "%xor_ln55_48 = xor i8 %select_ln55_13, i8 %xor_ln52_49" [../src/AES_encrypt.cpp:55]   --->   Operation 46 'xor' 'xor_ln55_48' <Predicate = true> <Delay = 0.00> <CoreInst = "LogicGate">   --->   Core 74 'LogicGate' <Latency = 0> <II = 1> <Delay = 0.99> <FuncUnit> <Opcode : 'and' 'or' 'xor'> <InPorts = 2> <OutPorts = 1>
ST_1 : Operation 47 [1/1] (1.18ns) (out node of the LUT)   --->   "%xor_ln55_49 = xor i8 %xor_ln55_48, i8 %xor_ln55_47" [../src/AES_encrypt.cpp:55]   --->   Operation 47 'xor' 'xor_ln55_49' <Predicate = true> <Delay = 1.18> <CoreInst = "LogicGate">   --->   Core 74 'LogicGate' <Latency = 0> <II = 1> <Delay = 0.99> <FuncUnit> <Opcode : 'and' 'or' 'xor'> <InPorts = 2> <OutPorts = 1>
ST_1 : Operation 48 [1/1] (0.99ns)   --->   "%xor_ln57_13 = xor i8 %in_6_read, i8 %in_5_read" [../src/AES_encrypt.cpp:57]   --->   Operation 48 'xor' 'xor_ln57_13' <Predicate = true> <Delay = 0.99> <CoreInst = "LogicGate">   --->   Core 74 'LogicGate' <Latency = 0> <II = 1> <Delay = 0.99> <FuncUnit> <Opcode : 'and' 'or' 'xor'> <InPorts = 2> <OutPorts = 1>
ST_1 : Operation 49 [1/1] (0.00ns) (grouped into LUT with out node xor_ln59_49)   --->   "%shl_ln68_65 = shl i8 %xor_ln57_13, i8 1" [../src/AES_common.cpp:68]   --->   Operation 49 'shl' 'shl_ln68_65' <Predicate = true> <Delay = 0.00>
ST_1 : Operation 50 [1/1] (0.00ns) (grouped into LUT with out node xor_ln59_49)   --->   "%tmp_65 = bitselect i1 @_ssdm_op_BitSelect.i1.i8.i32, i8 %xor_ln57_13, i32 7" [../src/AES_common.cpp:68]   --->   Operation 50 'bitselect' 'tmp_65' <Predicate = true> <Delay = 0.00>
ST_1 : Operation 51 [1/1] (0.00ns) (grouped into LUT with out node xor_ln59_49)   --->   "%select_ln59_13 = select i1 %tmp_65, i8 27, i8 0" [../src/AES_encrypt.cpp:59]   --->   Operation 51 'select' 'select_ln59_13' <Predicate = true> <Delay = 0.00> <CoreInst = "Sel">   --->   Core 73 'Sel' <Latency = 0> <II = 1> <Delay = 1.18> <FuncUnit> <Opcode : 'select'> <InPorts = 3> <OutPorts = 1>
ST_1 : Operation 52 [1/1] (0.00ns) (grouped into LUT with out node xor_ln59_49)   --->   "%xor_ln59_47 = xor i8 %in_5_read, i8 %shl_ln68_65" [../src/AES_encrypt.cpp:59]   --->   Operation 52 'xor' 'xor_ln59_47' <Predicate = true> <Delay = 0.00> <CoreInst = "LogicGate">   --->   Core 74 'LogicGate' <Latency = 0> <II = 1> <Delay = 0.99> <FuncUnit> <Opcode : 'and' 'or' 'xor'> <InPorts = 2> <OutPorts = 1>
ST_1 : Operation 53 [1/1] (0.00ns) (grouped into LUT with out node xor_ln59_49)   --->   "%xor_ln59_48 = xor i8 %select_ln59_13, i8 %xor_ln52_49" [../src/AES_encrypt.cpp:59]   --->   Operation 53 'xor' 'xor_ln59_48' <Predicate = true> <Delay = 0.00> <CoreInst = "LogicGate">   --->   Core 74 'LogicGate' <Latency = 0> <II = 1> <Delay = 0.99> <FuncUnit> <Opcode : 'and' 'or' 'xor'> <InPorts = 2> <OutPorts = 1>
ST_1 : Operation 54 [1/1] (1.18ns) (out node of the LUT)   --->   "%xor_ln59_49 = xor i8 %xor_ln59_48, i8 %xor_ln59_47" [../src/AES_encrypt.cpp:59]   --->   Operation 54 'xor' 'xor_ln59_49' <Predicate = true> <Delay = 1.18> <CoreInst = "LogicGate">   --->   Core 74 'LogicGate' <Latency = 0> <II = 1> <Delay = 0.99> <FuncUnit> <Opcode : 'and' 'or' 'xor'> <InPorts = 2> <OutPorts = 1>
ST_1 : Operation 55 [1/1] (0.99ns)   --->   "%xor_ln61_13 = xor i8 %in_7_read, i8 %in_6_read" [../src/AES_encrypt.cpp:61]   --->   Operation 55 'xor' 'xor_ln61_13' <Predicate = true> <Delay = 0.99> <CoreInst = "LogicGate">   --->   Core 74 'LogicGate' <Latency = 0> <II = 1> <Delay = 0.99> <FuncUnit> <Opcode : 'and' 'or' 'xor'> <InPorts = 2> <OutPorts = 1>
ST_1 : Operation 56 [1/1] (0.00ns) (grouped into LUT with out node xor_ln63_49)   --->   "%shl_ln68_66 = shl i8 %xor_ln61_13, i8 1" [../src/AES_common.cpp:68]   --->   Operation 56 'shl' 'shl_ln68_66' <Predicate = true> <Delay = 0.00>
ST_1 : Operation 57 [1/1] (0.00ns) (grouped into LUT with out node xor_ln63_49)   --->   "%tmp_66 = bitselect i1 @_ssdm_op_BitSelect.i1.i8.i32, i8 %xor_ln61_13, i32 7" [../src/AES_common.cpp:68]   --->   Operation 57 'bitselect' 'tmp_66' <Predicate = true> <Delay = 0.00>
ST_1 : Operation 58 [1/1] (0.00ns) (grouped into LUT with out node xor_ln63_49)   --->   "%select_ln63_13 = select i1 %tmp_66, i8 27, i8 0" [../src/AES_encrypt.cpp:63]   --->   Operation 58 'select' 'select_ln63_13' <Predicate = true> <Delay = 0.00> <CoreInst = "Sel">   --->   Core 73 'Sel' <Latency = 0> <II = 1> <Delay = 1.18> <FuncUnit> <Opcode : 'select'> <InPorts = 3> <OutPorts = 1>
ST_1 : Operation 59 [1/1] (0.00ns) (grouped into LUT with out node xor_ln63_49)   --->   "%xor_ln63_47 = xor i8 %in_7_read, i8 %xor_ln52_47" [../src/AES_encrypt.cpp:63]   --->   Operation 59 'xor' 'xor_ln63_47' <Predicate = true> <Delay = 0.00> <CoreInst = "LogicGate">   --->   Core 74 'LogicGate' <Latency = 0> <II = 1> <Delay = 0.99> <FuncUnit> <Opcode : 'and' 'or' 'xor'> <InPorts = 2> <OutPorts = 1>
ST_1 : Operation 60 [1/1] (0.00ns) (grouped into LUT with out node xor_ln63_49)   --->   "%xor_ln63_48 = xor i8 %shl_ln68_66, i8 %select_ln63_13" [../src/AES_encrypt.cpp:63]   --->   Operation 60 'xor' 'xor_ln63_48' <Predicate = true> <Delay = 0.00> <CoreInst = "LogicGate">   --->   Core 74 'LogicGate' <Latency = 0> <II = 1> <Delay = 0.99> <FuncUnit> <Opcode : 'and' 'or' 'xor'> <InPorts = 2> <OutPorts = 1>
ST_1 : Operation 61 [1/1] (1.18ns) (out node of the LUT)   --->   "%xor_ln63_49 = xor i8 %xor_ln63_48, i8 %xor_ln63_47" [../src/AES_encrypt.cpp:63]   --->   Operation 61 'xor' 'xor_ln63_49' <Predicate = true> <Delay = 1.18> <CoreInst = "LogicGate">   --->   Core 74 'LogicGate' <Latency = 0> <II = 1> <Delay = 0.99> <FuncUnit> <Opcode : 'and' 'or' 'xor'> <InPorts = 2> <OutPorts = 1>
ST_1 : Operation 62 [1/1] (0.99ns)   --->   "%xor_ln65_13 = xor i8 %in_7_read, i8 %in_4_read" [../src/AES_encrypt.cpp:65]   --->   Operation 62 'xor' 'xor_ln65_13' <Predicate = true> <Delay = 0.99> <CoreInst = "LogicGate">   --->   Core 74 'LogicGate' <Latency = 0> <II = 1> <Delay = 0.99> <FuncUnit> <Opcode : 'and' 'or' 'xor'> <InPorts = 2> <OutPorts = 1>
ST_1 : Operation 63 [1/1] (0.00ns) (grouped into LUT with out node xor_ln67_31)   --->   "%shl_ln68_67 = shl i8 %xor_ln65_13, i8 1" [../src/AES_common.cpp:68]   --->   Operation 63 'shl' 'shl_ln68_67' <Predicate = true> <Delay = 0.00>
ST_1 : Operation 64 [1/1] (0.00ns) (grouped into LUT with out node xor_ln67_31)   --->   "%tmp_67 = bitselect i1 @_ssdm_op_BitSelect.i1.i8.i32, i8 %xor_ln65_13, i32 7" [../src/AES_common.cpp:68]   --->   Operation 64 'bitselect' 'tmp_67' <Predicate = true> <Delay = 0.00>
ST_1 : Operation 65 [1/1] (0.00ns) (grouped into LUT with out node xor_ln67_31)   --->   "%select_ln67_13 = select i1 %tmp_67, i8 27, i8 0" [../src/AES_encrypt.cpp:67]   --->   Operation 65 'select' 'select_ln67_13' <Predicate = true> <Delay = 0.00> <CoreInst = "Sel">   --->   Core 73 'Sel' <Latency = 0> <II = 1> <Delay = 1.18> <FuncUnit> <Opcode : 'select'> <InPorts = 3> <OutPorts = 1>
ST_1 : Operation 66 [1/1] (0.00ns) (grouped into LUT with out node xor_ln67_31)   --->   "%xor_ln67_30 = xor i8 %xor_ln52_48, i8 %select_ln67_13" [../src/AES_encrypt.cpp:67]   --->   Operation 66 'xor' 'xor_ln67_30' <Predicate = true> <Delay = 0.00> <CoreInst = "LogicGate">   --->   Core 74 'LogicGate' <Latency = 0> <II = 1> <Delay = 0.99> <FuncUnit> <Opcode : 'and' 'or' 'xor'> <InPorts = 2> <OutPorts = 1>
ST_1 : Operation 67 [1/1] (1.18ns) (out node of the LUT)   --->   "%xor_ln67_31 = xor i8 %xor_ln67_30, i8 %shl_ln68_67" [../src/AES_encrypt.cpp:67]   --->   Operation 67 'xor' 'xor_ln67_31' <Predicate = true> <Delay = 1.18> <CoreInst = "LogicGate">   --->   Core 74 'LogicGate' <Latency = 0> <II = 1> <Delay = 0.99> <FuncUnit> <Opcode : 'and' 'or' 'xor'> <InPorts = 2> <OutPorts = 1>
ST_1 : Operation 68 [1/1] (0.00ns)   --->   "%in_8_read = read i8 @_ssdm_op_Read.ap_auto.i8P0A, i8 %in_8" [../src/AES_encrypt.cpp:51]   --->   Operation 68 'read' 'in_8_read' <Predicate = true> <Delay = 0.00>
ST_1 : Operation 69 [1/1] (0.00ns)   --->   "%in_9_read = read i8 @_ssdm_op_Read.ap_auto.i8P0A, i8 %in_9" [../src/AES_encrypt.cpp:52]   --->   Operation 69 'read' 'in_9_read' <Predicate = true> <Delay = 0.00>
ST_1 : Operation 70 [1/1] (0.99ns)   --->   "%xor_ln52_50 = xor i8 %in_9_read, i8 %in_8_read" [../src/AES_encrypt.cpp:52]   --->   Operation 70 'xor' 'xor_ln52_50' <Predicate = true> <Delay = 0.99> <CoreInst = "LogicGate">   --->   Core 74 'LogicGate' <Latency = 0> <II = 1> <Delay = 0.99> <FuncUnit> <Opcode : 'and' 'or' 'xor'> <InPorts = 2> <OutPorts = 1>
ST_1 : Operation 71 [1/1] (0.00ns)   --->   "%in_10_read = read i8 @_ssdm_op_Read.ap_auto.i8P0A, i8 %in_10" [../src/AES_encrypt.cpp:52]   --->   Operation 71 'read' 'in_10_read' <Predicate = true> <Delay = 0.00>
ST_1 : Operation 72 [1/1] (0.99ns)   --->   "%xor_ln52_51 = xor i8 %in_10_read, i8 %xor_ln52_50" [../src/AES_encrypt.cpp:52]   --->   Operation 72 'xor' 'xor_ln52_51' <Predicate = true> <Delay = 0.99> <CoreInst = "LogicGate">   --->   Core 74 'LogicGate' <Latency = 0> <II = 1> <Delay = 0.99> <FuncUnit> <Opcode : 'and' 'or' 'xor'> <InPorts = 2> <OutPorts = 1>
ST_1 : Operation 73 [1/1] (0.00ns)   --->   "%in_11_read = read i8 @_ssdm_op_Read.ap_auto.i8P0A, i8 %in_11" [../src/AES_encrypt.cpp:52]   --->   Operation 73 'read' 'in_11_read' <Predicate = true> <Delay = 0.00>
ST_1 : Operation 74 [1/1] (0.99ns)   --->   "%xor_ln52_52 = xor i8 %in_11_read, i8 %xor_ln52_51" [../src/AES_encrypt.cpp:52]   --->   Operation 74 'xor' 'xor_ln52_52' <Predicate = true> <Delay = 0.99> <CoreInst = "LogicGate">   --->   Core 74 'LogicGate' <Latency = 0> <II = 1> <Delay = 0.99> <FuncUnit> <Opcode : 'and' 'or' 'xor'> <InPorts = 2> <OutPorts = 1>
ST_1 : Operation 75 [1/1] (0.00ns) (grouped into LUT with out node xor_ln55_52)   --->   "%shl_ln68_68 = shl i8 %xor_ln52_50, i8 1" [../src/AES_common.cpp:68]   --->   Operation 75 'shl' 'shl_ln68_68' <Predicate = true> <Delay = 0.00>
ST_1 : Operation 76 [1/1] (0.00ns) (grouped into LUT with out node xor_ln55_52)   --->   "%tmp_68 = bitselect i1 @_ssdm_op_BitSelect.i1.i8.i32, i8 %xor_ln52_50, i32 7" [../src/AES_common.cpp:68]   --->   Operation 76 'bitselect' 'tmp_68' <Predicate = true> <Delay = 0.00>
ST_1 : Operation 77 [1/1] (0.00ns) (grouped into LUT with out node xor_ln55_52)   --->   "%select_ln55_14 = select i1 %tmp_68, i8 27, i8 0" [../src/AES_encrypt.cpp:55]   --->   Operation 77 'select' 'select_ln55_14' <Predicate = true> <Delay = 0.00> <CoreInst = "Sel">   --->   Core 73 'Sel' <Latency = 0> <II = 1> <Delay = 1.18> <FuncUnit> <Opcode : 'select'> <InPorts = 3> <OutPorts = 1>
ST_1 : Operation 78 [1/1] (0.00ns) (grouped into LUT with out node xor_ln55_52)   --->   "%xor_ln55_50 = xor i8 %in_8_read, i8 %shl_ln68_68" [../src/AES_encrypt.cpp:55]   --->   Operation 78 'xor' 'xor_ln55_50' <Predicate = true> <Delay = 0.00> <CoreInst = "LogicGate">   --->   Core 74 'LogicGate' <Latency = 0> <II = 1> <Delay = 0.99> <FuncUnit> <Opcode : 'and' 'or' 'xor'> <InPorts = 2> <OutPorts = 1>
ST_1 : Operation 79 [1/1] (0.00ns) (grouped into LUT with out node xor_ln55_52)   --->   "%xor_ln55_51 = xor i8 %select_ln55_14, i8 %xor_ln52_52" [../src/AES_encrypt.cpp:55]   --->   Operation 79 'xor' 'xor_ln55_51' <Predicate = true> <Delay = 0.00> <CoreInst = "LogicGate">   --->   Core 74 'LogicGate' <Latency = 0> <II = 1> <Delay = 0.99> <FuncUnit> <Opcode : 'and' 'or' 'xor'> <InPorts = 2> <OutPorts = 1>
ST_1 : Operation 80 [1/1] (1.18ns) (out node of the LUT)   --->   "%xor_ln55_52 = xor i8 %xor_ln55_51, i8 %xor_ln55_50" [../src/AES_encrypt.cpp:55]   --->   Operation 80 'xor' 'xor_ln55_52' <Predicate = true> <Delay = 1.18> <CoreInst = "LogicGate">   --->   Core 74 'LogicGate' <Latency = 0> <II = 1> <Delay = 0.99> <FuncUnit> <Opcode : 'and' 'or' 'xor'> <InPorts = 2> <OutPorts = 1>
ST_1 : Operation 81 [1/1] (0.99ns)   --->   "%xor_ln57_14 = xor i8 %in_10_read, i8 %in_9_read" [../src/AES_encrypt.cpp:57]   --->   Operation 81 'xor' 'xor_ln57_14' <Predicate = true> <Delay = 0.99> <CoreInst = "LogicGate">   --->   Core 74 'LogicGate' <Latency = 0> <II = 1> <Delay = 0.99> <FuncUnit> <Opcode : 'and' 'or' 'xor'> <InPorts = 2> <OutPorts = 1>
ST_1 : Operation 82 [1/1] (0.00ns) (grouped into LUT with out node xor_ln59_52)   --->   "%shl_ln68_69 = shl i8 %xor_ln57_14, i8 1" [../src/AES_common.cpp:68]   --->   Operation 82 'shl' 'shl_ln68_69' <Predicate = true> <Delay = 0.00>
ST_1 : Operation 83 [1/1] (0.00ns) (grouped into LUT with out node xor_ln59_52)   --->   "%tmp_69 = bitselect i1 @_ssdm_op_BitSelect.i1.i8.i32, i8 %xor_ln57_14, i32 7" [../src/AES_common.cpp:68]   --->   Operation 83 'bitselect' 'tmp_69' <Predicate = true> <Delay = 0.00>
ST_1 : Operation 84 [1/1] (0.00ns) (grouped into LUT with out node xor_ln59_52)   --->   "%select_ln59_14 = select i1 %tmp_69, i8 27, i8 0" [../src/AES_encrypt.cpp:59]   --->   Operation 84 'select' 'select_ln59_14' <Predicate = true> <Delay = 0.00> <CoreInst = "Sel">   --->   Core 73 'Sel' <Latency = 0> <II = 1> <Delay = 1.18> <FuncUnit> <Opcode : 'select'> <InPorts = 3> <OutPorts = 1>
ST_1 : Operation 85 [1/1] (0.00ns) (grouped into LUT with out node xor_ln59_52)   --->   "%xor_ln59_50 = xor i8 %in_9_read, i8 %shl_ln68_69" [../src/AES_encrypt.cpp:59]   --->   Operation 85 'xor' 'xor_ln59_50' <Predicate = true> <Delay = 0.00> <CoreInst = "LogicGate">   --->   Core 74 'LogicGate' <Latency = 0> <II = 1> <Delay = 0.99> <FuncUnit> <Opcode : 'and' 'or' 'xor'> <InPorts = 2> <OutPorts = 1>
ST_1 : Operation 86 [1/1] (0.00ns) (grouped into LUT with out node xor_ln59_52)   --->   "%xor_ln59_51 = xor i8 %select_ln59_14, i8 %xor_ln52_52" [../src/AES_encrypt.cpp:59]   --->   Operation 86 'xor' 'xor_ln59_51' <Predicate = true> <Delay = 0.00> <CoreInst = "LogicGate">   --->   Core 74 'LogicGate' <Latency = 0> <II = 1> <Delay = 0.99> <FuncUnit> <Opcode : 'and' 'or' 'xor'> <InPorts = 2> <OutPorts = 1>
ST_1 : Operation 87 [1/1] (1.18ns) (out node of the LUT)   --->   "%xor_ln59_52 = xor i8 %xor_ln59_51, i8 %xor_ln59_50" [../src/AES_encrypt.cpp:59]   --->   Operation 87 'xor' 'xor_ln59_52' <Predicate = true> <Delay = 1.18> <CoreInst = "LogicGate">   --->   Core 74 'LogicGate' <Latency = 0> <II = 1> <Delay = 0.99> <FuncUnit> <Opcode : 'and' 'or' 'xor'> <InPorts = 2> <OutPorts = 1>
ST_1 : Operation 88 [1/1] (0.99ns)   --->   "%xor_ln61_14 = xor i8 %in_11_read, i8 %in_10_read" [../src/AES_encrypt.cpp:61]   --->   Operation 88 'xor' 'xor_ln61_14' <Predicate = true> <Delay = 0.99> <CoreInst = "LogicGate">   --->   Core 74 'LogicGate' <Latency = 0> <II = 1> <Delay = 0.99> <FuncUnit> <Opcode : 'and' 'or' 'xor'> <InPorts = 2> <OutPorts = 1>
ST_1 : Operation 89 [1/1] (0.00ns) (grouped into LUT with out node xor_ln63_52)   --->   "%shl_ln68_70 = shl i8 %xor_ln61_14, i8 1" [../src/AES_common.cpp:68]   --->   Operation 89 'shl' 'shl_ln68_70' <Predicate = true> <Delay = 0.00>
ST_1 : Operation 90 [1/1] (0.00ns) (grouped into LUT with out node xor_ln63_52)   --->   "%tmp_70 = bitselect i1 @_ssdm_op_BitSelect.i1.i8.i32, i8 %xor_ln61_14, i32 7" [../src/AES_common.cpp:68]   --->   Operation 90 'bitselect' 'tmp_70' <Predicate = true> <Delay = 0.00>
ST_1 : Operation 91 [1/1] (0.00ns) (grouped into LUT with out node xor_ln63_52)   --->   "%select_ln63_14 = select i1 %tmp_70, i8 27, i8 0" [../src/AES_encrypt.cpp:63]   --->   Operation 91 'select' 'select_ln63_14' <Predicate = true> <Delay = 0.00> <CoreInst = "Sel">   --->   Core 73 'Sel' <Latency = 0> <II = 1> <Delay = 1.18> <FuncUnit> <Opcode : 'select'> <InPorts = 3> <OutPorts = 1>
ST_1 : Operation 92 [1/1] (0.00ns) (grouped into LUT with out node xor_ln63_52)   --->   "%xor_ln63_50 = xor i8 %in_11_read, i8 %xor_ln52_50" [../src/AES_encrypt.cpp:63]   --->   Operation 92 'xor' 'xor_ln63_50' <Predicate = true> <Delay = 0.00> <CoreInst = "LogicGate">   --->   Core 74 'LogicGate' <Latency = 0> <II = 1> <Delay = 0.99> <FuncUnit> <Opcode : 'and' 'or' 'xor'> <InPorts = 2> <OutPorts = 1>
ST_1 : Operation 93 [1/1] (0.00ns) (grouped into LUT with out node xor_ln63_52)   --->   "%xor_ln63_51 = xor i8 %shl_ln68_70, i8 %select_ln63_14" [../src/AES_encrypt.cpp:63]   --->   Operation 93 'xor' 'xor_ln63_51' <Predicate = true> <Delay = 0.00> <CoreInst = "LogicGate">   --->   Core 74 'LogicGate' <Latency = 0> <II = 1> <Delay = 0.99> <FuncUnit> <Opcode : 'and' 'or' 'xor'> <InPorts = 2> <OutPorts = 1>
ST_1 : Operation 94 [1/1] (1.18ns) (out node of the LUT)   --->   "%xor_ln63_52 = xor i8 %xor_ln63_51, i8 %xor_ln63_50" [../src/AES_encrypt.cpp:63]   --->   Operation 94 'xor' 'xor_ln63_52' <Predicate = true> <Delay = 1.18> <CoreInst = "LogicGate">   --->   Core 74 'LogicGate' <Latency = 0> <II = 1> <Delay = 0.99> <FuncUnit> <Opcode : 'and' 'or' 'xor'> <InPorts = 2> <OutPorts = 1>
ST_1 : Operation 95 [1/1] (0.99ns)   --->   "%xor_ln65_14 = xor i8 %in_11_read, i8 %in_8_read" [../src/AES_encrypt.cpp:65]   --->   Operation 95 'xor' 'xor_ln65_14' <Predicate = true> <Delay = 0.99> <CoreInst = "LogicGate">   --->   Core 74 'LogicGate' <Latency = 0> <II = 1> <Delay = 0.99> <FuncUnit> <Opcode : 'and' 'or' 'xor'> <InPorts = 2> <OutPorts = 1>
ST_1 : Operation 96 [1/1] (0.00ns) (grouped into LUT with out node xor_ln67_33)   --->   "%shl_ln68_71 = shl i8 %xor_ln65_14, i8 1" [../src/AES_common.cpp:68]   --->   Operation 96 'shl' 'shl_ln68_71' <Predicate = true> <Delay = 0.00>
ST_1 : Operation 97 [1/1] (0.00ns) (grouped into LUT with out node xor_ln67_33)   --->   "%tmp_71 = bitselect i1 @_ssdm_op_BitSelect.i1.i8.i32, i8 %xor_ln65_14, i32 7" [../src/AES_common.cpp:68]   --->   Operation 97 'bitselect' 'tmp_71' <Predicate = true> <Delay = 0.00>
ST_1 : Operation 98 [1/1] (0.00ns) (grouped into LUT with out node xor_ln67_33)   --->   "%select_ln67_14 = select i1 %tmp_71, i8 27, i8 0" [../src/AES_encrypt.cpp:67]   --->   Operation 98 'select' 'select_ln67_14' <Predicate = true> <Delay = 0.00> <CoreInst = "Sel">   --->   Core 73 'Sel' <Latency = 0> <II = 1> <Delay = 1.18> <FuncUnit> <Opcode : 'select'> <InPorts = 3> <OutPorts = 1>
ST_1 : Operation 99 [1/1] (0.00ns) (grouped into LUT with out node xor_ln67_33)   --->   "%xor_ln67_32 = xor i8 %xor_ln52_51, i8 %select_ln67_14" [../src/AES_encrypt.cpp:67]   --->   Operation 99 'xor' 'xor_ln67_32' <Predicate = true> <Delay = 0.00> <CoreInst = "LogicGate">   --->   Core 74 'LogicGate' <Latency = 0> <II = 1> <Delay = 0.99> <FuncUnit> <Opcode : 'and' 'or' 'xor'> <InPorts = 2> <OutPorts = 1>
ST_1 : Operation 100 [1/1] (1.18ns) (out node of the LUT)   --->   "%xor_ln67_33 = xor i8 %xor_ln67_32, i8 %shl_ln68_71" [../src/AES_encrypt.cpp:67]   --->   Operation 100 'xor' 'xor_ln67_33' <Predicate = true> <Delay = 1.18> <CoreInst = "LogicGate">   --->   Core 74 'LogicGate' <Latency = 0> <II = 1> <Delay = 0.99> <FuncUnit> <Opcode : 'and' 'or' 'xor'> <InPorts = 2> <OutPorts = 1>
ST_1 : Operation 101 [1/1] (0.00ns)   --->   "%in_12_read = read i8 @_ssdm_op_Read.ap_auto.i8P0A, i8 %in_12" [../src/AES_encrypt.cpp:51]   --->   Operation 101 'read' 'in_12_read' <Predicate = true> <Delay = 0.00>
ST_1 : Operation 102 [1/1] (0.00ns)   --->   "%in_13_read = read i8 @_ssdm_op_Read.ap_auto.i8P0A, i8 %in_13" [../src/AES_encrypt.cpp:52]   --->   Operation 102 'read' 'in_13_read' <Predicate = true> <Delay = 0.00>
ST_1 : Operation 103 [1/1] (0.99ns)   --->   "%xor_ln52_53 = xor i8 %in_13_read, i8 %in_12_read" [../src/AES_encrypt.cpp:52]   --->   Operation 103 'xor' 'xor_ln52_53' <Predicate = true> <Delay = 0.99> <CoreInst = "LogicGate">   --->   Core 74 'LogicGate' <Latency = 0> <II = 1> <Delay = 0.99> <FuncUnit> <Opcode : 'and' 'or' 'xor'> <InPorts = 2> <OutPorts = 1>
ST_1 : Operation 104 [1/1] (0.00ns)   --->   "%in_14_read = read i8 @_ssdm_op_Read.ap_auto.i8P0A, i8 %in_14" [../src/AES_encrypt.cpp:52]   --->   Operation 104 'read' 'in_14_read' <Predicate = true> <Delay = 0.00>
ST_1 : Operation 105 [1/1] (0.99ns)   --->   "%xor_ln52_54 = xor i8 %in_14_read, i8 %xor_ln52_53" [../src/AES_encrypt.cpp:52]   --->   Operation 105 'xor' 'xor_ln52_54' <Predicate = true> <Delay = 0.99> <CoreInst = "LogicGate">   --->   Core 74 'LogicGate' <Latency = 0> <II = 1> <Delay = 0.99> <FuncUnit> <Opcode : 'and' 'or' 'xor'> <InPorts = 2> <OutPorts = 1>
ST_1 : Operation 106 [1/1] (0.00ns)   --->   "%in_15_read = read i8 @_ssdm_op_Read.ap_auto.i8P0A, i8 %in_15" [../src/AES_encrypt.cpp:52]   --->   Operation 106 'read' 'in_15_read' <Predicate = true> <Delay = 0.00>
ST_1 : Operation 107 [1/1] (0.99ns)   --->   "%xor_ln52_55 = xor i8 %in_15_read, i8 %xor_ln52_54" [../src/AES_encrypt.cpp:52]   --->   Operation 107 'xor' 'xor_ln52_55' <Predicate = true> <Delay = 0.99> <CoreInst = "LogicGate">   --->   Core 74 'LogicGate' <Latency = 0> <II = 1> <Delay = 0.99> <FuncUnit> <Opcode : 'and' 'or' 'xor'> <InPorts = 2> <OutPorts = 1>
ST_1 : Operation 108 [1/1] (0.00ns) (grouped into LUT with out node xor_ln55_55)   --->   "%shl_ln68_72 = shl i8 %xor_ln52_53, i8 1" [../src/AES_common.cpp:68]   --->   Operation 108 'shl' 'shl_ln68_72' <Predicate = true> <Delay = 0.00>
ST_1 : Operation 109 [1/1] (0.00ns) (grouped into LUT with out node xor_ln55_55)   --->   "%tmp_72 = bitselect i1 @_ssdm_op_BitSelect.i1.i8.i32, i8 %xor_ln52_53, i32 7" [../src/AES_common.cpp:68]   --->   Operation 109 'bitselect' 'tmp_72' <Predicate = true> <Delay = 0.00>
ST_1 : Operation 110 [1/1] (0.00ns) (grouped into LUT with out node xor_ln55_55)   --->   "%select_ln55_15 = select i1 %tmp_72, i8 27, i8 0" [../src/AES_encrypt.cpp:55]   --->   Operation 110 'select' 'select_ln55_15' <Predicate = true> <Delay = 0.00> <CoreInst = "Sel">   --->   Core 73 'Sel' <Latency = 0> <II = 1> <Delay = 1.18> <FuncUnit> <Opcode : 'select'> <InPorts = 3> <OutPorts = 1>
ST_1 : Operation 111 [1/1] (0.00ns) (grouped into LUT with out node xor_ln55_55)   --->   "%xor_ln55_53 = xor i8 %in_12_read, i8 %shl_ln68_72" [../src/AES_encrypt.cpp:55]   --->   Operation 111 'xor' 'xor_ln55_53' <Predicate = true> <Delay = 0.00> <CoreInst = "LogicGate">   --->   Core 74 'LogicGate' <Latency = 0> <II = 1> <Delay = 0.99> <FuncUnit> <Opcode : 'and' 'or' 'xor'> <InPorts = 2> <OutPorts = 1>
ST_1 : Operation 112 [1/1] (0.00ns) (grouped into LUT with out node xor_ln55_55)   --->   "%xor_ln55_54 = xor i8 %select_ln55_15, i8 %xor_ln52_55" [../src/AES_encrypt.cpp:55]   --->   Operation 112 'xor' 'xor_ln55_54' <Predicate = true> <Delay = 0.00> <CoreInst = "LogicGate">   --->   Core 74 'LogicGate' <Latency = 0> <II = 1> <Delay = 0.99> <FuncUnit> <Opcode : 'and' 'or' 'xor'> <InPorts = 2> <OutPorts = 1>
ST_1 : Operation 113 [1/1] (1.18ns) (out node of the LUT)   --->   "%xor_ln55_55 = xor i8 %xor_ln55_54, i8 %xor_ln55_53" [../src/AES_encrypt.cpp:55]   --->   Operation 113 'xor' 'xor_ln55_55' <Predicate = true> <Delay = 1.18> <CoreInst = "LogicGate">   --->   Core 74 'LogicGate' <Latency = 0> <II = 1> <Delay = 0.99> <FuncUnit> <Opcode : 'and' 'or' 'xor'> <InPorts = 2> <OutPorts = 1>
ST_1 : Operation 114 [1/1] (0.99ns)   --->   "%xor_ln57_15 = xor i8 %in_14_read, i8 %in_13_read" [../src/AES_encrypt.cpp:57]   --->   Operation 114 'xor' 'xor_ln57_15' <Predicate = true> <Delay = 0.99> <CoreInst = "LogicGate">   --->   Core 74 'LogicGate' <Latency = 0> <II = 1> <Delay = 0.99> <FuncUnit> <Opcode : 'and' 'or' 'xor'> <InPorts = 2> <OutPorts = 1>
ST_1 : Operation 115 [1/1] (0.00ns) (grouped into LUT with out node xor_ln59_55)   --->   "%shl_ln68_73 = shl i8 %xor_ln57_15, i8 1" [../src/AES_common.cpp:68]   --->   Operation 115 'shl' 'shl_ln68_73' <Predicate = true> <Delay = 0.00>
ST_1 : Operation 116 [1/1] (0.00ns) (grouped into LUT with out node xor_ln59_55)   --->   "%tmp_73 = bitselect i1 @_ssdm_op_BitSelect.i1.i8.i32, i8 %xor_ln57_15, i32 7" [../src/AES_common.cpp:68]   --->   Operation 116 'bitselect' 'tmp_73' <Predicate = true> <Delay = 0.00>
ST_1 : Operation 117 [1/1] (0.00ns) (grouped into LUT with out node xor_ln59_55)   --->   "%select_ln59_15 = select i1 %tmp_73, i8 27, i8 0" [../src/AES_encrypt.cpp:59]   --->   Operation 117 'select' 'select_ln59_15' <Predicate = true> <Delay = 0.00> <CoreInst = "Sel">   --->   Core 73 'Sel' <Latency = 0> <II = 1> <Delay = 1.18> <FuncUnit> <Opcode : 'select'> <InPorts = 3> <OutPorts = 1>
ST_1 : Operation 118 [1/1] (0.00ns) (grouped into LUT with out node xor_ln59_55)   --->   "%xor_ln59_53 = xor i8 %in_13_read, i8 %shl_ln68_73" [../src/AES_encrypt.cpp:59]   --->   Operation 118 'xor' 'xor_ln59_53' <Predicate = true> <Delay = 0.00> <CoreInst = "LogicGate">   --->   Core 74 'LogicGate' <Latency = 0> <II = 1> <Delay = 0.99> <FuncUnit> <Opcode : 'and' 'or' 'xor'> <InPorts = 2> <OutPorts = 1>
ST_1 : Operation 119 [1/1] (0.00ns) (grouped into LUT with out node xor_ln59_55)   --->   "%xor_ln59_54 = xor i8 %select_ln59_15, i8 %xor_ln52_55" [../src/AES_encrypt.cpp:59]   --->   Operation 119 'xor' 'xor_ln59_54' <Predicate = true> <Delay = 0.00> <CoreInst = "LogicGate">   --->   Core 74 'LogicGate' <Latency = 0> <II = 1> <Delay = 0.99> <FuncUnit> <Opcode : 'and' 'or' 'xor'> <InPorts = 2> <OutPorts = 1>
ST_1 : Operation 120 [1/1] (1.18ns) (out node of the LUT)   --->   "%xor_ln59_55 = xor i8 %xor_ln59_54, i8 %xor_ln59_53" [../src/AES_encrypt.cpp:59]   --->   Operation 120 'xor' 'xor_ln59_55' <Predicate = true> <Delay = 1.18> <CoreInst = "LogicGate">   --->   Core 74 'LogicGate' <Latency = 0> <II = 1> <Delay = 0.99> <FuncUnit> <Opcode : 'and' 'or' 'xor'> <InPorts = 2> <OutPorts = 1>
ST_1 : Operation 121 [1/1] (0.99ns)   --->   "%xor_ln61_15 = xor i8 %in_15_read, i8 %in_14_read" [../src/AES_encrypt.cpp:61]   --->   Operation 121 'xor' 'xor_ln61_15' <Predicate = true> <Delay = 0.99> <CoreInst = "LogicGate">   --->   Core 74 'LogicGate' <Latency = 0> <II = 1> <Delay = 0.99> <FuncUnit> <Opcode : 'and' 'or' 'xor'> <InPorts = 2> <OutPorts = 1>
ST_1 : Operation 122 [1/1] (0.00ns) (grouped into LUT with out node xor_ln63_55)   --->   "%shl_ln68_74 = shl i8 %xor_ln61_15, i8 1" [../src/AES_common.cpp:68]   --->   Operation 122 'shl' 'shl_ln68_74' <Predicate = true> <Delay = 0.00>
ST_1 : Operation 123 [1/1] (0.00ns) (grouped into LUT with out node xor_ln63_55)   --->   "%tmp_74 = bitselect i1 @_ssdm_op_BitSelect.i1.i8.i32, i8 %xor_ln61_15, i32 7" [../src/AES_common.cpp:68]   --->   Operation 123 'bitselect' 'tmp_74' <Predicate = true> <Delay = 0.00>
ST_1 : Operation 124 [1/1] (0.00ns) (grouped into LUT with out node xor_ln63_55)   --->   "%select_ln63_15 = select i1 %tmp_74, i8 27, i8 0" [../src/AES_encrypt.cpp:63]   --->   Operation 124 'select' 'select_ln63_15' <Predicate = true> <Delay = 0.00> <CoreInst = "Sel">   --->   Core 73 'Sel' <Latency = 0> <II = 1> <Delay = 1.18> <FuncUnit> <Opcode : 'select'> <InPorts = 3> <OutPorts = 1>
ST_1 : Operation 125 [1/1] (0.00ns) (grouped into LUT with out node xor_ln63_55)   --->   "%xor_ln63_53 = xor i8 %in_15_read, i8 %xor_ln52_53" [../src/AES_encrypt.cpp:63]   --->   Operation 125 'xor' 'xor_ln63_53' <Predicate = true> <Delay = 0.00> <CoreInst = "LogicGate">   --->   Core 74 'LogicGate' <Latency = 0> <II = 1> <Delay = 0.99> <FuncUnit> <Opcode : 'and' 'or' 'xor'> <InPorts = 2> <OutPorts = 1>
ST_1 : Operation 126 [1/1] (0.00ns) (grouped into LUT with out node xor_ln63_55)   --->   "%xor_ln63_54 = xor i8 %shl_ln68_74, i8 %select_ln63_15" [../src/AES_encrypt.cpp:63]   --->   Operation 126 'xor' 'xor_ln63_54' <Predicate = true> <Delay = 0.00> <CoreInst = "LogicGate">   --->   Core 74 'LogicGate' <Latency = 0> <II = 1> <Delay = 0.99> <FuncUnit> <Opcode : 'and' 'or' 'xor'> <InPorts = 2> <OutPorts = 1>
ST_1 : Operation 127 [1/1] (1.18ns) (out node of the LUT)   --->   "%xor_ln63_55 = xor i8 %xor_ln63_54, i8 %xor_ln63_53" [../src/AES_encrypt.cpp:63]   --->   Operation 127 'xor' 'xor_ln63_55' <Predicate = true> <Delay = 1.18> <CoreInst = "LogicGate">   --->   Core 74 'LogicGate' <Latency = 0> <II = 1> <Delay = 0.99> <FuncUnit> <Opcode : 'and' 'or' 'xor'> <InPorts = 2> <OutPorts = 1>
ST_1 : Operation 128 [1/1] (0.99ns)   --->   "%xor_ln65_15 = xor i8 %in_15_read, i8 %in_12_read" [../src/AES_encrypt.cpp:65]   --->   Operation 128 'xor' 'xor_ln65_15' <Predicate = true> <Delay = 0.99> <CoreInst = "LogicGate">   --->   Core 74 'LogicGate' <Latency = 0> <II = 1> <Delay = 0.99> <FuncUnit> <Opcode : 'and' 'or' 'xor'> <InPorts = 2> <OutPorts = 1>
ST_1 : Operation 129 [1/1] (0.00ns) (grouped into LUT with out node xor_ln67_35)   --->   "%shl_ln68_75 = shl i8 %xor_ln65_15, i8 1" [../src/AES_common.cpp:68]   --->   Operation 129 'shl' 'shl_ln68_75' <Predicate = true> <Delay = 0.00>
ST_1 : Operation 130 [1/1] (0.00ns) (grouped into LUT with out node xor_ln67_35)   --->   "%tmp_75 = bitselect i1 @_ssdm_op_BitSelect.i1.i8.i32, i8 %xor_ln65_15, i32 7" [../src/AES_common.cpp:68]   --->   Operation 130 'bitselect' 'tmp_75' <Predicate = true> <Delay = 0.00>
ST_1 : Operation 131 [1/1] (0.00ns) (grouped into LUT with out node xor_ln67_35)   --->   "%select_ln67_15 = select i1 %tmp_75, i8 27, i8 0" [../src/AES_encrypt.cpp:67]   --->   Operation 131 'select' 'select_ln67_15' <Predicate = true> <Delay = 0.00> <CoreInst = "Sel">   --->   Core 73 'Sel' <Latency = 0> <II = 1> <Delay = 1.18> <FuncUnit> <Opcode : 'select'> <InPorts = 3> <OutPorts = 1>
ST_1 : Operation 132 [1/1] (0.00ns) (grouped into LUT with out node xor_ln67_35)   --->   "%xor_ln67_34 = xor i8 %xor_ln52_54, i8 %select_ln67_15" [../src/AES_encrypt.cpp:67]   --->   Operation 132 'xor' 'xor_ln67_34' <Predicate = true> <Delay = 0.00> <CoreInst = "LogicGate">   --->   Core 74 'LogicGate' <Latency = 0> <II = 1> <Delay = 0.99> <FuncUnit> <Opcode : 'and' 'or' 'xor'> <InPorts = 2> <OutPorts = 1>
ST_1 : Operation 133 [1/1] (1.18ns) (out node of the LUT)   --->   "%xor_ln67_35 = xor i8 %xor_ln67_34, i8 %shl_ln68_75" [../src/AES_encrypt.cpp:67]   --->   Operation 133 'xor' 'xor_ln67_35' <Predicate = true> <Delay = 1.18> <CoreInst = "LogicGate">   --->   Core 74 'LogicGate' <Latency = 0> <II = 1> <Delay = 0.99> <FuncUnit> <Opcode : 'and' 'or' 'xor'> <InPorts = 2> <OutPorts = 1>
ST_1 : Operation 134 [1/1] (0.00ns)   --->   "%mrv = insertvalue i128 <undef>, i8 %xor_ln55_46" [../src/AES_encrypt.cpp:69]   --->   Operation 134 'insertvalue' 'mrv' <Predicate = true> <Delay = 0.00>
ST_1 : Operation 135 [1/1] (0.00ns)   --->   "%mrv_1 = insertvalue i128 %mrv, i8 %xor_ln59_46" [../src/AES_encrypt.cpp:69]   --->   Operation 135 'insertvalue' 'mrv_1' <Predicate = true> <Delay = 0.00>
ST_1 : Operation 136 [1/1] (0.00ns)   --->   "%mrv_2 = insertvalue i128 %mrv_1, i8 %xor_ln63_46" [../src/AES_encrypt.cpp:69]   --->   Operation 136 'insertvalue' 'mrv_2' <Predicate = true> <Delay = 0.00>
ST_1 : Operation 137 [1/1] (0.00ns)   --->   "%mrv_3 = insertvalue i128 %mrv_2, i8 %xor_ln67_29" [../src/AES_encrypt.cpp:69]   --->   Operation 137 'insertvalue' 'mrv_3' <Predicate = true> <Delay = 0.00>
ST_1 : Operation 138 [1/1] (0.00ns)   --->   "%mrv_4 = insertvalue i128 %mrv_3, i8 %xor_ln55_49" [../src/AES_encrypt.cpp:69]   --->   Operation 138 'insertvalue' 'mrv_4' <Predicate = true> <Delay = 0.00>
ST_1 : Operation 139 [1/1] (0.00ns)   --->   "%mrv_5 = insertvalue i128 %mrv_4, i8 %xor_ln59_49" [../src/AES_encrypt.cpp:69]   --->   Operation 139 'insertvalue' 'mrv_5' <Predicate = true> <Delay = 0.00>
ST_1 : Operation 140 [1/1] (0.00ns)   --->   "%mrv_6 = insertvalue i128 %mrv_5, i8 %xor_ln63_49" [../src/AES_encrypt.cpp:69]   --->   Operation 140 'insertvalue' 'mrv_6' <Predicate = true> <Delay = 0.00>
ST_1 : Operation 141 [1/1] (0.00ns)   --->   "%mrv_7 = insertvalue i128 %mrv_6, i8 %xor_ln67_31" [../src/AES_encrypt.cpp:69]   --->   Operation 141 'insertvalue' 'mrv_7' <Predicate = true> <Delay = 0.00>
ST_1 : Operation 142 [1/1] (0.00ns)   --->   "%mrv_8 = insertvalue i128 %mrv_7, i8 %xor_ln55_52" [../src/AES_encrypt.cpp:69]   --->   Operation 142 'insertvalue' 'mrv_8' <Predicate = true> <Delay = 0.00>
ST_1 : Operation 143 [1/1] (0.00ns)   --->   "%mrv_9 = insertvalue i128 %mrv_8, i8 %xor_ln59_52" [../src/AES_encrypt.cpp:69]   --->   Operation 143 'insertvalue' 'mrv_9' <Predicate = true> <Delay = 0.00>
ST_1 : Operation 144 [1/1] (0.00ns)   --->   "%mrv_10 = insertvalue i128 %mrv_9, i8 %xor_ln63_52" [../src/AES_encrypt.cpp:69]   --->   Operation 144 'insertvalue' 'mrv_10' <Predicate = true> <Delay = 0.00>
ST_1 : Operation 145 [1/1] (0.00ns)   --->   "%mrv_11 = insertvalue i128 %mrv_10, i8 %xor_ln67_33" [../src/AES_encrypt.cpp:69]   --->   Operation 145 'insertvalue' 'mrv_11' <Predicate = true> <Delay = 0.00>
ST_1 : Operation 146 [1/1] (0.00ns)   --->   "%mrv_12 = insertvalue i128 %mrv_11, i8 %xor_ln55_55" [../src/AES_encrypt.cpp:69]   --->   Operation 146 'insertvalue' 'mrv_12' <Predicate = true> <Delay = 0.00>
ST_1 : Operation 147 [1/1] (0.00ns)   --->   "%mrv_13 = insertvalue i128 %mrv_12, i8 %xor_ln59_55" [../src/AES_encrypt.cpp:69]   --->   Operation 147 'insertvalue' 'mrv_13' <Predicate = true> <Delay = 0.00>
ST_1 : Operation 148 [1/1] (0.00ns)   --->   "%mrv_14 = insertvalue i128 %mrv_13, i8 %xor_ln63_55" [../src/AES_encrypt.cpp:69]   --->   Operation 148 'insertvalue' 'mrv_14' <Predicate = true> <Delay = 0.00>
ST_1 : Operation 149 [1/1] (0.00ns)   --->   "%mrv_s = insertvalue i128 %mrv_14, i8 %xor_ln67_35" [../src/AES_encrypt.cpp:69]   --->   Operation 149 'insertvalue' 'mrv_s' <Predicate = true> <Delay = 0.00>
ST_1 : Operation 150 [1/1] (0.00ns)   --->   "%ret_ln69 = ret i128 %mrv_s" [../src/AES_encrypt.cpp:69]   --->   Operation 150 'ret' 'ret_ln69' <Predicate = true> <Delay = 0.00>


============================================================
+ Verbose Summary: Timing violations
============================================================
Target clock period: 10ns, clock uncertainty: 2.7ns.

 <State 1>: 4.16ns
The critical path consists of the following:
	wire read on port 'in_0' (../src/AES_encrypt.cpp:51) [17]  (0 ns)
	'xor' operation ('xor_ln52', ../src/AES_encrypt.cpp:52) [19]  (0.99 ns)
	'xor' operation ('xor_ln52_45', ../src/AES_encrypt.cpp:52) [21]  (0.99 ns)
	'xor' operation ('xor_ln52_46', ../src/AES_encrypt.cpp:52) [23]  (0.99 ns)
	'xor' operation ('xor_ln55_45', ../src/AES_encrypt.cpp:55) [28]  (0 ns)
	'xor' operation ('out[0]', ../src/AES_encrypt.cpp:55) [29]  (1.19 ns)


============================================================
+ Verbose Summary: Binding
============================================================
N/A
* FSMD analyzer results:
  - Output states:
 - Input state : 
  - Chain level:
	State 1


============================================================
+ Verbose Summary: Datapath Resource usage 
============================================================
N/A
