

================================================================
== Vitis HLS Report for 'ShiftRows91'
================================================================
* Date:           Sat Jan  1 23:29:03 2022

* Version:        2020.2 (Build 3064766 on Wed Nov 18 09:12:45 MST 2020)
* Project:        aes
* Solution:       solution1 (Vivado IP Flow Target)
* Product family: zynq
* Target device:  xc7z020-clg484-1


================================================================
== Performance Estimates
================================================================
+ Timing: 
    * Summary: 
    +--------+----------+----------+------------+
    |  Clock |  Target  | Estimated| Uncertainty|
    +--------+----------+----------+------------+
    |ap_clk  |  10.00 ns|      0 ns|     2.70 ns|
    +--------+----------+----------+------------+

+ Latency: 
    * Summary: 
    +---------+---------+----------+----------+-----+-----+---------+
    |  Latency (cycles) |  Latency (absolute) |  Interval | Pipeline|
    |   min   |   max   |    min   |    max   | min | max |   Type  |
    +---------+---------+----------+----------+-----+-----+---------+
    |        0|        0|      0 ns|      0 ns|    0|    0|     none|
    +---------+---------+----------+----------+-----+-----+---------+

    + Detail: 
        * Instance: 
        N/A

        * Loop: 
        N/A

============================================================
+ Verbose Summary: Synthesis Manager
============================================================
InlineROM: 1
ExposeGlobal: 0
============================================================
+ Verbose Summary: CDFG Model
============================================================
IsTopModel: 0
ResetActiveHigh: 1
IsCombinational: 2
IsDatapathOnly: 0
HasWiredReturn: 1
HasMFsm: 0
HasVarLatency: 0
IsPipeline: 0
IsRtlPipelined: 0
IsInstanceOverlapped: 0
IsDontTouch: 0
HasImplIP: 0
IsGatedGlobalClock: 0


============================================================
+ Verbose Summary: Schedule
============================================================
* Number of FSM states : 1
* Pipeline : 0
* Dataflow Pipeline: 0

* FSM state transitions: 
1 --> 

* FSM state operations: 

State 1 <SV = 0> <Delay = 0.00>
ST_1 : Operation 2 [1/1] (0.00ns)   --->   "%in_1_read = read i8 @_ssdm_op_Read.ap_auto.i8P0A, i8 %in_1" [../src/AES_encrypt.cpp:22]   --->   Operation 2 'read' 'in_1_read' <Predicate = true> <Delay = 0.00>
ST_1 : Operation 3 [1/1] (0.00ns)   --->   "%write_ln22 = write void @_ssdm_op_Write.ap_auto.i8P0A, i8 %out_13, i8 %in_1_read" [../src/AES_encrypt.cpp:22]   --->   Operation 3 'write' 'write_ln22' <Predicate = true> <Delay = 0.00>
ST_1 : Operation 4 [1/1] (0.00ns)   --->   "%in_5_read = read i8 @_ssdm_op_Read.ap_auto.i8P0A, i8 %in_5" [../src/AES_encrypt.cpp:23]   --->   Operation 4 'read' 'in_5_read' <Predicate = true> <Delay = 0.00>
ST_1 : Operation 5 [1/1] (0.00ns)   --->   "%write_ln23 = write void @_ssdm_op_Write.ap_auto.i8P0A, i8 %out_1, i8 %in_5_read" [../src/AES_encrypt.cpp:23]   --->   Operation 5 'write' 'write_ln23' <Predicate = true> <Delay = 0.00>
ST_1 : Operation 6 [1/1] (0.00ns)   --->   "%in_9_read = read i8 @_ssdm_op_Read.ap_auto.i8P0A, i8 %in_9" [../src/AES_encrypt.cpp:24]   --->   Operation 6 'read' 'in_9_read' <Predicate = true> <Delay = 0.00>
ST_1 : Operation 7 [1/1] (0.00ns)   --->   "%write_ln24 = write void @_ssdm_op_Write.ap_auto.i8P0A, i8 %out_5, i8 %in_9_read" [../src/AES_encrypt.cpp:24]   --->   Operation 7 'write' 'write_ln24' <Predicate = true> <Delay = 0.00>
ST_1 : Operation 8 [1/1] (0.00ns)   --->   "%in_13_read = read i8 @_ssdm_op_Read.ap_auto.i8P0A, i8 %in_13" [../src/AES_encrypt.cpp:25]   --->   Operation 8 'read' 'in_13_read' <Predicate = true> <Delay = 0.00>
ST_1 : Operation 9 [1/1] (0.00ns)   --->   "%write_ln25 = write void @_ssdm_op_Write.ap_auto.i8P0A, i8 %out_9, i8 %in_13_read" [../src/AES_encrypt.cpp:25]   --->   Operation 9 'write' 'write_ln25' <Predicate = true> <Delay = 0.00>
ST_1 : Operation 10 [1/1] (0.00ns)   --->   "%in_2_read = read i8 @_ssdm_op_Read.ap_auto.i8P0A, i8 %in_2" [../src/AES_encrypt.cpp:28]   --->   Operation 10 'read' 'in_2_read' <Predicate = true> <Delay = 0.00>
ST_1 : Operation 11 [1/1] (0.00ns)   --->   "%write_ln28 = write void @_ssdm_op_Write.ap_auto.i8P0A, i8 %out_10, i8 %in_2_read" [../src/AES_encrypt.cpp:28]   --->   Operation 11 'write' 'write_ln28' <Predicate = true> <Delay = 0.00>
ST_1 : Operation 12 [1/1] (0.00ns)   --->   "%in_10_read = read i8 @_ssdm_op_Read.ap_auto.i8P0A, i8 %in_10" [../src/AES_encrypt.cpp:29]   --->   Operation 12 'read' 'in_10_read' <Predicate = true> <Delay = 0.00>
ST_1 : Operation 13 [1/1] (0.00ns)   --->   "%write_ln29 = write void @_ssdm_op_Write.ap_auto.i8P0A, i8 %out_2, i8 %in_10_read" [../src/AES_encrypt.cpp:29]   --->   Operation 13 'write' 'write_ln29' <Predicate = true> <Delay = 0.00>
ST_1 : Operation 14 [1/1] (0.00ns)   --->   "%in_6_read = read i8 @_ssdm_op_Read.ap_auto.i8P0A, i8 %in_6" [../src/AES_encrypt.cpp:30]   --->   Operation 14 'read' 'in_6_read' <Predicate = true> <Delay = 0.00>
ST_1 : Operation 15 [1/1] (0.00ns)   --->   "%write_ln30 = write void @_ssdm_op_Write.ap_auto.i8P0A, i8 %out_14, i8 %in_6_read" [../src/AES_encrypt.cpp:30]   --->   Operation 15 'write' 'write_ln30' <Predicate = true> <Delay = 0.00>
ST_1 : Operation 16 [1/1] (0.00ns)   --->   "%in_14_read = read i8 @_ssdm_op_Read.ap_auto.i8P0A, i8 %in_14" [../src/AES_encrypt.cpp:31]   --->   Operation 16 'read' 'in_14_read' <Predicate = true> <Delay = 0.00>
ST_1 : Operation 17 [1/1] (0.00ns)   --->   "%write_ln31 = write void @_ssdm_op_Write.ap_auto.i8P0A, i8 %out_6, i8 %in_14_read" [../src/AES_encrypt.cpp:31]   --->   Operation 17 'write' 'write_ln31' <Predicate = true> <Delay = 0.00>
ST_1 : Operation 18 [1/1] (0.00ns)   --->   "%in_3_read = read i8 @_ssdm_op_Read.ap_auto.i8P0A, i8 %in_3" [../src/AES_encrypt.cpp:34]   --->   Operation 18 'read' 'in_3_read' <Predicate = true> <Delay = 0.00>
ST_1 : Operation 19 [1/1] (0.00ns)   --->   "%write_ln34 = write void @_ssdm_op_Write.ap_auto.i8P0A, i8 %out_7, i8 %in_3_read" [../src/AES_encrypt.cpp:34]   --->   Operation 19 'write' 'write_ln34' <Predicate = true> <Delay = 0.00>
ST_1 : Operation 20 [1/1] (0.00ns)   --->   "%in_15_read = read i8 @_ssdm_op_Read.ap_auto.i8P0A, i8 %in_15" [../src/AES_encrypt.cpp:35]   --->   Operation 20 'read' 'in_15_read' <Predicate = true> <Delay = 0.00>
ST_1 : Operation 21 [1/1] (0.00ns)   --->   "%write_ln35 = write void @_ssdm_op_Write.ap_auto.i8P0A, i8 %out_3, i8 %in_15_read" [../src/AES_encrypt.cpp:35]   --->   Operation 21 'write' 'write_ln35' <Predicate = true> <Delay = 0.00>
ST_1 : Operation 22 [1/1] (0.00ns)   --->   "%in_11_read = read i8 @_ssdm_op_Read.ap_auto.i8P0A, i8 %in_11" [../src/AES_encrypt.cpp:36]   --->   Operation 22 'read' 'in_11_read' <Predicate = true> <Delay = 0.00>
ST_1 : Operation 23 [1/1] (0.00ns)   --->   "%write_ln36 = write void @_ssdm_op_Write.ap_auto.i8P0A, i8 %out_15, i8 %in_11_read" [../src/AES_encrypt.cpp:36]   --->   Operation 23 'write' 'write_ln36' <Predicate = true> <Delay = 0.00>
ST_1 : Operation 24 [1/1] (0.00ns)   --->   "%in_7_read = read i8 @_ssdm_op_Read.ap_auto.i8P0A, i8 %in_7" [../src/AES_encrypt.cpp:37]   --->   Operation 24 'read' 'in_7_read' <Predicate = true> <Delay = 0.00>
ST_1 : Operation 25 [1/1] (0.00ns)   --->   "%write_ln37 = write void @_ssdm_op_Write.ap_auto.i8P0A, i8 %out_11, i8 %in_7_read" [../src/AES_encrypt.cpp:37]   --->   Operation 25 'write' 'write_ln37' <Predicate = true> <Delay = 0.00>
ST_1 : Operation 26 [1/1] (0.00ns)   --->   "%in_0_read = read i8 @_ssdm_op_Read.ap_auto.i8P0A, i8 %in_0" [../src/AES_encrypt.cpp:40]   --->   Operation 26 'read' 'in_0_read' <Predicate = true> <Delay = 0.00>
ST_1 : Operation 27 [1/1] (0.00ns)   --->   "%write_ln40 = write void @_ssdm_op_Write.ap_auto.i8P0A, i8 %out_0, i8 %in_0_read" [../src/AES_encrypt.cpp:40]   --->   Operation 27 'write' 'write_ln40' <Predicate = true> <Delay = 0.00>
ST_1 : Operation 28 [1/1] (0.00ns)   --->   "%in_4_read = read i8 @_ssdm_op_Read.ap_auto.i8P0A, i8 %in_4" [../src/AES_encrypt.cpp:41]   --->   Operation 28 'read' 'in_4_read' <Predicate = true> <Delay = 0.00>
ST_1 : Operation 29 [1/1] (0.00ns)   --->   "%write_ln41 = write void @_ssdm_op_Write.ap_auto.i8P0A, i8 %out_4, i8 %in_4_read" [../src/AES_encrypt.cpp:41]   --->   Operation 29 'write' 'write_ln41' <Predicate = true> <Delay = 0.00>
ST_1 : Operation 30 [1/1] (0.00ns)   --->   "%in_8_read = read i8 @_ssdm_op_Read.ap_auto.i8P0A, i8 %in_8" [../src/AES_encrypt.cpp:42]   --->   Operation 30 'read' 'in_8_read' <Predicate = true> <Delay = 0.00>
ST_1 : Operation 31 [1/1] (0.00ns)   --->   "%write_ln42 = write void @_ssdm_op_Write.ap_auto.i8P0A, i8 %out_8, i8 %in_8_read" [../src/AES_encrypt.cpp:42]   --->   Operation 31 'write' 'write_ln42' <Predicate = true> <Delay = 0.00>
ST_1 : Operation 32 [1/1] (0.00ns)   --->   "%in_12_read = read i8 @_ssdm_op_Read.ap_auto.i8P0A, i8 %in_12" [../src/AES_encrypt.cpp:43]   --->   Operation 32 'read' 'in_12_read' <Predicate = true> <Delay = 0.00>
ST_1 : Operation 33 [1/1] (0.00ns)   --->   "%write_ln43 = write void @_ssdm_op_Write.ap_auto.i8P0A, i8 %out_12, i8 %in_12_read" [../src/AES_encrypt.cpp:43]   --->   Operation 33 'write' 'write_ln43' <Predicate = true> <Delay = 0.00>
ST_1 : Operation 34 [1/1] (0.00ns)   --->   "%ret_ln44 = ret" [../src/AES_encrypt.cpp:44]   --->   Operation 34 'ret' 'ret_ln44' <Predicate = true> <Delay = 0.00>


============================================================
+ Verbose Summary: Binding
============================================================
STG Binding: 
---------------- STG Properties BEGIN ----------------
- Is combinational: 0
- Is one-state seq: 1
- Is datapath-only: 0
- Is pipelined: 0
- Is top level: 0
Port [ Return ] is wired: 1; IO mode=ap_ctrl_hs:ce=0
Port [ in_0]:  wired=1; compound=0; hidden=0; nouse=0; global=0; static=0; extern=0; dir=0; type=0; pingpong=0; private_global=0; IO mode=ap_none:ce=0
Port [ in_1]:  wired=1; compound=0; hidden=0; nouse=0; global=0; static=0; extern=0; dir=0; type=0; pingpong=0; private_global=0; IO mode=ap_none:ce=0
Port [ in_2]:  wired=1; compound=0; hidden=0; nouse=0; global=0; static=0; extern=0; dir=0; type=0; pingpong=0; private_global=0; IO mode=ap_none:ce=0
Port [ in_3]:  wired=1; compound=0; hidden=0; nouse=0; global=0; static=0; extern=0; dir=0; type=0; pingpong=0; private_global=0; IO mode=ap_none:ce=0
Port [ in_4]:  wired=1; compound=0; hidden=0; nouse=0; global=0; static=0; extern=0; dir=0; type=0; pingpong=0; private_global=0; IO mode=ap_none:ce=0
Port [ in_5]:  wired=1; compound=0; hidden=0; nouse=0; global=0; static=0; extern=0; dir=0; type=0; pingpong=0; private_global=0; IO mode=ap_none:ce=0
Port [ in_6]:  wired=1; compound=0; hidden=0; nouse=0; global=0; static=0; extern=0; dir=0; type=0; pingpong=0; private_global=0; IO mode=ap_none:ce=0
Port [ in_7]:  wired=1; compound=0; hidden=0; nouse=0; global=0; static=0; extern=0; dir=0; type=0; pingpong=0; private_global=0; IO mode=ap_none:ce=0
Port [ in_8]:  wired=1; compound=0; hidden=0; nouse=0; global=0; static=0; extern=0; dir=0; type=0; pingpong=0; private_global=0; IO mode=ap_none:ce=0
Port [ in_9]:  wired=1; compound=0; hidden=0; nouse=0; global=0; static=0; extern=0; dir=0; type=0; pingpong=0; private_global=0; IO mode=ap_none:ce=0
Port [ in_10]:  wired=1; compound=0; hidden=0; nouse=0; global=0; static=0; extern=0; dir=0; type=0; pingpong=0; private_global=0; IO mode=ap_none:ce=0
Port [ in_11]:  wired=1; compound=0; hidden=0; nouse=0; global=0; static=0; extern=0; dir=0; type=0; pingpong=0; private_global=0; IO mode=ap_none:ce=0
Port [ in_12]:  wired=1; compound=0; hidden=0; nouse=0; global=0; static=0; extern=0; dir=0; type=0; pingpong=0; private_global=0; IO mode=ap_none:ce=0
Port [ in_13]:  wired=1; compound=0; hidden=0; nouse=0; global=0; static=0; extern=0; dir=0; type=0; pingpong=0; private_global=0; IO mode=ap_none:ce=0
Port [ in_14]:  wired=1; compound=0; hidden=0; nouse=0; global=0; static=0; extern=0; dir=0; type=0; pingpong=0; private_global=0; IO mode=ap_none:ce=0
Port [ in_15]:  wired=1; compound=0; hidden=0; nouse=0; global=0; static=0; extern=0; dir=0; type=0; pingpong=0; private_global=0; IO mode=ap_none:ce=0
Port [ out_0]:  wired=1; compound=0; hidden=0; nouse=0; global=0; static=0; extern=0; dir=1; type=0; pingpong=0; private_global=0; IO mode=ap_vld:ce=0
Port [ out_1]:  wired=1; compound=0; hidden=0; nouse=0; global=0; static=0; extern=0; dir=1; type=0; pingpong=0; private_global=0; IO mode=ap_vld:ce=0
Port [ out_2]:  wired=1; compound=0; hidden=0; nouse=0; global=0; static=0; extern=0; dir=1; type=0; pingpong=0; private_global=0; IO mode=ap_vld:ce=0
Port [ out_3]:  wired=1; compound=0; hidden=0; nouse=0; global=0; static=0; extern=0; dir=1; type=0; pingpong=0; private_global=0; IO mode=ap_vld:ce=0
Port [ out_4]:  wired=1; compound=0; hidden=0; nouse=0; global=0; static=0; extern=0; dir=1; type=0; pingpong=0; private_global=0; IO mode=ap_vld:ce=0
Port [ out_5]:  wired=1; compound=0; hidden=0; nouse=0; global=0; static=0; extern=0; dir=1; type=0; pingpong=0; private_global=0; IO mode=ap_vld:ce=0
Port [ out_6]:  wired=1; compound=0; hidden=0; nouse=0; global=0; static=0; extern=0; dir=1; type=0; pingpong=0; private_global=0; IO mode=ap_vld:ce=0
Port [ out_7]:  wired=1; compound=0; hidden=0; nouse=0; global=0; static=0; extern=0; dir=1; type=0; pingpong=0; private_global=0; IO mode=ap_vld:ce=0
Port [ out_8]:  wired=1; compound=0; hidden=0; nouse=0; global=0; static=0; extern=0; dir=1; type=0; pingpong=0; private_global=0; IO mode=ap_vld:ce=0
Port [ out_9]:  wired=1; compound=0; hidden=0; nouse=0; global=0; static=0; extern=0; dir=1; type=0; pingpong=0; private_global=0; IO mode=ap_vld:ce=0
Port [ out_10]:  wired=1; compound=0; hidden=0; nouse=0; global=0; static=0; extern=0; dir=1; type=0; pingpong=0; private_global=0; IO mode=ap_vld:ce=0
Port [ out_11]:  wired=1; compound=0; hidden=0; nouse=0; global=0; static=0; extern=0; dir=1; type=0; pingpong=0; private_global=0; IO mode=ap_vld:ce=0
Port [ out_12]:  wired=1; compound=0; hidden=0; nouse=0; global=0; static=0; extern=0; dir=1; type=0; pingpong=0; private_global=0; IO mode=ap_vld:ce=0
Port [ out_13]:  wired=1; compound=0; hidden=0; nouse=0; global=0; static=0; extern=0; dir=1; type=0; pingpong=0; private_global=0; IO mode=ap_vld:ce=0
Port [ out_14]:  wired=1; compound=0; hidden=0; nouse=0; global=0; static=0; extern=0; dir=1; type=0; pingpong=0; private_global=0; IO mode=ap_vld:ce=0
Port [ out_15]:  wired=1; compound=0; hidden=0; nouse=0; global=0; static=0; extern=0; dir=1; type=0; pingpong=0; private_global=0; IO mode=ap_vld:ce=0
---------------- STG Properties END ------------------

---------------- Datapath Model BEGIN ----------------

<LifeTime>
<method=bitvector/>
in_1_read  (read ) [ 00]
write_ln22 (write) [ 00]
in_5_read  (read ) [ 00]
write_ln23 (write) [ 00]
in_9_read  (read ) [ 00]
write_ln24 (write) [ 00]
in_13_read (read ) [ 00]
write_ln25 (write) [ 00]
in_2_read  (read ) [ 00]
write_ln28 (write) [ 00]
in_10_read (read ) [ 00]
write_ln29 (write) [ 00]
in_6_read  (read ) [ 00]
write_ln30 (write) [ 00]
in_14_read (read ) [ 00]
write_ln31 (write) [ 00]
in_3_read  (read ) [ 00]
write_ln34 (write) [ 00]
in_15_read (read ) [ 00]
write_ln35 (write) [ 00]
in_11_read (read ) [ 00]
write_ln36 (write) [ 00]
in_7_read  (read ) [ 00]
write_ln37 (write) [ 00]
in_0_read  (read ) [ 00]
write_ln40 (write) [ 00]
in_4_read  (read ) [ 00]
write_ln41 (write) [ 00]
in_8_read  (read ) [ 00]
write_ln42 (write) [ 00]
in_12_read (read ) [ 00]
write_ln43 (write) [ 00]
ret_ln44   (ret  ) [ 00]
</LifeTime>

<model>

<comp_list>
<comp id="0" class="1000" name="in_0">
<pin_list>
<pin id="1" dir="1" index="0" bw="1" slack="0"/>
</pin_list>
<bind>
<StgValue><ssdm name="in_0"/></StgValue>
</bind>
</comp>

<comp id="2" class="1000" name="in_1">
<pin_list>
<pin id="3" dir="1" index="0" bw="1" slack="0"/>
</pin_list>
<bind>
<StgValue><ssdm name="in_1"/></StgValue>
</bind>
</comp>

<comp id="4" class="1000" name="in_2">
<pin_list>
<pin id="5" dir="1" index="0" bw="1" slack="0"/>
</pin_list>
<bind>
<StgValue><ssdm name="in_2"/></StgValue>
</bind>
</comp>

<comp id="6" class="1000" name="in_3">
<pin_list>
<pin id="7" dir="1" index="0" bw="1" slack="0"/>
</pin_list>
<bind>
<StgValue><ssdm name="in_3"/></StgValue>
</bind>
</comp>

<comp id="8" class="1000" name="in_4">
<pin_list>
<pin id="9" dir="1" index="0" bw="1" slack="0"/>
</pin_list>
<bind>
<StgValue><ssdm name="in_4"/></StgValue>
</bind>
</comp>

<comp id="10" class="1000" name="in_5">
<pin_list>
<pin id="11" dir="1" index="0" bw="1" slack="0"/>
</pin_list>
<bind>
<StgValue><ssdm name="in_5"/></StgValue>
</bind>
</comp>

<comp id="12" class="1000" name="in_6">
<pin_list>
<pin id="13" dir="1" index="0" bw="1" slack="0"/>
</pin_list>
<bind>
<StgValue><ssdm name="in_6"/></StgValue>
</bind>
</comp>

<comp id="14" class="1000" name="in_7">
<pin_list>
<pin id="15" dir="1" index="0" bw="1" slack="0"/>
</pin_list>
<bind>
<StgValue><ssdm name="in_7"/></StgValue>
</bind>
</comp>

<comp id="16" class="1000" name="in_8">
<pin_list>
<pin id="17" dir="1" index="0" bw="1" slack="0"/>
</pin_list>
<bind>
<StgValue><ssdm name="in_8"/></StgValue>
</bind>
</comp>

<comp id="18" class="1000" name="in_9">
<pin_list>
<pin id="19" dir="1" index="0" bw="1" slack="0"/>
</pin_list>
<bind>
<StgValue><ssdm name="in_9"/></StgValue>
</bind>
</comp>

<comp id="20" class="1000" name="in_10">
<pin_list>
<pin id="21" dir="1" index="0" bw="1" slack="0"/>
</pin_list>
<bind>
<StgValue><ssdm name="in_10"/></StgValue>
</bind>
</comp>

<comp id="22" class="1000" name="in_11">
<pin_list>
<pin id="23" dir="1" index="0" bw="1" slack="0"/>
</pin_list>
<bind>
<StgValue><ssdm name="in_11"/></StgValue>
</bind>
</comp>

<comp id="24" class="1000" name="in_12">
<pin_list>
<pin id="25" dir="1" index="0" bw="1" slack="0"/>
</pin_list>
<bind>
<StgValue><ssdm name="in_12"/></StgValue>
</bind>
</comp>

<comp id="26" class="1000" name="in_13">
<pin_list>
<pin id="27" dir="1" index="0" bw="1" slack="0"/>
</pin_list>
<bind>
<StgValue><ssdm name="in_13"/></StgValue>
</bind>
</comp>

<comp id="28" class="1000" name="in_14">
<pin_list>
<pin id="29" dir="1" index="0" bw="1" slack="0"/>
</pin_list>
<bind>
<StgValue><ssdm name="in_14"/></StgValue>
</bind>
</comp>

<comp id="30" class="1000" name="in_15">
<pin_list>
<pin id="31" dir="1" index="0" bw="1" slack="0"/>
</pin_list>
<bind>
<StgValue><ssdm name="in_15"/></StgValue>
</bind>
</comp>

<comp id="32" class="1000" name="out_0">
<pin_list>
<pin id="33" dir="1" index="0" bw="1" slack="0"/>
</pin_list>
<bind>
<StgValue><ssdm name="out_0"/></StgValue>
</bind>
</comp>

<comp id="34" class="1000" name="out_1">
<pin_list>
<pin id="35" dir="1" index="0" bw="1" slack="0"/>
</pin_list>
<bind>
<StgValue><ssdm name="out_1"/></StgValue>
</bind>
</comp>

<comp id="36" class="1000" name="out_2">
<pin_list>
<pin id="37" dir="1" index="0" bw="1" slack="0"/>
</pin_list>
<bind>
<StgValue><ssdm name="out_2"/></StgValue>
</bind>
</comp>

<comp id="38" class="1000" name="out_3">
<pin_list>
<pin id="39" dir="1" index="0" bw="1" slack="0"/>
</pin_list>
<bind>
<StgValue><ssdm name="out_3"/></StgValue>
</bind>
</comp>

<comp id="40" class="1000" name="out_4">
<pin_list>
<pin id="41" dir="1" index="0" bw="1" slack="0"/>
</pin_list>
<bind>
<StgValue><ssdm name="out_4"/></StgValue>
</bind>
</comp>

<comp id="42" class="1000" name="out_5">
<pin_list>
<pin id="43" dir="1" index="0" bw="1" slack="0"/>
</pin_list>
<bind>
<StgValue><ssdm name="out_5"/></StgValue>
</bind>
</comp>

<comp id="44" class="1000" name="out_6">
<pin_list>
<pin id="45" dir="1" index="0" bw="1" slack="0"/>
</pin_list>
<bind>
<StgValue><ssdm name="out_6"/></StgValue>
</bind>
</comp>

<comp id="46" class="1000" name="out_7">
<pin_list>
<pin id="47" dir="1" index="0" bw="1" slack="0"/>
</pin_list>
<bind>
<StgValue><ssdm name="out_7"/></StgValue>
</bind>
</comp>

<comp id="48" class="1000" name="out_8">
<pin_list>
<pin id="49" dir="1" index="0" bw="1" slack="0"/>
</pin_list>
<bind>
<StgValue><ssdm name="out_8"/></StgValue>
</bind>
</comp>

<comp id="50" class="1000" name="out_9">
<pin_list>
<pin id="51" dir="1" index="0" bw="1" slack="0"/>
</pin_list>
<bind>
<StgValue><ssdm name="out_9"/></StgValue>
</bind>
</comp>

<comp id="52" class="1000" name="out_10">
<pin_list>
<pin id="53" dir="1" index="0" bw="1" slack="0"/>
</pin_list>
<bind>
<StgValue><ssdm name="out_10"/></StgValue>
</bind>
</comp>

<comp id="54" class="1000" name="out_11">
<pin_list>
<pin id="55" dir="1" index="0" bw="1" slack="0"/>
</pin_list>
<bind>
<StgValue><ssdm name="out_11"/></StgValue>
</bind>
</comp>

<comp id="56" class="1000" name="out_12">
<pin_list>
<pin id="57" dir="1" index="0" bw="1" slack="0"/>
</pin_list>
<bind>
<StgValue><ssdm name="out_12"/></StgValue>
</bind>
</comp>

<comp id="58" class="1000" name="out_13">
<pin_list>
<pin id="59" dir="1" index="0" bw="1" slack="0"/>
</pin_list>
<bind>
<StgValue><ssdm name="out_13"/></StgValue>
</bind>
</comp>

<comp id="60" class="1000" name="out_14">
<pin_list>
<pin id="61" dir="1" index="0" bw="1" slack="0"/>
</pin_list>
<bind>
<StgValue><ssdm name="out_14"/></StgValue>
</bind>
</comp>

<comp id="62" class="1000" name="out_15">
<pin_list>
<pin id="63" dir="1" index="0" bw="1" slack="0"/>
</pin_list>
<bind>
<StgValue><ssdm name="out_15"/></StgValue>
</bind>
</comp>

<comp id="64" class="1001" name="const_64">
<pin_list>
<pin id="65" dir="1" index="0" bw="1" slack="0"/>
</pin_list>
<bind>
<StgValue><ssdm name="_ssdm_op_Read.ap_auto.i8P0A"/></StgValue>
</bind>
</comp>

<comp id="66" class="1001" name="const_66">
<pin_list>
<pin id="67" dir="1" index="0" bw="1" slack="0"/>
</pin_list>
<bind>
<StgValue><ssdm name="_ssdm_op_Write.ap_auto.i8P0A"/></StgValue>
</bind>
</comp>

<comp id="68" class="1004" name="in_1_read_read_fu_68">
<pin_list>
<pin id="69" dir="0" index="0" bw="8" slack="0"/>
<pin id="70" dir="0" index="1" bw="8" slack="0"/>
<pin id="71" dir="1" index="2" bw="8" slack="0"/>
</pin_list>
<bind>
<opcode="read(1150) " fcode="read"/>
<opset="in_1_read/1 "/>
</bind>
</comp>

<comp id="74" class="1004" name="write_ln22_write_fu_74">
<pin_list>
<pin id="75" dir="0" index="0" bw="0" slack="0"/>
<pin id="76" dir="0" index="1" bw="8" slack="0"/>
<pin id="77" dir="0" index="2" bw="8" slack="0"/>
<pin id="78" dir="1" index="3" bw="0" slack="2147483647"/>
</pin_list>
<bind>
<opcode="write(1151) " fcode="write"/>
<opset="write_ln22/1 "/>
</bind>
</comp>

<comp id="82" class="1004" name="in_5_read_read_fu_82">
<pin_list>
<pin id="83" dir="0" index="0" bw="8" slack="0"/>
<pin id="84" dir="0" index="1" bw="8" slack="0"/>
<pin id="85" dir="1" index="2" bw="8" slack="0"/>
</pin_list>
<bind>
<opcode="read(1150) " fcode="read"/>
<opset="in_5_read/1 "/>
</bind>
</comp>

<comp id="88" class="1004" name="write_ln23_write_fu_88">
<pin_list>
<pin id="89" dir="0" index="0" bw="0" slack="0"/>
<pin id="90" dir="0" index="1" bw="8" slack="0"/>
<pin id="91" dir="0" index="2" bw="8" slack="0"/>
<pin id="92" dir="1" index="3" bw="0" slack="2147483647"/>
</pin_list>
<bind>
<opcode="write(1151) " fcode="write"/>
<opset="write_ln23/1 "/>
</bind>
</comp>

<comp id="96" class="1004" name="in_9_read_read_fu_96">
<pin_list>
<pin id="97" dir="0" index="0" bw="8" slack="0"/>
<pin id="98" dir="0" index="1" bw="8" slack="0"/>
<pin id="99" dir="1" index="2" bw="8" slack="0"/>
</pin_list>
<bind>
<opcode="read(1150) " fcode="read"/>
<opset="in_9_read/1 "/>
</bind>
</comp>

<comp id="102" class="1004" name="write_ln24_write_fu_102">
<pin_list>
<pin id="103" dir="0" index="0" bw="0" slack="0"/>
<pin id="104" dir="0" index="1" bw="8" slack="0"/>
<pin id="105" dir="0" index="2" bw="8" slack="0"/>
<pin id="106" dir="1" index="3" bw="0" slack="2147483647"/>
</pin_list>
<bind>
<opcode="write(1151) " fcode="write"/>
<opset="write_ln24/1 "/>
</bind>
</comp>

<comp id="110" class="1004" name="in_13_read_read_fu_110">
<pin_list>
<pin id="111" dir="0" index="0" bw="8" slack="0"/>
<pin id="112" dir="0" index="1" bw="8" slack="0"/>
<pin id="113" dir="1" index="2" bw="8" slack="0"/>
</pin_list>
<bind>
<opcode="read(1150) " fcode="read"/>
<opset="in_13_read/1 "/>
</bind>
</comp>

<comp id="116" class="1004" name="write_ln25_write_fu_116">
<pin_list>
<pin id="117" dir="0" index="0" bw="0" slack="0"/>
<pin id="118" dir="0" index="1" bw="8" slack="0"/>
<pin id="119" dir="0" index="2" bw="8" slack="0"/>
<pin id="120" dir="1" index="3" bw="0" slack="2147483647"/>
</pin_list>
<bind>
<opcode="write(1151) " fcode="write"/>
<opset="write_ln25/1 "/>
</bind>
</comp>

<comp id="124" class="1004" name="in_2_read_read_fu_124">
<pin_list>
<pin id="125" dir="0" index="0" bw="8" slack="0"/>
<pin id="126" dir="0" index="1" bw="8" slack="0"/>
<pin id="127" dir="1" index="2" bw="8" slack="0"/>
</pin_list>
<bind>
<opcode="read(1150) " fcode="read"/>
<opset="in_2_read/1 "/>
</bind>
</comp>

<comp id="130" class="1004" name="write_ln28_write_fu_130">
<pin_list>
<pin id="131" dir="0" index="0" bw="0" slack="0"/>
<pin id="132" dir="0" index="1" bw="8" slack="0"/>
<pin id="133" dir="0" index="2" bw="8" slack="0"/>
<pin id="134" dir="1" index="3" bw="0" slack="2147483647"/>
</pin_list>
<bind>
<opcode="write(1151) " fcode="write"/>
<opset="write_ln28/1 "/>
</bind>
</comp>

<comp id="138" class="1004" name="in_10_read_read_fu_138">
<pin_list>
<pin id="139" dir="0" index="0" bw="8" slack="0"/>
<pin id="140" dir="0" index="1" bw="8" slack="0"/>
<pin id="141" dir="1" index="2" bw="8" slack="0"/>
</pin_list>
<bind>
<opcode="read(1150) " fcode="read"/>
<opset="in_10_read/1 "/>
</bind>
</comp>

<comp id="144" class="1004" name="write_ln29_write_fu_144">
<pin_list>
<pin id="145" dir="0" index="0" bw="0" slack="0"/>
<pin id="146" dir="0" index="1" bw="8" slack="0"/>
<pin id="147" dir="0" index="2" bw="8" slack="0"/>
<pin id="148" dir="1" index="3" bw="0" slack="2147483647"/>
</pin_list>
<bind>
<opcode="write(1151) " fcode="write"/>
<opset="write_ln29/1 "/>
</bind>
</comp>

<comp id="152" class="1004" name="in_6_read_read_fu_152">
<pin_list>
<pin id="153" dir="0" index="0" bw="8" slack="0"/>
<pin id="154" dir="0" index="1" bw="8" slack="0"/>
<pin id="155" dir="1" index="2" bw="8" slack="0"/>
</pin_list>
<bind>
<opcode="read(1150) " fcode="read"/>
<opset="in_6_read/1 "/>
</bind>
</comp>

<comp id="158" class="1004" name="write_ln30_write_fu_158">
<pin_list>
<pin id="159" dir="0" index="0" bw="0" slack="0"/>
<pin id="160" dir="0" index="1" bw="8" slack="0"/>
<pin id="161" dir="0" index="2" bw="8" slack="0"/>
<pin id="162" dir="1" index="3" bw="0" slack="2147483647"/>
</pin_list>
<bind>
<opcode="write(1151) " fcode="write"/>
<opset="write_ln30/1 "/>
</bind>
</comp>

<comp id="166" class="1004" name="in_14_read_read_fu_166">
<pin_list>
<pin id="167" dir="0" index="0" bw="8" slack="0"/>
<pin id="168" dir="0" index="1" bw="8" slack="0"/>
<pin id="169" dir="1" index="2" bw="8" slack="0"/>
</pin_list>
<bind>
<opcode="read(1150) " fcode="read"/>
<opset="in_14_read/1 "/>
</bind>
</comp>

<comp id="172" class="1004" name="write_ln31_write_fu_172">
<pin_list>
<pin id="173" dir="0" index="0" bw="0" slack="0"/>
<pin id="174" dir="0" index="1" bw="8" slack="0"/>
<pin id="175" dir="0" index="2" bw="8" slack="0"/>
<pin id="176" dir="1" index="3" bw="0" slack="2147483647"/>
</pin_list>
<bind>
<opcode="write(1151) " fcode="write"/>
<opset="write_ln31/1 "/>
</bind>
</comp>

<comp id="180" class="1004" name="in_3_read_read_fu_180">
<pin_list>
<pin id="181" dir="0" index="0" bw="8" slack="0"/>
<pin id="182" dir="0" index="1" bw="8" slack="0"/>
<pin id="183" dir="1" index="2" bw="8" slack="0"/>
</pin_list>
<bind>
<opcode="read(1150) " fcode="read"/>
<opset="in_3_read/1 "/>
</bind>
</comp>

<comp id="186" class="1004" name="write_ln34_write_fu_186">
<pin_list>
<pin id="187" dir="0" index="0" bw="0" slack="0"/>
<pin id="188" dir="0" index="1" bw="8" slack="0"/>
<pin id="189" dir="0" index="2" bw="8" slack="0"/>
<pin id="190" dir="1" index="3" bw="0" slack="2147483647"/>
</pin_list>
<bind>
<opcode="write(1151) " fcode="write"/>
<opset="write_ln34/1 "/>
</bind>
</comp>

<comp id="194" class="1004" name="in_15_read_read_fu_194">
<pin_list>
<pin id="195" dir="0" index="0" bw="8" slack="0"/>
<pin id="196" dir="0" index="1" bw="8" slack="0"/>
<pin id="197" dir="1" index="2" bw="8" slack="0"/>
</pin_list>
<bind>
<opcode="read(1150) " fcode="read"/>
<opset="in_15_read/1 "/>
</bind>
</comp>

<comp id="200" class="1004" name="write_ln35_write_fu_200">
<pin_list>
<pin id="201" dir="0" index="0" bw="0" slack="0"/>
<pin id="202" dir="0" index="1" bw="8" slack="0"/>
<pin id="203" dir="0" index="2" bw="8" slack="0"/>
<pin id="204" dir="1" index="3" bw="0" slack="2147483647"/>
</pin_list>
<bind>
<opcode="write(1151) " fcode="write"/>
<opset="write_ln35/1 "/>
</bind>
</comp>

<comp id="208" class="1004" name="in_11_read_read_fu_208">
<pin_list>
<pin id="209" dir="0" index="0" bw="8" slack="0"/>
<pin id="210" dir="0" index="1" bw="8" slack="0"/>
<pin id="211" dir="1" index="2" bw="8" slack="0"/>
</pin_list>
<bind>
<opcode="read(1150) " fcode="read"/>
<opset="in_11_read/1 "/>
</bind>
</comp>

<comp id="214" class="1004" name="write_ln36_write_fu_214">
<pin_list>
<pin id="215" dir="0" index="0" bw="0" slack="0"/>
<pin id="216" dir="0" index="1" bw="8" slack="0"/>
<pin id="217" dir="0" index="2" bw="8" slack="0"/>
<pin id="218" dir="1" index="3" bw="0" slack="2147483647"/>
</pin_list>
<bind>
<opcode="write(1151) " fcode="write"/>
<opset="write_ln36/1 "/>
</bind>
</comp>

<comp id="222" class="1004" name="in_7_read_read_fu_222">
<pin_list>
<pin id="223" dir="0" index="0" bw="8" slack="0"/>
<pin id="224" dir="0" index="1" bw="8" slack="0"/>
<pin id="225" dir="1" index="2" bw="8" slack="0"/>
</pin_list>
<bind>
<opcode="read(1150) " fcode="read"/>
<opset="in_7_read/1 "/>
</bind>
</comp>

<comp id="228" class="1004" name="write_ln37_write_fu_228">
<pin_list>
<pin id="229" dir="0" index="0" bw="0" slack="0"/>
<pin id="230" dir="0" index="1" bw="8" slack="0"/>
<pin id="231" dir="0" index="2" bw="8" slack="0"/>
<pin id="232" dir="1" index="3" bw="0" slack="2147483647"/>
</pin_list>
<bind>
<opcode="write(1151) " fcode="write"/>
<opset="write_ln37/1 "/>
</bind>
</comp>

<comp id="236" class="1004" name="in_0_read_read_fu_236">
<pin_list>
<pin id="237" dir="0" index="0" bw="8" slack="0"/>
<pin id="238" dir="0" index="1" bw="8" slack="0"/>
<pin id="239" dir="1" index="2" bw="8" slack="0"/>
</pin_list>
<bind>
<opcode="read(1150) " fcode="read"/>
<opset="in_0_read/1 "/>
</bind>
</comp>

<comp id="242" class="1004" name="write_ln40_write_fu_242">
<pin_list>
<pin id="243" dir="0" index="0" bw="0" slack="0"/>
<pin id="244" dir="0" index="1" bw="8" slack="0"/>
<pin id="245" dir="0" index="2" bw="8" slack="0"/>
<pin id="246" dir="1" index="3" bw="0" slack="2147483647"/>
</pin_list>
<bind>
<opcode="write(1151) " fcode="write"/>
<opset="write_ln40/1 "/>
</bind>
</comp>

<comp id="250" class="1004" name="in_4_read_read_fu_250">
<pin_list>
<pin id="251" dir="0" index="0" bw="8" slack="0"/>
<pin id="252" dir="0" index="1" bw="8" slack="0"/>
<pin id="253" dir="1" index="2" bw="8" slack="0"/>
</pin_list>
<bind>
<opcode="read(1150) " fcode="read"/>
<opset="in_4_read/1 "/>
</bind>
</comp>

<comp id="256" class="1004" name="write_ln41_write_fu_256">
<pin_list>
<pin id="257" dir="0" index="0" bw="0" slack="0"/>
<pin id="258" dir="0" index="1" bw="8" slack="0"/>
<pin id="259" dir="0" index="2" bw="8" slack="0"/>
<pin id="260" dir="1" index="3" bw="0" slack="2147483647"/>
</pin_list>
<bind>
<opcode="write(1151) " fcode="write"/>
<opset="write_ln41/1 "/>
</bind>
</comp>

<comp id="264" class="1004" name="in_8_read_read_fu_264">
<pin_list>
<pin id="265" dir="0" index="0" bw="8" slack="0"/>
<pin id="266" dir="0" index="1" bw="8" slack="0"/>
<pin id="267" dir="1" index="2" bw="8" slack="0"/>
</pin_list>
<bind>
<opcode="read(1150) " fcode="read"/>
<opset="in_8_read/1 "/>
</bind>
</comp>

<comp id="270" class="1004" name="write_ln42_write_fu_270">
<pin_list>
<pin id="271" dir="0" index="0" bw="0" slack="0"/>
<pin id="272" dir="0" index="1" bw="8" slack="0"/>
<pin id="273" dir="0" index="2" bw="8" slack="0"/>
<pin id="274" dir="1" index="3" bw="0" slack="2147483647"/>
</pin_list>
<bind>
<opcode="write(1151) " fcode="write"/>
<opset="write_ln42/1 "/>
</bind>
</comp>

<comp id="278" class="1004" name="in_12_read_read_fu_278">
<pin_list>
<pin id="279" dir="0" index="0" bw="8" slack="0"/>
<pin id="280" dir="0" index="1" bw="8" slack="0"/>
<pin id="281" dir="1" index="2" bw="8" slack="0"/>
</pin_list>
<bind>
<opcode="read(1150) " fcode="read"/>
<opset="in_12_read/1 "/>
</bind>
</comp>

<comp id="284" class="1004" name="write_ln43_write_fu_284">
<pin_list>
<pin id="285" dir="0" index="0" bw="0" slack="0"/>
<pin id="286" dir="0" index="1" bw="8" slack="0"/>
<pin id="287" dir="0" index="2" bw="8" slack="0"/>
<pin id="288" dir="1" index="3" bw="0" slack="2147483647"/>
</pin_list>
<bind>
<opcode="write(1151) " fcode="write"/>
<opset="write_ln43/1 "/>
</bind>
</comp>

</comp_list>

<net_list>
<net id="72"><net_src comp="64" pin="0"/><net_sink comp="68" pin=0"/></net>

<net id="73"><net_src comp="2" pin="0"/><net_sink comp="68" pin=1"/></net>

<net id="79"><net_src comp="66" pin="0"/><net_sink comp="74" pin=0"/></net>

<net id="80"><net_src comp="58" pin="0"/><net_sink comp="74" pin=1"/></net>

<net id="81"><net_src comp="68" pin="2"/><net_sink comp="74" pin=2"/></net>

<net id="86"><net_src comp="64" pin="0"/><net_sink comp="82" pin=0"/></net>

<net id="87"><net_src comp="10" pin="0"/><net_sink comp="82" pin=1"/></net>

<net id="93"><net_src comp="66" pin="0"/><net_sink comp="88" pin=0"/></net>

<net id="94"><net_src comp="34" pin="0"/><net_sink comp="88" pin=1"/></net>

<net id="95"><net_src comp="82" pin="2"/><net_sink comp="88" pin=2"/></net>

<net id="100"><net_src comp="64" pin="0"/><net_sink comp="96" pin=0"/></net>

<net id="101"><net_src comp="18" pin="0"/><net_sink comp="96" pin=1"/></net>

<net id="107"><net_src comp="66" pin="0"/><net_sink comp="102" pin=0"/></net>

<net id="108"><net_src comp="42" pin="0"/><net_sink comp="102" pin=1"/></net>

<net id="109"><net_src comp="96" pin="2"/><net_sink comp="102" pin=2"/></net>

<net id="114"><net_src comp="64" pin="0"/><net_sink comp="110" pin=0"/></net>

<net id="115"><net_src comp="26" pin="0"/><net_sink comp="110" pin=1"/></net>

<net id="121"><net_src comp="66" pin="0"/><net_sink comp="116" pin=0"/></net>

<net id="122"><net_src comp="50" pin="0"/><net_sink comp="116" pin=1"/></net>

<net id="123"><net_src comp="110" pin="2"/><net_sink comp="116" pin=2"/></net>

<net id="128"><net_src comp="64" pin="0"/><net_sink comp="124" pin=0"/></net>

<net id="129"><net_src comp="4" pin="0"/><net_sink comp="124" pin=1"/></net>

<net id="135"><net_src comp="66" pin="0"/><net_sink comp="130" pin=0"/></net>

<net id="136"><net_src comp="52" pin="0"/><net_sink comp="130" pin=1"/></net>

<net id="137"><net_src comp="124" pin="2"/><net_sink comp="130" pin=2"/></net>

<net id="142"><net_src comp="64" pin="0"/><net_sink comp="138" pin=0"/></net>

<net id="143"><net_src comp="20" pin="0"/><net_sink comp="138" pin=1"/></net>

<net id="149"><net_src comp="66" pin="0"/><net_sink comp="144" pin=0"/></net>

<net id="150"><net_src comp="36" pin="0"/><net_sink comp="144" pin=1"/></net>

<net id="151"><net_src comp="138" pin="2"/><net_sink comp="144" pin=2"/></net>

<net id="156"><net_src comp="64" pin="0"/><net_sink comp="152" pin=0"/></net>

<net id="157"><net_src comp="12" pin="0"/><net_sink comp="152" pin=1"/></net>

<net id="163"><net_src comp="66" pin="0"/><net_sink comp="158" pin=0"/></net>

<net id="164"><net_src comp="60" pin="0"/><net_sink comp="158" pin=1"/></net>

<net id="165"><net_src comp="152" pin="2"/><net_sink comp="158" pin=2"/></net>

<net id="170"><net_src comp="64" pin="0"/><net_sink comp="166" pin=0"/></net>

<net id="171"><net_src comp="28" pin="0"/><net_sink comp="166" pin=1"/></net>

<net id="177"><net_src comp="66" pin="0"/><net_sink comp="172" pin=0"/></net>

<net id="178"><net_src comp="44" pin="0"/><net_sink comp="172" pin=1"/></net>

<net id="179"><net_src comp="166" pin="2"/><net_sink comp="172" pin=2"/></net>

<net id="184"><net_src comp="64" pin="0"/><net_sink comp="180" pin=0"/></net>

<net id="185"><net_src comp="6" pin="0"/><net_sink comp="180" pin=1"/></net>

<net id="191"><net_src comp="66" pin="0"/><net_sink comp="186" pin=0"/></net>

<net id="192"><net_src comp="46" pin="0"/><net_sink comp="186" pin=1"/></net>

<net id="193"><net_src comp="180" pin="2"/><net_sink comp="186" pin=2"/></net>

<net id="198"><net_src comp="64" pin="0"/><net_sink comp="194" pin=0"/></net>

<net id="199"><net_src comp="30" pin="0"/><net_sink comp="194" pin=1"/></net>

<net id="205"><net_src comp="66" pin="0"/><net_sink comp="200" pin=0"/></net>

<net id="206"><net_src comp="38" pin="0"/><net_sink comp="200" pin=1"/></net>

<net id="207"><net_src comp="194" pin="2"/><net_sink comp="200" pin=2"/></net>

<net id="212"><net_src comp="64" pin="0"/><net_sink comp="208" pin=0"/></net>

<net id="213"><net_src comp="22" pin="0"/><net_sink comp="208" pin=1"/></net>

<net id="219"><net_src comp="66" pin="0"/><net_sink comp="214" pin=0"/></net>

<net id="220"><net_src comp="62" pin="0"/><net_sink comp="214" pin=1"/></net>

<net id="221"><net_src comp="208" pin="2"/><net_sink comp="214" pin=2"/></net>

<net id="226"><net_src comp="64" pin="0"/><net_sink comp="222" pin=0"/></net>

<net id="227"><net_src comp="14" pin="0"/><net_sink comp="222" pin=1"/></net>

<net id="233"><net_src comp="66" pin="0"/><net_sink comp="228" pin=0"/></net>

<net id="234"><net_src comp="54" pin="0"/><net_sink comp="228" pin=1"/></net>

<net id="235"><net_src comp="222" pin="2"/><net_sink comp="228" pin=2"/></net>

<net id="240"><net_src comp="64" pin="0"/><net_sink comp="236" pin=0"/></net>

<net id="241"><net_src comp="0" pin="0"/><net_sink comp="236" pin=1"/></net>

<net id="247"><net_src comp="66" pin="0"/><net_sink comp="242" pin=0"/></net>

<net id="248"><net_src comp="32" pin="0"/><net_sink comp="242" pin=1"/></net>

<net id="249"><net_src comp="236" pin="2"/><net_sink comp="242" pin=2"/></net>

<net id="254"><net_src comp="64" pin="0"/><net_sink comp="250" pin=0"/></net>

<net id="255"><net_src comp="8" pin="0"/><net_sink comp="250" pin=1"/></net>

<net id="261"><net_src comp="66" pin="0"/><net_sink comp="256" pin=0"/></net>

<net id="262"><net_src comp="40" pin="0"/><net_sink comp="256" pin=1"/></net>

<net id="263"><net_src comp="250" pin="2"/><net_sink comp="256" pin=2"/></net>

<net id="268"><net_src comp="64" pin="0"/><net_sink comp="264" pin=0"/></net>

<net id="269"><net_src comp="16" pin="0"/><net_sink comp="264" pin=1"/></net>

<net id="275"><net_src comp="66" pin="0"/><net_sink comp="270" pin=0"/></net>

<net id="276"><net_src comp="48" pin="0"/><net_sink comp="270" pin=1"/></net>

<net id="277"><net_src comp="264" pin="2"/><net_sink comp="270" pin=2"/></net>

<net id="282"><net_src comp="64" pin="0"/><net_sink comp="278" pin=0"/></net>

<net id="283"><net_src comp="24" pin="0"/><net_sink comp="278" pin=1"/></net>

<net id="289"><net_src comp="66" pin="0"/><net_sink comp="284" pin=0"/></net>

<net id="290"><net_src comp="56" pin="0"/><net_sink comp="284" pin=1"/></net>

<net id="291"><net_src comp="278" pin="2"/><net_sink comp="284" pin=2"/></net>

</net_list>

</model> 
---------------- Datapath Model END ------------------

* FSMD analyzer results:
  - Output states:
	Port: out_0 | {1 }
	Port: out_1 | {1 }
	Port: out_2 | {1 }
	Port: out_3 | {1 }
	Port: out_4 | {1 }
	Port: out_5 | {1 }
	Port: out_6 | {1 }
	Port: out_7 | {1 }
	Port: out_8 | {1 }
	Port: out_9 | {1 }
	Port: out_10 | {1 }
	Port: out_11 | {1 }
	Port: out_12 | {1 }
	Port: out_13 | {1 }
	Port: out_14 | {1 }
	Port: out_15 | {1 }
 - Input state : 
	Port: ShiftRows91 : in_0 | {1 }
	Port: ShiftRows91 : in_1 | {1 }
	Port: ShiftRows91 : in_2 | {1 }
	Port: ShiftRows91 : in_3 | {1 }
	Port: ShiftRows91 : in_4 | {1 }
	Port: ShiftRows91 : in_5 | {1 }
	Port: ShiftRows91 : in_6 | {1 }
	Port: ShiftRows91 : in_7 | {1 }
	Port: ShiftRows91 : in_8 | {1 }
	Port: ShiftRows91 : in_9 | {1 }
	Port: ShiftRows91 : in_10 | {1 }
	Port: ShiftRows91 : in_11 | {1 }
	Port: ShiftRows91 : in_12 | {1 }
	Port: ShiftRows91 : in_13 | {1 }
	Port: ShiftRows91 : in_14 | {1 }
	Port: ShiftRows91 : in_15 | {1 }
  - Chain level:
	State 1


============================================================
+ Verbose Summary: Datapath Resource usage 
============================================================

* Functional unit list:
|----------|-------------------------|
| Operation|     Functional Unit     |
|----------|-------------------------|
|          |   in_1_read_read_fu_68  |
|          |   in_5_read_read_fu_82  |
|          |   in_9_read_read_fu_96  |
|          |  in_13_read_read_fu_110 |
|          |  in_2_read_read_fu_124  |
|          |  in_10_read_read_fu_138 |
|          |  in_6_read_read_fu_152  |
|   read   |  in_14_read_read_fu_166 |
|          |  in_3_read_read_fu_180  |
|          |  in_15_read_read_fu_194 |
|          |  in_11_read_read_fu_208 |
|          |  in_7_read_read_fu_222  |
|          |  in_0_read_read_fu_236  |
|          |  in_4_read_read_fu_250  |
|          |  in_8_read_read_fu_264  |
|          |  in_12_read_read_fu_278 |
|----------|-------------------------|
|          |  write_ln22_write_fu_74 |
|          |  write_ln23_write_fu_88 |
|          | write_ln24_write_fu_102 |
|          | write_ln25_write_fu_116 |
|          | write_ln28_write_fu_130 |
|          | write_ln29_write_fu_144 |
|          | write_ln30_write_fu_158 |
|   write  | write_ln31_write_fu_172 |
|          | write_ln34_write_fu_186 |
|          | write_ln35_write_fu_200 |
|          | write_ln36_write_fu_214 |
|          | write_ln37_write_fu_228 |
|          | write_ln40_write_fu_242 |
|          | write_ln41_write_fu_256 |
|          | write_ln42_write_fu_270 |
|          | write_ln43_write_fu_284 |
|----------|-------------------------|
|   Total  |                         |
|----------|-------------------------|

Memories:
N/A

* Register list:
N/A

* Multiplexer (MUX) list: 
|--------|------|------|------|--------|
|  Comp  |  Pin | Size |  BW  | S x BW |
|--------|------|------|------|--------|
|  Total |      |      |      |    0   |
|--------|------|------|------|--------|



* Summary:
+-----------+
|           |
+-----------+
|  Function |
|   Memory  |
|Multiplexer|
|  Register |
+-----------+
|   Total   |
+-----------+
