

================================================================
== Vivado HLS Report for 'Cipher'
================================================================
* Date:           Sun Jan  2 15:59:43 2022

* Version:        2018.3 (Build 2405991 on Thu Dec 06 23:56:15 MST 2018)
* Project:        aes
* Solution:       solution1
* Product family: zynq
* Target device:  xc7z020clg484-1


================================================================
== Performance Estimates
================================================================
+ Timing (ns): 
    * Summary: 
    +--------+-------+----------+------------+
    |  Clock | Target| Estimated| Uncertainty|
    +--------+-------+----------+------------+
    |ap_clk  |  10.00|     7.812|        1.25|
    +--------+-------+----------+------------+

+ Latency (clock cycles): 
    * Summary: 
    +------+------+-----+-----+----------+
    |   Latency   |  Interval | Pipeline |
    |  min |  max | min | max |   Type   |
    +------+------+-----+-----+----------+
    |  1193|  1193|   50|   50| dataflow |
    +------+------+-----+-----+----------+

    + Detail: 
        * Instance: 
        N/A

        * Loop: 
        N/A

============================================================
+ Verbose Summary: Synthesis Manager
============================================================
InlineROM: 1
ExposeGlobal: 0
============================================================
+ Verbose Summary: CDFG Model
============================================================
IsTopModel: 0
ResetActiveHigh: 1
IsCombinational: 2
IsDatapathOnly: 0
HasWiredReturn: 1
HasMFsm: 0
HasVarLatency: 1
IsPipeline: 0
IsRtlPipelined: 0
IsInstanceOverlapped: 0
IsDontTouch: 0
HasImplIP: 0
IsGatedGlobalClock: 0


============================================================
+ Verbose Summary: Schedule
============================================================
* Number of FSM states : 84
* Pipeline : 0
* Dataflow Pipeline: 1
  DF-Pipeline-0: Size = 84, States = { 1 2 3 4 5 6 7 8 9 10 11 12 13 14 15 16 17 18 19 20 21 22 23 24 25 26 27 28 29 30 31 32 33 34 35 36 37 38 39 40 41 42 43 44 45 46 47 48 49 50 51 52 53 54 55 56 57 58 59 60 61 62 63 64 65 66 67 68 69 70 71 72 73 74 75 76 77 78 79 80 81 82 83 84 }

* FSM state transitions: 
1 --> 
	2  / true
2 --> 
	3  / true
3 --> 
	4  / true
4 --> 
	5  / true
5 --> 
	6  / true
6 --> 
	7  / true
7 --> 
	8  / true
8 --> 
	9  / true
9 --> 
	10  / true
10 --> 
	11  / true
11 --> 
	12  / true
12 --> 
	13  / true
13 --> 
	14  / true
14 --> 
	15  / true
15 --> 
	16  / true
16 --> 
	17  / true
17 --> 
	18  / true
18 --> 
	19  / true
19 --> 
	20  / true
20 --> 
	21  / true
21 --> 
	22  / true
22 --> 
	23  / true
23 --> 
	24  / true
24 --> 
	25  / true
25 --> 
	26  / true
26 --> 
	27  / true
27 --> 
	28  / true
28 --> 
	29  / true
29 --> 
	30  / true
30 --> 
	31  / true
31 --> 
	32  / true
32 --> 
	33  / true
33 --> 
	34  / true
34 --> 
	35  / true
35 --> 
	36  / true
36 --> 
	37  / true
37 --> 
	38  / true
38 --> 
	39  / true
39 --> 
	40  / true
40 --> 
	41  / true
41 --> 
	42  / true
42 --> 
	43  / true
43 --> 
	44  / true
44 --> 
	45  / true
45 --> 
	46  / true
46 --> 
	47  / true
47 --> 
	48  / true
48 --> 
	49  / true
49 --> 
	50  / true
50 --> 
	51  / true
51 --> 
	52  / true
52 --> 
	53  / true
53 --> 
	54  / true
54 --> 
	55  / true
55 --> 
	56  / true
56 --> 
	57  / true
57 --> 
	58  / true
58 --> 
	59  / true
59 --> 
	60  / true
60 --> 
	61  / true
61 --> 
	62  / true
62 --> 
	63  / true
63 --> 
	64  / true
64 --> 
	65  / true
65 --> 
	66  / true
66 --> 
	67  / true
67 --> 
	68  / true
68 --> 
	69  / true
69 --> 
	70  / true
70 --> 
	71  / true
71 --> 
	72  / true
72 --> 
	73  / true
73 --> 
	74  / true
74 --> 
	75  / true
75 --> 
	76  / true
76 --> 
	77  / true
77 --> 
	78  / true
78 --> 
	79  / true
79 --> 
	80  / true
80 --> 
	81  / true
81 --> 
	82  / true
82 --> 
	83  / true
83 --> 
	84  / true
84 --> 

* FSM state operations: 

State 1 <SV = 0> <Delay = 0.00>
ST_1 : Operation 85 [1/1] (0.00ns)   --->   "%state_0_V = alloca [16 x i8], align 1"   --->   Operation 85 'alloca' 'state_0_V' <Predicate = true> <Delay = 0.00>
ST_1 : Operation 86 [1/1] (0.00ns)   --->   "%state_1_V = alloca [16 x i8], align 1" [../src/AES_encrypt.cpp:79]   --->   Operation 86 'alloca' 'state_1_V' <Predicate = true> <Delay = 0.00>
ST_1 : Operation 87 [1/1] (0.00ns)   --->   "%state_2_V = alloca [16 x i8], align 1" [../src/AES_encrypt.cpp:80]   --->   Operation 87 'alloca' 'state_2_V' <Predicate = true> <Delay = 0.00>
ST_1 : Operation 88 [1/1] (0.00ns)   --->   "%state_3_V = alloca [16 x i8], align 1" [../src/AES_encrypt.cpp:81]   --->   Operation 88 'alloca' 'state_3_V' <Predicate = true> <Delay = 0.00>
ST_1 : Operation 89 [1/1] (0.00ns)   --->   "%state_4_V = alloca [16 x i8], align 1" [../src/AES_encrypt.cpp:82]   --->   Operation 89 'alloca' 'state_4_V' <Predicate = true> <Delay = 0.00>
ST_1 : Operation 90 [1/1] (0.00ns)   --->   "%state_5_V = alloca [16 x i8], align 1" [../src/AES_encrypt.cpp:83]   --->   Operation 90 'alloca' 'state_5_V' <Predicate = true> <Delay = 0.00>
ST_1 : Operation 91 [1/1] (0.00ns)   --->   "%state_6_V = alloca [16 x i8], align 1" [../src/AES_encrypt.cpp:84]   --->   Operation 91 'alloca' 'state_6_V' <Predicate = true> <Delay = 0.00>
ST_1 : Operation 92 [1/1] (0.00ns)   --->   "%state_7_V = alloca [16 x i8], align 1" [../src/AES_encrypt.cpp:85]   --->   Operation 92 'alloca' 'state_7_V' <Predicate = true> <Delay = 0.00>
ST_1 : Operation 93 [1/1] (0.00ns)   --->   "%state_8_V = alloca [16 x i8], align 1" [../src/AES_encrypt.cpp:86]   --->   Operation 93 'alloca' 'state_8_V' <Predicate = true> <Delay = 0.00>
ST_1 : Operation 94 [1/1] (0.00ns)   --->   "%state_9_V = alloca [16 x i8], align 1" [../src/AES_encrypt.cpp:87]   --->   Operation 94 'alloca' 'state_9_V' <Predicate = true> <Delay = 0.00>
ST_1 : Operation 95 [1/1] (0.00ns)   --->   "%state_10_V = alloca [16 x i8], align 1" [../src/AES_encrypt.cpp:88]   --->   Operation 95 'alloca' 'state_10_V' <Predicate = true> <Delay = 0.00>
ST_1 : Operation 96 [1/1] (0.00ns)   --->   "%state_11_V = alloca [16 x i8], align 1" [../src/AES_encrypt.cpp:89]   --->   Operation 96 'alloca' 'state_11_V' <Predicate = true> <Delay = 0.00>
ST_1 : Operation 97 [1/1] (0.00ns)   --->   "%state_12_V = alloca [16 x i8], align 1" [../src/AES_encrypt.cpp:90]   --->   Operation 97 'alloca' 'state_12_V' <Predicate = true> <Delay = 0.00>
ST_1 : Operation 98 [1/1] (0.00ns)   --->   "%state_13_V = alloca [16 x i8], align 1" [../src/AES_encrypt.cpp:91]   --->   Operation 98 'alloca' 'state_13_V' <Predicate = true> <Delay = 0.00>
ST_1 : Operation 99 [1/1] (0.00ns)   --->   "%state_14_V = alloca [16 x i8], align 1" [../src/AES_encrypt.cpp:92]   --->   Operation 99 'alloca' 'state_14_V' <Predicate = true> <Delay = 0.00>
ST_1 : Operation 100 [1/1] (0.00ns)   --->   "%state_15_V = alloca [16 x i8], align 1" [../src/AES_encrypt.cpp:93]   --->   Operation 100 'alloca' 'state_15_V' <Predicate = true> <Delay = 0.00>
ST_1 : Operation 101 [1/1] (0.00ns)   --->   "%state_16_V = alloca [16 x i8], align 1" [../src/AES_encrypt.cpp:94]   --->   Operation 101 'alloca' 'state_16_V' <Predicate = true> <Delay = 0.00>
ST_1 : Operation 102 [1/1] (0.00ns)   --->   "%state_17_V = alloca [16 x i8], align 1" [../src/AES_encrypt.cpp:95]   --->   Operation 102 'alloca' 'state_17_V' <Predicate = true> <Delay = 0.00>
ST_1 : Operation 103 [1/1] (0.00ns)   --->   "%state_18_V = alloca [16 x i8], align 1" [../src/AES_encrypt.cpp:96]   --->   Operation 103 'alloca' 'state_18_V' <Predicate = true> <Delay = 0.00>
ST_1 : Operation 104 [1/1] (0.00ns)   --->   "%state_19_V = alloca [16 x i8], align 1" [../src/AES_encrypt.cpp:97]   --->   Operation 104 'alloca' 'state_19_V' <Predicate = true> <Delay = 0.00>
ST_1 : Operation 105 [1/1] (0.00ns)   --->   "%state_20_V = alloca [16 x i8], align 1" [../src/AES_encrypt.cpp:98]   --->   Operation 105 'alloca' 'state_20_V' <Predicate = true> <Delay = 0.00>
ST_1 : Operation 106 [1/1] (0.00ns)   --->   "%state_21_V = alloca [16 x i8], align 1" [../src/AES_encrypt.cpp:99]   --->   Operation 106 'alloca' 'state_21_V' <Predicate = true> <Delay = 0.00>
ST_1 : Operation 107 [1/1] (0.00ns)   --->   "%state_22_V = alloca [16 x i8], align 1" [../src/AES_encrypt.cpp:100]   --->   Operation 107 'alloca' 'state_22_V' <Predicate = true> <Delay = 0.00>
ST_1 : Operation 108 [1/1] (0.00ns)   --->   "%state_23_V = alloca [16 x i8], align 1" [../src/AES_encrypt.cpp:101]   --->   Operation 108 'alloca' 'state_23_V' <Predicate = true> <Delay = 0.00>
ST_1 : Operation 109 [1/1] (0.00ns)   --->   "%state_24_V = alloca [16 x i8], align 1" [../src/AES_encrypt.cpp:102]   --->   Operation 109 'alloca' 'state_24_V' <Predicate = true> <Delay = 0.00>
ST_1 : Operation 110 [1/1] (0.00ns)   --->   "%state_25_V = alloca [16 x i8], align 1" [../src/AES_encrypt.cpp:103]   --->   Operation 110 'alloca' 'state_25_V' <Predicate = true> <Delay = 0.00>
ST_1 : Operation 111 [1/1] (0.00ns)   --->   "%state_26_V = alloca [16 x i8], align 1" [../src/AES_encrypt.cpp:104]   --->   Operation 111 'alloca' 'state_26_V' <Predicate = true> <Delay = 0.00>
ST_1 : Operation 112 [1/1] (0.00ns)   --->   "%state_27_V = alloca [16 x i8], align 1" [../src/AES_encrypt.cpp:105]   --->   Operation 112 'alloca' 'state_27_V' <Predicate = true> <Delay = 0.00>
ST_1 : Operation 113 [1/1] (0.00ns)   --->   "%state_28_V = alloca [16 x i8], align 1" [../src/AES_encrypt.cpp:106]   --->   Operation 113 'alloca' 'state_28_V' <Predicate = true> <Delay = 0.00>
ST_1 : Operation 114 [1/1] (0.00ns)   --->   "%state_29_V = alloca [16 x i8], align 1" [../src/AES_encrypt.cpp:107]   --->   Operation 114 'alloca' 'state_29_V' <Predicate = true> <Delay = 0.00>
ST_1 : Operation 115 [1/1] (0.00ns)   --->   "%state_30_V = alloca [16 x i8], align 1" [../src/AES_encrypt.cpp:108]   --->   Operation 115 'alloca' 'state_30_V' <Predicate = true> <Delay = 0.00>
ST_1 : Operation 116 [1/1] (0.00ns)   --->   "%state_31_V = alloca [16 x i8], align 1" [../src/AES_encrypt.cpp:109]   --->   Operation 116 'alloca' 'state_31_V' <Predicate = true> <Delay = 0.00>
ST_1 : Operation 117 [1/1] (0.00ns)   --->   "%state_32_V = alloca [16 x i8], align 1" [../src/AES_encrypt.cpp:110]   --->   Operation 117 'alloca' 'state_32_V' <Predicate = true> <Delay = 0.00>
ST_1 : Operation 118 [1/1] (0.00ns)   --->   "%state_33_V = alloca [16 x i8], align 1" [../src/AES_encrypt.cpp:111]   --->   Operation 118 'alloca' 'state_33_V' <Predicate = true> <Delay = 0.00>
ST_1 : Operation 119 [1/1] (0.00ns)   --->   "%state_34_V = alloca [16 x i8], align 1" [../src/AES_encrypt.cpp:112]   --->   Operation 119 'alloca' 'state_34_V' <Predicate = true> <Delay = 0.00>
ST_1 : Operation 120 [1/1] (0.00ns)   --->   "%state_35_V = alloca [16 x i8], align 1" [../src/AES_encrypt.cpp:113]   --->   Operation 120 'alloca' 'state_35_V' <Predicate = true> <Delay = 0.00>
ST_1 : Operation 121 [1/1] (0.00ns)   --->   "%state_36_V = alloca [16 x i8], align 1" [../src/AES_encrypt.cpp:114]   --->   Operation 121 'alloca' 'state_36_V' <Predicate = true> <Delay = 0.00>
ST_1 : Operation 122 [1/1] (0.00ns)   --->   "%state_37_V = alloca [16 x i8], align 1" [../src/AES_encrypt.cpp:115]   --->   Operation 122 'alloca' 'state_37_V' <Predicate = true> <Delay = 0.00>
ST_1 : Operation 123 [1/1] (0.00ns)   --->   "%state_38_V = alloca [16 x i8], align 1" [../src/AES_encrypt.cpp:116]   --->   Operation 123 'alloca' 'state_38_V' <Predicate = true> <Delay = 0.00>
ST_1 : Operation 124 [1/1] (0.00ns)   --->   "%state_39_V = alloca [16 x i8], align 1" [../src/AES_encrypt.cpp:117]   --->   Operation 124 'alloca' 'state_39_V' <Predicate = true> <Delay = 0.00>
ST_1 : Operation 125 [1/1] (0.00ns)   --->   "%state_40 = alloca [16 x i8], align 1"   --->   Operation 125 'alloca' 'state_40' <Predicate = true> <Delay = 0.00>
ST_1 : Operation 126 [2/2] (0.00ns)   --->   "call fastcc void @Cipher_Loop_1_proc([16 x i8]* %plain_V, [16 x i8]* %state_0_V)"   --->   Operation 126 'call' <Predicate = true> <Delay = 0.00> <CoreType = "Generic">   --->   Core 0 '' <Latency = 0> <II = 1> <Delay = 1.00> <Generic> <Opcode : >

State 2 <SV = 1> <Delay = 0.00>
ST_2 : Operation 127 [1/2] (0.00ns)   --->   "call fastcc void @Cipher_Loop_1_proc([16 x i8]* %plain_V, [16 x i8]* %state_0_V)"   --->   Operation 127 'call' <Predicate = true> <Delay = 0.00> <CoreType = "Generic">   --->   Core 0 '' <Latency = 0> <II = 1> <Delay = 1.00> <Generic> <Opcode : >

State 3 <SV = 2> <Delay = 0.00>
ST_3 : Operation 128 [2/2] (0.00ns)   --->   "call fastcc void @AddRoundKey45([16 x i8]* nocapture %state_0_V, [16 x i8]* nocapture %state_1_V, [16 x i8]* nocapture %key_0_V)" [../src/AES_encrypt.cpp:123]   --->   Operation 128 'call' <Predicate = true> <Delay = 0.00> <CoreType = "Generic">   --->   Core 0 '' <Latency = 0> <II = 1> <Delay = 1.00> <Generic> <Opcode : >

State 4 <SV = 3> <Delay = 0.00>
ST_4 : Operation 129 [1/2] (0.00ns)   --->   "call fastcc void @AddRoundKey45([16 x i8]* nocapture %state_0_V, [16 x i8]* nocapture %state_1_V, [16 x i8]* nocapture %key_0_V)" [../src/AES_encrypt.cpp:123]   --->   Operation 129 'call' <Predicate = true> <Delay = 0.00> <CoreType = "Generic">   --->   Core 0 '' <Latency = 0> <II = 1> <Delay = 1.00> <Generic> <Opcode : >

State 5 <SV = 4> <Delay = 0.00>
ST_5 : Operation 130 [2/2] (0.00ns)   --->   "call fastcc void @SubBytes46([16 x i8]* nocapture %state_1_V, [16 x i8]* nocapture %state_2_V)" [../src/AES_encrypt.cpp:125]   --->   Operation 130 'call' <Predicate = true> <Delay = 0.00> <CoreType = "Generic">   --->   Core 0 '' <Latency = 0> <II = 1> <Delay = 1.00> <Generic> <Opcode : >

State 6 <SV = 5> <Delay = 0.00>
ST_6 : Operation 131 [1/2] (0.00ns)   --->   "call fastcc void @SubBytes46([16 x i8]* nocapture %state_1_V, [16 x i8]* nocapture %state_2_V)" [../src/AES_encrypt.cpp:125]   --->   Operation 131 'call' <Predicate = true> <Delay = 0.00> <CoreType = "Generic">   --->   Core 0 '' <Latency = 0> <II = 1> <Delay = 1.00> <Generic> <Opcode : >

State 7 <SV = 6> <Delay = 0.00>
ST_7 : Operation 132 [2/2] (0.00ns)   --->   "call fastcc void @ShiftRows47([16 x i8]* %state_2_V, [16 x i8]* %state_3_V)" [../src/AES_encrypt.cpp:126]   --->   Operation 132 'call' <Predicate = true> <Delay = 0.00> <CoreType = "Generic">   --->   Core 0 '' <Latency = 0> <II = 1> <Delay = 1.00> <Generic> <Opcode : >

State 8 <SV = 7> <Delay = 0.00>
ST_8 : Operation 133 [1/2] (0.00ns)   --->   "call fastcc void @ShiftRows47([16 x i8]* %state_2_V, [16 x i8]* %state_3_V)" [../src/AES_encrypt.cpp:126]   --->   Operation 133 'call' <Predicate = true> <Delay = 0.00> <CoreType = "Generic">   --->   Core 0 '' <Latency = 0> <II = 1> <Delay = 1.00> <Generic> <Opcode : >

State 9 <SV = 8> <Delay = 0.00>
ST_9 : Operation 134 [2/2] (0.00ns)   --->   "call fastcc void @MixColumns48([16 x i8]* nocapture %state_3_V, [16 x i8]* nocapture %state_4_V)" [../src/AES_encrypt.cpp:127]   --->   Operation 134 'call' <Predicate = true> <Delay = 0.00> <CoreType = "Generic">   --->   Core 0 '' <Latency = 0> <II = 1> <Delay = 1.00> <Generic> <Opcode : >

State 10 <SV = 9> <Delay = 0.00>
ST_10 : Operation 135 [1/2] (0.00ns)   --->   "call fastcc void @MixColumns48([16 x i8]* nocapture %state_3_V, [16 x i8]* nocapture %state_4_V)" [../src/AES_encrypt.cpp:127]   --->   Operation 135 'call' <Predicate = true> <Delay = 0.00> <CoreType = "Generic">   --->   Core 0 '' <Latency = 0> <II = 1> <Delay = 1.00> <Generic> <Opcode : >

State 11 <SV = 10> <Delay = 0.00>
ST_11 : Operation 136 [2/2] (0.00ns)   --->   "call fastcc void @AddRoundKey49([16 x i8]* nocapture %state_4_V, [16 x i8]* nocapture %state_5_V, [16 x i8]* nocapture %key_1_V)" [../src/AES_encrypt.cpp:128]   --->   Operation 136 'call' <Predicate = true> <Delay = 0.00> <CoreType = "Generic">   --->   Core 0 '' <Latency = 0> <II = 1> <Delay = 1.00> <Generic> <Opcode : >

State 12 <SV = 11> <Delay = 0.00>
ST_12 : Operation 137 [1/2] (0.00ns)   --->   "call fastcc void @AddRoundKey49([16 x i8]* nocapture %state_4_V, [16 x i8]* nocapture %state_5_V, [16 x i8]* nocapture %key_1_V)" [../src/AES_encrypt.cpp:128]   --->   Operation 137 'call' <Predicate = true> <Delay = 0.00> <CoreType = "Generic">   --->   Core 0 '' <Latency = 0> <II = 1> <Delay = 1.00> <Generic> <Opcode : >

State 13 <SV = 12> <Delay = 0.00>
ST_13 : Operation 138 [2/2] (0.00ns)   --->   "call fastcc void @SubBytes50([16 x i8]* nocapture %state_5_V, [16 x i8]* nocapture %state_6_V)" [../src/AES_encrypt.cpp:129]   --->   Operation 138 'call' <Predicate = true> <Delay = 0.00> <CoreType = "Generic">   --->   Core 0 '' <Latency = 0> <II = 1> <Delay = 1.00> <Generic> <Opcode : >

State 14 <SV = 13> <Delay = 0.00>
ST_14 : Operation 139 [1/2] (0.00ns)   --->   "call fastcc void @SubBytes50([16 x i8]* nocapture %state_5_V, [16 x i8]* nocapture %state_6_V)" [../src/AES_encrypt.cpp:129]   --->   Operation 139 'call' <Predicate = true> <Delay = 0.00> <CoreType = "Generic">   --->   Core 0 '' <Latency = 0> <II = 1> <Delay = 1.00> <Generic> <Opcode : >

State 15 <SV = 14> <Delay = 0.00>
ST_15 : Operation 140 [2/2] (0.00ns)   --->   "call fastcc void @ShiftRows51([16 x i8]* %state_6_V, [16 x i8]* %state_7_V)" [../src/AES_encrypt.cpp:130]   --->   Operation 140 'call' <Predicate = true> <Delay = 0.00> <CoreType = "Generic">   --->   Core 0 '' <Latency = 0> <II = 1> <Delay = 1.00> <Generic> <Opcode : >

State 16 <SV = 15> <Delay = 0.00>
ST_16 : Operation 141 [1/2] (0.00ns)   --->   "call fastcc void @ShiftRows51([16 x i8]* %state_6_V, [16 x i8]* %state_7_V)" [../src/AES_encrypt.cpp:130]   --->   Operation 141 'call' <Predicate = true> <Delay = 0.00> <CoreType = "Generic">   --->   Core 0 '' <Latency = 0> <II = 1> <Delay = 1.00> <Generic> <Opcode : >

State 17 <SV = 16> <Delay = 0.00>
ST_17 : Operation 142 [2/2] (0.00ns)   --->   "call fastcc void @MixColumns52([16 x i8]* nocapture %state_7_V, [16 x i8]* nocapture %state_8_V)" [../src/AES_encrypt.cpp:131]   --->   Operation 142 'call' <Predicate = true> <Delay = 0.00> <CoreType = "Generic">   --->   Core 0 '' <Latency = 0> <II = 1> <Delay = 1.00> <Generic> <Opcode : >

State 18 <SV = 17> <Delay = 0.00>
ST_18 : Operation 143 [1/2] (0.00ns)   --->   "call fastcc void @MixColumns52([16 x i8]* nocapture %state_7_V, [16 x i8]* nocapture %state_8_V)" [../src/AES_encrypt.cpp:131]   --->   Operation 143 'call' <Predicate = true> <Delay = 0.00> <CoreType = "Generic">   --->   Core 0 '' <Latency = 0> <II = 1> <Delay = 1.00> <Generic> <Opcode : >

State 19 <SV = 18> <Delay = 0.00>
ST_19 : Operation 144 [2/2] (0.00ns)   --->   "call fastcc void @AddRoundKey53([16 x i8]* nocapture %state_8_V, [16 x i8]* nocapture %state_9_V, [16 x i8]* nocapture %key_2_V)" [../src/AES_encrypt.cpp:132]   --->   Operation 144 'call' <Predicate = true> <Delay = 0.00> <CoreType = "Generic">   --->   Core 0 '' <Latency = 0> <II = 1> <Delay = 1.00> <Generic> <Opcode : >

State 20 <SV = 19> <Delay = 0.00>
ST_20 : Operation 145 [1/2] (0.00ns)   --->   "call fastcc void @AddRoundKey53([16 x i8]* nocapture %state_8_V, [16 x i8]* nocapture %state_9_V, [16 x i8]* nocapture %key_2_V)" [../src/AES_encrypt.cpp:132]   --->   Operation 145 'call' <Predicate = true> <Delay = 0.00> <CoreType = "Generic">   --->   Core 0 '' <Latency = 0> <II = 1> <Delay = 1.00> <Generic> <Opcode : >

State 21 <SV = 20> <Delay = 0.00>
ST_21 : Operation 146 [2/2] (0.00ns)   --->   "call fastcc void @SubBytes54([16 x i8]* nocapture %state_9_V, [16 x i8]* nocapture %state_10_V)" [../src/AES_encrypt.cpp:133]   --->   Operation 146 'call' <Predicate = true> <Delay = 0.00> <CoreType = "Generic">   --->   Core 0 '' <Latency = 0> <II = 1> <Delay = 1.00> <Generic> <Opcode : >

State 22 <SV = 21> <Delay = 0.00>
ST_22 : Operation 147 [1/2] (0.00ns)   --->   "call fastcc void @SubBytes54([16 x i8]* nocapture %state_9_V, [16 x i8]* nocapture %state_10_V)" [../src/AES_encrypt.cpp:133]   --->   Operation 147 'call' <Predicate = true> <Delay = 0.00> <CoreType = "Generic">   --->   Core 0 '' <Latency = 0> <II = 1> <Delay = 1.00> <Generic> <Opcode : >

State 23 <SV = 22> <Delay = 0.00>
ST_23 : Operation 148 [2/2] (0.00ns)   --->   "call fastcc void @ShiftRows55([16 x i8]* %state_10_V, [16 x i8]* %state_11_V)" [../src/AES_encrypt.cpp:134]   --->   Operation 148 'call' <Predicate = true> <Delay = 0.00> <CoreType = "Generic">   --->   Core 0 '' <Latency = 0> <II = 1> <Delay = 1.00> <Generic> <Opcode : >

State 24 <SV = 23> <Delay = 0.00>
ST_24 : Operation 149 [1/2] (0.00ns)   --->   "call fastcc void @ShiftRows55([16 x i8]* %state_10_V, [16 x i8]* %state_11_V)" [../src/AES_encrypt.cpp:134]   --->   Operation 149 'call' <Predicate = true> <Delay = 0.00> <CoreType = "Generic">   --->   Core 0 '' <Latency = 0> <II = 1> <Delay = 1.00> <Generic> <Opcode : >

State 25 <SV = 24> <Delay = 0.00>
ST_25 : Operation 150 [2/2] (0.00ns)   --->   "call fastcc void @MixColumns56([16 x i8]* nocapture %state_11_V, [16 x i8]* nocapture %state_12_V)" [../src/AES_encrypt.cpp:135]   --->   Operation 150 'call' <Predicate = true> <Delay = 0.00> <CoreType = "Generic">   --->   Core 0 '' <Latency = 0> <II = 1> <Delay = 1.00> <Generic> <Opcode : >

State 26 <SV = 25> <Delay = 0.00>
ST_26 : Operation 151 [1/2] (0.00ns)   --->   "call fastcc void @MixColumns56([16 x i8]* nocapture %state_11_V, [16 x i8]* nocapture %state_12_V)" [../src/AES_encrypt.cpp:135]   --->   Operation 151 'call' <Predicate = true> <Delay = 0.00> <CoreType = "Generic">   --->   Core 0 '' <Latency = 0> <II = 1> <Delay = 1.00> <Generic> <Opcode : >

State 27 <SV = 26> <Delay = 0.00>
ST_27 : Operation 152 [2/2] (0.00ns)   --->   "call fastcc void @AddRoundKey57([16 x i8]* nocapture %state_12_V, [16 x i8]* nocapture %state_13_V, [16 x i8]* nocapture %key_3_V)" [../src/AES_encrypt.cpp:136]   --->   Operation 152 'call' <Predicate = true> <Delay = 0.00> <CoreType = "Generic">   --->   Core 0 '' <Latency = 0> <II = 1> <Delay = 1.00> <Generic> <Opcode : >

State 28 <SV = 27> <Delay = 0.00>
ST_28 : Operation 153 [1/2] (0.00ns)   --->   "call fastcc void @AddRoundKey57([16 x i8]* nocapture %state_12_V, [16 x i8]* nocapture %state_13_V, [16 x i8]* nocapture %key_3_V)" [../src/AES_encrypt.cpp:136]   --->   Operation 153 'call' <Predicate = true> <Delay = 0.00> <CoreType = "Generic">   --->   Core 0 '' <Latency = 0> <II = 1> <Delay = 1.00> <Generic> <Opcode : >

State 29 <SV = 28> <Delay = 0.00>
ST_29 : Operation 154 [2/2] (0.00ns)   --->   "call fastcc void @SubBytes58([16 x i8]* nocapture %state_13_V, [16 x i8]* nocapture %state_14_V)" [../src/AES_encrypt.cpp:137]   --->   Operation 154 'call' <Predicate = true> <Delay = 0.00> <CoreType = "Generic">   --->   Core 0 '' <Latency = 0> <II = 1> <Delay = 1.00> <Generic> <Opcode : >

State 30 <SV = 29> <Delay = 0.00>
ST_30 : Operation 155 [1/2] (0.00ns)   --->   "call fastcc void @SubBytes58([16 x i8]* nocapture %state_13_V, [16 x i8]* nocapture %state_14_V)" [../src/AES_encrypt.cpp:137]   --->   Operation 155 'call' <Predicate = true> <Delay = 0.00> <CoreType = "Generic">   --->   Core 0 '' <Latency = 0> <II = 1> <Delay = 1.00> <Generic> <Opcode : >

State 31 <SV = 30> <Delay = 0.00>
ST_31 : Operation 156 [2/2] (0.00ns)   --->   "call fastcc void @ShiftRows59([16 x i8]* %state_14_V, [16 x i8]* %state_15_V)" [../src/AES_encrypt.cpp:138]   --->   Operation 156 'call' <Predicate = true> <Delay = 0.00> <CoreType = "Generic">   --->   Core 0 '' <Latency = 0> <II = 1> <Delay = 1.00> <Generic> <Opcode : >

State 32 <SV = 31> <Delay = 0.00>
ST_32 : Operation 157 [1/2] (0.00ns)   --->   "call fastcc void @ShiftRows59([16 x i8]* %state_14_V, [16 x i8]* %state_15_V)" [../src/AES_encrypt.cpp:138]   --->   Operation 157 'call' <Predicate = true> <Delay = 0.00> <CoreType = "Generic">   --->   Core 0 '' <Latency = 0> <II = 1> <Delay = 1.00> <Generic> <Opcode : >

State 33 <SV = 32> <Delay = 0.00>
ST_33 : Operation 158 [2/2] (0.00ns)   --->   "call fastcc void @MixColumns60([16 x i8]* nocapture %state_15_V, [16 x i8]* nocapture %state_16_V)" [../src/AES_encrypt.cpp:139]   --->   Operation 158 'call' <Predicate = true> <Delay = 0.00> <CoreType = "Generic">   --->   Core 0 '' <Latency = 0> <II = 1> <Delay = 1.00> <Generic> <Opcode : >

State 34 <SV = 33> <Delay = 0.00>
ST_34 : Operation 159 [1/2] (0.00ns)   --->   "call fastcc void @MixColumns60([16 x i8]* nocapture %state_15_V, [16 x i8]* nocapture %state_16_V)" [../src/AES_encrypt.cpp:139]   --->   Operation 159 'call' <Predicate = true> <Delay = 0.00> <CoreType = "Generic">   --->   Core 0 '' <Latency = 0> <II = 1> <Delay = 1.00> <Generic> <Opcode : >

State 35 <SV = 34> <Delay = 0.00>
ST_35 : Operation 160 [2/2] (0.00ns)   --->   "call fastcc void @AddRoundKey61([16 x i8]* nocapture %state_16_V, [16 x i8]* nocapture %state_17_V, [16 x i8]* nocapture %key_4_V)" [../src/AES_encrypt.cpp:140]   --->   Operation 160 'call' <Predicate = true> <Delay = 0.00> <CoreType = "Generic">   --->   Core 0 '' <Latency = 0> <II = 1> <Delay = 1.00> <Generic> <Opcode : >

State 36 <SV = 35> <Delay = 0.00>
ST_36 : Operation 161 [1/2] (0.00ns)   --->   "call fastcc void @AddRoundKey61([16 x i8]* nocapture %state_16_V, [16 x i8]* nocapture %state_17_V, [16 x i8]* nocapture %key_4_V)" [../src/AES_encrypt.cpp:140]   --->   Operation 161 'call' <Predicate = true> <Delay = 0.00> <CoreType = "Generic">   --->   Core 0 '' <Latency = 0> <II = 1> <Delay = 1.00> <Generic> <Opcode : >

State 37 <SV = 36> <Delay = 0.00>
ST_37 : Operation 162 [2/2] (0.00ns)   --->   "call fastcc void @SubBytes62([16 x i8]* nocapture %state_17_V, [16 x i8]* nocapture %state_18_V)" [../src/AES_encrypt.cpp:141]   --->   Operation 162 'call' <Predicate = true> <Delay = 0.00> <CoreType = "Generic">   --->   Core 0 '' <Latency = 0> <II = 1> <Delay = 1.00> <Generic> <Opcode : >

State 38 <SV = 37> <Delay = 0.00>
ST_38 : Operation 163 [1/2] (0.00ns)   --->   "call fastcc void @SubBytes62([16 x i8]* nocapture %state_17_V, [16 x i8]* nocapture %state_18_V)" [../src/AES_encrypt.cpp:141]   --->   Operation 163 'call' <Predicate = true> <Delay = 0.00> <CoreType = "Generic">   --->   Core 0 '' <Latency = 0> <II = 1> <Delay = 1.00> <Generic> <Opcode : >

State 39 <SV = 38> <Delay = 0.00>
ST_39 : Operation 164 [2/2] (0.00ns)   --->   "call fastcc void @ShiftRows63([16 x i8]* %state_18_V, [16 x i8]* %state_19_V)" [../src/AES_encrypt.cpp:142]   --->   Operation 164 'call' <Predicate = true> <Delay = 0.00> <CoreType = "Generic">   --->   Core 0 '' <Latency = 0> <II = 1> <Delay = 1.00> <Generic> <Opcode : >

State 40 <SV = 39> <Delay = 0.00>
ST_40 : Operation 165 [1/2] (0.00ns)   --->   "call fastcc void @ShiftRows63([16 x i8]* %state_18_V, [16 x i8]* %state_19_V)" [../src/AES_encrypt.cpp:142]   --->   Operation 165 'call' <Predicate = true> <Delay = 0.00> <CoreType = "Generic">   --->   Core 0 '' <Latency = 0> <II = 1> <Delay = 1.00> <Generic> <Opcode : >

State 41 <SV = 40> <Delay = 0.00>
ST_41 : Operation 166 [2/2] (0.00ns)   --->   "call fastcc void @MixColumns64([16 x i8]* nocapture %state_19_V, [16 x i8]* nocapture %state_20_V)" [../src/AES_encrypt.cpp:143]   --->   Operation 166 'call' <Predicate = true> <Delay = 0.00> <CoreType = "Generic">   --->   Core 0 '' <Latency = 0> <II = 1> <Delay = 1.00> <Generic> <Opcode : >

State 42 <SV = 41> <Delay = 0.00>
ST_42 : Operation 167 [1/2] (0.00ns)   --->   "call fastcc void @MixColumns64([16 x i8]* nocapture %state_19_V, [16 x i8]* nocapture %state_20_V)" [../src/AES_encrypt.cpp:143]   --->   Operation 167 'call' <Predicate = true> <Delay = 0.00> <CoreType = "Generic">   --->   Core 0 '' <Latency = 0> <II = 1> <Delay = 1.00> <Generic> <Opcode : >

State 43 <SV = 42> <Delay = 0.00>
ST_43 : Operation 168 [2/2] (0.00ns)   --->   "call fastcc void @AddRoundKey65([16 x i8]* nocapture %state_20_V, [16 x i8]* nocapture %state_21_V, [16 x i8]* nocapture %key_5_V)" [../src/AES_encrypt.cpp:144]   --->   Operation 168 'call' <Predicate = true> <Delay = 0.00> <CoreType = "Generic">   --->   Core 0 '' <Latency = 0> <II = 1> <Delay = 1.00> <Generic> <Opcode : >

State 44 <SV = 43> <Delay = 0.00>
ST_44 : Operation 169 [1/2] (0.00ns)   --->   "call fastcc void @AddRoundKey65([16 x i8]* nocapture %state_20_V, [16 x i8]* nocapture %state_21_V, [16 x i8]* nocapture %key_5_V)" [../src/AES_encrypt.cpp:144]   --->   Operation 169 'call' <Predicate = true> <Delay = 0.00> <CoreType = "Generic">   --->   Core 0 '' <Latency = 0> <II = 1> <Delay = 1.00> <Generic> <Opcode : >

State 45 <SV = 44> <Delay = 0.00>
ST_45 : Operation 170 [2/2] (0.00ns)   --->   "call fastcc void @SubBytes66([16 x i8]* nocapture %state_21_V, [16 x i8]* nocapture %state_22_V)" [../src/AES_encrypt.cpp:145]   --->   Operation 170 'call' <Predicate = true> <Delay = 0.00> <CoreType = "Generic">   --->   Core 0 '' <Latency = 0> <II = 1> <Delay = 1.00> <Generic> <Opcode : >

State 46 <SV = 45> <Delay = 0.00>
ST_46 : Operation 171 [1/2] (0.00ns)   --->   "call fastcc void @SubBytes66([16 x i8]* nocapture %state_21_V, [16 x i8]* nocapture %state_22_V)" [../src/AES_encrypt.cpp:145]   --->   Operation 171 'call' <Predicate = true> <Delay = 0.00> <CoreType = "Generic">   --->   Core 0 '' <Latency = 0> <II = 1> <Delay = 1.00> <Generic> <Opcode : >

State 47 <SV = 46> <Delay = 0.00>
ST_47 : Operation 172 [2/2] (0.00ns)   --->   "call fastcc void @ShiftRows67([16 x i8]* %state_22_V, [16 x i8]* %state_23_V)" [../src/AES_encrypt.cpp:146]   --->   Operation 172 'call' <Predicate = true> <Delay = 0.00> <CoreType = "Generic">   --->   Core 0 '' <Latency = 0> <II = 1> <Delay = 1.00> <Generic> <Opcode : >

State 48 <SV = 47> <Delay = 0.00>
ST_48 : Operation 173 [1/2] (0.00ns)   --->   "call fastcc void @ShiftRows67([16 x i8]* %state_22_V, [16 x i8]* %state_23_V)" [../src/AES_encrypt.cpp:146]   --->   Operation 173 'call' <Predicate = true> <Delay = 0.00> <CoreType = "Generic">   --->   Core 0 '' <Latency = 0> <II = 1> <Delay = 1.00> <Generic> <Opcode : >

State 49 <SV = 48> <Delay = 0.00>
ST_49 : Operation 174 [2/2] (0.00ns)   --->   "call fastcc void @MixColumns68([16 x i8]* nocapture %state_23_V, [16 x i8]* nocapture %state_24_V)" [../src/AES_encrypt.cpp:147]   --->   Operation 174 'call' <Predicate = true> <Delay = 0.00> <CoreType = "Generic">   --->   Core 0 '' <Latency = 0> <II = 1> <Delay = 1.00> <Generic> <Opcode : >

State 50 <SV = 49> <Delay = 0.00>
ST_50 : Operation 175 [1/2] (0.00ns)   --->   "call fastcc void @MixColumns68([16 x i8]* nocapture %state_23_V, [16 x i8]* nocapture %state_24_V)" [../src/AES_encrypt.cpp:147]   --->   Operation 175 'call' <Predicate = true> <Delay = 0.00> <CoreType = "Generic">   --->   Core 0 '' <Latency = 0> <II = 1> <Delay = 1.00> <Generic> <Opcode : >

State 51 <SV = 50> <Delay = 0.00>
ST_51 : Operation 176 [2/2] (0.00ns)   --->   "call fastcc void @AddRoundKey69([16 x i8]* nocapture %state_24_V, [16 x i8]* nocapture %state_25_V, [16 x i8]* nocapture %key_6_V)" [../src/AES_encrypt.cpp:148]   --->   Operation 176 'call' <Predicate = true> <Delay = 0.00> <CoreType = "Generic">   --->   Core 0 '' <Latency = 0> <II = 1> <Delay = 1.00> <Generic> <Opcode : >

State 52 <SV = 51> <Delay = 0.00>
ST_52 : Operation 177 [1/2] (0.00ns)   --->   "call fastcc void @AddRoundKey69([16 x i8]* nocapture %state_24_V, [16 x i8]* nocapture %state_25_V, [16 x i8]* nocapture %key_6_V)" [../src/AES_encrypt.cpp:148]   --->   Operation 177 'call' <Predicate = true> <Delay = 0.00> <CoreType = "Generic">   --->   Core 0 '' <Latency = 0> <II = 1> <Delay = 1.00> <Generic> <Opcode : >

State 53 <SV = 52> <Delay = 0.00>
ST_53 : Operation 178 [2/2] (0.00ns)   --->   "call fastcc void @SubBytes70([16 x i8]* nocapture %state_25_V, [16 x i8]* nocapture %state_26_V)" [../src/AES_encrypt.cpp:149]   --->   Operation 178 'call' <Predicate = true> <Delay = 0.00> <CoreType = "Generic">   --->   Core 0 '' <Latency = 0> <II = 1> <Delay = 1.00> <Generic> <Opcode : >

State 54 <SV = 53> <Delay = 0.00>
ST_54 : Operation 179 [1/2] (0.00ns)   --->   "call fastcc void @SubBytes70([16 x i8]* nocapture %state_25_V, [16 x i8]* nocapture %state_26_V)" [../src/AES_encrypt.cpp:149]   --->   Operation 179 'call' <Predicate = true> <Delay = 0.00> <CoreType = "Generic">   --->   Core 0 '' <Latency = 0> <II = 1> <Delay = 1.00> <Generic> <Opcode : >

State 55 <SV = 54> <Delay = 0.00>
ST_55 : Operation 180 [2/2] (0.00ns)   --->   "call fastcc void @ShiftRows71([16 x i8]* %state_26_V, [16 x i8]* %state_27_V)" [../src/AES_encrypt.cpp:150]   --->   Operation 180 'call' <Predicate = true> <Delay = 0.00> <CoreType = "Generic">   --->   Core 0 '' <Latency = 0> <II = 1> <Delay = 1.00> <Generic> <Opcode : >

State 56 <SV = 55> <Delay = 0.00>
ST_56 : Operation 181 [1/2] (0.00ns)   --->   "call fastcc void @ShiftRows71([16 x i8]* %state_26_V, [16 x i8]* %state_27_V)" [../src/AES_encrypt.cpp:150]   --->   Operation 181 'call' <Predicate = true> <Delay = 0.00> <CoreType = "Generic">   --->   Core 0 '' <Latency = 0> <II = 1> <Delay = 1.00> <Generic> <Opcode : >

State 57 <SV = 56> <Delay = 0.00>
ST_57 : Operation 182 [2/2] (0.00ns)   --->   "call fastcc void @MixColumns72([16 x i8]* nocapture %state_27_V, [16 x i8]* nocapture %state_28_V)" [../src/AES_encrypt.cpp:151]   --->   Operation 182 'call' <Predicate = true> <Delay = 0.00> <CoreType = "Generic">   --->   Core 0 '' <Latency = 0> <II = 1> <Delay = 1.00> <Generic> <Opcode : >

State 58 <SV = 57> <Delay = 0.00>
ST_58 : Operation 183 [1/2] (0.00ns)   --->   "call fastcc void @MixColumns72([16 x i8]* nocapture %state_27_V, [16 x i8]* nocapture %state_28_V)" [../src/AES_encrypt.cpp:151]   --->   Operation 183 'call' <Predicate = true> <Delay = 0.00> <CoreType = "Generic">   --->   Core 0 '' <Latency = 0> <II = 1> <Delay = 1.00> <Generic> <Opcode : >

State 59 <SV = 58> <Delay = 0.00>
ST_59 : Operation 184 [2/2] (0.00ns)   --->   "call fastcc void @AddRoundKey73([16 x i8]* nocapture %state_28_V, [16 x i8]* nocapture %state_29_V, [16 x i8]* nocapture %key_7_V)" [../src/AES_encrypt.cpp:152]   --->   Operation 184 'call' <Predicate = true> <Delay = 0.00> <CoreType = "Generic">   --->   Core 0 '' <Latency = 0> <II = 1> <Delay = 1.00> <Generic> <Opcode : >

State 60 <SV = 59> <Delay = 0.00>
ST_60 : Operation 185 [1/2] (0.00ns)   --->   "call fastcc void @AddRoundKey73([16 x i8]* nocapture %state_28_V, [16 x i8]* nocapture %state_29_V, [16 x i8]* nocapture %key_7_V)" [../src/AES_encrypt.cpp:152]   --->   Operation 185 'call' <Predicate = true> <Delay = 0.00> <CoreType = "Generic">   --->   Core 0 '' <Latency = 0> <II = 1> <Delay = 1.00> <Generic> <Opcode : >

State 61 <SV = 60> <Delay = 0.00>
ST_61 : Operation 186 [2/2] (0.00ns)   --->   "call fastcc void @SubBytes74([16 x i8]* nocapture %state_29_V, [16 x i8]* nocapture %state_30_V)" [../src/AES_encrypt.cpp:153]   --->   Operation 186 'call' <Predicate = true> <Delay = 0.00> <CoreType = "Generic">   --->   Core 0 '' <Latency = 0> <II = 1> <Delay = 1.00> <Generic> <Opcode : >

State 62 <SV = 61> <Delay = 0.00>
ST_62 : Operation 187 [1/2] (0.00ns)   --->   "call fastcc void @SubBytes74([16 x i8]* nocapture %state_29_V, [16 x i8]* nocapture %state_30_V)" [../src/AES_encrypt.cpp:153]   --->   Operation 187 'call' <Predicate = true> <Delay = 0.00> <CoreType = "Generic">   --->   Core 0 '' <Latency = 0> <II = 1> <Delay = 1.00> <Generic> <Opcode : >

State 63 <SV = 62> <Delay = 0.00>
ST_63 : Operation 188 [2/2] (0.00ns)   --->   "call fastcc void @ShiftRows75([16 x i8]* %state_30_V, [16 x i8]* %state_31_V)" [../src/AES_encrypt.cpp:154]   --->   Operation 188 'call' <Predicate = true> <Delay = 0.00> <CoreType = "Generic">   --->   Core 0 '' <Latency = 0> <II = 1> <Delay = 1.00> <Generic> <Opcode : >

State 64 <SV = 63> <Delay = 0.00>
ST_64 : Operation 189 [1/2] (0.00ns)   --->   "call fastcc void @ShiftRows75([16 x i8]* %state_30_V, [16 x i8]* %state_31_V)" [../src/AES_encrypt.cpp:154]   --->   Operation 189 'call' <Predicate = true> <Delay = 0.00> <CoreType = "Generic">   --->   Core 0 '' <Latency = 0> <II = 1> <Delay = 1.00> <Generic> <Opcode : >

State 65 <SV = 64> <Delay = 0.00>
ST_65 : Operation 190 [2/2] (0.00ns)   --->   "call fastcc void @MixColumns76([16 x i8]* nocapture %state_31_V, [16 x i8]* nocapture %state_32_V)" [../src/AES_encrypt.cpp:155]   --->   Operation 190 'call' <Predicate = true> <Delay = 0.00> <CoreType = "Generic">   --->   Core 0 '' <Latency = 0> <II = 1> <Delay = 1.00> <Generic> <Opcode : >

State 66 <SV = 65> <Delay = 0.00>
ST_66 : Operation 191 [1/2] (0.00ns)   --->   "call fastcc void @MixColumns76([16 x i8]* nocapture %state_31_V, [16 x i8]* nocapture %state_32_V)" [../src/AES_encrypt.cpp:155]   --->   Operation 191 'call' <Predicate = true> <Delay = 0.00> <CoreType = "Generic">   --->   Core 0 '' <Latency = 0> <II = 1> <Delay = 1.00> <Generic> <Opcode : >

State 67 <SV = 66> <Delay = 0.00>
ST_67 : Operation 192 [2/2] (0.00ns)   --->   "call fastcc void @AddRoundKey77([16 x i8]* nocapture %state_32_V, [16 x i8]* nocapture %state_33_V, [16 x i8]* nocapture %key_8_V)" [../src/AES_encrypt.cpp:156]   --->   Operation 192 'call' <Predicate = true> <Delay = 0.00> <CoreType = "Generic">   --->   Core 0 '' <Latency = 0> <II = 1> <Delay = 1.00> <Generic> <Opcode : >

State 68 <SV = 67> <Delay = 0.00>
ST_68 : Operation 193 [1/2] (0.00ns)   --->   "call fastcc void @AddRoundKey77([16 x i8]* nocapture %state_32_V, [16 x i8]* nocapture %state_33_V, [16 x i8]* nocapture %key_8_V)" [../src/AES_encrypt.cpp:156]   --->   Operation 193 'call' <Predicate = true> <Delay = 0.00> <CoreType = "Generic">   --->   Core 0 '' <Latency = 0> <II = 1> <Delay = 1.00> <Generic> <Opcode : >

State 69 <SV = 68> <Delay = 0.00>
ST_69 : Operation 194 [2/2] (0.00ns)   --->   "call fastcc void @SubBytes78([16 x i8]* nocapture %state_33_V, [16 x i8]* nocapture %state_34_V)" [../src/AES_encrypt.cpp:157]   --->   Operation 194 'call' <Predicate = true> <Delay = 0.00> <CoreType = "Generic">   --->   Core 0 '' <Latency = 0> <II = 1> <Delay = 1.00> <Generic> <Opcode : >

State 70 <SV = 69> <Delay = 0.00>
ST_70 : Operation 195 [1/2] (0.00ns)   --->   "call fastcc void @SubBytes78([16 x i8]* nocapture %state_33_V, [16 x i8]* nocapture %state_34_V)" [../src/AES_encrypt.cpp:157]   --->   Operation 195 'call' <Predicate = true> <Delay = 0.00> <CoreType = "Generic">   --->   Core 0 '' <Latency = 0> <II = 1> <Delay = 1.00> <Generic> <Opcode : >

State 71 <SV = 70> <Delay = 0.00>
ST_71 : Operation 196 [2/2] (0.00ns)   --->   "call fastcc void @ShiftRows79([16 x i8]* %state_34_V, [16 x i8]* %state_35_V)" [../src/AES_encrypt.cpp:158]   --->   Operation 196 'call' <Predicate = true> <Delay = 0.00> <CoreType = "Generic">   --->   Core 0 '' <Latency = 0> <II = 1> <Delay = 1.00> <Generic> <Opcode : >

State 72 <SV = 71> <Delay = 0.00>
ST_72 : Operation 197 [1/2] (0.00ns)   --->   "call fastcc void @ShiftRows79([16 x i8]* %state_34_V, [16 x i8]* %state_35_V)" [../src/AES_encrypt.cpp:158]   --->   Operation 197 'call' <Predicate = true> <Delay = 0.00> <CoreType = "Generic">   --->   Core 0 '' <Latency = 0> <II = 1> <Delay = 1.00> <Generic> <Opcode : >

State 73 <SV = 72> <Delay = 0.00>
ST_73 : Operation 198 [2/2] (0.00ns)   --->   "call fastcc void @MixColumns([16 x i8]* %state_35_V, [16 x i8]* %state_36_V)" [../src/AES_encrypt.cpp:159]   --->   Operation 198 'call' <Predicate = true> <Delay = 0.00> <CoreType = "Generic">   --->   Core 0 '' <Latency = 0> <II = 1> <Delay = 1.00> <Generic> <Opcode : >

State 74 <SV = 73> <Delay = 0.00>
ST_74 : Operation 199 [1/2] (0.00ns)   --->   "call fastcc void @MixColumns([16 x i8]* %state_35_V, [16 x i8]* %state_36_V)" [../src/AES_encrypt.cpp:159]   --->   Operation 199 'call' <Predicate = true> <Delay = 0.00> <CoreType = "Generic">   --->   Core 0 '' <Latency = 0> <II = 1> <Delay = 1.00> <Generic> <Opcode : >

State 75 <SV = 74> <Delay = 0.00>
ST_75 : Operation 200 [2/2] (0.00ns)   --->   "call fastcc void @AddRoundKey80([16 x i8]* nocapture %state_36_V, [16 x i8]* nocapture %state_37_V, [16 x i8]* nocapture %key_9_V)" [../src/AES_encrypt.cpp:160]   --->   Operation 200 'call' <Predicate = true> <Delay = 0.00> <CoreType = "Generic">   --->   Core 0 '' <Latency = 0> <II = 1> <Delay = 1.00> <Generic> <Opcode : >

State 76 <SV = 75> <Delay = 0.00>
ST_76 : Operation 201 [1/2] (0.00ns)   --->   "call fastcc void @AddRoundKey80([16 x i8]* nocapture %state_36_V, [16 x i8]* nocapture %state_37_V, [16 x i8]* nocapture %key_9_V)" [../src/AES_encrypt.cpp:160]   --->   Operation 201 'call' <Predicate = true> <Delay = 0.00> <CoreType = "Generic">   --->   Core 0 '' <Latency = 0> <II = 1> <Delay = 1.00> <Generic> <Opcode : >

State 77 <SV = 76> <Delay = 0.00>
ST_77 : Operation 202 [2/2] (0.00ns)   --->   "call fastcc void @SubBytes([16 x i8]* %state_37_V, [16 x i8]* %state_38_V)" [../src/AES_encrypt.cpp:162]   --->   Operation 202 'call' <Predicate = true> <Delay = 0.00> <CoreType = "Generic">   --->   Core 0 '' <Latency = 0> <II = 1> <Delay = 1.00> <Generic> <Opcode : >

State 78 <SV = 77> <Delay = 0.00>
ST_78 : Operation 203 [1/2] (0.00ns)   --->   "call fastcc void @SubBytes([16 x i8]* %state_37_V, [16 x i8]* %state_38_V)" [../src/AES_encrypt.cpp:162]   --->   Operation 203 'call' <Predicate = true> <Delay = 0.00> <CoreType = "Generic">   --->   Core 0 '' <Latency = 0> <II = 1> <Delay = 1.00> <Generic> <Opcode : >

State 79 <SV = 78> <Delay = 0.00>
ST_79 : Operation 204 [2/2] (0.00ns)   --->   "call fastcc void @ShiftRows([16 x i8]* %state_38_V, [16 x i8]* %state_39_V)" [../src/AES_encrypt.cpp:163]   --->   Operation 204 'call' <Predicate = true> <Delay = 0.00> <CoreType = "Generic">   --->   Core 0 '' <Latency = 0> <II = 1> <Delay = 1.00> <Generic> <Opcode : >

State 80 <SV = 79> <Delay = 0.00>
ST_80 : Operation 205 [1/2] (0.00ns)   --->   "call fastcc void @ShiftRows([16 x i8]* %state_38_V, [16 x i8]* %state_39_V)" [../src/AES_encrypt.cpp:163]   --->   Operation 205 'call' <Predicate = true> <Delay = 0.00> <CoreType = "Generic">   --->   Core 0 '' <Latency = 0> <II = 1> <Delay = 1.00> <Generic> <Opcode : >

State 81 <SV = 80> <Delay = 0.00>
ST_81 : Operation 206 [2/2] (0.00ns)   --->   "call fastcc void @AddRoundKey([16 x i8]* %state_39_V, [16 x i8]* %state_40, [16 x i8]* %key_10_V)" [../src/AES_encrypt.cpp:164]   --->   Operation 206 'call' <Predicate = true> <Delay = 0.00> <CoreType = "Generic">   --->   Core 0 '' <Latency = 0> <II = 1> <Delay = 1.00> <Generic> <Opcode : >

State 82 <SV = 81> <Delay = 0.00>
ST_82 : Operation 207 [1/2] (0.00ns)   --->   "call fastcc void @AddRoundKey([16 x i8]* %state_39_V, [16 x i8]* %state_40, [16 x i8]* %key_10_V)" [../src/AES_encrypt.cpp:164]   --->   Operation 207 'call' <Predicate = true> <Delay = 0.00> <CoreType = "Generic">   --->   Core 0 '' <Latency = 0> <II = 1> <Delay = 1.00> <Generic> <Opcode : >

State 83 <SV = 82> <Delay = 0.00>
ST_83 : Operation 208 [2/2] (0.00ns)   --->   "call fastcc void @Cipher_Loop_2_proc([16 x i8]* %state_40, [16 x i8]* %encrypt_V)"   --->   Operation 208 'call' <Predicate = true> <Delay = 0.00> <CoreType = "Generic">   --->   Core 0 '' <Latency = 0> <II = 1> <Delay = 1.00> <Generic> <Opcode : >

State 84 <SV = 83> <Delay = 0.00>
ST_84 : Operation 209 [1/1] (0.00ns)   --->   "%empty = call i32 (...)* @_ssdm_op_SpecMemCore([16 x i8]* %key_10_V, [1 x i8]* @p_str, [7 x i8]* @RAM_1P_str, [1 x i8]* @p_str, i32 -1, [1 x i8]* @p_str, [1 x i8]* @p_str, [1 x i8]* @p_str, [1 x i8]* @p_str, [1 x i8]* @p_str)"   --->   Operation 209 'specmemcore' 'empty' <Predicate = true> <Delay = 0.00>
ST_84 : Operation 210 [1/1] (0.00ns)   --->   "%empty_10 = call i32 (...)* @_ssdm_op_SpecMemCore([16 x i8]* %key_9_V, [1 x i8]* @p_str, [7 x i8]* @RAM_1P_str, [1 x i8]* @p_str, i32 -1, [1 x i8]* @p_str, [1 x i8]* @p_str, [1 x i8]* @p_str, [1 x i8]* @p_str, [1 x i8]* @p_str)"   --->   Operation 210 'specmemcore' 'empty_10' <Predicate = true> <Delay = 0.00>
ST_84 : Operation 211 [1/1] (0.00ns)   --->   "%empty_11 = call i32 (...)* @_ssdm_op_SpecMemCore([16 x i8]* %key_8_V, [1 x i8]* @p_str, [7 x i8]* @RAM_1P_str, [1 x i8]* @p_str, i32 -1, [1 x i8]* @p_str, [1 x i8]* @p_str, [1 x i8]* @p_str, [1 x i8]* @p_str, [1 x i8]* @p_str)"   --->   Operation 211 'specmemcore' 'empty_11' <Predicate = true> <Delay = 0.00>
ST_84 : Operation 212 [1/1] (0.00ns)   --->   "%empty_12 = call i32 (...)* @_ssdm_op_SpecMemCore([16 x i8]* %key_7_V, [1 x i8]* @p_str, [7 x i8]* @RAM_1P_str, [1 x i8]* @p_str, i32 -1, [1 x i8]* @p_str, [1 x i8]* @p_str, [1 x i8]* @p_str, [1 x i8]* @p_str, [1 x i8]* @p_str)"   --->   Operation 212 'specmemcore' 'empty_12' <Predicate = true> <Delay = 0.00>
ST_84 : Operation 213 [1/1] (0.00ns)   --->   "%empty_13 = call i32 (...)* @_ssdm_op_SpecMemCore([16 x i8]* %key_6_V, [1 x i8]* @p_str, [7 x i8]* @RAM_1P_str, [1 x i8]* @p_str, i32 -1, [1 x i8]* @p_str, [1 x i8]* @p_str, [1 x i8]* @p_str, [1 x i8]* @p_str, [1 x i8]* @p_str)"   --->   Operation 213 'specmemcore' 'empty_13' <Predicate = true> <Delay = 0.00>
ST_84 : Operation 214 [1/1] (0.00ns)   --->   "%empty_14 = call i32 (...)* @_ssdm_op_SpecMemCore([16 x i8]* %key_5_V, [1 x i8]* @p_str, [7 x i8]* @RAM_1P_str, [1 x i8]* @p_str, i32 -1, [1 x i8]* @p_str, [1 x i8]* @p_str, [1 x i8]* @p_str, [1 x i8]* @p_str, [1 x i8]* @p_str)"   --->   Operation 214 'specmemcore' 'empty_14' <Predicate = true> <Delay = 0.00>
ST_84 : Operation 215 [1/1] (0.00ns)   --->   "%empty_15 = call i32 (...)* @_ssdm_op_SpecMemCore([16 x i8]* %key_4_V, [1 x i8]* @p_str, [7 x i8]* @RAM_1P_str, [1 x i8]* @p_str, i32 -1, [1 x i8]* @p_str, [1 x i8]* @p_str, [1 x i8]* @p_str, [1 x i8]* @p_str, [1 x i8]* @p_str)"   --->   Operation 215 'specmemcore' 'empty_15' <Predicate = true> <Delay = 0.00>
ST_84 : Operation 216 [1/1] (0.00ns)   --->   "%empty_16 = call i32 (...)* @_ssdm_op_SpecMemCore([16 x i8]* %key_3_V, [1 x i8]* @p_str, [7 x i8]* @RAM_1P_str, [1 x i8]* @p_str, i32 -1, [1 x i8]* @p_str, [1 x i8]* @p_str, [1 x i8]* @p_str, [1 x i8]* @p_str, [1 x i8]* @p_str)"   --->   Operation 216 'specmemcore' 'empty_16' <Predicate = true> <Delay = 0.00>
ST_84 : Operation 217 [1/1] (0.00ns)   --->   "%empty_17 = call i32 (...)* @_ssdm_op_SpecMemCore([16 x i8]* %key_2_V, [1 x i8]* @p_str, [7 x i8]* @RAM_1P_str, [1 x i8]* @p_str, i32 -1, [1 x i8]* @p_str, [1 x i8]* @p_str, [1 x i8]* @p_str, [1 x i8]* @p_str, [1 x i8]* @p_str)"   --->   Operation 217 'specmemcore' 'empty_17' <Predicate = true> <Delay = 0.00>
ST_84 : Operation 218 [1/1] (0.00ns)   --->   "%empty_18 = call i32 (...)* @_ssdm_op_SpecMemCore([16 x i8]* %key_1_V, [1 x i8]* @p_str, [7 x i8]* @RAM_1P_str, [1 x i8]* @p_str, i32 -1, [1 x i8]* @p_str, [1 x i8]* @p_str, [1 x i8]* @p_str, [1 x i8]* @p_str, [1 x i8]* @p_str)"   --->   Operation 218 'specmemcore' 'empty_18' <Predicate = true> <Delay = 0.00>
ST_84 : Operation 219 [1/1] (0.00ns)   --->   "%empty_19 = call i32 (...)* @_ssdm_op_SpecMemCore([16 x i8]* %key_0_V, [1 x i8]* @p_str, [7 x i8]* @RAM_1P_str, [1 x i8]* @p_str, i32 -1, [1 x i8]* @p_str, [1 x i8]* @p_str, [1 x i8]* @p_str, [1 x i8]* @p_str, [1 x i8]* @p_str)"   --->   Operation 219 'specmemcore' 'empty_19' <Predicate = true> <Delay = 0.00>
ST_84 : Operation 220 [1/1] (0.00ns)   --->   "call void (...)* @_ssdm_op_SpecDataflowPipeline(i32 -1, i32 0, [1 x i8]* @p_str2) nounwind" [../src/AES_encrypt.cpp:122]   --->   Operation 220 'specdataflowpipeline' <Predicate = true> <Delay = 0.00>
ST_84 : Operation 221 [1/2] (0.00ns)   --->   "call fastcc void @Cipher_Loop_2_proc([16 x i8]* %state_40, [16 x i8]* %encrypt_V)"   --->   Operation 221 'call' <Predicate = true> <Delay = 0.00> <CoreType = "Generic">   --->   Core 0 '' <Latency = 0> <II = 1> <Delay = 1.00> <Generic> <Opcode : >
ST_84 : Operation 222 [1/1] (0.00ns)   --->   "ret void" [../src/AES_encrypt.cpp:179]   --->   Operation 222 'ret' <Predicate = true> <Delay = 0.00>


============================================================
+ Verbose Summary: Timing violations
============================================================
Target clock period: 10ns, clock uncertainty: 1.25ns.

 <State 1>: 0ns
The critical path consists of the following:

 <State 2>: 0ns
The critical path consists of the following:

 <State 3>: 0ns
The critical path consists of the following:

 <State 4>: 0ns
The critical path consists of the following:

 <State 5>: 0ns
The critical path consists of the following:

 <State 6>: 0ns
The critical path consists of the following:

 <State 7>: 0ns
The critical path consists of the following:

 <State 8>: 0ns
The critical path consists of the following:

 <State 9>: 0ns
The critical path consists of the following:

 <State 10>: 0ns
The critical path consists of the following:

 <State 11>: 0ns
The critical path consists of the following:

 <State 12>: 0ns
The critical path consists of the following:

 <State 13>: 0ns
The critical path consists of the following:

 <State 14>: 0ns
The critical path consists of the following:

 <State 15>: 0ns
The critical path consists of the following:

 <State 16>: 0ns
The critical path consists of the following:

 <State 17>: 0ns
The critical path consists of the following:

 <State 18>: 0ns
The critical path consists of the following:

 <State 19>: 0ns
The critical path consists of the following:

 <State 20>: 0ns
The critical path consists of the following:

 <State 21>: 0ns
The critical path consists of the following:

 <State 22>: 0ns
The critical path consists of the following:

 <State 23>: 0ns
The critical path consists of the following:

 <State 24>: 0ns
The critical path consists of the following:

 <State 25>: 0ns
The critical path consists of the following:

 <State 26>: 0ns
The critical path consists of the following:

 <State 27>: 0ns
The critical path consists of the following:

 <State 28>: 0ns
The critical path consists of the following:

 <State 29>: 0ns
The critical path consists of the following:

 <State 30>: 0ns
The critical path consists of the following:

 <State 31>: 0ns
The critical path consists of the following:

 <State 32>: 0ns
The critical path consists of the following:

 <State 33>: 0ns
The critical path consists of the following:

 <State 34>: 0ns
The critical path consists of the following:

 <State 35>: 0ns
The critical path consists of the following:

 <State 36>: 0ns
The critical path consists of the following:

 <State 37>: 0ns
The critical path consists of the following:

 <State 38>: 0ns
The critical path consists of the following:

 <State 39>: 0ns
The critical path consists of the following:

 <State 40>: 0ns
The critical path consists of the following:

 <State 41>: 0ns
The critical path consists of the following:

 <State 42>: 0ns
The critical path consists of the following:

 <State 43>: 0ns
The critical path consists of the following:

 <State 44>: 0ns
The critical path consists of the following:

 <State 45>: 0ns
The critical path consists of the following:

 <State 46>: 0ns
The critical path consists of the following:

 <State 47>: 0ns
The critical path consists of the following:

 <State 48>: 0ns
The critical path consists of the following:

 <State 49>: 0ns
The critical path consists of the following:

 <State 50>: 0ns
The critical path consists of the following:

 <State 51>: 0ns
The critical path consists of the following:

 <State 52>: 0ns
The critical path consists of the following:

 <State 53>: 0ns
The critical path consists of the following:

 <State 54>: 0ns
The critical path consists of the following:

 <State 55>: 0ns
The critical path consists of the following:

 <State 56>: 0ns
The critical path consists of the following:

 <State 57>: 0ns
The critical path consists of the following:

 <State 58>: 0ns
The critical path consists of the following:

 <State 59>: 0ns
The critical path consists of the following:

 <State 60>: 0ns
The critical path consists of the following:

 <State 61>: 0ns
The critical path consists of the following:

 <State 62>: 0ns
The critical path consists of the following:

 <State 63>: 0ns
The critical path consists of the following:

 <State 64>: 0ns
The critical path consists of the following:

 <State 65>: 0ns
The critical path consists of the following:

 <State 66>: 0ns
The critical path consists of the following:

 <State 67>: 0ns
The critical path consists of the following:

 <State 68>: 0ns
The critical path consists of the following:

 <State 69>: 0ns
The critical path consists of the following:

 <State 70>: 0ns
The critical path consists of the following:

 <State 71>: 0ns
The critical path consists of the following:

 <State 72>: 0ns
The critical path consists of the following:

 <State 73>: 0ns
The critical path consists of the following:

 <State 74>: 0ns
The critical path consists of the following:

 <State 75>: 0ns
The critical path consists of the following:

 <State 76>: 0ns
The critical path consists of the following:

 <State 77>: 0ns
The critical path consists of the following:

 <State 78>: 0ns
The critical path consists of the following:

 <State 79>: 0ns
The critical path consists of the following:

 <State 80>: 0ns
The critical path consists of the following:

 <State 81>: 0ns
The critical path consists of the following:

 <State 82>: 0ns
The critical path consists of the following:

 <State 83>: 0ns
The critical path consists of the following:

 <State 84>: 0ns
The critical path consists of the following:


============================================================
+ Verbose Summary: Binding
============================================================
N/A
* FSMD analyzer results:
  - Output states:
 - Input state : 
  - Chain level:
	State 1
	State 2
	State 3
	State 4
	State 5
	State 6
	State 7
	State 8
	State 9
	State 10
	State 11
	State 12
	State 13
	State 14
	State 15
	State 16
	State 17
	State 18
	State 19
	State 20
	State 21
	State 22
	State 23
	State 24
	State 25
	State 26
	State 27
	State 28
	State 29
	State 30
	State 31
	State 32
	State 33
	State 34
	State 35
	State 36
	State 37
	State 38
	State 39
	State 40
	State 41
	State 42
	State 43
	State 44
	State 45
	State 46
	State 47
	State 48
	State 49
	State 50
	State 51
	State 52
	State 53
	State 54
	State 55
	State 56
	State 57
	State 58
	State 59
	State 60
	State 61
	State 62
	State 63
	State 64
	State 65
	State 66
	State 67
	State 68
	State 69
	State 70
	State 71
	State 72
	State 73
	State 74
	State 75
	State 76
	State 77
	State 78
	State 79
	State 80
	State 81
	State 82
	State 83
	State 84


============================================================
+ Verbose Summary: Datapath Resource usage 
============================================================
N/A
