

================================================================
== Vivado HLS Report for 'Cipher_Loop_2_proc'
================================================================
* Date:           Fri Dec 31 12:15:10 2021

* Version:        2018.3 (Build 2405991 on Thu Dec 06 23:56:15 MST 2018)
* Project:        aes
* Solution:       solution1
* Product family: zynq
* Target device:  xc7z020clg484-1


================================================================
== Performance Estimates
================================================================
+ Timing (ns): 
    * Summary: 
    +--------+-------+----------+------------+
    |  Clock | Target| Estimated| Uncertainty|
    +--------+-------+----------+------------+
    |ap_clk  |  10.00|     4.644|        1.25|
    +--------+-------+----------+------------+

+ Latency (clock cycles): 
    * Summary: 
    +-----+-----+-----+-----+---------+
    |  Latency  |  Interval | Pipeline|
    | min | max | min | max |   Type  |
    +-----+-----+-----+-----+---------+
    |   33|   33|   33|   33|   none  |
    +-----+-----+-----+-----+---------+

    + Detail: 
        * Instance: 
        N/A

        * Loop: 
        +----------+-----+-----+----------+-----------+-----------+------+----------+
        |          |  Latency  | Iteration|  Initiation Interval  | Trip |          |
        | Loop Name| min | max |  Latency |  achieved |   target  | Count| Pipelined|
        +----------+-----+-----+----------+-----------+-----------+------+----------+
        |- Loop 1  |   32|   32|         2|          -|          -|    16|    no    |
        +----------+-----+-----+----------+-----------+-----------+------+----------+

============================================================
+ Verbose Summary: Synthesis Manager
============================================================
InlineROM: 1
ExposeGlobal: 0
============================================================
+ Verbose Summary: CDFG Model
============================================================
IsTopModel: 0
ResetActiveHigh: 1
IsCombinational: 2
IsDatapathOnly: 0
HasWiredReturn: 1
HasMFsm: 0
HasVarLatency: 1
IsPipeline: 0
IsRtlPipelined: 0
IsInstanceOverlapped: 0
IsDontTouch: 0
HasImplIP: 0
IsGatedGlobalClock: 0


============================================================
+ Verbose Summary: Schedule
============================================================
* Number of FSM states : 3
* Pipeline : 0
* Dataflow Pipeline: 0

* FSM state transitions: 
1 --> 
	2  / true
2 --> 
	3  / (!tmp_s)
3 --> 
	2  / true

* FSM state operations: 

State 1 <SV = 0> <Delay = 1.76>
ST_1 : Operation 4 [1/1] (1.76ns)   --->   "br label %0" [../src/AES_encrypt.cpp:174]   --->   Operation 4 'br' <Predicate = true> <Delay = 1.76>

State 2 <SV = 1> <Delay = 2.32>
ST_2 : Operation 5 [1/1] (0.00ns)   --->   "%i1 = phi i5 [ 0, %newFuncRoot ], [ %i, %1 ]"   --->   Operation 5 'phi' 'i1' <Predicate = true> <Delay = 0.00>
ST_2 : Operation 6 [1/1] (1.36ns)   --->   "%tmp_s = icmp eq i5 %i1, -16" [../src/AES_encrypt.cpp:174]   --->   Operation 6 'icmp' 'tmp_s' <Predicate = true> <Delay = 1.36> <Core = "Cmp">   --->   Core 25 'Cmp' <Latency = 0> <II = 1> <Delay = 1.36> <FuncUnit> <Opcode : 'icmp'> <InPorts = 2> <OutPorts = 1>
ST_2 : Operation 7 [1/1] (0.00ns)   --->   "%empty = call i32 (...)* @_ssdm_op_SpecLoopTripCount(i64 16, i64 16, i64 16)"   --->   Operation 7 'speclooptripcount' 'empty' <Predicate = true> <Delay = 0.00>
ST_2 : Operation 8 [1/1] (1.78ns)   --->   "%i = add i5 %i1, 1" [../src/AES_encrypt.cpp:174]   --->   Operation 8 'add' 'i' <Predicate = true> <Delay = 1.78> <Core = "AddSub">   --->   Core 14 'AddSub' <Latency = 0> <II = 1> <Delay = 1.78> <FuncUnit> <Opcode : 'add' 'sub'> <InPorts = 2> <OutPorts = 1>
ST_2 : Operation 9 [1/1] (0.00ns)   --->   "br i1 %tmp_s, label %.exitStub, label %1" [../src/AES_encrypt.cpp:174]   --->   Operation 9 'br' <Predicate = true> <Delay = 0.00>
ST_2 : Operation 10 [1/1] (0.00ns)   --->   "%tmp_32 = zext i5 %i1 to i64" [../src/AES_encrypt.cpp:175]   --->   Operation 10 'zext' 'tmp_32' <Predicate = (!tmp_s)> <Delay = 0.00>
ST_2 : Operation 11 [1/1] (0.00ns)   --->   "%state_40_addr = getelementptr inbounds [16 x i8]* %state_40, i64 0, i64 %tmp_32" [../src/AES_encrypt.cpp:175]   --->   Operation 11 'getelementptr' 'state_40_addr' <Predicate = (!tmp_s)> <Delay = 0.00>
ST_2 : Operation 12 [2/2] (2.32ns)   --->   "%state_40_load = load i8* %state_40_addr, align 1" [../src/AES_encrypt.cpp:175]   --->   Operation 12 'load' 'state_40_load' <Predicate = (!tmp_s)> <Delay = 2.32> <Core = "RAM">   --->   Core 37 'RAM' <Latency = 1> <II = 1> <Delay = 2.32> <Storage> <Opcode : 'load' 'store'> <Ports = 2> <Width = 8> <Depth = 16> <RAM>
ST_2 : Operation 13 [1/1] (0.00ns)   --->   "ret void"   --->   Operation 13 'ret' <Predicate = (tmp_s)> <Delay = 0.00>

State 3 <SV = 2> <Delay = 4.64>
ST_3 : Operation 14 [1/2] (2.32ns)   --->   "%state_40_load = load i8* %state_40_addr, align 1" [../src/AES_encrypt.cpp:175]   --->   Operation 14 'load' 'state_40_load' <Predicate = true> <Delay = 2.32> <Core = "RAM">   --->   Core 37 'RAM' <Latency = 1> <II = 1> <Delay = 2.32> <Storage> <Opcode : 'load' 'store'> <Ports = 2> <Width = 8> <Depth = 16> <RAM>
ST_3 : Operation 15 [1/1] (0.00ns)   --->   "%encrypt_addr = getelementptr [16 x i8]* %encrypt, i64 0, i64 %tmp_32" [../src/AES_encrypt.cpp:175]   --->   Operation 15 'getelementptr' 'encrypt_addr' <Predicate = true> <Delay = 0.00>
ST_3 : Operation 16 [1/1] (2.32ns)   --->   "store i8 %state_40_load, i8* %encrypt_addr, align 1" [../src/AES_encrypt.cpp:175]   --->   Operation 16 'store' <Predicate = true> <Delay = 2.32> <Core = "RAM">   --->   Core 37 'RAM' <Latency = 1> <II = 1> <Delay = 2.32> <Storage> <Opcode : 'load' 'store'> <Ports = 2> <Width = 8> <Depth = 16> <RAM>
ST_3 : Operation 17 [1/1] (0.00ns)   --->   "br label %0" [../src/AES_encrypt.cpp:174]   --->   Operation 17 'br' <Predicate = true> <Delay = 0.00>


============================================================
+ Verbose Summary: Timing violations
============================================================
Target clock period: 10ns, clock uncertainty: 1.25ns.

 <State 1>: 1.77ns
The critical path consists of the following:
	multiplexor before 'phi' operation ('i') with incoming values : ('i', ../src/AES_encrypt.cpp:174) [5]  (1.77 ns)

 <State 2>: 2.32ns
The critical path consists of the following:
	'phi' operation ('i') with incoming values : ('i', ../src/AES_encrypt.cpp:174) [5]  (0 ns)
	'getelementptr' operation ('state_40_addr', ../src/AES_encrypt.cpp:175) [12]  (0 ns)
	'load' operation ('state_40_load', ../src/AES_encrypt.cpp:175) on array 'state_40' [13]  (2.32 ns)

 <State 3>: 4.64ns
The critical path consists of the following:
	'load' operation ('state_40_load', ../src/AES_encrypt.cpp:175) on array 'state_40' [13]  (2.32 ns)
	'store' operation (../src/AES_encrypt.cpp:175) of variable 'state_40_load', ../src/AES_encrypt.cpp:175 on array 'encrypt' [15]  (2.32 ns)


============================================================
+ Verbose Summary: Binding
============================================================
N/A
* FSMD analyzer results:
  - Output states:
 - Input state : 
  - Chain level:
	State 1
	State 2
	State 3


============================================================
+ Verbose Summary: Datapath Resource usage 
============================================================
N/A
