

================================================================
== Vivado HLS Report for 'ShiftRows55'
================================================================
* Date:           Sun Jan  2 15:59:50 2022

* Version:        2018.3 (Build 2405991 on Thu Dec 06 23:56:15 MST 2018)
* Project:        aes
* Solution:       solution1
* Product family: zynq
* Target device:  xc7z020clg484-1


================================================================
== Performance Estimates
================================================================
+ Timing (ns): 
    * Summary: 
    +--------+-------+----------+------------+
    |  Clock | Target| Estimated| Uncertainty|
    +--------+-------+----------+------------+
    |ap_clk  |  10.00|     4.644|        1.25|
    +--------+-------+----------+------------+

+ Latency (clock cycles): 
    * Summary: 
    +-----+-----+-----+-----+---------+
    |  Latency  |  Interval | Pipeline|
    | min | max | min | max |   Type  |
    +-----+-----+-----+-----+---------+
    |    8|    8|    8|    8|   none  |
    +-----+-----+-----+-----+---------+

    + Detail: 
        * Instance: 
        N/A

        * Loop: 
        N/A



================================================================
== Utilization Estimates
================================================================
* Summary: 
+-----------------+---------+-------+--------+-------+
|       Name      | BRAM_18K| DSP48E|   FF   |  LUT  |
+-----------------+---------+-------+--------+-------+
|DSP              |        -|      -|       -|      -|
|Expression       |        -|      -|       0|      2|
|FIFO             |        -|      -|       -|      -|
|Instance         |        -|      -|       -|      -|
|Memory           |        -|      -|       -|      -|
|Multiplexer      |        -|      -|       -|    232|
|Register         |        -|      -|      10|      -|
+-----------------+---------+-------+--------+-------+
|Total            |        0|      0|      10|    234|
+-----------------+---------+-------+--------+-------+
|Available        |      280|    220|  106400|  53200|
+-----------------+---------+-------+--------+-------+
|Utilization (%)  |        0|      0|   ~0   |   ~0  |
+-----------------+---------+-------+--------+-------+

+ Detail: 
    * Instance: 
    N/A

    * DSP48: 
    N/A

    * Memory: 
    N/A

    * FIFO: 
    N/A

    * Expression: 
    +-----------------+----------+-------+---+----+------------+------------+
    |  Variable Name  | Operation| DSP48E| FF| LUT| Bitwidth P0| Bitwidth P1|
    +-----------------+----------+-------+---+----+------------+------------+
    |ap_block_state1  |    or    |      0|  0|   2|           1|           1|
    +-----------------+----------+-------+---+----+------------+------------+
    |Total            |          |      0|  0|   2|           1|           1|
    +-----------------+----------+-------+---+----+------------+------------+

    * Multiplexer: 
    +----------------+----+-----------+-----+-----------+
    |      Name      | LUT| Input Size| Bits| Total Bits|
    +----------------+----+-----------+-----+-----------+
    |ap_NS_fsm       |  47|         10|    1|         10|
    |ap_done         |   9|          2|    1|          2|
    |in_V_address0   |  44|          9|    4|         36|
    |in_V_address1   |  44|          9|    4|         36|
    |out_V_address0  |  44|          9|    4|         36|
    |out_V_address1  |  44|          9|    4|         36|
    +----------------+----+-----------+-----+-----------+
    |Total           | 232|         48|   18|        156|
    +----------------+----+-----------+-----+-----------+

    * Register: 
    +-------------+---+----+-----+-----------+
    |     Name    | FF| LUT| Bits| Const Bits|
    +-------------+---+----+-----+-----------+
    |ap_CS_fsm    |  9|   0|    9|          0|
    |ap_done_reg  |  1|   0|    1|          0|
    +-------------+---+----+-----+-----------+
    |Total        | 10|   0|   10|          0|
    +-------------+---+----+-----+-----------+



================================================================
== Interface
================================================================
* Summary: 
+----------------+-----+-----+------------+--------------+--------------+
|    RTL Ports   | Dir | Bits|  Protocol  | Source Object|    C Type    |
+----------------+-----+-----+------------+--------------+--------------+
|ap_clk          |  in |    1| ap_ctrl_hs |  ShiftRows55 | return value |
|ap_rst          |  in |    1| ap_ctrl_hs |  ShiftRows55 | return value |
|ap_start        |  in |    1| ap_ctrl_hs |  ShiftRows55 | return value |
|ap_done         | out |    1| ap_ctrl_hs |  ShiftRows55 | return value |
|ap_continue     |  in |    1| ap_ctrl_hs |  ShiftRows55 | return value |
|ap_idle         | out |    1| ap_ctrl_hs |  ShiftRows55 | return value |
|ap_ready        | out |    1| ap_ctrl_hs |  ShiftRows55 | return value |
|in_V_address0   | out |    4|  ap_memory |     in_V     |     array    |
|in_V_ce0        | out |    1|  ap_memory |     in_V     |     array    |
|in_V_q0         |  in |    8|  ap_memory |     in_V     |     array    |
|in_V_address1   | out |    4|  ap_memory |     in_V     |     array    |
|in_V_ce1        | out |    1|  ap_memory |     in_V     |     array    |
|in_V_q1         |  in |    8|  ap_memory |     in_V     |     array    |
|out_V_address0  | out |    4|  ap_memory |     out_V    |     array    |
|out_V_ce0       | out |    1|  ap_memory |     out_V    |     array    |
|out_V_we0       | out |    1|  ap_memory |     out_V    |     array    |
|out_V_d0        | out |    8|  ap_memory |     out_V    |     array    |
|out_V_address1  | out |    4|  ap_memory |     out_V    |     array    |
|out_V_ce1       | out |    1|  ap_memory |     out_V    |     array    |
|out_V_we1       | out |    1|  ap_memory |     out_V    |     array    |
|out_V_d1        | out |    8|  ap_memory |     out_V    |     array    |
+----------------+-----+-----+------------+--------------+--------------+

============================================================
+ Verbose Summary: Synthesis Manager
============================================================
InlineROM: 1
ExposeGlobal: 0
============================================================
+ Verbose Summary: CDFG Model
============================================================
IsTopModel: 0
ResetActiveHigh: 1
IsCombinational: 2
IsDatapathOnly: 0
HasWiredReturn: 1
HasMFsm: 0
HasVarLatency: 1
IsPipeline: 0
IsRtlPipelined: 0
IsInstanceOverlapped: 0
IsDontTouch: 0
HasImplIP: 0
IsGatedGlobalClock: 0


============================================================
+ Verbose Summary: Schedule
============================================================
* Number of FSM states : 9
* Pipeline : 0
* Dataflow Pipeline: 0

* FSM state transitions: 
1 --> 
	2  / true
2 --> 
	3  / true
3 --> 
	4  / true
4 --> 
	5  / true
5 --> 
	6  / true
6 --> 
	7  / true
7 --> 
	8  / true
8 --> 
	9  / true
9 --> 

* FSM state operations: 

State 1 <SV = 0> <Delay = 2.32>
ST_1 : Operation 10 [1/1] (0.00ns)   --->   "%in_V_addr_1 = getelementptr [16 x i8]* %in_V, i64 0, i64 1" [../src/AES_encrypt.cpp:22]   --->   Operation 10 'getelementptr' 'in_V_addr_1' <Predicate = true> <Delay = 0.00>
ST_1 : Operation 11 [2/2] (2.32ns)   --->   "%in_V_load = load i8* %in_V_addr_1, align 1" [../src/AES_encrypt.cpp:22]   --->   Operation 11 'load' 'in_V_load' <Predicate = true> <Delay = 2.32> <Core = "RAM">   --->   Core 37 'RAM' <Latency = 1> <II = 1> <Delay = 2.32> <Storage> <Opcode : 'load' 'store'> <Ports = 2> <Width = 8> <Depth = 16> <RAM>
ST_1 : Operation 12 [1/1] (0.00ns)   --->   "%in_V_addr_2 = getelementptr [16 x i8]* %in_V, i64 0, i64 5" [../src/AES_encrypt.cpp:23]   --->   Operation 12 'getelementptr' 'in_V_addr_2' <Predicate = true> <Delay = 0.00>
ST_1 : Operation 13 [2/2] (2.32ns)   --->   "%in_V_load_1 = load i8* %in_V_addr_2, align 1" [../src/AES_encrypt.cpp:23]   --->   Operation 13 'load' 'in_V_load_1' <Predicate = true> <Delay = 2.32> <Core = "RAM">   --->   Core 37 'RAM' <Latency = 1> <II = 1> <Delay = 2.32> <Storage> <Opcode : 'load' 'store'> <Ports = 2> <Width = 8> <Depth = 16> <RAM>

State 2 <SV = 1> <Delay = 4.64>
ST_2 : Operation 14 [1/2] (2.32ns)   --->   "%in_V_load = load i8* %in_V_addr_1, align 1" [../src/AES_encrypt.cpp:22]   --->   Operation 14 'load' 'in_V_load' <Predicate = true> <Delay = 2.32> <Core = "RAM">   --->   Core 37 'RAM' <Latency = 1> <II = 1> <Delay = 2.32> <Storage> <Opcode : 'load' 'store'> <Ports = 2> <Width = 8> <Depth = 16> <RAM>
ST_2 : Operation 15 [1/1] (0.00ns)   --->   "%out_V_addr_1 = getelementptr [16 x i8]* %out_V, i64 0, i64 13" [../src/AES_encrypt.cpp:22]   --->   Operation 15 'getelementptr' 'out_V_addr_1' <Predicate = true> <Delay = 0.00>
ST_2 : Operation 16 [1/1] (2.32ns)   --->   "store i8 %in_V_load, i8* %out_V_addr_1, align 1" [../src/AES_encrypt.cpp:22]   --->   Operation 16 'store' <Predicate = true> <Delay = 2.32> <Core = "RAM">   --->   Core 37 'RAM' <Latency = 1> <II = 1> <Delay = 2.32> <Storage> <Opcode : 'load' 'store'> <Ports = 2> <Width = 8> <Depth = 16> <RAM>
ST_2 : Operation 17 [1/2] (2.32ns)   --->   "%in_V_load_1 = load i8* %in_V_addr_2, align 1" [../src/AES_encrypt.cpp:23]   --->   Operation 17 'load' 'in_V_load_1' <Predicate = true> <Delay = 2.32> <Core = "RAM">   --->   Core 37 'RAM' <Latency = 1> <II = 1> <Delay = 2.32> <Storage> <Opcode : 'load' 'store'> <Ports = 2> <Width = 8> <Depth = 16> <RAM>
ST_2 : Operation 18 [1/1] (0.00ns)   --->   "%out_V_addr_2 = getelementptr [16 x i8]* %out_V, i64 0, i64 1" [../src/AES_encrypt.cpp:23]   --->   Operation 18 'getelementptr' 'out_V_addr_2' <Predicate = true> <Delay = 0.00>
ST_2 : Operation 19 [1/1] (2.32ns)   --->   "store i8 %in_V_load_1, i8* %out_V_addr_2, align 1" [../src/AES_encrypt.cpp:23]   --->   Operation 19 'store' <Predicate = true> <Delay = 2.32> <Core = "RAM">   --->   Core 37 'RAM' <Latency = 1> <II = 1> <Delay = 2.32> <Storage> <Opcode : 'load' 'store'> <Ports = 2> <Width = 8> <Depth = 16> <RAM>
ST_2 : Operation 20 [1/1] (0.00ns)   --->   "%in_V_addr_3 = getelementptr [16 x i8]* %in_V, i64 0, i64 9" [../src/AES_encrypt.cpp:24]   --->   Operation 20 'getelementptr' 'in_V_addr_3' <Predicate = true> <Delay = 0.00>
ST_2 : Operation 21 [2/2] (2.32ns)   --->   "%in_V_load_2 = load i8* %in_V_addr_3, align 1" [../src/AES_encrypt.cpp:24]   --->   Operation 21 'load' 'in_V_load_2' <Predicate = true> <Delay = 2.32> <Core = "RAM">   --->   Core 37 'RAM' <Latency = 1> <II = 1> <Delay = 2.32> <Storage> <Opcode : 'load' 'store'> <Ports = 2> <Width = 8> <Depth = 16> <RAM>
ST_2 : Operation 22 [1/1] (0.00ns)   --->   "%in_V_addr_4 = getelementptr [16 x i8]* %in_V, i64 0, i64 13" [../src/AES_encrypt.cpp:25]   --->   Operation 22 'getelementptr' 'in_V_addr_4' <Predicate = true> <Delay = 0.00>
ST_2 : Operation 23 [2/2] (2.32ns)   --->   "%in_V_load_3 = load i8* %in_V_addr_4, align 1" [../src/AES_encrypt.cpp:25]   --->   Operation 23 'load' 'in_V_load_3' <Predicate = true> <Delay = 2.32> <Core = "RAM">   --->   Core 37 'RAM' <Latency = 1> <II = 1> <Delay = 2.32> <Storage> <Opcode : 'load' 'store'> <Ports = 2> <Width = 8> <Depth = 16> <RAM>

State 3 <SV = 2> <Delay = 4.64>
ST_3 : Operation 24 [1/2] (2.32ns)   --->   "%in_V_load_2 = load i8* %in_V_addr_3, align 1" [../src/AES_encrypt.cpp:24]   --->   Operation 24 'load' 'in_V_load_2' <Predicate = true> <Delay = 2.32> <Core = "RAM">   --->   Core 37 'RAM' <Latency = 1> <II = 1> <Delay = 2.32> <Storage> <Opcode : 'load' 'store'> <Ports = 2> <Width = 8> <Depth = 16> <RAM>
ST_3 : Operation 25 [1/1] (0.00ns)   --->   "%out_V_addr_3 = getelementptr [16 x i8]* %out_V, i64 0, i64 5" [../src/AES_encrypt.cpp:24]   --->   Operation 25 'getelementptr' 'out_V_addr_3' <Predicate = true> <Delay = 0.00>
ST_3 : Operation 26 [1/1] (2.32ns)   --->   "store i8 %in_V_load_2, i8* %out_V_addr_3, align 1" [../src/AES_encrypt.cpp:24]   --->   Operation 26 'store' <Predicate = true> <Delay = 2.32> <Core = "RAM">   --->   Core 37 'RAM' <Latency = 1> <II = 1> <Delay = 2.32> <Storage> <Opcode : 'load' 'store'> <Ports = 2> <Width = 8> <Depth = 16> <RAM>
ST_3 : Operation 27 [1/2] (2.32ns)   --->   "%in_V_load_3 = load i8* %in_V_addr_4, align 1" [../src/AES_encrypt.cpp:25]   --->   Operation 27 'load' 'in_V_load_3' <Predicate = true> <Delay = 2.32> <Core = "RAM">   --->   Core 37 'RAM' <Latency = 1> <II = 1> <Delay = 2.32> <Storage> <Opcode : 'load' 'store'> <Ports = 2> <Width = 8> <Depth = 16> <RAM>
ST_3 : Operation 28 [1/1] (0.00ns)   --->   "%out_V_addr_4 = getelementptr [16 x i8]* %out_V, i64 0, i64 9" [../src/AES_encrypt.cpp:25]   --->   Operation 28 'getelementptr' 'out_V_addr_4' <Predicate = true> <Delay = 0.00>
ST_3 : Operation 29 [1/1] (2.32ns)   --->   "store i8 %in_V_load_3, i8* %out_V_addr_4, align 1" [../src/AES_encrypt.cpp:25]   --->   Operation 29 'store' <Predicate = true> <Delay = 2.32> <Core = "RAM">   --->   Core 37 'RAM' <Latency = 1> <II = 1> <Delay = 2.32> <Storage> <Opcode : 'load' 'store'> <Ports = 2> <Width = 8> <Depth = 16> <RAM>
ST_3 : Operation 30 [1/1] (0.00ns)   --->   "%in_V_addr_5 = getelementptr [16 x i8]* %in_V, i64 0, i64 2" [../src/AES_encrypt.cpp:28]   --->   Operation 30 'getelementptr' 'in_V_addr_5' <Predicate = true> <Delay = 0.00>
ST_3 : Operation 31 [2/2] (2.32ns)   --->   "%in_V_load_4 = load i8* %in_V_addr_5, align 1" [../src/AES_encrypt.cpp:28]   --->   Operation 31 'load' 'in_V_load_4' <Predicate = true> <Delay = 2.32> <Core = "RAM">   --->   Core 37 'RAM' <Latency = 1> <II = 1> <Delay = 2.32> <Storage> <Opcode : 'load' 'store'> <Ports = 2> <Width = 8> <Depth = 16> <RAM>
ST_3 : Operation 32 [1/1] (0.00ns)   --->   "%in_V_addr_6 = getelementptr [16 x i8]* %in_V, i64 0, i64 10" [../src/AES_encrypt.cpp:29]   --->   Operation 32 'getelementptr' 'in_V_addr_6' <Predicate = true> <Delay = 0.00>
ST_3 : Operation 33 [2/2] (2.32ns)   --->   "%in_V_load_5 = load i8* %in_V_addr_6, align 1" [../src/AES_encrypt.cpp:29]   --->   Operation 33 'load' 'in_V_load_5' <Predicate = true> <Delay = 2.32> <Core = "RAM">   --->   Core 37 'RAM' <Latency = 1> <II = 1> <Delay = 2.32> <Storage> <Opcode : 'load' 'store'> <Ports = 2> <Width = 8> <Depth = 16> <RAM>

State 4 <SV = 3> <Delay = 4.64>
ST_4 : Operation 34 [1/2] (2.32ns)   --->   "%in_V_load_4 = load i8* %in_V_addr_5, align 1" [../src/AES_encrypt.cpp:28]   --->   Operation 34 'load' 'in_V_load_4' <Predicate = true> <Delay = 2.32> <Core = "RAM">   --->   Core 37 'RAM' <Latency = 1> <II = 1> <Delay = 2.32> <Storage> <Opcode : 'load' 'store'> <Ports = 2> <Width = 8> <Depth = 16> <RAM>
ST_4 : Operation 35 [1/1] (0.00ns)   --->   "%out_V_addr_5 = getelementptr [16 x i8]* %out_V, i64 0, i64 10" [../src/AES_encrypt.cpp:28]   --->   Operation 35 'getelementptr' 'out_V_addr_5' <Predicate = true> <Delay = 0.00>
ST_4 : Operation 36 [1/1] (2.32ns)   --->   "store i8 %in_V_load_4, i8* %out_V_addr_5, align 1" [../src/AES_encrypt.cpp:28]   --->   Operation 36 'store' <Predicate = true> <Delay = 2.32> <Core = "RAM">   --->   Core 37 'RAM' <Latency = 1> <II = 1> <Delay = 2.32> <Storage> <Opcode : 'load' 'store'> <Ports = 2> <Width = 8> <Depth = 16> <RAM>
ST_4 : Operation 37 [1/2] (2.32ns)   --->   "%in_V_load_5 = load i8* %in_V_addr_6, align 1" [../src/AES_encrypt.cpp:29]   --->   Operation 37 'load' 'in_V_load_5' <Predicate = true> <Delay = 2.32> <Core = "RAM">   --->   Core 37 'RAM' <Latency = 1> <II = 1> <Delay = 2.32> <Storage> <Opcode : 'load' 'store'> <Ports = 2> <Width = 8> <Depth = 16> <RAM>
ST_4 : Operation 38 [1/1] (0.00ns)   --->   "%out_V_addr_6 = getelementptr [16 x i8]* %out_V, i64 0, i64 2" [../src/AES_encrypt.cpp:29]   --->   Operation 38 'getelementptr' 'out_V_addr_6' <Predicate = true> <Delay = 0.00>
ST_4 : Operation 39 [1/1] (2.32ns)   --->   "store i8 %in_V_load_5, i8* %out_V_addr_6, align 1" [../src/AES_encrypt.cpp:29]   --->   Operation 39 'store' <Predicate = true> <Delay = 2.32> <Core = "RAM">   --->   Core 37 'RAM' <Latency = 1> <II = 1> <Delay = 2.32> <Storage> <Opcode : 'load' 'store'> <Ports = 2> <Width = 8> <Depth = 16> <RAM>
ST_4 : Operation 40 [1/1] (0.00ns)   --->   "%in_V_addr_7 = getelementptr [16 x i8]* %in_V, i64 0, i64 6" [../src/AES_encrypt.cpp:30]   --->   Operation 40 'getelementptr' 'in_V_addr_7' <Predicate = true> <Delay = 0.00>
ST_4 : Operation 41 [2/2] (2.32ns)   --->   "%in_V_load_6 = load i8* %in_V_addr_7, align 1" [../src/AES_encrypt.cpp:30]   --->   Operation 41 'load' 'in_V_load_6' <Predicate = true> <Delay = 2.32> <Core = "RAM">   --->   Core 37 'RAM' <Latency = 1> <II = 1> <Delay = 2.32> <Storage> <Opcode : 'load' 'store'> <Ports = 2> <Width = 8> <Depth = 16> <RAM>
ST_4 : Operation 42 [1/1] (0.00ns)   --->   "%in_V_addr_8 = getelementptr [16 x i8]* %in_V, i64 0, i64 14" [../src/AES_encrypt.cpp:31]   --->   Operation 42 'getelementptr' 'in_V_addr_8' <Predicate = true> <Delay = 0.00>
ST_4 : Operation 43 [2/2] (2.32ns)   --->   "%in_V_load_7 = load i8* %in_V_addr_8, align 1" [../src/AES_encrypt.cpp:31]   --->   Operation 43 'load' 'in_V_load_7' <Predicate = true> <Delay = 2.32> <Core = "RAM">   --->   Core 37 'RAM' <Latency = 1> <II = 1> <Delay = 2.32> <Storage> <Opcode : 'load' 'store'> <Ports = 2> <Width = 8> <Depth = 16> <RAM>

State 5 <SV = 4> <Delay = 4.64>
ST_5 : Operation 44 [1/2] (2.32ns)   --->   "%in_V_load_6 = load i8* %in_V_addr_7, align 1" [../src/AES_encrypt.cpp:30]   --->   Operation 44 'load' 'in_V_load_6' <Predicate = true> <Delay = 2.32> <Core = "RAM">   --->   Core 37 'RAM' <Latency = 1> <II = 1> <Delay = 2.32> <Storage> <Opcode : 'load' 'store'> <Ports = 2> <Width = 8> <Depth = 16> <RAM>
ST_5 : Operation 45 [1/1] (0.00ns)   --->   "%out_V_addr_7 = getelementptr [16 x i8]* %out_V, i64 0, i64 14" [../src/AES_encrypt.cpp:30]   --->   Operation 45 'getelementptr' 'out_V_addr_7' <Predicate = true> <Delay = 0.00>
ST_5 : Operation 46 [1/1] (2.32ns)   --->   "store i8 %in_V_load_6, i8* %out_V_addr_7, align 1" [../src/AES_encrypt.cpp:30]   --->   Operation 46 'store' <Predicate = true> <Delay = 2.32> <Core = "RAM">   --->   Core 37 'RAM' <Latency = 1> <II = 1> <Delay = 2.32> <Storage> <Opcode : 'load' 'store'> <Ports = 2> <Width = 8> <Depth = 16> <RAM>
ST_5 : Operation 47 [1/2] (2.32ns)   --->   "%in_V_load_7 = load i8* %in_V_addr_8, align 1" [../src/AES_encrypt.cpp:31]   --->   Operation 47 'load' 'in_V_load_7' <Predicate = true> <Delay = 2.32> <Core = "RAM">   --->   Core 37 'RAM' <Latency = 1> <II = 1> <Delay = 2.32> <Storage> <Opcode : 'load' 'store'> <Ports = 2> <Width = 8> <Depth = 16> <RAM>
ST_5 : Operation 48 [1/1] (0.00ns)   --->   "%out_V_addr_8 = getelementptr [16 x i8]* %out_V, i64 0, i64 6" [../src/AES_encrypt.cpp:31]   --->   Operation 48 'getelementptr' 'out_V_addr_8' <Predicate = true> <Delay = 0.00>
ST_5 : Operation 49 [1/1] (2.32ns)   --->   "store i8 %in_V_load_7, i8* %out_V_addr_8, align 1" [../src/AES_encrypt.cpp:31]   --->   Operation 49 'store' <Predicate = true> <Delay = 2.32> <Core = "RAM">   --->   Core 37 'RAM' <Latency = 1> <II = 1> <Delay = 2.32> <Storage> <Opcode : 'load' 'store'> <Ports = 2> <Width = 8> <Depth = 16> <RAM>
ST_5 : Operation 50 [1/1] (0.00ns)   --->   "%in_V_addr_9 = getelementptr [16 x i8]* %in_V, i64 0, i64 3" [../src/AES_encrypt.cpp:34]   --->   Operation 50 'getelementptr' 'in_V_addr_9' <Predicate = true> <Delay = 0.00>
ST_5 : Operation 51 [2/2] (2.32ns)   --->   "%in_V_load_8 = load i8* %in_V_addr_9, align 1" [../src/AES_encrypt.cpp:34]   --->   Operation 51 'load' 'in_V_load_8' <Predicate = true> <Delay = 2.32> <Core = "RAM">   --->   Core 37 'RAM' <Latency = 1> <II = 1> <Delay = 2.32> <Storage> <Opcode : 'load' 'store'> <Ports = 2> <Width = 8> <Depth = 16> <RAM>
ST_5 : Operation 52 [1/1] (0.00ns)   --->   "%in_V_addr_10 = getelementptr [16 x i8]* %in_V, i64 0, i64 15" [../src/AES_encrypt.cpp:35]   --->   Operation 52 'getelementptr' 'in_V_addr_10' <Predicate = true> <Delay = 0.00>
ST_5 : Operation 53 [2/2] (2.32ns)   --->   "%in_V_load_9 = load i8* %in_V_addr_10, align 1" [../src/AES_encrypt.cpp:35]   --->   Operation 53 'load' 'in_V_load_9' <Predicate = true> <Delay = 2.32> <Core = "RAM">   --->   Core 37 'RAM' <Latency = 1> <II = 1> <Delay = 2.32> <Storage> <Opcode : 'load' 'store'> <Ports = 2> <Width = 8> <Depth = 16> <RAM>

State 6 <SV = 5> <Delay = 4.64>
ST_6 : Operation 54 [1/2] (2.32ns)   --->   "%in_V_load_8 = load i8* %in_V_addr_9, align 1" [../src/AES_encrypt.cpp:34]   --->   Operation 54 'load' 'in_V_load_8' <Predicate = true> <Delay = 2.32> <Core = "RAM">   --->   Core 37 'RAM' <Latency = 1> <II = 1> <Delay = 2.32> <Storage> <Opcode : 'load' 'store'> <Ports = 2> <Width = 8> <Depth = 16> <RAM>
ST_6 : Operation 55 [1/1] (0.00ns)   --->   "%out_V_addr_9 = getelementptr [16 x i8]* %out_V, i64 0, i64 7" [../src/AES_encrypt.cpp:34]   --->   Operation 55 'getelementptr' 'out_V_addr_9' <Predicate = true> <Delay = 0.00>
ST_6 : Operation 56 [1/1] (2.32ns)   --->   "store i8 %in_V_load_8, i8* %out_V_addr_9, align 1" [../src/AES_encrypt.cpp:34]   --->   Operation 56 'store' <Predicate = true> <Delay = 2.32> <Core = "RAM">   --->   Core 37 'RAM' <Latency = 1> <II = 1> <Delay = 2.32> <Storage> <Opcode : 'load' 'store'> <Ports = 2> <Width = 8> <Depth = 16> <RAM>
ST_6 : Operation 57 [1/2] (2.32ns)   --->   "%in_V_load_9 = load i8* %in_V_addr_10, align 1" [../src/AES_encrypt.cpp:35]   --->   Operation 57 'load' 'in_V_load_9' <Predicate = true> <Delay = 2.32> <Core = "RAM">   --->   Core 37 'RAM' <Latency = 1> <II = 1> <Delay = 2.32> <Storage> <Opcode : 'load' 'store'> <Ports = 2> <Width = 8> <Depth = 16> <RAM>
ST_6 : Operation 58 [1/1] (0.00ns)   --->   "%out_V_addr_10 = getelementptr [16 x i8]* %out_V, i64 0, i64 3" [../src/AES_encrypt.cpp:35]   --->   Operation 58 'getelementptr' 'out_V_addr_10' <Predicate = true> <Delay = 0.00>
ST_6 : Operation 59 [1/1] (2.32ns)   --->   "store i8 %in_V_load_9, i8* %out_V_addr_10, align 1" [../src/AES_encrypt.cpp:35]   --->   Operation 59 'store' <Predicate = true> <Delay = 2.32> <Core = "RAM">   --->   Core 37 'RAM' <Latency = 1> <II = 1> <Delay = 2.32> <Storage> <Opcode : 'load' 'store'> <Ports = 2> <Width = 8> <Depth = 16> <RAM>
ST_6 : Operation 60 [1/1] (0.00ns)   --->   "%in_V_addr_11 = getelementptr [16 x i8]* %in_V, i64 0, i64 11" [../src/AES_encrypt.cpp:36]   --->   Operation 60 'getelementptr' 'in_V_addr_11' <Predicate = true> <Delay = 0.00>
ST_6 : Operation 61 [2/2] (2.32ns)   --->   "%in_V_load_10 = load i8* %in_V_addr_11, align 1" [../src/AES_encrypt.cpp:36]   --->   Operation 61 'load' 'in_V_load_10' <Predicate = true> <Delay = 2.32> <Core = "RAM">   --->   Core 37 'RAM' <Latency = 1> <II = 1> <Delay = 2.32> <Storage> <Opcode : 'load' 'store'> <Ports = 2> <Width = 8> <Depth = 16> <RAM>
ST_6 : Operation 62 [1/1] (0.00ns)   --->   "%in_V_addr_12 = getelementptr [16 x i8]* %in_V, i64 0, i64 7" [../src/AES_encrypt.cpp:37]   --->   Operation 62 'getelementptr' 'in_V_addr_12' <Predicate = true> <Delay = 0.00>
ST_6 : Operation 63 [2/2] (2.32ns)   --->   "%in_V_load_11 = load i8* %in_V_addr_12, align 1" [../src/AES_encrypt.cpp:37]   --->   Operation 63 'load' 'in_V_load_11' <Predicate = true> <Delay = 2.32> <Core = "RAM">   --->   Core 37 'RAM' <Latency = 1> <II = 1> <Delay = 2.32> <Storage> <Opcode : 'load' 'store'> <Ports = 2> <Width = 8> <Depth = 16> <RAM>

State 7 <SV = 6> <Delay = 4.64>
ST_7 : Operation 64 [1/1] (0.00ns)   --->   "%in_V_addr = getelementptr [16 x i8]* %in_V, i64 0, i64 0" [../src/AES_encrypt.cpp:17]   --->   Operation 64 'getelementptr' 'in_V_addr' <Predicate = true> <Delay = 0.00>
ST_7 : Operation 65 [1/2] (2.32ns)   --->   "%in_V_load_10 = load i8* %in_V_addr_11, align 1" [../src/AES_encrypt.cpp:36]   --->   Operation 65 'load' 'in_V_load_10' <Predicate = true> <Delay = 2.32> <Core = "RAM">   --->   Core 37 'RAM' <Latency = 1> <II = 1> <Delay = 2.32> <Storage> <Opcode : 'load' 'store'> <Ports = 2> <Width = 8> <Depth = 16> <RAM>
ST_7 : Operation 66 [1/1] (0.00ns)   --->   "%out_V_addr_11 = getelementptr [16 x i8]* %out_V, i64 0, i64 15" [../src/AES_encrypt.cpp:36]   --->   Operation 66 'getelementptr' 'out_V_addr_11' <Predicate = true> <Delay = 0.00>
ST_7 : Operation 67 [1/1] (2.32ns)   --->   "store i8 %in_V_load_10, i8* %out_V_addr_11, align 1" [../src/AES_encrypt.cpp:36]   --->   Operation 67 'store' <Predicate = true> <Delay = 2.32> <Core = "RAM">   --->   Core 37 'RAM' <Latency = 1> <II = 1> <Delay = 2.32> <Storage> <Opcode : 'load' 'store'> <Ports = 2> <Width = 8> <Depth = 16> <RAM>
ST_7 : Operation 68 [1/2] (2.32ns)   --->   "%in_V_load_11 = load i8* %in_V_addr_12, align 1" [../src/AES_encrypt.cpp:37]   --->   Operation 68 'load' 'in_V_load_11' <Predicate = true> <Delay = 2.32> <Core = "RAM">   --->   Core 37 'RAM' <Latency = 1> <II = 1> <Delay = 2.32> <Storage> <Opcode : 'load' 'store'> <Ports = 2> <Width = 8> <Depth = 16> <RAM>
ST_7 : Operation 69 [1/1] (0.00ns)   --->   "%out_V_addr_12 = getelementptr [16 x i8]* %out_V, i64 0, i64 11" [../src/AES_encrypt.cpp:37]   --->   Operation 69 'getelementptr' 'out_V_addr_12' <Predicate = true> <Delay = 0.00>
ST_7 : Operation 70 [1/1] (2.32ns)   --->   "store i8 %in_V_load_11, i8* %out_V_addr_12, align 1" [../src/AES_encrypt.cpp:37]   --->   Operation 70 'store' <Predicate = true> <Delay = 2.32> <Core = "RAM">   --->   Core 37 'RAM' <Latency = 1> <II = 1> <Delay = 2.32> <Storage> <Opcode : 'load' 'store'> <Ports = 2> <Width = 8> <Depth = 16> <RAM>
ST_7 : Operation 71 [2/2] (2.32ns)   --->   "%in_V_load_12 = load i8* %in_V_addr, align 1" [../src/AES_encrypt.cpp:40]   --->   Operation 71 'load' 'in_V_load_12' <Predicate = true> <Delay = 2.32> <Core = "RAM">   --->   Core 37 'RAM' <Latency = 1> <II = 1> <Delay = 2.32> <Storage> <Opcode : 'load' 'store'> <Ports = 2> <Width = 8> <Depth = 16> <RAM>
ST_7 : Operation 72 [1/1] (0.00ns)   --->   "%in_V_addr_13 = getelementptr [16 x i8]* %in_V, i64 0, i64 4" [../src/AES_encrypt.cpp:41]   --->   Operation 72 'getelementptr' 'in_V_addr_13' <Predicate = true> <Delay = 0.00>
ST_7 : Operation 73 [2/2] (2.32ns)   --->   "%in_V_load_13 = load i8* %in_V_addr_13, align 1" [../src/AES_encrypt.cpp:41]   --->   Operation 73 'load' 'in_V_load_13' <Predicate = true> <Delay = 2.32> <Core = "RAM">   --->   Core 37 'RAM' <Latency = 1> <II = 1> <Delay = 2.32> <Storage> <Opcode : 'load' 'store'> <Ports = 2> <Width = 8> <Depth = 16> <RAM>

State 8 <SV = 7> <Delay = 4.64>
ST_8 : Operation 74 [1/1] (0.00ns)   --->   "%out_V_addr = getelementptr [16 x i8]* %out_V, i64 0, i64 0" [../src/AES_encrypt.cpp:17]   --->   Operation 74 'getelementptr' 'out_V_addr' <Predicate = true> <Delay = 0.00>
ST_8 : Operation 75 [1/2] (2.32ns)   --->   "%in_V_load_12 = load i8* %in_V_addr, align 1" [../src/AES_encrypt.cpp:40]   --->   Operation 75 'load' 'in_V_load_12' <Predicate = true> <Delay = 2.32> <Core = "RAM">   --->   Core 37 'RAM' <Latency = 1> <II = 1> <Delay = 2.32> <Storage> <Opcode : 'load' 'store'> <Ports = 2> <Width = 8> <Depth = 16> <RAM>
ST_8 : Operation 76 [1/1] (2.32ns)   --->   "store i8 %in_V_load_12, i8* %out_V_addr, align 1" [../src/AES_encrypt.cpp:40]   --->   Operation 76 'store' <Predicate = true> <Delay = 2.32> <Core = "RAM">   --->   Core 37 'RAM' <Latency = 1> <II = 1> <Delay = 2.32> <Storage> <Opcode : 'load' 'store'> <Ports = 2> <Width = 8> <Depth = 16> <RAM>
ST_8 : Operation 77 [1/2] (2.32ns)   --->   "%in_V_load_13 = load i8* %in_V_addr_13, align 1" [../src/AES_encrypt.cpp:41]   --->   Operation 77 'load' 'in_V_load_13' <Predicate = true> <Delay = 2.32> <Core = "RAM">   --->   Core 37 'RAM' <Latency = 1> <II = 1> <Delay = 2.32> <Storage> <Opcode : 'load' 'store'> <Ports = 2> <Width = 8> <Depth = 16> <RAM>
ST_8 : Operation 78 [1/1] (0.00ns)   --->   "%out_V_addr_13 = getelementptr [16 x i8]* %out_V, i64 0, i64 4" [../src/AES_encrypt.cpp:41]   --->   Operation 78 'getelementptr' 'out_V_addr_13' <Predicate = true> <Delay = 0.00>
ST_8 : Operation 79 [1/1] (2.32ns)   --->   "store i8 %in_V_load_13, i8* %out_V_addr_13, align 1" [../src/AES_encrypt.cpp:41]   --->   Operation 79 'store' <Predicate = true> <Delay = 2.32> <Core = "RAM">   --->   Core 37 'RAM' <Latency = 1> <II = 1> <Delay = 2.32> <Storage> <Opcode : 'load' 'store'> <Ports = 2> <Width = 8> <Depth = 16> <RAM>
ST_8 : Operation 80 [1/1] (0.00ns)   --->   "%in_V_addr_14 = getelementptr [16 x i8]* %in_V, i64 0, i64 8" [../src/AES_encrypt.cpp:42]   --->   Operation 80 'getelementptr' 'in_V_addr_14' <Predicate = true> <Delay = 0.00>
ST_8 : Operation 81 [2/2] (2.32ns)   --->   "%in_V_load_14 = load i8* %in_V_addr_14, align 1" [../src/AES_encrypt.cpp:42]   --->   Operation 81 'load' 'in_V_load_14' <Predicate = true> <Delay = 2.32> <Core = "RAM">   --->   Core 37 'RAM' <Latency = 1> <II = 1> <Delay = 2.32> <Storage> <Opcode : 'load' 'store'> <Ports = 2> <Width = 8> <Depth = 16> <RAM>
ST_8 : Operation 82 [1/1] (0.00ns)   --->   "%in_V_addr_15 = getelementptr [16 x i8]* %in_V, i64 0, i64 12" [../src/AES_encrypt.cpp:43]   --->   Operation 82 'getelementptr' 'in_V_addr_15' <Predicate = true> <Delay = 0.00>
ST_8 : Operation 83 [2/2] (2.32ns)   --->   "%in_V_load_15 = load i8* %in_V_addr_15, align 1" [../src/AES_encrypt.cpp:43]   --->   Operation 83 'load' 'in_V_load_15' <Predicate = true> <Delay = 2.32> <Core = "RAM">   --->   Core 37 'RAM' <Latency = 1> <II = 1> <Delay = 2.32> <Storage> <Opcode : 'load' 'store'> <Ports = 2> <Width = 8> <Depth = 16> <RAM>

State 9 <SV = 8> <Delay = 4.64>
ST_9 : Operation 84 [1/2] (2.32ns)   --->   "%in_V_load_14 = load i8* %in_V_addr_14, align 1" [../src/AES_encrypt.cpp:42]   --->   Operation 84 'load' 'in_V_load_14' <Predicate = true> <Delay = 2.32> <Core = "RAM">   --->   Core 37 'RAM' <Latency = 1> <II = 1> <Delay = 2.32> <Storage> <Opcode : 'load' 'store'> <Ports = 2> <Width = 8> <Depth = 16> <RAM>
ST_9 : Operation 85 [1/1] (0.00ns)   --->   "%out_V_addr_14 = getelementptr [16 x i8]* %out_V, i64 0, i64 8" [../src/AES_encrypt.cpp:42]   --->   Operation 85 'getelementptr' 'out_V_addr_14' <Predicate = true> <Delay = 0.00>
ST_9 : Operation 86 [1/1] (2.32ns)   --->   "store i8 %in_V_load_14, i8* %out_V_addr_14, align 1" [../src/AES_encrypt.cpp:42]   --->   Operation 86 'store' <Predicate = true> <Delay = 2.32> <Core = "RAM">   --->   Core 37 'RAM' <Latency = 1> <II = 1> <Delay = 2.32> <Storage> <Opcode : 'load' 'store'> <Ports = 2> <Width = 8> <Depth = 16> <RAM>
ST_9 : Operation 87 [1/2] (2.32ns)   --->   "%in_V_load_15 = load i8* %in_V_addr_15, align 1" [../src/AES_encrypt.cpp:43]   --->   Operation 87 'load' 'in_V_load_15' <Predicate = true> <Delay = 2.32> <Core = "RAM">   --->   Core 37 'RAM' <Latency = 1> <II = 1> <Delay = 2.32> <Storage> <Opcode : 'load' 'store'> <Ports = 2> <Width = 8> <Depth = 16> <RAM>
ST_9 : Operation 88 [1/1] (0.00ns)   --->   "%out_V_addr_15 = getelementptr [16 x i8]* %out_V, i64 0, i64 12" [../src/AES_encrypt.cpp:43]   --->   Operation 88 'getelementptr' 'out_V_addr_15' <Predicate = true> <Delay = 0.00>
ST_9 : Operation 89 [1/1] (2.32ns)   --->   "store i8 %in_V_load_15, i8* %out_V_addr_15, align 1" [../src/AES_encrypt.cpp:43]   --->   Operation 89 'store' <Predicate = true> <Delay = 2.32> <Core = "RAM">   --->   Core 37 'RAM' <Latency = 1> <II = 1> <Delay = 2.32> <Storage> <Opcode : 'load' 'store'> <Ports = 2> <Width = 8> <Depth = 16> <RAM>
ST_9 : Operation 90 [1/1] (0.00ns)   --->   "ret void" [../src/AES_encrypt.cpp:44]   --->   Operation 90 'ret' <Predicate = true> <Delay = 0.00>


============================================================
+ Verbose Summary: Binding
============================================================
STG Binding: 
---------------- STG Properties BEGIN ----------------
- Is combinational: 0
- Is one-state seq: 0
- Is datapath-only: 0
- Is pipelined: 0
- Is top level: 0
Port [ Return ] is wired: 1; IO mode=ap_ctrl_hs:ce=0
Port [ in_V]:  wired=1; compound=1; hidden=0; nouse=0; global=0; static=0; extern=0; dir=0; type=1; pingpong=1; private_global=0; MemPort=[11]; IO mode=ap_memory:ce=0
Port [ out_V]:  wired=1; compound=1; hidden=0; nouse=0; global=0; static=0; extern=0; dir=1; type=1; pingpong=1; private_global=0; MemPort=[00]; IO mode=ap_memory:ce=0
---------------- STG Properties END ------------------

---------------- Datapath Model BEGIN ----------------

<LifeTime>
<method=bitvector/>
in_V_addr_1   (getelementptr) [ 0010000000]
in_V_addr_2   (getelementptr) [ 0010000000]
in_V_load     (load         ) [ 0000000000]
out_V_addr_1  (getelementptr) [ 0000000000]
StgValue_16   (store        ) [ 0000000000]
in_V_load_1   (load         ) [ 0000000000]
out_V_addr_2  (getelementptr) [ 0000000000]
StgValue_19   (store        ) [ 0000000000]
in_V_addr_3   (getelementptr) [ 0001000000]
in_V_addr_4   (getelementptr) [ 0001000000]
in_V_load_2   (load         ) [ 0000000000]
out_V_addr_3  (getelementptr) [ 0000000000]
StgValue_26   (store        ) [ 0000000000]
in_V_load_3   (load         ) [ 0000000000]
out_V_addr_4  (getelementptr) [ 0000000000]
StgValue_29   (store        ) [ 0000000000]
in_V_addr_5   (getelementptr) [ 0000100000]
in_V_addr_6   (getelementptr) [ 0000100000]
in_V_load_4   (load         ) [ 0000000000]
out_V_addr_5  (getelementptr) [ 0000000000]
StgValue_36   (store        ) [ 0000000000]
in_V_load_5   (load         ) [ 0000000000]
out_V_addr_6  (getelementptr) [ 0000000000]
StgValue_39   (store        ) [ 0000000000]
in_V_addr_7   (getelementptr) [ 0000010000]
in_V_addr_8   (getelementptr) [ 0000010000]
in_V_load_6   (load         ) [ 0000000000]
out_V_addr_7  (getelementptr) [ 0000000000]
StgValue_46   (store        ) [ 0000000000]
in_V_load_7   (load         ) [ 0000000000]
out_V_addr_8  (getelementptr) [ 0000000000]
StgValue_49   (store        ) [ 0000000000]
in_V_addr_9   (getelementptr) [ 0000001000]
in_V_addr_10  (getelementptr) [ 0000001000]
in_V_load_8   (load         ) [ 0000000000]
out_V_addr_9  (getelementptr) [ 0000000000]
StgValue_56   (store        ) [ 0000000000]
in_V_load_9   (load         ) [ 0000000000]
out_V_addr_10 (getelementptr) [ 0000000000]
StgValue_59   (store        ) [ 0000000000]
in_V_addr_11  (getelementptr) [ 0000000100]
in_V_addr_12  (getelementptr) [ 0000000100]
in_V_addr     (getelementptr) [ 0000000010]
in_V_load_10  (load         ) [ 0000000000]
out_V_addr_11 (getelementptr) [ 0000000000]
StgValue_67   (store        ) [ 0000000000]
in_V_load_11  (load         ) [ 0000000000]
out_V_addr_12 (getelementptr) [ 0000000000]
StgValue_70   (store        ) [ 0000000000]
in_V_addr_13  (getelementptr) [ 0000000010]
out_V_addr    (getelementptr) [ 0000000000]
in_V_load_12  (load         ) [ 0000000000]
StgValue_76   (store        ) [ 0000000000]
in_V_load_13  (load         ) [ 0000000000]
out_V_addr_13 (getelementptr) [ 0000000000]
StgValue_79   (store        ) [ 0000000000]
in_V_addr_14  (getelementptr) [ 0000000001]
in_V_addr_15  (getelementptr) [ 0000000001]
in_V_load_14  (load         ) [ 0000000000]
out_V_addr_14 (getelementptr) [ 0000000000]
StgValue_86   (store        ) [ 0000000000]
in_V_load_15  (load         ) [ 0000000000]
out_V_addr_15 (getelementptr) [ 0000000000]
StgValue_89   (store        ) [ 0000000000]
StgValue_90   (ret          ) [ 0000000000]
</LifeTime>

<model>

<comp_list>
<comp id="0" class="1000" name="in_V">
<pin_list>
<pin id="1" dir="1" index="0" bw="1" slack="0"/>
</pin_list>
<bind>
<StgValue><ssdm name="in_V"/><MemPortTyVec>1 1 </MemPortTyVec>
</StgValue>
</bind>
</comp>

<comp id="2" class="1000" name="out_V">
<pin_list>
<pin id="3" dir="1" index="0" bw="1" slack="0"/>
</pin_list>
<bind>
<StgValue><ssdm name="out_V"/><MemPortTyVec>0 0 </MemPortTyVec>
</StgValue>
</bind>
</comp>

<comp id="4" class="1001" name="const_4">
<pin_list>
<pin id="5" dir="1" index="0" bw="1" slack="0"/>
</pin_list>
<bind>
<StgValue><ssdm name=""/></StgValue>
</bind>
</comp>

<comp id="6" class="1001" name="const_6">
<pin_list>
<pin id="7" dir="1" index="0" bw="1" slack="0"/>
</pin_list>
<bind>
<StgValue><ssdm name=""/></StgValue>
</bind>
</comp>

<comp id="8" class="1001" name="const_8">
<pin_list>
<pin id="9" dir="1" index="0" bw="1" slack="0"/>
</pin_list>
<bind>
<StgValue><ssdm name=""/></StgValue>
</bind>
</comp>

<comp id="10" class="1001" name="const_10">
<pin_list>
<pin id="11" dir="1" index="0" bw="1" slack="0"/>
</pin_list>
<bind>
<StgValue><ssdm name=""/></StgValue>
</bind>
</comp>

<comp id="12" class="1001" name="const_12">
<pin_list>
<pin id="13" dir="1" index="0" bw="1" slack="0"/>
</pin_list>
<bind>
<StgValue><ssdm name=""/></StgValue>
</bind>
</comp>

<comp id="14" class="1001" name="const_14">
<pin_list>
<pin id="15" dir="1" index="0" bw="1" slack="0"/>
</pin_list>
<bind>
<StgValue><ssdm name=""/></StgValue>
</bind>
</comp>

<comp id="16" class="1001" name="const_16">
<pin_list>
<pin id="17" dir="1" index="0" bw="1" slack="0"/>
</pin_list>
<bind>
<StgValue><ssdm name=""/></StgValue>
</bind>
</comp>

<comp id="18" class="1001" name="const_18">
<pin_list>
<pin id="19" dir="1" index="0" bw="1" slack="0"/>
</pin_list>
<bind>
<StgValue><ssdm name=""/></StgValue>
</bind>
</comp>

<comp id="20" class="1001" name="const_20">
<pin_list>
<pin id="21" dir="1" index="0" bw="1" slack="0"/>
</pin_list>
<bind>
<StgValue><ssdm name=""/></StgValue>
</bind>
</comp>

<comp id="22" class="1001" name="const_22">
<pin_list>
<pin id="23" dir="1" index="0" bw="1" slack="0"/>
</pin_list>
<bind>
<StgValue><ssdm name=""/></StgValue>
</bind>
</comp>

<comp id="24" class="1001" name="const_24">
<pin_list>
<pin id="25" dir="1" index="0" bw="1" slack="0"/>
</pin_list>
<bind>
<StgValue><ssdm name=""/></StgValue>
</bind>
</comp>

<comp id="26" class="1001" name="const_26">
<pin_list>
<pin id="27" dir="1" index="0" bw="1" slack="0"/>
</pin_list>
<bind>
<StgValue><ssdm name=""/></StgValue>
</bind>
</comp>

<comp id="28" class="1001" name="const_28">
<pin_list>
<pin id="29" dir="1" index="0" bw="1" slack="0"/>
</pin_list>
<bind>
<StgValue><ssdm name=""/></StgValue>
</bind>
</comp>

<comp id="30" class="1001" name="const_30">
<pin_list>
<pin id="31" dir="1" index="0" bw="1" slack="0"/>
</pin_list>
<bind>
<StgValue><ssdm name=""/></StgValue>
</bind>
</comp>

<comp id="32" class="1001" name="const_32">
<pin_list>
<pin id="33" dir="1" index="0" bw="1" slack="0"/>
</pin_list>
<bind>
<StgValue><ssdm name=""/></StgValue>
</bind>
</comp>

<comp id="34" class="1001" name="const_34">
<pin_list>
<pin id="35" dir="1" index="0" bw="1" slack="0"/>
</pin_list>
<bind>
<StgValue><ssdm name=""/></StgValue>
</bind>
</comp>

<comp id="36" class="1004" name="in_V_addr_1_gep_fu_36">
<pin_list>
<pin id="37" dir="0" index="0" bw="8" slack="0"/>
<pin id="38" dir="0" index="1" bw="1" slack="0"/>
<pin id="39" dir="0" index="2" bw="1" slack="0"/>
<pin id="40" dir="1" index="3" bw="4" slack="0"/>
</pin_list>
<bind>
<opcode="getelementptr(29) " fcode="getelementptr"/>
<opset="in_V_addr_1/1 "/>
</bind>
</comp>

<comp id="44" class="1004" name="grp_access_fu_44">
<pin_list>
<pin id="45" dir="0" index="0" bw="4" slack="0"/>
<pin id="46" dir="0" index="1" bw="8" slack="2147483647"/>
<pin id="47" dir="0" index="2" bw="0" slack="0"/>
<pin id="58" dir="0" index="4" bw="4" slack="2147483647"/>
<pin id="59" dir="0" index="5" bw="8" slack="2147483647"/>
<pin id="60" dir="0" index="6" bw="0" slack="2147483647"/>
<pin id="48" dir="1" index="3" bw="8" slack="0"/>
<pin id="61" dir="1" index="7" bw="8" slack="0"/>
</pin_list>
<bind>
<opcode="load(27) " fcode="load"/>
<opset="in_V_load/1 in_V_load_1/1 in_V_load_2/2 in_V_load_3/2 in_V_load_4/3 in_V_load_5/3 in_V_load_6/4 in_V_load_7/4 in_V_load_8/5 in_V_load_9/5 in_V_load_10/6 in_V_load_11/6 in_V_load_12/7 in_V_load_13/7 in_V_load_14/8 in_V_load_15/8 "/>
</bind>
</comp>

<comp id="50" class="1004" name="in_V_addr_2_gep_fu_50">
<pin_list>
<pin id="51" dir="0" index="0" bw="8" slack="0"/>
<pin id="52" dir="0" index="1" bw="1" slack="0"/>
<pin id="53" dir="0" index="2" bw="4" slack="0"/>
<pin id="54" dir="1" index="3" bw="4" slack="0"/>
</pin_list>
<bind>
<opcode="getelementptr(29) " fcode="getelementptr"/>
<opset="in_V_addr_2/1 "/>
</bind>
</comp>

<comp id="63" class="1004" name="out_V_addr_1_gep_fu_63">
<pin_list>
<pin id="64" dir="0" index="0" bw="8" slack="0"/>
<pin id="65" dir="0" index="1" bw="1" slack="0"/>
<pin id="66" dir="0" index="2" bw="5" slack="0"/>
<pin id="67" dir="1" index="3" bw="4" slack="0"/>
</pin_list>
<bind>
<opcode="getelementptr(29) " fcode="getelementptr"/>
<opset="out_V_addr_1/2 "/>
</bind>
</comp>

<comp id="71" class="1004" name="grp_access_fu_71">
<pin_list>
<pin id="72" dir="0" index="0" bw="4" slack="0"/>
<pin id="73" dir="0" index="1" bw="8" slack="0"/>
<pin id="74" dir="0" index="2" bw="0" slack="0"/>
<pin id="86" dir="0" index="4" bw="4" slack="0"/>
<pin id="87" dir="0" index="5" bw="8" slack="2147483647"/>
<pin id="88" dir="0" index="6" bw="0" slack="2147483647"/>
<pin id="75" dir="1" index="3" bw="8" slack="2147483647"/>
<pin id="89" dir="1" index="7" bw="8" slack="2147483647"/>
</pin_list>
<bind>
<opcode="store(28) " fcode="store"/>
<opset="StgValue_16/2 StgValue_19/2 StgValue_26/3 StgValue_29/3 StgValue_36/4 StgValue_39/4 StgValue_46/5 StgValue_49/5 StgValue_56/6 StgValue_59/6 StgValue_67/7 StgValue_70/7 StgValue_76/8 StgValue_79/8 StgValue_86/9 StgValue_89/9 "/>
</bind>
</comp>

<comp id="78" class="1004" name="out_V_addr_2_gep_fu_78">
<pin_list>
<pin id="79" dir="0" index="0" bw="8" slack="0"/>
<pin id="80" dir="0" index="1" bw="1" slack="0"/>
<pin id="81" dir="0" index="2" bw="1" slack="0"/>
<pin id="82" dir="1" index="3" bw="4" slack="0"/>
</pin_list>
<bind>
<opcode="getelementptr(29) " fcode="getelementptr"/>
<opset="out_V_addr_2/2 "/>
</bind>
</comp>

<comp id="92" class="1004" name="in_V_addr_3_gep_fu_92">
<pin_list>
<pin id="93" dir="0" index="0" bw="8" slack="0"/>
<pin id="94" dir="0" index="1" bw="1" slack="0"/>
<pin id="95" dir="0" index="2" bw="5" slack="0"/>
<pin id="96" dir="1" index="3" bw="4" slack="0"/>
</pin_list>
<bind>
<opcode="getelementptr(29) " fcode="getelementptr"/>
<opset="in_V_addr_3/2 "/>
</bind>
</comp>

<comp id="101" class="1004" name="in_V_addr_4_gep_fu_101">
<pin_list>
<pin id="102" dir="0" index="0" bw="8" slack="0"/>
<pin id="103" dir="0" index="1" bw="1" slack="0"/>
<pin id="104" dir="0" index="2" bw="5" slack="0"/>
<pin id="105" dir="1" index="3" bw="4" slack="0"/>
</pin_list>
<bind>
<opcode="getelementptr(29) " fcode="getelementptr"/>
<opset="in_V_addr_4/2 "/>
</bind>
</comp>

<comp id="110" class="1004" name="out_V_addr_3_gep_fu_110">
<pin_list>
<pin id="111" dir="0" index="0" bw="8" slack="0"/>
<pin id="112" dir="0" index="1" bw="1" slack="0"/>
<pin id="113" dir="0" index="2" bw="4" slack="0"/>
<pin id="114" dir="1" index="3" bw="4" slack="0"/>
</pin_list>
<bind>
<opcode="getelementptr(29) " fcode="getelementptr"/>
<opset="out_V_addr_3/3 "/>
</bind>
</comp>

<comp id="119" class="1004" name="out_V_addr_4_gep_fu_119">
<pin_list>
<pin id="120" dir="0" index="0" bw="8" slack="0"/>
<pin id="121" dir="0" index="1" bw="1" slack="0"/>
<pin id="122" dir="0" index="2" bw="5" slack="0"/>
<pin id="123" dir="1" index="3" bw="4" slack="0"/>
</pin_list>
<bind>
<opcode="getelementptr(29) " fcode="getelementptr"/>
<opset="out_V_addr_4/3 "/>
</bind>
</comp>

<comp id="128" class="1004" name="in_V_addr_5_gep_fu_128">
<pin_list>
<pin id="129" dir="0" index="0" bw="8" slack="0"/>
<pin id="130" dir="0" index="1" bw="1" slack="0"/>
<pin id="131" dir="0" index="2" bw="3" slack="0"/>
<pin id="132" dir="1" index="3" bw="4" slack="0"/>
</pin_list>
<bind>
<opcode="getelementptr(29) " fcode="getelementptr"/>
<opset="in_V_addr_5/3 "/>
</bind>
</comp>

<comp id="137" class="1004" name="in_V_addr_6_gep_fu_137">
<pin_list>
<pin id="138" dir="0" index="0" bw="8" slack="0"/>
<pin id="139" dir="0" index="1" bw="1" slack="0"/>
<pin id="140" dir="0" index="2" bw="5" slack="0"/>
<pin id="141" dir="1" index="3" bw="4" slack="0"/>
</pin_list>
<bind>
<opcode="getelementptr(29) " fcode="getelementptr"/>
<opset="in_V_addr_6/3 "/>
</bind>
</comp>

<comp id="146" class="1004" name="out_V_addr_5_gep_fu_146">
<pin_list>
<pin id="147" dir="0" index="0" bw="8" slack="0"/>
<pin id="148" dir="0" index="1" bw="1" slack="0"/>
<pin id="149" dir="0" index="2" bw="5" slack="0"/>
<pin id="150" dir="1" index="3" bw="4" slack="0"/>
</pin_list>
<bind>
<opcode="getelementptr(29) " fcode="getelementptr"/>
<opset="out_V_addr_5/4 "/>
</bind>
</comp>

<comp id="155" class="1004" name="out_V_addr_6_gep_fu_155">
<pin_list>
<pin id="156" dir="0" index="0" bw="8" slack="0"/>
<pin id="157" dir="0" index="1" bw="1" slack="0"/>
<pin id="158" dir="0" index="2" bw="3" slack="0"/>
<pin id="159" dir="1" index="3" bw="4" slack="0"/>
</pin_list>
<bind>
<opcode="getelementptr(29) " fcode="getelementptr"/>
<opset="out_V_addr_6/4 "/>
</bind>
</comp>

<comp id="164" class="1004" name="in_V_addr_7_gep_fu_164">
<pin_list>
<pin id="165" dir="0" index="0" bw="8" slack="0"/>
<pin id="166" dir="0" index="1" bw="1" slack="0"/>
<pin id="167" dir="0" index="2" bw="4" slack="0"/>
<pin id="168" dir="1" index="3" bw="4" slack="0"/>
</pin_list>
<bind>
<opcode="getelementptr(29) " fcode="getelementptr"/>
<opset="in_V_addr_7/4 "/>
</bind>
</comp>

<comp id="173" class="1004" name="in_V_addr_8_gep_fu_173">
<pin_list>
<pin id="174" dir="0" index="0" bw="8" slack="0"/>
<pin id="175" dir="0" index="1" bw="1" slack="0"/>
<pin id="176" dir="0" index="2" bw="5" slack="0"/>
<pin id="177" dir="1" index="3" bw="4" slack="0"/>
</pin_list>
<bind>
<opcode="getelementptr(29) " fcode="getelementptr"/>
<opset="in_V_addr_8/4 "/>
</bind>
</comp>

<comp id="182" class="1004" name="out_V_addr_7_gep_fu_182">
<pin_list>
<pin id="183" dir="0" index="0" bw="8" slack="0"/>
<pin id="184" dir="0" index="1" bw="1" slack="0"/>
<pin id="185" dir="0" index="2" bw="5" slack="0"/>
<pin id="186" dir="1" index="3" bw="4" slack="0"/>
</pin_list>
<bind>
<opcode="getelementptr(29) " fcode="getelementptr"/>
<opset="out_V_addr_7/5 "/>
</bind>
</comp>

<comp id="191" class="1004" name="out_V_addr_8_gep_fu_191">
<pin_list>
<pin id="192" dir="0" index="0" bw="8" slack="0"/>
<pin id="193" dir="0" index="1" bw="1" slack="0"/>
<pin id="194" dir="0" index="2" bw="4" slack="0"/>
<pin id="195" dir="1" index="3" bw="4" slack="0"/>
</pin_list>
<bind>
<opcode="getelementptr(29) " fcode="getelementptr"/>
<opset="out_V_addr_8/5 "/>
</bind>
</comp>

<comp id="200" class="1004" name="in_V_addr_9_gep_fu_200">
<pin_list>
<pin id="201" dir="0" index="0" bw="8" slack="0"/>
<pin id="202" dir="0" index="1" bw="1" slack="0"/>
<pin id="203" dir="0" index="2" bw="3" slack="0"/>
<pin id="204" dir="1" index="3" bw="4" slack="0"/>
</pin_list>
<bind>
<opcode="getelementptr(29) " fcode="getelementptr"/>
<opset="in_V_addr_9/5 "/>
</bind>
</comp>

<comp id="209" class="1004" name="in_V_addr_10_gep_fu_209">
<pin_list>
<pin id="210" dir="0" index="0" bw="8" slack="0"/>
<pin id="211" dir="0" index="1" bw="1" slack="0"/>
<pin id="212" dir="0" index="2" bw="5" slack="0"/>
<pin id="213" dir="1" index="3" bw="4" slack="0"/>
</pin_list>
<bind>
<opcode="getelementptr(29) " fcode="getelementptr"/>
<opset="in_V_addr_10/5 "/>
</bind>
</comp>

<comp id="218" class="1004" name="out_V_addr_9_gep_fu_218">
<pin_list>
<pin id="219" dir="0" index="0" bw="8" slack="0"/>
<pin id="220" dir="0" index="1" bw="1" slack="0"/>
<pin id="221" dir="0" index="2" bw="4" slack="0"/>
<pin id="222" dir="1" index="3" bw="4" slack="0"/>
</pin_list>
<bind>
<opcode="getelementptr(29) " fcode="getelementptr"/>
<opset="out_V_addr_9/6 "/>
</bind>
</comp>

<comp id="227" class="1004" name="out_V_addr_10_gep_fu_227">
<pin_list>
<pin id="228" dir="0" index="0" bw="8" slack="0"/>
<pin id="229" dir="0" index="1" bw="1" slack="0"/>
<pin id="230" dir="0" index="2" bw="3" slack="0"/>
<pin id="231" dir="1" index="3" bw="4" slack="0"/>
</pin_list>
<bind>
<opcode="getelementptr(29) " fcode="getelementptr"/>
<opset="out_V_addr_10/6 "/>
</bind>
</comp>

<comp id="236" class="1004" name="in_V_addr_11_gep_fu_236">
<pin_list>
<pin id="237" dir="0" index="0" bw="8" slack="0"/>
<pin id="238" dir="0" index="1" bw="1" slack="0"/>
<pin id="239" dir="0" index="2" bw="5" slack="0"/>
<pin id="240" dir="1" index="3" bw="4" slack="0"/>
</pin_list>
<bind>
<opcode="getelementptr(29) " fcode="getelementptr"/>
<opset="in_V_addr_11/6 "/>
</bind>
</comp>

<comp id="245" class="1004" name="in_V_addr_12_gep_fu_245">
<pin_list>
<pin id="246" dir="0" index="0" bw="8" slack="0"/>
<pin id="247" dir="0" index="1" bw="1" slack="0"/>
<pin id="248" dir="0" index="2" bw="4" slack="0"/>
<pin id="249" dir="1" index="3" bw="4" slack="0"/>
</pin_list>
<bind>
<opcode="getelementptr(29) " fcode="getelementptr"/>
<opset="in_V_addr_12/6 "/>
</bind>
</comp>

<comp id="254" class="1004" name="in_V_addr_gep_fu_254">
<pin_list>
<pin id="255" dir="0" index="0" bw="8" slack="0"/>
<pin id="256" dir="0" index="1" bw="1" slack="0"/>
<pin id="257" dir="0" index="2" bw="1" slack="0"/>
<pin id="258" dir="1" index="3" bw="4" slack="0"/>
</pin_list>
<bind>
<opcode="getelementptr(29) " fcode="getelementptr"/>
<opset="in_V_addr/7 "/>
</bind>
</comp>

<comp id="262" class="1004" name="out_V_addr_11_gep_fu_262">
<pin_list>
<pin id="263" dir="0" index="0" bw="8" slack="0"/>
<pin id="264" dir="0" index="1" bw="1" slack="0"/>
<pin id="265" dir="0" index="2" bw="5" slack="0"/>
<pin id="266" dir="1" index="3" bw="4" slack="0"/>
</pin_list>
<bind>
<opcode="getelementptr(29) " fcode="getelementptr"/>
<opset="out_V_addr_11/7 "/>
</bind>
</comp>

<comp id="271" class="1004" name="out_V_addr_12_gep_fu_271">
<pin_list>
<pin id="272" dir="0" index="0" bw="8" slack="0"/>
<pin id="273" dir="0" index="1" bw="1" slack="0"/>
<pin id="274" dir="0" index="2" bw="5" slack="0"/>
<pin id="275" dir="1" index="3" bw="4" slack="0"/>
</pin_list>
<bind>
<opcode="getelementptr(29) " fcode="getelementptr"/>
<opset="out_V_addr_12/7 "/>
</bind>
</comp>

<comp id="281" class="1004" name="in_V_addr_13_gep_fu_281">
<pin_list>
<pin id="282" dir="0" index="0" bw="8" slack="0"/>
<pin id="283" dir="0" index="1" bw="1" slack="0"/>
<pin id="284" dir="0" index="2" bw="4" slack="0"/>
<pin id="285" dir="1" index="3" bw="4" slack="0"/>
</pin_list>
<bind>
<opcode="getelementptr(29) " fcode="getelementptr"/>
<opset="in_V_addr_13/7 "/>
</bind>
</comp>

<comp id="290" class="1004" name="out_V_addr_gep_fu_290">
<pin_list>
<pin id="291" dir="0" index="0" bw="8" slack="0"/>
<pin id="292" dir="0" index="1" bw="1" slack="0"/>
<pin id="293" dir="0" index="2" bw="1" slack="0"/>
<pin id="294" dir="1" index="3" bw="4" slack="0"/>
</pin_list>
<bind>
<opcode="getelementptr(29) " fcode="getelementptr"/>
<opset="out_V_addr/8 "/>
</bind>
</comp>

<comp id="299" class="1004" name="out_V_addr_13_gep_fu_299">
<pin_list>
<pin id="300" dir="0" index="0" bw="8" slack="0"/>
<pin id="301" dir="0" index="1" bw="1" slack="0"/>
<pin id="302" dir="0" index="2" bw="4" slack="0"/>
<pin id="303" dir="1" index="3" bw="4" slack="0"/>
</pin_list>
<bind>
<opcode="getelementptr(29) " fcode="getelementptr"/>
<opset="out_V_addr_13/8 "/>
</bind>
</comp>

<comp id="308" class="1004" name="in_V_addr_14_gep_fu_308">
<pin_list>
<pin id="309" dir="0" index="0" bw="8" slack="0"/>
<pin id="310" dir="0" index="1" bw="1" slack="0"/>
<pin id="311" dir="0" index="2" bw="5" slack="0"/>
<pin id="312" dir="1" index="3" bw="4" slack="0"/>
</pin_list>
<bind>
<opcode="getelementptr(29) " fcode="getelementptr"/>
<opset="in_V_addr_14/8 "/>
</bind>
</comp>

<comp id="317" class="1004" name="in_V_addr_15_gep_fu_317">
<pin_list>
<pin id="318" dir="0" index="0" bw="8" slack="0"/>
<pin id="319" dir="0" index="1" bw="1" slack="0"/>
<pin id="320" dir="0" index="2" bw="5" slack="0"/>
<pin id="321" dir="1" index="3" bw="4" slack="0"/>
</pin_list>
<bind>
<opcode="getelementptr(29) " fcode="getelementptr"/>
<opset="in_V_addr_15/8 "/>
</bind>
</comp>

<comp id="326" class="1004" name="out_V_addr_14_gep_fu_326">
<pin_list>
<pin id="327" dir="0" index="0" bw="8" slack="0"/>
<pin id="328" dir="0" index="1" bw="1" slack="0"/>
<pin id="329" dir="0" index="2" bw="5" slack="0"/>
<pin id="330" dir="1" index="3" bw="4" slack="0"/>
</pin_list>
<bind>
<opcode="getelementptr(29) " fcode="getelementptr"/>
<opset="out_V_addr_14/9 "/>
</bind>
</comp>

<comp id="335" class="1004" name="out_V_addr_15_gep_fu_335">
<pin_list>
<pin id="336" dir="0" index="0" bw="8" slack="0"/>
<pin id="337" dir="0" index="1" bw="1" slack="0"/>
<pin id="338" dir="0" index="2" bw="5" slack="0"/>
<pin id="339" dir="1" index="3" bw="4" slack="0"/>
</pin_list>
<bind>
<opcode="getelementptr(29) " fcode="getelementptr"/>
<opset="out_V_addr_15/9 "/>
</bind>
</comp>

<comp id="344" class="1005" name="in_V_addr_1_reg_344">
<pin_list>
<pin id="345" dir="0" index="0" bw="4" slack="1"/>
<pin id="346" dir="1" index="1" bw="4" slack="1"/>
</pin_list>
<bind>
<opset="in_V_addr_1 "/>
</bind>
</comp>

<comp id="349" class="1005" name="in_V_addr_2_reg_349">
<pin_list>
<pin id="350" dir="0" index="0" bw="4" slack="1"/>
<pin id="351" dir="1" index="1" bw="4" slack="1"/>
</pin_list>
<bind>
<opset="in_V_addr_2 "/>
</bind>
</comp>

<comp id="354" class="1005" name="in_V_addr_3_reg_354">
<pin_list>
<pin id="355" dir="0" index="0" bw="4" slack="1"/>
<pin id="356" dir="1" index="1" bw="4" slack="1"/>
</pin_list>
<bind>
<opset="in_V_addr_3 "/>
</bind>
</comp>

<comp id="359" class="1005" name="in_V_addr_4_reg_359">
<pin_list>
<pin id="360" dir="0" index="0" bw="4" slack="1"/>
<pin id="361" dir="1" index="1" bw="4" slack="1"/>
</pin_list>
<bind>
<opset="in_V_addr_4 "/>
</bind>
</comp>

<comp id="364" class="1005" name="in_V_addr_5_reg_364">
<pin_list>
<pin id="365" dir="0" index="0" bw="4" slack="1"/>
<pin id="366" dir="1" index="1" bw="4" slack="1"/>
</pin_list>
<bind>
<opset="in_V_addr_5 "/>
</bind>
</comp>

<comp id="369" class="1005" name="in_V_addr_6_reg_369">
<pin_list>
<pin id="370" dir="0" index="0" bw="4" slack="1"/>
<pin id="371" dir="1" index="1" bw="4" slack="1"/>
</pin_list>
<bind>
<opset="in_V_addr_6 "/>
</bind>
</comp>

<comp id="374" class="1005" name="in_V_addr_7_reg_374">
<pin_list>
<pin id="375" dir="0" index="0" bw="4" slack="1"/>
<pin id="376" dir="1" index="1" bw="4" slack="1"/>
</pin_list>
<bind>
<opset="in_V_addr_7 "/>
</bind>
</comp>

<comp id="379" class="1005" name="in_V_addr_8_reg_379">
<pin_list>
<pin id="380" dir="0" index="0" bw="4" slack="1"/>
<pin id="381" dir="1" index="1" bw="4" slack="1"/>
</pin_list>
<bind>
<opset="in_V_addr_8 "/>
</bind>
</comp>

<comp id="384" class="1005" name="in_V_addr_9_reg_384">
<pin_list>
<pin id="385" dir="0" index="0" bw="4" slack="1"/>
<pin id="386" dir="1" index="1" bw="4" slack="1"/>
</pin_list>
<bind>
<opset="in_V_addr_9 "/>
</bind>
</comp>

<comp id="389" class="1005" name="in_V_addr_10_reg_389">
<pin_list>
<pin id="390" dir="0" index="0" bw="4" slack="1"/>
<pin id="391" dir="1" index="1" bw="4" slack="1"/>
</pin_list>
<bind>
<opset="in_V_addr_10 "/>
</bind>
</comp>

<comp id="394" class="1005" name="in_V_addr_11_reg_394">
<pin_list>
<pin id="395" dir="0" index="0" bw="4" slack="1"/>
<pin id="396" dir="1" index="1" bw="4" slack="1"/>
</pin_list>
<bind>
<opset="in_V_addr_11 "/>
</bind>
</comp>

<comp id="399" class="1005" name="in_V_addr_12_reg_399">
<pin_list>
<pin id="400" dir="0" index="0" bw="4" slack="1"/>
<pin id="401" dir="1" index="1" bw="4" slack="1"/>
</pin_list>
<bind>
<opset="in_V_addr_12 "/>
</bind>
</comp>

<comp id="404" class="1005" name="in_V_addr_reg_404">
<pin_list>
<pin id="405" dir="0" index="0" bw="4" slack="1"/>
<pin id="406" dir="1" index="1" bw="4" slack="1"/>
</pin_list>
<bind>
<opset="in_V_addr "/>
</bind>
</comp>

<comp id="409" class="1005" name="in_V_addr_13_reg_409">
<pin_list>
<pin id="410" dir="0" index="0" bw="4" slack="1"/>
<pin id="411" dir="1" index="1" bw="4" slack="1"/>
</pin_list>
<bind>
<opset="in_V_addr_13 "/>
</bind>
</comp>

<comp id="414" class="1005" name="in_V_addr_14_reg_414">
<pin_list>
<pin id="415" dir="0" index="0" bw="4" slack="1"/>
<pin id="416" dir="1" index="1" bw="4" slack="1"/>
</pin_list>
<bind>
<opset="in_V_addr_14 "/>
</bind>
</comp>

<comp id="419" class="1005" name="in_V_addr_15_reg_419">
<pin_list>
<pin id="420" dir="0" index="0" bw="4" slack="1"/>
<pin id="421" dir="1" index="1" bw="4" slack="1"/>
</pin_list>
<bind>
<opset="in_V_addr_15 "/>
</bind>
</comp>

</comp_list>

<net_list>
<net id="41"><net_src comp="0" pin="0"/><net_sink comp="36" pin=0"/></net>

<net id="42"><net_src comp="4" pin="0"/><net_sink comp="36" pin=1"/></net>

<net id="43"><net_src comp="6" pin="0"/><net_sink comp="36" pin=2"/></net>

<net id="49"><net_src comp="36" pin="3"/><net_sink comp="44" pin=0"/></net>

<net id="55"><net_src comp="0" pin="0"/><net_sink comp="50" pin=0"/></net>

<net id="56"><net_src comp="4" pin="0"/><net_sink comp="50" pin=1"/></net>

<net id="57"><net_src comp="8" pin="0"/><net_sink comp="50" pin=2"/></net>

<net id="62"><net_src comp="50" pin="3"/><net_sink comp="44" pin=2"/></net>

<net id="68"><net_src comp="2" pin="0"/><net_sink comp="63" pin=0"/></net>

<net id="69"><net_src comp="4" pin="0"/><net_sink comp="63" pin=1"/></net>

<net id="70"><net_src comp="10" pin="0"/><net_sink comp="63" pin=2"/></net>

<net id="76"><net_src comp="44" pin="3"/><net_sink comp="71" pin=1"/></net>

<net id="77"><net_src comp="63" pin="3"/><net_sink comp="71" pin=0"/></net>

<net id="83"><net_src comp="2" pin="0"/><net_sink comp="78" pin=0"/></net>

<net id="84"><net_src comp="4" pin="0"/><net_sink comp="78" pin=1"/></net>

<net id="85"><net_src comp="6" pin="0"/><net_sink comp="78" pin=2"/></net>

<net id="90"><net_src comp="44" pin="7"/><net_sink comp="71" pin=4"/></net>

<net id="91"><net_src comp="78" pin="3"/><net_sink comp="71" pin=2"/></net>

<net id="97"><net_src comp="0" pin="0"/><net_sink comp="92" pin=0"/></net>

<net id="98"><net_src comp="4" pin="0"/><net_sink comp="92" pin=1"/></net>

<net id="99"><net_src comp="12" pin="0"/><net_sink comp="92" pin=2"/></net>

<net id="100"><net_src comp="92" pin="3"/><net_sink comp="44" pin=0"/></net>

<net id="106"><net_src comp="0" pin="0"/><net_sink comp="101" pin=0"/></net>

<net id="107"><net_src comp="4" pin="0"/><net_sink comp="101" pin=1"/></net>

<net id="108"><net_src comp="10" pin="0"/><net_sink comp="101" pin=2"/></net>

<net id="109"><net_src comp="101" pin="3"/><net_sink comp="44" pin=2"/></net>

<net id="115"><net_src comp="2" pin="0"/><net_sink comp="110" pin=0"/></net>

<net id="116"><net_src comp="4" pin="0"/><net_sink comp="110" pin=1"/></net>

<net id="117"><net_src comp="8" pin="0"/><net_sink comp="110" pin=2"/></net>

<net id="118"><net_src comp="110" pin="3"/><net_sink comp="71" pin=0"/></net>

<net id="124"><net_src comp="2" pin="0"/><net_sink comp="119" pin=0"/></net>

<net id="125"><net_src comp="4" pin="0"/><net_sink comp="119" pin=1"/></net>

<net id="126"><net_src comp="12" pin="0"/><net_sink comp="119" pin=2"/></net>

<net id="127"><net_src comp="119" pin="3"/><net_sink comp="71" pin=2"/></net>

<net id="133"><net_src comp="0" pin="0"/><net_sink comp="128" pin=0"/></net>

<net id="134"><net_src comp="4" pin="0"/><net_sink comp="128" pin=1"/></net>

<net id="135"><net_src comp="14" pin="0"/><net_sink comp="128" pin=2"/></net>

<net id="136"><net_src comp="128" pin="3"/><net_sink comp="44" pin=0"/></net>

<net id="142"><net_src comp="0" pin="0"/><net_sink comp="137" pin=0"/></net>

<net id="143"><net_src comp="4" pin="0"/><net_sink comp="137" pin=1"/></net>

<net id="144"><net_src comp="16" pin="0"/><net_sink comp="137" pin=2"/></net>

<net id="145"><net_src comp="137" pin="3"/><net_sink comp="44" pin=2"/></net>

<net id="151"><net_src comp="2" pin="0"/><net_sink comp="146" pin=0"/></net>

<net id="152"><net_src comp="4" pin="0"/><net_sink comp="146" pin=1"/></net>

<net id="153"><net_src comp="16" pin="0"/><net_sink comp="146" pin=2"/></net>

<net id="154"><net_src comp="146" pin="3"/><net_sink comp="71" pin=0"/></net>

<net id="160"><net_src comp="2" pin="0"/><net_sink comp="155" pin=0"/></net>

<net id="161"><net_src comp="4" pin="0"/><net_sink comp="155" pin=1"/></net>

<net id="162"><net_src comp="14" pin="0"/><net_sink comp="155" pin=2"/></net>

<net id="163"><net_src comp="155" pin="3"/><net_sink comp="71" pin=2"/></net>

<net id="169"><net_src comp="0" pin="0"/><net_sink comp="164" pin=0"/></net>

<net id="170"><net_src comp="4" pin="0"/><net_sink comp="164" pin=1"/></net>

<net id="171"><net_src comp="18" pin="0"/><net_sink comp="164" pin=2"/></net>

<net id="172"><net_src comp="164" pin="3"/><net_sink comp="44" pin=0"/></net>

<net id="178"><net_src comp="0" pin="0"/><net_sink comp="173" pin=0"/></net>

<net id="179"><net_src comp="4" pin="0"/><net_sink comp="173" pin=1"/></net>

<net id="180"><net_src comp="20" pin="0"/><net_sink comp="173" pin=2"/></net>

<net id="181"><net_src comp="173" pin="3"/><net_sink comp="44" pin=2"/></net>

<net id="187"><net_src comp="2" pin="0"/><net_sink comp="182" pin=0"/></net>

<net id="188"><net_src comp="4" pin="0"/><net_sink comp="182" pin=1"/></net>

<net id="189"><net_src comp="20" pin="0"/><net_sink comp="182" pin=2"/></net>

<net id="190"><net_src comp="182" pin="3"/><net_sink comp="71" pin=0"/></net>

<net id="196"><net_src comp="2" pin="0"/><net_sink comp="191" pin=0"/></net>

<net id="197"><net_src comp="4" pin="0"/><net_sink comp="191" pin=1"/></net>

<net id="198"><net_src comp="18" pin="0"/><net_sink comp="191" pin=2"/></net>

<net id="199"><net_src comp="191" pin="3"/><net_sink comp="71" pin=2"/></net>

<net id="205"><net_src comp="0" pin="0"/><net_sink comp="200" pin=0"/></net>

<net id="206"><net_src comp="4" pin="0"/><net_sink comp="200" pin=1"/></net>

<net id="207"><net_src comp="22" pin="0"/><net_sink comp="200" pin=2"/></net>

<net id="208"><net_src comp="200" pin="3"/><net_sink comp="44" pin=0"/></net>

<net id="214"><net_src comp="0" pin="0"/><net_sink comp="209" pin=0"/></net>

<net id="215"><net_src comp="4" pin="0"/><net_sink comp="209" pin=1"/></net>

<net id="216"><net_src comp="24" pin="0"/><net_sink comp="209" pin=2"/></net>

<net id="217"><net_src comp="209" pin="3"/><net_sink comp="44" pin=2"/></net>

<net id="223"><net_src comp="2" pin="0"/><net_sink comp="218" pin=0"/></net>

<net id="224"><net_src comp="4" pin="0"/><net_sink comp="218" pin=1"/></net>

<net id="225"><net_src comp="26" pin="0"/><net_sink comp="218" pin=2"/></net>

<net id="226"><net_src comp="218" pin="3"/><net_sink comp="71" pin=0"/></net>

<net id="232"><net_src comp="2" pin="0"/><net_sink comp="227" pin=0"/></net>

<net id="233"><net_src comp="4" pin="0"/><net_sink comp="227" pin=1"/></net>

<net id="234"><net_src comp="22" pin="0"/><net_sink comp="227" pin=2"/></net>

<net id="235"><net_src comp="227" pin="3"/><net_sink comp="71" pin=2"/></net>

<net id="241"><net_src comp="0" pin="0"/><net_sink comp="236" pin=0"/></net>

<net id="242"><net_src comp="4" pin="0"/><net_sink comp="236" pin=1"/></net>

<net id="243"><net_src comp="28" pin="0"/><net_sink comp="236" pin=2"/></net>

<net id="244"><net_src comp="236" pin="3"/><net_sink comp="44" pin=0"/></net>

<net id="250"><net_src comp="0" pin="0"/><net_sink comp="245" pin=0"/></net>

<net id="251"><net_src comp="4" pin="0"/><net_sink comp="245" pin=1"/></net>

<net id="252"><net_src comp="26" pin="0"/><net_sink comp="245" pin=2"/></net>

<net id="253"><net_src comp="245" pin="3"/><net_sink comp="44" pin=2"/></net>

<net id="259"><net_src comp="0" pin="0"/><net_sink comp="254" pin=0"/></net>

<net id="260"><net_src comp="4" pin="0"/><net_sink comp="254" pin=1"/></net>

<net id="261"><net_src comp="4" pin="0"/><net_sink comp="254" pin=2"/></net>

<net id="267"><net_src comp="2" pin="0"/><net_sink comp="262" pin=0"/></net>

<net id="268"><net_src comp="4" pin="0"/><net_sink comp="262" pin=1"/></net>

<net id="269"><net_src comp="24" pin="0"/><net_sink comp="262" pin=2"/></net>

<net id="270"><net_src comp="262" pin="3"/><net_sink comp="71" pin=0"/></net>

<net id="276"><net_src comp="2" pin="0"/><net_sink comp="271" pin=0"/></net>

<net id="277"><net_src comp="4" pin="0"/><net_sink comp="271" pin=1"/></net>

<net id="278"><net_src comp="28" pin="0"/><net_sink comp="271" pin=2"/></net>

<net id="279"><net_src comp="271" pin="3"/><net_sink comp="71" pin=2"/></net>

<net id="280"><net_src comp="254" pin="3"/><net_sink comp="44" pin=0"/></net>

<net id="286"><net_src comp="0" pin="0"/><net_sink comp="281" pin=0"/></net>

<net id="287"><net_src comp="4" pin="0"/><net_sink comp="281" pin=1"/></net>

<net id="288"><net_src comp="30" pin="0"/><net_sink comp="281" pin=2"/></net>

<net id="289"><net_src comp="281" pin="3"/><net_sink comp="44" pin=2"/></net>

<net id="295"><net_src comp="2" pin="0"/><net_sink comp="290" pin=0"/></net>

<net id="296"><net_src comp="4" pin="0"/><net_sink comp="290" pin=1"/></net>

<net id="297"><net_src comp="4" pin="0"/><net_sink comp="290" pin=2"/></net>

<net id="298"><net_src comp="290" pin="3"/><net_sink comp="71" pin=0"/></net>

<net id="304"><net_src comp="2" pin="0"/><net_sink comp="299" pin=0"/></net>

<net id="305"><net_src comp="4" pin="0"/><net_sink comp="299" pin=1"/></net>

<net id="306"><net_src comp="30" pin="0"/><net_sink comp="299" pin=2"/></net>

<net id="307"><net_src comp="299" pin="3"/><net_sink comp="71" pin=2"/></net>

<net id="313"><net_src comp="0" pin="0"/><net_sink comp="308" pin=0"/></net>

<net id="314"><net_src comp="4" pin="0"/><net_sink comp="308" pin=1"/></net>

<net id="315"><net_src comp="32" pin="0"/><net_sink comp="308" pin=2"/></net>

<net id="316"><net_src comp="308" pin="3"/><net_sink comp="44" pin=0"/></net>

<net id="322"><net_src comp="0" pin="0"/><net_sink comp="317" pin=0"/></net>

<net id="323"><net_src comp="4" pin="0"/><net_sink comp="317" pin=1"/></net>

<net id="324"><net_src comp="34" pin="0"/><net_sink comp="317" pin=2"/></net>

<net id="325"><net_src comp="317" pin="3"/><net_sink comp="44" pin=2"/></net>

<net id="331"><net_src comp="2" pin="0"/><net_sink comp="326" pin=0"/></net>

<net id="332"><net_src comp="4" pin="0"/><net_sink comp="326" pin=1"/></net>

<net id="333"><net_src comp="32" pin="0"/><net_sink comp="326" pin=2"/></net>

<net id="334"><net_src comp="326" pin="3"/><net_sink comp="71" pin=0"/></net>

<net id="340"><net_src comp="2" pin="0"/><net_sink comp="335" pin=0"/></net>

<net id="341"><net_src comp="4" pin="0"/><net_sink comp="335" pin=1"/></net>

<net id="342"><net_src comp="34" pin="0"/><net_sink comp="335" pin=2"/></net>

<net id="343"><net_src comp="335" pin="3"/><net_sink comp="71" pin=2"/></net>

<net id="347"><net_src comp="36" pin="3"/><net_sink comp="344" pin=0"/></net>

<net id="348"><net_src comp="344" pin="1"/><net_sink comp="44" pin=0"/></net>

<net id="352"><net_src comp="50" pin="3"/><net_sink comp="349" pin=0"/></net>

<net id="353"><net_src comp="349" pin="1"/><net_sink comp="44" pin=2"/></net>

<net id="357"><net_src comp="92" pin="3"/><net_sink comp="354" pin=0"/></net>

<net id="358"><net_src comp="354" pin="1"/><net_sink comp="44" pin=0"/></net>

<net id="362"><net_src comp="101" pin="3"/><net_sink comp="359" pin=0"/></net>

<net id="363"><net_src comp="359" pin="1"/><net_sink comp="44" pin=2"/></net>

<net id="367"><net_src comp="128" pin="3"/><net_sink comp="364" pin=0"/></net>

<net id="368"><net_src comp="364" pin="1"/><net_sink comp="44" pin=0"/></net>

<net id="372"><net_src comp="137" pin="3"/><net_sink comp="369" pin=0"/></net>

<net id="373"><net_src comp="369" pin="1"/><net_sink comp="44" pin=2"/></net>

<net id="377"><net_src comp="164" pin="3"/><net_sink comp="374" pin=0"/></net>

<net id="378"><net_src comp="374" pin="1"/><net_sink comp="44" pin=0"/></net>

<net id="382"><net_src comp="173" pin="3"/><net_sink comp="379" pin=0"/></net>

<net id="383"><net_src comp="379" pin="1"/><net_sink comp="44" pin=2"/></net>

<net id="387"><net_src comp="200" pin="3"/><net_sink comp="384" pin=0"/></net>

<net id="388"><net_src comp="384" pin="1"/><net_sink comp="44" pin=0"/></net>

<net id="392"><net_src comp="209" pin="3"/><net_sink comp="389" pin=0"/></net>

<net id="393"><net_src comp="389" pin="1"/><net_sink comp="44" pin=2"/></net>

<net id="397"><net_src comp="236" pin="3"/><net_sink comp="394" pin=0"/></net>

<net id="398"><net_src comp="394" pin="1"/><net_sink comp="44" pin=0"/></net>

<net id="402"><net_src comp="245" pin="3"/><net_sink comp="399" pin=0"/></net>

<net id="403"><net_src comp="399" pin="1"/><net_sink comp="44" pin=2"/></net>

<net id="407"><net_src comp="254" pin="3"/><net_sink comp="404" pin=0"/></net>

<net id="408"><net_src comp="404" pin="1"/><net_sink comp="44" pin=0"/></net>

<net id="412"><net_src comp="281" pin="3"/><net_sink comp="409" pin=0"/></net>

<net id="413"><net_src comp="409" pin="1"/><net_sink comp="44" pin=2"/></net>

<net id="417"><net_src comp="308" pin="3"/><net_sink comp="414" pin=0"/></net>

<net id="418"><net_src comp="414" pin="1"/><net_sink comp="44" pin=0"/></net>

<net id="422"><net_src comp="317" pin="3"/><net_sink comp="419" pin=0"/></net>

<net id="423"><net_src comp="419" pin="1"/><net_sink comp="44" pin=2"/></net>

</net_list>

</model> 
---------------- Datapath Model END ------------------

* FSMD analyzer results:
  - Output states:
	Port: out_V | {2 3 4 5 6 7 8 9 }
 - Input state : 
	Port: ShiftRows55 : in_V | {1 2 3 4 5 6 7 8 9 }
  - Chain level:
	State 1
		in_V_load : 1
		in_V_load_1 : 1
	State 2
		StgValue_16 : 1
		StgValue_19 : 1
		in_V_load_2 : 1
		in_V_load_3 : 1
	State 3
		StgValue_26 : 1
		StgValue_29 : 1
		in_V_load_4 : 1
		in_V_load_5 : 1
	State 4
		StgValue_36 : 1
		StgValue_39 : 1
		in_V_load_6 : 1
		in_V_load_7 : 1
	State 5
		StgValue_46 : 1
		StgValue_49 : 1
		in_V_load_8 : 1
		in_V_load_9 : 1
	State 6
		StgValue_56 : 1
		StgValue_59 : 1
		in_V_load_10 : 1
		in_V_load_11 : 1
	State 7
		StgValue_67 : 1
		StgValue_70 : 1
		in_V_load_12 : 1
		in_V_load_13 : 1
	State 8
		StgValue_76 : 1
		StgValue_79 : 1
		in_V_load_14 : 1
		in_V_load_15 : 1
	State 9
		StgValue_86 : 1
		StgValue_89 : 1


============================================================
+ Verbose Summary: Datapath Resource usage 
============================================================

* Functional unit list:
|----------|----------------|
| Operation| Functional Unit|
|----------|----------------|
|   Total  |                |
|----------|----------------|

Memories:
N/A

* Register list:
+--------------------+--------+
|                    |   FF   |
+--------------------+--------+
|in_V_addr_10_reg_389|    4   |
|in_V_addr_11_reg_394|    4   |
|in_V_addr_12_reg_399|    4   |
|in_V_addr_13_reg_409|    4   |
|in_V_addr_14_reg_414|    4   |
|in_V_addr_15_reg_419|    4   |
| in_V_addr_1_reg_344|    4   |
| in_V_addr_2_reg_349|    4   |
| in_V_addr_3_reg_354|    4   |
| in_V_addr_4_reg_359|    4   |
| in_V_addr_5_reg_364|    4   |
| in_V_addr_6_reg_369|    4   |
| in_V_addr_7_reg_374|    4   |
| in_V_addr_8_reg_379|    4   |
| in_V_addr_9_reg_384|    4   |
|  in_V_addr_reg_404 |    4   |
+--------------------+--------+
|        Total       |   64   |
+--------------------+--------+

* Multiplexer (MUX) list: 
|------------------|------|------|------|--------||---------||---------|
|       Comp       |  Pin | Size |  BW  | S x BW ||  Delay  ||   LUT   |
|------------------|------|------|------|--------||---------||---------|
| grp_access_fu_44 |  p0  |  16  |   4  |   64   ||    65   |
| grp_access_fu_44 |  p2  |  16  |   0  |    0   ||    65   |
| grp_access_fu_71 |  p0  |   8  |   4  |   32   ||    41   |
| grp_access_fu_71 |  p2  |   8  |   0  |    0   ||    41   |
|------------------|------|------|------|--------||---------||---------|
|       Total      |      |      |      |   96   ||  8.4008 ||   212   |
|------------------|------|------|------|--------||---------||---------|



* Summary:
+-----------+--------+--------+--------+
|           |  Delay |   FF   |   LUT  |
+-----------+--------+--------+--------+
|  Function |    -   |    -   |    -   |
|   Memory  |    -   |    -   |    -   |
|Multiplexer|    8   |    -   |   212  |
|  Register |    -   |   64   |    -   |
+-----------+--------+--------+--------+
|   Total   |    8   |   64   |   212  |
+-----------+--------+--------+--------+
