

================================================================
== Vitis HLS Report for 'MixColumns415'
================================================================
* Date:           Wed Dec 29 21:50:35 2021

* Version:        2020.2 (Build 3064766 on Wed Nov 18 09:12:45 MST 2020)
* Project:        aes
* Solution:       solution1 (Vivado IP Flow Target)
* Product family: zynq
* Target device:  xc7z020-clg400-1


================================================================
== Performance Estimates
================================================================
+ Timing: 
    * Summary: 
    +--------+----------+----------+------------+
    |  Clock |  Target  | Estimated| Uncertainty|
    +--------+----------+----------+------------+
    |ap_clk  |  10.00 ns|  4.065 ns|     2.70 ns|
    +--------+----------+----------+------------+

+ Latency: 
    * Summary: 
    +---------+---------+----------+----------+-----+-----+---------+
    |  Latency (cycles) |  Latency (absolute) |  Interval | Pipeline|
    |   min   |   max   |    min   |    max   | min | max |   Type  |
    +---------+---------+----------+----------+-----+-----+---------+
    |        0|        0|      0 ns|      0 ns|    0|    0|     none|
    +---------+---------+----------+----------+-----+-----+---------+

    + Detail: 
        * Instance: 
        +-------------------------------------------+--------------------------+---------+---------+----------+----------+-----+-----+---------+
        |                                           |                          |  Latency (cycles) |  Latency (absolute) |  Interval | Pipeline|
        |                  Instance                 |          Module          |   min   |   max   |    min   |    max   | min | max |   Type  |
        +-------------------------------------------+--------------------------+---------+---------+----------+----------+-----+-----+---------+
        |call_ret_Four_Term_Multiplication_fu_134   |Four_Term_Multiplication  |        0|        0|      0 ns|      0 ns|    0|    0|     none|
        |call_ret1_Four_Term_Multiplication_fu_146  |Four_Term_Multiplication  |        0|        0|      0 ns|      0 ns|    0|    0|     none|
        |call_ret2_Four_Term_Multiplication_fu_158  |Four_Term_Multiplication  |        0|        0|      0 ns|      0 ns|    0|    0|     none|
        |call_ret3_Four_Term_Multiplication_fu_170  |Four_Term_Multiplication  |        0|        0|      0 ns|      0 ns|    0|    0|     none|
        +-------------------------------------------+--------------------------+---------+---------+----------+----------+-----+-----+---------+

        * Loop: 
        N/A



================================================================
== Utilization Estimates
================================================================
* Summary: 
+-----------------+---------+-----+--------+-------+-----+
|       Name      | BRAM_18K| DSP |   FF   |  LUT  | URAM|
+-----------------+---------+-----+--------+-------+-----+
|DSP              |        -|    -|       -|      -|    -|
|Expression       |        -|    -|       0|      2|    -|
|FIFO             |        -|    -|       -|      -|    -|
|Instance         |        -|    -|       0|    736|    -|
|Memory           |        -|    -|       -|      -|    -|
|Multiplexer      |        -|    -|       -|      9|    -|
|Register         |        -|    -|       2|      -|    -|
+-----------------+---------+-----+--------+-------+-----+
|Total            |        0|    0|       2|    747|    0|
+-----------------+---------+-----+--------+-------+-----+
|Available        |      280|  220|  106400|  53200|    0|
+-----------------+---------+-----+--------+-------+-----+
|Utilization (%)  |        0|    0|      ~0|      1|    0|
+-----------------+---------+-----+--------+-------+-----+

+ Detail: 
    * Instance: 
    +-------------------------------------------+--------------------------+---------+----+---+-----+-----+
    |                  Instance                 |          Module          | BRAM_18K| DSP| FF| LUT | URAM|
    +-------------------------------------------+--------------------------+---------+----+---+-----+-----+
    |call_ret_Four_Term_Multiplication_fu_134   |Four_Term_Multiplication  |        0|   0|  0|  184|    0|
    |call_ret1_Four_Term_Multiplication_fu_146  |Four_Term_Multiplication  |        0|   0|  0|  184|    0|
    |call_ret2_Four_Term_Multiplication_fu_158  |Four_Term_Multiplication  |        0|   0|  0|  184|    0|
    |call_ret3_Four_Term_Multiplication_fu_170  |Four_Term_Multiplication  |        0|   0|  0|  184|    0|
    +-------------------------------------------+--------------------------+---------+----+---+-----+-----+
    |Total                                      |                          |        0|   0|  0|  736|    0|
    +-------------------------------------------+--------------------------+---------+----+---+-----+-----+

    * DSP: 
    N/A

    * Memory: 
    N/A

    * FIFO: 
    N/A

    * Expression: 
    +-----------------+----------+----+---+----+------------+------------+
    |  Variable Name  | Operation| DSP| FF| LUT| Bitwidth P0| Bitwidth P1|
    +-----------------+----------+----+---+----+------------+------------+
    |ap_block_state1  |        or|   0|  0|   2|           1|           1|
    +-----------------+----------+----+---+----+------------+------------+
    |Total            |          |   0|  0|   2|           1|           1|
    +-----------------+----------+----+---+----+------------+------------+

    * Multiplexer: 
    +---------+----+-----------+-----+-----------+
    |   Name  | LUT| Input Size| Bits| Total Bits|
    +---------+----+-----------+-----+-----------+
    |ap_done  |   9|          2|    1|          2|
    +---------+----+-----------+-----+-----------+
    |Total    |   9|          2|    1|          2|
    +---------+----+-----------+-----+-----------+

    * Register: 
    +-------------+---+----+-----+-----------+
    |     Name    | FF| LUT| Bits| Const Bits|
    +-------------+---+----+-----+-----------+
    |ap_CS_fsm    |  1|   0|    1|          0|
    |ap_done_reg  |  1|   0|    1|          0|
    +-------------+---+----+-----+-----------+
    |Total        |  2|   0|    2|          0|
    +-------------+---+----+-----+-----------+



================================================================
== Interface
================================================================
* Summary: 
+--------------+-----+-----+------------+---------------+--------------+
|   RTL Ports  | Dir | Bits|  Protocol  | Source Object |    C Type    |
+--------------+-----+-----+------------+---------------+--------------+
|ap_clk        |   in|    1|  ap_ctrl_hs|  MixColumns415|  return value|
|ap_rst        |   in|    1|  ap_ctrl_hs|  MixColumns415|  return value|
|ap_start      |   in|    1|  ap_ctrl_hs|  MixColumns415|  return value|
|ap_done       |  out|    1|  ap_ctrl_hs|  MixColumns415|  return value|
|ap_continue   |   in|    1|  ap_ctrl_hs|  MixColumns415|  return value|
|ap_idle       |  out|    1|  ap_ctrl_hs|  MixColumns415|  return value|
|ap_ready      |  out|    1|  ap_ctrl_hs|  MixColumns415|  return value|
|ap_return_0   |  out|    8|  ap_ctrl_hs|  MixColumns415|  return value|
|ap_return_1   |  out|    8|  ap_ctrl_hs|  MixColumns415|  return value|
|ap_return_2   |  out|    8|  ap_ctrl_hs|  MixColumns415|  return value|
|ap_return_3   |  out|    8|  ap_ctrl_hs|  MixColumns415|  return value|
|ap_return_4   |  out|    8|  ap_ctrl_hs|  MixColumns415|  return value|
|ap_return_5   |  out|    8|  ap_ctrl_hs|  MixColumns415|  return value|
|ap_return_6   |  out|    8|  ap_ctrl_hs|  MixColumns415|  return value|
|ap_return_7   |  out|    8|  ap_ctrl_hs|  MixColumns415|  return value|
|ap_return_8   |  out|    8|  ap_ctrl_hs|  MixColumns415|  return value|
|ap_return_9   |  out|    8|  ap_ctrl_hs|  MixColumns415|  return value|
|ap_return_10  |  out|    8|  ap_ctrl_hs|  MixColumns415|  return value|
|ap_return_11  |  out|    8|  ap_ctrl_hs|  MixColumns415|  return value|
|ap_return_12  |  out|    8|  ap_ctrl_hs|  MixColumns415|  return value|
|ap_return_13  |  out|    8|  ap_ctrl_hs|  MixColumns415|  return value|
|ap_return_14  |  out|    8|  ap_ctrl_hs|  MixColumns415|  return value|
|ap_return_15  |  out|    8|  ap_ctrl_hs|  MixColumns415|  return value|
|p_read        |   in|    8|     ap_none|         p_read|        scalar|
|p_read1       |   in|    8|     ap_none|        p_read1|        scalar|
|p_read2       |   in|    8|     ap_none|        p_read2|        scalar|
|p_read3       |   in|    8|     ap_none|        p_read3|        scalar|
|p_read4       |   in|    8|     ap_none|        p_read4|        scalar|
|p_read5       |   in|    8|     ap_none|        p_read5|        scalar|
|p_read6       |   in|    8|     ap_none|        p_read6|        scalar|
|p_read7       |   in|    8|     ap_none|        p_read7|        scalar|
|p_read8       |   in|    8|     ap_none|        p_read8|        scalar|
|p_read9       |   in|    8|     ap_none|        p_read9|        scalar|
|p_read10      |   in|    8|     ap_none|       p_read10|        scalar|
|p_read11      |   in|    8|     ap_none|       p_read11|        scalar|
|p_read12      |   in|    8|     ap_none|       p_read12|        scalar|
|p_read13      |   in|    8|     ap_none|       p_read13|        scalar|
|p_read14      |   in|    8|     ap_none|       p_read14|        scalar|
|p_read15      |   in|    8|     ap_none|       p_read15|        scalar|
+--------------+-----+-----+------------+---------------+--------------+

