

================================================================
== Vitis HLS Report for 'AddRoundKey81'
================================================================
* Date:           Thu Dec 30 15:47:50 2021

* Version:        2020.2 (Build 3064766 on Wed Nov 18 09:12:45 MST 2020)
* Project:        aes
* Solution:       solution1 (Vivado IP Flow Target)
* Product family: zynq
* Target device:  xc7z020-clg400-1


================================================================
== Performance Estimates
================================================================
+ Timing: 
    * Summary: 
    +--------+----------+----------+------------+
    |  Clock |  Target  | Estimated| Uncertainty|
    +--------+----------+----------+------------+
    |ap_clk  |  10.00 ns|  4.640 ns|     2.70 ns|
    +--------+----------+----------+------------+

+ Latency: 
    * Summary: 
    +---------+---------+----------+----------+-----+-----+---------+
    |  Latency (cycles) |  Latency (absolute) |  Interval | Pipeline|
    |   min   |   max   |    min   |    max   | min | max |   Type  |
    +---------+---------+----------+----------+-----+-----+---------+
    |        0|        0|      0 ns|      0 ns|    0|    0|     none|
    +---------+---------+----------+----------+-----+-----+---------+

    + Detail: 
        * Instance: 
        N/A

        * Loop: 
        N/A



================================================================
== Utilization Estimates
================================================================
* Summary: 
+-----------------+---------+-----+--------+-------+-----+
|       Name      | BRAM_18K| DSP |   FF   |  LUT  | URAM|
+-----------------+---------+-----+--------+-------+-----+
|DSP              |        -|    -|       -|      -|    -|
|Expression       |        -|    -|       0|    130|    -|
|FIFO             |        -|    -|       -|      -|    -|
|Instance         |        -|    -|       -|      -|    -|
|Memory           |        -|    -|       -|      -|    -|
|Multiplexer      |        -|    -|       -|    297|    -|
|Register         |        -|    -|     130|      -|    -|
+-----------------+---------+-----+--------+-------+-----+
|Total            |        0|    0|     130|    427|    0|
+-----------------+---------+-----+--------+-------+-----+
|Available        |      280|  220|  106400|  53200|    0|
+-----------------+---------+-----+--------+-------+-----+
|Utilization (%)  |        0|    0|      ~0|     ~0|    0|
+-----------------+---------+-----+--------+-------+-----+

+ Detail: 
    * Instance: 
    N/A

    * DSP: 
    N/A

    * Memory: 
    N/A

    * FIFO: 
    N/A

    * Expression: 
    +-----------------------+----------+----+---+----+------------+------------+
    |     Variable Name     | Operation| DSP| FF| LUT| Bitwidth P0| Bitwidth P1|
    +-----------------------+----------+----+---+----+------------+------------+
    |ap_block_state1        |        or|   0|  0|   2|           1|           1|
    |xor_ln68_61_fu_282_p2  |       xor|   0|  0|   8|           8|           8|
    |xor_ln68_62_fu_288_p2  |       xor|   0|  0|   8|           8|           8|
    |xor_ln68_63_fu_294_p2  |       xor|   0|  0|   8|           8|           8|
    |xor_ln68_64_fu_300_p2  |       xor|   0|  0|   8|           8|           8|
    |xor_ln68_65_fu_306_p2  |       xor|   0|  0|   8|           8|           8|
    |xor_ln68_66_fu_312_p2  |       xor|   0|  0|   8|           8|           8|
    |xor_ln68_67_fu_318_p2  |       xor|   0|  0|   8|           8|           8|
    |xor_ln68_68_fu_324_p2  |       xor|   0|  0|   8|           8|           8|
    |xor_ln68_69_fu_330_p2  |       xor|   0|  0|   8|           8|           8|
    |xor_ln68_70_fu_336_p2  |       xor|   0|  0|   8|           8|           8|
    |xor_ln68_71_fu_342_p2  |       xor|   0|  0|   8|           8|           8|
    |xor_ln68_72_fu_348_p2  |       xor|   0|  0|   8|           8|           8|
    |xor_ln68_73_fu_354_p2  |       xor|   0|  0|   8|           8|           8|
    |xor_ln68_74_fu_360_p2  |       xor|   0|  0|   8|           8|           8|
    |xor_ln68_75_fu_366_p2  |       xor|   0|  0|   8|           8|           8|
    |xor_ln68_fu_276_p2     |       xor|   0|  0|   8|           8|           8|
    +-----------------------+----------+----+---+----+------------+------------+
    |Total                  |          |   0|  0| 130|         129|         129|
    +-----------------------+----------+----+---+----+------------+------------+

    * Multiplexer: 
    +-------------------+----+-----------+-----+-----------+
    |        Name       | LUT| Input Size| Bits| Total Bits|
    +-------------------+----+-----------+-----+-----------+
    |RoundKey100_blk_n  |   9|          2|    1|          2|
    |RoundKey101_blk_n  |   9|          2|    1|          2|
    |RoundKey102_blk_n  |   9|          2|    1|          2|
    |RoundKey103_blk_n  |   9|          2|    1|          2|
    |RoundKey104_blk_n  |   9|          2|    1|          2|
    |RoundKey105_blk_n  |   9|          2|    1|          2|
    |RoundKey106_blk_n  |   9|          2|    1|          2|
    |RoundKey107_blk_n  |   9|          2|    1|          2|
    |RoundKey108_blk_n  |   9|          2|    1|          2|
    |RoundKey109_blk_n  |   9|          2|    1|          2|
    |RoundKey110_blk_n  |   9|          2|    1|          2|
    |RoundKey111_blk_n  |   9|          2|    1|          2|
    |RoundKey96_blk_n   |   9|          2|    1|          2|
    |RoundKey97_blk_n   |   9|          2|    1|          2|
    |RoundKey98_blk_n   |   9|          2|    1|          2|
    |RoundKey99_blk_n   |   9|          2|    1|          2|
    |ap_done            |   9|          2|    1|          2|
    |ap_return_0        |   9|          2|    8|         16|
    |ap_return_1        |   9|          2|    8|         16|
    |ap_return_10       |   9|          2|    8|         16|
    |ap_return_11       |   9|          2|    8|         16|
    |ap_return_12       |   9|          2|    8|         16|
    |ap_return_13       |   9|          2|    8|         16|
    |ap_return_14       |   9|          2|    8|         16|
    |ap_return_15       |   9|          2|    8|         16|
    |ap_return_2        |   9|          2|    8|         16|
    |ap_return_3        |   9|          2|    8|         16|
    |ap_return_4        |   9|          2|    8|         16|
    |ap_return_5        |   9|          2|    8|         16|
    |ap_return_6        |   9|          2|    8|         16|
    |ap_return_7        |   9|          2|    8|         16|
    |ap_return_8        |   9|          2|    8|         16|
    |ap_return_9        |   9|          2|    8|         16|
    +-------------------+----+-----------+-----+-----------+
    |Total              | 297|         66|  145|        290|
    +-------------------+----+-----------+-----+-----------+

    * Register: 
    +-------------------+---+----+-----+-----------+
    |        Name       | FF| LUT| Bits| Const Bits|
    +-------------------+---+----+-----+-----------+
    |ap_CS_fsm          |  1|   0|    1|          0|
    |ap_done_reg        |  1|   0|    1|          0|
    |ap_return_0_preg   |  8|   0|    8|          0|
    |ap_return_10_preg  |  8|   0|    8|          0|
    |ap_return_11_preg  |  8|   0|    8|          0|
    |ap_return_12_preg  |  8|   0|    8|          0|
    |ap_return_13_preg  |  8|   0|    8|          0|
    |ap_return_14_preg  |  8|   0|    8|          0|
    |ap_return_15_preg  |  8|   0|    8|          0|
    |ap_return_1_preg   |  8|   0|    8|          0|
    |ap_return_2_preg   |  8|   0|    8|          0|
    |ap_return_3_preg   |  8|   0|    8|          0|
    |ap_return_4_preg   |  8|   0|    8|          0|
    |ap_return_5_preg   |  8|   0|    8|          0|
    |ap_return_6_preg   |  8|   0|    8|          0|
    |ap_return_7_preg   |  8|   0|    8|          0|
    |ap_return_8_preg   |  8|   0|    8|          0|
    |ap_return_9_preg   |  8|   0|    8|          0|
    +-------------------+---+----+-----+-----------+
    |Total              |130|   0|  130|          0|
    +-------------------+---+----+-----+-----------+



================================================================
== Interface
================================================================
* Summary: 
+---------------------+-----+-----+------------+---------------+--------------+
|      RTL Ports      | Dir | Bits|  Protocol  | Source Object |    C Type    |
+---------------------+-----+-----+------------+---------------+--------------+
|ap_clk               |   in|    1|  ap_ctrl_hs|  AddRoundKey81|  return value|
|ap_rst               |   in|    1|  ap_ctrl_hs|  AddRoundKey81|  return value|
|ap_start             |   in|    1|  ap_ctrl_hs|  AddRoundKey81|  return value|
|ap_done              |  out|    1|  ap_ctrl_hs|  AddRoundKey81|  return value|
|ap_continue          |   in|    1|  ap_ctrl_hs|  AddRoundKey81|  return value|
|ap_idle              |  out|    1|  ap_ctrl_hs|  AddRoundKey81|  return value|
|ap_ready             |  out|    1|  ap_ctrl_hs|  AddRoundKey81|  return value|
|ap_return_0          |  out|    8|  ap_ctrl_hs|  AddRoundKey81|  return value|
|ap_return_1          |  out|    8|  ap_ctrl_hs|  AddRoundKey81|  return value|
|ap_return_2          |  out|    8|  ap_ctrl_hs|  AddRoundKey81|  return value|
|ap_return_3          |  out|    8|  ap_ctrl_hs|  AddRoundKey81|  return value|
|ap_return_4          |  out|    8|  ap_ctrl_hs|  AddRoundKey81|  return value|
|ap_return_5          |  out|    8|  ap_ctrl_hs|  AddRoundKey81|  return value|
|ap_return_6          |  out|    8|  ap_ctrl_hs|  AddRoundKey81|  return value|
|ap_return_7          |  out|    8|  ap_ctrl_hs|  AddRoundKey81|  return value|
|ap_return_8          |  out|    8|  ap_ctrl_hs|  AddRoundKey81|  return value|
|ap_return_9          |  out|    8|  ap_ctrl_hs|  AddRoundKey81|  return value|
|ap_return_10         |  out|    8|  ap_ctrl_hs|  AddRoundKey81|  return value|
|ap_return_11         |  out|    8|  ap_ctrl_hs|  AddRoundKey81|  return value|
|ap_return_12         |  out|    8|  ap_ctrl_hs|  AddRoundKey81|  return value|
|ap_return_13         |  out|    8|  ap_ctrl_hs|  AddRoundKey81|  return value|
|ap_return_14         |  out|    8|  ap_ctrl_hs|  AddRoundKey81|  return value|
|ap_return_15         |  out|    8|  ap_ctrl_hs|  AddRoundKey81|  return value|
|p_read               |   in|    8|     ap_none|         p_read|        scalar|
|p_read1              |   in|    8|     ap_none|        p_read1|        scalar|
|p_read2              |   in|    8|     ap_none|        p_read2|        scalar|
|p_read3              |   in|    8|     ap_none|        p_read3|        scalar|
|p_read4              |   in|    8|     ap_none|        p_read4|        scalar|
|p_read5              |   in|    8|     ap_none|        p_read5|        scalar|
|p_read6              |   in|    8|     ap_none|        p_read6|        scalar|
|p_read7              |   in|    8|     ap_none|        p_read7|        scalar|
|p_read8              |   in|    8|     ap_none|        p_read8|        scalar|
|p_read9              |   in|    8|     ap_none|        p_read9|        scalar|
|p_read10             |   in|    8|     ap_none|       p_read10|        scalar|
|p_read11             |   in|    8|     ap_none|       p_read11|        scalar|
|p_read12             |   in|    8|     ap_none|       p_read12|        scalar|
|p_read13             |   in|    8|     ap_none|       p_read13|        scalar|
|p_read14             |   in|    8|     ap_none|       p_read14|        scalar|
|p_read15             |   in|    8|     ap_none|       p_read15|        scalar|
|RoundKey96_dout      |   in|    8|     ap_fifo|     RoundKey96|       pointer|
|RoundKey96_empty_n   |   in|    1|     ap_fifo|     RoundKey96|       pointer|
|RoundKey96_read      |  out|    1|     ap_fifo|     RoundKey96|       pointer|
|RoundKey97_dout      |   in|    8|     ap_fifo|     RoundKey97|       pointer|
|RoundKey97_empty_n   |   in|    1|     ap_fifo|     RoundKey97|       pointer|
|RoundKey97_read      |  out|    1|     ap_fifo|     RoundKey97|       pointer|
|RoundKey98_dout      |   in|    8|     ap_fifo|     RoundKey98|       pointer|
|RoundKey98_empty_n   |   in|    1|     ap_fifo|     RoundKey98|       pointer|
|RoundKey98_read      |  out|    1|     ap_fifo|     RoundKey98|       pointer|
|RoundKey99_dout      |   in|    8|     ap_fifo|     RoundKey99|       pointer|
|RoundKey99_empty_n   |   in|    1|     ap_fifo|     RoundKey99|       pointer|
|RoundKey99_read      |  out|    1|     ap_fifo|     RoundKey99|       pointer|
|RoundKey100_dout     |   in|    8|     ap_fifo|    RoundKey100|       pointer|
|RoundKey100_empty_n  |   in|    1|     ap_fifo|    RoundKey100|       pointer|
|RoundKey100_read     |  out|    1|     ap_fifo|    RoundKey100|       pointer|
|RoundKey101_dout     |   in|    8|     ap_fifo|    RoundKey101|       pointer|
|RoundKey101_empty_n  |   in|    1|     ap_fifo|    RoundKey101|       pointer|
|RoundKey101_read     |  out|    1|     ap_fifo|    RoundKey101|       pointer|
|RoundKey102_dout     |   in|    8|     ap_fifo|    RoundKey102|       pointer|
|RoundKey102_empty_n  |   in|    1|     ap_fifo|    RoundKey102|       pointer|
|RoundKey102_read     |  out|    1|     ap_fifo|    RoundKey102|       pointer|
|RoundKey103_dout     |   in|    8|     ap_fifo|    RoundKey103|       pointer|
|RoundKey103_empty_n  |   in|    1|     ap_fifo|    RoundKey103|       pointer|
|RoundKey103_read     |  out|    1|     ap_fifo|    RoundKey103|       pointer|
|RoundKey104_dout     |   in|    8|     ap_fifo|    RoundKey104|       pointer|
|RoundKey104_empty_n  |   in|    1|     ap_fifo|    RoundKey104|       pointer|
|RoundKey104_read     |  out|    1|     ap_fifo|    RoundKey104|       pointer|
|RoundKey105_dout     |   in|    8|     ap_fifo|    RoundKey105|       pointer|
|RoundKey105_empty_n  |   in|    1|     ap_fifo|    RoundKey105|       pointer|
|RoundKey105_read     |  out|    1|     ap_fifo|    RoundKey105|       pointer|
|RoundKey106_dout     |   in|    8|     ap_fifo|    RoundKey106|       pointer|
|RoundKey106_empty_n  |   in|    1|     ap_fifo|    RoundKey106|       pointer|
|RoundKey106_read     |  out|    1|     ap_fifo|    RoundKey106|       pointer|
|RoundKey107_dout     |   in|    8|     ap_fifo|    RoundKey107|       pointer|
|RoundKey107_empty_n  |   in|    1|     ap_fifo|    RoundKey107|       pointer|
|RoundKey107_read     |  out|    1|     ap_fifo|    RoundKey107|       pointer|
|RoundKey108_dout     |   in|    8|     ap_fifo|    RoundKey108|       pointer|
|RoundKey108_empty_n  |   in|    1|     ap_fifo|    RoundKey108|       pointer|
|RoundKey108_read     |  out|    1|     ap_fifo|    RoundKey108|       pointer|
|RoundKey109_dout     |   in|    8|     ap_fifo|    RoundKey109|       pointer|
|RoundKey109_empty_n  |   in|    1|     ap_fifo|    RoundKey109|       pointer|
|RoundKey109_read     |  out|    1|     ap_fifo|    RoundKey109|       pointer|
|RoundKey110_dout     |   in|    8|     ap_fifo|    RoundKey110|       pointer|
|RoundKey110_empty_n  |   in|    1|     ap_fifo|    RoundKey110|       pointer|
|RoundKey110_read     |  out|    1|     ap_fifo|    RoundKey110|       pointer|
|RoundKey111_dout     |   in|    8|     ap_fifo|    RoundKey111|       pointer|
|RoundKey111_empty_n  |   in|    1|     ap_fifo|    RoundKey111|       pointer|
|RoundKey111_read     |  out|    1|     ap_fifo|    RoundKey111|       pointer|
+---------------------+-----+-----+------------+---------------+--------------+

