

================================================================
== Vitis HLS Report for 'AddRoundKey57'
================================================================
* Date:           Thu Dec 30 15:47:35 2021

* Version:        2020.2 (Build 3064766 on Wed Nov 18 09:12:45 MST 2020)
* Project:        aes
* Solution:       solution1 (Vivado IP Flow Target)
* Product family: zynq
* Target device:  xc7z020-clg400-1


================================================================
== Performance Estimates
================================================================
+ Timing: 
    * Summary: 
    +--------+----------+----------+------------+
    |  Clock |  Target  | Estimated| Uncertainty|
    +--------+----------+----------+------------+
    |ap_clk  |  10.00 ns|  4.624 ns|     2.70 ns|
    +--------+----------+----------+------------+

+ Latency: 
    * Summary: 
    +---------+---------+----------+----------+-----+-----+---------+
    |  Latency (cycles) |  Latency (absolute) |  Interval | Pipeline|
    |   min   |   max   |    min   |    max   | min | max |   Type  |
    +---------+---------+----------+----------+-----+-----+---------+
    |        0|        0|      0 ns|      0 ns|    0|    0|     none|
    +---------+---------+----------+----------+-----+-----+---------+

    + Detail: 
        * Instance: 
        N/A

        * Loop: 
        N/A



================================================================
== Utilization Estimates
================================================================
* Summary: 
+-----------------+---------+-----+--------+-------+-----+
|       Name      | BRAM_18K| DSP |   FF   |  LUT  | URAM|
+-----------------+---------+-----+--------+-------+-----+
|DSP              |        -|    -|       -|      -|    -|
|Expression       |        -|    -|       0|    130|    -|
|FIFO             |        -|    -|       -|      -|    -|
|Instance         |        -|    -|       -|      -|    -|
|Memory           |        -|    -|       -|      -|    -|
|Multiplexer      |        -|    -|       -|    297|    -|
|Register         |        -|    -|     130|      -|    -|
+-----------------+---------+-----+--------+-------+-----+
|Total            |        0|    0|     130|    427|    0|
+-----------------+---------+-----+--------+-------+-----+
|Available        |      280|  220|  106400|  53200|    0|
+-----------------+---------+-----+--------+-------+-----+
|Utilization (%)  |        0|    0|      ~0|     ~0|    0|
+-----------------+---------+-----+--------+-------+-----+

+ Detail: 
    * Instance: 
    N/A

    * DSP: 
    N/A

    * Memory: 
    N/A

    * FIFO: 
    N/A

    * Expression: 
    +------------------------+----------+----+---+----+------------+------------+
    |      Variable Name     | Operation| DSP| FF| LUT| Bitwidth P0| Bitwidth P1|
    +------------------------+----------+----+---+----+------------+------------+
    |ap_block_state1         |        or|   0|  0|   2|           1|           1|
    |xor_ln68_151_fu_282_p2  |       xor|   0|  0|   8|           8|           8|
    |xor_ln68_152_fu_288_p2  |       xor|   0|  0|   8|           8|           8|
    |xor_ln68_153_fu_294_p2  |       xor|   0|  0|   8|           8|           8|
    |xor_ln68_154_fu_300_p2  |       xor|   0|  0|   8|           8|           8|
    |xor_ln68_155_fu_306_p2  |       xor|   0|  0|   8|           8|           8|
    |xor_ln68_156_fu_312_p2  |       xor|   0|  0|   8|           8|           8|
    |xor_ln68_157_fu_318_p2  |       xor|   0|  0|   8|           8|           8|
    |xor_ln68_158_fu_324_p2  |       xor|   0|  0|   8|           8|           8|
    |xor_ln68_159_fu_330_p2  |       xor|   0|  0|   8|           8|           8|
    |xor_ln68_160_fu_336_p2  |       xor|   0|  0|   8|           8|           8|
    |xor_ln68_161_fu_342_p2  |       xor|   0|  0|   8|           8|           8|
    |xor_ln68_162_fu_348_p2  |       xor|   0|  0|   8|           8|           8|
    |xor_ln68_163_fu_354_p2  |       xor|   0|  0|   8|           8|           8|
    |xor_ln68_164_fu_360_p2  |       xor|   0|  0|   8|           8|           8|
    |xor_ln68_165_fu_366_p2  |       xor|   0|  0|   8|           8|           8|
    |xor_ln68_fu_276_p2      |       xor|   0|  0|   8|           8|           8|
    +------------------------+----------+----+---+----+------------+------------+
    |Total                   |          |   0|  0| 130|         129|         129|
    +------------------------+----------+----+---+----+------------+------------+

    * Multiplexer: 
    +------------------+----+-----------+-----+-----------+
    |       Name       | LUT| Input Size| Bits| Total Bits|
    +------------------+----+-----------+-----+-----------+
    |RoundKey10_blk_n  |   9|          2|    1|          2|
    |RoundKey11_blk_n  |   9|          2|    1|          2|
    |RoundKey12_blk_n  |   9|          2|    1|          2|
    |RoundKey13_blk_n  |   9|          2|    1|          2|
    |RoundKey14_blk_n  |   9|          2|    1|          2|
    |RoundKey15_blk_n  |   9|          2|    1|          2|
    |RoundKey1_blk_n   |   9|          2|    1|          2|
    |RoundKey2_blk_n   |   9|          2|    1|          2|
    |RoundKey3_blk_n   |   9|          2|    1|          2|
    |RoundKey4_blk_n   |   9|          2|    1|          2|
    |RoundKey5_blk_n   |   9|          2|    1|          2|
    |RoundKey6_blk_n   |   9|          2|    1|          2|
    |RoundKey7_blk_n   |   9|          2|    1|          2|
    |RoundKey8_blk_n   |   9|          2|    1|          2|
    |RoundKey9_blk_n   |   9|          2|    1|          2|
    |RoundKey_blk_n    |   9|          2|    1|          2|
    |ap_done           |   9|          2|    1|          2|
    |ap_return_0       |   9|          2|    8|         16|
    |ap_return_1       |   9|          2|    8|         16|
    |ap_return_10      |   9|          2|    8|         16|
    |ap_return_11      |   9|          2|    8|         16|
    |ap_return_12      |   9|          2|    8|         16|
    |ap_return_13      |   9|          2|    8|         16|
    |ap_return_14      |   9|          2|    8|         16|
    |ap_return_15      |   9|          2|    8|         16|
    |ap_return_2       |   9|          2|    8|         16|
    |ap_return_3       |   9|          2|    8|         16|
    |ap_return_4       |   9|          2|    8|         16|
    |ap_return_5       |   9|          2|    8|         16|
    |ap_return_6       |   9|          2|    8|         16|
    |ap_return_7       |   9|          2|    8|         16|
    |ap_return_8       |   9|          2|    8|         16|
    |ap_return_9       |   9|          2|    8|         16|
    +------------------+----+-----------+-----+-----------+
    |Total             | 297|         66|  145|        290|
    +------------------+----+-----------+-----+-----------+

    * Register: 
    +-------------------+---+----+-----+-----------+
    |        Name       | FF| LUT| Bits| Const Bits|
    +-------------------+---+----+-----+-----------+
    |ap_CS_fsm          |  1|   0|    1|          0|
    |ap_done_reg        |  1|   0|    1|          0|
    |ap_return_0_preg   |  8|   0|    8|          0|
    |ap_return_10_preg  |  8|   0|    8|          0|
    |ap_return_11_preg  |  8|   0|    8|          0|
    |ap_return_12_preg  |  8|   0|    8|          0|
    |ap_return_13_preg  |  8|   0|    8|          0|
    |ap_return_14_preg  |  8|   0|    8|          0|
    |ap_return_15_preg  |  8|   0|    8|          0|
    |ap_return_1_preg   |  8|   0|    8|          0|
    |ap_return_2_preg   |  8|   0|    8|          0|
    |ap_return_3_preg   |  8|   0|    8|          0|
    |ap_return_4_preg   |  8|   0|    8|          0|
    |ap_return_5_preg   |  8|   0|    8|          0|
    |ap_return_6_preg   |  8|   0|    8|          0|
    |ap_return_7_preg   |  8|   0|    8|          0|
    |ap_return_8_preg   |  8|   0|    8|          0|
    |ap_return_9_preg   |  8|   0|    8|          0|
    +-------------------+---+----+-----+-----------+
    |Total              |130|   0|  130|          0|
    +-------------------+---+----+-----+-----------+



================================================================
== Interface
================================================================
* Summary: 
+--------------------+-----+-----+------------+---------------+--------------+
|      RTL Ports     | Dir | Bits|  Protocol  | Source Object |    C Type    |
+--------------------+-----+-----+------------+---------------+--------------+
|ap_clk              |   in|    1|  ap_ctrl_hs|  AddRoundKey57|  return value|
|ap_rst              |   in|    1|  ap_ctrl_hs|  AddRoundKey57|  return value|
|ap_start            |   in|    1|  ap_ctrl_hs|  AddRoundKey57|  return value|
|ap_done             |  out|    1|  ap_ctrl_hs|  AddRoundKey57|  return value|
|ap_continue         |   in|    1|  ap_ctrl_hs|  AddRoundKey57|  return value|
|ap_idle             |  out|    1|  ap_ctrl_hs|  AddRoundKey57|  return value|
|ap_ready            |  out|    1|  ap_ctrl_hs|  AddRoundKey57|  return value|
|ap_return_0         |  out|    8|  ap_ctrl_hs|  AddRoundKey57|  return value|
|ap_return_1         |  out|    8|  ap_ctrl_hs|  AddRoundKey57|  return value|
|ap_return_2         |  out|    8|  ap_ctrl_hs|  AddRoundKey57|  return value|
|ap_return_3         |  out|    8|  ap_ctrl_hs|  AddRoundKey57|  return value|
|ap_return_4         |  out|    8|  ap_ctrl_hs|  AddRoundKey57|  return value|
|ap_return_5         |  out|    8|  ap_ctrl_hs|  AddRoundKey57|  return value|
|ap_return_6         |  out|    8|  ap_ctrl_hs|  AddRoundKey57|  return value|
|ap_return_7         |  out|    8|  ap_ctrl_hs|  AddRoundKey57|  return value|
|ap_return_8         |  out|    8|  ap_ctrl_hs|  AddRoundKey57|  return value|
|ap_return_9         |  out|    8|  ap_ctrl_hs|  AddRoundKey57|  return value|
|ap_return_10        |  out|    8|  ap_ctrl_hs|  AddRoundKey57|  return value|
|ap_return_11        |  out|    8|  ap_ctrl_hs|  AddRoundKey57|  return value|
|ap_return_12        |  out|    8|  ap_ctrl_hs|  AddRoundKey57|  return value|
|ap_return_13        |  out|    8|  ap_ctrl_hs|  AddRoundKey57|  return value|
|ap_return_14        |  out|    8|  ap_ctrl_hs|  AddRoundKey57|  return value|
|ap_return_15        |  out|    8|  ap_ctrl_hs|  AddRoundKey57|  return value|
|p_read              |   in|    8|     ap_none|         p_read|        scalar|
|p_read1             |   in|    8|     ap_none|        p_read1|        scalar|
|p_read2             |   in|    8|     ap_none|        p_read2|        scalar|
|p_read3             |   in|    8|     ap_none|        p_read3|        scalar|
|p_read4             |   in|    8|     ap_none|        p_read4|        scalar|
|p_read5             |   in|    8|     ap_none|        p_read5|        scalar|
|p_read6             |   in|    8|     ap_none|        p_read6|        scalar|
|p_read7             |   in|    8|     ap_none|        p_read7|        scalar|
|p_read8             |   in|    8|     ap_none|        p_read8|        scalar|
|p_read9             |   in|    8|     ap_none|        p_read9|        scalar|
|p_read10            |   in|    8|     ap_none|       p_read10|        scalar|
|p_read11            |   in|    8|     ap_none|       p_read11|        scalar|
|p_read12            |   in|    8|     ap_none|       p_read12|        scalar|
|p_read13            |   in|    8|     ap_none|       p_read13|        scalar|
|p_read14            |   in|    8|     ap_none|       p_read14|        scalar|
|p_read15            |   in|    8|     ap_none|       p_read15|        scalar|
|RoundKey_dout       |   in|    8|     ap_fifo|       RoundKey|       pointer|
|RoundKey_empty_n    |   in|    1|     ap_fifo|       RoundKey|       pointer|
|RoundKey_read       |  out|    1|     ap_fifo|       RoundKey|       pointer|
|RoundKey1_dout      |   in|    8|     ap_fifo|      RoundKey1|       pointer|
|RoundKey1_empty_n   |   in|    1|     ap_fifo|      RoundKey1|       pointer|
|RoundKey1_read      |  out|    1|     ap_fifo|      RoundKey1|       pointer|
|RoundKey2_dout      |   in|    8|     ap_fifo|      RoundKey2|       pointer|
|RoundKey2_empty_n   |   in|    1|     ap_fifo|      RoundKey2|       pointer|
|RoundKey2_read      |  out|    1|     ap_fifo|      RoundKey2|       pointer|
|RoundKey3_dout      |   in|    8|     ap_fifo|      RoundKey3|       pointer|
|RoundKey3_empty_n   |   in|    1|     ap_fifo|      RoundKey3|       pointer|
|RoundKey3_read      |  out|    1|     ap_fifo|      RoundKey3|       pointer|
|RoundKey4_dout      |   in|    8|     ap_fifo|      RoundKey4|       pointer|
|RoundKey4_empty_n   |   in|    1|     ap_fifo|      RoundKey4|       pointer|
|RoundKey4_read      |  out|    1|     ap_fifo|      RoundKey4|       pointer|
|RoundKey5_dout      |   in|    8|     ap_fifo|      RoundKey5|       pointer|
|RoundKey5_empty_n   |   in|    1|     ap_fifo|      RoundKey5|       pointer|
|RoundKey5_read      |  out|    1|     ap_fifo|      RoundKey5|       pointer|
|RoundKey6_dout      |   in|    8|     ap_fifo|      RoundKey6|       pointer|
|RoundKey6_empty_n   |   in|    1|     ap_fifo|      RoundKey6|       pointer|
|RoundKey6_read      |  out|    1|     ap_fifo|      RoundKey6|       pointer|
|RoundKey7_dout      |   in|    8|     ap_fifo|      RoundKey7|       pointer|
|RoundKey7_empty_n   |   in|    1|     ap_fifo|      RoundKey7|       pointer|
|RoundKey7_read      |  out|    1|     ap_fifo|      RoundKey7|       pointer|
|RoundKey8_dout      |   in|    8|     ap_fifo|      RoundKey8|       pointer|
|RoundKey8_empty_n   |   in|    1|     ap_fifo|      RoundKey8|       pointer|
|RoundKey8_read      |  out|    1|     ap_fifo|      RoundKey8|       pointer|
|RoundKey9_dout      |   in|    8|     ap_fifo|      RoundKey9|       pointer|
|RoundKey9_empty_n   |   in|    1|     ap_fifo|      RoundKey9|       pointer|
|RoundKey9_read      |  out|    1|     ap_fifo|      RoundKey9|       pointer|
|RoundKey10_dout     |   in|    8|     ap_fifo|     RoundKey10|       pointer|
|RoundKey10_empty_n  |   in|    1|     ap_fifo|     RoundKey10|       pointer|
|RoundKey10_read     |  out|    1|     ap_fifo|     RoundKey10|       pointer|
|RoundKey11_dout     |   in|    8|     ap_fifo|     RoundKey11|       pointer|
|RoundKey11_empty_n  |   in|    1|     ap_fifo|     RoundKey11|       pointer|
|RoundKey11_read     |  out|    1|     ap_fifo|     RoundKey11|       pointer|
|RoundKey12_dout     |   in|    8|     ap_fifo|     RoundKey12|       pointer|
|RoundKey12_empty_n  |   in|    1|     ap_fifo|     RoundKey12|       pointer|
|RoundKey12_read     |  out|    1|     ap_fifo|     RoundKey12|       pointer|
|RoundKey13_dout     |   in|    8|     ap_fifo|     RoundKey13|       pointer|
|RoundKey13_empty_n  |   in|    1|     ap_fifo|     RoundKey13|       pointer|
|RoundKey13_read     |  out|    1|     ap_fifo|     RoundKey13|       pointer|
|RoundKey14_dout     |   in|    8|     ap_fifo|     RoundKey14|       pointer|
|RoundKey14_empty_n  |   in|    1|     ap_fifo|     RoundKey14|       pointer|
|RoundKey14_read     |  out|    1|     ap_fifo|     RoundKey14|       pointer|
|RoundKey15_dout     |   in|    8|     ap_fifo|     RoundKey15|       pointer|
|RoundKey15_empty_n  |   in|    1|     ap_fifo|     RoundKey15|       pointer|
|RoundKey15_read     |  out|    1|     ap_fifo|     RoundKey15|       pointer|
+--------------------+-----+-----+------------+---------------+--------------+

