

================================================================
== Vitis HLS Report for 'AddRoundKey73'
================================================================
* Date:           Thu Dec 30 15:47:45 2021

* Version:        2020.2 (Build 3064766 on Wed Nov 18 09:12:45 MST 2020)
* Project:        aes
* Solution:       solution1 (Vivado IP Flow Target)
* Product family: zynq
* Target device:  xc7z020-clg400-1


================================================================
== Performance Estimates
================================================================
+ Timing: 
    * Summary: 
    +--------+----------+----------+------------+
    |  Clock |  Target  | Estimated| Uncertainty|
    +--------+----------+----------+------------+
    |ap_clk  |  10.00 ns|  4.640 ns|     2.70 ns|
    +--------+----------+----------+------------+

+ Latency: 
    * Summary: 
    +---------+---------+----------+----------+-----+-----+---------+
    |  Latency (cycles) |  Latency (absolute) |  Interval | Pipeline|
    |   min   |   max   |    min   |    max   | min | max |   Type  |
    +---------+---------+----------+----------+-----+-----+---------+
    |        0|        0|      0 ns|      0 ns|    0|    0|     none|
    +---------+---------+----------+----------+-----+-----+---------+

    + Detail: 
        * Instance: 
        N/A

        * Loop: 
        N/A



================================================================
== Utilization Estimates
================================================================
* Summary: 
+-----------------+---------+-----+--------+-------+-----+
|       Name      | BRAM_18K| DSP |   FF   |  LUT  | URAM|
+-----------------+---------+-----+--------+-------+-----+
|DSP              |        -|    -|       -|      -|    -|
|Expression       |        -|    -|       0|    130|    -|
|FIFO             |        -|    -|       -|      -|    -|
|Instance         |        -|    -|       -|      -|    -|
|Memory           |        -|    -|       -|      -|    -|
|Multiplexer      |        -|    -|       -|    297|    -|
|Register         |        -|    -|     130|      -|    -|
+-----------------+---------+-----+--------+-------+-----+
|Total            |        0|    0|     130|    427|    0|
+-----------------+---------+-----+--------+-------+-----+
|Available        |      280|  220|  106400|  53200|    0|
+-----------------+---------+-----+--------+-------+-----+
|Utilization (%)  |        0|    0|      ~0|     ~0|    0|
+-----------------+---------+-----+--------+-------+-----+

+ Detail: 
    * Instance: 
    N/A

    * DSP: 
    N/A

    * Memory: 
    N/A

    * FIFO: 
    N/A

    * Expression: 
    +------------------------+----------+----+---+----+------------+------------+
    |      Variable Name     | Operation| DSP| FF| LUT| Bitwidth P0| Bitwidth P1|
    +------------------------+----------+----+---+----+------------+------------+
    |ap_block_state1         |        or|   0|  0|   2|           1|           1|
    |xor_ln68_100_fu_336_p2  |       xor|   0|  0|   8|           8|           8|
    |xor_ln68_101_fu_342_p2  |       xor|   0|  0|   8|           8|           8|
    |xor_ln68_102_fu_348_p2  |       xor|   0|  0|   8|           8|           8|
    |xor_ln68_103_fu_354_p2  |       xor|   0|  0|   8|           8|           8|
    |xor_ln68_104_fu_360_p2  |       xor|   0|  0|   8|           8|           8|
    |xor_ln68_105_fu_366_p2  |       xor|   0|  0|   8|           8|           8|
    |xor_ln68_91_fu_282_p2   |       xor|   0|  0|   8|           8|           8|
    |xor_ln68_92_fu_288_p2   |       xor|   0|  0|   8|           8|           8|
    |xor_ln68_93_fu_294_p2   |       xor|   0|  0|   8|           8|           8|
    |xor_ln68_94_fu_300_p2   |       xor|   0|  0|   8|           8|           8|
    |xor_ln68_95_fu_306_p2   |       xor|   0|  0|   8|           8|           8|
    |xor_ln68_96_fu_312_p2   |       xor|   0|  0|   8|           8|           8|
    |xor_ln68_97_fu_318_p2   |       xor|   0|  0|   8|           8|           8|
    |xor_ln68_98_fu_324_p2   |       xor|   0|  0|   8|           8|           8|
    |xor_ln68_99_fu_330_p2   |       xor|   0|  0|   8|           8|           8|
    |xor_ln68_fu_276_p2      |       xor|   0|  0|   8|           8|           8|
    +------------------------+----------+----+---+----+------------+------------+
    |Total                   |          |   0|  0| 130|         129|         129|
    +------------------------+----------+----+---+----+------------+------------+

    * Multiplexer: 
    +------------------+----+-----------+-----+-----------+
    |       Name       | LUT| Input Size| Bits| Total Bits|
    +------------------+----+-----------+-----+-----------+
    |RoundKey64_blk_n  |   9|          2|    1|          2|
    |RoundKey65_blk_n  |   9|          2|    1|          2|
    |RoundKey66_blk_n  |   9|          2|    1|          2|
    |RoundKey67_blk_n  |   9|          2|    1|          2|
    |RoundKey68_blk_n  |   9|          2|    1|          2|
    |RoundKey69_blk_n  |   9|          2|    1|          2|
    |RoundKey70_blk_n  |   9|          2|    1|          2|
    |RoundKey71_blk_n  |   9|          2|    1|          2|
    |RoundKey72_blk_n  |   9|          2|    1|          2|
    |RoundKey73_blk_n  |   9|          2|    1|          2|
    |RoundKey74_blk_n  |   9|          2|    1|          2|
    |RoundKey75_blk_n  |   9|          2|    1|          2|
    |RoundKey76_blk_n  |   9|          2|    1|          2|
    |RoundKey77_blk_n  |   9|          2|    1|          2|
    |RoundKey78_blk_n  |   9|          2|    1|          2|
    |RoundKey79_blk_n  |   9|          2|    1|          2|
    |ap_done           |   9|          2|    1|          2|
    |ap_return_0       |   9|          2|    8|         16|
    |ap_return_1       |   9|          2|    8|         16|
    |ap_return_10      |   9|          2|    8|         16|
    |ap_return_11      |   9|          2|    8|         16|
    |ap_return_12      |   9|          2|    8|         16|
    |ap_return_13      |   9|          2|    8|         16|
    |ap_return_14      |   9|          2|    8|         16|
    |ap_return_15      |   9|          2|    8|         16|
    |ap_return_2       |   9|          2|    8|         16|
    |ap_return_3       |   9|          2|    8|         16|
    |ap_return_4       |   9|          2|    8|         16|
    |ap_return_5       |   9|          2|    8|         16|
    |ap_return_6       |   9|          2|    8|         16|
    |ap_return_7       |   9|          2|    8|         16|
    |ap_return_8       |   9|          2|    8|         16|
    |ap_return_9       |   9|          2|    8|         16|
    +------------------+----+-----------+-----+-----------+
    |Total             | 297|         66|  145|        290|
    +------------------+----+-----------+-----+-----------+

    * Register: 
    +-------------------+---+----+-----+-----------+
    |        Name       | FF| LUT| Bits| Const Bits|
    +-------------------+---+----+-----+-----------+
    |ap_CS_fsm          |  1|   0|    1|          0|
    |ap_done_reg        |  1|   0|    1|          0|
    |ap_return_0_preg   |  8|   0|    8|          0|
    |ap_return_10_preg  |  8|   0|    8|          0|
    |ap_return_11_preg  |  8|   0|    8|          0|
    |ap_return_12_preg  |  8|   0|    8|          0|
    |ap_return_13_preg  |  8|   0|    8|          0|
    |ap_return_14_preg  |  8|   0|    8|          0|
    |ap_return_15_preg  |  8|   0|    8|          0|
    |ap_return_1_preg   |  8|   0|    8|          0|
    |ap_return_2_preg   |  8|   0|    8|          0|
    |ap_return_3_preg   |  8|   0|    8|          0|
    |ap_return_4_preg   |  8|   0|    8|          0|
    |ap_return_5_preg   |  8|   0|    8|          0|
    |ap_return_6_preg   |  8|   0|    8|          0|
    |ap_return_7_preg   |  8|   0|    8|          0|
    |ap_return_8_preg   |  8|   0|    8|          0|
    |ap_return_9_preg   |  8|   0|    8|          0|
    +-------------------+---+----+-----+-----------+
    |Total              |130|   0|  130|          0|
    +-------------------+---+----+-----+-----------+



================================================================
== Interface
================================================================
* Summary: 
+--------------------+-----+-----+------------+---------------+--------------+
|      RTL Ports     | Dir | Bits|  Protocol  | Source Object |    C Type    |
+--------------------+-----+-----+------------+---------------+--------------+
|ap_clk              |   in|    1|  ap_ctrl_hs|  AddRoundKey73|  return value|
|ap_rst              |   in|    1|  ap_ctrl_hs|  AddRoundKey73|  return value|
|ap_start            |   in|    1|  ap_ctrl_hs|  AddRoundKey73|  return value|
|ap_done             |  out|    1|  ap_ctrl_hs|  AddRoundKey73|  return value|
|ap_continue         |   in|    1|  ap_ctrl_hs|  AddRoundKey73|  return value|
|ap_idle             |  out|    1|  ap_ctrl_hs|  AddRoundKey73|  return value|
|ap_ready            |  out|    1|  ap_ctrl_hs|  AddRoundKey73|  return value|
|ap_return_0         |  out|    8|  ap_ctrl_hs|  AddRoundKey73|  return value|
|ap_return_1         |  out|    8|  ap_ctrl_hs|  AddRoundKey73|  return value|
|ap_return_2         |  out|    8|  ap_ctrl_hs|  AddRoundKey73|  return value|
|ap_return_3         |  out|    8|  ap_ctrl_hs|  AddRoundKey73|  return value|
|ap_return_4         |  out|    8|  ap_ctrl_hs|  AddRoundKey73|  return value|
|ap_return_5         |  out|    8|  ap_ctrl_hs|  AddRoundKey73|  return value|
|ap_return_6         |  out|    8|  ap_ctrl_hs|  AddRoundKey73|  return value|
|ap_return_7         |  out|    8|  ap_ctrl_hs|  AddRoundKey73|  return value|
|ap_return_8         |  out|    8|  ap_ctrl_hs|  AddRoundKey73|  return value|
|ap_return_9         |  out|    8|  ap_ctrl_hs|  AddRoundKey73|  return value|
|ap_return_10        |  out|    8|  ap_ctrl_hs|  AddRoundKey73|  return value|
|ap_return_11        |  out|    8|  ap_ctrl_hs|  AddRoundKey73|  return value|
|ap_return_12        |  out|    8|  ap_ctrl_hs|  AddRoundKey73|  return value|
|ap_return_13        |  out|    8|  ap_ctrl_hs|  AddRoundKey73|  return value|
|ap_return_14        |  out|    8|  ap_ctrl_hs|  AddRoundKey73|  return value|
|ap_return_15        |  out|    8|  ap_ctrl_hs|  AddRoundKey73|  return value|
|p_read              |   in|    8|     ap_none|         p_read|        scalar|
|p_read1             |   in|    8|     ap_none|        p_read1|        scalar|
|p_read2             |   in|    8|     ap_none|        p_read2|        scalar|
|p_read3             |   in|    8|     ap_none|        p_read3|        scalar|
|p_read4             |   in|    8|     ap_none|        p_read4|        scalar|
|p_read5             |   in|    8|     ap_none|        p_read5|        scalar|
|p_read6             |   in|    8|     ap_none|        p_read6|        scalar|
|p_read7             |   in|    8|     ap_none|        p_read7|        scalar|
|p_read8             |   in|    8|     ap_none|        p_read8|        scalar|
|p_read9             |   in|    8|     ap_none|        p_read9|        scalar|
|p_read10            |   in|    8|     ap_none|       p_read10|        scalar|
|p_read11            |   in|    8|     ap_none|       p_read11|        scalar|
|p_read12            |   in|    8|     ap_none|       p_read12|        scalar|
|p_read13            |   in|    8|     ap_none|       p_read13|        scalar|
|p_read14            |   in|    8|     ap_none|       p_read14|        scalar|
|p_read15            |   in|    8|     ap_none|       p_read15|        scalar|
|RoundKey64_dout     |   in|    8|     ap_fifo|     RoundKey64|       pointer|
|RoundKey64_empty_n  |   in|    1|     ap_fifo|     RoundKey64|       pointer|
|RoundKey64_read     |  out|    1|     ap_fifo|     RoundKey64|       pointer|
|RoundKey65_dout     |   in|    8|     ap_fifo|     RoundKey65|       pointer|
|RoundKey65_empty_n  |   in|    1|     ap_fifo|     RoundKey65|       pointer|
|RoundKey65_read     |  out|    1|     ap_fifo|     RoundKey65|       pointer|
|RoundKey66_dout     |   in|    8|     ap_fifo|     RoundKey66|       pointer|
|RoundKey66_empty_n  |   in|    1|     ap_fifo|     RoundKey66|       pointer|
|RoundKey66_read     |  out|    1|     ap_fifo|     RoundKey66|       pointer|
|RoundKey67_dout     |   in|    8|     ap_fifo|     RoundKey67|       pointer|
|RoundKey67_empty_n  |   in|    1|     ap_fifo|     RoundKey67|       pointer|
|RoundKey67_read     |  out|    1|     ap_fifo|     RoundKey67|       pointer|
|RoundKey68_dout     |   in|    8|     ap_fifo|     RoundKey68|       pointer|
|RoundKey68_empty_n  |   in|    1|     ap_fifo|     RoundKey68|       pointer|
|RoundKey68_read     |  out|    1|     ap_fifo|     RoundKey68|       pointer|
|RoundKey69_dout     |   in|    8|     ap_fifo|     RoundKey69|       pointer|
|RoundKey69_empty_n  |   in|    1|     ap_fifo|     RoundKey69|       pointer|
|RoundKey69_read     |  out|    1|     ap_fifo|     RoundKey69|       pointer|
|RoundKey70_dout     |   in|    8|     ap_fifo|     RoundKey70|       pointer|
|RoundKey70_empty_n  |   in|    1|     ap_fifo|     RoundKey70|       pointer|
|RoundKey70_read     |  out|    1|     ap_fifo|     RoundKey70|       pointer|
|RoundKey71_dout     |   in|    8|     ap_fifo|     RoundKey71|       pointer|
|RoundKey71_empty_n  |   in|    1|     ap_fifo|     RoundKey71|       pointer|
|RoundKey71_read     |  out|    1|     ap_fifo|     RoundKey71|       pointer|
|RoundKey72_dout     |   in|    8|     ap_fifo|     RoundKey72|       pointer|
|RoundKey72_empty_n  |   in|    1|     ap_fifo|     RoundKey72|       pointer|
|RoundKey72_read     |  out|    1|     ap_fifo|     RoundKey72|       pointer|
|RoundKey73_dout     |   in|    8|     ap_fifo|     RoundKey73|       pointer|
|RoundKey73_empty_n  |   in|    1|     ap_fifo|     RoundKey73|       pointer|
|RoundKey73_read     |  out|    1|     ap_fifo|     RoundKey73|       pointer|
|RoundKey74_dout     |   in|    8|     ap_fifo|     RoundKey74|       pointer|
|RoundKey74_empty_n  |   in|    1|     ap_fifo|     RoundKey74|       pointer|
|RoundKey74_read     |  out|    1|     ap_fifo|     RoundKey74|       pointer|
|RoundKey75_dout     |   in|    8|     ap_fifo|     RoundKey75|       pointer|
|RoundKey75_empty_n  |   in|    1|     ap_fifo|     RoundKey75|       pointer|
|RoundKey75_read     |  out|    1|     ap_fifo|     RoundKey75|       pointer|
|RoundKey76_dout     |   in|    8|     ap_fifo|     RoundKey76|       pointer|
|RoundKey76_empty_n  |   in|    1|     ap_fifo|     RoundKey76|       pointer|
|RoundKey76_read     |  out|    1|     ap_fifo|     RoundKey76|       pointer|
|RoundKey77_dout     |   in|    8|     ap_fifo|     RoundKey77|       pointer|
|RoundKey77_empty_n  |   in|    1|     ap_fifo|     RoundKey77|       pointer|
|RoundKey77_read     |  out|    1|     ap_fifo|     RoundKey77|       pointer|
|RoundKey78_dout     |   in|    8|     ap_fifo|     RoundKey78|       pointer|
|RoundKey78_empty_n  |   in|    1|     ap_fifo|     RoundKey78|       pointer|
|RoundKey78_read     |  out|    1|     ap_fifo|     RoundKey78|       pointer|
|RoundKey79_dout     |   in|    8|     ap_fifo|     RoundKey79|       pointer|
|RoundKey79_empty_n  |   in|    1|     ap_fifo|     RoundKey79|       pointer|
|RoundKey79_read     |  out|    1|     ap_fifo|     RoundKey79|       pointer|
+--------------------+-----+-----+------------+---------------+--------------+

