

================================================================
== Vitis HLS Report for 'AddRoundKey85'
================================================================
* Date:           Thu Dec 30 15:47:53 2021

* Version:        2020.2 (Build 3064766 on Wed Nov 18 09:12:45 MST 2020)
* Project:        aes
* Solution:       solution1 (Vivado IP Flow Target)
* Product family: zynq
* Target device:  xc7z020-clg400-1


================================================================
== Performance Estimates
================================================================
+ Timing: 
    * Summary: 
    +--------+----------+----------+------------+
    |  Clock |  Target  | Estimated| Uncertainty|
    +--------+----------+----------+------------+
    |ap_clk  |  10.00 ns|  4.640 ns|     2.70 ns|
    +--------+----------+----------+------------+

+ Latency: 
    * Summary: 
    +---------+---------+----------+----------+-----+-----+---------+
    |  Latency (cycles) |  Latency (absolute) |  Interval | Pipeline|
    |   min   |   max   |    min   |    max   | min | max |   Type  |
    +---------+---------+----------+----------+-----+-----+---------+
    |        0|        0|      0 ns|      0 ns|    0|    0|     none|
    +---------+---------+----------+----------+-----+-----+---------+

    + Detail: 
        * Instance: 
        N/A

        * Loop: 
        N/A



================================================================
== Utilization Estimates
================================================================
* Summary: 
+-----------------+---------+-----+--------+-------+-----+
|       Name      | BRAM_18K| DSP |   FF   |  LUT  | URAM|
+-----------------+---------+-----+--------+-------+-----+
|DSP              |        -|    -|       -|      -|    -|
|Expression       |        -|    -|       0|    130|    -|
|FIFO             |        -|    -|       -|      -|    -|
|Instance         |        -|    -|       -|      -|    -|
|Memory           |        -|    -|       -|      -|    -|
|Multiplexer      |        -|    -|       -|    297|    -|
|Register         |        -|    -|     130|      -|    -|
+-----------------+---------+-----+--------+-------+-----+
|Total            |        0|    0|     130|    427|    0|
+-----------------+---------+-----+--------+-------+-----+
|Available        |      280|  220|  106400|  53200|    0|
+-----------------+---------+-----+--------+-------+-----+
|Utilization (%)  |        0|    0|      ~0|     ~0|    0|
+-----------------+---------+-----+--------+-------+-----+

+ Detail: 
    * Instance: 
    N/A

    * DSP: 
    N/A

    * Memory: 
    N/A

    * FIFO: 
    N/A

    * Expression: 
    +-----------------------+----------+----+---+----+------------+------------+
    |     Variable Name     | Operation| DSP| FF| LUT| Bitwidth P0| Bitwidth P1|
    +-----------------------+----------+----+---+----+------------+------------+
    |ap_block_state1        |        or|   0|  0|   2|           1|           1|
    |xor_ln68_46_fu_282_p2  |       xor|   0|  0|   8|           8|           8|
    |xor_ln68_47_fu_288_p2  |       xor|   0|  0|   8|           8|           8|
    |xor_ln68_48_fu_294_p2  |       xor|   0|  0|   8|           8|           8|
    |xor_ln68_49_fu_300_p2  |       xor|   0|  0|   8|           8|           8|
    |xor_ln68_50_fu_306_p2  |       xor|   0|  0|   8|           8|           8|
    |xor_ln68_51_fu_312_p2  |       xor|   0|  0|   8|           8|           8|
    |xor_ln68_52_fu_318_p2  |       xor|   0|  0|   8|           8|           8|
    |xor_ln68_53_fu_324_p2  |       xor|   0|  0|   8|           8|           8|
    |xor_ln68_54_fu_330_p2  |       xor|   0|  0|   8|           8|           8|
    |xor_ln68_55_fu_336_p2  |       xor|   0|  0|   8|           8|           8|
    |xor_ln68_56_fu_342_p2  |       xor|   0|  0|   8|           8|           8|
    |xor_ln68_57_fu_348_p2  |       xor|   0|  0|   8|           8|           8|
    |xor_ln68_58_fu_354_p2  |       xor|   0|  0|   8|           8|           8|
    |xor_ln68_59_fu_360_p2  |       xor|   0|  0|   8|           8|           8|
    |xor_ln68_60_fu_366_p2  |       xor|   0|  0|   8|           8|           8|
    |xor_ln68_fu_276_p2     |       xor|   0|  0|   8|           8|           8|
    +-----------------------+----------+----+---+----+------------+------------+
    |Total                  |          |   0|  0| 130|         129|         129|
    +-----------------------+----------+----+---+----+------------+------------+

    * Multiplexer: 
    +-------------------+----+-----------+-----+-----------+
    |        Name       | LUT| Input Size| Bits| Total Bits|
    +-------------------+----+-----------+-----+-----------+
    |RoundKey112_blk_n  |   9|          2|    1|          2|
    |RoundKey113_blk_n  |   9|          2|    1|          2|
    |RoundKey114_blk_n  |   9|          2|    1|          2|
    |RoundKey115_blk_n  |   9|          2|    1|          2|
    |RoundKey116_blk_n  |   9|          2|    1|          2|
    |RoundKey117_blk_n  |   9|          2|    1|          2|
    |RoundKey118_blk_n  |   9|          2|    1|          2|
    |RoundKey119_blk_n  |   9|          2|    1|          2|
    |RoundKey120_blk_n  |   9|          2|    1|          2|
    |RoundKey121_blk_n  |   9|          2|    1|          2|
    |RoundKey122_blk_n  |   9|          2|    1|          2|
    |RoundKey123_blk_n  |   9|          2|    1|          2|
    |RoundKey124_blk_n  |   9|          2|    1|          2|
    |RoundKey125_blk_n  |   9|          2|    1|          2|
    |RoundKey126_blk_n  |   9|          2|    1|          2|
    |RoundKey127_blk_n  |   9|          2|    1|          2|
    |ap_done            |   9|          2|    1|          2|
    |ap_return_0        |   9|          2|    8|         16|
    |ap_return_1        |   9|          2|    8|         16|
    |ap_return_10       |   9|          2|    8|         16|
    |ap_return_11       |   9|          2|    8|         16|
    |ap_return_12       |   9|          2|    8|         16|
    |ap_return_13       |   9|          2|    8|         16|
    |ap_return_14       |   9|          2|    8|         16|
    |ap_return_15       |   9|          2|    8|         16|
    |ap_return_2        |   9|          2|    8|         16|
    |ap_return_3        |   9|          2|    8|         16|
    |ap_return_4        |   9|          2|    8|         16|
    |ap_return_5        |   9|          2|    8|         16|
    |ap_return_6        |   9|          2|    8|         16|
    |ap_return_7        |   9|          2|    8|         16|
    |ap_return_8        |   9|          2|    8|         16|
    |ap_return_9        |   9|          2|    8|         16|
    +-------------------+----+-----------+-----+-----------+
    |Total              | 297|         66|  145|        290|
    +-------------------+----+-----------+-----+-----------+

    * Register: 
    +-------------------+---+----+-----+-----------+
    |        Name       | FF| LUT| Bits| Const Bits|
    +-------------------+---+----+-----+-----------+
    |ap_CS_fsm          |  1|   0|    1|          0|
    |ap_done_reg        |  1|   0|    1|          0|
    |ap_return_0_preg   |  8|   0|    8|          0|
    |ap_return_10_preg  |  8|   0|    8|          0|
    |ap_return_11_preg  |  8|   0|    8|          0|
    |ap_return_12_preg  |  8|   0|    8|          0|
    |ap_return_13_preg  |  8|   0|    8|          0|
    |ap_return_14_preg  |  8|   0|    8|          0|
    |ap_return_15_preg  |  8|   0|    8|          0|
    |ap_return_1_preg   |  8|   0|    8|          0|
    |ap_return_2_preg   |  8|   0|    8|          0|
    |ap_return_3_preg   |  8|   0|    8|          0|
    |ap_return_4_preg   |  8|   0|    8|          0|
    |ap_return_5_preg   |  8|   0|    8|          0|
    |ap_return_6_preg   |  8|   0|    8|          0|
    |ap_return_7_preg   |  8|   0|    8|          0|
    |ap_return_8_preg   |  8|   0|    8|          0|
    |ap_return_9_preg   |  8|   0|    8|          0|
    +-------------------+---+----+-----+-----------+
    |Total              |130|   0|  130|          0|
    +-------------------+---+----+-----+-----------+



================================================================
== Interface
================================================================
* Summary: 
+---------------------+-----+-----+------------+---------------+--------------+
|      RTL Ports      | Dir | Bits|  Protocol  | Source Object |    C Type    |
+---------------------+-----+-----+------------+---------------+--------------+
|ap_clk               |   in|    1|  ap_ctrl_hs|  AddRoundKey85|  return value|
|ap_rst               |   in|    1|  ap_ctrl_hs|  AddRoundKey85|  return value|
|ap_start             |   in|    1|  ap_ctrl_hs|  AddRoundKey85|  return value|
|ap_done              |  out|    1|  ap_ctrl_hs|  AddRoundKey85|  return value|
|ap_continue          |   in|    1|  ap_ctrl_hs|  AddRoundKey85|  return value|
|ap_idle              |  out|    1|  ap_ctrl_hs|  AddRoundKey85|  return value|
|ap_ready             |  out|    1|  ap_ctrl_hs|  AddRoundKey85|  return value|
|ap_return_0          |  out|    8|  ap_ctrl_hs|  AddRoundKey85|  return value|
|ap_return_1          |  out|    8|  ap_ctrl_hs|  AddRoundKey85|  return value|
|ap_return_2          |  out|    8|  ap_ctrl_hs|  AddRoundKey85|  return value|
|ap_return_3          |  out|    8|  ap_ctrl_hs|  AddRoundKey85|  return value|
|ap_return_4          |  out|    8|  ap_ctrl_hs|  AddRoundKey85|  return value|
|ap_return_5          |  out|    8|  ap_ctrl_hs|  AddRoundKey85|  return value|
|ap_return_6          |  out|    8|  ap_ctrl_hs|  AddRoundKey85|  return value|
|ap_return_7          |  out|    8|  ap_ctrl_hs|  AddRoundKey85|  return value|
|ap_return_8          |  out|    8|  ap_ctrl_hs|  AddRoundKey85|  return value|
|ap_return_9          |  out|    8|  ap_ctrl_hs|  AddRoundKey85|  return value|
|ap_return_10         |  out|    8|  ap_ctrl_hs|  AddRoundKey85|  return value|
|ap_return_11         |  out|    8|  ap_ctrl_hs|  AddRoundKey85|  return value|
|ap_return_12         |  out|    8|  ap_ctrl_hs|  AddRoundKey85|  return value|
|ap_return_13         |  out|    8|  ap_ctrl_hs|  AddRoundKey85|  return value|
|ap_return_14         |  out|    8|  ap_ctrl_hs|  AddRoundKey85|  return value|
|ap_return_15         |  out|    8|  ap_ctrl_hs|  AddRoundKey85|  return value|
|p_read               |   in|    8|     ap_none|         p_read|        scalar|
|p_read1              |   in|    8|     ap_none|        p_read1|        scalar|
|p_read2              |   in|    8|     ap_none|        p_read2|        scalar|
|p_read3              |   in|    8|     ap_none|        p_read3|        scalar|
|p_read4              |   in|    8|     ap_none|        p_read4|        scalar|
|p_read5              |   in|    8|     ap_none|        p_read5|        scalar|
|p_read6              |   in|    8|     ap_none|        p_read6|        scalar|
|p_read7              |   in|    8|     ap_none|        p_read7|        scalar|
|p_read8              |   in|    8|     ap_none|        p_read8|        scalar|
|p_read9              |   in|    8|     ap_none|        p_read9|        scalar|
|p_read10             |   in|    8|     ap_none|       p_read10|        scalar|
|p_read11             |   in|    8|     ap_none|       p_read11|        scalar|
|p_read12             |   in|    8|     ap_none|       p_read12|        scalar|
|p_read13             |   in|    8|     ap_none|       p_read13|        scalar|
|p_read14             |   in|    8|     ap_none|       p_read14|        scalar|
|p_read15             |   in|    8|     ap_none|       p_read15|        scalar|
|RoundKey112_dout     |   in|    8|     ap_fifo|    RoundKey112|       pointer|
|RoundKey112_empty_n  |   in|    1|     ap_fifo|    RoundKey112|       pointer|
|RoundKey112_read     |  out|    1|     ap_fifo|    RoundKey112|       pointer|
|RoundKey113_dout     |   in|    8|     ap_fifo|    RoundKey113|       pointer|
|RoundKey113_empty_n  |   in|    1|     ap_fifo|    RoundKey113|       pointer|
|RoundKey113_read     |  out|    1|     ap_fifo|    RoundKey113|       pointer|
|RoundKey114_dout     |   in|    8|     ap_fifo|    RoundKey114|       pointer|
|RoundKey114_empty_n  |   in|    1|     ap_fifo|    RoundKey114|       pointer|
|RoundKey114_read     |  out|    1|     ap_fifo|    RoundKey114|       pointer|
|RoundKey115_dout     |   in|    8|     ap_fifo|    RoundKey115|       pointer|
|RoundKey115_empty_n  |   in|    1|     ap_fifo|    RoundKey115|       pointer|
|RoundKey115_read     |  out|    1|     ap_fifo|    RoundKey115|       pointer|
|RoundKey116_dout     |   in|    8|     ap_fifo|    RoundKey116|       pointer|
|RoundKey116_empty_n  |   in|    1|     ap_fifo|    RoundKey116|       pointer|
|RoundKey116_read     |  out|    1|     ap_fifo|    RoundKey116|       pointer|
|RoundKey117_dout     |   in|    8|     ap_fifo|    RoundKey117|       pointer|
|RoundKey117_empty_n  |   in|    1|     ap_fifo|    RoundKey117|       pointer|
|RoundKey117_read     |  out|    1|     ap_fifo|    RoundKey117|       pointer|
|RoundKey118_dout     |   in|    8|     ap_fifo|    RoundKey118|       pointer|
|RoundKey118_empty_n  |   in|    1|     ap_fifo|    RoundKey118|       pointer|
|RoundKey118_read     |  out|    1|     ap_fifo|    RoundKey118|       pointer|
|RoundKey119_dout     |   in|    8|     ap_fifo|    RoundKey119|       pointer|
|RoundKey119_empty_n  |   in|    1|     ap_fifo|    RoundKey119|       pointer|
|RoundKey119_read     |  out|    1|     ap_fifo|    RoundKey119|       pointer|
|RoundKey120_dout     |   in|    8|     ap_fifo|    RoundKey120|       pointer|
|RoundKey120_empty_n  |   in|    1|     ap_fifo|    RoundKey120|       pointer|
|RoundKey120_read     |  out|    1|     ap_fifo|    RoundKey120|       pointer|
|RoundKey121_dout     |   in|    8|     ap_fifo|    RoundKey121|       pointer|
|RoundKey121_empty_n  |   in|    1|     ap_fifo|    RoundKey121|       pointer|
|RoundKey121_read     |  out|    1|     ap_fifo|    RoundKey121|       pointer|
|RoundKey122_dout     |   in|    8|     ap_fifo|    RoundKey122|       pointer|
|RoundKey122_empty_n  |   in|    1|     ap_fifo|    RoundKey122|       pointer|
|RoundKey122_read     |  out|    1|     ap_fifo|    RoundKey122|       pointer|
|RoundKey123_dout     |   in|    8|     ap_fifo|    RoundKey123|       pointer|
|RoundKey123_empty_n  |   in|    1|     ap_fifo|    RoundKey123|       pointer|
|RoundKey123_read     |  out|    1|     ap_fifo|    RoundKey123|       pointer|
|RoundKey124_dout     |   in|    8|     ap_fifo|    RoundKey124|       pointer|
|RoundKey124_empty_n  |   in|    1|     ap_fifo|    RoundKey124|       pointer|
|RoundKey124_read     |  out|    1|     ap_fifo|    RoundKey124|       pointer|
|RoundKey125_dout     |   in|    8|     ap_fifo|    RoundKey125|       pointer|
|RoundKey125_empty_n  |   in|    1|     ap_fifo|    RoundKey125|       pointer|
|RoundKey125_read     |  out|    1|     ap_fifo|    RoundKey125|       pointer|
|RoundKey126_dout     |   in|    8|     ap_fifo|    RoundKey126|       pointer|
|RoundKey126_empty_n  |   in|    1|     ap_fifo|    RoundKey126|       pointer|
|RoundKey126_read     |  out|    1|     ap_fifo|    RoundKey126|       pointer|
|RoundKey127_dout     |   in|    8|     ap_fifo|    RoundKey127|       pointer|
|RoundKey127_empty_n  |   in|    1|     ap_fifo|    RoundKey127|       pointer|
|RoundKey127_read     |  out|    1|     ap_fifo|    RoundKey127|       pointer|
+---------------------+-----+-----+------------+---------------+--------------+

