

================================================================
== Vitis HLS Report for 'AddRoundKey77'
================================================================
* Date:           Thu Dec 30 15:47:48 2021

* Version:        2020.2 (Build 3064766 on Wed Nov 18 09:12:45 MST 2020)
* Project:        aes
* Solution:       solution1 (Vivado IP Flow Target)
* Product family: zynq
* Target device:  xc7z020-clg400-1


================================================================
== Performance Estimates
================================================================
+ Timing: 
    * Summary: 
    +--------+----------+----------+------------+
    |  Clock |  Target  | Estimated| Uncertainty|
    +--------+----------+----------+------------+
    |ap_clk  |  10.00 ns|  4.640 ns|     2.70 ns|
    +--------+----------+----------+------------+

+ Latency: 
    * Summary: 
    +---------+---------+----------+----------+-----+-----+---------+
    |  Latency (cycles) |  Latency (absolute) |  Interval | Pipeline|
    |   min   |   max   |    min   |    max   | min | max |   Type  |
    +---------+---------+----------+----------+-----+-----+---------+
    |        0|        0|      0 ns|      0 ns|    0|    0|     none|
    +---------+---------+----------+----------+-----+-----+---------+

    + Detail: 
        * Instance: 
        N/A

        * Loop: 
        N/A



================================================================
== Utilization Estimates
================================================================
* Summary: 
+-----------------+---------+-----+--------+-------+-----+
|       Name      | BRAM_18K| DSP |   FF   |  LUT  | URAM|
+-----------------+---------+-----+--------+-------+-----+
|DSP              |        -|    -|       -|      -|    -|
|Expression       |        -|    -|       0|    130|    -|
|FIFO             |        -|    -|       -|      -|    -|
|Instance         |        -|    -|       -|      -|    -|
|Memory           |        -|    -|       -|      -|    -|
|Multiplexer      |        -|    -|       -|    297|    -|
|Register         |        -|    -|     130|      -|    -|
+-----------------+---------+-----+--------+-------+-----+
|Total            |        0|    0|     130|    427|    0|
+-----------------+---------+-----+--------+-------+-----+
|Available        |      280|  220|  106400|  53200|    0|
+-----------------+---------+-----+--------+-------+-----+
|Utilization (%)  |        0|    0|      ~0|     ~0|    0|
+-----------------+---------+-----+--------+-------+-----+

+ Detail: 
    * Instance: 
    N/A

    * DSP: 
    N/A

    * Memory: 
    N/A

    * FIFO: 
    N/A

    * Expression: 
    +-----------------------+----------+----+---+----+------------+------------+
    |     Variable Name     | Operation| DSP| FF| LUT| Bitwidth P0| Bitwidth P1|
    +-----------------------+----------+----+---+----+------------+------------+
    |ap_block_state1        |        or|   0|  0|   2|           1|           1|
    |xor_ln68_76_fu_282_p2  |       xor|   0|  0|   8|           8|           8|
    |xor_ln68_77_fu_288_p2  |       xor|   0|  0|   8|           8|           8|
    |xor_ln68_78_fu_294_p2  |       xor|   0|  0|   8|           8|           8|
    |xor_ln68_79_fu_300_p2  |       xor|   0|  0|   8|           8|           8|
    |xor_ln68_80_fu_306_p2  |       xor|   0|  0|   8|           8|           8|
    |xor_ln68_81_fu_312_p2  |       xor|   0|  0|   8|           8|           8|
    |xor_ln68_82_fu_318_p2  |       xor|   0|  0|   8|           8|           8|
    |xor_ln68_83_fu_324_p2  |       xor|   0|  0|   8|           8|           8|
    |xor_ln68_84_fu_330_p2  |       xor|   0|  0|   8|           8|           8|
    |xor_ln68_85_fu_336_p2  |       xor|   0|  0|   8|           8|           8|
    |xor_ln68_86_fu_342_p2  |       xor|   0|  0|   8|           8|           8|
    |xor_ln68_87_fu_348_p2  |       xor|   0|  0|   8|           8|           8|
    |xor_ln68_88_fu_354_p2  |       xor|   0|  0|   8|           8|           8|
    |xor_ln68_89_fu_360_p2  |       xor|   0|  0|   8|           8|           8|
    |xor_ln68_90_fu_366_p2  |       xor|   0|  0|   8|           8|           8|
    |xor_ln68_fu_276_p2     |       xor|   0|  0|   8|           8|           8|
    +-----------------------+----------+----+---+----+------------+------------+
    |Total                  |          |   0|  0| 130|         129|         129|
    +-----------------------+----------+----+---+----+------------+------------+

    * Multiplexer: 
    +------------------+----+-----------+-----+-----------+
    |       Name       | LUT| Input Size| Bits| Total Bits|
    +------------------+----+-----------+-----+-----------+
    |RoundKey80_blk_n  |   9|          2|    1|          2|
    |RoundKey81_blk_n  |   9|          2|    1|          2|
    |RoundKey82_blk_n  |   9|          2|    1|          2|
    |RoundKey83_blk_n  |   9|          2|    1|          2|
    |RoundKey84_blk_n  |   9|          2|    1|          2|
    |RoundKey85_blk_n  |   9|          2|    1|          2|
    |RoundKey86_blk_n  |   9|          2|    1|          2|
    |RoundKey87_blk_n  |   9|          2|    1|          2|
    |RoundKey88_blk_n  |   9|          2|    1|          2|
    |RoundKey89_blk_n  |   9|          2|    1|          2|
    |RoundKey90_blk_n  |   9|          2|    1|          2|
    |RoundKey91_blk_n  |   9|          2|    1|          2|
    |RoundKey92_blk_n  |   9|          2|    1|          2|
    |RoundKey93_blk_n  |   9|          2|    1|          2|
    |RoundKey94_blk_n  |   9|          2|    1|          2|
    |RoundKey95_blk_n  |   9|          2|    1|          2|
    |ap_done           |   9|          2|    1|          2|
    |ap_return_0       |   9|          2|    8|         16|
    |ap_return_1       |   9|          2|    8|         16|
    |ap_return_10      |   9|          2|    8|         16|
    |ap_return_11      |   9|          2|    8|         16|
    |ap_return_12      |   9|          2|    8|         16|
    |ap_return_13      |   9|          2|    8|         16|
    |ap_return_14      |   9|          2|    8|         16|
    |ap_return_15      |   9|          2|    8|         16|
    |ap_return_2       |   9|          2|    8|         16|
    |ap_return_3       |   9|          2|    8|         16|
    |ap_return_4       |   9|          2|    8|         16|
    |ap_return_5       |   9|          2|    8|         16|
    |ap_return_6       |   9|          2|    8|         16|
    |ap_return_7       |   9|          2|    8|         16|
    |ap_return_8       |   9|          2|    8|         16|
    |ap_return_9       |   9|          2|    8|         16|
    +------------------+----+-----------+-----+-----------+
    |Total             | 297|         66|  145|        290|
    +------------------+----+-----------+-----+-----------+

    * Register: 
    +-------------------+---+----+-----+-----------+
    |        Name       | FF| LUT| Bits| Const Bits|
    +-------------------+---+----+-----+-----------+
    |ap_CS_fsm          |  1|   0|    1|          0|
    |ap_done_reg        |  1|   0|    1|          0|
    |ap_return_0_preg   |  8|   0|    8|          0|
    |ap_return_10_preg  |  8|   0|    8|          0|
    |ap_return_11_preg  |  8|   0|    8|          0|
    |ap_return_12_preg  |  8|   0|    8|          0|
    |ap_return_13_preg  |  8|   0|    8|          0|
    |ap_return_14_preg  |  8|   0|    8|          0|
    |ap_return_15_preg  |  8|   0|    8|          0|
    |ap_return_1_preg   |  8|   0|    8|          0|
    |ap_return_2_preg   |  8|   0|    8|          0|
    |ap_return_3_preg   |  8|   0|    8|          0|
    |ap_return_4_preg   |  8|   0|    8|          0|
    |ap_return_5_preg   |  8|   0|    8|          0|
    |ap_return_6_preg   |  8|   0|    8|          0|
    |ap_return_7_preg   |  8|   0|    8|          0|
    |ap_return_8_preg   |  8|   0|    8|          0|
    |ap_return_9_preg   |  8|   0|    8|          0|
    +-------------------+---+----+-----+-----------+
    |Total              |130|   0|  130|          0|
    +-------------------+---+----+-----+-----------+



================================================================
== Interface
================================================================
* Summary: 
+--------------------+-----+-----+------------+---------------+--------------+
|      RTL Ports     | Dir | Bits|  Protocol  | Source Object |    C Type    |
+--------------------+-----+-----+------------+---------------+--------------+
|ap_clk              |   in|    1|  ap_ctrl_hs|  AddRoundKey77|  return value|
|ap_rst              |   in|    1|  ap_ctrl_hs|  AddRoundKey77|  return value|
|ap_start            |   in|    1|  ap_ctrl_hs|  AddRoundKey77|  return value|
|ap_done             |  out|    1|  ap_ctrl_hs|  AddRoundKey77|  return value|
|ap_continue         |   in|    1|  ap_ctrl_hs|  AddRoundKey77|  return value|
|ap_idle             |  out|    1|  ap_ctrl_hs|  AddRoundKey77|  return value|
|ap_ready            |  out|    1|  ap_ctrl_hs|  AddRoundKey77|  return value|
|ap_return_0         |  out|    8|  ap_ctrl_hs|  AddRoundKey77|  return value|
|ap_return_1         |  out|    8|  ap_ctrl_hs|  AddRoundKey77|  return value|
|ap_return_2         |  out|    8|  ap_ctrl_hs|  AddRoundKey77|  return value|
|ap_return_3         |  out|    8|  ap_ctrl_hs|  AddRoundKey77|  return value|
|ap_return_4         |  out|    8|  ap_ctrl_hs|  AddRoundKey77|  return value|
|ap_return_5         |  out|    8|  ap_ctrl_hs|  AddRoundKey77|  return value|
|ap_return_6         |  out|    8|  ap_ctrl_hs|  AddRoundKey77|  return value|
|ap_return_7         |  out|    8|  ap_ctrl_hs|  AddRoundKey77|  return value|
|ap_return_8         |  out|    8|  ap_ctrl_hs|  AddRoundKey77|  return value|
|ap_return_9         |  out|    8|  ap_ctrl_hs|  AddRoundKey77|  return value|
|ap_return_10        |  out|    8|  ap_ctrl_hs|  AddRoundKey77|  return value|
|ap_return_11        |  out|    8|  ap_ctrl_hs|  AddRoundKey77|  return value|
|ap_return_12        |  out|    8|  ap_ctrl_hs|  AddRoundKey77|  return value|
|ap_return_13        |  out|    8|  ap_ctrl_hs|  AddRoundKey77|  return value|
|ap_return_14        |  out|    8|  ap_ctrl_hs|  AddRoundKey77|  return value|
|ap_return_15        |  out|    8|  ap_ctrl_hs|  AddRoundKey77|  return value|
|p_read              |   in|    8|     ap_none|         p_read|        scalar|
|p_read1             |   in|    8|     ap_none|        p_read1|        scalar|
|p_read2             |   in|    8|     ap_none|        p_read2|        scalar|
|p_read3             |   in|    8|     ap_none|        p_read3|        scalar|
|p_read4             |   in|    8|     ap_none|        p_read4|        scalar|
|p_read5             |   in|    8|     ap_none|        p_read5|        scalar|
|p_read6             |   in|    8|     ap_none|        p_read6|        scalar|
|p_read7             |   in|    8|     ap_none|        p_read7|        scalar|
|p_read8             |   in|    8|     ap_none|        p_read8|        scalar|
|p_read9             |   in|    8|     ap_none|        p_read9|        scalar|
|p_read10            |   in|    8|     ap_none|       p_read10|        scalar|
|p_read11            |   in|    8|     ap_none|       p_read11|        scalar|
|p_read12            |   in|    8|     ap_none|       p_read12|        scalar|
|p_read13            |   in|    8|     ap_none|       p_read13|        scalar|
|p_read14            |   in|    8|     ap_none|       p_read14|        scalar|
|p_read15            |   in|    8|     ap_none|       p_read15|        scalar|
|RoundKey80_dout     |   in|    8|     ap_fifo|     RoundKey80|       pointer|
|RoundKey80_empty_n  |   in|    1|     ap_fifo|     RoundKey80|       pointer|
|RoundKey80_read     |  out|    1|     ap_fifo|     RoundKey80|       pointer|
|RoundKey81_dout     |   in|    8|     ap_fifo|     RoundKey81|       pointer|
|RoundKey81_empty_n  |   in|    1|     ap_fifo|     RoundKey81|       pointer|
|RoundKey81_read     |  out|    1|     ap_fifo|     RoundKey81|       pointer|
|RoundKey82_dout     |   in|    8|     ap_fifo|     RoundKey82|       pointer|
|RoundKey82_empty_n  |   in|    1|     ap_fifo|     RoundKey82|       pointer|
|RoundKey82_read     |  out|    1|     ap_fifo|     RoundKey82|       pointer|
|RoundKey83_dout     |   in|    8|     ap_fifo|     RoundKey83|       pointer|
|RoundKey83_empty_n  |   in|    1|     ap_fifo|     RoundKey83|       pointer|
|RoundKey83_read     |  out|    1|     ap_fifo|     RoundKey83|       pointer|
|RoundKey84_dout     |   in|    8|     ap_fifo|     RoundKey84|       pointer|
|RoundKey84_empty_n  |   in|    1|     ap_fifo|     RoundKey84|       pointer|
|RoundKey84_read     |  out|    1|     ap_fifo|     RoundKey84|       pointer|
|RoundKey85_dout     |   in|    8|     ap_fifo|     RoundKey85|       pointer|
|RoundKey85_empty_n  |   in|    1|     ap_fifo|     RoundKey85|       pointer|
|RoundKey85_read     |  out|    1|     ap_fifo|     RoundKey85|       pointer|
|RoundKey86_dout     |   in|    8|     ap_fifo|     RoundKey86|       pointer|
|RoundKey86_empty_n  |   in|    1|     ap_fifo|     RoundKey86|       pointer|
|RoundKey86_read     |  out|    1|     ap_fifo|     RoundKey86|       pointer|
|RoundKey87_dout     |   in|    8|     ap_fifo|     RoundKey87|       pointer|
|RoundKey87_empty_n  |   in|    1|     ap_fifo|     RoundKey87|       pointer|
|RoundKey87_read     |  out|    1|     ap_fifo|     RoundKey87|       pointer|
|RoundKey88_dout     |   in|    8|     ap_fifo|     RoundKey88|       pointer|
|RoundKey88_empty_n  |   in|    1|     ap_fifo|     RoundKey88|       pointer|
|RoundKey88_read     |  out|    1|     ap_fifo|     RoundKey88|       pointer|
|RoundKey89_dout     |   in|    8|     ap_fifo|     RoundKey89|       pointer|
|RoundKey89_empty_n  |   in|    1|     ap_fifo|     RoundKey89|       pointer|
|RoundKey89_read     |  out|    1|     ap_fifo|     RoundKey89|       pointer|
|RoundKey90_dout     |   in|    8|     ap_fifo|     RoundKey90|       pointer|
|RoundKey90_empty_n  |   in|    1|     ap_fifo|     RoundKey90|       pointer|
|RoundKey90_read     |  out|    1|     ap_fifo|     RoundKey90|       pointer|
|RoundKey91_dout     |   in|    8|     ap_fifo|     RoundKey91|       pointer|
|RoundKey91_empty_n  |   in|    1|     ap_fifo|     RoundKey91|       pointer|
|RoundKey91_read     |  out|    1|     ap_fifo|     RoundKey91|       pointer|
|RoundKey92_dout     |   in|    8|     ap_fifo|     RoundKey92|       pointer|
|RoundKey92_empty_n  |   in|    1|     ap_fifo|     RoundKey92|       pointer|
|RoundKey92_read     |  out|    1|     ap_fifo|     RoundKey92|       pointer|
|RoundKey93_dout     |   in|    8|     ap_fifo|     RoundKey93|       pointer|
|RoundKey93_empty_n  |   in|    1|     ap_fifo|     RoundKey93|       pointer|
|RoundKey93_read     |  out|    1|     ap_fifo|     RoundKey93|       pointer|
|RoundKey94_dout     |   in|    8|     ap_fifo|     RoundKey94|       pointer|
|RoundKey94_empty_n  |   in|    1|     ap_fifo|     RoundKey94|       pointer|
|RoundKey94_read     |  out|    1|     ap_fifo|     RoundKey94|       pointer|
|RoundKey95_dout     |   in|    8|     ap_fifo|     RoundKey95|       pointer|
|RoundKey95_empty_n  |   in|    1|     ap_fifo|     RoundKey95|       pointer|
|RoundKey95_read     |  out|    1|     ap_fifo|     RoundKey95|       pointer|
+--------------------+-----+-----+------------+---------------+--------------+

