

================================================================
== Vitis HLS Report for 'AddRoundKey69'
================================================================
* Date:           Thu Dec 30 15:47:43 2021

* Version:        2020.2 (Build 3064766 on Wed Nov 18 09:12:45 MST 2020)
* Project:        aes
* Solution:       solution1 (Vivado IP Flow Target)
* Product family: zynq
* Target device:  xc7z020-clg400-1


================================================================
== Performance Estimates
================================================================
+ Timing: 
    * Summary: 
    +--------+----------+----------+------------+
    |  Clock |  Target  | Estimated| Uncertainty|
    +--------+----------+----------+------------+
    |ap_clk  |  10.00 ns|  4.640 ns|     2.70 ns|
    +--------+----------+----------+------------+

+ Latency: 
    * Summary: 
    +---------+---------+----------+----------+-----+-----+---------+
    |  Latency (cycles) |  Latency (absolute) |  Interval | Pipeline|
    |   min   |   max   |    min   |    max   | min | max |   Type  |
    +---------+---------+----------+----------+-----+-----+---------+
    |        0|        0|      0 ns|      0 ns|    0|    0|     none|
    +---------+---------+----------+----------+-----+-----+---------+

    + Detail: 
        * Instance: 
        N/A

        * Loop: 
        N/A



================================================================
== Utilization Estimates
================================================================
* Summary: 
+-----------------+---------+-----+--------+-------+-----+
|       Name      | BRAM_18K| DSP |   FF   |  LUT  | URAM|
+-----------------+---------+-----+--------+-------+-----+
|DSP              |        -|    -|       -|      -|    -|
|Expression       |        -|    -|       0|    130|    -|
|FIFO             |        -|    -|       -|      -|    -|
|Instance         |        -|    -|       -|      -|    -|
|Memory           |        -|    -|       -|      -|    -|
|Multiplexer      |        -|    -|       -|    297|    -|
|Register         |        -|    -|     130|      -|    -|
+-----------------+---------+-----+--------+-------+-----+
|Total            |        0|    0|     130|    427|    0|
+-----------------+---------+-----+--------+-------+-----+
|Available        |      280|  220|  106400|  53200|    0|
+-----------------+---------+-----+--------+-------+-----+
|Utilization (%)  |        0|    0|      ~0|     ~0|    0|
+-----------------+---------+-----+--------+-------+-----+

+ Detail: 
    * Instance: 
    N/A

    * DSP: 
    N/A

    * Memory: 
    N/A

    * FIFO: 
    N/A

    * Expression: 
    +------------------------+----------+----+---+----+------------+------------+
    |      Variable Name     | Operation| DSP| FF| LUT| Bitwidth P0| Bitwidth P1|
    +------------------------+----------+----+---+----+------------+------------+
    |ap_block_state1         |        or|   0|  0|   2|           1|           1|
    |xor_ln68_106_fu_282_p2  |       xor|   0|  0|   8|           8|           8|
    |xor_ln68_107_fu_288_p2  |       xor|   0|  0|   8|           8|           8|
    |xor_ln68_108_fu_294_p2  |       xor|   0|  0|   8|           8|           8|
    |xor_ln68_109_fu_300_p2  |       xor|   0|  0|   8|           8|           8|
    |xor_ln68_110_fu_306_p2  |       xor|   0|  0|   8|           8|           8|
    |xor_ln68_111_fu_312_p2  |       xor|   0|  0|   8|           8|           8|
    |xor_ln68_112_fu_318_p2  |       xor|   0|  0|   8|           8|           8|
    |xor_ln68_113_fu_324_p2  |       xor|   0|  0|   8|           8|           8|
    |xor_ln68_114_fu_330_p2  |       xor|   0|  0|   8|           8|           8|
    |xor_ln68_115_fu_336_p2  |       xor|   0|  0|   8|           8|           8|
    |xor_ln68_116_fu_342_p2  |       xor|   0|  0|   8|           8|           8|
    |xor_ln68_117_fu_348_p2  |       xor|   0|  0|   8|           8|           8|
    |xor_ln68_118_fu_354_p2  |       xor|   0|  0|   8|           8|           8|
    |xor_ln68_119_fu_360_p2  |       xor|   0|  0|   8|           8|           8|
    |xor_ln68_120_fu_366_p2  |       xor|   0|  0|   8|           8|           8|
    |xor_ln68_fu_276_p2      |       xor|   0|  0|   8|           8|           8|
    +------------------------+----------+----+---+----+------------+------------+
    |Total                   |          |   0|  0| 130|         129|         129|
    +------------------------+----------+----+---+----+------------+------------+

    * Multiplexer: 
    +------------------+----+-----------+-----+-----------+
    |       Name       | LUT| Input Size| Bits| Total Bits|
    +------------------+----+-----------+-----+-----------+
    |RoundKey48_blk_n  |   9|          2|    1|          2|
    |RoundKey49_blk_n  |   9|          2|    1|          2|
    |RoundKey50_blk_n  |   9|          2|    1|          2|
    |RoundKey51_blk_n  |   9|          2|    1|          2|
    |RoundKey52_blk_n  |   9|          2|    1|          2|
    |RoundKey53_blk_n  |   9|          2|    1|          2|
    |RoundKey54_blk_n  |   9|          2|    1|          2|
    |RoundKey55_blk_n  |   9|          2|    1|          2|
    |RoundKey56_blk_n  |   9|          2|    1|          2|
    |RoundKey57_blk_n  |   9|          2|    1|          2|
    |RoundKey58_blk_n  |   9|          2|    1|          2|
    |RoundKey59_blk_n  |   9|          2|    1|          2|
    |RoundKey60_blk_n  |   9|          2|    1|          2|
    |RoundKey61_blk_n  |   9|          2|    1|          2|
    |RoundKey62_blk_n  |   9|          2|    1|          2|
    |RoundKey63_blk_n  |   9|          2|    1|          2|
    |ap_done           |   9|          2|    1|          2|
    |ap_return_0       |   9|          2|    8|         16|
    |ap_return_1       |   9|          2|    8|         16|
    |ap_return_10      |   9|          2|    8|         16|
    |ap_return_11      |   9|          2|    8|         16|
    |ap_return_12      |   9|          2|    8|         16|
    |ap_return_13      |   9|          2|    8|         16|
    |ap_return_14      |   9|          2|    8|         16|
    |ap_return_15      |   9|          2|    8|         16|
    |ap_return_2       |   9|          2|    8|         16|
    |ap_return_3       |   9|          2|    8|         16|
    |ap_return_4       |   9|          2|    8|         16|
    |ap_return_5       |   9|          2|    8|         16|
    |ap_return_6       |   9|          2|    8|         16|
    |ap_return_7       |   9|          2|    8|         16|
    |ap_return_8       |   9|          2|    8|         16|
    |ap_return_9       |   9|          2|    8|         16|
    +------------------+----+-----------+-----+-----------+
    |Total             | 297|         66|  145|        290|
    +------------------+----+-----------+-----+-----------+

    * Register: 
    +-------------------+---+----+-----+-----------+
    |        Name       | FF| LUT| Bits| Const Bits|
    +-------------------+---+----+-----+-----------+
    |ap_CS_fsm          |  1|   0|    1|          0|
    |ap_done_reg        |  1|   0|    1|          0|
    |ap_return_0_preg   |  8|   0|    8|          0|
    |ap_return_10_preg  |  8|   0|    8|          0|
    |ap_return_11_preg  |  8|   0|    8|          0|
    |ap_return_12_preg  |  8|   0|    8|          0|
    |ap_return_13_preg  |  8|   0|    8|          0|
    |ap_return_14_preg  |  8|   0|    8|          0|
    |ap_return_15_preg  |  8|   0|    8|          0|
    |ap_return_1_preg   |  8|   0|    8|          0|
    |ap_return_2_preg   |  8|   0|    8|          0|
    |ap_return_3_preg   |  8|   0|    8|          0|
    |ap_return_4_preg   |  8|   0|    8|          0|
    |ap_return_5_preg   |  8|   0|    8|          0|
    |ap_return_6_preg   |  8|   0|    8|          0|
    |ap_return_7_preg   |  8|   0|    8|          0|
    |ap_return_8_preg   |  8|   0|    8|          0|
    |ap_return_9_preg   |  8|   0|    8|          0|
    +-------------------+---+----+-----+-----------+
    |Total              |130|   0|  130|          0|
    +-------------------+---+----+-----+-----------+



================================================================
== Interface
================================================================
* Summary: 
+--------------------+-----+-----+------------+---------------+--------------+
|      RTL Ports     | Dir | Bits|  Protocol  | Source Object |    C Type    |
+--------------------+-----+-----+------------+---------------+--------------+
|ap_clk              |   in|    1|  ap_ctrl_hs|  AddRoundKey69|  return value|
|ap_rst              |   in|    1|  ap_ctrl_hs|  AddRoundKey69|  return value|
|ap_start            |   in|    1|  ap_ctrl_hs|  AddRoundKey69|  return value|
|ap_done             |  out|    1|  ap_ctrl_hs|  AddRoundKey69|  return value|
|ap_continue         |   in|    1|  ap_ctrl_hs|  AddRoundKey69|  return value|
|ap_idle             |  out|    1|  ap_ctrl_hs|  AddRoundKey69|  return value|
|ap_ready            |  out|    1|  ap_ctrl_hs|  AddRoundKey69|  return value|
|ap_return_0         |  out|    8|  ap_ctrl_hs|  AddRoundKey69|  return value|
|ap_return_1         |  out|    8|  ap_ctrl_hs|  AddRoundKey69|  return value|
|ap_return_2         |  out|    8|  ap_ctrl_hs|  AddRoundKey69|  return value|
|ap_return_3         |  out|    8|  ap_ctrl_hs|  AddRoundKey69|  return value|
|ap_return_4         |  out|    8|  ap_ctrl_hs|  AddRoundKey69|  return value|
|ap_return_5         |  out|    8|  ap_ctrl_hs|  AddRoundKey69|  return value|
|ap_return_6         |  out|    8|  ap_ctrl_hs|  AddRoundKey69|  return value|
|ap_return_7         |  out|    8|  ap_ctrl_hs|  AddRoundKey69|  return value|
|ap_return_8         |  out|    8|  ap_ctrl_hs|  AddRoundKey69|  return value|
|ap_return_9         |  out|    8|  ap_ctrl_hs|  AddRoundKey69|  return value|
|ap_return_10        |  out|    8|  ap_ctrl_hs|  AddRoundKey69|  return value|
|ap_return_11        |  out|    8|  ap_ctrl_hs|  AddRoundKey69|  return value|
|ap_return_12        |  out|    8|  ap_ctrl_hs|  AddRoundKey69|  return value|
|ap_return_13        |  out|    8|  ap_ctrl_hs|  AddRoundKey69|  return value|
|ap_return_14        |  out|    8|  ap_ctrl_hs|  AddRoundKey69|  return value|
|ap_return_15        |  out|    8|  ap_ctrl_hs|  AddRoundKey69|  return value|
|p_read              |   in|    8|     ap_none|         p_read|        scalar|
|p_read1             |   in|    8|     ap_none|        p_read1|        scalar|
|p_read2             |   in|    8|     ap_none|        p_read2|        scalar|
|p_read3             |   in|    8|     ap_none|        p_read3|        scalar|
|p_read4             |   in|    8|     ap_none|        p_read4|        scalar|
|p_read5             |   in|    8|     ap_none|        p_read5|        scalar|
|p_read6             |   in|    8|     ap_none|        p_read6|        scalar|
|p_read7             |   in|    8|     ap_none|        p_read7|        scalar|
|p_read8             |   in|    8|     ap_none|        p_read8|        scalar|
|p_read9             |   in|    8|     ap_none|        p_read9|        scalar|
|p_read10            |   in|    8|     ap_none|       p_read10|        scalar|
|p_read11            |   in|    8|     ap_none|       p_read11|        scalar|
|p_read12            |   in|    8|     ap_none|       p_read12|        scalar|
|p_read13            |   in|    8|     ap_none|       p_read13|        scalar|
|p_read14            |   in|    8|     ap_none|       p_read14|        scalar|
|p_read15            |   in|    8|     ap_none|       p_read15|        scalar|
|RoundKey48_dout     |   in|    8|     ap_fifo|     RoundKey48|       pointer|
|RoundKey48_empty_n  |   in|    1|     ap_fifo|     RoundKey48|       pointer|
|RoundKey48_read     |  out|    1|     ap_fifo|     RoundKey48|       pointer|
|RoundKey49_dout     |   in|    8|     ap_fifo|     RoundKey49|       pointer|
|RoundKey49_empty_n  |   in|    1|     ap_fifo|     RoundKey49|       pointer|
|RoundKey49_read     |  out|    1|     ap_fifo|     RoundKey49|       pointer|
|RoundKey50_dout     |   in|    8|     ap_fifo|     RoundKey50|       pointer|
|RoundKey50_empty_n  |   in|    1|     ap_fifo|     RoundKey50|       pointer|
|RoundKey50_read     |  out|    1|     ap_fifo|     RoundKey50|       pointer|
|RoundKey51_dout     |   in|    8|     ap_fifo|     RoundKey51|       pointer|
|RoundKey51_empty_n  |   in|    1|     ap_fifo|     RoundKey51|       pointer|
|RoundKey51_read     |  out|    1|     ap_fifo|     RoundKey51|       pointer|
|RoundKey52_dout     |   in|    8|     ap_fifo|     RoundKey52|       pointer|
|RoundKey52_empty_n  |   in|    1|     ap_fifo|     RoundKey52|       pointer|
|RoundKey52_read     |  out|    1|     ap_fifo|     RoundKey52|       pointer|
|RoundKey53_dout     |   in|    8|     ap_fifo|     RoundKey53|       pointer|
|RoundKey53_empty_n  |   in|    1|     ap_fifo|     RoundKey53|       pointer|
|RoundKey53_read     |  out|    1|     ap_fifo|     RoundKey53|       pointer|
|RoundKey54_dout     |   in|    8|     ap_fifo|     RoundKey54|       pointer|
|RoundKey54_empty_n  |   in|    1|     ap_fifo|     RoundKey54|       pointer|
|RoundKey54_read     |  out|    1|     ap_fifo|     RoundKey54|       pointer|
|RoundKey55_dout     |   in|    8|     ap_fifo|     RoundKey55|       pointer|
|RoundKey55_empty_n  |   in|    1|     ap_fifo|     RoundKey55|       pointer|
|RoundKey55_read     |  out|    1|     ap_fifo|     RoundKey55|       pointer|
|RoundKey56_dout     |   in|    8|     ap_fifo|     RoundKey56|       pointer|
|RoundKey56_empty_n  |   in|    1|     ap_fifo|     RoundKey56|       pointer|
|RoundKey56_read     |  out|    1|     ap_fifo|     RoundKey56|       pointer|
|RoundKey57_dout     |   in|    8|     ap_fifo|     RoundKey57|       pointer|
|RoundKey57_empty_n  |   in|    1|     ap_fifo|     RoundKey57|       pointer|
|RoundKey57_read     |  out|    1|     ap_fifo|     RoundKey57|       pointer|
|RoundKey58_dout     |   in|    8|     ap_fifo|     RoundKey58|       pointer|
|RoundKey58_empty_n  |   in|    1|     ap_fifo|     RoundKey58|       pointer|
|RoundKey58_read     |  out|    1|     ap_fifo|     RoundKey58|       pointer|
|RoundKey59_dout     |   in|    8|     ap_fifo|     RoundKey59|       pointer|
|RoundKey59_empty_n  |   in|    1|     ap_fifo|     RoundKey59|       pointer|
|RoundKey59_read     |  out|    1|     ap_fifo|     RoundKey59|       pointer|
|RoundKey60_dout     |   in|    8|     ap_fifo|     RoundKey60|       pointer|
|RoundKey60_empty_n  |   in|    1|     ap_fifo|     RoundKey60|       pointer|
|RoundKey60_read     |  out|    1|     ap_fifo|     RoundKey60|       pointer|
|RoundKey61_dout     |   in|    8|     ap_fifo|     RoundKey61|       pointer|
|RoundKey61_empty_n  |   in|    1|     ap_fifo|     RoundKey61|       pointer|
|RoundKey61_read     |  out|    1|     ap_fifo|     RoundKey61|       pointer|
|RoundKey62_dout     |   in|    8|     ap_fifo|     RoundKey62|       pointer|
|RoundKey62_empty_n  |   in|    1|     ap_fifo|     RoundKey62|       pointer|
|RoundKey62_read     |  out|    1|     ap_fifo|     RoundKey62|       pointer|
|RoundKey63_dout     |   in|    8|     ap_fifo|     RoundKey63|       pointer|
|RoundKey63_empty_n  |   in|    1|     ap_fifo|     RoundKey63|       pointer|
|RoundKey63_read     |  out|    1|     ap_fifo|     RoundKey63|       pointer|
+--------------------+-----+-----+------------+---------------+--------------+

