

================================================================
== Vitis HLS Report for 'AddRoundKey61'
================================================================
* Date:           Thu Dec 30 15:47:38 2021

* Version:        2020.2 (Build 3064766 on Wed Nov 18 09:12:45 MST 2020)
* Project:        aes
* Solution:       solution1 (Vivado IP Flow Target)
* Product family: zynq
* Target device:  xc7z020-clg400-1


================================================================
== Performance Estimates
================================================================
+ Timing: 
    * Summary: 
    +--------+----------+----------+------------+
    |  Clock |  Target  | Estimated| Uncertainty|
    +--------+----------+----------+------------+
    |ap_clk  |  10.00 ns|  4.582 ns|     2.70 ns|
    +--------+----------+----------+------------+

+ Latency: 
    * Summary: 
    +---------+---------+----------+----------+-----+-----+---------+
    |  Latency (cycles) |  Latency (absolute) |  Interval | Pipeline|
    |   min   |   max   |    min   |    max   | min | max |   Type  |
    +---------+---------+----------+----------+-----+-----+---------+
    |        0|        0|      0 ns|      0 ns|    0|    0|     none|
    +---------+---------+----------+----------+-----+-----+---------+

    + Detail: 
        * Instance: 
        N/A

        * Loop: 
        N/A



================================================================
== Utilization Estimates
================================================================
* Summary: 
+-----------------+---------+-----+--------+-------+-----+
|       Name      | BRAM_18K| DSP |   FF   |  LUT  | URAM|
+-----------------+---------+-----+--------+-------+-----+
|DSP              |        -|    -|       -|      -|    -|
|Expression       |        -|    -|       0|    130|    -|
|FIFO             |        -|    -|       -|      -|    -|
|Instance         |        -|    -|       -|      -|    -|
|Memory           |        -|    -|       -|      -|    -|
|Multiplexer      |        -|    -|       -|    297|    -|
|Register         |        -|    -|     130|      -|    -|
+-----------------+---------+-----+--------+-------+-----+
|Total            |        0|    0|     130|    427|    0|
+-----------------+---------+-----+--------+-------+-----+
|Available        |      280|  220|  106400|  53200|    0|
+-----------------+---------+-----+--------+-------+-----+
|Utilization (%)  |        0|    0|      ~0|     ~0|    0|
+-----------------+---------+-----+--------+-------+-----+

+ Detail: 
    * Instance: 
    N/A

    * DSP: 
    N/A

    * Memory: 
    N/A

    * FIFO: 
    N/A

    * Expression: 
    +------------------------+----------+----+---+----+------------+------------+
    |      Variable Name     | Operation| DSP| FF| LUT| Bitwidth P0| Bitwidth P1|
    +------------------------+----------+----+---+----+------------+------------+
    |ap_block_state1         |        or|   0|  0|   2|           1|           1|
    |xor_ln68_136_fu_282_p2  |       xor|   0|  0|   8|           8|           8|
    |xor_ln68_137_fu_288_p2  |       xor|   0|  0|   8|           8|           8|
    |xor_ln68_138_fu_294_p2  |       xor|   0|  0|   8|           8|           8|
    |xor_ln68_139_fu_300_p2  |       xor|   0|  0|   8|           8|           8|
    |xor_ln68_140_fu_306_p2  |       xor|   0|  0|   8|           8|           8|
    |xor_ln68_141_fu_312_p2  |       xor|   0|  0|   8|           8|           8|
    |xor_ln68_142_fu_318_p2  |       xor|   0|  0|   8|           8|           8|
    |xor_ln68_143_fu_324_p2  |       xor|   0|  0|   8|           8|           8|
    |xor_ln68_144_fu_330_p2  |       xor|   0|  0|   8|           8|           8|
    |xor_ln68_145_fu_336_p2  |       xor|   0|  0|   8|           8|           8|
    |xor_ln68_146_fu_342_p2  |       xor|   0|  0|   8|           8|           8|
    |xor_ln68_147_fu_348_p2  |       xor|   0|  0|   8|           8|           8|
    |xor_ln68_148_fu_354_p2  |       xor|   0|  0|   8|           8|           8|
    |xor_ln68_149_fu_360_p2  |       xor|   0|  0|   8|           8|           8|
    |xor_ln68_150_fu_366_p2  |       xor|   0|  0|   8|           8|           8|
    |xor_ln68_fu_276_p2      |       xor|   0|  0|   8|           8|           8|
    +------------------------+----------+----+---+----+------------+------------+
    |Total                   |          |   0|  0| 130|         129|         129|
    +------------------------+----------+----+---+----+------------+------------+

    * Multiplexer: 
    +------------------+----+-----------+-----+-----------+
    |       Name       | LUT| Input Size| Bits| Total Bits|
    +------------------+----+-----------+-----+-----------+
    |RoundKey16_blk_n  |   9|          2|    1|          2|
    |RoundKey17_blk_n  |   9|          2|    1|          2|
    |RoundKey18_blk_n  |   9|          2|    1|          2|
    |RoundKey19_blk_n  |   9|          2|    1|          2|
    |RoundKey20_blk_n  |   9|          2|    1|          2|
    |RoundKey21_blk_n  |   9|          2|    1|          2|
    |RoundKey22_blk_n  |   9|          2|    1|          2|
    |RoundKey23_blk_n  |   9|          2|    1|          2|
    |RoundKey24_blk_n  |   9|          2|    1|          2|
    |RoundKey25_blk_n  |   9|          2|    1|          2|
    |RoundKey26_blk_n  |   9|          2|    1|          2|
    |RoundKey27_blk_n  |   9|          2|    1|          2|
    |RoundKey28_blk_n  |   9|          2|    1|          2|
    |RoundKey29_blk_n  |   9|          2|    1|          2|
    |RoundKey30_blk_n  |   9|          2|    1|          2|
    |RoundKey31_blk_n  |   9|          2|    1|          2|
    |ap_done           |   9|          2|    1|          2|
    |ap_return_0       |   9|          2|    8|         16|
    |ap_return_1       |   9|          2|    8|         16|
    |ap_return_10      |   9|          2|    8|         16|
    |ap_return_11      |   9|          2|    8|         16|
    |ap_return_12      |   9|          2|    8|         16|
    |ap_return_13      |   9|          2|    8|         16|
    |ap_return_14      |   9|          2|    8|         16|
    |ap_return_15      |   9|          2|    8|         16|
    |ap_return_2       |   9|          2|    8|         16|
    |ap_return_3       |   9|          2|    8|         16|
    |ap_return_4       |   9|          2|    8|         16|
    |ap_return_5       |   9|          2|    8|         16|
    |ap_return_6       |   9|          2|    8|         16|
    |ap_return_7       |   9|          2|    8|         16|
    |ap_return_8       |   9|          2|    8|         16|
    |ap_return_9       |   9|          2|    8|         16|
    +------------------+----+-----------+-----+-----------+
    |Total             | 297|         66|  145|        290|
    +------------------+----+-----------+-----+-----------+

    * Register: 
    +-------------------+---+----+-----+-----------+
    |        Name       | FF| LUT| Bits| Const Bits|
    +-------------------+---+----+-----+-----------+
    |ap_CS_fsm          |  1|   0|    1|          0|
    |ap_done_reg        |  1|   0|    1|          0|
    |ap_return_0_preg   |  8|   0|    8|          0|
    |ap_return_10_preg  |  8|   0|    8|          0|
    |ap_return_11_preg  |  8|   0|    8|          0|
    |ap_return_12_preg  |  8|   0|    8|          0|
    |ap_return_13_preg  |  8|   0|    8|          0|
    |ap_return_14_preg  |  8|   0|    8|          0|
    |ap_return_15_preg  |  8|   0|    8|          0|
    |ap_return_1_preg   |  8|   0|    8|          0|
    |ap_return_2_preg   |  8|   0|    8|          0|
    |ap_return_3_preg   |  8|   0|    8|          0|
    |ap_return_4_preg   |  8|   0|    8|          0|
    |ap_return_5_preg   |  8|   0|    8|          0|
    |ap_return_6_preg   |  8|   0|    8|          0|
    |ap_return_7_preg   |  8|   0|    8|          0|
    |ap_return_8_preg   |  8|   0|    8|          0|
    |ap_return_9_preg   |  8|   0|    8|          0|
    +-------------------+---+----+-----+-----------+
    |Total              |130|   0|  130|          0|
    +-------------------+---+----+-----+-----------+



================================================================
== Interface
================================================================
* Summary: 
+--------------------+-----+-----+------------+---------------+--------------+
|      RTL Ports     | Dir | Bits|  Protocol  | Source Object |    C Type    |
+--------------------+-----+-----+------------+---------------+--------------+
|ap_clk              |   in|    1|  ap_ctrl_hs|  AddRoundKey61|  return value|
|ap_rst              |   in|    1|  ap_ctrl_hs|  AddRoundKey61|  return value|
|ap_start            |   in|    1|  ap_ctrl_hs|  AddRoundKey61|  return value|
|ap_done             |  out|    1|  ap_ctrl_hs|  AddRoundKey61|  return value|
|ap_continue         |   in|    1|  ap_ctrl_hs|  AddRoundKey61|  return value|
|ap_idle             |  out|    1|  ap_ctrl_hs|  AddRoundKey61|  return value|
|ap_ready            |  out|    1|  ap_ctrl_hs|  AddRoundKey61|  return value|
|ap_return_0         |  out|    8|  ap_ctrl_hs|  AddRoundKey61|  return value|
|ap_return_1         |  out|    8|  ap_ctrl_hs|  AddRoundKey61|  return value|
|ap_return_2         |  out|    8|  ap_ctrl_hs|  AddRoundKey61|  return value|
|ap_return_3         |  out|    8|  ap_ctrl_hs|  AddRoundKey61|  return value|
|ap_return_4         |  out|    8|  ap_ctrl_hs|  AddRoundKey61|  return value|
|ap_return_5         |  out|    8|  ap_ctrl_hs|  AddRoundKey61|  return value|
|ap_return_6         |  out|    8|  ap_ctrl_hs|  AddRoundKey61|  return value|
|ap_return_7         |  out|    8|  ap_ctrl_hs|  AddRoundKey61|  return value|
|ap_return_8         |  out|    8|  ap_ctrl_hs|  AddRoundKey61|  return value|
|ap_return_9         |  out|    8|  ap_ctrl_hs|  AddRoundKey61|  return value|
|ap_return_10        |  out|    8|  ap_ctrl_hs|  AddRoundKey61|  return value|
|ap_return_11        |  out|    8|  ap_ctrl_hs|  AddRoundKey61|  return value|
|ap_return_12        |  out|    8|  ap_ctrl_hs|  AddRoundKey61|  return value|
|ap_return_13        |  out|    8|  ap_ctrl_hs|  AddRoundKey61|  return value|
|ap_return_14        |  out|    8|  ap_ctrl_hs|  AddRoundKey61|  return value|
|ap_return_15        |  out|    8|  ap_ctrl_hs|  AddRoundKey61|  return value|
|p_read              |   in|    8|     ap_none|         p_read|        scalar|
|p_read1             |   in|    8|     ap_none|        p_read1|        scalar|
|p_read2             |   in|    8|     ap_none|        p_read2|        scalar|
|p_read3             |   in|    8|     ap_none|        p_read3|        scalar|
|p_read4             |   in|    8|     ap_none|        p_read4|        scalar|
|p_read5             |   in|    8|     ap_none|        p_read5|        scalar|
|p_read6             |   in|    8|     ap_none|        p_read6|        scalar|
|p_read7             |   in|    8|     ap_none|        p_read7|        scalar|
|p_read8             |   in|    8|     ap_none|        p_read8|        scalar|
|p_read9             |   in|    8|     ap_none|        p_read9|        scalar|
|p_read10            |   in|    8|     ap_none|       p_read10|        scalar|
|p_read11            |   in|    8|     ap_none|       p_read11|        scalar|
|p_read12            |   in|    8|     ap_none|       p_read12|        scalar|
|p_read13            |   in|    8|     ap_none|       p_read13|        scalar|
|p_read14            |   in|    8|     ap_none|       p_read14|        scalar|
|p_read15            |   in|    8|     ap_none|       p_read15|        scalar|
|RoundKey16_dout     |   in|    8|     ap_fifo|     RoundKey16|       pointer|
|RoundKey16_empty_n  |   in|    1|     ap_fifo|     RoundKey16|       pointer|
|RoundKey16_read     |  out|    1|     ap_fifo|     RoundKey16|       pointer|
|RoundKey17_dout     |   in|    8|     ap_fifo|     RoundKey17|       pointer|
|RoundKey17_empty_n  |   in|    1|     ap_fifo|     RoundKey17|       pointer|
|RoundKey17_read     |  out|    1|     ap_fifo|     RoundKey17|       pointer|
|RoundKey18_dout     |   in|    8|     ap_fifo|     RoundKey18|       pointer|
|RoundKey18_empty_n  |   in|    1|     ap_fifo|     RoundKey18|       pointer|
|RoundKey18_read     |  out|    1|     ap_fifo|     RoundKey18|       pointer|
|RoundKey19_dout     |   in|    8|     ap_fifo|     RoundKey19|       pointer|
|RoundKey19_empty_n  |   in|    1|     ap_fifo|     RoundKey19|       pointer|
|RoundKey19_read     |  out|    1|     ap_fifo|     RoundKey19|       pointer|
|RoundKey20_dout     |   in|    8|     ap_fifo|     RoundKey20|       pointer|
|RoundKey20_empty_n  |   in|    1|     ap_fifo|     RoundKey20|       pointer|
|RoundKey20_read     |  out|    1|     ap_fifo|     RoundKey20|       pointer|
|RoundKey21_dout     |   in|    8|     ap_fifo|     RoundKey21|       pointer|
|RoundKey21_empty_n  |   in|    1|     ap_fifo|     RoundKey21|       pointer|
|RoundKey21_read     |  out|    1|     ap_fifo|     RoundKey21|       pointer|
|RoundKey22_dout     |   in|    8|     ap_fifo|     RoundKey22|       pointer|
|RoundKey22_empty_n  |   in|    1|     ap_fifo|     RoundKey22|       pointer|
|RoundKey22_read     |  out|    1|     ap_fifo|     RoundKey22|       pointer|
|RoundKey23_dout     |   in|    8|     ap_fifo|     RoundKey23|       pointer|
|RoundKey23_empty_n  |   in|    1|     ap_fifo|     RoundKey23|       pointer|
|RoundKey23_read     |  out|    1|     ap_fifo|     RoundKey23|       pointer|
|RoundKey24_dout     |   in|    8|     ap_fifo|     RoundKey24|       pointer|
|RoundKey24_empty_n  |   in|    1|     ap_fifo|     RoundKey24|       pointer|
|RoundKey24_read     |  out|    1|     ap_fifo|     RoundKey24|       pointer|
|RoundKey25_dout     |   in|    8|     ap_fifo|     RoundKey25|       pointer|
|RoundKey25_empty_n  |   in|    1|     ap_fifo|     RoundKey25|       pointer|
|RoundKey25_read     |  out|    1|     ap_fifo|     RoundKey25|       pointer|
|RoundKey26_dout     |   in|    8|     ap_fifo|     RoundKey26|       pointer|
|RoundKey26_empty_n  |   in|    1|     ap_fifo|     RoundKey26|       pointer|
|RoundKey26_read     |  out|    1|     ap_fifo|     RoundKey26|       pointer|
|RoundKey27_dout     |   in|    8|     ap_fifo|     RoundKey27|       pointer|
|RoundKey27_empty_n  |   in|    1|     ap_fifo|     RoundKey27|       pointer|
|RoundKey27_read     |  out|    1|     ap_fifo|     RoundKey27|       pointer|
|RoundKey28_dout     |   in|    8|     ap_fifo|     RoundKey28|       pointer|
|RoundKey28_empty_n  |   in|    1|     ap_fifo|     RoundKey28|       pointer|
|RoundKey28_read     |  out|    1|     ap_fifo|     RoundKey28|       pointer|
|RoundKey29_dout     |   in|    8|     ap_fifo|     RoundKey29|       pointer|
|RoundKey29_empty_n  |   in|    1|     ap_fifo|     RoundKey29|       pointer|
|RoundKey29_read     |  out|    1|     ap_fifo|     RoundKey29|       pointer|
|RoundKey30_dout     |   in|    8|     ap_fifo|     RoundKey30|       pointer|
|RoundKey30_empty_n  |   in|    1|     ap_fifo|     RoundKey30|       pointer|
|RoundKey30_read     |  out|    1|     ap_fifo|     RoundKey30|       pointer|
|RoundKey31_dout     |   in|    8|     ap_fifo|     RoundKey31|       pointer|
|RoundKey31_empty_n  |   in|    1|     ap_fifo|     RoundKey31|       pointer|
|RoundKey31_read     |  out|    1|     ap_fifo|     RoundKey31|       pointer|
+--------------------+-----+-----+------------+---------------+--------------+

