

================================================================
== Vitis HLS Report for 'AddRoundKey416'
================================================================
* Date:           Wed Dec 29 21:50:36 2021

* Version:        2020.2 (Build 3064766 on Wed Nov 18 09:12:45 MST 2020)
* Project:        aes
* Solution:       solution1 (Vivado IP Flow Target)
* Product family: zynq
* Target device:  xc7z020-clg400-1


================================================================
== Performance Estimates
================================================================
+ Timing: 
    * Summary: 
    +--------+----------+----------+------------+
    |  Clock |  Target  | Estimated| Uncertainty|
    +--------+----------+----------+------------+
    |ap_clk  |  10.00 ns|  3.312 ns|     2.70 ns|
    +--------+----------+----------+------------+

+ Latency: 
    * Summary: 
    +---------+---------+----------+----------+-----+-----+---------+
    |  Latency (cycles) |  Latency (absolute) |  Interval | Pipeline|
    |   min   |   max   |    min   |    max   | min | max |   Type  |
    +---------+---------+----------+----------+-----+-----+---------+
    |       16|       16|  0.160 us|  0.160 us|   16|   16|     none|
    +---------+---------+----------+----------+-----+-----+---------+

    + Detail: 
        * Instance: 
        N/A

        * Loop: 
        N/A



================================================================
== Utilization Estimates
================================================================
* Summary: 
+-----------------+---------+-----+--------+-------+-----+
|       Name      | BRAM_18K| DSP |   FF   |  LUT  | URAM|
+-----------------+---------+-----+--------+-------+-----+
|DSP              |        -|    -|       -|      -|    -|
|Expression       |        -|    -|       0|    130|    -|
|FIFO             |        -|    -|       -|      -|    -|
|Instance         |        -|    -|       -|      -|    -|
|Memory           |        -|    -|       -|      -|    -|
|Multiplexer      |        -|    -|       -|    321|    -|
|Register         |        -|    -|     266|      -|    -|
+-----------------+---------+-----+--------+-------+-----+
|Total            |        0|    0|     266|    451|    0|
+-----------------+---------+-----+--------+-------+-----+
|Available        |      280|  220|  106400|  53200|    0|
+-----------------+---------+-----+--------+-------+-----+
|Utilization (%)  |        0|    0|      ~0|     ~0|    0|
+-----------------+---------+-----+--------+-------+-----+

+ Detail: 
    * Instance: 
    N/A

    * DSP: 
    N/A

    * Memory: 
    N/A

    * FIFO: 
    N/A

    * Expression: 
    +-----------------------+----------+----+---+----+------------+------------+
    |     Variable Name     | Operation| DSP| FF| LUT| Bitwidth P0| Bitwidth P1|
    +-----------------------+----------+----+---+----+------------+------------+
    |ap_block_state1        |        or|   0|  0|   2|           1|           1|
    |xor_ln76_16_fu_338_p2  |       xor|   0|  0|   8|           8|           8|
    |xor_ln76_17_fu_343_p2  |       xor|   0|  0|   8|           8|           8|
    |xor_ln76_18_fu_348_p2  |       xor|   0|  0|   8|           8|           8|
    |xor_ln76_19_fu_353_p2  |       xor|   0|  0|   8|           8|           8|
    |xor_ln76_20_fu_358_p2  |       xor|   0|  0|   8|           8|           8|
    |xor_ln76_21_fu_363_p2  |       xor|   0|  0|   8|           8|           8|
    |xor_ln76_22_fu_368_p2  |       xor|   0|  0|   8|           8|           8|
    |xor_ln76_23_fu_373_p2  |       xor|   0|  0|   8|           8|           8|
    |xor_ln76_24_fu_378_p2  |       xor|   0|  0|   8|           8|           8|
    |xor_ln76_25_fu_383_p2  |       xor|   0|  0|   8|           8|           8|
    |xor_ln76_26_fu_388_p2  |       xor|   0|  0|   8|           8|           8|
    |xor_ln76_27_fu_393_p2  |       xor|   0|  0|   8|           8|           8|
    |xor_ln76_28_fu_398_p2  |       xor|   0|  0|   8|           8|           8|
    |xor_ln76_29_fu_403_p2  |       xor|   0|  0|   8|           8|           8|
    |xor_ln76_30_fu_408_p2  |       xor|   0|  0|   8|           8|           8|
    |xor_ln76_fu_333_p2     |       xor|   0|  0|   8|           8|           8|
    +-----------------------+----------+----+---+----+------------+------------+
    |Total                  |          |   0|  0| 130|         129|         129|
    +-----------------------+----------+----+---+----+------------+------------+

    * Multiplexer: 
    +--------------+----+-----------+-----+-----------+
    |     Name     | LUT| Input Size| Bits| Total Bits|
    +--------------+----+-----------+-----+-----------+
    |ap_NS_fsm     |  87|         18|    1|         18|
    |ap_done       |   9|          2|    1|          2|
    |ap_return_0   |   9|          2|    8|         16|
    |ap_return_1   |   9|          2|    8|         16|
    |ap_return_10  |   9|          2|    8|         16|
    |ap_return_11  |   9|          2|    8|         16|
    |ap_return_12  |   9|          2|    8|         16|
    |ap_return_13  |   9|          2|    8|         16|
    |ap_return_14  |   9|          2|    8|         16|
    |ap_return_15  |   9|          2|    8|         16|
    |ap_return_2   |   9|          2|    8|         16|
    |ap_return_3   |   9|          2|    8|         16|
    |ap_return_4   |   9|          2|    8|         16|
    |ap_return_5   |   9|          2|    8|         16|
    |ap_return_6   |   9|          2|    8|         16|
    |ap_return_7   |   9|          2|    8|         16|
    |ap_return_8   |   9|          2|    8|         16|
    |ap_return_9   |   9|          2|    8|         16|
    |w_0_address0  |  81|         17|    4|         68|
    +--------------+----+-----------+-----+-----------+
    |Total         | 321|         69|  134|        344|
    +--------------+----+-----------+-----+-----------+

    * Register: 
    +---------------------+----+----+-----+-----------+
    |         Name        | FF | LUT| Bits| Const Bits|
    +---------------------+----+----+-----+-----------+
    |ap_CS_fsm            |  17|   0|   17|          0|
    |ap_done_reg          |   1|   0|    1|          0|
    |ap_return_0_preg     |   8|   0|    8|          0|
    |ap_return_10_preg    |   8|   0|    8|          0|
    |ap_return_11_preg    |   8|   0|    8|          0|
    |ap_return_12_preg    |   8|   0|    8|          0|
    |ap_return_13_preg    |   8|   0|    8|          0|
    |ap_return_14_preg    |   8|   0|    8|          0|
    |ap_return_15_preg    |   8|   0|    8|          0|
    |ap_return_1_preg     |   8|   0|    8|          0|
    |ap_return_2_preg     |   8|   0|    8|          0|
    |ap_return_3_preg     |   8|   0|    8|          0|
    |ap_return_4_preg     |   8|   0|    8|          0|
    |ap_return_5_preg     |   8|   0|    8|          0|
    |ap_return_6_preg     |   8|   0|    8|          0|
    |ap_return_7_preg     |   8|   0|    8|          0|
    |ap_return_8_preg     |   8|   0|    8|          0|
    |ap_return_9_preg     |   8|   0|    8|          0|
    |w_0_load_16_reg_525  |   8|   0|    8|          0|
    |w_0_load_17_reg_535  |   8|   0|    8|          0|
    |w_0_load_18_reg_545  |   8|   0|    8|          0|
    |w_0_load_19_reg_555  |   8|   0|    8|          0|
    |w_0_load_20_reg_565  |   8|   0|    8|          0|
    |w_0_load_21_reg_575  |   8|   0|    8|          0|
    |w_0_load_22_reg_585  |   8|   0|    8|          0|
    |w_0_load_23_reg_595  |   8|   0|    8|          0|
    |w_0_load_24_reg_605  |   8|   0|    8|          0|
    |w_0_load_25_reg_615  |   8|   0|    8|          0|
    |w_0_load_26_reg_625  |   8|   0|    8|          0|
    |w_0_load_27_reg_635  |   8|   0|    8|          0|
    |w_0_load_28_reg_645  |   8|   0|    8|          0|
    |w_0_load_29_reg_655  |   8|   0|    8|          0|
    |w_0_load_reg_515     |   8|   0|    8|          0|
    +---------------------+----+----+-----+-----------+
    |Total                | 266|   0|  266|          0|
    +---------------------+----+----+-----+-----------+



================================================================
== Interface
================================================================
* Summary: 
+--------------+-----+-----+------------+----------------+--------------+
|   RTL Ports  | Dir | Bits|  Protocol  |  Source Object |    C Type    |
+--------------+-----+-----+------------+----------------+--------------+
|ap_clk        |   in|    1|  ap_ctrl_hs|  AddRoundKey416|  return value|
|ap_rst        |   in|    1|  ap_ctrl_hs|  AddRoundKey416|  return value|
|ap_start      |   in|    1|  ap_ctrl_hs|  AddRoundKey416|  return value|
|ap_done       |  out|    1|  ap_ctrl_hs|  AddRoundKey416|  return value|
|ap_continue   |   in|    1|  ap_ctrl_hs|  AddRoundKey416|  return value|
|ap_idle       |  out|    1|  ap_ctrl_hs|  AddRoundKey416|  return value|
|ap_ready      |  out|    1|  ap_ctrl_hs|  AddRoundKey416|  return value|
|ap_return_0   |  out|    8|  ap_ctrl_hs|  AddRoundKey416|  return value|
|ap_return_1   |  out|    8|  ap_ctrl_hs|  AddRoundKey416|  return value|
|ap_return_2   |  out|    8|  ap_ctrl_hs|  AddRoundKey416|  return value|
|ap_return_3   |  out|    8|  ap_ctrl_hs|  AddRoundKey416|  return value|
|ap_return_4   |  out|    8|  ap_ctrl_hs|  AddRoundKey416|  return value|
|ap_return_5   |  out|    8|  ap_ctrl_hs|  AddRoundKey416|  return value|
|ap_return_6   |  out|    8|  ap_ctrl_hs|  AddRoundKey416|  return value|
|ap_return_7   |  out|    8|  ap_ctrl_hs|  AddRoundKey416|  return value|
|ap_return_8   |  out|    8|  ap_ctrl_hs|  AddRoundKey416|  return value|
|ap_return_9   |  out|    8|  ap_ctrl_hs|  AddRoundKey416|  return value|
|ap_return_10  |  out|    8|  ap_ctrl_hs|  AddRoundKey416|  return value|
|ap_return_11  |  out|    8|  ap_ctrl_hs|  AddRoundKey416|  return value|
|ap_return_12  |  out|    8|  ap_ctrl_hs|  AddRoundKey416|  return value|
|ap_return_13  |  out|    8|  ap_ctrl_hs|  AddRoundKey416|  return value|
|ap_return_14  |  out|    8|  ap_ctrl_hs|  AddRoundKey416|  return value|
|ap_return_15  |  out|    8|  ap_ctrl_hs|  AddRoundKey416|  return value|
|w_0_address0  |  out|    4|   ap_memory|             w_0|         array|
|w_0_ce0       |  out|    1|   ap_memory|             w_0|         array|
|w_0_q0        |   in|    8|   ap_memory|             w_0|         array|
|p_read        |   in|    8|     ap_none|          p_read|        scalar|
|p_read1       |   in|    8|     ap_none|         p_read1|        scalar|
|p_read2       |   in|    8|     ap_none|         p_read2|        scalar|
|p_read3       |   in|    8|     ap_none|         p_read3|        scalar|
|p_read4       |   in|    8|     ap_none|         p_read4|        scalar|
|p_read5       |   in|    8|     ap_none|         p_read5|        scalar|
|p_read6       |   in|    8|     ap_none|         p_read6|        scalar|
|p_read7       |   in|    8|     ap_none|         p_read7|        scalar|
|p_read8       |   in|    8|     ap_none|         p_read8|        scalar|
|p_read9       |   in|    8|     ap_none|         p_read9|        scalar|
|p_read10      |   in|    8|     ap_none|        p_read10|        scalar|
|p_read11      |   in|    8|     ap_none|        p_read11|        scalar|
|p_read12      |   in|    8|     ap_none|        p_read12|        scalar|
|p_read13      |   in|    8|     ap_none|        p_read13|        scalar|
|p_read14      |   in|    8|     ap_none|        p_read14|        scalar|
|p_read15      |   in|    8|     ap_none|        p_read15|        scalar|
+--------------+-----+-----+------------+----------------+--------------+

