

================================================================
== Vitis HLS Report for 'Cipher_Block_split1657_proc'
================================================================
* Date:           Wed Dec 29 21:50:40 2021

* Version:        2020.2 (Build 3064766 on Wed Nov 18 09:12:45 MST 2020)
* Project:        aes
* Solution:       solution1 (Vivado IP Flow Target)
* Product family: zynq
* Target device:  xc7z020-clg400-1


================================================================
== Performance Estimates
================================================================
+ Timing: 
    * Summary: 
    +--------+----------+----------+------------+
    |  Clock |  Target  | Estimated| Uncertainty|
    +--------+----------+----------+------------+
    |ap_clk  |  10.00 ns|      0 ns|     2.70 ns|
    +--------+----------+----------+------------+

+ Latency: 
    * Summary: 
    +---------+---------+----------+----------+-----+-----+---------+
    |  Latency (cycles) |  Latency (absolute) |  Interval | Pipeline|
    |   min   |   max   |    min   |    max   | min | max |   Type  |
    +---------+---------+----------+----------+-----+-----+---------+
    |        0|        0|      0 ns|      0 ns|    0|    0|     none|
    +---------+---------+----------+----------+-----+-----+---------+

    + Detail: 
        * Instance: 
        N/A

        * Loop: 
        N/A



================================================================
== Utilization Estimates
================================================================
* Summary: 
+-----------------+---------+-----+--------+-------+-----+
|       Name      | BRAM_18K| DSP |   FF   |  LUT  | URAM|
+-----------------+---------+-----+--------+-------+-----+
|DSP              |        -|    -|       -|      -|    -|
|Expression       |        -|    -|       0|      2|    -|
|FIFO             |        -|    -|       -|      -|    -|
|Instance         |        -|    -|       -|      -|    -|
|Memory           |        -|    -|       -|      -|    -|
|Multiplexer      |        -|    -|       -|    153|    -|
|Register         |        -|    -|     130|      -|    -|
+-----------------+---------+-----+--------+-------+-----+
|Total            |        0|    0|     130|    155|    0|
+-----------------+---------+-----+--------+-------+-----+
|Available        |      280|  220|  106400|  53200|    0|
+-----------------+---------+-----+--------+-------+-----+
|Utilization (%)  |        0|    0|      ~0|     ~0|    0|
+-----------------+---------+-----+--------+-------+-----+

+ Detail: 
    * Instance: 
    N/A

    * DSP: 
    N/A

    * Memory: 
    N/A

    * FIFO: 
    N/A

    * Expression: 
    +-----------------+----------+----+---+----+------------+------------+
    |  Variable Name  | Operation| DSP| FF| LUT| Bitwidth P0| Bitwidth P1|
    +-----------------+----------+----+---+----+------------+------------+
    |ap_block_state1  |        or|   0|  0|   2|           1|           1|
    +-----------------+----------+----+---+----+------------+------------+
    |Total            |          |   0|  0|   2|           1|           1|
    +-----------------+----------+----+---+----+------------+------------+

    * Multiplexer: 
    +---------+----+-----------+-----+-----------+
    |   Name  | LUT| Input Size| Bits| Total Bits|
    +---------+----+-----------+-----+-----------+
    |ap_done  |   9|          2|    1|          2|
    |out16    |   9|          2|    8|         16|
    |out17    |   9|          2|    8|         16|
    |out18    |   9|          2|    8|         16|
    |out19    |   9|          2|    8|         16|
    |out20    |   9|          2|    8|         16|
    |out21    |   9|          2|    8|         16|
    |out22    |   9|          2|    8|         16|
    |out23    |   9|          2|    8|         16|
    |out24    |   9|          2|    8|         16|
    |out25    |   9|          2|    8|         16|
    |out26    |   9|          2|    8|         16|
    |out27    |   9|          2|    8|         16|
    |out28    |   9|          2|    8|         16|
    |out29    |   9|          2|    8|         16|
    |out30    |   9|          2|    8|         16|
    |out_r    |   9|          2|    8|         16|
    +---------+----+-----------+-----+-----------+
    |Total    | 153|         34|  129|        258|
    +---------+----+-----------+-----+-----------+

    * Register: 
    +-------------+---+----+-----+-----------+
    |     Name    | FF| LUT| Bits| Const Bits|
    +-------------+---+----+-----+-----------+
    |ap_CS_fsm    |  1|   0|    1|          0|
    |ap_done_reg  |  1|   0|    1|          0|
    |out16_preg   |  8|   0|    8|          0|
    |out17_preg   |  8|   0|    8|          0|
    |out18_preg   |  8|   0|    8|          0|
    |out19_preg   |  8|   0|    8|          0|
    |out20_preg   |  8|   0|    8|          0|
    |out21_preg   |  8|   0|    8|          0|
    |out22_preg   |  8|   0|    8|          0|
    |out23_preg   |  8|   0|    8|          0|
    |out24_preg   |  8|   0|    8|          0|
    |out25_preg   |  8|   0|    8|          0|
    |out26_preg   |  8|   0|    8|          0|
    |out27_preg   |  8|   0|    8|          0|
    |out28_preg   |  8|   0|    8|          0|
    |out29_preg   |  8|   0|    8|          0|
    |out30_preg   |  8|   0|    8|          0|
    |out_r_preg   |  8|   0|    8|          0|
    +-------------+---+----+-----+-----------+
    |Total        |130|   0|  130|          0|
    +-------------+---+----+-----+-----------+



================================================================
== Interface
================================================================
* Summary: 
+--------------+-----+-----+------------+------------------------------+--------------+
|   RTL Ports  | Dir | Bits|  Protocol  |         Source Object        |    C Type    |
+--------------+-----+-----+------------+------------------------------+--------------+
|ap_clk        |   in|    1|  ap_ctrl_hs|  Cipher_Block_.split1657_proc|  return value|
|ap_rst        |   in|    1|  ap_ctrl_hs|  Cipher_Block_.split1657_proc|  return value|
|ap_start      |   in|    1|  ap_ctrl_hs|  Cipher_Block_.split1657_proc|  return value|
|ap_done       |  out|    1|  ap_ctrl_hs|  Cipher_Block_.split1657_proc|  return value|
|ap_continue   |   in|    1|  ap_ctrl_hs|  Cipher_Block_.split1657_proc|  return value|
|ap_idle       |  out|    1|  ap_ctrl_hs|  Cipher_Block_.split1657_proc|  return value|
|ap_ready      |  out|    1|  ap_ctrl_hs|  Cipher_Block_.split1657_proc|  return value|
|p_read        |   in|    8|     ap_none|                        p_read|        scalar|
|out_r         |  out|    8|      ap_vld|                         out_r|       pointer|
|out_r_ap_vld  |  out|    1|      ap_vld|                         out_r|       pointer|
|p_read1       |   in|    8|     ap_none|                       p_read1|        scalar|
|out16         |  out|    8|      ap_vld|                         out16|       pointer|
|out16_ap_vld  |  out|    1|      ap_vld|                         out16|       pointer|
|p_read2       |   in|    8|     ap_none|                       p_read2|        scalar|
|out17         |  out|    8|      ap_vld|                         out17|       pointer|
|out17_ap_vld  |  out|    1|      ap_vld|                         out17|       pointer|
|p_read3       |   in|    8|     ap_none|                       p_read3|        scalar|
|out18         |  out|    8|      ap_vld|                         out18|       pointer|
|out18_ap_vld  |  out|    1|      ap_vld|                         out18|       pointer|
|p_read4       |   in|    8|     ap_none|                       p_read4|        scalar|
|out19         |  out|    8|      ap_vld|                         out19|       pointer|
|out19_ap_vld  |  out|    1|      ap_vld|                         out19|       pointer|
|p_read5       |   in|    8|     ap_none|                       p_read5|        scalar|
|out20         |  out|    8|      ap_vld|                         out20|       pointer|
|out20_ap_vld  |  out|    1|      ap_vld|                         out20|       pointer|
|p_read6       |   in|    8|     ap_none|                       p_read6|        scalar|
|out21         |  out|    8|      ap_vld|                         out21|       pointer|
|out21_ap_vld  |  out|    1|      ap_vld|                         out21|       pointer|
|p_read7       |   in|    8|     ap_none|                       p_read7|        scalar|
|out22         |  out|    8|      ap_vld|                         out22|       pointer|
|out22_ap_vld  |  out|    1|      ap_vld|                         out22|       pointer|
|p_read8       |   in|    8|     ap_none|                       p_read8|        scalar|
|out23         |  out|    8|      ap_vld|                         out23|       pointer|
|out23_ap_vld  |  out|    1|      ap_vld|                         out23|       pointer|
|p_read9       |   in|    8|     ap_none|                       p_read9|        scalar|
|out24         |  out|    8|      ap_vld|                         out24|       pointer|
|out24_ap_vld  |  out|    1|      ap_vld|                         out24|       pointer|
|p_read10      |   in|    8|     ap_none|                      p_read10|        scalar|
|out25         |  out|    8|      ap_vld|                         out25|       pointer|
|out25_ap_vld  |  out|    1|      ap_vld|                         out25|       pointer|
|p_read11      |   in|    8|     ap_none|                      p_read11|        scalar|
|out26         |  out|    8|      ap_vld|                         out26|       pointer|
|out26_ap_vld  |  out|    1|      ap_vld|                         out26|       pointer|
|p_read12      |   in|    8|     ap_none|                      p_read12|        scalar|
|out27         |  out|    8|      ap_vld|                         out27|       pointer|
|out27_ap_vld  |  out|    1|      ap_vld|                         out27|       pointer|
|p_read13      |   in|    8|     ap_none|                      p_read13|        scalar|
|out28         |  out|    8|      ap_vld|                         out28|       pointer|
|out28_ap_vld  |  out|    1|      ap_vld|                         out28|       pointer|
|p_read14      |   in|    8|     ap_none|                      p_read14|        scalar|
|out29         |  out|    8|      ap_vld|                         out29|       pointer|
|out29_ap_vld  |  out|    1|      ap_vld|                         out29|       pointer|
|p_read15      |   in|    8|     ap_none|                      p_read15|        scalar|
|out30         |  out|    8|      ap_vld|                         out30|       pointer|
|out30_ap_vld  |  out|    1|      ap_vld|                         out30|       pointer|
+--------------+-----+-----+------------+------------------------------+--------------+

