

================================================================
== Vitis HLS Report for 'Cipher_Block_split196_proc115'
================================================================
* Date:           Thu Dec 30 15:47:35 2021

* Version:        2020.2 (Build 3064766 on Wed Nov 18 09:12:45 MST 2020)
* Project:        aes
* Solution:       solution1 (Vivado IP Flow Target)
* Product family: zynq
* Target device:  xc7z020-clg400-1


================================================================
== Performance Estimates
================================================================
+ Timing: 
    * Summary: 
    +--------+----------+----------+------------+
    |  Clock |  Target  | Estimated| Uncertainty|
    +--------+----------+----------+------------+
    |ap_clk  |  10.00 ns|  3.650 ns|     2.70 ns|
    +--------+----------+----------+------------+

+ Latency: 
    * Summary: 
    +---------+---------+----------+----------+-----+-----+---------+
    |  Latency (cycles) |  Latency (absolute) |  Interval | Pipeline|
    |   min   |   max   |    min   |    max   | min | max |   Type  |
    +---------+---------+----------+----------+-----+-----+---------+
    |        0|        0|      0 ns|      0 ns|    0|    0|     none|
    +---------+---------+----------+----------+-----+-----+---------+

    + Detail: 
        * Instance: 
        N/A

        * Loop: 
        N/A



================================================================
== Utilization Estimates
================================================================
* Summary: 
+-----------------+---------+-----+--------+-------+-----+
|       Name      | BRAM_18K| DSP |   FF   |  LUT  | URAM|
+-----------------+---------+-----+--------+-------+-----+
|DSP              |        -|    -|       -|      -|    -|
|Expression       |        -|    -|       0|      2|    -|
|FIFO             |        -|    -|       -|      -|    -|
|Instance         |        -|    -|       -|      -|    -|
|Memory           |        -|    -|       -|      -|    -|
|Multiplexer      |        -|    -|       -|   1737|    -|
|Register         |        -|    -|     130|      -|    -|
+-----------------+---------+-----+--------+-------+-----+
|Total            |        0|    0|     130|   1739|    0|
+-----------------+---------+-----+--------+-------+-----+
|Available        |      280|  220|  106400|  53200|    0|
+-----------------+---------+-----+--------+-------+-----+
|Utilization (%)  |        0|    0|      ~0|      3|    0|
+-----------------+---------+-----+--------+-------+-----+

+ Detail: 
    * Instance: 
    N/A

    * DSP: 
    N/A

    * Memory: 
    N/A

    * FIFO: 
    N/A

    * Expression: 
    +-----------------+----------+----+---+----+------------+------------+
    |  Variable Name  | Operation| DSP| FF| LUT| Bitwidth P0| Bitwidth P1|
    +-----------------+----------+----+---+----+------------+------------+
    |ap_block_state1  |        or|   0|  0|   2|           1|           1|
    +-----------------+----------+----+---+----+------------+------------+
    |Total            |          |   0|  0|   2|           1|           1|
    +-----------------+----------+----+---+----+------------+------------+

    * Multiplexer: 
    +------------------------+----+-----------+-----+-----------+
    |          Name          | LUT| Input Size| Bits| Total Bits|
    +------------------------+----+-----------+-----+-----------+
    |RoundKey_0_out_blk_n    |   9|          2|    1|          2|
    |RoundKey_100_out_blk_n  |   9|          2|    1|          2|
    |RoundKey_101_out_blk_n  |   9|          2|    1|          2|
    |RoundKey_102_out_blk_n  |   9|          2|    1|          2|
    |RoundKey_103_out_blk_n  |   9|          2|    1|          2|
    |RoundKey_104_out_blk_n  |   9|          2|    1|          2|
    |RoundKey_105_out_blk_n  |   9|          2|    1|          2|
    |RoundKey_106_out_blk_n  |   9|          2|    1|          2|
    |RoundKey_107_out_blk_n  |   9|          2|    1|          2|
    |RoundKey_108_out_blk_n  |   9|          2|    1|          2|
    |RoundKey_109_out_blk_n  |   9|          2|    1|          2|
    |RoundKey_10_out_blk_n   |   9|          2|    1|          2|
    |RoundKey_110_out_blk_n  |   9|          2|    1|          2|
    |RoundKey_111_out_blk_n  |   9|          2|    1|          2|
    |RoundKey_112_out_blk_n  |   9|          2|    1|          2|
    |RoundKey_113_out_blk_n  |   9|          2|    1|          2|
    |RoundKey_114_out_blk_n  |   9|          2|    1|          2|
    |RoundKey_115_out_blk_n  |   9|          2|    1|          2|
    |RoundKey_116_out_blk_n  |   9|          2|    1|          2|
    |RoundKey_117_out_blk_n  |   9|          2|    1|          2|
    |RoundKey_118_out_blk_n  |   9|          2|    1|          2|
    |RoundKey_119_out_blk_n  |   9|          2|    1|          2|
    |RoundKey_11_out_blk_n   |   9|          2|    1|          2|
    |RoundKey_120_out_blk_n  |   9|          2|    1|          2|
    |RoundKey_121_out_blk_n  |   9|          2|    1|          2|
    |RoundKey_122_out_blk_n  |   9|          2|    1|          2|
    |RoundKey_123_out_blk_n  |   9|          2|    1|          2|
    |RoundKey_124_out_blk_n  |   9|          2|    1|          2|
    |RoundKey_125_out_blk_n  |   9|          2|    1|          2|
    |RoundKey_126_out_blk_n  |   9|          2|    1|          2|
    |RoundKey_127_out_blk_n  |   9|          2|    1|          2|
    |RoundKey_128_out_blk_n  |   9|          2|    1|          2|
    |RoundKey_129_out_blk_n  |   9|          2|    1|          2|
    |RoundKey_12_out_blk_n   |   9|          2|    1|          2|
    |RoundKey_130_out_blk_n  |   9|          2|    1|          2|
    |RoundKey_131_out_blk_n  |   9|          2|    1|          2|
    |RoundKey_132_out_blk_n  |   9|          2|    1|          2|
    |RoundKey_133_out_blk_n  |   9|          2|    1|          2|
    |RoundKey_134_out_blk_n  |   9|          2|    1|          2|
    |RoundKey_135_out_blk_n  |   9|          2|    1|          2|
    |RoundKey_136_out_blk_n  |   9|          2|    1|          2|
    |RoundKey_137_out_blk_n  |   9|          2|    1|          2|
    |RoundKey_138_out_blk_n  |   9|          2|    1|          2|
    |RoundKey_139_out_blk_n  |   9|          2|    1|          2|
    |RoundKey_13_out_blk_n   |   9|          2|    1|          2|
    |RoundKey_140_out_blk_n  |   9|          2|    1|          2|
    |RoundKey_141_out_blk_n  |   9|          2|    1|          2|
    |RoundKey_142_out_blk_n  |   9|          2|    1|          2|
    |RoundKey_143_out_blk_n  |   9|          2|    1|          2|
    |RoundKey_144_out_blk_n  |   9|          2|    1|          2|
    |RoundKey_145_out_blk_n  |   9|          2|    1|          2|
    |RoundKey_146_out_blk_n  |   9|          2|    1|          2|
    |RoundKey_147_out_blk_n  |   9|          2|    1|          2|
    |RoundKey_148_out_blk_n  |   9|          2|    1|          2|
    |RoundKey_149_out_blk_n  |   9|          2|    1|          2|
    |RoundKey_14_out_blk_n   |   9|          2|    1|          2|
    |RoundKey_150_out_blk_n  |   9|          2|    1|          2|
    |RoundKey_151_out_blk_n  |   9|          2|    1|          2|
    |RoundKey_152_out_blk_n  |   9|          2|    1|          2|
    |RoundKey_153_out_blk_n  |   9|          2|    1|          2|
    |RoundKey_154_out_blk_n  |   9|          2|    1|          2|
    |RoundKey_155_out_blk_n  |   9|          2|    1|          2|
    |RoundKey_156_out_blk_n  |   9|          2|    1|          2|
    |RoundKey_157_out_blk_n  |   9|          2|    1|          2|
    |RoundKey_158_out_blk_n  |   9|          2|    1|          2|
    |RoundKey_159_out_blk_n  |   9|          2|    1|          2|
    |RoundKey_15_out_blk_n   |   9|          2|    1|          2|
    |RoundKey_160_out_blk_n  |   9|          2|    1|          2|
    |RoundKey_161_out_blk_n  |   9|          2|    1|          2|
    |RoundKey_162_out_blk_n  |   9|          2|    1|          2|
    |RoundKey_163_out_blk_n  |   9|          2|    1|          2|
    |RoundKey_164_out_blk_n  |   9|          2|    1|          2|
    |RoundKey_165_out_blk_n  |   9|          2|    1|          2|
    |RoundKey_166_out_blk_n  |   9|          2|    1|          2|
    |RoundKey_167_out_blk_n  |   9|          2|    1|          2|
    |RoundKey_168_out_blk_n  |   9|          2|    1|          2|
    |RoundKey_169_out_blk_n  |   9|          2|    1|          2|
    |RoundKey_16_out_blk_n   |   9|          2|    1|          2|
    |RoundKey_170_out_blk_n  |   9|          2|    1|          2|
    |RoundKey_171_out_blk_n  |   9|          2|    1|          2|
    |RoundKey_172_out_blk_n  |   9|          2|    1|          2|
    |RoundKey_173_out_blk_n  |   9|          2|    1|          2|
    |RoundKey_174_out_blk_n  |   9|          2|    1|          2|
    |RoundKey_175_out_blk_n  |   9|          2|    1|          2|
    |RoundKey_17_out_blk_n   |   9|          2|    1|          2|
    |RoundKey_18_out_blk_n   |   9|          2|    1|          2|
    |RoundKey_19_out_blk_n   |   9|          2|    1|          2|
    |RoundKey_1_out_blk_n    |   9|          2|    1|          2|
    |RoundKey_20_out_blk_n   |   9|          2|    1|          2|
    |RoundKey_21_out_blk_n   |   9|          2|    1|          2|
    |RoundKey_22_out_blk_n   |   9|          2|    1|          2|
    |RoundKey_23_out_blk_n   |   9|          2|    1|          2|
    |RoundKey_24_out_blk_n   |   9|          2|    1|          2|
    |RoundKey_25_out_blk_n   |   9|          2|    1|          2|
    |RoundKey_26_out_blk_n   |   9|          2|    1|          2|
    |RoundKey_27_out_blk_n   |   9|          2|    1|          2|
    |RoundKey_28_out_blk_n   |   9|          2|    1|          2|
    |RoundKey_29_out_blk_n   |   9|          2|    1|          2|
    |RoundKey_2_out_blk_n    |   9|          2|    1|          2|
    |RoundKey_30_out_blk_n   |   9|          2|    1|          2|
    |RoundKey_31_out_blk_n   |   9|          2|    1|          2|
    |RoundKey_32_out_blk_n   |   9|          2|    1|          2|
    |RoundKey_33_out_blk_n   |   9|          2|    1|          2|
    |RoundKey_34_out_blk_n   |   9|          2|    1|          2|
    |RoundKey_35_out_blk_n   |   9|          2|    1|          2|
    |RoundKey_36_out_blk_n   |   9|          2|    1|          2|
    |RoundKey_37_out_blk_n   |   9|          2|    1|          2|
    |RoundKey_38_out_blk_n   |   9|          2|    1|          2|
    |RoundKey_39_out_blk_n   |   9|          2|    1|          2|
    |RoundKey_3_out_blk_n    |   9|          2|    1|          2|
    |RoundKey_40_out_blk_n   |   9|          2|    1|          2|
    |RoundKey_41_out_blk_n   |   9|          2|    1|          2|
    |RoundKey_42_out_blk_n   |   9|          2|    1|          2|
    |RoundKey_43_out_blk_n   |   9|          2|    1|          2|
    |RoundKey_44_out_blk_n   |   9|          2|    1|          2|
    |RoundKey_45_out_blk_n   |   9|          2|    1|          2|
    |RoundKey_46_out_blk_n   |   9|          2|    1|          2|
    |RoundKey_47_out_blk_n   |   9|          2|    1|          2|
    |RoundKey_48_out_blk_n   |   9|          2|    1|          2|
    |RoundKey_49_out_blk_n   |   9|          2|    1|          2|
    |RoundKey_4_out_blk_n    |   9|          2|    1|          2|
    |RoundKey_50_out_blk_n   |   9|          2|    1|          2|
    |RoundKey_51_out_blk_n   |   9|          2|    1|          2|
    |RoundKey_52_out_blk_n   |   9|          2|    1|          2|
    |RoundKey_53_out_blk_n   |   9|          2|    1|          2|
    |RoundKey_54_out_blk_n   |   9|          2|    1|          2|
    |RoundKey_55_out_blk_n   |   9|          2|    1|          2|
    |RoundKey_56_out_blk_n   |   9|          2|    1|          2|
    |RoundKey_57_out_blk_n   |   9|          2|    1|          2|
    |RoundKey_58_out_blk_n   |   9|          2|    1|          2|
    |RoundKey_59_out_blk_n   |   9|          2|    1|          2|
    |RoundKey_5_out_blk_n    |   9|          2|    1|          2|
    |RoundKey_60_out_blk_n   |   9|          2|    1|          2|
    |RoundKey_61_out_blk_n   |   9|          2|    1|          2|
    |RoundKey_62_out_blk_n   |   9|          2|    1|          2|
    |RoundKey_63_out_blk_n   |   9|          2|    1|          2|
    |RoundKey_64_out_blk_n   |   9|          2|    1|          2|
    |RoundKey_65_out_blk_n   |   9|          2|    1|          2|
    |RoundKey_66_out_blk_n   |   9|          2|    1|          2|
    |RoundKey_67_out_blk_n   |   9|          2|    1|          2|
    |RoundKey_68_out_blk_n   |   9|          2|    1|          2|
    |RoundKey_69_out_blk_n   |   9|          2|    1|          2|
    |RoundKey_6_out_blk_n    |   9|          2|    1|          2|
    |RoundKey_70_out_blk_n   |   9|          2|    1|          2|
    |RoundKey_71_out_blk_n   |   9|          2|    1|          2|
    |RoundKey_72_out_blk_n   |   9|          2|    1|          2|
    |RoundKey_73_out_blk_n   |   9|          2|    1|          2|
    |RoundKey_74_out_blk_n   |   9|          2|    1|          2|
    |RoundKey_75_out_blk_n   |   9|          2|    1|          2|
    |RoundKey_76_out_blk_n   |   9|          2|    1|          2|
    |RoundKey_77_out_blk_n   |   9|          2|    1|          2|
    |RoundKey_78_out_blk_n   |   9|          2|    1|          2|
    |RoundKey_79_out_blk_n   |   9|          2|    1|          2|
    |RoundKey_7_out_blk_n    |   9|          2|    1|          2|
    |RoundKey_80_out_blk_n   |   9|          2|    1|          2|
    |RoundKey_81_out_blk_n   |   9|          2|    1|          2|
    |RoundKey_82_out_blk_n   |   9|          2|    1|          2|
    |RoundKey_83_out_blk_n   |   9|          2|    1|          2|
    |RoundKey_84_out_blk_n   |   9|          2|    1|          2|
    |RoundKey_85_out_blk_n   |   9|          2|    1|          2|
    |RoundKey_86_out_blk_n   |   9|          2|    1|          2|
    |RoundKey_87_out_blk_n   |   9|          2|    1|          2|
    |RoundKey_88_out_blk_n   |   9|          2|    1|          2|
    |RoundKey_89_out_blk_n   |   9|          2|    1|          2|
    |RoundKey_8_out_blk_n    |   9|          2|    1|          2|
    |RoundKey_90_out_blk_n   |   9|          2|    1|          2|
    |RoundKey_91_out_blk_n   |   9|          2|    1|          2|
    |RoundKey_92_out_blk_n   |   9|          2|    1|          2|
    |RoundKey_93_out_blk_n   |   9|          2|    1|          2|
    |RoundKey_94_out_blk_n   |   9|          2|    1|          2|
    |RoundKey_95_out_blk_n   |   9|          2|    1|          2|
    |RoundKey_96_out_blk_n   |   9|          2|    1|          2|
    |RoundKey_97_out_blk_n   |   9|          2|    1|          2|
    |RoundKey_98_out_blk_n   |   9|          2|    1|          2|
    |RoundKey_99_out_blk_n   |   9|          2|    1|          2|
    |RoundKey_9_out_blk_n    |   9|          2|    1|          2|
    |ap_done                 |   9|          2|    1|          2|
    |ap_return_0             |   9|          2|    8|         16|
    |ap_return_1             |   9|          2|    8|         16|
    |ap_return_10            |   9|          2|    8|         16|
    |ap_return_11            |   9|          2|    8|         16|
    |ap_return_12            |   9|          2|    8|         16|
    |ap_return_13            |   9|          2|    8|         16|
    |ap_return_14            |   9|          2|    8|         16|
    |ap_return_15            |   9|          2|    8|         16|
    |ap_return_2             |   9|          2|    8|         16|
    |ap_return_3             |   9|          2|    8|         16|
    |ap_return_4             |   9|          2|    8|         16|
    |ap_return_5             |   9|          2|    8|         16|
    |ap_return_6             |   9|          2|    8|         16|
    |ap_return_7             |   9|          2|    8|         16|
    |ap_return_8             |   9|          2|    8|         16|
    |ap_return_9             |   9|          2|    8|         16|
    +------------------------+----+-----------+-----+-----------+
    |Total                   |1737|        386|  305|        610|
    +------------------------+----+-----------+-----+-----------+

    * Register: 
    +-------------------+---+----+-----+-----------+
    |        Name       | FF| LUT| Bits| Const Bits|
    +-------------------+---+----+-----+-----------+
    |ap_CS_fsm          |  1|   0|    1|          0|
    |ap_done_reg        |  1|   0|    1|          0|
    |ap_return_0_preg   |  8|   0|    8|          0|
    |ap_return_10_preg  |  8|   0|    8|          0|
    |ap_return_11_preg  |  8|   0|    8|          0|
    |ap_return_12_preg  |  8|   0|    8|          0|
    |ap_return_13_preg  |  8|   0|    8|          0|
    |ap_return_14_preg  |  8|   0|    8|          0|
    |ap_return_15_preg  |  8|   0|    8|          0|
    |ap_return_1_preg   |  8|   0|    8|          0|
    |ap_return_2_preg   |  8|   0|    8|          0|
    |ap_return_3_preg   |  8|   0|    8|          0|
    |ap_return_4_preg   |  8|   0|    8|          0|
    |ap_return_5_preg   |  8|   0|    8|          0|
    |ap_return_6_preg   |  8|   0|    8|          0|
    |ap_return_7_preg   |  8|   0|    8|          0|
    |ap_return_8_preg   |  8|   0|    8|          0|
    |ap_return_9_preg   |  8|   0|    8|          0|
    +-------------------+---+----+-----+-----------+
    |Total              |130|   0|  130|          0|
    +-------------------+---+----+-----+-----------+



================================================================
== Interface
================================================================
* Summary: 
+-------------------------+-----+-----+------------+--------------------------------+--------------+
|        RTL Ports        | Dir | Bits|  Protocol  |          Source Object         |    C Type    |
+-------------------------+-----+-----+------------+--------------------------------+--------------+
|ap_clk                   |   in|    1|  ap_ctrl_hs|  Cipher_Block_.split196_proc115|  return value|
|ap_rst                   |   in|    1|  ap_ctrl_hs|  Cipher_Block_.split196_proc115|  return value|
|ap_start                 |   in|    1|  ap_ctrl_hs|  Cipher_Block_.split196_proc115|  return value|
|ap_done                  |  out|    1|  ap_ctrl_hs|  Cipher_Block_.split196_proc115|  return value|
|ap_continue              |   in|    1|  ap_ctrl_hs|  Cipher_Block_.split196_proc115|  return value|
|ap_idle                  |  out|    1|  ap_ctrl_hs|  Cipher_Block_.split196_proc115|  return value|
|ap_ready                 |  out|    1|  ap_ctrl_hs|  Cipher_Block_.split196_proc115|  return value|
|ap_return_0              |  out|    8|  ap_ctrl_hs|  Cipher_Block_.split196_proc115|  return value|
|ap_return_1              |  out|    8|  ap_ctrl_hs|  Cipher_Block_.split196_proc115|  return value|
|ap_return_2              |  out|    8|  ap_ctrl_hs|  Cipher_Block_.split196_proc115|  return value|
|ap_return_3              |  out|    8|  ap_ctrl_hs|  Cipher_Block_.split196_proc115|  return value|
|ap_return_4              |  out|    8|  ap_ctrl_hs|  Cipher_Block_.split196_proc115|  return value|
|ap_return_5              |  out|    8|  ap_ctrl_hs|  Cipher_Block_.split196_proc115|  return value|
|ap_return_6              |  out|    8|  ap_ctrl_hs|  Cipher_Block_.split196_proc115|  return value|
|ap_return_7              |  out|    8|  ap_ctrl_hs|  Cipher_Block_.split196_proc115|  return value|
|ap_return_8              |  out|    8|  ap_ctrl_hs|  Cipher_Block_.split196_proc115|  return value|
|ap_return_9              |  out|    8|  ap_ctrl_hs|  Cipher_Block_.split196_proc115|  return value|
|ap_return_10             |  out|    8|  ap_ctrl_hs|  Cipher_Block_.split196_proc115|  return value|
|ap_return_11             |  out|    8|  ap_ctrl_hs|  Cipher_Block_.split196_proc115|  return value|
|ap_return_12             |  out|    8|  ap_ctrl_hs|  Cipher_Block_.split196_proc115|  return value|
|ap_return_13             |  out|    8|  ap_ctrl_hs|  Cipher_Block_.split196_proc115|  return value|
|ap_return_14             |  out|    8|  ap_ctrl_hs|  Cipher_Block_.split196_proc115|  return value|
|ap_return_15             |  out|    8|  ap_ctrl_hs|  Cipher_Block_.split196_proc115|  return value|
|plain_0_read             |   in|    8|     ap_none|                    plain_0_read|        scalar|
|plain_1_read             |   in|    8|     ap_none|                    plain_1_read|        scalar|
|plain_2_read             |   in|    8|     ap_none|                    plain_2_read|        scalar|
|plain_3_read             |   in|    8|     ap_none|                    plain_3_read|        scalar|
|plain_4_read             |   in|    8|     ap_none|                    plain_4_read|        scalar|
|plain_5_read             |   in|    8|     ap_none|                    plain_5_read|        scalar|
|plain_6_read             |   in|    8|     ap_none|                    plain_6_read|        scalar|
|plain_7_read             |   in|    8|     ap_none|                    plain_7_read|        scalar|
|plain_8_read             |   in|    8|     ap_none|                    plain_8_read|        scalar|
|plain_9_read             |   in|    8|     ap_none|                    plain_9_read|        scalar|
|plain_10_read            |   in|    8|     ap_none|                   plain_10_read|        scalar|
|plain_11_read            |   in|    8|     ap_none|                   plain_11_read|        scalar|
|plain_12_read            |   in|    8|     ap_none|                   plain_12_read|        scalar|
|plain_13_read            |   in|    8|     ap_none|                   plain_13_read|        scalar|
|plain_14_read            |   in|    8|     ap_none|                   plain_14_read|        scalar|
|plain_15_read            |   in|    8|     ap_none|                   plain_15_read|        scalar|
|p_read16                 |   in|    8|     ap_none|                        p_read16|        scalar|
|p_read47                 |   in|    8|     ap_none|                        p_read47|        scalar|
|p_read48                 |   in|    8|     ap_none|                        p_read48|        scalar|
|p_read49                 |   in|    8|     ap_none|                        p_read49|        scalar|
|p_read50                 |   in|    8|     ap_none|                        p_read50|        scalar|
|p_read51                 |   in|    8|     ap_none|                        p_read51|        scalar|
|p_read52                 |   in|    8|     ap_none|                        p_read52|        scalar|
|p_read53                 |   in|    8|     ap_none|                        p_read53|        scalar|
|p_read54                 |   in|    8|     ap_none|                        p_read54|        scalar|
|p_read55                 |   in|    8|     ap_none|                        p_read55|        scalar|
|p_read56                 |   in|    8|     ap_none|                        p_read56|        scalar|
|p_read57                 |   in|    8|     ap_none|                        p_read57|        scalar|
|p_read58                 |   in|    8|     ap_none|                        p_read58|        scalar|
|p_read59                 |   in|    8|     ap_none|                        p_read59|        scalar|
|p_read60                 |   in|    8|     ap_none|                        p_read60|        scalar|
|p_read61                 |   in|    8|     ap_none|                        p_read61|        scalar|
|p_read62                 |   in|    8|     ap_none|                        p_read62|        scalar|
|p_read63                 |   in|    8|     ap_none|                        p_read63|        scalar|
|p_read64                 |   in|    8|     ap_none|                        p_read64|        scalar|
|p_read65                 |   in|    8|     ap_none|                        p_read65|        scalar|
|p_read66                 |   in|    8|     ap_none|                        p_read66|        scalar|
|p_read67                 |   in|    8|     ap_none|                        p_read67|        scalar|
|p_read68                 |   in|    8|     ap_none|                        p_read68|        scalar|
|p_read69                 |   in|    8|     ap_none|                        p_read69|        scalar|
|p_read70                 |   in|    8|     ap_none|                        p_read70|        scalar|
|p_read71                 |   in|    8|     ap_none|                        p_read71|        scalar|
|p_read72                 |   in|    8|     ap_none|                        p_read72|        scalar|
|p_read73                 |   in|    8|     ap_none|                        p_read73|        scalar|
|p_read74                 |   in|    8|     ap_none|                        p_read74|        scalar|
|p_read75                 |   in|    8|     ap_none|                        p_read75|        scalar|
|p_read76                 |   in|    8|     ap_none|                        p_read76|        scalar|
|p_read77                 |   in|    8|     ap_none|                        p_read77|        scalar|
|p_read78                 |   in|    8|     ap_none|                        p_read78|        scalar|
|p_read79                 |   in|    8|     ap_none|                        p_read79|        scalar|
|p_read80                 |   in|    8|     ap_none|                        p_read80|        scalar|
|p_read81                 |   in|    8|     ap_none|                        p_read81|        scalar|
|p_read82                 |   in|    8|     ap_none|                        p_read82|        scalar|
|p_read83                 |   in|    8|     ap_none|                        p_read83|        scalar|
|p_read84                 |   in|    8|     ap_none|                        p_read84|        scalar|
|p_read85                 |   in|    8|     ap_none|                        p_read85|        scalar|
|p_read86                 |   in|    8|     ap_none|                        p_read86|        scalar|
|p_read87                 |   in|    8|     ap_none|                        p_read87|        scalar|
|p_read88                 |   in|    8|     ap_none|                        p_read88|        scalar|
|p_read89                 |   in|    8|     ap_none|                        p_read89|        scalar|
|p_read90                 |   in|    8|     ap_none|                        p_read90|        scalar|
|p_read91                 |   in|    8|     ap_none|                        p_read91|        scalar|
|p_read92                 |   in|    8|     ap_none|                        p_read92|        scalar|
|p_read93                 |   in|    8|     ap_none|                        p_read93|        scalar|
|p_read94                 |   in|    8|     ap_none|                        p_read94|        scalar|
|p_read95                 |   in|    8|     ap_none|                        p_read95|        scalar|
|p_read96                 |   in|    8|     ap_none|                        p_read96|        scalar|
|p_read97                 |   in|    8|     ap_none|                        p_read97|        scalar|
|p_read98                 |   in|    8|     ap_none|                        p_read98|        scalar|
|p_read99                 |   in|    8|     ap_none|                        p_read99|        scalar|
|p_read100                |   in|    8|     ap_none|                       p_read100|        scalar|
|p_read101                |   in|    8|     ap_none|                       p_read101|        scalar|
|p_read102                |   in|    8|     ap_none|                       p_read102|        scalar|
|p_read103                |   in|    8|     ap_none|                       p_read103|        scalar|
|p_read104                |   in|    8|     ap_none|                       p_read104|        scalar|
|p_read105                |   in|    8|     ap_none|                       p_read105|        scalar|
|p_read106                |   in|    8|     ap_none|                       p_read106|        scalar|
|p_read107                |   in|    8|     ap_none|                       p_read107|        scalar|
|p_read108                |   in|    8|     ap_none|                       p_read108|        scalar|
|p_read109                |   in|    8|     ap_none|                       p_read109|        scalar|
|p_read110                |   in|    8|     ap_none|                       p_read110|        scalar|
|p_read111                |   in|    8|     ap_none|                       p_read111|        scalar|
|p_read112                |   in|    8|     ap_none|                       p_read112|        scalar|
|p_read113                |   in|    8|     ap_none|                       p_read113|        scalar|
|p_read114                |   in|    8|     ap_none|                       p_read114|        scalar|
|p_read115                |   in|    8|     ap_none|                       p_read115|        scalar|
|p_read116                |   in|    8|     ap_none|                       p_read116|        scalar|
|p_read117                |   in|    8|     ap_none|                       p_read117|        scalar|
|p_read118                |   in|    8|     ap_none|                       p_read118|        scalar|
|p_read119                |   in|    8|     ap_none|                       p_read119|        scalar|
|p_read120                |   in|    8|     ap_none|                       p_read120|        scalar|
|p_read121                |   in|    8|     ap_none|                       p_read121|        scalar|
|p_read122                |   in|    8|     ap_none|                       p_read122|        scalar|
|p_read123                |   in|    8|     ap_none|                       p_read123|        scalar|
|p_read124                |   in|    8|     ap_none|                       p_read124|        scalar|
|p_read125                |   in|    8|     ap_none|                       p_read125|        scalar|
|p_read126                |   in|    8|     ap_none|                       p_read126|        scalar|
|p_read127                |   in|    8|     ap_none|                       p_read127|        scalar|
|p_read128                |   in|    8|     ap_none|                       p_read128|        scalar|
|p_read129                |   in|    8|     ap_none|                       p_read129|        scalar|
|p_read130                |   in|    8|     ap_none|                       p_read130|        scalar|
|p_read131                |   in|    8|     ap_none|                       p_read131|        scalar|
|p_read132                |   in|    8|     ap_none|                       p_read132|        scalar|
|p_read133                |   in|    8|     ap_none|                       p_read133|        scalar|
|p_read134                |   in|    8|     ap_none|                       p_read134|        scalar|
|p_read135                |   in|    8|     ap_none|                       p_read135|        scalar|
|p_read136                |   in|    8|     ap_none|                       p_read136|        scalar|
|p_read137                |   in|    8|     ap_none|                       p_read137|        scalar|
|p_read138                |   in|    8|     ap_none|                       p_read138|        scalar|
|p_read139                |   in|    8|     ap_none|                       p_read139|        scalar|
|p_read140                |   in|    8|     ap_none|                       p_read140|        scalar|
|p_read141                |   in|    8|     ap_none|                       p_read141|        scalar|
|p_read142                |   in|    8|     ap_none|                       p_read142|        scalar|
|p_read143                |   in|    8|     ap_none|                       p_read143|        scalar|
|p_read144                |   in|    8|     ap_none|                       p_read144|        scalar|
|p_read145                |   in|    8|     ap_none|                       p_read145|        scalar|
|p_read146                |   in|    8|     ap_none|                       p_read146|        scalar|
|p_read147                |   in|    8|     ap_none|                       p_read147|        scalar|
|p_read148                |   in|    8|     ap_none|                       p_read148|        scalar|
|p_read149                |   in|    8|     ap_none|                       p_read149|        scalar|
|p_read150                |   in|    8|     ap_none|                       p_read150|        scalar|
|p_read151                |   in|    8|     ap_none|                       p_read151|        scalar|
|p_read152                |   in|    8|     ap_none|                       p_read152|        scalar|
|p_read153                |   in|    8|     ap_none|                       p_read153|        scalar|
|p_read154                |   in|    8|     ap_none|                       p_read154|        scalar|
|p_read155                |   in|    8|     ap_none|                       p_read155|        scalar|
|p_read156                |   in|    8|     ap_none|                       p_read156|        scalar|
|p_read157                |   in|    8|     ap_none|                       p_read157|        scalar|
|p_read158                |   in|    8|     ap_none|                       p_read158|        scalar|
|p_read159                |   in|    8|     ap_none|                       p_read159|        scalar|
|p_read160                |   in|    8|     ap_none|                       p_read160|        scalar|
|p_read161                |   in|    8|     ap_none|                       p_read161|        scalar|
|p_read162                |   in|    8|     ap_none|                       p_read162|        scalar|
|p_read163                |   in|    8|     ap_none|                       p_read163|        scalar|
|p_read164                |   in|    8|     ap_none|                       p_read164|        scalar|
|p_read165                |   in|    8|     ap_none|                       p_read165|        scalar|
|p_read166                |   in|    8|     ap_none|                       p_read166|        scalar|
|p_read167                |   in|    8|     ap_none|                       p_read167|        scalar|
|p_read168                |   in|    8|     ap_none|                       p_read168|        scalar|
|p_read169                |   in|    8|     ap_none|                       p_read169|        scalar|
|p_read170                |   in|    8|     ap_none|                       p_read170|        scalar|
|p_read171                |   in|    8|     ap_none|                       p_read171|        scalar|
|p_read172                |   in|    8|     ap_none|                       p_read172|        scalar|
|p_read173                |   in|    8|     ap_none|                       p_read173|        scalar|
|p_read174                |   in|    8|     ap_none|                       p_read174|        scalar|
|p_read175                |   in|    8|     ap_none|                       p_read175|        scalar|
|p_read176                |   in|    8|     ap_none|                       p_read176|        scalar|
|p_read177                |   in|    8|     ap_none|                       p_read177|        scalar|
|p_read178                |   in|    8|     ap_none|                       p_read178|        scalar|
|p_read179                |   in|    8|     ap_none|                       p_read179|        scalar|
|p_read180                |   in|    8|     ap_none|                       p_read180|        scalar|
|p_read181                |   in|    8|     ap_none|                       p_read181|        scalar|
|p_read182                |   in|    8|     ap_none|                       p_read182|        scalar|
|p_read183                |   in|    8|     ap_none|                       p_read183|        scalar|
|p_read184                |   in|    8|     ap_none|                       p_read184|        scalar|
|p_read185                |   in|    8|     ap_none|                       p_read185|        scalar|
|p_read186                |   in|    8|     ap_none|                       p_read186|        scalar|
|p_read187                |   in|    8|     ap_none|                       p_read187|        scalar|
|p_read188                |   in|    8|     ap_none|                       p_read188|        scalar|
|p_read189                |   in|    8|     ap_none|                       p_read189|        scalar|
|p_read190                |   in|    8|     ap_none|                       p_read190|        scalar|
|p_read191                |   in|    8|     ap_none|                       p_read191|        scalar|
|p_read192                |   in|    8|     ap_none|                       p_read192|        scalar|
|p_read193                |   in|    8|     ap_none|                       p_read193|        scalar|
|p_read194                |   in|    8|     ap_none|                       p_read194|        scalar|
|p_read195                |   in|    8|     ap_none|                       p_read195|        scalar|
|p_read196                |   in|    8|     ap_none|                       p_read196|        scalar|
|p_read197                |   in|    8|     ap_none|                       p_read197|        scalar|
|p_read198                |   in|    8|     ap_none|                       p_read198|        scalar|
|p_read199                |   in|    8|     ap_none|                       p_read199|        scalar|
|p_read200                |   in|    8|     ap_none|                       p_read200|        scalar|
|p_read201                |   in|    8|     ap_none|                       p_read201|        scalar|
|p_read202                |   in|    8|     ap_none|                       p_read202|        scalar|
|p_read203                |   in|    8|     ap_none|                       p_read203|        scalar|
|p_read204                |   in|    8|     ap_none|                       p_read204|        scalar|
|p_read205                |   in|    8|     ap_none|                       p_read205|        scalar|
|p_read206                |   in|    8|     ap_none|                       p_read206|        scalar|
|p_read207                |   in|    8|     ap_none|                       p_read207|        scalar|
|p_read208                |   in|    8|     ap_none|                       p_read208|        scalar|
|p_read209                |   in|    8|     ap_none|                       p_read209|        scalar|
|p_read210                |   in|    8|     ap_none|                       p_read210|        scalar|
|p_read211                |   in|    8|     ap_none|                       p_read211|        scalar|
|p_read212                |   in|    8|     ap_none|                       p_read212|        scalar|
|p_read213                |   in|    8|     ap_none|                       p_read213|        scalar|
|p_read214                |   in|    8|     ap_none|                       p_read214|        scalar|
|p_read215                |   in|    8|     ap_none|                       p_read215|        scalar|
|p_read216                |   in|    8|     ap_none|                       p_read216|        scalar|
|p_read217                |   in|    8|     ap_none|                       p_read217|        scalar|
|p_read218                |   in|    8|     ap_none|                       p_read218|        scalar|
|p_read219                |   in|    8|     ap_none|                       p_read219|        scalar|
|p_read220                |   in|    8|     ap_none|                       p_read220|        scalar|
|p_read221                |   in|    8|     ap_none|                       p_read221|        scalar|
|RoundKey_0_out_din       |  out|    8|     ap_fifo|                  RoundKey_0_out|       pointer|
|RoundKey_0_out_full_n    |   in|    1|     ap_fifo|                  RoundKey_0_out|       pointer|
|RoundKey_0_out_write     |  out|    1|     ap_fifo|                  RoundKey_0_out|       pointer|
|RoundKey_1_out_din       |  out|    8|     ap_fifo|                  RoundKey_1_out|       pointer|
|RoundKey_1_out_full_n    |   in|    1|     ap_fifo|                  RoundKey_1_out|       pointer|
|RoundKey_1_out_write     |  out|    1|     ap_fifo|                  RoundKey_1_out|       pointer|
|RoundKey_2_out_din       |  out|    8|     ap_fifo|                  RoundKey_2_out|       pointer|
|RoundKey_2_out_full_n    |   in|    1|     ap_fifo|                  RoundKey_2_out|       pointer|
|RoundKey_2_out_write     |  out|    1|     ap_fifo|                  RoundKey_2_out|       pointer|
|RoundKey_3_out_din       |  out|    8|     ap_fifo|                  RoundKey_3_out|       pointer|
|RoundKey_3_out_full_n    |   in|    1|     ap_fifo|                  RoundKey_3_out|       pointer|
|RoundKey_3_out_write     |  out|    1|     ap_fifo|                  RoundKey_3_out|       pointer|
|RoundKey_4_out_din       |  out|    8|     ap_fifo|                  RoundKey_4_out|       pointer|
|RoundKey_4_out_full_n    |   in|    1|     ap_fifo|                  RoundKey_4_out|       pointer|
|RoundKey_4_out_write     |  out|    1|     ap_fifo|                  RoundKey_4_out|       pointer|
|RoundKey_5_out_din       |  out|    8|     ap_fifo|                  RoundKey_5_out|       pointer|
|RoundKey_5_out_full_n    |   in|    1|     ap_fifo|                  RoundKey_5_out|       pointer|
|RoundKey_5_out_write     |  out|    1|     ap_fifo|                  RoundKey_5_out|       pointer|
|RoundKey_6_out_din       |  out|    8|     ap_fifo|                  RoundKey_6_out|       pointer|
|RoundKey_6_out_full_n    |   in|    1|     ap_fifo|                  RoundKey_6_out|       pointer|
|RoundKey_6_out_write     |  out|    1|     ap_fifo|                  RoundKey_6_out|       pointer|
|RoundKey_7_out_din       |  out|    8|     ap_fifo|                  RoundKey_7_out|       pointer|
|RoundKey_7_out_full_n    |   in|    1|     ap_fifo|                  RoundKey_7_out|       pointer|
|RoundKey_7_out_write     |  out|    1|     ap_fifo|                  RoundKey_7_out|       pointer|
|RoundKey_8_out_din       |  out|    8|     ap_fifo|                  RoundKey_8_out|       pointer|
|RoundKey_8_out_full_n    |   in|    1|     ap_fifo|                  RoundKey_8_out|       pointer|
|RoundKey_8_out_write     |  out|    1|     ap_fifo|                  RoundKey_8_out|       pointer|
|RoundKey_9_out_din       |  out|    8|     ap_fifo|                  RoundKey_9_out|       pointer|
|RoundKey_9_out_full_n    |   in|    1|     ap_fifo|                  RoundKey_9_out|       pointer|
|RoundKey_9_out_write     |  out|    1|     ap_fifo|                  RoundKey_9_out|       pointer|
|RoundKey_10_out_din      |  out|    8|     ap_fifo|                 RoundKey_10_out|       pointer|
|RoundKey_10_out_full_n   |   in|    1|     ap_fifo|                 RoundKey_10_out|       pointer|
|RoundKey_10_out_write    |  out|    1|     ap_fifo|                 RoundKey_10_out|       pointer|
|RoundKey_11_out_din      |  out|    8|     ap_fifo|                 RoundKey_11_out|       pointer|
|RoundKey_11_out_full_n   |   in|    1|     ap_fifo|                 RoundKey_11_out|       pointer|
|RoundKey_11_out_write    |  out|    1|     ap_fifo|                 RoundKey_11_out|       pointer|
|RoundKey_12_out_din      |  out|    8|     ap_fifo|                 RoundKey_12_out|       pointer|
|RoundKey_12_out_full_n   |   in|    1|     ap_fifo|                 RoundKey_12_out|       pointer|
|RoundKey_12_out_write    |  out|    1|     ap_fifo|                 RoundKey_12_out|       pointer|
|RoundKey_13_out_din      |  out|    8|     ap_fifo|                 RoundKey_13_out|       pointer|
|RoundKey_13_out_full_n   |   in|    1|     ap_fifo|                 RoundKey_13_out|       pointer|
|RoundKey_13_out_write    |  out|    1|     ap_fifo|                 RoundKey_13_out|       pointer|
|RoundKey_14_out_din      |  out|    8|     ap_fifo|                 RoundKey_14_out|       pointer|
|RoundKey_14_out_full_n   |   in|    1|     ap_fifo|                 RoundKey_14_out|       pointer|
|RoundKey_14_out_write    |  out|    1|     ap_fifo|                 RoundKey_14_out|       pointer|
|RoundKey_15_out_din      |  out|    8|     ap_fifo|                 RoundKey_15_out|       pointer|
|RoundKey_15_out_full_n   |   in|    1|     ap_fifo|                 RoundKey_15_out|       pointer|
|RoundKey_15_out_write    |  out|    1|     ap_fifo|                 RoundKey_15_out|       pointer|
|RoundKey_16_out_din      |  out|    8|     ap_fifo|                 RoundKey_16_out|       pointer|
|RoundKey_16_out_full_n   |   in|    1|     ap_fifo|                 RoundKey_16_out|       pointer|
|RoundKey_16_out_write    |  out|    1|     ap_fifo|                 RoundKey_16_out|       pointer|
|RoundKey_17_out_din      |  out|    8|     ap_fifo|                 RoundKey_17_out|       pointer|
|RoundKey_17_out_full_n   |   in|    1|     ap_fifo|                 RoundKey_17_out|       pointer|
|RoundKey_17_out_write    |  out|    1|     ap_fifo|                 RoundKey_17_out|       pointer|
|RoundKey_18_out_din      |  out|    8|     ap_fifo|                 RoundKey_18_out|       pointer|
|RoundKey_18_out_full_n   |   in|    1|     ap_fifo|                 RoundKey_18_out|       pointer|
|RoundKey_18_out_write    |  out|    1|     ap_fifo|                 RoundKey_18_out|       pointer|
|RoundKey_19_out_din      |  out|    8|     ap_fifo|                 RoundKey_19_out|       pointer|
|RoundKey_19_out_full_n   |   in|    1|     ap_fifo|                 RoundKey_19_out|       pointer|
|RoundKey_19_out_write    |  out|    1|     ap_fifo|                 RoundKey_19_out|       pointer|
|RoundKey_20_out_din      |  out|    8|     ap_fifo|                 RoundKey_20_out|       pointer|
|RoundKey_20_out_full_n   |   in|    1|     ap_fifo|                 RoundKey_20_out|       pointer|
|RoundKey_20_out_write    |  out|    1|     ap_fifo|                 RoundKey_20_out|       pointer|
|RoundKey_21_out_din      |  out|    8|     ap_fifo|                 RoundKey_21_out|       pointer|
|RoundKey_21_out_full_n   |   in|    1|     ap_fifo|                 RoundKey_21_out|       pointer|
|RoundKey_21_out_write    |  out|    1|     ap_fifo|                 RoundKey_21_out|       pointer|
|RoundKey_22_out_din      |  out|    8|     ap_fifo|                 RoundKey_22_out|       pointer|
|RoundKey_22_out_full_n   |   in|    1|     ap_fifo|                 RoundKey_22_out|       pointer|
|RoundKey_22_out_write    |  out|    1|     ap_fifo|                 RoundKey_22_out|       pointer|
|RoundKey_23_out_din      |  out|    8|     ap_fifo|                 RoundKey_23_out|       pointer|
|RoundKey_23_out_full_n   |   in|    1|     ap_fifo|                 RoundKey_23_out|       pointer|
|RoundKey_23_out_write    |  out|    1|     ap_fifo|                 RoundKey_23_out|       pointer|
|RoundKey_24_out_din      |  out|    8|     ap_fifo|                 RoundKey_24_out|       pointer|
|RoundKey_24_out_full_n   |   in|    1|     ap_fifo|                 RoundKey_24_out|       pointer|
|RoundKey_24_out_write    |  out|    1|     ap_fifo|                 RoundKey_24_out|       pointer|
|RoundKey_25_out_din      |  out|    8|     ap_fifo|                 RoundKey_25_out|       pointer|
|RoundKey_25_out_full_n   |   in|    1|     ap_fifo|                 RoundKey_25_out|       pointer|
|RoundKey_25_out_write    |  out|    1|     ap_fifo|                 RoundKey_25_out|       pointer|
|RoundKey_26_out_din      |  out|    8|     ap_fifo|                 RoundKey_26_out|       pointer|
|RoundKey_26_out_full_n   |   in|    1|     ap_fifo|                 RoundKey_26_out|       pointer|
|RoundKey_26_out_write    |  out|    1|     ap_fifo|                 RoundKey_26_out|       pointer|
|RoundKey_27_out_din      |  out|    8|     ap_fifo|                 RoundKey_27_out|       pointer|
|RoundKey_27_out_full_n   |   in|    1|     ap_fifo|                 RoundKey_27_out|       pointer|
|RoundKey_27_out_write    |  out|    1|     ap_fifo|                 RoundKey_27_out|       pointer|
|RoundKey_28_out_din      |  out|    8|     ap_fifo|                 RoundKey_28_out|       pointer|
|RoundKey_28_out_full_n   |   in|    1|     ap_fifo|                 RoundKey_28_out|       pointer|
|RoundKey_28_out_write    |  out|    1|     ap_fifo|                 RoundKey_28_out|       pointer|
|RoundKey_29_out_din      |  out|    8|     ap_fifo|                 RoundKey_29_out|       pointer|
|RoundKey_29_out_full_n   |   in|    1|     ap_fifo|                 RoundKey_29_out|       pointer|
|RoundKey_29_out_write    |  out|    1|     ap_fifo|                 RoundKey_29_out|       pointer|
|RoundKey_30_out_din      |  out|    8|     ap_fifo|                 RoundKey_30_out|       pointer|
|RoundKey_30_out_full_n   |   in|    1|     ap_fifo|                 RoundKey_30_out|       pointer|
|RoundKey_30_out_write    |  out|    1|     ap_fifo|                 RoundKey_30_out|       pointer|
|RoundKey_31_out_din      |  out|    8|     ap_fifo|                 RoundKey_31_out|       pointer|
|RoundKey_31_out_full_n   |   in|    1|     ap_fifo|                 RoundKey_31_out|       pointer|
|RoundKey_31_out_write    |  out|    1|     ap_fifo|                 RoundKey_31_out|       pointer|
|RoundKey_32_out_din      |  out|    8|     ap_fifo|                 RoundKey_32_out|       pointer|
|RoundKey_32_out_full_n   |   in|    1|     ap_fifo|                 RoundKey_32_out|       pointer|
|RoundKey_32_out_write    |  out|    1|     ap_fifo|                 RoundKey_32_out|       pointer|
|RoundKey_33_out_din      |  out|    8|     ap_fifo|                 RoundKey_33_out|       pointer|
|RoundKey_33_out_full_n   |   in|    1|     ap_fifo|                 RoundKey_33_out|       pointer|
|RoundKey_33_out_write    |  out|    1|     ap_fifo|                 RoundKey_33_out|       pointer|
|RoundKey_34_out_din      |  out|    8|     ap_fifo|                 RoundKey_34_out|       pointer|
|RoundKey_34_out_full_n   |   in|    1|     ap_fifo|                 RoundKey_34_out|       pointer|
|RoundKey_34_out_write    |  out|    1|     ap_fifo|                 RoundKey_34_out|       pointer|
|RoundKey_35_out_din      |  out|    8|     ap_fifo|                 RoundKey_35_out|       pointer|
|RoundKey_35_out_full_n   |   in|    1|     ap_fifo|                 RoundKey_35_out|       pointer|
|RoundKey_35_out_write    |  out|    1|     ap_fifo|                 RoundKey_35_out|       pointer|
|RoundKey_36_out_din      |  out|    8|     ap_fifo|                 RoundKey_36_out|       pointer|
|RoundKey_36_out_full_n   |   in|    1|     ap_fifo|                 RoundKey_36_out|       pointer|
|RoundKey_36_out_write    |  out|    1|     ap_fifo|                 RoundKey_36_out|       pointer|
|RoundKey_37_out_din      |  out|    8|     ap_fifo|                 RoundKey_37_out|       pointer|
|RoundKey_37_out_full_n   |   in|    1|     ap_fifo|                 RoundKey_37_out|       pointer|
|RoundKey_37_out_write    |  out|    1|     ap_fifo|                 RoundKey_37_out|       pointer|
|RoundKey_38_out_din      |  out|    8|     ap_fifo|                 RoundKey_38_out|       pointer|
|RoundKey_38_out_full_n   |   in|    1|     ap_fifo|                 RoundKey_38_out|       pointer|
|RoundKey_38_out_write    |  out|    1|     ap_fifo|                 RoundKey_38_out|       pointer|
|RoundKey_39_out_din      |  out|    8|     ap_fifo|                 RoundKey_39_out|       pointer|
|RoundKey_39_out_full_n   |   in|    1|     ap_fifo|                 RoundKey_39_out|       pointer|
|RoundKey_39_out_write    |  out|    1|     ap_fifo|                 RoundKey_39_out|       pointer|
|RoundKey_40_out_din      |  out|    8|     ap_fifo|                 RoundKey_40_out|       pointer|
|RoundKey_40_out_full_n   |   in|    1|     ap_fifo|                 RoundKey_40_out|       pointer|
|RoundKey_40_out_write    |  out|    1|     ap_fifo|                 RoundKey_40_out|       pointer|
|RoundKey_41_out_din      |  out|    8|     ap_fifo|                 RoundKey_41_out|       pointer|
|RoundKey_41_out_full_n   |   in|    1|     ap_fifo|                 RoundKey_41_out|       pointer|
|RoundKey_41_out_write    |  out|    1|     ap_fifo|                 RoundKey_41_out|       pointer|
|RoundKey_42_out_din      |  out|    8|     ap_fifo|                 RoundKey_42_out|       pointer|
|RoundKey_42_out_full_n   |   in|    1|     ap_fifo|                 RoundKey_42_out|       pointer|
|RoundKey_42_out_write    |  out|    1|     ap_fifo|                 RoundKey_42_out|       pointer|
|RoundKey_43_out_din      |  out|    8|     ap_fifo|                 RoundKey_43_out|       pointer|
|RoundKey_43_out_full_n   |   in|    1|     ap_fifo|                 RoundKey_43_out|       pointer|
|RoundKey_43_out_write    |  out|    1|     ap_fifo|                 RoundKey_43_out|       pointer|
|RoundKey_44_out_din      |  out|    8|     ap_fifo|                 RoundKey_44_out|       pointer|
|RoundKey_44_out_full_n   |   in|    1|     ap_fifo|                 RoundKey_44_out|       pointer|
|RoundKey_44_out_write    |  out|    1|     ap_fifo|                 RoundKey_44_out|       pointer|
|RoundKey_45_out_din      |  out|    8|     ap_fifo|                 RoundKey_45_out|       pointer|
|RoundKey_45_out_full_n   |   in|    1|     ap_fifo|                 RoundKey_45_out|       pointer|
|RoundKey_45_out_write    |  out|    1|     ap_fifo|                 RoundKey_45_out|       pointer|
|RoundKey_46_out_din      |  out|    8|     ap_fifo|                 RoundKey_46_out|       pointer|
|RoundKey_46_out_full_n   |   in|    1|     ap_fifo|                 RoundKey_46_out|       pointer|
|RoundKey_46_out_write    |  out|    1|     ap_fifo|                 RoundKey_46_out|       pointer|
|RoundKey_47_out_din      |  out|    8|     ap_fifo|                 RoundKey_47_out|       pointer|
|RoundKey_47_out_full_n   |   in|    1|     ap_fifo|                 RoundKey_47_out|       pointer|
|RoundKey_47_out_write    |  out|    1|     ap_fifo|                 RoundKey_47_out|       pointer|
|RoundKey_48_out_din      |  out|    8|     ap_fifo|                 RoundKey_48_out|       pointer|
|RoundKey_48_out_full_n   |   in|    1|     ap_fifo|                 RoundKey_48_out|       pointer|
|RoundKey_48_out_write    |  out|    1|     ap_fifo|                 RoundKey_48_out|       pointer|
|RoundKey_49_out_din      |  out|    8|     ap_fifo|                 RoundKey_49_out|       pointer|
|RoundKey_49_out_full_n   |   in|    1|     ap_fifo|                 RoundKey_49_out|       pointer|
|RoundKey_49_out_write    |  out|    1|     ap_fifo|                 RoundKey_49_out|       pointer|
|RoundKey_50_out_din      |  out|    8|     ap_fifo|                 RoundKey_50_out|       pointer|
|RoundKey_50_out_full_n   |   in|    1|     ap_fifo|                 RoundKey_50_out|       pointer|
|RoundKey_50_out_write    |  out|    1|     ap_fifo|                 RoundKey_50_out|       pointer|
|RoundKey_51_out_din      |  out|    8|     ap_fifo|                 RoundKey_51_out|       pointer|
|RoundKey_51_out_full_n   |   in|    1|     ap_fifo|                 RoundKey_51_out|       pointer|
|RoundKey_51_out_write    |  out|    1|     ap_fifo|                 RoundKey_51_out|       pointer|
|RoundKey_52_out_din      |  out|    8|     ap_fifo|                 RoundKey_52_out|       pointer|
|RoundKey_52_out_full_n   |   in|    1|     ap_fifo|                 RoundKey_52_out|       pointer|
|RoundKey_52_out_write    |  out|    1|     ap_fifo|                 RoundKey_52_out|       pointer|
|RoundKey_53_out_din      |  out|    8|     ap_fifo|                 RoundKey_53_out|       pointer|
|RoundKey_53_out_full_n   |   in|    1|     ap_fifo|                 RoundKey_53_out|       pointer|
|RoundKey_53_out_write    |  out|    1|     ap_fifo|                 RoundKey_53_out|       pointer|
|RoundKey_54_out_din      |  out|    8|     ap_fifo|                 RoundKey_54_out|       pointer|
|RoundKey_54_out_full_n   |   in|    1|     ap_fifo|                 RoundKey_54_out|       pointer|
|RoundKey_54_out_write    |  out|    1|     ap_fifo|                 RoundKey_54_out|       pointer|
|RoundKey_55_out_din      |  out|    8|     ap_fifo|                 RoundKey_55_out|       pointer|
|RoundKey_55_out_full_n   |   in|    1|     ap_fifo|                 RoundKey_55_out|       pointer|
|RoundKey_55_out_write    |  out|    1|     ap_fifo|                 RoundKey_55_out|       pointer|
|RoundKey_56_out_din      |  out|    8|     ap_fifo|                 RoundKey_56_out|       pointer|
|RoundKey_56_out_full_n   |   in|    1|     ap_fifo|                 RoundKey_56_out|       pointer|
|RoundKey_56_out_write    |  out|    1|     ap_fifo|                 RoundKey_56_out|       pointer|
|RoundKey_57_out_din      |  out|    8|     ap_fifo|                 RoundKey_57_out|       pointer|
|RoundKey_57_out_full_n   |   in|    1|     ap_fifo|                 RoundKey_57_out|       pointer|
|RoundKey_57_out_write    |  out|    1|     ap_fifo|                 RoundKey_57_out|       pointer|
|RoundKey_58_out_din      |  out|    8|     ap_fifo|                 RoundKey_58_out|       pointer|
|RoundKey_58_out_full_n   |   in|    1|     ap_fifo|                 RoundKey_58_out|       pointer|
|RoundKey_58_out_write    |  out|    1|     ap_fifo|                 RoundKey_58_out|       pointer|
|RoundKey_59_out_din      |  out|    8|     ap_fifo|                 RoundKey_59_out|       pointer|
|RoundKey_59_out_full_n   |   in|    1|     ap_fifo|                 RoundKey_59_out|       pointer|
|RoundKey_59_out_write    |  out|    1|     ap_fifo|                 RoundKey_59_out|       pointer|
|RoundKey_60_out_din      |  out|    8|     ap_fifo|                 RoundKey_60_out|       pointer|
|RoundKey_60_out_full_n   |   in|    1|     ap_fifo|                 RoundKey_60_out|       pointer|
|RoundKey_60_out_write    |  out|    1|     ap_fifo|                 RoundKey_60_out|       pointer|
|RoundKey_61_out_din      |  out|    8|     ap_fifo|                 RoundKey_61_out|       pointer|
|RoundKey_61_out_full_n   |   in|    1|     ap_fifo|                 RoundKey_61_out|       pointer|
|RoundKey_61_out_write    |  out|    1|     ap_fifo|                 RoundKey_61_out|       pointer|
|RoundKey_62_out_din      |  out|    8|     ap_fifo|                 RoundKey_62_out|       pointer|
|RoundKey_62_out_full_n   |   in|    1|     ap_fifo|                 RoundKey_62_out|       pointer|
|RoundKey_62_out_write    |  out|    1|     ap_fifo|                 RoundKey_62_out|       pointer|
|RoundKey_63_out_din      |  out|    8|     ap_fifo|                 RoundKey_63_out|       pointer|
|RoundKey_63_out_full_n   |   in|    1|     ap_fifo|                 RoundKey_63_out|       pointer|
|RoundKey_63_out_write    |  out|    1|     ap_fifo|                 RoundKey_63_out|       pointer|
|RoundKey_64_out_din      |  out|    8|     ap_fifo|                 RoundKey_64_out|       pointer|
|RoundKey_64_out_full_n   |   in|    1|     ap_fifo|                 RoundKey_64_out|       pointer|
|RoundKey_64_out_write    |  out|    1|     ap_fifo|                 RoundKey_64_out|       pointer|
|RoundKey_65_out_din      |  out|    8|     ap_fifo|                 RoundKey_65_out|       pointer|
|RoundKey_65_out_full_n   |   in|    1|     ap_fifo|                 RoundKey_65_out|       pointer|
|RoundKey_65_out_write    |  out|    1|     ap_fifo|                 RoundKey_65_out|       pointer|
|RoundKey_66_out_din      |  out|    8|     ap_fifo|                 RoundKey_66_out|       pointer|
|RoundKey_66_out_full_n   |   in|    1|     ap_fifo|                 RoundKey_66_out|       pointer|
|RoundKey_66_out_write    |  out|    1|     ap_fifo|                 RoundKey_66_out|       pointer|
|RoundKey_67_out_din      |  out|    8|     ap_fifo|                 RoundKey_67_out|       pointer|
|RoundKey_67_out_full_n   |   in|    1|     ap_fifo|                 RoundKey_67_out|       pointer|
|RoundKey_67_out_write    |  out|    1|     ap_fifo|                 RoundKey_67_out|       pointer|
|RoundKey_68_out_din      |  out|    8|     ap_fifo|                 RoundKey_68_out|       pointer|
|RoundKey_68_out_full_n   |   in|    1|     ap_fifo|                 RoundKey_68_out|       pointer|
|RoundKey_68_out_write    |  out|    1|     ap_fifo|                 RoundKey_68_out|       pointer|
|RoundKey_69_out_din      |  out|    8|     ap_fifo|                 RoundKey_69_out|       pointer|
|RoundKey_69_out_full_n   |   in|    1|     ap_fifo|                 RoundKey_69_out|       pointer|
|RoundKey_69_out_write    |  out|    1|     ap_fifo|                 RoundKey_69_out|       pointer|
|RoundKey_70_out_din      |  out|    8|     ap_fifo|                 RoundKey_70_out|       pointer|
|RoundKey_70_out_full_n   |   in|    1|     ap_fifo|                 RoundKey_70_out|       pointer|
|RoundKey_70_out_write    |  out|    1|     ap_fifo|                 RoundKey_70_out|       pointer|
|RoundKey_71_out_din      |  out|    8|     ap_fifo|                 RoundKey_71_out|       pointer|
|RoundKey_71_out_full_n   |   in|    1|     ap_fifo|                 RoundKey_71_out|       pointer|
|RoundKey_71_out_write    |  out|    1|     ap_fifo|                 RoundKey_71_out|       pointer|
|RoundKey_72_out_din      |  out|    8|     ap_fifo|                 RoundKey_72_out|       pointer|
|RoundKey_72_out_full_n   |   in|    1|     ap_fifo|                 RoundKey_72_out|       pointer|
|RoundKey_72_out_write    |  out|    1|     ap_fifo|                 RoundKey_72_out|       pointer|
|RoundKey_73_out_din      |  out|    8|     ap_fifo|                 RoundKey_73_out|       pointer|
|RoundKey_73_out_full_n   |   in|    1|     ap_fifo|                 RoundKey_73_out|       pointer|
|RoundKey_73_out_write    |  out|    1|     ap_fifo|                 RoundKey_73_out|       pointer|
|RoundKey_74_out_din      |  out|    8|     ap_fifo|                 RoundKey_74_out|       pointer|
|RoundKey_74_out_full_n   |   in|    1|     ap_fifo|                 RoundKey_74_out|       pointer|
|RoundKey_74_out_write    |  out|    1|     ap_fifo|                 RoundKey_74_out|       pointer|
|RoundKey_75_out_din      |  out|    8|     ap_fifo|                 RoundKey_75_out|       pointer|
|RoundKey_75_out_full_n   |   in|    1|     ap_fifo|                 RoundKey_75_out|       pointer|
|RoundKey_75_out_write    |  out|    1|     ap_fifo|                 RoundKey_75_out|       pointer|
|RoundKey_76_out_din      |  out|    8|     ap_fifo|                 RoundKey_76_out|       pointer|
|RoundKey_76_out_full_n   |   in|    1|     ap_fifo|                 RoundKey_76_out|       pointer|
|RoundKey_76_out_write    |  out|    1|     ap_fifo|                 RoundKey_76_out|       pointer|
|RoundKey_77_out_din      |  out|    8|     ap_fifo|                 RoundKey_77_out|       pointer|
|RoundKey_77_out_full_n   |   in|    1|     ap_fifo|                 RoundKey_77_out|       pointer|
|RoundKey_77_out_write    |  out|    1|     ap_fifo|                 RoundKey_77_out|       pointer|
|RoundKey_78_out_din      |  out|    8|     ap_fifo|                 RoundKey_78_out|       pointer|
|RoundKey_78_out_full_n   |   in|    1|     ap_fifo|                 RoundKey_78_out|       pointer|
|RoundKey_78_out_write    |  out|    1|     ap_fifo|                 RoundKey_78_out|       pointer|
|RoundKey_79_out_din      |  out|    8|     ap_fifo|                 RoundKey_79_out|       pointer|
|RoundKey_79_out_full_n   |   in|    1|     ap_fifo|                 RoundKey_79_out|       pointer|
|RoundKey_79_out_write    |  out|    1|     ap_fifo|                 RoundKey_79_out|       pointer|
|RoundKey_80_out_din      |  out|    8|     ap_fifo|                 RoundKey_80_out|       pointer|
|RoundKey_80_out_full_n   |   in|    1|     ap_fifo|                 RoundKey_80_out|       pointer|
|RoundKey_80_out_write    |  out|    1|     ap_fifo|                 RoundKey_80_out|       pointer|
|RoundKey_81_out_din      |  out|    8|     ap_fifo|                 RoundKey_81_out|       pointer|
|RoundKey_81_out_full_n   |   in|    1|     ap_fifo|                 RoundKey_81_out|       pointer|
|RoundKey_81_out_write    |  out|    1|     ap_fifo|                 RoundKey_81_out|       pointer|
|RoundKey_82_out_din      |  out|    8|     ap_fifo|                 RoundKey_82_out|       pointer|
|RoundKey_82_out_full_n   |   in|    1|     ap_fifo|                 RoundKey_82_out|       pointer|
|RoundKey_82_out_write    |  out|    1|     ap_fifo|                 RoundKey_82_out|       pointer|
|RoundKey_83_out_din      |  out|    8|     ap_fifo|                 RoundKey_83_out|       pointer|
|RoundKey_83_out_full_n   |   in|    1|     ap_fifo|                 RoundKey_83_out|       pointer|
|RoundKey_83_out_write    |  out|    1|     ap_fifo|                 RoundKey_83_out|       pointer|
|RoundKey_84_out_din      |  out|    8|     ap_fifo|                 RoundKey_84_out|       pointer|
|RoundKey_84_out_full_n   |   in|    1|     ap_fifo|                 RoundKey_84_out|       pointer|
|RoundKey_84_out_write    |  out|    1|     ap_fifo|                 RoundKey_84_out|       pointer|
|RoundKey_85_out_din      |  out|    8|     ap_fifo|                 RoundKey_85_out|       pointer|
|RoundKey_85_out_full_n   |   in|    1|     ap_fifo|                 RoundKey_85_out|       pointer|
|RoundKey_85_out_write    |  out|    1|     ap_fifo|                 RoundKey_85_out|       pointer|
|RoundKey_86_out_din      |  out|    8|     ap_fifo|                 RoundKey_86_out|       pointer|
|RoundKey_86_out_full_n   |   in|    1|     ap_fifo|                 RoundKey_86_out|       pointer|
|RoundKey_86_out_write    |  out|    1|     ap_fifo|                 RoundKey_86_out|       pointer|
|RoundKey_87_out_din      |  out|    8|     ap_fifo|                 RoundKey_87_out|       pointer|
|RoundKey_87_out_full_n   |   in|    1|     ap_fifo|                 RoundKey_87_out|       pointer|
|RoundKey_87_out_write    |  out|    1|     ap_fifo|                 RoundKey_87_out|       pointer|
|RoundKey_88_out_din      |  out|    8|     ap_fifo|                 RoundKey_88_out|       pointer|
|RoundKey_88_out_full_n   |   in|    1|     ap_fifo|                 RoundKey_88_out|       pointer|
|RoundKey_88_out_write    |  out|    1|     ap_fifo|                 RoundKey_88_out|       pointer|
|RoundKey_89_out_din      |  out|    8|     ap_fifo|                 RoundKey_89_out|       pointer|
|RoundKey_89_out_full_n   |   in|    1|     ap_fifo|                 RoundKey_89_out|       pointer|
|RoundKey_89_out_write    |  out|    1|     ap_fifo|                 RoundKey_89_out|       pointer|
|RoundKey_90_out_din      |  out|    8|     ap_fifo|                 RoundKey_90_out|       pointer|
|RoundKey_90_out_full_n   |   in|    1|     ap_fifo|                 RoundKey_90_out|       pointer|
|RoundKey_90_out_write    |  out|    1|     ap_fifo|                 RoundKey_90_out|       pointer|
|RoundKey_91_out_din      |  out|    8|     ap_fifo|                 RoundKey_91_out|       pointer|
|RoundKey_91_out_full_n   |   in|    1|     ap_fifo|                 RoundKey_91_out|       pointer|
|RoundKey_91_out_write    |  out|    1|     ap_fifo|                 RoundKey_91_out|       pointer|
|RoundKey_92_out_din      |  out|    8|     ap_fifo|                 RoundKey_92_out|       pointer|
|RoundKey_92_out_full_n   |   in|    1|     ap_fifo|                 RoundKey_92_out|       pointer|
|RoundKey_92_out_write    |  out|    1|     ap_fifo|                 RoundKey_92_out|       pointer|
|RoundKey_93_out_din      |  out|    8|     ap_fifo|                 RoundKey_93_out|       pointer|
|RoundKey_93_out_full_n   |   in|    1|     ap_fifo|                 RoundKey_93_out|       pointer|
|RoundKey_93_out_write    |  out|    1|     ap_fifo|                 RoundKey_93_out|       pointer|
|RoundKey_94_out_din      |  out|    8|     ap_fifo|                 RoundKey_94_out|       pointer|
|RoundKey_94_out_full_n   |   in|    1|     ap_fifo|                 RoundKey_94_out|       pointer|
|RoundKey_94_out_write    |  out|    1|     ap_fifo|                 RoundKey_94_out|       pointer|
|RoundKey_95_out_din      |  out|    8|     ap_fifo|                 RoundKey_95_out|       pointer|
|RoundKey_95_out_full_n   |   in|    1|     ap_fifo|                 RoundKey_95_out|       pointer|
|RoundKey_95_out_write    |  out|    1|     ap_fifo|                 RoundKey_95_out|       pointer|
|RoundKey_96_out_din      |  out|    8|     ap_fifo|                 RoundKey_96_out|       pointer|
|RoundKey_96_out_full_n   |   in|    1|     ap_fifo|                 RoundKey_96_out|       pointer|
|RoundKey_96_out_write    |  out|    1|     ap_fifo|                 RoundKey_96_out|       pointer|
|RoundKey_97_out_din      |  out|    8|     ap_fifo|                 RoundKey_97_out|       pointer|
|RoundKey_97_out_full_n   |   in|    1|     ap_fifo|                 RoundKey_97_out|       pointer|
|RoundKey_97_out_write    |  out|    1|     ap_fifo|                 RoundKey_97_out|       pointer|
|RoundKey_98_out_din      |  out|    8|     ap_fifo|                 RoundKey_98_out|       pointer|
|RoundKey_98_out_full_n   |   in|    1|     ap_fifo|                 RoundKey_98_out|       pointer|
|RoundKey_98_out_write    |  out|    1|     ap_fifo|                 RoundKey_98_out|       pointer|
|RoundKey_99_out_din      |  out|    8|     ap_fifo|                 RoundKey_99_out|       pointer|
|RoundKey_99_out_full_n   |   in|    1|     ap_fifo|                 RoundKey_99_out|       pointer|
|RoundKey_99_out_write    |  out|    1|     ap_fifo|                 RoundKey_99_out|       pointer|
|RoundKey_100_out_din     |  out|    8|     ap_fifo|                RoundKey_100_out|       pointer|
|RoundKey_100_out_full_n  |   in|    1|     ap_fifo|                RoundKey_100_out|       pointer|
|RoundKey_100_out_write   |  out|    1|     ap_fifo|                RoundKey_100_out|       pointer|
|RoundKey_101_out_din     |  out|    8|     ap_fifo|                RoundKey_101_out|       pointer|
|RoundKey_101_out_full_n  |   in|    1|     ap_fifo|                RoundKey_101_out|       pointer|
|RoundKey_101_out_write   |  out|    1|     ap_fifo|                RoundKey_101_out|       pointer|
|RoundKey_102_out_din     |  out|    8|     ap_fifo|                RoundKey_102_out|       pointer|
|RoundKey_102_out_full_n  |   in|    1|     ap_fifo|                RoundKey_102_out|       pointer|
|RoundKey_102_out_write   |  out|    1|     ap_fifo|                RoundKey_102_out|       pointer|
|RoundKey_103_out_din     |  out|    8|     ap_fifo|                RoundKey_103_out|       pointer|
|RoundKey_103_out_full_n  |   in|    1|     ap_fifo|                RoundKey_103_out|       pointer|
|RoundKey_103_out_write   |  out|    1|     ap_fifo|                RoundKey_103_out|       pointer|
|RoundKey_104_out_din     |  out|    8|     ap_fifo|                RoundKey_104_out|       pointer|
|RoundKey_104_out_full_n  |   in|    1|     ap_fifo|                RoundKey_104_out|       pointer|
|RoundKey_104_out_write   |  out|    1|     ap_fifo|                RoundKey_104_out|       pointer|
|RoundKey_105_out_din     |  out|    8|     ap_fifo|                RoundKey_105_out|       pointer|
|RoundKey_105_out_full_n  |   in|    1|     ap_fifo|                RoundKey_105_out|       pointer|
|RoundKey_105_out_write   |  out|    1|     ap_fifo|                RoundKey_105_out|       pointer|
|RoundKey_106_out_din     |  out|    8|     ap_fifo|                RoundKey_106_out|       pointer|
|RoundKey_106_out_full_n  |   in|    1|     ap_fifo|                RoundKey_106_out|       pointer|
|RoundKey_106_out_write   |  out|    1|     ap_fifo|                RoundKey_106_out|       pointer|
|RoundKey_107_out_din     |  out|    8|     ap_fifo|                RoundKey_107_out|       pointer|
|RoundKey_107_out_full_n  |   in|    1|     ap_fifo|                RoundKey_107_out|       pointer|
|RoundKey_107_out_write   |  out|    1|     ap_fifo|                RoundKey_107_out|       pointer|
|RoundKey_108_out_din     |  out|    8|     ap_fifo|                RoundKey_108_out|       pointer|
|RoundKey_108_out_full_n  |   in|    1|     ap_fifo|                RoundKey_108_out|       pointer|
|RoundKey_108_out_write   |  out|    1|     ap_fifo|                RoundKey_108_out|       pointer|
|RoundKey_109_out_din     |  out|    8|     ap_fifo|                RoundKey_109_out|       pointer|
|RoundKey_109_out_full_n  |   in|    1|     ap_fifo|                RoundKey_109_out|       pointer|
|RoundKey_109_out_write   |  out|    1|     ap_fifo|                RoundKey_109_out|       pointer|
|RoundKey_110_out_din     |  out|    8|     ap_fifo|                RoundKey_110_out|       pointer|
|RoundKey_110_out_full_n  |   in|    1|     ap_fifo|                RoundKey_110_out|       pointer|
|RoundKey_110_out_write   |  out|    1|     ap_fifo|                RoundKey_110_out|       pointer|
|RoundKey_111_out_din     |  out|    8|     ap_fifo|                RoundKey_111_out|       pointer|
|RoundKey_111_out_full_n  |   in|    1|     ap_fifo|                RoundKey_111_out|       pointer|
|RoundKey_111_out_write   |  out|    1|     ap_fifo|                RoundKey_111_out|       pointer|
|RoundKey_112_out_din     |  out|    8|     ap_fifo|                RoundKey_112_out|       pointer|
|RoundKey_112_out_full_n  |   in|    1|     ap_fifo|                RoundKey_112_out|       pointer|
|RoundKey_112_out_write   |  out|    1|     ap_fifo|                RoundKey_112_out|       pointer|
|RoundKey_113_out_din     |  out|    8|     ap_fifo|                RoundKey_113_out|       pointer|
|RoundKey_113_out_full_n  |   in|    1|     ap_fifo|                RoundKey_113_out|       pointer|
|RoundKey_113_out_write   |  out|    1|     ap_fifo|                RoundKey_113_out|       pointer|
|RoundKey_114_out_din     |  out|    8|     ap_fifo|                RoundKey_114_out|       pointer|
|RoundKey_114_out_full_n  |   in|    1|     ap_fifo|                RoundKey_114_out|       pointer|
|RoundKey_114_out_write   |  out|    1|     ap_fifo|                RoundKey_114_out|       pointer|
|RoundKey_115_out_din     |  out|    8|     ap_fifo|                RoundKey_115_out|       pointer|
|RoundKey_115_out_full_n  |   in|    1|     ap_fifo|                RoundKey_115_out|       pointer|
|RoundKey_115_out_write   |  out|    1|     ap_fifo|                RoundKey_115_out|       pointer|
|RoundKey_116_out_din     |  out|    8|     ap_fifo|                RoundKey_116_out|       pointer|
|RoundKey_116_out_full_n  |   in|    1|     ap_fifo|                RoundKey_116_out|       pointer|
|RoundKey_116_out_write   |  out|    1|     ap_fifo|                RoundKey_116_out|       pointer|
|RoundKey_117_out_din     |  out|    8|     ap_fifo|                RoundKey_117_out|       pointer|
|RoundKey_117_out_full_n  |   in|    1|     ap_fifo|                RoundKey_117_out|       pointer|
|RoundKey_117_out_write   |  out|    1|     ap_fifo|                RoundKey_117_out|       pointer|
|RoundKey_118_out_din     |  out|    8|     ap_fifo|                RoundKey_118_out|       pointer|
|RoundKey_118_out_full_n  |   in|    1|     ap_fifo|                RoundKey_118_out|       pointer|
|RoundKey_118_out_write   |  out|    1|     ap_fifo|                RoundKey_118_out|       pointer|
|RoundKey_119_out_din     |  out|    8|     ap_fifo|                RoundKey_119_out|       pointer|
|RoundKey_119_out_full_n  |   in|    1|     ap_fifo|                RoundKey_119_out|       pointer|
|RoundKey_119_out_write   |  out|    1|     ap_fifo|                RoundKey_119_out|       pointer|
|RoundKey_120_out_din     |  out|    8|     ap_fifo|                RoundKey_120_out|       pointer|
|RoundKey_120_out_full_n  |   in|    1|     ap_fifo|                RoundKey_120_out|       pointer|
|RoundKey_120_out_write   |  out|    1|     ap_fifo|                RoundKey_120_out|       pointer|
|RoundKey_121_out_din     |  out|    8|     ap_fifo|                RoundKey_121_out|       pointer|
|RoundKey_121_out_full_n  |   in|    1|     ap_fifo|                RoundKey_121_out|       pointer|
|RoundKey_121_out_write   |  out|    1|     ap_fifo|                RoundKey_121_out|       pointer|
|RoundKey_122_out_din     |  out|    8|     ap_fifo|                RoundKey_122_out|       pointer|
|RoundKey_122_out_full_n  |   in|    1|     ap_fifo|                RoundKey_122_out|       pointer|
|RoundKey_122_out_write   |  out|    1|     ap_fifo|                RoundKey_122_out|       pointer|
|RoundKey_123_out_din     |  out|    8|     ap_fifo|                RoundKey_123_out|       pointer|
|RoundKey_123_out_full_n  |   in|    1|     ap_fifo|                RoundKey_123_out|       pointer|
|RoundKey_123_out_write   |  out|    1|     ap_fifo|                RoundKey_123_out|       pointer|
|RoundKey_124_out_din     |  out|    8|     ap_fifo|                RoundKey_124_out|       pointer|
|RoundKey_124_out_full_n  |   in|    1|     ap_fifo|                RoundKey_124_out|       pointer|
|RoundKey_124_out_write   |  out|    1|     ap_fifo|                RoundKey_124_out|       pointer|
|RoundKey_125_out_din     |  out|    8|     ap_fifo|                RoundKey_125_out|       pointer|
|RoundKey_125_out_full_n  |   in|    1|     ap_fifo|                RoundKey_125_out|       pointer|
|RoundKey_125_out_write   |  out|    1|     ap_fifo|                RoundKey_125_out|       pointer|
|RoundKey_126_out_din     |  out|    8|     ap_fifo|                RoundKey_126_out|       pointer|
|RoundKey_126_out_full_n  |   in|    1|     ap_fifo|                RoundKey_126_out|       pointer|
|RoundKey_126_out_write   |  out|    1|     ap_fifo|                RoundKey_126_out|       pointer|
|RoundKey_127_out_din     |  out|    8|     ap_fifo|                RoundKey_127_out|       pointer|
|RoundKey_127_out_full_n  |   in|    1|     ap_fifo|                RoundKey_127_out|       pointer|
|RoundKey_127_out_write   |  out|    1|     ap_fifo|                RoundKey_127_out|       pointer|
|RoundKey_128_out_din     |  out|    8|     ap_fifo|                RoundKey_128_out|       pointer|
|RoundKey_128_out_full_n  |   in|    1|     ap_fifo|                RoundKey_128_out|       pointer|
|RoundKey_128_out_write   |  out|    1|     ap_fifo|                RoundKey_128_out|       pointer|
|RoundKey_129_out_din     |  out|    8|     ap_fifo|                RoundKey_129_out|       pointer|
|RoundKey_129_out_full_n  |   in|    1|     ap_fifo|                RoundKey_129_out|       pointer|
|RoundKey_129_out_write   |  out|    1|     ap_fifo|                RoundKey_129_out|       pointer|
|RoundKey_130_out_din     |  out|    8|     ap_fifo|                RoundKey_130_out|       pointer|
|RoundKey_130_out_full_n  |   in|    1|     ap_fifo|                RoundKey_130_out|       pointer|
|RoundKey_130_out_write   |  out|    1|     ap_fifo|                RoundKey_130_out|       pointer|
|RoundKey_131_out_din     |  out|    8|     ap_fifo|                RoundKey_131_out|       pointer|
|RoundKey_131_out_full_n  |   in|    1|     ap_fifo|                RoundKey_131_out|       pointer|
|RoundKey_131_out_write   |  out|    1|     ap_fifo|                RoundKey_131_out|       pointer|
|RoundKey_132_out_din     |  out|    8|     ap_fifo|                RoundKey_132_out|       pointer|
|RoundKey_132_out_full_n  |   in|    1|     ap_fifo|                RoundKey_132_out|       pointer|
|RoundKey_132_out_write   |  out|    1|     ap_fifo|                RoundKey_132_out|       pointer|
|RoundKey_133_out_din     |  out|    8|     ap_fifo|                RoundKey_133_out|       pointer|
|RoundKey_133_out_full_n  |   in|    1|     ap_fifo|                RoundKey_133_out|       pointer|
|RoundKey_133_out_write   |  out|    1|     ap_fifo|                RoundKey_133_out|       pointer|
|RoundKey_134_out_din     |  out|    8|     ap_fifo|                RoundKey_134_out|       pointer|
|RoundKey_134_out_full_n  |   in|    1|     ap_fifo|                RoundKey_134_out|       pointer|
|RoundKey_134_out_write   |  out|    1|     ap_fifo|                RoundKey_134_out|       pointer|
|RoundKey_135_out_din     |  out|    8|     ap_fifo|                RoundKey_135_out|       pointer|
|RoundKey_135_out_full_n  |   in|    1|     ap_fifo|                RoundKey_135_out|       pointer|
|RoundKey_135_out_write   |  out|    1|     ap_fifo|                RoundKey_135_out|       pointer|
|RoundKey_136_out_din     |  out|    8|     ap_fifo|                RoundKey_136_out|       pointer|
|RoundKey_136_out_full_n  |   in|    1|     ap_fifo|                RoundKey_136_out|       pointer|
|RoundKey_136_out_write   |  out|    1|     ap_fifo|                RoundKey_136_out|       pointer|
|RoundKey_137_out_din     |  out|    8|     ap_fifo|                RoundKey_137_out|       pointer|
|RoundKey_137_out_full_n  |   in|    1|     ap_fifo|                RoundKey_137_out|       pointer|
|RoundKey_137_out_write   |  out|    1|     ap_fifo|                RoundKey_137_out|       pointer|
|RoundKey_138_out_din     |  out|    8|     ap_fifo|                RoundKey_138_out|       pointer|
|RoundKey_138_out_full_n  |   in|    1|     ap_fifo|                RoundKey_138_out|       pointer|
|RoundKey_138_out_write   |  out|    1|     ap_fifo|                RoundKey_138_out|       pointer|
|RoundKey_139_out_din     |  out|    8|     ap_fifo|                RoundKey_139_out|       pointer|
|RoundKey_139_out_full_n  |   in|    1|     ap_fifo|                RoundKey_139_out|       pointer|
|RoundKey_139_out_write   |  out|    1|     ap_fifo|                RoundKey_139_out|       pointer|
|RoundKey_140_out_din     |  out|    8|     ap_fifo|                RoundKey_140_out|       pointer|
|RoundKey_140_out_full_n  |   in|    1|     ap_fifo|                RoundKey_140_out|       pointer|
|RoundKey_140_out_write   |  out|    1|     ap_fifo|                RoundKey_140_out|       pointer|
|RoundKey_141_out_din     |  out|    8|     ap_fifo|                RoundKey_141_out|       pointer|
|RoundKey_141_out_full_n  |   in|    1|     ap_fifo|                RoundKey_141_out|       pointer|
|RoundKey_141_out_write   |  out|    1|     ap_fifo|                RoundKey_141_out|       pointer|
|RoundKey_142_out_din     |  out|    8|     ap_fifo|                RoundKey_142_out|       pointer|
|RoundKey_142_out_full_n  |   in|    1|     ap_fifo|                RoundKey_142_out|       pointer|
|RoundKey_142_out_write   |  out|    1|     ap_fifo|                RoundKey_142_out|       pointer|
|RoundKey_143_out_din     |  out|    8|     ap_fifo|                RoundKey_143_out|       pointer|
|RoundKey_143_out_full_n  |   in|    1|     ap_fifo|                RoundKey_143_out|       pointer|
|RoundKey_143_out_write   |  out|    1|     ap_fifo|                RoundKey_143_out|       pointer|
|RoundKey_144_out_din     |  out|    8|     ap_fifo|                RoundKey_144_out|       pointer|
|RoundKey_144_out_full_n  |   in|    1|     ap_fifo|                RoundKey_144_out|       pointer|
|RoundKey_144_out_write   |  out|    1|     ap_fifo|                RoundKey_144_out|       pointer|
|RoundKey_145_out_din     |  out|    8|     ap_fifo|                RoundKey_145_out|       pointer|
|RoundKey_145_out_full_n  |   in|    1|     ap_fifo|                RoundKey_145_out|       pointer|
|RoundKey_145_out_write   |  out|    1|     ap_fifo|                RoundKey_145_out|       pointer|
|RoundKey_146_out_din     |  out|    8|     ap_fifo|                RoundKey_146_out|       pointer|
|RoundKey_146_out_full_n  |   in|    1|     ap_fifo|                RoundKey_146_out|       pointer|
|RoundKey_146_out_write   |  out|    1|     ap_fifo|                RoundKey_146_out|       pointer|
|RoundKey_147_out_din     |  out|    8|     ap_fifo|                RoundKey_147_out|       pointer|
|RoundKey_147_out_full_n  |   in|    1|     ap_fifo|                RoundKey_147_out|       pointer|
|RoundKey_147_out_write   |  out|    1|     ap_fifo|                RoundKey_147_out|       pointer|
|RoundKey_148_out_din     |  out|    8|     ap_fifo|                RoundKey_148_out|       pointer|
|RoundKey_148_out_full_n  |   in|    1|     ap_fifo|                RoundKey_148_out|       pointer|
|RoundKey_148_out_write   |  out|    1|     ap_fifo|                RoundKey_148_out|       pointer|
|RoundKey_149_out_din     |  out|    8|     ap_fifo|                RoundKey_149_out|       pointer|
|RoundKey_149_out_full_n  |   in|    1|     ap_fifo|                RoundKey_149_out|       pointer|
|RoundKey_149_out_write   |  out|    1|     ap_fifo|                RoundKey_149_out|       pointer|
|RoundKey_150_out_din     |  out|    8|     ap_fifo|                RoundKey_150_out|       pointer|
|RoundKey_150_out_full_n  |   in|    1|     ap_fifo|                RoundKey_150_out|       pointer|
|RoundKey_150_out_write   |  out|    1|     ap_fifo|                RoundKey_150_out|       pointer|
|RoundKey_151_out_din     |  out|    8|     ap_fifo|                RoundKey_151_out|       pointer|
|RoundKey_151_out_full_n  |   in|    1|     ap_fifo|                RoundKey_151_out|       pointer|
|RoundKey_151_out_write   |  out|    1|     ap_fifo|                RoundKey_151_out|       pointer|
|RoundKey_152_out_din     |  out|    8|     ap_fifo|                RoundKey_152_out|       pointer|
|RoundKey_152_out_full_n  |   in|    1|     ap_fifo|                RoundKey_152_out|       pointer|
|RoundKey_152_out_write   |  out|    1|     ap_fifo|                RoundKey_152_out|       pointer|
|RoundKey_153_out_din     |  out|    8|     ap_fifo|                RoundKey_153_out|       pointer|
|RoundKey_153_out_full_n  |   in|    1|     ap_fifo|                RoundKey_153_out|       pointer|
|RoundKey_153_out_write   |  out|    1|     ap_fifo|                RoundKey_153_out|       pointer|
|RoundKey_154_out_din     |  out|    8|     ap_fifo|                RoundKey_154_out|       pointer|
|RoundKey_154_out_full_n  |   in|    1|     ap_fifo|                RoundKey_154_out|       pointer|
|RoundKey_154_out_write   |  out|    1|     ap_fifo|                RoundKey_154_out|       pointer|
|RoundKey_155_out_din     |  out|    8|     ap_fifo|                RoundKey_155_out|       pointer|
|RoundKey_155_out_full_n  |   in|    1|     ap_fifo|                RoundKey_155_out|       pointer|
|RoundKey_155_out_write   |  out|    1|     ap_fifo|                RoundKey_155_out|       pointer|
|RoundKey_156_out_din     |  out|    8|     ap_fifo|                RoundKey_156_out|       pointer|
|RoundKey_156_out_full_n  |   in|    1|     ap_fifo|                RoundKey_156_out|       pointer|
|RoundKey_156_out_write   |  out|    1|     ap_fifo|                RoundKey_156_out|       pointer|
|RoundKey_157_out_din     |  out|    8|     ap_fifo|                RoundKey_157_out|       pointer|
|RoundKey_157_out_full_n  |   in|    1|     ap_fifo|                RoundKey_157_out|       pointer|
|RoundKey_157_out_write   |  out|    1|     ap_fifo|                RoundKey_157_out|       pointer|
|RoundKey_158_out_din     |  out|    8|     ap_fifo|                RoundKey_158_out|       pointer|
|RoundKey_158_out_full_n  |   in|    1|     ap_fifo|                RoundKey_158_out|       pointer|
|RoundKey_158_out_write   |  out|    1|     ap_fifo|                RoundKey_158_out|       pointer|
|RoundKey_159_out_din     |  out|    8|     ap_fifo|                RoundKey_159_out|       pointer|
|RoundKey_159_out_full_n  |   in|    1|     ap_fifo|                RoundKey_159_out|       pointer|
|RoundKey_159_out_write   |  out|    1|     ap_fifo|                RoundKey_159_out|       pointer|
|RoundKey_160_out_din     |  out|    8|     ap_fifo|                RoundKey_160_out|       pointer|
|RoundKey_160_out_full_n  |   in|    1|     ap_fifo|                RoundKey_160_out|       pointer|
|RoundKey_160_out_write   |  out|    1|     ap_fifo|                RoundKey_160_out|       pointer|
|RoundKey_161_out_din     |  out|    8|     ap_fifo|                RoundKey_161_out|       pointer|
|RoundKey_161_out_full_n  |   in|    1|     ap_fifo|                RoundKey_161_out|       pointer|
|RoundKey_161_out_write   |  out|    1|     ap_fifo|                RoundKey_161_out|       pointer|
|RoundKey_162_out_din     |  out|    8|     ap_fifo|                RoundKey_162_out|       pointer|
|RoundKey_162_out_full_n  |   in|    1|     ap_fifo|                RoundKey_162_out|       pointer|
|RoundKey_162_out_write   |  out|    1|     ap_fifo|                RoundKey_162_out|       pointer|
|RoundKey_163_out_din     |  out|    8|     ap_fifo|                RoundKey_163_out|       pointer|
|RoundKey_163_out_full_n  |   in|    1|     ap_fifo|                RoundKey_163_out|       pointer|
|RoundKey_163_out_write   |  out|    1|     ap_fifo|                RoundKey_163_out|       pointer|
|RoundKey_164_out_din     |  out|    8|     ap_fifo|                RoundKey_164_out|       pointer|
|RoundKey_164_out_full_n  |   in|    1|     ap_fifo|                RoundKey_164_out|       pointer|
|RoundKey_164_out_write   |  out|    1|     ap_fifo|                RoundKey_164_out|       pointer|
|RoundKey_165_out_din     |  out|    8|     ap_fifo|                RoundKey_165_out|       pointer|
|RoundKey_165_out_full_n  |   in|    1|     ap_fifo|                RoundKey_165_out|       pointer|
|RoundKey_165_out_write   |  out|    1|     ap_fifo|                RoundKey_165_out|       pointer|
|RoundKey_166_out_din     |  out|    8|     ap_fifo|                RoundKey_166_out|       pointer|
|RoundKey_166_out_full_n  |   in|    1|     ap_fifo|                RoundKey_166_out|       pointer|
|RoundKey_166_out_write   |  out|    1|     ap_fifo|                RoundKey_166_out|       pointer|
|RoundKey_167_out_din     |  out|    8|     ap_fifo|                RoundKey_167_out|       pointer|
|RoundKey_167_out_full_n  |   in|    1|     ap_fifo|                RoundKey_167_out|       pointer|
|RoundKey_167_out_write   |  out|    1|     ap_fifo|                RoundKey_167_out|       pointer|
|RoundKey_168_out_din     |  out|    8|     ap_fifo|                RoundKey_168_out|       pointer|
|RoundKey_168_out_full_n  |   in|    1|     ap_fifo|                RoundKey_168_out|       pointer|
|RoundKey_168_out_write   |  out|    1|     ap_fifo|                RoundKey_168_out|       pointer|
|RoundKey_169_out_din     |  out|    8|     ap_fifo|                RoundKey_169_out|       pointer|
|RoundKey_169_out_full_n  |   in|    1|     ap_fifo|                RoundKey_169_out|       pointer|
|RoundKey_169_out_write   |  out|    1|     ap_fifo|                RoundKey_169_out|       pointer|
|RoundKey_170_out_din     |  out|    8|     ap_fifo|                RoundKey_170_out|       pointer|
|RoundKey_170_out_full_n  |   in|    1|     ap_fifo|                RoundKey_170_out|       pointer|
|RoundKey_170_out_write   |  out|    1|     ap_fifo|                RoundKey_170_out|       pointer|
|RoundKey_171_out_din     |  out|    8|     ap_fifo|                RoundKey_171_out|       pointer|
|RoundKey_171_out_full_n  |   in|    1|     ap_fifo|                RoundKey_171_out|       pointer|
|RoundKey_171_out_write   |  out|    1|     ap_fifo|                RoundKey_171_out|       pointer|
|RoundKey_172_out_din     |  out|    8|     ap_fifo|                RoundKey_172_out|       pointer|
|RoundKey_172_out_full_n  |   in|    1|     ap_fifo|                RoundKey_172_out|       pointer|
|RoundKey_172_out_write   |  out|    1|     ap_fifo|                RoundKey_172_out|       pointer|
|RoundKey_173_out_din     |  out|    8|     ap_fifo|                RoundKey_173_out|       pointer|
|RoundKey_173_out_full_n  |   in|    1|     ap_fifo|                RoundKey_173_out|       pointer|
|RoundKey_173_out_write   |  out|    1|     ap_fifo|                RoundKey_173_out|       pointer|
|RoundKey_174_out_din     |  out|    8|     ap_fifo|                RoundKey_174_out|       pointer|
|RoundKey_174_out_full_n  |   in|    1|     ap_fifo|                RoundKey_174_out|       pointer|
|RoundKey_174_out_write   |  out|    1|     ap_fifo|                RoundKey_174_out|       pointer|
|RoundKey_175_out_din     |  out|    8|     ap_fifo|                RoundKey_175_out|       pointer|
|RoundKey_175_out_full_n  |   in|    1|     ap_fifo|                RoundKey_175_out|       pointer|
|RoundKey_175_out_write   |  out|    1|     ap_fifo|                RoundKey_175_out|       pointer|
+-------------------------+-----+-----+------------+--------------------------------+--------------+

