

================================================================
== Vitis HLS Report for 'Four_Term_Multiplication'
================================================================
* Date:           Wed Dec 29 21:50:23 2021

* Version:        2020.2 (Build 3064766 on Wed Nov 18 09:12:45 MST 2020)
* Project:        aes
* Solution:       solution1 (Vivado IP Flow Target)
* Product family: zynq
* Target device:  xc7z020-clg400-1


================================================================
== Performance Estimates
================================================================
+ Timing: 
    * Summary: 
    +--------+----------+----------+------------+
    |  Clock |  Target  | Estimated| Uncertainty|
    +--------+----------+----------+------------+
    |ap_clk  |  10.00 ns|  2.238 ns|     2.70 ns|
    +--------+----------+----------+------------+

+ Latency: 
    * Summary: 
    +---------+---------+----------+----------+-----+-----+---------+
    |  Latency (cycles) |  Latency (absolute) |  Interval | Pipeline|
    |   min   |   max   |    min   |    max   | min | max |   Type  |
    +---------+---------+----------+----------+-----+-----+---------+
    |        0|        0|      0 ns|      0 ns|    0|    0|     none|
    +---------+---------+----------+----------+-----+-----+---------+

    + Detail: 
        * Instance: 
        N/A

        * Loop: 
        N/A



================================================================
== Utilization Estimates
================================================================
* Summary: 
+-----------------+---------+-----+--------+-------+-----+
|       Name      | BRAM_18K| DSP |   FF   |  LUT  | URAM|
+-----------------+---------+-----+--------+-------+-----+
|DSP              |        -|    -|       -|      -|    -|
|Expression       |        -|    -|       0|    184|    -|
|FIFO             |        -|    -|       -|      -|    -|
|Instance         |        -|    -|       -|      -|    -|
|Memory           |        -|    -|       -|      -|    -|
|Multiplexer      |        -|    -|       -|      -|    -|
|Register         |        -|    -|       -|      -|    -|
+-----------------+---------+-----+--------+-------+-----+
|Total            |        0|    0|       0|    184|    0|
+-----------------+---------+-----+--------+-------+-----+
|Available        |      280|  220|  106400|  53200|    0|
+-----------------+---------+-----+--------+-------+-----+
|Utilization (%)  |        0|    0|       0|     ~0|    0|
+-----------------+---------+-----+--------+-------+-----+

+ Detail: 
    * Instance: 
    N/A

    * DSP: 
    N/A

    * Memory: 
    N/A

    * FIFO: 
    N/A

    * Expression: 
    +----------------------+----------+----+---+----+------------+------------+
    |     Variable Name    | Operation| DSP| FF| LUT| Bitwidth P0| Bitwidth P1|
    +----------------------+----------+----+---+----+------------+------------+
    |result_11_fu_196_p3   |    select|   0|  0|   8|           1|           8|
    |result_2_fu_64_p3     |    select|   0|  0|   8|           1|           8|
    |result_5_fu_92_p3     |    select|   0|  0|   8|           1|           8|
    |result_8_fu_144_p3    |    select|   0|  0|   8|           1|           8|
    |result_10_fu_190_p2   |       xor|   0|  0|   8|           8|           5|
    |result_1_fu_58_p2     |       xor|   0|  0|   8|           8|           5|
    |result_4_fu_86_p2     |       xor|   0|  0|   8|           8|           5|
    |result_7_fu_138_p2    |       xor|   0|  0|   8|           8|           5|
    |xor_ln15_1_fu_106_p2  |       xor|   0|  0|   8|           8|           8|
    |xor_ln15_2_fu_112_p2  |       xor|   0|  0|   8|           8|           8|
    |xor_ln15_3_fu_118_p2  |       xor|   0|  0|   8|           8|           8|
    |xor_ln15_fu_100_p2    |       xor|   0|  0|   8|           8|           8|
    |xor_ln16_1_fu_158_p2  |       xor|   0|  0|   8|           8|           8|
    |xor_ln16_2_fu_164_p2  |       xor|   0|  0|   8|           8|           8|
    |xor_ln16_3_fu_170_p2  |       xor|   0|  0|   8|           8|           8|
    |xor_ln16_fu_152_p2    |       xor|   0|  0|   8|           8|           8|
    |xor_ln17_1_fu_210_p2  |       xor|   0|  0|   8|           8|           8|
    |xor_ln17_2_fu_216_p2  |       xor|   0|  0|   8|           8|           8|
    |xor_ln17_fu_204_p2    |       xor|   0|  0|   8|           8|           8|
    |xor_ln18_1_fu_228_p2  |       xor|   0|  0|   8|           8|           8|
    |xor_ln18_2_fu_234_p2  |       xor|   0|  0|   8|           8|           8|
    |xor_ln18_3_fu_240_p2  |       xor|   0|  0|   8|           8|           8|
    |xor_ln18_fu_222_p2    |       xor|   0|  0|   8|           8|           8|
    +----------------------+----------+----+---+----+------------+------------+
    |Total                 |          |   0|  0| 184|         156|         172|
    +----------------------+----------+----+---+----+------------+------------+

    * Multiplexer: 
    N/A

    * Register: 
    N/A



================================================================
== Interface
================================================================
* Summary: 
+-------------+-----+-----+------------+--------------------------+--------------+
|  RTL Ports  | Dir | Bits|  Protocol  |       Source Object      |    C Type    |
+-------------+-----+-----+------------+--------------------------+--------------+
|ap_ready     |  out|    1|  ap_ctrl_hs|  Four_Term_Multiplication|  return value|
|ap_return_0  |  out|    8|  ap_ctrl_hs|  Four_Term_Multiplication|  return value|
|ap_return_1  |  out|    8|  ap_ctrl_hs|  Four_Term_Multiplication|  return value|
|ap_return_2  |  out|    8|  ap_ctrl_hs|  Four_Term_Multiplication|  return value|
|ap_return_3  |  out|    8|  ap_ctrl_hs|  Four_Term_Multiplication|  return value|
|p_read       |   in|    8|     ap_none|                    p_read|        scalar|
|p_read1      |   in|    8|     ap_none|                   p_read1|        scalar|
|p_read2      |   in|    8|     ap_none|                   p_read2|        scalar|
|p_read3      |   in|    8|     ap_none|                   p_read3|        scalar|
+-------------+-----+-----+------------+--------------------------+--------------+

