

================================================================
== Vitis HLS Report for 'MixColumns'
================================================================
* Date:           Thu Dec 30 15:47:57 2021

* Version:        2020.2 (Build 3064766 on Wed Nov 18 09:12:45 MST 2020)
* Project:        aes
* Solution:       solution1 (Vivado IP Flow Target)
* Product family: zynq
* Target device:  xc7z020-clg400-1


================================================================
== Performance Estimates
================================================================
+ Timing: 
    * Summary: 
    +--------+----------+----------+------------+
    |  Clock |  Target  | Estimated| Uncertainty|
    +--------+----------+----------+------------+
    |ap_clk  |  10.00 ns|  4.158 ns|     2.70 ns|
    +--------+----------+----------+------------+

+ Latency: 
    * Summary: 
    +---------+---------+----------+----------+-----+-----+---------+
    |  Latency (cycles) |  Latency (absolute) |  Interval | Pipeline|
    |   min   |   max   |    min   |    max   | min | max |   Type  |
    +---------+---------+----------+----------+-----+-----+---------+
    |        0|        0|      0 ns|      0 ns|    0|    0|     none|
    +---------+---------+----------+----------+-----+-----+---------+

    + Detail: 
        * Instance: 
        N/A

        * Loop: 
        N/A



================================================================
== Utilization Estimates
================================================================
* Summary: 
+-----------------+---------+-----+--------+-------+-----+
|       Name      | BRAM_18K| DSP |   FF   |  LUT  | URAM|
+-----------------+---------+-----+--------+-------+-----+
|DSP              |        -|    -|       -|      -|    -|
|Expression       |        -|    -|       0|    626|    -|
|FIFO             |        -|    -|       -|      -|    -|
|Instance         |        -|    -|       -|      -|    -|
|Memory           |        -|    -|       -|      -|    -|
|Multiplexer      |        -|    -|       -|    153|    -|
|Register         |        -|    -|     130|      -|    -|
+-----------------+---------+-----+--------+-------+-----+
|Total            |        0|    0|     130|    779|    0|
+-----------------+---------+-----+--------+-------+-----+
|Available        |      280|  220|  106400|  53200|    0|
+-----------------+---------+-----+--------+-------+-----+
|Utilization (%)  |        0|    0|      ~0|      1|    0|
+-----------------+---------+-----+--------+-------+-----+

+ Detail: 
    * Instance: 
    N/A

    * DSP: 
    N/A

    * Memory: 
    N/A

    * FIFO: 
    N/A

    * Expression: 
    +--------------------------+----------+----+---+----+------------+------------+
    |       Variable Name      | Operation| DSP| FF| LUT| Bitwidth P0| Bitwidth P1|
    +--------------------------+----------+----+---+----+------------+------------+
    |ap_block_state1           |        or|   0|  0|   2|           1|           1|
    |select_ln53_25_fu_364_p3  |    select|   0|  0|   5|           1|           5|
    |select_ln53_26_fu_554_p3  |    select|   0|  0|   5|           1|           5|
    |select_ln53_27_fu_744_p3  |    select|   0|  0|   5|           1|           5|
    |select_ln53_fu_174_p3     |    select|   0|  0|   5|           1|           5|
    |select_ln57_25_fu_410_p3  |    select|   0|  0|   5|           1|           5|
    |select_ln57_26_fu_600_p3  |    select|   0|  0|   5|           1|           5|
    |select_ln57_27_fu_790_p3  |    select|   0|  0|   5|           1|           5|
    |select_ln57_fu_220_p3     |    select|   0|  0|   5|           1|           5|
    |select_ln61_25_fu_456_p3  |    select|   0|  0|   5|           1|           5|
    |select_ln61_26_fu_646_p3  |    select|   0|  0|   5|           1|           5|
    |select_ln61_27_fu_836_p3  |    select|   0|  0|   5|           1|           5|
    |select_ln61_fu_266_p3     |    select|   0|  0|   5|           1|           5|
    |select_ln65_25_fu_502_p3  |    select|   0|  0|   5|           1|           5|
    |select_ln65_26_fu_692_p3  |    select|   0|  0|   5|           1|           5|
    |select_ln65_27_fu_882_p3  |    select|   0|  0|   5|           1|           5|
    |select_ln65_fu_312_p3     |    select|   0|  0|   5|           1|           5|
    |xor_ln50_89_fu_148_p2     |       xor|   0|  0|   8|           8|           8|
    |xor_ln50_90_fu_154_p2     |       xor|   0|  0|   8|           8|           8|
    |xor_ln50_91_fu_332_p2     |       xor|   0|  0|   8|           8|           8|
    |xor_ln50_92_fu_338_p2     |       xor|   0|  0|   8|           8|           8|
    |xor_ln50_93_fu_344_p2     |       xor|   0|  0|   8|           8|           8|
    |xor_ln50_94_fu_522_p2     |       xor|   0|  0|   8|           8|           8|
    |xor_ln50_95_fu_528_p2     |       xor|   0|  0|   8|           8|           8|
    |xor_ln50_96_fu_534_p2     |       xor|   0|  0|   8|           8|           8|
    |xor_ln50_97_fu_712_p2     |       xor|   0|  0|   8|           8|           8|
    |xor_ln50_98_fu_718_p2     |       xor|   0|  0|   8|           8|           8|
    |xor_ln50_99_fu_724_p2     |       xor|   0|  0|   8|           8|           8|
    |xor_ln50_fu_142_p2        |       xor|   0|  0|   8|           8|           8|
    |xor_ln53_89_fu_188_p2     |       xor|   0|  0|   8|           8|           8|
    |xor_ln53_90_fu_194_p2     |       xor|   0|  0|   8|           8|           8|
    |xor_ln53_91_fu_372_p2     |       xor|   0|  0|   8|           8|           8|
    |xor_ln53_92_fu_378_p2     |       xor|   0|  0|   8|           8|           8|
    |xor_ln53_93_fu_384_p2     |       xor|   0|  0|   8|           8|           8|
    |xor_ln53_94_fu_562_p2     |       xor|   0|  0|   8|           8|           8|
    |xor_ln53_95_fu_568_p2     |       xor|   0|  0|   8|           8|           8|
    |xor_ln53_96_fu_574_p2     |       xor|   0|  0|   8|           8|           8|
    |xor_ln53_97_fu_752_p2     |       xor|   0|  0|   8|           8|           8|
    |xor_ln53_98_fu_758_p2     |       xor|   0|  0|   8|           8|           8|
    |xor_ln53_99_fu_764_p2     |       xor|   0|  0|   8|           8|           8|
    |xor_ln53_fu_182_p2        |       xor|   0|  0|   8|           8|           8|
    |xor_ln55_25_fu_390_p2     |       xor|   0|  0|   8|           8|           8|
    |xor_ln55_26_fu_580_p2     |       xor|   0|  0|   8|           8|           8|
    |xor_ln55_27_fu_770_p2     |       xor|   0|  0|   8|           8|           8|
    |xor_ln55_fu_200_p2        |       xor|   0|  0|   8|           8|           8|
    |xor_ln57_89_fu_234_p2     |       xor|   0|  0|   8|           8|           8|
    |xor_ln57_90_fu_240_p2     |       xor|   0|  0|   8|           8|           8|
    |xor_ln57_91_fu_418_p2     |       xor|   0|  0|   8|           8|           8|
    |xor_ln57_92_fu_424_p2     |       xor|   0|  0|   8|           8|           8|
    |xor_ln57_93_fu_430_p2     |       xor|   0|  0|   8|           8|           8|
    |xor_ln57_94_fu_608_p2     |       xor|   0|  0|   8|           8|           8|
    |xor_ln57_95_fu_614_p2     |       xor|   0|  0|   8|           8|           8|
    |xor_ln57_96_fu_620_p2     |       xor|   0|  0|   8|           8|           8|
    |xor_ln57_97_fu_798_p2     |       xor|   0|  0|   8|           8|           8|
    |xor_ln57_98_fu_804_p2     |       xor|   0|  0|   8|           8|           8|
    |xor_ln57_99_fu_810_p2     |       xor|   0|  0|   8|           8|           8|
    |xor_ln57_fu_228_p2        |       xor|   0|  0|   8|           8|           8|
    |xor_ln59_25_fu_436_p2     |       xor|   0|  0|   8|           8|           8|
    |xor_ln59_26_fu_626_p2     |       xor|   0|  0|   8|           8|           8|
    |xor_ln59_27_fu_816_p2     |       xor|   0|  0|   8|           8|           8|
    |xor_ln59_fu_246_p2        |       xor|   0|  0|   8|           8|           8|
    |xor_ln61_89_fu_280_p2     |       xor|   0|  0|   8|           8|           8|
    |xor_ln61_90_fu_286_p2     |       xor|   0|  0|   8|           8|           8|
    |xor_ln61_91_fu_464_p2     |       xor|   0|  0|   8|           8|           8|
    |xor_ln61_92_fu_470_p2     |       xor|   0|  0|   8|           8|           8|
    |xor_ln61_93_fu_476_p2     |       xor|   0|  0|   8|           8|           8|
    |xor_ln61_94_fu_654_p2     |       xor|   0|  0|   8|           8|           8|
    |xor_ln61_95_fu_660_p2     |       xor|   0|  0|   8|           8|           8|
    |xor_ln61_96_fu_666_p2     |       xor|   0|  0|   8|           8|           8|
    |xor_ln61_97_fu_844_p2     |       xor|   0|  0|   8|           8|           8|
    |xor_ln61_98_fu_850_p2     |       xor|   0|  0|   8|           8|           8|
    |xor_ln61_99_fu_856_p2     |       xor|   0|  0|   8|           8|           8|
    |xor_ln61_fu_274_p2        |       xor|   0|  0|   8|           8|           8|
    |xor_ln63_25_fu_482_p2     |       xor|   0|  0|   8|           8|           8|
    |xor_ln63_26_fu_672_p2     |       xor|   0|  0|   8|           8|           8|
    |xor_ln63_27_fu_862_p2     |       xor|   0|  0|   8|           8|           8|
    |xor_ln63_fu_292_p2        |       xor|   0|  0|   8|           8|           8|
    |xor_ln65_57_fu_326_p2     |       xor|   0|  0|   8|           8|           8|
    |xor_ln65_58_fu_510_p2     |       xor|   0|  0|   8|           8|           8|
    |xor_ln65_59_fu_516_p2     |       xor|   0|  0|   8|           8|           8|
    |xor_ln65_60_fu_700_p2     |       xor|   0|  0|   8|           8|           8|
    |xor_ln65_61_fu_706_p2     |       xor|   0|  0|   8|           8|           8|
    |xor_ln65_62_fu_890_p2     |       xor|   0|  0|   8|           8|           8|
    |xor_ln65_63_fu_896_p2     |       xor|   0|  0|   8|           8|           8|
    |xor_ln65_fu_320_p2        |       xor|   0|  0|   8|           8|           8|
    +--------------------------+----------+----+---+----+------------+------------+
    |Total                     |          |   0|  0| 626|         561|         625|
    +--------------------------+----------+----+---+----+------------+------------+

    * Multiplexer: 
    +--------------+----+-----------+-----+-----------+
    |     Name     | LUT| Input Size| Bits| Total Bits|
    +--------------+----+-----------+-----+-----------+
    |ap_done       |   9|          2|    1|          2|
    |ap_return_0   |   9|          2|    8|         16|
    |ap_return_1   |   9|          2|    8|         16|
    |ap_return_10  |   9|          2|    8|         16|
    |ap_return_11  |   9|          2|    8|         16|
    |ap_return_12  |   9|          2|    8|         16|
    |ap_return_13  |   9|          2|    8|         16|
    |ap_return_14  |   9|          2|    8|         16|
    |ap_return_15  |   9|          2|    8|         16|
    |ap_return_2   |   9|          2|    8|         16|
    |ap_return_3   |   9|          2|    8|         16|
    |ap_return_4   |   9|          2|    8|         16|
    |ap_return_5   |   9|          2|    8|         16|
    |ap_return_6   |   9|          2|    8|         16|
    |ap_return_7   |   9|          2|    8|         16|
    |ap_return_8   |   9|          2|    8|         16|
    |ap_return_9   |   9|          2|    8|         16|
    +--------------+----+-----------+-----+-----------+
    |Total         | 153|         34|  129|        258|
    +--------------+----+-----------+-----+-----------+

    * Register: 
    +-------------------+---+----+-----+-----------+
    |        Name       | FF| LUT| Bits| Const Bits|
    +-------------------+---+----+-----+-----------+
    |ap_CS_fsm          |  1|   0|    1|          0|
    |ap_done_reg        |  1|   0|    1|          0|
    |ap_return_0_preg   |  8|   0|    8|          0|
    |ap_return_10_preg  |  8|   0|    8|          0|
    |ap_return_11_preg  |  8|   0|    8|          0|
    |ap_return_12_preg  |  8|   0|    8|          0|
    |ap_return_13_preg  |  8|   0|    8|          0|
    |ap_return_14_preg  |  8|   0|    8|          0|
    |ap_return_15_preg  |  8|   0|    8|          0|
    |ap_return_1_preg   |  8|   0|    8|          0|
    |ap_return_2_preg   |  8|   0|    8|          0|
    |ap_return_3_preg   |  8|   0|    8|          0|
    |ap_return_4_preg   |  8|   0|    8|          0|
    |ap_return_5_preg   |  8|   0|    8|          0|
    |ap_return_6_preg   |  8|   0|    8|          0|
    |ap_return_7_preg   |  8|   0|    8|          0|
    |ap_return_8_preg   |  8|   0|    8|          0|
    |ap_return_9_preg   |  8|   0|    8|          0|
    +-------------------+---+----+-----+-----------+
    |Total              |130|   0|  130|          0|
    +-------------------+---+----+-----+-----------+



================================================================
== Interface
================================================================
* Summary: 
+--------------+-----+-----+------------+--------------+--------------+
|   RTL Ports  | Dir | Bits|  Protocol  | Source Object|    C Type    |
+--------------+-----+-----+------------+--------------+--------------+
|ap_clk        |   in|    1|  ap_ctrl_hs|    MixColumns|  return value|
|ap_rst        |   in|    1|  ap_ctrl_hs|    MixColumns|  return value|
|ap_start      |   in|    1|  ap_ctrl_hs|    MixColumns|  return value|
|ap_done       |  out|    1|  ap_ctrl_hs|    MixColumns|  return value|
|ap_continue   |   in|    1|  ap_ctrl_hs|    MixColumns|  return value|
|ap_idle       |  out|    1|  ap_ctrl_hs|    MixColumns|  return value|
|ap_ready      |  out|    1|  ap_ctrl_hs|    MixColumns|  return value|
|ap_return_0   |  out|    8|  ap_ctrl_hs|    MixColumns|  return value|
|ap_return_1   |  out|    8|  ap_ctrl_hs|    MixColumns|  return value|
|ap_return_2   |  out|    8|  ap_ctrl_hs|    MixColumns|  return value|
|ap_return_3   |  out|    8|  ap_ctrl_hs|    MixColumns|  return value|
|ap_return_4   |  out|    8|  ap_ctrl_hs|    MixColumns|  return value|
|ap_return_5   |  out|    8|  ap_ctrl_hs|    MixColumns|  return value|
|ap_return_6   |  out|    8|  ap_ctrl_hs|    MixColumns|  return value|
|ap_return_7   |  out|    8|  ap_ctrl_hs|    MixColumns|  return value|
|ap_return_8   |  out|    8|  ap_ctrl_hs|    MixColumns|  return value|
|ap_return_9   |  out|    8|  ap_ctrl_hs|    MixColumns|  return value|
|ap_return_10  |  out|    8|  ap_ctrl_hs|    MixColumns|  return value|
|ap_return_11  |  out|    8|  ap_ctrl_hs|    MixColumns|  return value|
|ap_return_12  |  out|    8|  ap_ctrl_hs|    MixColumns|  return value|
|ap_return_13  |  out|    8|  ap_ctrl_hs|    MixColumns|  return value|
|ap_return_14  |  out|    8|  ap_ctrl_hs|    MixColumns|  return value|
|ap_return_15  |  out|    8|  ap_ctrl_hs|    MixColumns|  return value|
|in_0_read     |   in|    8|     ap_none|     in_0_read|        scalar|
|in_1_read     |   in|    8|     ap_none|     in_1_read|        scalar|
|in_2_read     |   in|    8|     ap_none|     in_2_read|        scalar|
|in_3_read     |   in|    8|     ap_none|     in_3_read|        scalar|
|in_4_read     |   in|    8|     ap_none|     in_4_read|        scalar|
|in_5_read     |   in|    8|     ap_none|     in_5_read|        scalar|
|in_6_read     |   in|    8|     ap_none|     in_6_read|        scalar|
|in_7_read     |   in|    8|     ap_none|     in_7_read|        scalar|
|in_8_read     |   in|    8|     ap_none|     in_8_read|        scalar|
|in_9_read     |   in|    8|     ap_none|     in_9_read|        scalar|
|in_10_read    |   in|    8|     ap_none|    in_10_read|        scalar|
|in_11_read    |   in|    8|     ap_none|    in_11_read|        scalar|
|in_12_read    |   in|    8|     ap_none|    in_12_read|        scalar|
|in_13_read    |   in|    8|     ap_none|    in_13_read|        scalar|
|in_14_read    |   in|    8|     ap_none|    in_14_read|        scalar|
|in_15_read    |   in|    8|     ap_none|    in_15_read|        scalar|
+--------------+-----+-----+------------+--------------+--------------+

