

================================================================
== Vitis HLS Report for 'ShiftRows'
================================================================
* Date:           Thu Dec 30 15:47:59 2021

* Version:        2020.2 (Build 3064766 on Wed Nov 18 09:12:45 MST 2020)
* Project:        aes
* Solution:       solution1 (Vivado IP Flow Target)
* Product family: zynq
* Target device:  xc7z020-clg400-1


================================================================
== Performance Estimates
================================================================
+ Timing: 
    * Summary: 
    +--------+----------+----------+------------+
    |  Clock |  Target  | Estimated| Uncertainty|
    +--------+----------+----------+------------+
    |ap_clk  |  10.00 ns|      0 ns|     2.70 ns|
    +--------+----------+----------+------------+

+ Latency: 
    * Summary: 
    +---------+---------+----------+----------+-----+-----+---------+
    |  Latency (cycles) |  Latency (absolute) |  Interval | Pipeline|
    |   min   |   max   |    min   |    max   | min | max |   Type  |
    +---------+---------+----------+----------+-----+-----+---------+
    |        0|        0|      0 ns|      0 ns|    0|    0|     none|
    +---------+---------+----------+----------+-----+-----+---------+

    + Detail: 
        * Instance: 
        N/A

        * Loop: 
        N/A



================================================================
== Utilization Estimates
================================================================
* Summary: 
+-----------------+---------+-----+--------+-------+-----+
|       Name      | BRAM_18K| DSP |   FF   |  LUT  | URAM|
+-----------------+---------+-----+--------+-------+-----+
|DSP              |        -|    -|       -|      -|    -|
|Expression       |        -|    -|       0|      2|    -|
|FIFO             |        -|    -|       -|      -|    -|
|Instance         |        -|    -|       -|      -|    -|
|Memory           |        -|    -|       -|      -|    -|
|Multiplexer      |        -|    -|       -|    153|    -|
|Register         |        -|    -|     130|      -|    -|
+-----------------+---------+-----+--------+-------+-----+
|Total            |        0|    0|     130|    155|    0|
+-----------------+---------+-----+--------+-------+-----+
|Available        |      280|  220|  106400|  53200|    0|
+-----------------+---------+-----+--------+-------+-----+
|Utilization (%)  |        0|    0|      ~0|     ~0|    0|
+-----------------+---------+-----+--------+-------+-----+

+ Detail: 
    * Instance: 
    N/A

    * DSP: 
    N/A

    * Memory: 
    N/A

    * FIFO: 
    N/A

    * Expression: 
    +-----------------+----------+----+---+----+------------+------------+
    |  Variable Name  | Operation| DSP| FF| LUT| Bitwidth P0| Bitwidth P1|
    +-----------------+----------+----+---+----+------------+------------+
    |ap_block_state1  |        or|   0|  0|   2|           1|           1|
    +-----------------+----------+----+---+----+------------+------------+
    |Total            |          |   0|  0|   2|           1|           1|
    +-----------------+----------+----+---+----+------------+------------+

    * Multiplexer: 
    +--------------+----+-----------+-----+-----------+
    |     Name     | LUT| Input Size| Bits| Total Bits|
    +--------------+----+-----------+-----+-----------+
    |ap_done       |   9|          2|    1|          2|
    |ap_return_0   |   9|          2|    8|         16|
    |ap_return_1   |   9|          2|    8|         16|
    |ap_return_10  |   9|          2|    8|         16|
    |ap_return_11  |   9|          2|    8|         16|
    |ap_return_12  |   9|          2|    8|         16|
    |ap_return_13  |   9|          2|    8|         16|
    |ap_return_14  |   9|          2|    8|         16|
    |ap_return_15  |   9|          2|    8|         16|
    |ap_return_2   |   9|          2|    8|         16|
    |ap_return_3   |   9|          2|    8|         16|
    |ap_return_4   |   9|          2|    8|         16|
    |ap_return_5   |   9|          2|    8|         16|
    |ap_return_6   |   9|          2|    8|         16|
    |ap_return_7   |   9|          2|    8|         16|
    |ap_return_8   |   9|          2|    8|         16|
    |ap_return_9   |   9|          2|    8|         16|
    +--------------+----+-----------+-----+-----------+
    |Total         | 153|         34|  129|        258|
    +--------------+----+-----------+-----+-----------+

    * Register: 
    +-------------------+---+----+-----+-----------+
    |        Name       | FF| LUT| Bits| Const Bits|
    +-------------------+---+----+-----+-----------+
    |ap_CS_fsm          |  1|   0|    1|          0|
    |ap_done_reg        |  1|   0|    1|          0|
    |ap_return_0_preg   |  8|   0|    8|          0|
    |ap_return_10_preg  |  8|   0|    8|          0|
    |ap_return_11_preg  |  8|   0|    8|          0|
    |ap_return_12_preg  |  8|   0|    8|          0|
    |ap_return_13_preg  |  8|   0|    8|          0|
    |ap_return_14_preg  |  8|   0|    8|          0|
    |ap_return_15_preg  |  8|   0|    8|          0|
    |ap_return_1_preg   |  8|   0|    8|          0|
    |ap_return_2_preg   |  8|   0|    8|          0|
    |ap_return_3_preg   |  8|   0|    8|          0|
    |ap_return_4_preg   |  8|   0|    8|          0|
    |ap_return_5_preg   |  8|   0|    8|          0|
    |ap_return_6_preg   |  8|   0|    8|          0|
    |ap_return_7_preg   |  8|   0|    8|          0|
    |ap_return_8_preg   |  8|   0|    8|          0|
    |ap_return_9_preg   |  8|   0|    8|          0|
    +-------------------+---+----+-----+-----------+
    |Total              |130|   0|  130|          0|
    +-------------------+---+----+-----+-----------+



================================================================
== Interface
================================================================
* Summary: 
+--------------+-----+-----+------------+--------------+--------------+
|   RTL Ports  | Dir | Bits|  Protocol  | Source Object|    C Type    |
+--------------+-----+-----+------------+--------------+--------------+
|ap_clk        |   in|    1|  ap_ctrl_hs|     ShiftRows|  return value|
|ap_rst        |   in|    1|  ap_ctrl_hs|     ShiftRows|  return value|
|ap_start      |   in|    1|  ap_ctrl_hs|     ShiftRows|  return value|
|ap_done       |  out|    1|  ap_ctrl_hs|     ShiftRows|  return value|
|ap_continue   |   in|    1|  ap_ctrl_hs|     ShiftRows|  return value|
|ap_idle       |  out|    1|  ap_ctrl_hs|     ShiftRows|  return value|
|ap_ready      |  out|    1|  ap_ctrl_hs|     ShiftRows|  return value|
|ap_return_0   |  out|    8|  ap_ctrl_hs|     ShiftRows|  return value|
|ap_return_1   |  out|    8|  ap_ctrl_hs|     ShiftRows|  return value|
|ap_return_2   |  out|    8|  ap_ctrl_hs|     ShiftRows|  return value|
|ap_return_3   |  out|    8|  ap_ctrl_hs|     ShiftRows|  return value|
|ap_return_4   |  out|    8|  ap_ctrl_hs|     ShiftRows|  return value|
|ap_return_5   |  out|    8|  ap_ctrl_hs|     ShiftRows|  return value|
|ap_return_6   |  out|    8|  ap_ctrl_hs|     ShiftRows|  return value|
|ap_return_7   |  out|    8|  ap_ctrl_hs|     ShiftRows|  return value|
|ap_return_8   |  out|    8|  ap_ctrl_hs|     ShiftRows|  return value|
|ap_return_9   |  out|    8|  ap_ctrl_hs|     ShiftRows|  return value|
|ap_return_10  |  out|    8|  ap_ctrl_hs|     ShiftRows|  return value|
|ap_return_11  |  out|    8|  ap_ctrl_hs|     ShiftRows|  return value|
|ap_return_12  |  out|    8|  ap_ctrl_hs|     ShiftRows|  return value|
|ap_return_13  |  out|    8|  ap_ctrl_hs|     ShiftRows|  return value|
|ap_return_14  |  out|    8|  ap_ctrl_hs|     ShiftRows|  return value|
|ap_return_15  |  out|    8|  ap_ctrl_hs|     ShiftRows|  return value|
|in_0_read     |   in|    8|     ap_none|     in_0_read|        scalar|
|in_1_read     |   in|    8|     ap_none|     in_1_read|        scalar|
|in_2_read     |   in|    8|     ap_none|     in_2_read|        scalar|
|in_3_read     |   in|    8|     ap_none|     in_3_read|        scalar|
|in_4_read     |   in|    8|     ap_none|     in_4_read|        scalar|
|in_5_read     |   in|    8|     ap_none|     in_5_read|        scalar|
|in_6_read     |   in|    8|     ap_none|     in_6_read|        scalar|
|in_7_read     |   in|    8|     ap_none|     in_7_read|        scalar|
|in_8_read     |   in|    8|     ap_none|     in_8_read|        scalar|
|in_9_read     |   in|    8|     ap_none|     in_9_read|        scalar|
|in_10_read    |   in|    8|     ap_none|    in_10_read|        scalar|
|in_11_read    |   in|    8|     ap_none|    in_11_read|        scalar|
|in_12_read    |   in|    8|     ap_none|    in_12_read|        scalar|
|in_13_read    |   in|    8|     ap_none|    in_13_read|        scalar|
|in_14_read    |   in|    8|     ap_none|    in_14_read|        scalar|
|in_15_read    |   in|    8|     ap_none|    in_15_read|        scalar|
+--------------+-----+-----+------------+--------------+--------------+

