

================================================================
== Vitis HLS Report for 'SubBytes58'
================================================================
* Date:           Thu Dec 30 15:47:36 2021

* Version:        2020.2 (Build 3064766 on Wed Nov 18 09:12:45 MST 2020)
* Project:        aes
* Solution:       solution1 (Vivado IP Flow Target)
* Product family: zynq
* Target device:  xc7z020-clg400-1


================================================================
== Performance Estimates
================================================================
+ Timing: 
    * Summary: 
    +--------+----------+----------+------------+
    |  Clock |  Target  | Estimated| Uncertainty|
    +--------+----------+----------+------------+
    |ap_clk  |  10.00 ns|  3.254 ns|     2.70 ns|
    +--------+----------+----------+------------+

+ Latency: 
    * Summary: 
    +---------+---------+-----------+-----------+-----+-----+---------+
    |  Latency (cycles) |   Latency (absolute)  |  Interval | Pipeline|
    |   min   |   max   |    min    |    max    | min | max |   Type  |
    +---------+---------+-----------+-----------+-----+-----+---------+
    |        1|        1|  10.000 ns|  10.000 ns|    1|    1|     none|
    +---------+---------+-----------+-----------+-----+-----+---------+

    + Detail: 
        * Instance: 
        N/A

        * Loop: 
        N/A



================================================================
== Utilization Estimates
================================================================
* Summary: 
+-----------------+---------+-----+--------+-------+-----+
|       Name      | BRAM_18K| DSP |   FF   |  LUT  | URAM|
+-----------------+---------+-----+--------+-------+-----+
|DSP              |        -|    -|       -|      -|    -|
|Expression       |        -|    -|       0|      2|    -|
|FIFO             |        -|    -|       -|      -|    -|
|Instance         |        -|    -|       -|      -|    -|
|Memory           |       15|    -|       0|      0|    -|
|Multiplexer      |        -|    -|       -|     23|    -|
|Register         |        -|    -|       3|      -|    -|
+-----------------+---------+-----+--------+-------+-----+
|Total            |       15|    0|       3|     25|    0|
+-----------------+---------+-----+--------+-------+-----+
|Available        |      280|  220|  106400|  53200|    0|
+-----------------+---------+-----+--------+-------+-----+
|Utilization (%)  |        5|    0|      ~0|     ~0|    0|
+-----------------+---------+-----+--------+-------+-----+

+ Detail: 
    * Instance: 
    N/A

    * DSP: 
    N/A

    * Memory: 
    +-----------+--------------------+---------+---+----+-----+------+-----+------+-------------+
    |   Memory  |       Module       | BRAM_18K| FF| LUT| URAM| Words| Bits| Banks| W*Bits*Banks|
    +-----------+--------------------+---------+---+----+-----+------+-----+------+-------------+
    |sbox113_U  |SubBytes58_sbox113  |       15|  0|   0|    0|   256|    8|     1|         2048|
    +-----------+--------------------+---------+---+----+-----+------+-----+------+-------------+
    |Total      |                    |       15|  0|   0|    0|   256|    8|     1|         2048|
    +-----------+--------------------+---------+---+----+-----+------+-----+------+-------------+

    * FIFO: 
    N/A

    * Expression: 
    +-----------------+----------+----+---+----+------------+------------+
    |  Variable Name  | Operation| DSP| FF| LUT| Bitwidth P0| Bitwidth P1|
    +-----------------+----------+----+---+----+------------+------------+
    |ap_block_state1  |        or|   0|  0|   2|           1|           1|
    +-----------------+----------+----+---+----+------------+------------+
    |Total            |          |   0|  0|   2|           1|           1|
    +-----------------+----------+----+---+----+------------+------------+

    * Multiplexer: 
    +-----------+----+-----------+-----+-----------+
    |    Name   | LUT| Input Size| Bits| Total Bits|
    +-----------+----+-----------+-----+-----------+
    |ap_NS_fsm  |  14|          3|    1|          3|
    |ap_done    |   9|          2|    1|          2|
    +-----------+----+-----------+-----+-----------+
    |Total      |  23|          5|    2|          5|
    +-----------+----+-----------+-----+-----------+

    * Register: 
    +-------------+---+----+-----+-----------+
    |     Name    | FF| LUT| Bits| Const Bits|
    +-------------+---+----+-----+-----------+
    |ap_CS_fsm    |  2|   0|    2|          0|
    |ap_done_reg  |  1|   0|    1|          0|
    +-------------+---+----+-----+-----------+
    |Total        |  3|   0|    3|          0|
    +-------------+---+----+-----+-----------+



================================================================
== Interface
================================================================
* Summary: 
+--------------+-----+-----+------------+--------------+--------------+
|   RTL Ports  | Dir | Bits|  Protocol  | Source Object|    C Type    |
+--------------+-----+-----+------------+--------------+--------------+
|ap_clk        |   in|    1|  ap_ctrl_hs|    SubBytes58|  return value|
|ap_rst        |   in|    1|  ap_ctrl_hs|    SubBytes58|  return value|
|ap_start      |   in|    1|  ap_ctrl_hs|    SubBytes58|  return value|
|ap_done       |  out|    1|  ap_ctrl_hs|    SubBytes58|  return value|
|ap_continue   |   in|    1|  ap_ctrl_hs|    SubBytes58|  return value|
|ap_idle       |  out|    1|  ap_ctrl_hs|    SubBytes58|  return value|
|ap_ready      |  out|    1|  ap_ctrl_hs|    SubBytes58|  return value|
|ap_return_0   |  out|    8|  ap_ctrl_hs|    SubBytes58|  return value|
|ap_return_1   |  out|    8|  ap_ctrl_hs|    SubBytes58|  return value|
|ap_return_2   |  out|    8|  ap_ctrl_hs|    SubBytes58|  return value|
|ap_return_3   |  out|    8|  ap_ctrl_hs|    SubBytes58|  return value|
|ap_return_4   |  out|    8|  ap_ctrl_hs|    SubBytes58|  return value|
|ap_return_5   |  out|    8|  ap_ctrl_hs|    SubBytes58|  return value|
|ap_return_6   |  out|    8|  ap_ctrl_hs|    SubBytes58|  return value|
|ap_return_7   |  out|    8|  ap_ctrl_hs|    SubBytes58|  return value|
|ap_return_8   |  out|    8|  ap_ctrl_hs|    SubBytes58|  return value|
|ap_return_9   |  out|    8|  ap_ctrl_hs|    SubBytes58|  return value|
|ap_return_10  |  out|    8|  ap_ctrl_hs|    SubBytes58|  return value|
|ap_return_11  |  out|    8|  ap_ctrl_hs|    SubBytes58|  return value|
|ap_return_12  |  out|    8|  ap_ctrl_hs|    SubBytes58|  return value|
|ap_return_13  |  out|    8|  ap_ctrl_hs|    SubBytes58|  return value|
|ap_return_14  |  out|    8|  ap_ctrl_hs|    SubBytes58|  return value|
|ap_return_15  |  out|    8|  ap_ctrl_hs|    SubBytes58|  return value|
|p_read        |   in|    8|     ap_none|        p_read|        scalar|
|p_read1       |   in|    8|     ap_none|       p_read1|        scalar|
|p_read2       |   in|    8|     ap_none|       p_read2|        scalar|
|p_read3       |   in|    8|     ap_none|       p_read3|        scalar|
|p_read4       |   in|    8|     ap_none|       p_read4|        scalar|
|p_read5       |   in|    8|     ap_none|       p_read5|        scalar|
|p_read6       |   in|    8|     ap_none|       p_read6|        scalar|
|p_read7       |   in|    8|     ap_none|       p_read7|        scalar|
|p_read8       |   in|    8|     ap_none|       p_read8|        scalar|
|p_read9       |   in|    8|     ap_none|       p_read9|        scalar|
|p_read10      |   in|    8|     ap_none|      p_read10|        scalar|
|p_read11      |   in|    8|     ap_none|      p_read11|        scalar|
|p_read12      |   in|    8|     ap_none|      p_read12|        scalar|
|p_read13      |   in|    8|     ap_none|      p_read13|        scalar|
|p_read14      |   in|    8|     ap_none|      p_read14|        scalar|
|p_read15      |   in|    8|     ap_none|      p_read15|        scalar|
+--------------+-----+-----+------------+--------------+--------------+

