

================================================================
== Vivado HLS Report for 'MixColumns22'
================================================================
* Date:           Fri Dec 31 12:15:58 2021

* Version:        2018.3 (Build 2405991 on Thu Dec 06 23:56:15 MST 2018)
* Project:        aes
* Solution:       solution1
* Product family: zynq
* Target device:  xc7z020clg484-1


================================================================
== Performance Estimates
================================================================
+ Timing (ns): 
    * Summary: 
    +--------+-------+----------+------------+
    |  Clock | Target| Estimated| Uncertainty|
    +--------+-------+----------+------------+
    |ap_clk  |  10.00|     7.812|        1.25|
    +--------+-------+----------+------------+

+ Latency (clock cycles): 
    * Summary: 
    +-----+-----+-----+-----+---------+
    |  Latency  |  Interval | Pipeline|
    | min | max | min | max |   Type  |
    +-----+-----+-----+-----+---------+
    |   17|   17|   17|   17|   none  |
    +-----+-----+-----+-----+---------+

    + Detail: 
        * Instance: 
        N/A

        * Loop: 
        +----------+-----+-----+----------+-----------+-----------+------+----------+
        |          |  Latency  | Iteration|  Initiation Interval  | Trip |          |
        | Loop Name| min | max |  Latency |  achieved |   target  | Count| Pipelined|
        +----------+-----+-----+----------+-----------+-----------+------+----------+
        |- Loop 1  |   16|   16|         4|          -|          -|     4|    no    |
        +----------+-----+-----+----------+-----------+-----------+------+----------+



================================================================
== Utilization Estimates
================================================================
* Summary: 
+-----------------+---------+-------+--------+-------+
|       Name      | BRAM_18K| DSP48E|   FF   |  LUT  |
+-----------------+---------+-------+--------+-------+
|DSP              |        -|      -|       -|      -|
|Expression       |        -|      -|       0|    185|
|FIFO             |        -|      -|       -|      -|
|Instance         |        -|      -|       -|      -|
|Memory           |        -|      -|       -|      -|
|Multiplexer      |        -|      -|       -|    141|
|Register         |        -|      -|      65|      -|
+-----------------+---------+-------+--------+-------+
|Total            |        0|      0|      65|    326|
+-----------------+---------+-------+--------+-------+
|Available        |      280|    220|  106400|  53200|
+-----------------+---------+-------+--------+-------+
|Utilization (%)  |        0|      0|   ~0   |   ~0  |
+-----------------+---------+-------+--------+-------+

+ Detail: 
    * Instance: 
    N/A

    * DSP48: 
    N/A

    * Memory: 
    N/A

    * FIFO: 
    N/A

    * Expression: 
    +---------------------------------+----------+-------+---+----+------------+------------+
    |          Variable Name          | Operation| DSP48E| FF| LUT| Bitwidth P0| Bitwidth P1|
    +---------------------------------+----------+-------+---+----+------------+------------+
    |i_fu_155_p2                      |     +    |      0|  0|  15|           3|           5|
    |ap_block_state1                  |    or    |      0|  0|   2|           1|           1|
    |tmp_1_fu_161_p2                  |    or    |      0|  0|   4|           4|           2|
    |tmp_3_fu_171_p2                  |    or    |      0|  0|   4|           4|           2|
    |tmp_9_fu_144_p2                  |    or    |      0|  0|   4|           4|           1|
    |tmp_2_i20_cast_cast_s_fu_256_p3  |  select  |      0|  0|   5|           1|           5|
    |tmp_2_i25_cast_cast_s_fu_302_p3  |  select  |      0|  0|   5|           1|           5|
    |tmp_2_i30_cast_cast_s_fu_347_p3  |  select  |      0|  0|   5|           1|           5|
    |tmp_2_i_cast_cast_ca_fu_211_p3   |  select  |      0|  0|   5|           1|           5|
    |Tm_22_fu_237_p2                  |    xor   |      0|  0|   8|           8|           8|
    |Tm_23_fu_282_p2                  |    xor   |      0|  0|   8|           8|           8|
    |Tm_24_fu_328_p2                  |    xor   |      0|  0|   8|           8|           8|
    |Tm_fu_181_p2                     |    xor   |      0|  0|   8|           8|           8|
    |Tmp_fu_191_p2                    |    xor   |      0|  0|   8|           8|           8|
    |tmp1_fu_219_p2                   |    xor   |      0|  0|   8|           8|           8|
    |tmp2_fu_224_p2                   |    xor   |      0|  0|   8|           8|           8|
    |tmp3_fu_264_p2                   |    xor   |      0|  0|   8|           8|           8|
    |tmp4_fu_269_p2                   |    xor   |      0|  0|   8|           8|           8|
    |tmp5_fu_310_p2                   |    xor   |      0|  0|   8|           8|           8|
    |tmp6_fu_316_p2                   |    xor   |      0|  0|   8|           8|           8|
    |tmp7_fu_355_p2                   |    xor   |      0|  0|   8|           8|           8|
    |tmp_10_fu_230_p2                 |    xor   |      0|  0|   8|           8|           8|
    |tmp_12_fu_275_p2                 |    xor   |      0|  0|   8|           8|           8|
    |tmp_14_fu_322_p2                 |    xor   |      0|  0|   8|           8|           8|
    |tmp_16_fu_361_p2                 |    xor   |      0|  0|   8|           8|           8|
    |tmp_5_fu_185_p2                  |    xor   |      0|  0|   8|           8|           8|
    +---------------------------------+----------+-------+---+----+------------+------------+
    |Total                            |          |      0|  0| 185|         156|         167|
    +---------------------------------+----------+-------+---+----+------------+------------+

    * Multiplexer: 
    +----------------+----+-----------+-----+-----------+
    |      Name      | LUT| Input Size| Bits| Total Bits|
    +----------------+----+-----------+-----+-----------+
    |ap_NS_fsm       |  33|          6|    1|          6|
    |ap_done         |   9|          2|    1|          2|
    |i1_reg_116      |   9|          2|    5|         10|
    |in_r_address0   |  15|          3|    4|         12|
    |in_r_address1   |  15|          3|    4|         12|
    |out_r_address0  |  15|          3|    4|         12|
    |out_r_address1  |  15|          3|    4|         12|
    |out_r_d0        |  15|          3|    8|         24|
    |out_r_d1        |  15|          3|    8|         24|
    +----------------+----+-----------+-----+-----------+
    |Total           | 141|         28|   39|        114|
    +----------------+----+-----------+-----+-----------+

    * Register: 
    +-----------------+---+----+-----+-----------+
    |       Name      | FF| LUT| Bits| Const Bits|
    +-----------------+---+----+-----+-----------+
    |ap_CS_fsm        |  5|   0|    5|          0|
    |ap_done_reg      |  1|   0|    1|          0|
    |i1_reg_116       |  5|   0|    5|          0|
    |i_reg_396        |  5|   0|    5|          0|
    |in_load_reg_408  |  8|   0|    8|          0|
    |t_reg_401        |  8|   0|    8|          0|
    |tmp_14_reg_435   |  8|   0|    8|          0|
    |tmp_16_reg_440   |  8|   0|    8|          0|
    |tmp_2_reg_415    |  3|   0|   64|         61|
    |tmp_4_reg_425    |  2|   0|   64|         62|
    |tmp_75_reg_380   |  4|   0|    4|          0|
    |tmp_7_reg_370    |  5|   0|   64|         59|
    |tmp_s_reg_386    |  3|   0|   64|         61|
    +-----------------+---+----+-----+-----------+
    |Total            | 65|   0|  308|        243|
    +-----------------+---+----+-----+-----------+



================================================================
== Interface
================================================================
* Summary: 
+----------------+-----+-----+------------+--------------+--------------+
|    RTL Ports   | Dir | Bits|  Protocol  | Source Object|    C Type    |
+----------------+-----+-----+------------+--------------+--------------+
|ap_clk          |  in |    1| ap_ctrl_hs | MixColumns22 | return value |
|ap_rst          |  in |    1| ap_ctrl_hs | MixColumns22 | return value |
|ap_start        |  in |    1| ap_ctrl_hs | MixColumns22 | return value |
|ap_done         | out |    1| ap_ctrl_hs | MixColumns22 | return value |
|ap_continue     |  in |    1| ap_ctrl_hs | MixColumns22 | return value |
|ap_idle         | out |    1| ap_ctrl_hs | MixColumns22 | return value |
|ap_ready        | out |    1| ap_ctrl_hs | MixColumns22 | return value |
|in_r_address0   | out |    4|  ap_memory |     in_r     |     array    |
|in_r_ce0        | out |    1|  ap_memory |     in_r     |     array    |
|in_r_q0         |  in |    8|  ap_memory |     in_r     |     array    |
|in_r_address1   | out |    4|  ap_memory |     in_r     |     array    |
|in_r_ce1        | out |    1|  ap_memory |     in_r     |     array    |
|in_r_q1         |  in |    8|  ap_memory |     in_r     |     array    |
|out_r_address0  | out |    4|  ap_memory |     out_r    |     array    |
|out_r_ce0       | out |    1|  ap_memory |     out_r    |     array    |
|out_r_we0       | out |    1|  ap_memory |     out_r    |     array    |
|out_r_d0        | out |    8|  ap_memory |     out_r    |     array    |
|out_r_address1  | out |    4|  ap_memory |     out_r    |     array    |
|out_r_ce1       | out |    1|  ap_memory |     out_r    |     array    |
|out_r_we1       | out |    1|  ap_memory |     out_r    |     array    |
|out_r_d1        | out |    8|  ap_memory |     out_r    |     array    |
+----------------+-----+-----+------------+--------------+--------------+

