

================================================================
== Vivado HLS Report for 'SubBytes20'
================================================================
* Date:           Fri Dec 31 12:15:57 2021

* Version:        2018.3 (Build 2405991 on Thu Dec 06 23:56:15 MST 2018)
* Project:        aes
* Solution:       solution1
* Product family: zynq
* Target device:  xc7z020clg484-1


================================================================
== Performance Estimates
================================================================
+ Timing (ns): 
    * Summary: 
    +--------+-------+----------+------------+
    |  Clock | Target| Estimated| Uncertainty|
    +--------+-------+----------+------------+
    |ap_clk  |  10.00|     5.576|        1.25|
    +--------+-------+----------+------------+

+ Latency (clock cycles): 
    * Summary: 
    +-----+-----+-----+-----+---------+
    |  Latency  |  Interval | Pipeline|
    | min | max | min | max |   Type  |
    +-----+-----+-----+-----+---------+
    |   49|   49|   49|   49|   none  |
    +-----+-----+-----+-----+---------+

    + Detail: 
        * Instance: 
        N/A

        * Loop: 
        +----------+-----+-----+----------+-----------+-----------+------+----------+
        |          |  Latency  | Iteration|  Initiation Interval  | Trip |          |
        | Loop Name| min | max |  Latency |  achieved |   target  | Count| Pipelined|
        +----------+-----+-----+----------+-----------+-----------+------+----------+
        |- Loop 1  |   48|   48|         3|          -|          -|    16|    no    |
        +----------+-----+-----+----------+-----------+-----------+------+----------+



================================================================
== Utilization Estimates
================================================================
* Summary: 
+-----------------+---------+-------+--------+-------+
|       Name      | BRAM_18K| DSP48E|   FF   |  LUT  |
+-----------------+---------+-------+--------+-------+
|DSP              |        -|      -|       -|      -|
|Expression       |        -|      -|       0|     28|
|FIFO             |        -|      -|       -|      -|
|Instance         |        -|      -|       -|      -|
|Memory           |        1|      -|       0|      0|
|Multiplexer      |        -|      -|       -|     45|
|Register         |        -|      -|      20|      -|
+-----------------+---------+-------+--------+-------+
|Total            |        1|      0|      20|     73|
+-----------------+---------+-------+--------+-------+
|Available        |      280|    220|  106400|  53200|
+-----------------+---------+-------+--------+-------+
|Utilization (%)  |    ~0   |      0|   ~0   |   ~0  |
+-----------------+---------+-------+--------+-------+

+ Detail: 
    * Instance: 
    N/A

    * DSP48: 
    N/A

    * Memory: 
    +----------+-------------------+---------+---+----+------+-----+------+-------------+
    |  Memory  |       Module      | BRAM_18K| FF| LUT| Words| Bits| Banks| W*Bits*Banks|
    +----------+-------------------+---------+---+----+------+-----+------+-------------+
    |sbox63_U  |SubBytes20_sbox63  |        1|  0|   0|   256|    8|     1|         2048|
    +----------+-------------------+---------+---+----+------+-----+------+-------------+
    |Total     |                   |        1|  0|   0|   256|    8|     1|         2048|
    +----------+-------------------+---------+---+----+------+-----+------+-------------+

    * FIFO: 
    N/A

    * Expression: 
    +-----------------+----------+-------+---+----+------------+------------+
    |  Variable Name  | Operation| DSP48E| FF| LUT| Bitwidth P0| Bitwidth P1|
    +-----------------+----------+-------+---+----+------------+------------+
    |i_1_fu_75_p2     |     +    |      0|  0|  15|           5|           1|
    |tmp_fu_69_p2     |   icmp   |      0|  0|  11|           5|           6|
    |ap_block_state1  |    or    |      0|  0|   2|           1|           1|
    +-----------------+----------+-------+---+----+------------+------------+
    |Total            |          |      0|  0|  28|          11|           8|
    +-----------------+----------+-------+---+----+------------+------------+

    * Multiplexer: 
    +-----------+----+-----------+-----+-----------+
    |    Name   | LUT| Input Size| Bits| Total Bits|
    +-----------+----+-----------+-----+-----------+
    |ap_NS_fsm  |  27|          5|    1|          5|
    |ap_done    |   9|          2|    1|          2|
    |i_reg_58   |   9|          2|    5|         10|
    +-----------+----+-----------+-----+-----------+
    |Total      |  45|          9|    7|         17|
    +-----------+----+-----------+-----+-----------+

    * Register: 
    +--------------+---+----+-----+-----------+
    |     Name     | FF| LUT| Bits| Const Bits|
    +--------------+---+----+-----+-----------+
    |ap_CS_fsm     |  4|   0|    4|          0|
    |ap_done_reg   |  1|   0|    1|          0|
    |i_1_reg_94    |  5|   0|    5|          0|
    |i_reg_58      |  5|   0|    5|          0|
    |tmp_4_reg_99  |  5|   0|   64|         59|
    +--------------+---+----+-----+-----------+
    |Total         | 20|   0|   79|         59|
    +--------------+---+----+-----+-----------+



================================================================
== Interface
================================================================
* Summary: 
+----------------+-----+-----+------------+--------------+--------------+
|    RTL Ports   | Dir | Bits|  Protocol  | Source Object|    C Type    |
+----------------+-----+-----+------------+--------------+--------------+
|ap_clk          |  in |    1| ap_ctrl_hs |  SubBytes20  | return value |
|ap_rst          |  in |    1| ap_ctrl_hs |  SubBytes20  | return value |
|ap_start        |  in |    1| ap_ctrl_hs |  SubBytes20  | return value |
|ap_done         | out |    1| ap_ctrl_hs |  SubBytes20  | return value |
|ap_continue     |  in |    1| ap_ctrl_hs |  SubBytes20  | return value |
|ap_idle         | out |    1| ap_ctrl_hs |  SubBytes20  | return value |
|ap_ready        | out |    1| ap_ctrl_hs |  SubBytes20  | return value |
|in_r_address0   | out |    4|  ap_memory |     in_r     |     array    |
|in_r_ce0        | out |    1|  ap_memory |     in_r     |     array    |
|in_r_q0         |  in |    8|  ap_memory |     in_r     |     array    |
|out_r_address0  | out |    4|  ap_memory |     out_r    |     array    |
|out_r_ce0       | out |    1|  ap_memory |     out_r    |     array    |
|out_r_we0       | out |    1|  ap_memory |     out_r    |     array    |
|out_r_d0        | out |    8|  ap_memory |     out_r    |     array    |
+----------------+-----+-----+------------+--------------+--------------+

